<?xml version="1.0" encoding="utf-8" standalone="no"?>
<test-results xmlns:xsi="http://www.w3.org/2001/XMLSchema-instance" xsi:noNamespaceSchemaLocation="nunit_schema_2.5.xsd" name="Pester" total="5" errors="1" failures="2" not-run="0" inconclusive="0" ignored="0" skipped="0" invalid="0" date="2025-06-12" time="10:00:00">
  <environment machine-name="test-machine" os-version="test" cwd="/test" nunit-version="2.5.8.0" user-domain="" clr-version="8.0.1" platform="Linux" user="test" />
  <test-suite type="TestFixture" name="Pester" executed="True" result="Failure" success="False" time="5.0" asserts="0" description="Pester">
    <results>
      <test-suite type="TestFixture" name="/test/Sample.Tests.ps1" executed="True" result="Failure" success="False" time="5.0" asserts="0" description="/test/Sample.Tests.ps1">
        <results>
          <test-suite type="TestFixture" name="Sample Tests" executed="True" result="Failure" success="False" time="5.0" asserts="0" description="Sample Tests">
            <results>
              <test-case description="should pass" name="Sample Tests.should pass" time="1.0" asserts="0" success="True" result="Success" executed="True" />
              <test-case description="should fail" name="Sample Tests.should fail" time="2.0" asserts="0" success="False" result="Failed" executed="True">
                <failure>
                  <message>Expected $true but got $false</message>
                  <stack-trace>at line 10 in Sample.Tests.ps1</stack-trace>
                </failure>
              </test-case>
              <test-case description="should error" name="Sample Tests.should error" time="1.0" asserts="0" success="False" result="Failed" executed="True">
                <failure>
                  <message>Divide by zero error</message>
                  <stack-trace>at line 15 in Sample.Tests.ps1</stack-trace>
                </failure>
              </test-case>
            </results>
          </test-suite>
        </results>
      </test-suite>
    </results>
  </test-suite>
</test-results>
