<?xml version="1.0" encoding="utf-8" standalone="no"?>
<test-results xmlns:xsi="http://www.w3.org/2001/XMLSchema-instance" xsi:noNamespaceSchemaLocation="nunit_schema_2.5.xsd" name="OpenTofu Lab Automation" total="508" errors="0" failures="355" not-run="8" inconclusive="0" ignored="0" skipped="1" invalid="0" date="2025-06-18" time="12:05:53">
  <environment machine-name="WZNS" nunit-version="2.5.8.0" user-domain="WZNS" platform="Microsoft Windows 11 Pro|C:\WINDOWS|\Device\Harddisk1\Partition3" os-version="10.0.26100" cwd="$env:PROJECT_ROOT" clr-version="9.0.4" user="alexa" />
  <culture-info current-culture="en-US" current-uiculture="en-US" />
  <test-suite type="TestFixture" name="OpenTofu Lab Automation" executed="True" result="Failure" success="False" time="59.3997" asserts="0" description="Pester">
    <results>
      <test-suite type="TestFixture" name="$env:PROJECT_ROOT\tests\unit\modules\BackupManager\BackupManager-Core.Tests.ps1" executed="True" result="Failure" success="False" time="10.1375" asserts="0" description="$env:PROJECT_ROOT\tests\unit\modules\BackupManager\BackupManager-Core.Tests.ps1">
        <results>
          <test-suite type="TestFixture" name="BackupManager Module - Core Functions" executed="True" result="Failure" success="False" time="1.4581" asserts="0" description="BackupManager Module - Core Functions">
            <results>
              <test-suite type="TestFixture" name="BackupManager Module - Core Functions.Invoke-BackupConsolidation" executed="True" result="Success" success="True" time="1.0852" asserts="0" description="BackupManager Module - Core Functions.Invoke-BackupConsolidation">
                <results>
                  <test-case description="Should consolidate backups successfully" name="BackupManager Module - Core Functions.Invoke-BackupConsolidation.Should consolidate backups successfully" time="0.2083" asserts="0" success="True" result="Success" executed="True" />
                  <test-case description="Should create backup with timestamp" name="BackupManager Module - Core Functions.Invoke-BackupConsolidation.Should create backup with timestamp" time="0.1088" asserts="0" success="True" result="Success" executed="True" />
                  <test-case description="Should handle exclusions properly" name="BackupManager Module - Core Functions.Invoke-BackupConsolidation.Should handle exclusions properly" time="0.1133" asserts="0" success="True" result="Success" executed="True" />
                  <test-case description="Should handle compression options" name="BackupManager Module - Core Functions.Invoke-BackupConsolidation.Should handle compression options" time="0.1042" asserts="0" success="True" result="Success" executed="True" />
                  <test-case description="Should handle non-existent source path" name="BackupManager Module - Core Functions.Invoke-BackupConsolidation.Should handle non-existent source path" time="0.034" asserts="0" success="True" result="Success" executed="True" />
                  <test-case description="Should create backup path if it doesn't exist" name="BackupManager Module - Core Functions.Invoke-BackupConsolidation.Should create backup path if it doesn't exist" time="0.4834" asserts="0" success="True" result="Success" executed="True" />
                </results>
              </test-suite>
              <test-suite type="TestFixture" name="BackupManager Module - Core Functions.Invoke-PermanentCleanup" executed="True" result="Failure" success="False" time="1.286" asserts="0" description="BackupManager Module - Core Functions.Invoke-PermanentCleanup">
                <results>
                  <test-case description="Should clean up old backup files" name="BackupManager Module - Core Functions.Invoke-PermanentCleanup.Should clean up old backup files" time="0.0681" asserts="0" success="False" result="Failure" executed="True">
                    <failure>
                      <message>Expected the actual value to be greater than 0, but got 0.</message>
                      <stack-trace>at $result.FilesRemoved | Should -BeGreaterThan 0, $env:PROJECT_ROOT\tests\unit\modules\BackupManager\BackupManager-Core.Tests.ps1:115
at Invoke-Assertion, C:\Users\alexa\OneDrive\Documents\PowerShell\Modules\Pester\5.7.1\Pester.psm1:8257
at Should&lt;End&gt;, C:\Users\alexa\OneDrive\Documents\PowerShell\Modules\Pester\5.7.1\Pester.psm1:8193
at &lt;ScriptBlock&gt;, $env:PROJECT_ROOT\tests\unit\modules\BackupManager\BackupManager-Core.Tests.ps1:115
at &lt;ScriptBlock&gt;, C:\Users\alexa\OneDrive\Documents\PowerShell\Modules\Pester\5.7.1\Pester.psm1:2024
at &lt;ScriptBlock&gt;, C:\Users\alexa\OneDrive\Documents\PowerShell\Modules\Pester\5.7.1\Pester.psm1:1985
at Invoke-ScriptBlock, C:\Users\alexa\OneDrive\Documents\PowerShell\Modules\Pester\5.7.1\Pester.psm1:2157
at Invoke-TestItem, C:\Users\alexa\OneDrive\Documents\PowerShell\Modules\Pester\5.7.1\Pester.psm1:1199
at Invoke-Block, C:\Users\alexa\OneDrive\Documents\PowerShell\Modules\Pester\5.7.1\Pester.psm1:835
at &lt;ScriptBlock&gt;, C:\Users\alexa\OneDrive\Documents\PowerShell\Modules\Pester\5.7.1\Pester.psm1:893
at &lt;ScriptBlock&gt;, C:\Users\alexa\OneDrive\Documents\PowerShell\Modules\Pester\5.7.1\Pester.psm1:2024
at &lt;ScriptBlock&gt;, C:\Users\alexa\OneDrive\Documents\PowerShell\Modules\Pester\5.7.1\Pester.psm1:1985
at Invoke-ScriptBlock, C:\Users\alexa\OneDrive\Documents\PowerShell\Modules\Pester\5.7.1\Pester.psm1:2160
at Invoke-Block, C:\Users\alexa\OneDrive\Documents\PowerShell\Modules\Pester\5.7.1\Pester.psm1:940
at &lt;ScriptBlock&gt;, C:\Users\alexa\OneDrive\Documents\PowerShell\Modules\Pester\5.7.1\Pester.psm1:893
at &lt;ScriptBlock&gt;, C:\Users\alexa\OneDrive\Documents\PowerShell\Modules\Pester\5.7.1\Pester.psm1:2024
at &lt;ScriptBlock&gt;, C:\Users\alexa\OneDrive\Documents\PowerShell\Modules\Pester\5.7.1\Pester.psm1:1985
at Invoke-ScriptBlock, C:\Users\alexa\OneDrive\Documents\PowerShell\Modules\Pester\5.7.1\Pester.psm1:2160
at Invoke-Block, C:\Users\alexa\OneDrive\Documents\PowerShell\Modules\Pester\5.7.1\Pester.psm1:940
at &lt;ScriptBlock&gt;, C:\Users\alexa\OneDrive\Documents\PowerShell\Modules\Pester\5.7.1\Pester.psm1:893
at &lt;ScriptBlock&gt;, C:\Users\alexa\OneDrive\Documents\PowerShell\Modules\Pester\5.7.1\Pester.psm1:2024
at &lt;ScriptBlock&gt;, C:\Users\alexa\OneDrive\Documents\PowerShell\Modules\Pester\5.7.1\Pester.psm1:1985
at Invoke-ScriptBlock, C:\Users\alexa\OneDrive\Documents\PowerShell\Modules\Pester\5.7.1\Pester.psm1:2160
at Invoke-Block, C:\Users\alexa\OneDrive\Documents\PowerShell\Modules\Pester\5.7.1\Pester.psm1:940
at &lt;ScriptBlock&gt;, C:\Users\alexa\OneDrive\Documents\PowerShell\Modules\Pester\5.7.1\Pester.psm1:1688
at &lt;ScriptBlock&gt;, C:\Users\alexa\OneDrive\Documents\PowerShell\Modules\Pester\5.7.1\Pester.ps1:3
at &lt;ScriptBlock&gt;, C:\Users\alexa\OneDrive\Documents\PowerShell\Modules\Pester\5.7.1\Pester.psm1:3260
at Invoke-InNewScriptScope, C:\Users\alexa\OneDrive\Documents\PowerShell\Modules\Pester\5.7.1\Pester.psm1:3267
at Run-Test, C:\Users\alexa\OneDrive\Documents\PowerShell\Modules\Pester\5.7.1\Pester.psm1:1691
at Invoke-Test, C:\Users\alexa\OneDrive\Documents\PowerShell\Modules\Pester\5.7.1\Pester.psm1:2512
at Invoke-Pester&lt;End&gt;, C:\Users\alexa\OneDrive\Documents\PowerShell\Modules\Pester\5.7.1\Pester.psm1:4960
at &lt;ScriptBlock&gt;, &lt;No file&gt;:1</stack-trace>
                    </failure>
                  </test-case>
                  <test-case description="Should preserve recent backup files" name="BackupManager Module - Core Functions.Invoke-PermanentCleanup.Should preserve recent backup files" time="0.021" asserts="0" success="True" result="Success" executed="True" />
                  <test-case description="Should move files to archive when specified" name="BackupManager Module - Core Functions.Invoke-PermanentCleanup.Should move files to archive when specified" time="0.037" asserts="0" success="False" result="Failure" executed="True">
                    <failure>
                      <message>Expected a value, but got $null or empty.</message>
                      <stack-trace>at $archivedFiles | Should -Not -BeNullOrEmpty, $env:PROJECT_ROOT\tests\unit\modules\BackupManager\BackupManager-Core.Tests.ps1:130
at Invoke-Assertion, C:\Users\alexa\OneDrive\Documents\PowerShell\Modules\Pester\5.7.1\Pester.psm1:8257
at Should&lt;End&gt;, C:\Users\alexa\OneDrive\Documents\PowerShell\Modules\Pester\5.7.1\Pester.psm1:8186
at &lt;ScriptBlock&gt;, $env:PROJECT_ROOT\tests\unit\modules\BackupManager\BackupManager-Core.Tests.ps1:130
at &lt;ScriptBlock&gt;, C:\Users\alexa\OneDrive\Documents\PowerShell\Modules\Pester\5.7.1\Pester.psm1:2024
at &lt;ScriptBlock&gt;, C:\Users\alexa\OneDrive\Documents\PowerShell\Modules\Pester\5.7.1\Pester.psm1:1985
at Invoke-ScriptBlock, C:\Users\alexa\OneDrive\Documents\PowerShell\Modules\Pester\5.7.1\Pester.psm1:2157
at Invoke-TestItem, C:\Users\alexa\OneDrive\Documents\PowerShell\Modules\Pester\5.7.1\Pester.psm1:1199
at Invoke-Block, C:\Users\alexa\OneDrive\Documents\PowerShell\Modules\Pester\5.7.1\Pester.psm1:835
at &lt;ScriptBlock&gt;, C:\Users\alexa\OneDrive\Documents\PowerShell\Modules\Pester\5.7.1\Pester.psm1:893
at &lt;ScriptBlock&gt;, C:\Users\alexa\OneDrive\Documents\PowerShell\Modules\Pester\5.7.1\Pester.psm1:2024
at &lt;ScriptBlock&gt;, C:\Users\alexa\OneDrive\Documents\PowerShell\Modules\Pester\5.7.1\Pester.psm1:1985
at Invoke-ScriptBlock, C:\Users\alexa\OneDrive\Documents\PowerShell\Modules\Pester\5.7.1\Pester.psm1:2160
at Invoke-Block, C:\Users\alexa\OneDrive\Documents\PowerShell\Modules\Pester\5.7.1\Pester.psm1:940
at &lt;ScriptBlock&gt;, C:\Users\alexa\OneDrive\Documents\PowerShell\Modules\Pester\5.7.1\Pester.psm1:893
at &lt;ScriptBlock&gt;, C:\Users\alexa\OneDrive\Documents\PowerShell\Modules\Pester\5.7.1\Pester.psm1:2024
at &lt;ScriptBlock&gt;, C:\Users\alexa\OneDrive\Documents\PowerShell\Modules\Pester\5.7.1\Pester.psm1:1985
at Invoke-ScriptBlock, C:\Users\alexa\OneDrive\Documents\PowerShell\Modules\Pester\5.7.1\Pester.psm1:2160
at Invoke-Block, C:\Users\alexa\OneDrive\Documents\PowerShell\Modules\Pester\5.7.1\Pester.psm1:940
at &lt;ScriptBlock&gt;, C:\Users\alexa\OneDrive\Documents\PowerShell\Modules\Pester\5.7.1\Pester.psm1:893
at &lt;ScriptBlock&gt;, C:\Users\alexa\OneDrive\Documents\PowerShell\Modules\Pester\5.7.1\Pester.psm1:2024
at &lt;ScriptBlock&gt;, C:\Users\alexa\OneDrive\Documents\PowerShell\Modules\Pester\5.7.1\Pester.psm1:1985
at Invoke-ScriptBlock, C:\Users\alexa\OneDrive\Documents\PowerShell\Modules\Pester\5.7.1\Pester.psm1:2160
at Invoke-Block, C:\Users\alexa\OneDrive\Documents\PowerShell\Modules\Pester\5.7.1\Pester.psm1:940
at &lt;ScriptBlock&gt;, C:\Users\alexa\OneDrive\Documents\PowerShell\Modules\Pester\5.7.1\Pester.psm1:1688
at &lt;ScriptBlock&gt;, C:\Users\alexa\OneDrive\Documents\PowerShell\Modules\Pester\5.7.1\Pester.ps1:3
at &lt;ScriptBlock&gt;, C:\Users\alexa\OneDrive\Documents\PowerShell\Modules\Pester\5.7.1\Pester.psm1:3260
at Invoke-InNewScriptScope, C:\Users\alexa\OneDrive\Documents\PowerShell\Modules\Pester\5.7.1\Pester.psm1:3267
at Run-Test, C:\Users\alexa\OneDrive\Documents\PowerShell\Modules\Pester\5.7.1\Pester.psm1:1691
at Invoke-Test, C:\Users\alexa\OneDrive\Documents\PowerShell\Modules\Pester\5.7.1\Pester.psm1:2512
at Invoke-Pester&lt;End&gt;, C:\Users\alexa\OneDrive\Documents\PowerShell\Modules\Pester\5.7.1\Pester.psm1:4960
at &lt;ScriptBlock&gt;, &lt;No file&gt;:1</stack-trace>
                    </failure>
                  </test-case>
                  <test-case description="Should handle different file age thresholds" name="BackupManager Module - Core Functions.Invoke-PermanentCleanup.Should handle different file age thresholds" time="0.0177" asserts="0" success="True" result="Success" executed="True" />
                  <test-case description="Should handle empty backup directory" name="BackupManager Module - Core Functions.Invoke-PermanentCleanup.Should handle empty backup directory" time="0.0214" asserts="0" success="True" result="Success" executed="True" />
                  <test-case description="Should handle non-existent backup path" name="BackupManager Module - Core Functions.Invoke-PermanentCleanup.Should handle non-existent backup path" time="0.0239" asserts="0" success="True" result="Success" executed="True" />
                </results>
              </test-suite>
              <test-suite type="TestFixture" name="BackupManager Module - Core Functions.New-BackupExclusion" executed="True" result="Failure" success="False" time="1.3351" asserts="0" description="BackupManager Module - Core Functions.New-BackupExclusion">
                <results>
                  <test-case description="Should add new exclusion pattern" name="BackupManager Module - Core Functions.New-BackupExclusion.Should add new exclusion pattern" time="0.0154" asserts="0" success="False" result="Failure" executed="True">
                    <failure>
                      <message>ParameterBindingException: A parameter cannot be found that matches parameter name 'Description'.</message>
                      <stack-trace>at &lt;ScriptBlock&gt;, $env:PROJECT_ROOT\tests\unit\modules\BackupManager\BackupManager-Core.Tests.ps1:160
at &lt;ScriptBlock&gt;, C:\Users\alexa\OneDrive\Documents\PowerShell\Modules\Pester\5.7.1\Pester.psm1:2024
at &lt;ScriptBlock&gt;, C:\Users\alexa\OneDrive\Documents\PowerShell\Modules\Pester\5.7.1\Pester.psm1:1985
at Invoke-ScriptBlock, C:\Users\alexa\OneDrive\Documents\PowerShell\Modules\Pester\5.7.1\Pester.psm1:2157
at Invoke-TestItem, C:\Users\alexa\OneDrive\Documents\PowerShell\Modules\Pester\5.7.1\Pester.psm1:1199
at Invoke-Block, C:\Users\alexa\OneDrive\Documents\PowerShell\Modules\Pester\5.7.1\Pester.psm1:835
at &lt;ScriptBlock&gt;, C:\Users\alexa\OneDrive\Documents\PowerShell\Modules\Pester\5.7.1\Pester.psm1:893
at &lt;ScriptBlock&gt;, C:\Users\alexa\OneDrive\Documents\PowerShell\Modules\Pester\5.7.1\Pester.psm1:2024
at &lt;ScriptBlock&gt;, C:\Users\alexa\OneDrive\Documents\PowerShell\Modules\Pester\5.7.1\Pester.psm1:1985
at Invoke-ScriptBlock, C:\Users\alexa\OneDrive\Documents\PowerShell\Modules\Pester\5.7.1\Pester.psm1:2160
at Invoke-Block, C:\Users\alexa\OneDrive\Documents\PowerShell\Modules\Pester\5.7.1\Pester.psm1:940
at &lt;ScriptBlock&gt;, C:\Users\alexa\OneDrive\Documents\PowerShell\Modules\Pester\5.7.1\Pester.psm1:893
at &lt;ScriptBlock&gt;, C:\Users\alexa\OneDrive\Documents\PowerShell\Modules\Pester\5.7.1\Pester.psm1:2024
at &lt;ScriptBlock&gt;, C:\Users\alexa\OneDrive\Documents\PowerShell\Modules\Pester\5.7.1\Pester.psm1:1985
at Invoke-ScriptBlock, C:\Users\alexa\OneDrive\Documents\PowerShell\Modules\Pester\5.7.1\Pester.psm1:2160
at Invoke-Block, C:\Users\alexa\OneDrive\Documents\PowerShell\Modules\Pester\5.7.1\Pester.psm1:940
at &lt;ScriptBlock&gt;, C:\Users\alexa\OneDrive\Documents\PowerShell\Modules\Pester\5.7.1\Pester.psm1:893
at &lt;ScriptBlock&gt;, C:\Users\alexa\OneDrive\Documents\PowerShell\Modules\Pester\5.7.1\Pester.psm1:2024
at &lt;ScriptBlock&gt;, C:\Users\alexa\OneDrive\Documents\PowerShell\Modules\Pester\5.7.1\Pester.psm1:1985
at Invoke-ScriptBlock, C:\Users\alexa\OneDrive\Documents\PowerShell\Modules\Pester\5.7.1\Pester.psm1:2160
at Invoke-Block, C:\Users\alexa\OneDrive\Documents\PowerShell\Modules\Pester\5.7.1\Pester.psm1:940
at &lt;ScriptBlock&gt;, C:\Users\alexa\OneDrive\Documents\PowerShell\Modules\Pester\5.7.1\Pester.psm1:1688
at &lt;ScriptBlock&gt;, C:\Users\alexa\OneDrive\Documents\PowerShell\Modules\Pester\5.7.1\Pester.ps1:3
at &lt;ScriptBlock&gt;, C:\Users\alexa\OneDrive\Documents\PowerShell\Modules\Pester\5.7.1\Pester.psm1:3260
at Invoke-InNewScriptScope, C:\Users\alexa\OneDrive\Documents\PowerShell\Modules\Pester\5.7.1\Pester.psm1:3267
at Run-Test, C:\Users\alexa\OneDrive\Documents\PowerShell\Modules\Pester\5.7.1\Pester.psm1:1691
at Invoke-Test, C:\Users\alexa\OneDrive\Documents\PowerShell\Modules\Pester\5.7.1\Pester.psm1:2512
at Invoke-Pester&lt;End&gt;, C:\Users\alexa\OneDrive\Documents\PowerShell\Modules\Pester\5.7.1\Pester.psm1:4960
at &lt;ScriptBlock&gt;, &lt;No file&gt;:1</stack-trace>
                    </failure>
                  </test-case>
                  <test-case description="Should add multiple exclusion patterns" name="BackupManager Module - Core Functions.New-BackupExclusion.Should add multiple exclusion patterns" time="0.0061" asserts="0" success="False" result="Failure" executed="True">
                    <failure>
                      <message>ParameterBindingException: A parameter cannot be found that matches parameter name 'Description'.</message>
                      <stack-trace>at &lt;ScriptBlock&gt;, $env:PROJECT_ROOT\tests\unit\modules\BackupManager\BackupManager-Core.Tests.ps1:168
at &lt;ScriptBlock&gt;, C:\Users\alexa\OneDrive\Documents\PowerShell\Modules\Pester\5.7.1\Pester.psm1:2024
at &lt;ScriptBlock&gt;, C:\Users\alexa\OneDrive\Documents\PowerShell\Modules\Pester\5.7.1\Pester.psm1:1985
at Invoke-ScriptBlock, C:\Users\alexa\OneDrive\Documents\PowerShell\Modules\Pester\5.7.1\Pester.psm1:2157
at Invoke-TestItem, C:\Users\alexa\OneDrive\Documents\PowerShell\Modules\Pester\5.7.1\Pester.psm1:1199
at Invoke-Block, C:\Users\alexa\OneDrive\Documents\PowerShell\Modules\Pester\5.7.1\Pester.psm1:835
at &lt;ScriptBlock&gt;, C:\Users\alexa\OneDrive\Documents\PowerShell\Modules\Pester\5.7.1\Pester.psm1:893
at &lt;ScriptBlock&gt;, C:\Users\alexa\OneDrive\Documents\PowerShell\Modules\Pester\5.7.1\Pester.psm1:2024
at &lt;ScriptBlock&gt;, C:\Users\alexa\OneDrive\Documents\PowerShell\Modules\Pester\5.7.1\Pester.psm1:1985
at Invoke-ScriptBlock, C:\Users\alexa\OneDrive\Documents\PowerShell\Modules\Pester\5.7.1\Pester.psm1:2160
at Invoke-Block, C:\Users\alexa\OneDrive\Documents\PowerShell\Modules\Pester\5.7.1\Pester.psm1:940
at &lt;ScriptBlock&gt;, C:\Users\alexa\OneDrive\Documents\PowerShell\Modules\Pester\5.7.1\Pester.psm1:893
at &lt;ScriptBlock&gt;, C:\Users\alexa\OneDrive\Documents\PowerShell\Modules\Pester\5.7.1\Pester.psm1:2024
at &lt;ScriptBlock&gt;, C:\Users\alexa\OneDrive\Documents\PowerShell\Modules\Pester\5.7.1\Pester.psm1:1985
at Invoke-ScriptBlock, C:\Users\alexa\OneDrive\Documents\PowerShell\Modules\Pester\5.7.1\Pester.psm1:2160
at Invoke-Block, C:\Users\alexa\OneDrive\Documents\PowerShell\Modules\Pester\5.7.1\Pester.psm1:940
at &lt;ScriptBlock&gt;, C:\Users\alexa\OneDrive\Documents\PowerShell\Modules\Pester\5.7.1\Pester.psm1:893
at &lt;ScriptBlock&gt;, C:\Users\alexa\OneDrive\Documents\PowerShell\Modules\Pester\5.7.1\Pester.psm1:2024
at &lt;ScriptBlock&gt;, C:\Users\alexa\OneDrive\Documents\PowerShell\Modules\Pester\5.7.1\Pester.psm1:1985
at Invoke-ScriptBlock, C:\Users\alexa\OneDrive\Documents\PowerShell\Modules\Pester\5.7.1\Pester.psm1:2160
at Invoke-Block, C:\Users\alexa\OneDrive\Documents\PowerShell\Modules\Pester\5.7.1\Pester.psm1:940
at &lt;ScriptBlock&gt;, C:\Users\alexa\OneDrive\Documents\PowerShell\Modules\Pester\5.7.1\Pester.psm1:1688
at &lt;ScriptBlock&gt;, C:\Users\alexa\OneDrive\Documents\PowerShell\Modules\Pester\5.7.1\Pester.ps1:3
at &lt;ScriptBlock&gt;, C:\Users\alexa\OneDrive\Documents\PowerShell\Modules\Pester\5.7.1\Pester.psm1:3260
at Invoke-InNewScriptScope, C:\Users\alexa\OneDrive\Documents\PowerShell\Modules\Pester\5.7.1\Pester.psm1:3267
at Run-Test, C:\Users\alexa\OneDrive\Documents\PowerShell\Modules\Pester\5.7.1\Pester.psm1:1691
at Invoke-Test, C:\Users\alexa\OneDrive\Documents\PowerShell\Modules\Pester\5.7.1\Pester.psm1:2512
at Invoke-Pester&lt;End&gt;, C:\Users\alexa\OneDrive\Documents\PowerShell\Modules\Pester\5.7.1\Pester.psm1:4960
at &lt;ScriptBlock&gt;, &lt;No file&gt;:1</stack-trace>
                    </failure>
                  </test-case>
                  <test-case description="Should handle duplicate exclusion patterns" name="BackupManager Module - Core Functions.New-BackupExclusion.Should handle duplicate exclusion patterns" time="0.0098" asserts="0" success="False" result="Failure" executed="True">
                    <failure>
                      <message>ParameterBindingException: A parameter cannot be found that matches parameter name 'Description'.</message>
                      <stack-trace>at &lt;ScriptBlock&gt;, $env:PROJECT_ROOT\tests\unit\modules\BackupManager\BackupManager-Core.Tests.ps1:175
at &lt;ScriptBlock&gt;, C:\Users\alexa\OneDrive\Documents\PowerShell\Modules\Pester\5.7.1\Pester.psm1:2024
at &lt;ScriptBlock&gt;, C:\Users\alexa\OneDrive\Documents\PowerShell\Modules\Pester\5.7.1\Pester.psm1:1985
at Invoke-ScriptBlock, C:\Users\alexa\OneDrive\Documents\PowerShell\Modules\Pester\5.7.1\Pester.psm1:2157
at Invoke-TestItem, C:\Users\alexa\OneDrive\Documents\PowerShell\Modules\Pester\5.7.1\Pester.psm1:1199
at Invoke-Block, C:\Users\alexa\OneDrive\Documents\PowerShell\Modules\Pester\5.7.1\Pester.psm1:835
at &lt;ScriptBlock&gt;, C:\Users\alexa\OneDrive\Documents\PowerShell\Modules\Pester\5.7.1\Pester.psm1:893
at &lt;ScriptBlock&gt;, C:\Users\alexa\OneDrive\Documents\PowerShell\Modules\Pester\5.7.1\Pester.psm1:2024
at &lt;ScriptBlock&gt;, C:\Users\alexa\OneDrive\Documents\PowerShell\Modules\Pester\5.7.1\Pester.psm1:1985
at Invoke-ScriptBlock, C:\Users\alexa\OneDrive\Documents\PowerShell\Modules\Pester\5.7.1\Pester.psm1:2160
at Invoke-Block, C:\Users\alexa\OneDrive\Documents\PowerShell\Modules\Pester\5.7.1\Pester.psm1:940
at &lt;ScriptBlock&gt;, C:\Users\alexa\OneDrive\Documents\PowerShell\Modules\Pester\5.7.1\Pester.psm1:893
at &lt;ScriptBlock&gt;, C:\Users\alexa\OneDrive\Documents\PowerShell\Modules\Pester\5.7.1\Pester.psm1:2024
at &lt;ScriptBlock&gt;, C:\Users\alexa\OneDrive\Documents\PowerShell\Modules\Pester\5.7.1\Pester.psm1:1985
at Invoke-ScriptBlock, C:\Users\alexa\OneDrive\Documents\PowerShell\Modules\Pester\5.7.1\Pester.psm1:2160
at Invoke-Block, C:\Users\alexa\OneDrive\Documents\PowerShell\Modules\Pester\5.7.1\Pester.psm1:940
at &lt;ScriptBlock&gt;, C:\Users\alexa\OneDrive\Documents\PowerShell\Modules\Pester\5.7.1\Pester.psm1:893
at &lt;ScriptBlock&gt;, C:\Users\alexa\OneDrive\Documents\PowerShell\Modules\Pester\5.7.1\Pester.psm1:2024
at &lt;ScriptBlock&gt;, C:\Users\alexa\OneDrive\Documents\PowerShell\Modules\Pester\5.7.1\Pester.psm1:1985
at Invoke-ScriptBlock, C:\Users\alexa\OneDrive\Documents\PowerShell\Modules\Pester\5.7.1\Pester.psm1:2160
at Invoke-Block, C:\Users\alexa\OneDrive\Documents\PowerShell\Modules\Pester\5.7.1\Pester.psm1:940
at &lt;ScriptBlock&gt;, C:\Users\alexa\OneDrive\Documents\PowerShell\Modules\Pester\5.7.1\Pester.psm1:1688
at &lt;ScriptBlock&gt;, C:\Users\alexa\OneDrive\Documents\PowerShell\Modules\Pester\5.7.1\Pester.ps1:3
at &lt;ScriptBlock&gt;, C:\Users\alexa\OneDrive\Documents\PowerShell\Modules\Pester\5.7.1\Pester.psm1:3260
at Invoke-InNewScriptScope, C:\Users\alexa\OneDrive\Documents\PowerShell\Modules\Pester\5.7.1\Pester.psm1:3267
at Run-Test, C:\Users\alexa\OneDrive\Documents\PowerShell\Modules\Pester\5.7.1\Pester.psm1:1691
at Invoke-Test, C:\Users\alexa\OneDrive\Documents\PowerShell\Modules\Pester\5.7.1\Pester.psm1:2512
at Invoke-Pester&lt;End&gt;, C:\Users\alexa\OneDrive\Documents\PowerShell\Modules\Pester\5.7.1\Pester.psm1:4960
at &lt;ScriptBlock&gt;, &lt;No file&gt;:1</stack-trace>
                    </failure>
                  </test-case>
                  <test-case description="Should validate exclusion pattern format" name="BackupManager Module - Core Functions.New-BackupExclusion.Should validate exclusion pattern format" time="0.0072" asserts="0" success="True" result="Success" executed="True" />
                  <test-case description="Should support regex patterns" name="BackupManager Module - Core Functions.New-BackupExclusion.Should support regex patterns" time="0.0058" asserts="0" success="False" result="Failure" executed="True">
                    <failure>
                      <message>ParameterBindingException: A parameter cannot be found that matches parameter name 'Description'.</message>
                      <stack-trace>at &lt;ScriptBlock&gt;, $env:PROJECT_ROOT\tests\unit\modules\BackupManager\BackupManager-Core.Tests.ps1:194
at &lt;ScriptBlock&gt;, C:\Users\alexa\OneDrive\Documents\PowerShell\Modules\Pester\5.7.1\Pester.psm1:2024
at &lt;ScriptBlock&gt;, C:\Users\alexa\OneDrive\Documents\PowerShell\Modules\Pester\5.7.1\Pester.psm1:1985
at Invoke-ScriptBlock, C:\Users\alexa\OneDrive\Documents\PowerShell\Modules\Pester\5.7.1\Pester.psm1:2157
at Invoke-TestItem, C:\Users\alexa\OneDrive\Documents\PowerShell\Modules\Pester\5.7.1\Pester.psm1:1199
at Invoke-Block, C:\Users\alexa\OneDrive\Documents\PowerShell\Modules\Pester\5.7.1\Pester.psm1:835
at &lt;ScriptBlock&gt;, C:\Users\alexa\OneDrive\Documents\PowerShell\Modules\Pester\5.7.1\Pester.psm1:893
at &lt;ScriptBlock&gt;, C:\Users\alexa\OneDrive\Documents\PowerShell\Modules\Pester\5.7.1\Pester.psm1:2024
at &lt;ScriptBlock&gt;, C:\Users\alexa\OneDrive\Documents\PowerShell\Modules\Pester\5.7.1\Pester.psm1:1985
at Invoke-ScriptBlock, C:\Users\alexa\OneDrive\Documents\PowerShell\Modules\Pester\5.7.1\Pester.psm1:2160
at Invoke-Block, C:\Users\alexa\OneDrive\Documents\PowerShell\Modules\Pester\5.7.1\Pester.psm1:940
at &lt;ScriptBlock&gt;, C:\Users\alexa\OneDrive\Documents\PowerShell\Modules\Pester\5.7.1\Pester.psm1:893
at &lt;ScriptBlock&gt;, C:\Users\alexa\OneDrive\Documents\PowerShell\Modules\Pester\5.7.1\Pester.psm1:2024
at &lt;ScriptBlock&gt;, C:\Users\alexa\OneDrive\Documents\PowerShell\Modules\Pester\5.7.1\Pester.psm1:1985
at Invoke-ScriptBlock, C:\Users\alexa\OneDrive\Documents\PowerShell\Modules\Pester\5.7.1\Pester.psm1:2160
at Invoke-Block, C:\Users\alexa\OneDrive\Documents\PowerShell\Modules\Pester\5.7.1\Pester.psm1:940
at &lt;ScriptBlock&gt;, C:\Users\alexa\OneDrive\Documents\PowerShell\Modules\Pester\5.7.1\Pester.psm1:893
at &lt;ScriptBlock&gt;, C:\Users\alexa\OneDrive\Documents\PowerShell\Modules\Pester\5.7.1\Pester.psm1:2024
at &lt;ScriptBlock&gt;, C:\Users\alexa\OneDrive\Documents\PowerShell\Modules\Pester\5.7.1\Pester.psm1:1985
at Invoke-ScriptBlock, C:\Users\alexa\OneDrive\Documents\PowerShell\Modules\Pester\5.7.1\Pester.psm1:2160
at Invoke-Block, C:\Users\alexa\OneDrive\Documents\PowerShell\Modules\Pester\5.7.1\Pester.psm1:940
at &lt;ScriptBlock&gt;, C:\Users\alexa\OneDrive\Documents\PowerShell\Modules\Pester\5.7.1\Pester.psm1:1688
at &lt;ScriptBlock&gt;, C:\Users\alexa\OneDrive\Documents\PowerShell\Modules\Pester\5.7.1\Pester.ps1:3
at &lt;ScriptBlock&gt;, C:\Users\alexa\OneDrive\Documents\PowerShell\Modules\Pester\5.7.1\Pester.psm1:3260
at Invoke-InNewScriptScope, C:\Users\alexa\OneDrive\Documents\PowerShell\Modules\Pester\5.7.1\Pester.psm1:3267
at Run-Test, C:\Users\alexa\OneDrive\Documents\PowerShell\Modules\Pester\5.7.1\Pester.psm1:1691
at Invoke-Test, C:\Users\alexa\OneDrive\Documents\PowerShell\Modules\Pester\5.7.1\Pester.psm1:2512
at Invoke-Pester&lt;End&gt;, C:\Users\alexa\OneDrive\Documents\PowerShell\Modules\Pester\5.7.1\Pester.psm1:4960
at &lt;ScriptBlock&gt;, &lt;No file&gt;:1</stack-trace>
                    </failure>
                  </test-case>
                </results>
              </test-suite>
              <test-suite type="TestFixture" name="BackupManager Module - Core Functions.Get-BackupStatistics" executed="True" result="Failure" success="False" time="1.4136" asserts="0" description="BackupManager Module - Core Functions.Get-BackupStatistics">
                <results>
                  <test-case description="Should return backup statistics" name="BackupManager Module - Core Functions.Get-BackupStatistics.Should return backup statistics" time="0.0152" asserts="0" success="False" result="Failure" executed="True">
                    <failure>
                      <message>ParameterBindingException: A parameter cannot be found that matches parameter name 'BackupPath'.</message>
                      <stack-trace>at &lt;ScriptBlock&gt;, $env:PROJECT_ROOT\tests\unit\modules\BackupManager\BackupManager-Core.Tests.ps1:215
at &lt;ScriptBlock&gt;, C:\Users\alexa\OneDrive\Documents\PowerShell\Modules\Pester\5.7.1\Pester.psm1:2024
at &lt;ScriptBlock&gt;, C:\Users\alexa\OneDrive\Documents\PowerShell\Modules\Pester\5.7.1\Pester.psm1:1985
at Invoke-ScriptBlock, C:\Users\alexa\OneDrive\Documents\PowerShell\Modules\Pester\5.7.1\Pester.psm1:2157
at Invoke-TestItem, C:\Users\alexa\OneDrive\Documents\PowerShell\Modules\Pester\5.7.1\Pester.psm1:1199
at Invoke-Block, C:\Users\alexa\OneDrive\Documents\PowerShell\Modules\Pester\5.7.1\Pester.psm1:835
at &lt;ScriptBlock&gt;, C:\Users\alexa\OneDrive\Documents\PowerShell\Modules\Pester\5.7.1\Pester.psm1:893
at &lt;ScriptBlock&gt;, C:\Users\alexa\OneDrive\Documents\PowerShell\Modules\Pester\5.7.1\Pester.psm1:2024
at &lt;ScriptBlock&gt;, C:\Users\alexa\OneDrive\Documents\PowerShell\Modules\Pester\5.7.1\Pester.psm1:1985
at Invoke-ScriptBlock, C:\Users\alexa\OneDrive\Documents\PowerShell\Modules\Pester\5.7.1\Pester.psm1:2160
at Invoke-Block, C:\Users\alexa\OneDrive\Documents\PowerShell\Modules\Pester\5.7.1\Pester.psm1:940
at &lt;ScriptBlock&gt;, C:\Users\alexa\OneDrive\Documents\PowerShell\Modules\Pester\5.7.1\Pester.psm1:893
at &lt;ScriptBlock&gt;, C:\Users\alexa\OneDrive\Documents\PowerShell\Modules\Pester\5.7.1\Pester.psm1:2024
at &lt;ScriptBlock&gt;, C:\Users\alexa\OneDrive\Documents\PowerShell\Modules\Pester\5.7.1\Pester.psm1:1985
at Invoke-ScriptBlock, C:\Users\alexa\OneDrive\Documents\PowerShell\Modules\Pester\5.7.1\Pester.psm1:2160
at Invoke-Block, C:\Users\alexa\OneDrive\Documents\PowerShell\Modules\Pester\5.7.1\Pester.psm1:940
at &lt;ScriptBlock&gt;, C:\Users\alexa\OneDrive\Documents\PowerShell\Modules\Pester\5.7.1\Pester.psm1:893
at &lt;ScriptBlock&gt;, C:\Users\alexa\OneDrive\Documents\PowerShell\Modules\Pester\5.7.1\Pester.psm1:2024
at &lt;ScriptBlock&gt;, C:\Users\alexa\OneDrive\Documents\PowerShell\Modules\Pester\5.7.1\Pester.psm1:1985
at Invoke-ScriptBlock, C:\Users\alexa\OneDrive\Documents\PowerShell\Modules\Pester\5.7.1\Pester.psm1:2160
at Invoke-Block, C:\Users\alexa\OneDrive\Documents\PowerShell\Modules\Pester\5.7.1\Pester.psm1:940
at &lt;ScriptBlock&gt;, C:\Users\alexa\OneDrive\Documents\PowerShell\Modules\Pester\5.7.1\Pester.psm1:1688
at &lt;ScriptBlock&gt;, C:\Users\alexa\OneDrive\Documents\PowerShell\Modules\Pester\5.7.1\Pester.ps1:3
at &lt;ScriptBlock&gt;, C:\Users\alexa\OneDrive\Documents\PowerShell\Modules\Pester\5.7.1\Pester.psm1:3260
at Invoke-InNewScriptScope, C:\Users\alexa\OneDrive\Documents\PowerShell\Modules\Pester\5.7.1\Pester.psm1:3267
at Run-Test, C:\Users\alexa\OneDrive\Documents\PowerShell\Modules\Pester\5.7.1\Pester.psm1:1691
at Invoke-Test, C:\Users\alexa\OneDrive\Documents\PowerShell\Modules\Pester\5.7.1\Pester.psm1:2512
at Invoke-Pester&lt;End&gt;, C:\Users\alexa\OneDrive\Documents\PowerShell\Modules\Pester\5.7.1\Pester.psm1:4960
at &lt;ScriptBlock&gt;, &lt;No file&gt;:1</stack-trace>
                    </failure>
                  </test-case>
                  <test-case description="Should include file age analysis" name="BackupManager Module - Core Functions.Get-BackupStatistics.Should include file age analysis" time="0.0095" asserts="0" success="False" result="Failure" executed="True">
                    <failure>
                      <message>ParameterBindingException: A parameter cannot be found that matches parameter name 'BackupPath'.</message>
                      <stack-trace>at &lt;ScriptBlock&gt;, $env:PROJECT_ROOT\tests\unit\modules\BackupManager\BackupManager-Core.Tests.ps1:223
at &lt;ScriptBlock&gt;, C:\Users\alexa\OneDrive\Documents\PowerShell\Modules\Pester\5.7.1\Pester.psm1:2024
at &lt;ScriptBlock&gt;, C:\Users\alexa\OneDrive\Documents\PowerShell\Modules\Pester\5.7.1\Pester.psm1:1985
at Invoke-ScriptBlock, C:\Users\alexa\OneDrive\Documents\PowerShell\Modules\Pester\5.7.1\Pester.psm1:2157
at Invoke-TestItem, C:\Users\alexa\OneDrive\Documents\PowerShell\Modules\Pester\5.7.1\Pester.psm1:1199
at Invoke-Block, C:\Users\alexa\OneDrive\Documents\PowerShell\Modules\Pester\5.7.1\Pester.psm1:835
at &lt;ScriptBlock&gt;, C:\Users\alexa\OneDrive\Documents\PowerShell\Modules\Pester\5.7.1\Pester.psm1:893
at &lt;ScriptBlock&gt;, C:\Users\alexa\OneDrive\Documents\PowerShell\Modules\Pester\5.7.1\Pester.psm1:2024
at &lt;ScriptBlock&gt;, C:\Users\alexa\OneDrive\Documents\PowerShell\Modules\Pester\5.7.1\Pester.psm1:1985
at Invoke-ScriptBlock, C:\Users\alexa\OneDrive\Documents\PowerShell\Modules\Pester\5.7.1\Pester.psm1:2160
at Invoke-Block, C:\Users\alexa\OneDrive\Documents\PowerShell\Modules\Pester\5.7.1\Pester.psm1:940
at &lt;ScriptBlock&gt;, C:\Users\alexa\OneDrive\Documents\PowerShell\Modules\Pester\5.7.1\Pester.psm1:893
at &lt;ScriptBlock&gt;, C:\Users\alexa\OneDrive\Documents\PowerShell\Modules\Pester\5.7.1\Pester.psm1:2024
at &lt;ScriptBlock&gt;, C:\Users\alexa\OneDrive\Documents\PowerShell\Modules\Pester\5.7.1\Pester.psm1:1985
at Invoke-ScriptBlock, C:\Users\alexa\OneDrive\Documents\PowerShell\Modules\Pester\5.7.1\Pester.psm1:2160
at Invoke-Block, C:\Users\alexa\OneDrive\Documents\PowerShell\Modules\Pester\5.7.1\Pester.psm1:940
at &lt;ScriptBlock&gt;, C:\Users\alexa\OneDrive\Documents\PowerShell\Modules\Pester\5.7.1\Pester.psm1:893
at &lt;ScriptBlock&gt;, C:\Users\alexa\OneDrive\Documents\PowerShell\Modules\Pester\5.7.1\Pester.psm1:2024
at &lt;ScriptBlock&gt;, C:\Users\alexa\OneDrive\Documents\PowerShell\Modules\Pester\5.7.1\Pester.psm1:1985
at Invoke-ScriptBlock, C:\Users\alexa\OneDrive\Documents\PowerShell\Modules\Pester\5.7.1\Pester.psm1:2160
at Invoke-Block, C:\Users\alexa\OneDrive\Documents\PowerShell\Modules\Pester\5.7.1\Pester.psm1:940
at &lt;ScriptBlock&gt;, C:\Users\alexa\OneDrive\Documents\PowerShell\Modules\Pester\5.7.1\Pester.psm1:1688
at &lt;ScriptBlock&gt;, C:\Users\alexa\OneDrive\Documents\PowerShell\Modules\Pester\5.7.1\Pester.ps1:3
at &lt;ScriptBlock&gt;, C:\Users\alexa\OneDrive\Documents\PowerShell\Modules\Pester\5.7.1\Pester.psm1:3260
at Invoke-InNewScriptScope, C:\Users\alexa\OneDrive\Documents\PowerShell\Modules\Pester\5.7.1\Pester.psm1:3267
at Run-Test, C:\Users\alexa\OneDrive\Documents\PowerShell\Modules\Pester\5.7.1\Pester.psm1:1691
at Invoke-Test, C:\Users\alexa\OneDrive\Documents\PowerShell\Modules\Pester\5.7.1\Pester.psm1:2512
at Invoke-Pester&lt;End&gt;, C:\Users\alexa\OneDrive\Documents\PowerShell\Modules\Pester\5.7.1\Pester.psm1:4960
at &lt;ScriptBlock&gt;, &lt;No file&gt;:1</stack-trace>
                    </failure>
                  </test-case>
                  <test-case description="Should handle recursive directory scanning" name="BackupManager Module - Core Functions.Get-BackupStatistics.Should handle recursive directory scanning" time="0.0109" asserts="0" success="False" result="Failure" executed="True">
                    <failure>
                      <message>ParameterBindingException: A parameter cannot be found that matches parameter name 'BackupPath'.</message>
                      <stack-trace>at &lt;ScriptBlock&gt;, $env:PROJECT_ROOT\tests\unit\modules\BackupManager\BackupManager-Core.Tests.ps1:230
at &lt;ScriptBlock&gt;, C:\Users\alexa\OneDrive\Documents\PowerShell\Modules\Pester\5.7.1\Pester.psm1:2024
at &lt;ScriptBlock&gt;, C:\Users\alexa\OneDrive\Documents\PowerShell\Modules\Pester\5.7.1\Pester.psm1:1985
at Invoke-ScriptBlock, C:\Users\alexa\OneDrive\Documents\PowerShell\Modules\Pester\5.7.1\Pester.psm1:2157
at Invoke-TestItem, C:\Users\alexa\OneDrive\Documents\PowerShell\Modules\Pester\5.7.1\Pester.psm1:1199
at Invoke-Block, C:\Users\alexa\OneDrive\Documents\PowerShell\Modules\Pester\5.7.1\Pester.psm1:835
at &lt;ScriptBlock&gt;, C:\Users\alexa\OneDrive\Documents\PowerShell\Modules\Pester\5.7.1\Pester.psm1:893
at &lt;ScriptBlock&gt;, C:\Users\alexa\OneDrive\Documents\PowerShell\Modules\Pester\5.7.1\Pester.psm1:2024
at &lt;ScriptBlock&gt;, C:\Users\alexa\OneDrive\Documents\PowerShell\Modules\Pester\5.7.1\Pester.psm1:1985
at Invoke-ScriptBlock, C:\Users\alexa\OneDrive\Documents\PowerShell\Modules\Pester\5.7.1\Pester.psm1:2160
at Invoke-Block, C:\Users\alexa\OneDrive\Documents\PowerShell\Modules\Pester\5.7.1\Pester.psm1:940
at &lt;ScriptBlock&gt;, C:\Users\alexa\OneDrive\Documents\PowerShell\Modules\Pester\5.7.1\Pester.psm1:893
at &lt;ScriptBlock&gt;, C:\Users\alexa\OneDrive\Documents\PowerShell\Modules\Pester\5.7.1\Pester.psm1:2024
at &lt;ScriptBlock&gt;, C:\Users\alexa\OneDrive\Documents\PowerShell\Modules\Pester\5.7.1\Pester.psm1:1985
at Invoke-ScriptBlock, C:\Users\alexa\OneDrive\Documents\PowerShell\Modules\Pester\5.7.1\Pester.psm1:2160
at Invoke-Block, C:\Users\alexa\OneDrive\Documents\PowerShell\Modules\Pester\5.7.1\Pester.psm1:940
at &lt;ScriptBlock&gt;, C:\Users\alexa\OneDrive\Documents\PowerShell\Modules\Pester\5.7.1\Pester.psm1:893
at &lt;ScriptBlock&gt;, C:\Users\alexa\OneDrive\Documents\PowerShell\Modules\Pester\5.7.1\Pester.psm1:2024
at &lt;ScriptBlock&gt;, C:\Users\alexa\OneDrive\Documents\PowerShell\Modules\Pester\5.7.1\Pester.psm1:1985
at Invoke-ScriptBlock, C:\Users\alexa\OneDrive\Documents\PowerShell\Modules\Pester\5.7.1\Pester.psm1:2160
at Invoke-Block, C:\Users\alexa\OneDrive\Documents\PowerShell\Modules\Pester\5.7.1\Pester.psm1:940
at &lt;ScriptBlock&gt;, C:\Users\alexa\OneDrive\Documents\PowerShell\Modules\Pester\5.7.1\Pester.psm1:1688
at &lt;ScriptBlock&gt;, C:\Users\alexa\OneDrive\Documents\PowerShell\Modules\Pester\5.7.1\Pester.ps1:3
at &lt;ScriptBlock&gt;, C:\Users\alexa\OneDrive\Documents\PowerShell\Modules\Pester\5.7.1\Pester.psm1:3260
at Invoke-InNewScriptScope, C:\Users\alexa\OneDrive\Documents\PowerShell\Modules\Pester\5.7.1\Pester.psm1:3267
at Run-Test, C:\Users\alexa\OneDrive\Documents\PowerShell\Modules\Pester\5.7.1\Pester.psm1:1691
at Invoke-Test, C:\Users\alexa\OneDrive\Documents\PowerShell\Modules\Pester\5.7.1\Pester.psm1:2512
at Invoke-Pester&lt;End&gt;, C:\Users\alexa\OneDrive\Documents\PowerShell\Modules\Pester\5.7.1\Pester.psm1:4960
at &lt;ScriptBlock&gt;, &lt;No file&gt;:1</stack-trace>
                    </failure>
                  </test-case>
                  <test-case description="Should filter by file patterns" name="BackupManager Module - Core Functions.Get-BackupStatistics.Should filter by file patterns" time="0.0092" asserts="0" success="False" result="Failure" executed="True">
                    <failure>
                      <message>ParameterBindingException: A parameter cannot be found that matches parameter name 'BackupPath'.</message>
                      <stack-trace>at &lt;ScriptBlock&gt;, $env:PROJECT_ROOT\tests\unit\modules\BackupManager\BackupManager-Core.Tests.ps1:237
at &lt;ScriptBlock&gt;, C:\Users\alexa\OneDrive\Documents\PowerShell\Modules\Pester\5.7.1\Pester.psm1:2024
at &lt;ScriptBlock&gt;, C:\Users\alexa\OneDrive\Documents\PowerShell\Modules\Pester\5.7.1\Pester.psm1:1985
at Invoke-ScriptBlock, C:\Users\alexa\OneDrive\Documents\PowerShell\Modules\Pester\5.7.1\Pester.psm1:2157
at Invoke-TestItem, C:\Users\alexa\OneDrive\Documents\PowerShell\Modules\Pester\5.7.1\Pester.psm1:1199
at Invoke-Block, C:\Users\alexa\OneDrive\Documents\PowerShell\Modules\Pester\5.7.1\Pester.psm1:835
at &lt;ScriptBlock&gt;, C:\Users\alexa\OneDrive\Documents\PowerShell\Modules\Pester\5.7.1\Pester.psm1:893
at &lt;ScriptBlock&gt;, C:\Users\alexa\OneDrive\Documents\PowerShell\Modules\Pester\5.7.1\Pester.psm1:2024
at &lt;ScriptBlock&gt;, C:\Users\alexa\OneDrive\Documents\PowerShell\Modules\Pester\5.7.1\Pester.psm1:1985
at Invoke-ScriptBlock, C:\Users\alexa\OneDrive\Documents\PowerShell\Modules\Pester\5.7.1\Pester.psm1:2160
at Invoke-Block, C:\Users\alexa\OneDrive\Documents\PowerShell\Modules\Pester\5.7.1\Pester.psm1:940
at &lt;ScriptBlock&gt;, C:\Users\alexa\OneDrive\Documents\PowerShell\Modules\Pester\5.7.1\Pester.psm1:893
at &lt;ScriptBlock&gt;, C:\Users\alexa\OneDrive\Documents\PowerShell\Modules\Pester\5.7.1\Pester.psm1:2024
at &lt;ScriptBlock&gt;, C:\Users\alexa\OneDrive\Documents\PowerShell\Modules\Pester\5.7.1\Pester.psm1:1985
at Invoke-ScriptBlock, C:\Users\alexa\OneDrive\Documents\PowerShell\Modules\Pester\5.7.1\Pester.psm1:2160
at Invoke-Block, C:\Users\alexa\OneDrive\Documents\PowerShell\Modules\Pester\5.7.1\Pester.psm1:940
at &lt;ScriptBlock&gt;, C:\Users\alexa\OneDrive\Documents\PowerShell\Modules\Pester\5.7.1\Pester.psm1:893
at &lt;ScriptBlock&gt;, C:\Users\alexa\OneDrive\Documents\PowerShell\Modules\Pester\5.7.1\Pester.psm1:2024
at &lt;ScriptBlock&gt;, C:\Users\alexa\OneDrive\Documents\PowerShell\Modules\Pester\5.7.1\Pester.psm1:1985
at Invoke-ScriptBlock, C:\Users\alexa\OneDrive\Documents\PowerShell\Modules\Pester\5.7.1\Pester.psm1:2160
at Invoke-Block, C:\Users\alexa\OneDrive\Documents\PowerShell\Modules\Pester\5.7.1\Pester.psm1:940
at &lt;ScriptBlock&gt;, C:\Users\alexa\OneDrive\Documents\PowerShell\Modules\Pester\5.7.1\Pester.psm1:1688
at &lt;ScriptBlock&gt;, C:\Users\alexa\OneDrive\Documents\PowerShell\Modules\Pester\5.7.1\Pester.ps1:3
at &lt;ScriptBlock&gt;, C:\Users\alexa\OneDrive\Documents\PowerShell\Modules\Pester\5.7.1\Pester.psm1:3260
at Invoke-InNewScriptScope, C:\Users\alexa\OneDrive\Documents\PowerShell\Modules\Pester\5.7.1\Pester.psm1:3267
at Run-Test, C:\Users\alexa\OneDrive\Documents\PowerShell\Modules\Pester\5.7.1\Pester.psm1:1691
at Invoke-Test, C:\Users\alexa\OneDrive\Documents\PowerShell\Modules\Pester\5.7.1\Pester.psm1:2512
at Invoke-Pester&lt;End&gt;, C:\Users\alexa\OneDrive\Documents\PowerShell\Modules\Pester\5.7.1\Pester.psm1:4960
at &lt;ScriptBlock&gt;, &lt;No file&gt;:1</stack-trace>
                    </failure>
                  </test-case>
                  <test-case description="Should handle empty backup directory for statistics" name="BackupManager Module - Core Functions.Get-BackupStatistics.Should handle empty backup directory for statistics" time="0.011" asserts="0" success="False" result="Failure" executed="True">
                    <failure>
                      <message>ParameterBindingException: A parameter cannot be found that matches parameter name 'BackupPath'.</message>
                      <stack-trace>at &lt;ScriptBlock&gt;, $env:PROJECT_ROOT\tests\unit\modules\BackupManager\BackupManager-Core.Tests.ps1:247
at &lt;ScriptBlock&gt;, C:\Users\alexa\OneDrive\Documents\PowerShell\Modules\Pester\5.7.1\Pester.psm1:2024
at &lt;ScriptBlock&gt;, C:\Users\alexa\OneDrive\Documents\PowerShell\Modules\Pester\5.7.1\Pester.psm1:1985
at Invoke-ScriptBlock, C:\Users\alexa\OneDrive\Documents\PowerShell\Modules\Pester\5.7.1\Pester.psm1:2157
at Invoke-TestItem, C:\Users\alexa\OneDrive\Documents\PowerShell\Modules\Pester\5.7.1\Pester.psm1:1199
at Invoke-Block, C:\Users\alexa\OneDrive\Documents\PowerShell\Modules\Pester\5.7.1\Pester.psm1:835
at &lt;ScriptBlock&gt;, C:\Users\alexa\OneDrive\Documents\PowerShell\Modules\Pester\5.7.1\Pester.psm1:893
at &lt;ScriptBlock&gt;, C:\Users\alexa\OneDrive\Documents\PowerShell\Modules\Pester\5.7.1\Pester.psm1:2024
at &lt;ScriptBlock&gt;, C:\Users\alexa\OneDrive\Documents\PowerShell\Modules\Pester\5.7.1\Pester.psm1:1985
at Invoke-ScriptBlock, C:\Users\alexa\OneDrive\Documents\PowerShell\Modules\Pester\5.7.1\Pester.psm1:2160
at Invoke-Block, C:\Users\alexa\OneDrive\Documents\PowerShell\Modules\Pester\5.7.1\Pester.psm1:940
at &lt;ScriptBlock&gt;, C:\Users\alexa\OneDrive\Documents\PowerShell\Modules\Pester\5.7.1\Pester.psm1:893
at &lt;ScriptBlock&gt;, C:\Users\alexa\OneDrive\Documents\PowerShell\Modules\Pester\5.7.1\Pester.psm1:2024
at &lt;ScriptBlock&gt;, C:\Users\alexa\OneDrive\Documents\PowerShell\Modules\Pester\5.7.1\Pester.psm1:1985
at Invoke-ScriptBlock, C:\Users\alexa\OneDrive\Documents\PowerShell\Modules\Pester\5.7.1\Pester.psm1:2160
at Invoke-Block, C:\Users\alexa\OneDrive\Documents\PowerShell\Modules\Pester\5.7.1\Pester.psm1:940
at &lt;ScriptBlock&gt;, C:\Users\alexa\OneDrive\Documents\PowerShell\Modules\Pester\5.7.1\Pester.psm1:893
at &lt;ScriptBlock&gt;, C:\Users\alexa\OneDrive\Documents\PowerShell\Modules\Pester\5.7.1\Pester.psm1:2024
at &lt;ScriptBlock&gt;, C:\Users\alexa\OneDrive\Documents\PowerShell\Modules\Pester\5.7.1\Pester.psm1:1985
at Invoke-ScriptBlock, C:\Users\alexa\OneDrive\Documents\PowerShell\Modules\Pester\5.7.1\Pester.psm1:2160
at Invoke-Block, C:\Users\alexa\OneDrive\Documents\PowerShell\Modules\Pester\5.7.1\Pester.psm1:940
at &lt;ScriptBlock&gt;, C:\Users\alexa\OneDrive\Documents\PowerShell\Modules\Pester\5.7.1\Pester.psm1:1688
at &lt;ScriptBlock&gt;, C:\Users\alexa\OneDrive\Documents\PowerShell\Modules\Pester\5.7.1\Pester.ps1:3
at &lt;ScriptBlock&gt;, C:\Users\alexa\OneDrive\Documents\PowerShell\Modules\Pester\5.7.1\Pester.psm1:3260
at Invoke-InNewScriptScope, C:\Users\alexa\OneDrive\Documents\PowerShell\Modules\Pester\5.7.1\Pester.psm1:3267
at Run-Test, C:\Users\alexa\OneDrive\Documents\PowerShell\Modules\Pester\5.7.1\Pester.psm1:1691
at Invoke-Test, C:\Users\alexa\OneDrive\Documents\PowerShell\Modules\Pester\5.7.1\Pester.psm1:2512
at Invoke-Pester&lt;End&gt;, C:\Users\alexa\OneDrive\Documents\PowerShell\Modules\Pester\5.7.1\Pester.psm1:4960
at &lt;ScriptBlock&gt;, &lt;No file&gt;:1</stack-trace>
                    </failure>
                  </test-case>
                </results>
              </test-suite>
              <test-suite type="TestFixture" name="BackupManager Module - Core Functions.Invoke-BackupMaintenance" executed="True" result="Failure" success="False" time="1.4447" asserts="0" description="BackupManager Module - Core Functions.Invoke-BackupMaintenance">
                <results>
                  <test-case description="Should perform comprehensive backup maintenance" name="BackupManager Module - Core Functions.Invoke-BackupMaintenance.Should perform comprehensive backup maintenance" time="0.0075" asserts="0" success="False" result="Failure" executed="True">
                    <failure>
                      <message>ParameterBindingException: A parameter cannot be found that matches parameter name 'BackupPath'.</message>
                      <stack-trace>at &lt;ScriptBlock&gt;, $env:PROJECT_ROOT\tests\unit\modules\BackupManager\BackupManager-Core.Tests.ps1:258
at &lt;ScriptBlock&gt;, C:\Users\alexa\OneDrive\Documents\PowerShell\Modules\Pester\5.7.1\Pester.psm1:2024
at &lt;ScriptBlock&gt;, C:\Users\alexa\OneDrive\Documents\PowerShell\Modules\Pester\5.7.1\Pester.psm1:1985
at Invoke-ScriptBlock, C:\Users\alexa\OneDrive\Documents\PowerShell\Modules\Pester\5.7.1\Pester.psm1:2157
at Invoke-TestItem, C:\Users\alexa\OneDrive\Documents\PowerShell\Modules\Pester\5.7.1\Pester.psm1:1199
at Invoke-Block, C:\Users\alexa\OneDrive\Documents\PowerShell\Modules\Pester\5.7.1\Pester.psm1:835
at &lt;ScriptBlock&gt;, C:\Users\alexa\OneDrive\Documents\PowerShell\Modules\Pester\5.7.1\Pester.psm1:893
at &lt;ScriptBlock&gt;, C:\Users\alexa\OneDrive\Documents\PowerShell\Modules\Pester\5.7.1\Pester.psm1:2024
at &lt;ScriptBlock&gt;, C:\Users\alexa\OneDrive\Documents\PowerShell\Modules\Pester\5.7.1\Pester.psm1:1985
at Invoke-ScriptBlock, C:\Users\alexa\OneDrive\Documents\PowerShell\Modules\Pester\5.7.1\Pester.psm1:2160
at Invoke-Block, C:\Users\alexa\OneDrive\Documents\PowerShell\Modules\Pester\5.7.1\Pester.psm1:940
at &lt;ScriptBlock&gt;, C:\Users\alexa\OneDrive\Documents\PowerShell\Modules\Pester\5.7.1\Pester.psm1:893
at &lt;ScriptBlock&gt;, C:\Users\alexa\OneDrive\Documents\PowerShell\Modules\Pester\5.7.1\Pester.psm1:2024
at &lt;ScriptBlock&gt;, C:\Users\alexa\OneDrive\Documents\PowerShell\Modules\Pester\5.7.1\Pester.psm1:1985
at Invoke-ScriptBlock, C:\Users\alexa\OneDrive\Documents\PowerShell\Modules\Pester\5.7.1\Pester.psm1:2160
at Invoke-Block, C:\Users\alexa\OneDrive\Documents\PowerShell\Modules\Pester\5.7.1\Pester.psm1:940
at &lt;ScriptBlock&gt;, C:\Users\alexa\OneDrive\Documents\PowerShell\Modules\Pester\5.7.1\Pester.psm1:893
at &lt;ScriptBlock&gt;, C:\Users\alexa\OneDrive\Documents\PowerShell\Modules\Pester\5.7.1\Pester.psm1:2024
at &lt;ScriptBlock&gt;, C:\Users\alexa\OneDrive\Documents\PowerShell\Modules\Pester\5.7.1\Pester.psm1:1985
at Invoke-ScriptBlock, C:\Users\alexa\OneDrive\Documents\PowerShell\Modules\Pester\5.7.1\Pester.psm1:2160
at Invoke-Block, C:\Users\alexa\OneDrive\Documents\PowerShell\Modules\Pester\5.7.1\Pester.psm1:940
at &lt;ScriptBlock&gt;, C:\Users\alexa\OneDrive\Documents\PowerShell\Modules\Pester\5.7.1\Pester.psm1:1688
at &lt;ScriptBlock&gt;, C:\Users\alexa\OneDrive\Documents\PowerShell\Modules\Pester\5.7.1\Pester.ps1:3
at &lt;ScriptBlock&gt;, C:\Users\alexa\OneDrive\Documents\PowerShell\Modules\Pester\5.7.1\Pester.psm1:3260
at Invoke-InNewScriptScope, C:\Users\alexa\OneDrive\Documents\PowerShell\Modules\Pester\5.7.1\Pester.psm1:3267
at Run-Test, C:\Users\alexa\OneDrive\Documents\PowerShell\Modules\Pester\5.7.1\Pester.psm1:1691
at Invoke-Test, C:\Users\alexa\OneDrive\Documents\PowerShell\Modules\Pester\5.7.1\Pester.psm1:2512
at Invoke-Pester&lt;End&gt;, C:\Users\alexa\OneDrive\Documents\PowerShell\Modules\Pester\5.7.1\Pester.psm1:4960
at &lt;ScriptBlock&gt;, &lt;No file&gt;:1</stack-trace>
                    </failure>
                  </test-case>
                  <test-case description="Should include verification checks" name="BackupManager Module - Core Functions.Invoke-BackupMaintenance.Should include verification checks" time="0.0048" asserts="0" success="False" result="Failure" executed="True">
                    <failure>
                      <message>ParameterBindingException: A parameter cannot be found that matches parameter name 'BackupPath'.</message>
                      <stack-trace>at &lt;ScriptBlock&gt;, $env:PROJECT_ROOT\tests\unit\modules\BackupManager\BackupManager-Core.Tests.ps1:265
at &lt;ScriptBlock&gt;, C:\Users\alexa\OneDrive\Documents\PowerShell\Modules\Pester\5.7.1\Pester.psm1:2024
at &lt;ScriptBlock&gt;, C:\Users\alexa\OneDrive\Documents\PowerShell\Modules\Pester\5.7.1\Pester.psm1:1985
at Invoke-ScriptBlock, C:\Users\alexa\OneDrive\Documents\PowerShell\Modules\Pester\5.7.1\Pester.psm1:2157
at Invoke-TestItem, C:\Users\alexa\OneDrive\Documents\PowerShell\Modules\Pester\5.7.1\Pester.psm1:1199
at Invoke-Block, C:\Users\alexa\OneDrive\Documents\PowerShell\Modules\Pester\5.7.1\Pester.psm1:835
at &lt;ScriptBlock&gt;, C:\Users\alexa\OneDrive\Documents\PowerShell\Modules\Pester\5.7.1\Pester.psm1:893
at &lt;ScriptBlock&gt;, C:\Users\alexa\OneDrive\Documents\PowerShell\Modules\Pester\5.7.1\Pester.psm1:2024
at &lt;ScriptBlock&gt;, C:\Users\alexa\OneDrive\Documents\PowerShell\Modules\Pester\5.7.1\Pester.psm1:1985
at Invoke-ScriptBlock, C:\Users\alexa\OneDrive\Documents\PowerShell\Modules\Pester\5.7.1\Pester.psm1:2160
at Invoke-Block, C:\Users\alexa\OneDrive\Documents\PowerShell\Modules\Pester\5.7.1\Pester.psm1:940
at &lt;ScriptBlock&gt;, C:\Users\alexa\OneDrive\Documents\PowerShell\Modules\Pester\5.7.1\Pester.psm1:893
at &lt;ScriptBlock&gt;, C:\Users\alexa\OneDrive\Documents\PowerShell\Modules\Pester\5.7.1\Pester.psm1:2024
at &lt;ScriptBlock&gt;, C:\Users\alexa\OneDrive\Documents\PowerShell\Modules\Pester\5.7.1\Pester.psm1:1985
at Invoke-ScriptBlock, C:\Users\alexa\OneDrive\Documents\PowerShell\Modules\Pester\5.7.1\Pester.psm1:2160
at Invoke-Block, C:\Users\alexa\OneDrive\Documents\PowerShell\Modules\Pester\5.7.1\Pester.psm1:940
at &lt;ScriptBlock&gt;, C:\Users\alexa\OneDrive\Documents\PowerShell\Modules\Pester\5.7.1\Pester.psm1:893
at &lt;ScriptBlock&gt;, C:\Users\alexa\OneDrive\Documents\PowerShell\Modules\Pester\5.7.1\Pester.psm1:2024
at &lt;ScriptBlock&gt;, C:\Users\alexa\OneDrive\Documents\PowerShell\Modules\Pester\5.7.1\Pester.psm1:1985
at Invoke-ScriptBlock, C:\Users\alexa\OneDrive\Documents\PowerShell\Modules\Pester\5.7.1\Pester.psm1:2160
at Invoke-Block, C:\Users\alexa\OneDrive\Documents\PowerShell\Modules\Pester\5.7.1\Pester.psm1:940
at &lt;ScriptBlock&gt;, C:\Users\alexa\OneDrive\Documents\PowerShell\Modules\Pester\5.7.1\Pester.psm1:1688
at &lt;ScriptBlock&gt;, C:\Users\alexa\OneDrive\Documents\PowerShell\Modules\Pester\5.7.1\Pester.ps1:3
at &lt;ScriptBlock&gt;, C:\Users\alexa\OneDrive\Documents\PowerShell\Modules\Pester\5.7.1\Pester.psm1:3260
at Invoke-InNewScriptScope, C:\Users\alexa\OneDrive\Documents\PowerShell\Modules\Pester\5.7.1\Pester.psm1:3267
at Run-Test, C:\Users\alexa\OneDrive\Documents\PowerShell\Modules\Pester\5.7.1\Pester.psm1:1691
at Invoke-Test, C:\Users\alexa\OneDrive\Documents\PowerShell\Modules\Pester\5.7.1\Pester.psm1:2512
at Invoke-Pester&lt;End&gt;, C:\Users\alexa\OneDrive\Documents\PowerShell\Modules\Pester\5.7.1\Pester.psm1:4960
at &lt;ScriptBlock&gt;, &lt;No file&gt;:1</stack-trace>
                    </failure>
                  </test-case>
                  <test-case description="Should perform cleanup as part of maintenance" name="BackupManager Module - Core Functions.Invoke-BackupMaintenance.Should perform cleanup as part of maintenance" time="0.0052" asserts="0" success="False" result="Failure" executed="True">
                    <failure>
                      <message>ParameterBindingException: A parameter cannot be found that matches parameter name 'BackupPath'.</message>
                      <stack-trace>at &lt;ScriptBlock&gt;, $env:PROJECT_ROOT\tests\unit\modules\BackupManager\BackupManager-Core.Tests.ps1:272
at &lt;ScriptBlock&gt;, C:\Users\alexa\OneDrive\Documents\PowerShell\Modules\Pester\5.7.1\Pester.psm1:2024
at &lt;ScriptBlock&gt;, C:\Users\alexa\OneDrive\Documents\PowerShell\Modules\Pester\5.7.1\Pester.psm1:1985
at Invoke-ScriptBlock, C:\Users\alexa\OneDrive\Documents\PowerShell\Modules\Pester\5.7.1\Pester.psm1:2157
at Invoke-TestItem, C:\Users\alexa\OneDrive\Documents\PowerShell\Modules\Pester\5.7.1\Pester.psm1:1199
at Invoke-Block, C:\Users\alexa\OneDrive\Documents\PowerShell\Modules\Pester\5.7.1\Pester.psm1:835
at &lt;ScriptBlock&gt;, C:\Users\alexa\OneDrive\Documents\PowerShell\Modules\Pester\5.7.1\Pester.psm1:893
at &lt;ScriptBlock&gt;, C:\Users\alexa\OneDrive\Documents\PowerShell\Modules\Pester\5.7.1\Pester.psm1:2024
at &lt;ScriptBlock&gt;, C:\Users\alexa\OneDrive\Documents\PowerShell\Modules\Pester\5.7.1\Pester.psm1:1985
at Invoke-ScriptBlock, C:\Users\alexa\OneDrive\Documents\PowerShell\Modules\Pester\5.7.1\Pester.psm1:2160
at Invoke-Block, C:\Users\alexa\OneDrive\Documents\PowerShell\Modules\Pester\5.7.1\Pester.psm1:940
at &lt;ScriptBlock&gt;, C:\Users\alexa\OneDrive\Documents\PowerShell\Modules\Pester\5.7.1\Pester.psm1:893
at &lt;ScriptBlock&gt;, C:\Users\alexa\OneDrive\Documents\PowerShell\Modules\Pester\5.7.1\Pester.psm1:2024
at &lt;ScriptBlock&gt;, C:\Users\alexa\OneDrive\Documents\PowerShell\Modules\Pester\5.7.1\Pester.psm1:1985
at Invoke-ScriptBlock, C:\Users\alexa\OneDrive\Documents\PowerShell\Modules\Pester\5.7.1\Pester.psm1:2160
at Invoke-Block, C:\Users\alexa\OneDrive\Documents\PowerShell\Modules\Pester\5.7.1\Pester.psm1:940
at &lt;ScriptBlock&gt;, C:\Users\alexa\OneDrive\Documents\PowerShell\Modules\Pester\5.7.1\Pester.psm1:893
at &lt;ScriptBlock&gt;, C:\Users\alexa\OneDrive\Documents\PowerShell\Modules\Pester\5.7.1\Pester.psm1:2024
at &lt;ScriptBlock&gt;, C:\Users\alexa\OneDrive\Documents\PowerShell\Modules\Pester\5.7.1\Pester.psm1:1985
at Invoke-ScriptBlock, C:\Users\alexa\OneDrive\Documents\PowerShell\Modules\Pester\5.7.1\Pester.psm1:2160
at Invoke-Block, C:\Users\alexa\OneDrive\Documents\PowerShell\Modules\Pester\5.7.1\Pester.psm1:940
at &lt;ScriptBlock&gt;, C:\Users\alexa\OneDrive\Documents\PowerShell\Modules\Pester\5.7.1\Pester.psm1:1688
at &lt;ScriptBlock&gt;, C:\Users\alexa\OneDrive\Documents\PowerShell\Modules\Pester\5.7.1\Pester.ps1:3
at &lt;ScriptBlock&gt;, C:\Users\alexa\OneDrive\Documents\PowerShell\Modules\Pester\5.7.1\Pester.psm1:3260
at Invoke-InNewScriptScope, C:\Users\alexa\OneDrive\Documents\PowerShell\Modules\Pester\5.7.1\Pester.psm1:3267
at Run-Test, C:\Users\alexa\OneDrive\Documents\PowerShell\Modules\Pester\5.7.1\Pester.psm1:1691
at Invoke-Test, C:\Users\alexa\OneDrive\Documents\PowerShell\Modules\Pester\5.7.1\Pester.psm1:2512
at Invoke-Pester&lt;End&gt;, C:\Users\alexa\OneDrive\Documents\PowerShell\Modules\Pester\5.7.1\Pester.psm1:4960
at &lt;ScriptBlock&gt;, &lt;No file&gt;:1</stack-trace>
                    </failure>
                  </test-case>
                  <test-case description="Should generate maintenance report" name="BackupManager Module - Core Functions.Invoke-BackupMaintenance.Should generate maintenance report" time="0.0048" asserts="0" success="False" result="Failure" executed="True">
                    <failure>
                      <message>ParameterBindingException: A parameter cannot be found that matches parameter name 'BackupPath'.</message>
                      <stack-trace>at &lt;ScriptBlock&gt;, $env:PROJECT_ROOT\tests\unit\modules\BackupManager\BackupManager-Core.Tests.ps1:280
at &lt;ScriptBlock&gt;, C:\Users\alexa\OneDrive\Documents\PowerShell\Modules\Pester\5.7.1\Pester.psm1:2024
at &lt;ScriptBlock&gt;, C:\Users\alexa\OneDrive\Documents\PowerShell\Modules\Pester\5.7.1\Pester.psm1:1985
at Invoke-ScriptBlock, C:\Users\alexa\OneDrive\Documents\PowerShell\Modules\Pester\5.7.1\Pester.psm1:2157
at Invoke-TestItem, C:\Users\alexa\OneDrive\Documents\PowerShell\Modules\Pester\5.7.1\Pester.psm1:1199
at Invoke-Block, C:\Users\alexa\OneDrive\Documents\PowerShell\Modules\Pester\5.7.1\Pester.psm1:835
at &lt;ScriptBlock&gt;, C:\Users\alexa\OneDrive\Documents\PowerShell\Modules\Pester\5.7.1\Pester.psm1:893
at &lt;ScriptBlock&gt;, C:\Users\alexa\OneDrive\Documents\PowerShell\Modules\Pester\5.7.1\Pester.psm1:2024
at &lt;ScriptBlock&gt;, C:\Users\alexa\OneDrive\Documents\PowerShell\Modules\Pester\5.7.1\Pester.psm1:1985
at Invoke-ScriptBlock, C:\Users\alexa\OneDrive\Documents\PowerShell\Modules\Pester\5.7.1\Pester.psm1:2160
at Invoke-Block, C:\Users\alexa\OneDrive\Documents\PowerShell\Modules\Pester\5.7.1\Pester.psm1:940
at &lt;ScriptBlock&gt;, C:\Users\alexa\OneDrive\Documents\PowerShell\Modules\Pester\5.7.1\Pester.psm1:893
at &lt;ScriptBlock&gt;, C:\Users\alexa\OneDrive\Documents\PowerShell\Modules\Pester\5.7.1\Pester.psm1:2024
at &lt;ScriptBlock&gt;, C:\Users\alexa\OneDrive\Documents\PowerShell\Modules\Pester\5.7.1\Pester.psm1:1985
at Invoke-ScriptBlock, C:\Users\alexa\OneDrive\Documents\PowerShell\Modules\Pester\5.7.1\Pester.psm1:2160
at Invoke-Block, C:\Users\alexa\OneDrive\Documents\PowerShell\Modules\Pester\5.7.1\Pester.psm1:940
at &lt;ScriptBlock&gt;, C:\Users\alexa\OneDrive\Documents\PowerShell\Modules\Pester\5.7.1\Pester.psm1:893
at &lt;ScriptBlock&gt;, C:\Users\alexa\OneDrive\Documents\PowerShell\Modules\Pester\5.7.1\Pester.psm1:2024
at &lt;ScriptBlock&gt;, C:\Users\alexa\OneDrive\Documents\PowerShell\Modules\Pester\5.7.1\Pester.psm1:1985
at Invoke-ScriptBlock, C:\Users\alexa\OneDrive\Documents\PowerShell\Modules\Pester\5.7.1\Pester.psm1:2160
at Invoke-Block, C:\Users\alexa\OneDrive\Documents\PowerShell\Modules\Pester\5.7.1\Pester.psm1:940
at &lt;ScriptBlock&gt;, C:\Users\alexa\OneDrive\Documents\PowerShell\Modules\Pester\5.7.1\Pester.psm1:1688
at &lt;ScriptBlock&gt;, C:\Users\alexa\OneDrive\Documents\PowerShell\Modules\Pester\5.7.1\Pester.ps1:3
at &lt;ScriptBlock&gt;, C:\Users\alexa\OneDrive\Documents\PowerShell\Modules\Pester\5.7.1\Pester.psm1:3260
at Invoke-InNewScriptScope, C:\Users\alexa\OneDrive\Documents\PowerShell\Modules\Pester\5.7.1\Pester.psm1:3267
at Run-Test, C:\Users\alexa\OneDrive\Documents\PowerShell\Modules\Pester\5.7.1\Pester.psm1:1691
at Invoke-Test, C:\Users\alexa\OneDrive\Documents\PowerShell\Modules\Pester\5.7.1\Pester.psm1:2512
at Invoke-Pester&lt;End&gt;, C:\Users\alexa\OneDrive\Documents\PowerShell\Modules\Pester\5.7.1\Pester.psm1:4960
at &lt;ScriptBlock&gt;, &lt;No file&gt;:1</stack-trace>
                    </failure>
                  </test-case>
                  <test-case description="Should handle maintenance errors gracefully" name="BackupManager Module - Core Functions.Invoke-BackupMaintenance.Should handle maintenance errors gracefully" time="0.0031" asserts="0" success="True" result="Success" executed="True" />
                </results>
              </test-suite>
            </results>
          </test-suite>
          <test-suite type="TestFixture" name="BackupManager Module - Integration Tests" executed="True" result="Failure" success="False" time="4.8988" asserts="0" description="BackupManager Module - Integration Tests">
            <results>
              <test-suite type="TestFixture" name="BackupManager Module - Integration Tests.Complete Backup Workflow" executed="True" result="Failure" success="False" time="0.5121" asserts="0" description="BackupManager Module - Integration Tests.Complete Backup Workflow">
                <results>
                  <test-case description="Should execute full backup, cleanup, and maintenance cycle" name="BackupManager Module - Integration Tests.Complete Backup Workflow.Should execute full backup, cleanup, and maintenance cycle" time="0.4423" asserts="0" success="False" result="Failure" executed="True">
                    <failure>
                      <message>ParameterBindingException: A parameter cannot be found that matches parameter name 'BackupPath'.</message>
                      <stack-trace>at &lt;ScriptBlock&gt;, $env:PROJECT_ROOT\tests\unit\modules\BackupManager\BackupManager-Core.Tests.ps1:311
at &lt;ScriptBlock&gt;, C:\Users\alexa\OneDrive\Documents\PowerShell\Modules\Pester\5.7.1\Pester.psm1:2024
at &lt;ScriptBlock&gt;, C:\Users\alexa\OneDrive\Documents\PowerShell\Modules\Pester\5.7.1\Pester.psm1:1985
at Invoke-ScriptBlock, C:\Users\alexa\OneDrive\Documents\PowerShell\Modules\Pester\5.7.1\Pester.psm1:2157
at Invoke-TestItem, C:\Users\alexa\OneDrive\Documents\PowerShell\Modules\Pester\5.7.1\Pester.psm1:1199
at Invoke-Block, C:\Users\alexa\OneDrive\Documents\PowerShell\Modules\Pester\5.7.1\Pester.psm1:835
at &lt;ScriptBlock&gt;, C:\Users\alexa\OneDrive\Documents\PowerShell\Modules\Pester\5.7.1\Pester.psm1:893
at &lt;ScriptBlock&gt;, C:\Users\alexa\OneDrive\Documents\PowerShell\Modules\Pester\5.7.1\Pester.psm1:2024
at &lt;ScriptBlock&gt;, C:\Users\alexa\OneDrive\Documents\PowerShell\Modules\Pester\5.7.1\Pester.psm1:1985
at Invoke-ScriptBlock, C:\Users\alexa\OneDrive\Documents\PowerShell\Modules\Pester\5.7.1\Pester.psm1:2160
at Invoke-Block, C:\Users\alexa\OneDrive\Documents\PowerShell\Modules\Pester\5.7.1\Pester.psm1:940
at &lt;ScriptBlock&gt;, C:\Users\alexa\OneDrive\Documents\PowerShell\Modules\Pester\5.7.1\Pester.psm1:893
at &lt;ScriptBlock&gt;, C:\Users\alexa\OneDrive\Documents\PowerShell\Modules\Pester\5.7.1\Pester.psm1:2024
at &lt;ScriptBlock&gt;, C:\Users\alexa\OneDrive\Documents\PowerShell\Modules\Pester\5.7.1\Pester.psm1:1985
at Invoke-ScriptBlock, C:\Users\alexa\OneDrive\Documents\PowerShell\Modules\Pester\5.7.1\Pester.psm1:2160
at Invoke-Block, C:\Users\alexa\OneDrive\Documents\PowerShell\Modules\Pester\5.7.1\Pester.psm1:940
at &lt;ScriptBlock&gt;, C:\Users\alexa\OneDrive\Documents\PowerShell\Modules\Pester\5.7.1\Pester.psm1:893
at &lt;ScriptBlock&gt;, C:\Users\alexa\OneDrive\Documents\PowerShell\Modules\Pester\5.7.1\Pester.psm1:2024
at &lt;ScriptBlock&gt;, C:\Users\alexa\OneDrive\Documents\PowerShell\Modules\Pester\5.7.1\Pester.psm1:1985
at Invoke-ScriptBlock, C:\Users\alexa\OneDrive\Documents\PowerShell\Modules\Pester\5.7.1\Pester.psm1:2160
at Invoke-Block, C:\Users\alexa\OneDrive\Documents\PowerShell\Modules\Pester\5.7.1\Pester.psm1:940
at &lt;ScriptBlock&gt;, C:\Users\alexa\OneDrive\Documents\PowerShell\Modules\Pester\5.7.1\Pester.psm1:1688
at &lt;ScriptBlock&gt;, C:\Users\alexa\OneDrive\Documents\PowerShell\Modules\Pester\5.7.1\Pester.ps1:3
at &lt;ScriptBlock&gt;, C:\Users\alexa\OneDrive\Documents\PowerShell\Modules\Pester\5.7.1\Pester.psm1:3260
at Invoke-InNewScriptScope, C:\Users\alexa\OneDrive\Documents\PowerShell\Modules\Pester\5.7.1\Pester.psm1:3267
at Run-Test, C:\Users\alexa\OneDrive\Documents\PowerShell\Modules\Pester\5.7.1\Pester.psm1:1691
at Invoke-Test, C:\Users\alexa\OneDrive\Documents\PowerShell\Modules\Pester\5.7.1\Pester.psm1:2512
at Invoke-Pester&lt;End&gt;, C:\Users\alexa\OneDrive\Documents\PowerShell\Modules\Pester\5.7.1\Pester.psm1:4960
at &lt;ScriptBlock&gt;, &lt;No file&gt;:1</stack-trace>
                    </failure>
                  </test-case>
                  <test-case description="Should handle backup rotation properly" name="BackupManager Module - Integration Tests.Complete Backup Workflow.Should handle backup rotation properly" time="0.0577" asserts="0" success="True" result="Success" executed="True" />
                </results>
              </test-suite>
              <test-suite type="TestFixture" name="BackupManager Module - Integration Tests.Error Handling and Edge Cases" executed="True" result="Failure" success="False" time="3.4371" asserts="0" description="BackupManager Module - Integration Tests.Error Handling and Edge Cases">
                <results>
                  <test-case description="Should handle corrupted backup files" name="BackupManager Module - Integration Tests.Error Handling and Edge Cases.Should handle corrupted backup files" time="0.0107" asserts="0" success="False" result="Failure" executed="True">
                    <failure>
                      <message>ParameterBindingException: A parameter cannot be found that matches parameter name 'BackupPath'.</message>
                      <stack-trace>at &lt;ScriptBlock&gt;, $env:PROJECT_ROOT\tests\unit\modules\BackupManager\BackupManager-Core.Tests.ps1:359
at &lt;ScriptBlock&gt;, C:\Users\alexa\OneDrive\Documents\PowerShell\Modules\Pester\5.7.1\Pester.psm1:2024
at &lt;ScriptBlock&gt;, C:\Users\alexa\OneDrive\Documents\PowerShell\Modules\Pester\5.7.1\Pester.psm1:1985
at Invoke-ScriptBlock, C:\Users\alexa\OneDrive\Documents\PowerShell\Modules\Pester\5.7.1\Pester.psm1:2157
at Invoke-TestItem, C:\Users\alexa\OneDrive\Documents\PowerShell\Modules\Pester\5.7.1\Pester.psm1:1199
at Invoke-Block, C:\Users\alexa\OneDrive\Documents\PowerShell\Modules\Pester\5.7.1\Pester.psm1:835
at &lt;ScriptBlock&gt;, C:\Users\alexa\OneDrive\Documents\PowerShell\Modules\Pester\5.7.1\Pester.psm1:893
at &lt;ScriptBlock&gt;, C:\Users\alexa\OneDrive\Documents\PowerShell\Modules\Pester\5.7.1\Pester.psm1:2024
at &lt;ScriptBlock&gt;, C:\Users\alexa\OneDrive\Documents\PowerShell\Modules\Pester\5.7.1\Pester.psm1:1985
at Invoke-ScriptBlock, C:\Users\alexa\OneDrive\Documents\PowerShell\Modules\Pester\5.7.1\Pester.psm1:2160
at Invoke-Block, C:\Users\alexa\OneDrive\Documents\PowerShell\Modules\Pester\5.7.1\Pester.psm1:940
at &lt;ScriptBlock&gt;, C:\Users\alexa\OneDrive\Documents\PowerShell\Modules\Pester\5.7.1\Pester.psm1:893
at &lt;ScriptBlock&gt;, C:\Users\alexa\OneDrive\Documents\PowerShell\Modules\Pester\5.7.1\Pester.psm1:2024
at &lt;ScriptBlock&gt;, C:\Users\alexa\OneDrive\Documents\PowerShell\Modules\Pester\5.7.1\Pester.psm1:1985
at Invoke-ScriptBlock, C:\Users\alexa\OneDrive\Documents\PowerShell\Modules\Pester\5.7.1\Pester.psm1:2160
at Invoke-Block, C:\Users\alexa\OneDrive\Documents\PowerShell\Modules\Pester\5.7.1\Pester.psm1:940
at &lt;ScriptBlock&gt;, C:\Users\alexa\OneDrive\Documents\PowerShell\Modules\Pester\5.7.1\Pester.psm1:893
at &lt;ScriptBlock&gt;, C:\Users\alexa\OneDrive\Documents\PowerShell\Modules\Pester\5.7.1\Pester.psm1:2024
at &lt;ScriptBlock&gt;, C:\Users\alexa\OneDrive\Documents\PowerShell\Modules\Pester\5.7.1\Pester.psm1:1985
at Invoke-ScriptBlock, C:\Users\alexa\OneDrive\Documents\PowerShell\Modules\Pester\5.7.1\Pester.psm1:2160
at Invoke-Block, C:\Users\alexa\OneDrive\Documents\PowerShell\Modules\Pester\5.7.1\Pester.psm1:940
at &lt;ScriptBlock&gt;, C:\Users\alexa\OneDrive\Documents\PowerShell\Modules\Pester\5.7.1\Pester.psm1:1688
at &lt;ScriptBlock&gt;, C:\Users\alexa\OneDrive\Documents\PowerShell\Modules\Pester\5.7.1\Pester.ps1:3
at &lt;ScriptBlock&gt;, C:\Users\alexa\OneDrive\Documents\PowerShell\Modules\Pester\5.7.1\Pester.psm1:3260
at Invoke-InNewScriptScope, C:\Users\alexa\OneDrive\Documents\PowerShell\Modules\Pester\5.7.1\Pester.psm1:3267
at Run-Test, C:\Users\alexa\OneDrive\Documents\PowerShell\Modules\Pester\5.7.1\Pester.psm1:1691
at Invoke-Test, C:\Users\alexa\OneDrive\Documents\PowerShell\Modules\Pester\5.7.1\Pester.psm1:2512
at Invoke-Pester&lt;End&gt;, C:\Users\alexa\OneDrive\Documents\PowerShell\Modules\Pester\5.7.1\Pester.psm1:4960
at &lt;ScriptBlock&gt;, &lt;No file&gt;:1</stack-trace>
                    </failure>
                  </test-case>
                  <test-case description="Should handle insufficient disk space scenarios" name="BackupManager Module - Integration Tests.Error Handling and Edge Cases.Should handle insufficient disk space scenarios" time="0.0044" asserts="0" success="True" result="Success" executed="True" />
                  <test-case description="Should handle concurrent backup operations" name="BackupManager Module - Integration Tests.Error Handling and Edge Cases.Should handle concurrent backup operations" time="2.8873" asserts="0" success="True" result="Success" executed="True" />
                </results>
              </test-suite>
            </results>
          </test-suite>
          <test-suite type="TestFixture" name="BackupManager Module - Performance and Reliability" executed="True" result="Success" success="True" time="9.6336" asserts="0" description="BackupManager Module - Performance and Reliability">
            <results>
              <test-suite type="TestFixture" name="BackupManager Module - Performance and Reliability.Performance Validation" executed="True" result="Success" success="True" time="4.628" asserts="0" description="BackupManager Module - Performance and Reliability.Performance Validation">
                <results>
                  <test-case description="Should handle large file operations efficiently" name="BackupManager Module - Performance and Reliability.Performance Validation.Should handle large file operations efficiently" time="2.3264" asserts="0" success="True" result="Success" executed="True" />
                  <test-case description="Should scale with multiple files" name="BackupManager Module - Performance and Reliability.Performance Validation.Should scale with multiple files" time="2.2751" asserts="0" success="True" result="Success" executed="True" />
                </results>
              </test-suite>
              <test-suite type="TestFixture" name="BackupManager Module - Performance and Reliability.Resource Management" executed="True" result="Success" success="True" time="4.7315" asserts="0" description="BackupManager Module - Performance and Reliability.Resource Management">
                <results>
                  <test-case description="Should clean up temporary resources" name="BackupManager Module - Performance and Reliability.Resource Management.Should clean up temporary resources" time="0.1005" asserts="0" success="True" result="Success" executed="True" />
                </results>
              </test-suite>
            </results>
          </test-suite>
        </results>
      </test-suite>
      <test-suite type="TestFixture" name="$env:PROJECT_ROOT\tests\unit\modules\CoreApp\CoreRunner.Tests.ps1" executed="True" result="Success" success="True" time="1.6901" asserts="0" description="$env:PROJECT_ROOT\tests\unit\modules\CoreApp\CoreRunner.Tests.ps1">
        <results>
          <test-suite type="TestFixture" name="Core Runner Script Validation Tests" executed="True" result="Success" success="True" time="0.015" asserts="0" description="Core Runner Script Validation Tests">
            <results>
              <test-suite type="TestFixture" name="Core Runner Script Validation Tests.Script file existence and basic validation" executed="True" result="Success" success="True" time="0.0124" asserts="0" description="Core Runner Script Validation Tests.Script file existence and basic validation">
                <results>
                  <test-case description="should have core-runner.ps1 script" name="Core Runner Script Validation Tests.Script file existence and basic validation.should have core-runner.ps1 script" time="0.0029" asserts="0" success="True" result="Success" executed="True" />
                  <test-case description="should have valid PowerShell syntax in core-runner.ps1" name="Core Runner Script Validation Tests.Script file existence and basic validation.should have valid PowerShell syntax in core-runner.ps1" time="0.0066" asserts="0" success="True" result="Success" executed="True" />
                </results>
              </test-suite>
            </results>
          </test-suite>
          <test-suite type="TestFixture" name="Core Runner Script Structure Tests" executed="True" result="Success" success="True" time="0.04" asserts="0" description="Core Runner Script Structure Tests">
            <results>
              <test-suite type="TestFixture" name="Core Runner Script Structure Tests.core-runner.ps1 structure validation" executed="True" result="Success" success="True" time="0.0226" asserts="0" description="Core Runner Script Structure Tests.core-runner.ps1 structure validation">
                <results>
                  <test-case description="should require PowerShell 7.0 or later" name="Core Runner Script Structure Tests.core-runner.ps1 structure validation.should require PowerShell 7.0 or later" time="0.0015" asserts="0" success="True" result="Success" executed="True" />
                  <test-case description="should have proper CmdletBinding with SupportsShouldProcess" name="Core Runner Script Structure Tests.core-runner.ps1 structure validation.should have proper CmdletBinding with SupportsShouldProcess" time="0.0015" asserts="0" success="True" result="Success" executed="True" />
                  <test-case description="should have comprehensive parameter definitions" name="Core Runner Script Structure Tests.core-runner.ps1 structure validation.should have comprehensive parameter definitions" time="0.0019" asserts="0" success="True" result="Success" executed="True" />
                  <test-case description="should have expected parameters" name="Core Runner Script Structure Tests.core-runner.ps1 structure validation.should have expected parameters" time="0.005" asserts="0" success="True" result="Success" executed="True" />
                  <test-case description="should have parameter validation attributes" name="Core Runner Script Structure Tests.core-runner.ps1 structure validation.should have parameter validation attributes" time="0.0017" asserts="0" success="True" result="Success" executed="True" />
                  <test-case description="should have comprehensive help documentation" name="Core Runner Script Structure Tests.core-runner.ps1 structure validation.should have comprehensive help documentation" time="0.0064" asserts="0" success="True" result="Success" executed="True" />
                </results>
              </test-suite>
            </results>
          </test-suite>
          <test-suite type="TestFixture" name="Core Runner Parameter Validation Tests" executed="True" result="Success" success="True" time="1.2117" asserts="0" description="Core Runner Parameter Validation Tests">
            <results>
              <test-suite type="TestFixture" name="Core Runner Parameter Validation Tests.core-runner.ps1 parameter validation" executed="True" result="Success" success="True" time="1.1692" asserts="0" description="Core Runner Parameter Validation Tests.core-runner.ps1 parameter validation">
                <results>
                  <test-case description="should accept Quiet parameter as switch" name="Core Runner Parameter Validation Tests.core-runner.ps1 parameter validation.should accept Quiet parameter as switch" time="0.1153" asserts="0" success="True" result="Success" executed="True" />
                  <test-case description="should accept valid Verbosity values" name="Core Runner Parameter Validation Tests.core-runner.ps1 parameter validation.should accept valid Verbosity values" time="0.3043" asserts="0" success="True" result="Success" executed="True" />
                  <test-case description="should reject invalid Verbosity values" name="Core Runner Parameter Validation Tests.core-runner.ps1 parameter validation.should reject invalid Verbosity values" time="0.0087" asserts="0" success="True" result="Success" executed="True" />
                  <test-case description="should accept ConfigFile parameter" name="Core Runner Parameter Validation Tests.core-runner.ps1 parameter validation.should accept ConfigFile parameter" time="0.1055" asserts="0" success="True" result="Success" executed="True" />
                  <test-case description="should accept Auto parameter as switch" name="Core Runner Parameter Validation Tests.core-runner.ps1 parameter validation.should accept Auto parameter as switch" time="0.121" asserts="0" success="True" result="Success" executed="True" />
                  <test-case description="should accept Scripts parameter" name="Core Runner Parameter Validation Tests.core-runner.ps1 parameter validation.should accept Scripts parameter" time="0.104" asserts="0" success="True" result="Success" executed="True" />
                  <test-case description="should accept Force parameter as switch" name="Core Runner Parameter Validation Tests.core-runner.ps1 parameter validation.should accept Force parameter as switch" time="0.099" asserts="0" success="True" result="Success" executed="True" />
                  <test-case description="should accept NonInteractive parameter as switch" name="Core Runner Parameter Validation Tests.core-runner.ps1 parameter validation.should accept NonInteractive parameter as switch" time="0.1081" asserts="0" success="True" result="Success" executed="True" />
                  <test-case description="should support parameter sets correctly" name="Core Runner Parameter Validation Tests.core-runner.ps1 parameter validation.should support parameter sets correctly" time="0.2004" asserts="0" success="True" result="Success" executed="True" />
                </results>
              </test-suite>
            </results>
          </test-suite>
          <test-suite type="TestFixture" name="Core Runner Cross-Platform Compatibility Tests" executed="True" result="Success" success="True" time="1.2284" asserts="0" description="Core Runner Cross-Platform Compatibility Tests">
            <results>
              <test-suite type="TestFixture" name="Core Runner Cross-Platform Compatibility Tests.Path handling and platform-specific code" executed="True" result="Success" success="True" time="0.0102" asserts="0" description="Core Runner Cross-Platform Compatibility Tests.Path handling and platform-specific code">
                <results>
                  <test-case description="should not use Windows-specific path formats in core-runner.ps1" name="Core Runner Cross-Platform Compatibility Tests.Path handling and platform-specific code.should not use Windows-specific path formats in core-runner.ps1" time="0.0023" asserts="0" success="True" result="Success" executed="True" />
                  <test-case description="should use environment variables for paths" name="Core Runner Cross-Platform Compatibility Tests.Path handling and platform-specific code.should use environment variables for paths" time="0.0021" asserts="0" success="True" result="Success" executed="True" />
                  <test-case description="should not use Windows-specific cmdlets" name="Core Runner Cross-Platform Compatibility Tests.Path handling and platform-specific code.should not use Windows-specific cmdlets" time="0.0033" asserts="0" success="True" result="Success" executed="True" />
                </results>
              </test-suite>
              <test-suite type="TestFixture" name="Core Runner Cross-Platform Compatibility Tests.PowerShell version compatibility" executed="True" result="Success" success="True" time="0.0142" asserts="0" description="Core Runner Cross-Platform Compatibility Tests.PowerShell version compatibility">
                <results>
                  <test-case description="should use PowerShell 7.0+ compatible syntax" name="Core Runner Cross-Platform Compatibility Tests.PowerShell version compatibility.should use PowerShell 7.0+ compatible syntax" time="0.0016" asserts="0" success="True" result="Success" executed="True" />
                </results>
              </test-suite>
            </results>
          </test-suite>
          <test-suite type="TestFixture" name="Core Runner Error Handling Tests" executed="True" result="Success" success="True" time="1.4281" asserts="0" description="Core Runner Error Handling Tests">
            <results>
              <test-suite type="TestFixture" name="Core Runner Error Handling Tests.Error handling patterns" executed="True" result="Success" success="True" time="0.1966" asserts="0" description="Core Runner Error Handling Tests.Error handling patterns">
                <results>
                  <test-case description="should handle missing configuration files gracefully" name="Core Runner Error Handling Tests.Error handling patterns.should handle missing configuration files gracefully" time="0.0962" asserts="0" success="True" result="Success" executed="True" />
                  <test-case description="should validate input parameters" name="Core Runner Error Handling Tests.Error handling patterns.should validate input parameters" time="0.0951" asserts="0" success="True" result="Success" executed="True" />
                  <test-case description="should set appropriate error action preference" name="Core Runner Error Handling Tests.Error handling patterns.should set appropriate error action preference" time="0.0026" asserts="0" success="True" result="Success" executed="True" />
                </results>
              </test-suite>
            </results>
          </test-suite>
          <test-suite type="TestFixture" name="Core Runner Performance Tests" executed="True" result="Success" success="True" time="1.633" asserts="0" description="Core Runner Performance Tests">
            <results>
              <test-suite type="TestFixture" name="Core Runner Performance Tests.Execution performance" executed="True" result="Success" success="True" time="0.2024" asserts="0" description="Core Runner Performance Tests.Execution performance">
                <results>
                  <test-case description="should load and validate parameters quickly" name="Core Runner Performance Tests.Execution performance.should load and validate parameters quickly" time="0.099" asserts="0" success="True" result="Success" executed="True" />
                  <test-case description="should handle multiple parameter validations efficiently" name="Core Runner Performance Tests.Execution performance.should handle multiple parameter validations efficiently" time="0.1008" asserts="0" success="True" result="Success" executed="True" />
                </results>
              </test-suite>
            </results>
          </test-suite>
        </results>
      </test-suite>
      <test-suite type="TestFixture" name="$env:PROJECT_ROOT\tests\unit\modules\DevEnvironment\DevEnvironment-Core.Tests.ps1" executed="True" result="Success" success="True" time="0.1656" asserts="0" description="$env:PROJECT_ROOT\tests\unit\modules\DevEnvironment\DevEnvironment-Core.Tests.ps1">
        <results>
          <test-suite type="TestFixture" name="DevEnvironment Module Tests" executed="True" result="Success" success="True" time="0.0635" asserts="0" description="DevEnvironment Module Tests">
            <results>
              <test-suite type="TestFixture" name="DevEnvironment Module Tests.Module Import" executed="True" result="Success" success="True" time="0.0547" asserts="0" description="DevEnvironment Module Tests.Module Import">
                <results>
                  <test-case description="Should import without errors" name="DevEnvironment Module Tests.Module Import.Should import without errors" time="0.0522" asserts="0" success="True" result="Success" executed="True" />
                </results>
              </test-suite>
              <test-suite type="TestFixture" name="DevEnvironment Module Tests.Core Functions" executed="True" result="Success" success="True" time="0.0606" asserts="0" description="DevEnvironment Module Tests.Core Functions">
                <results>
                  <test-case description="Should have exported functions available" name="DevEnvironment Module Tests.Core Functions.Should have exported functions available" time="0.0032" asserts="0" success="True" result="Success" executed="True" />
                </results>
              </test-suite>
            </results>
          </test-suite>
        </results>
      </test-suite>
      <test-suite type="TestFixture" name="$env:PROJECT_ROOT\tests\unit\modules\LabRunner\LabRunner-Core.Tests.ps1" executed="True" result="Success" success="True" time="0.1903" asserts="0" description="$env:PROJECT_ROOT\tests\unit\modules\LabRunner\LabRunner-Core.Tests.ps1">
        <results>
          <test-suite type="TestFixture" name="LabRunner Module Tests" executed="True" result="Success" success="True" time="0.0807" asserts="0" description="LabRunner Module Tests">
            <results>
              <test-suite type="TestFixture" name="LabRunner Module Tests.Module Import" executed="True" result="Success" success="True" time="0.0692" asserts="0" description="LabRunner Module Tests.Module Import">
                <results>
                  <test-case description="Should import without errors" name="LabRunner Module Tests.Module Import.Should import without errors" time="0.0668" asserts="0" success="True" result="Success" executed="True" />
                </results>
              </test-suite>
              <test-suite type="TestFixture" name="LabRunner Module Tests.Core Functions" executed="True" result="Success" success="True" time="0.0734" asserts="0" description="LabRunner Module Tests.Core Functions">
                <results>
                  <test-case description="Should have exported functions available" name="LabRunner Module Tests.Core Functions.Should have exported functions available" time="0.0015" asserts="0" success="True" result="Success" executed="True" />
                </results>
              </test-suite>
              <test-suite type="TestFixture" name="LabRunner Module Tests.Basic Functionality" executed="True" result="Success" success="True" time="0.0779" asserts="0" description="LabRunner Module Tests.Basic Functionality">
                <results>
                  <test-case description="Should handle basic operations without errors" name="LabRunner Module Tests.Basic Functionality.Should handle basic operations without errors" time="0.002" asserts="0" success="True" result="Success" executed="True" />
                </results>
              </test-suite>
            </results>
          </test-suite>
        </results>
      </test-suite>
      <test-suite type="TestFixture" name="$env:PROJECT_ROOT\tests\unit\modules\Logging\Logging-Core.Tests.ps1" executed="True" result="Success" success="True" time="1.0225" asserts="0" description="$env:PROJECT_ROOT\tests\unit\modules\Logging\Logging-Core.Tests.ps1">
        <results>
          <test-suite type="TestFixture" name="Logging Module - Core Functions" executed="True" result="Success" success="True" time="0.9093" asserts="0" description="Logging Module - Core Functions">
            <results>
              <test-suite type="TestFixture" name="Logging Module - Core Functions.Initialize-LoggingSystem" executed="True" result="Success" success="True" time="0.0721" asserts="0" description="Logging Module - Core Functions.Initialize-LoggingSystem">
                <results>
                  <test-case description="Should initialize logging system with default settings" name="Logging Module - Core Functions.Initialize-LoggingSystem.Should initialize logging system with default settings" time="0.0154" asserts="0" success="True" result="Success" executed="True" />
                  <test-case description="Should initialize logging system with custom log path" name="Logging Module - Core Functions.Initialize-LoggingSystem.Should initialize logging system with custom log path" time="0.0104" asserts="0" success="True" result="Success" executed="True" />
                  <test-case description="Should initialize logging system with custom log levels" name="Logging Module - Core Functions.Initialize-LoggingSystem.Should initialize logging system with custom log levels" time="0.0143" asserts="0" success="True" result="Success" executed="True" />
                  <test-case description="Should initialize logging system with trace and performance enabled" name="Logging Module - Core Functions.Initialize-LoggingSystem.Should initialize logging system with trace and performance enabled" time="0.0153" asserts="0" success="True" result="Success" executed="True" />
                  <test-case description="Should create log directory if it doesn't exist" name="Logging Module - Core Functions.Initialize-LoggingSystem.Should create log directory if it doesn't exist" time="0.0068" asserts="0" success="True" result="Success" executed="True" />
                </results>
              </test-suite>
              <test-suite type="TestFixture" name="Logging Module - Core Functions.Write-CustomLog" executed="True" result="Success" success="True" time="0.383" asserts="0" description="Logging Module - Core Functions.Write-CustomLog">
                <results>
                  <test-case description="Should write INFO level log message" name="Logging Module - Core Functions.Write-CustomLog.Should write INFO level log message" time="0.0188" asserts="0" success="True" result="Success" executed="True" />
                  <test-case description="Should write ERROR level log message" name="Logging Module - Core Functions.Write-CustomLog.Should write ERROR level log message" time="0.0204" asserts="0" success="True" result="Success" executed="True" />
                  <test-case description="Should write WARN level log message" name="Logging Module - Core Functions.Write-CustomLog.Should write WARN level log message" time="0.0458" asserts="0" success="True" result="Success" executed="True" />
                  <test-case description="Should write DEBUG level log message" name="Logging Module - Core Functions.Write-CustomLog.Should write DEBUG level log message" time="0.0319" asserts="0" success="True" result="Success" executed="True" />
                  <test-case description="Should write SUCCESS level log message" name="Logging Module - Core Functions.Write-CustomLog.Should write SUCCESS level log message" time="0.0475" asserts="0" success="True" result="Success" executed="True" />
                  <test-case description="Should write TRACE level log message" name="Logging Module - Core Functions.Write-CustomLog.Should write TRACE level log message" time="0.0326" asserts="0" success="True" result="Success" executed="True" />
                  <test-case description="Should write message with context" name="Logging Module - Core Functions.Write-CustomLog.Should write message with context" time="0.0518" asserts="0" success="True" result="Success" executed="True" />
                  <test-case description="Should write message with additional data" name="Logging Module - Core Functions.Write-CustomLog.Should write message with additional data" time="0.0369" asserts="0" success="True" result="Success" executed="True" />
                  <test-case description="Should create log file when writing first message" name="Logging Module - Core Functions.Write-CustomLog.Should create log file when writing first message" time="0.0216" asserts="0" success="True" result="Success" executed="True" />
                </results>
              </test-suite>
              <test-suite type="TestFixture" name="Logging Module - Core Functions.Performance Tracing" executed="True" result="Success" success="True" time="0.7465" asserts="0" description="Logging Module - Core Functions.Performance Tracing">
                <results>
                  <test-case description="Should start performance trace" name="Logging Module - Core Functions.Performance Tracing.Should start performance trace" time="0.0122" asserts="0" success="True" result="Success" executed="True" />
                  <test-case description="Should stop performance trace" name="Logging Module - Core Functions.Performance Tracing.Should stop performance trace" time="0.1341" asserts="0" success="True" result="Success" executed="True" />
                  <test-case description="Should measure execution time" name="Logging Module - Core Functions.Performance Tracing.Should measure execution time" time="0.133" asserts="0" success="True" result="Success" executed="True" />
                  <test-case description="Should handle multiple concurrent traces" name="Logging Module - Core Functions.Performance Tracing.Should handle multiple concurrent traces" time="0.0783" asserts="0" success="True" result="Success" executed="True" />
                </results>
              </test-suite>
              <test-suite type="TestFixture" name="Logging Module - Core Functions.Trace Logging" executed="True" result="Success" success="True" time="0.8238" asserts="0" description="Logging Module - Core Functions.Trace Logging">
                <results>
                  <test-case description="Should write trace log with call stack" name="Logging Module - Core Functions.Trace Logging.Should write trace log with call stack" time="0.0244" asserts="0" success="True" result="Success" executed="True" />
                  <test-case description="Should write trace log with custom context" name="Logging Module - Core Functions.Trace Logging.Should write trace log with custom context" time="0.046" asserts="0" success="True" result="Success" executed="True" />
                </results>
              </test-suite>
              <test-suite type="TestFixture" name="Logging Module - Core Functions.Debug Context" executed="True" result="Success" success="True" time="0.896" asserts="0" description="Logging Module - Core Functions.Debug Context">
                <results>
                  <test-case description="Should write debug context information" name="Logging Module - Core Functions.Debug Context.Should write debug context information" time="0.0174" asserts="0" success="True" result="Success" executed="True" />
                  <test-case description="Should write debug context with custom message" name="Logging Module - Core Functions.Debug Context.Should write debug context with custom message" time="0.0512" asserts="0" success="True" result="Success" executed="True" />
                </results>
              </test-suite>
              <test-suite type="TestFixture" name="Logging Module - Core Functions.Configuration Management" executed="True" result="Success" success="True" time="0.9062" asserts="0" description="Logging Module - Core Functions.Configuration Management">
                <results>
                  <test-case description="Should get current logging configuration" name="Logging Module - Core Functions.Configuration Management.Should get current logging configuration" time="0.0024" asserts="0" success="True" result="Success" executed="True" />
                  <test-case description="Should set logging configuration" name="Logging Module - Core Functions.Configuration Management.Should set logging configuration" time="0.0053" asserts="0" success="True" result="Success" executed="True" />
                </results>
              </test-suite>
            </results>
          </test-suite>
          <test-suite type="TestFixture" name="Logging Module - Error Handling" executed="True" result="Success" success="True" time="0.9572" asserts="0" description="Logging Module - Error Handling">
            <results>
              <test-suite type="TestFixture" name="Logging Module - Error Handling.Invalid Parameters" executed="True" result="Success" success="True" time="0.0062" asserts="0" description="Logging Module - Error Handling.Invalid Parameters">
                <results>
                  <test-case description="Should handle invalid log level gracefully" name="Logging Module - Error Handling.Invalid Parameters.Should handle invalid log level gracefully" time="0.0016" asserts="0" success="True" result="Success" executed="True" />
                  <test-case description="Should handle null or empty messages" name="Logging Module - Error Handling.Invalid Parameters.Should handle null or empty messages" time="0.002" asserts="0" success="True" result="Success" executed="True" />
                </results>
              </test-suite>
              <test-suite type="TestFixture" name="Logging Module - Error Handling.File System Issues" executed="True" result="Success" success="True" time="0.0454" asserts="0" description="Logging Module - Error Handling.File System Issues">
                <results>
                  <test-case description="Should handle inaccessible log directory" name="Logging Module - Error Handling.File System Issues.Should handle inaccessible log directory" time="0.0366" asserts="0" success="True" result="Success" executed="True" />
                </results>
              </test-suite>
            </results>
          </test-suite>
        </results>
      </test-suite>
      <test-suite type="TestFixture" name="$env:PROJECT_ROOT\tests\unit\modules\ParallelExecution\ParallelExecution-Core.Tests.ps1" executed="True" result="Failure" success="False" time="5.4843" asserts="0" description="$env:PROJECT_ROOT\tests\unit\modules\ParallelExecution\ParallelExecution-Core.Tests.ps1">
        <results>
          <test-suite type="TestFixture" name="ParallelExecution Module - Core Functions" executed="True" result="Failure" success="False" time="4.6395" asserts="0" description="ParallelExecution Module - Core Functions">
            <results>
              <test-suite type="TestFixture" name="ParallelExecution Module - Core Functions.Invoke-ParallelForEach" executed="True" result="Failure" success="False" time="0.3757" asserts="0" description="ParallelExecution Module - Core Functions.Invoke-ParallelForEach">
                <results>
                  <test-case description="Should execute script block in parallel for multiple inputs" name="ParallelExecution Module - Core Functions.Invoke-ParallelForEach.Should execute script block in parallel for multiple inputs" time="0.0693" asserts="0" success="False" result="Failure" executed="True">
                    <failure>
                      <message>[0] Expected 2 to be found in collection @($null, $null, $null, $null, $null), but it was not found.
[1] Expected 4 to be found in collection @($null, $null, $null, $null, $null), but it was not found.
[2] Expected 6 to be found in collection @($null, $null, $null, $null, $null), but it was not found.
[3] Expected 8 to be found in collection @($null, $null, $null, $null, $null), but it was not found.
[4] Expected 10 to be found in collection @($null, $null, $null, $null, $null), but it was not found.</message>
                      <stack-trace>[0] at $results | Should -Contain 2, $env:PROJECT_ROOT\tests\unit\modules\ParallelExecution\ParallelExecution-Core.Tests.ps1:43
at Invoke-Assertion, C:\Users\alexa\OneDrive\Documents\PowerShell\Modules\Pester\5.7.1\Pester.psm1:8257
at Should&lt;End&gt;, C:\Users\alexa\OneDrive\Documents\PowerShell\Modules\Pester\5.7.1\Pester.psm1:8189
at &lt;ScriptBlock&gt;, $env:PROJECT_ROOT\tests\unit\modules\ParallelExecution\ParallelExecution-Core.Tests.ps1:43
at &lt;ScriptBlock&gt;, C:\Users\alexa\OneDrive\Documents\PowerShell\Modules\Pester\5.7.1\Pester.psm1:2024
at &lt;ScriptBlock&gt;, C:\Users\alexa\OneDrive\Documents\PowerShell\Modules\Pester\5.7.1\Pester.psm1:1985
at Invoke-ScriptBlock, C:\Users\alexa\OneDrive\Documents\PowerShell\Modules\Pester\5.7.1\Pester.psm1:2157
at Invoke-TestItem, C:\Users\alexa\OneDrive\Documents\PowerShell\Modules\Pester\5.7.1\Pester.psm1:1199
at Invoke-Block, C:\Users\alexa\OneDrive\Documents\PowerShell\Modules\Pester\5.7.1\Pester.psm1:835
at &lt;ScriptBlock&gt;, C:\Users\alexa\OneDrive\Documents\PowerShell\Modules\Pester\5.7.1\Pester.psm1:893
at &lt;ScriptBlock&gt;, C:\Users\alexa\OneDrive\Documents\PowerShell\Modules\Pester\5.7.1\Pester.psm1:2024
at &lt;ScriptBlock&gt;, C:\Users\alexa\OneDrive\Documents\PowerShell\Modules\Pester\5.7.1\Pester.psm1:1985
at Invoke-ScriptBlock, C:\Users\alexa\OneDrive\Documents\PowerShell\Modules\Pester\5.7.1\Pester.psm1:2160
at Invoke-Block, C:\Users\alexa\OneDrive\Documents\PowerShell\Modules\Pester\5.7.1\Pester.psm1:940
at &lt;ScriptBlock&gt;, C:\Users\alexa\OneDrive\Documents\PowerShell\Modules\Pester\5.7.1\Pester.psm1:893
at &lt;ScriptBlock&gt;, C:\Users\alexa\OneDrive\Documents\PowerShell\Modules\Pester\5.7.1\Pester.psm1:2024
at &lt;ScriptBlock&gt;, C:\Users\alexa\OneDrive\Documents\PowerShell\Modules\Pester\5.7.1\Pester.psm1:1985
at Invoke-ScriptBlock, C:\Users\alexa\OneDrive\Documents\PowerShell\Modules\Pester\5.7.1\Pester.psm1:2160
at Invoke-Block, C:\Users\alexa\OneDrive\Documents\PowerShell\Modules\Pester\5.7.1\Pester.psm1:940
at &lt;ScriptBlock&gt;, C:\Users\alexa\OneDrive\Documents\PowerShell\Modules\Pester\5.7.1\Pester.psm1:893
at &lt;ScriptBlock&gt;, C:\Users\alexa\OneDrive\Documents\PowerShell\Modules\Pester\5.7.1\Pester.psm1:2024
at &lt;ScriptBlock&gt;, C:\Users\alexa\OneDrive\Documents\PowerShell\Modules\Pester\5.7.1\Pester.psm1:1985
at Invoke-ScriptBlock, C:\Users\alexa\OneDrive\Documents\PowerShell\Modules\Pester\5.7.1\Pester.psm1:2160
at Invoke-Block, C:\Users\alexa\OneDrive\Documents\PowerShell\Modules\Pester\5.7.1\Pester.psm1:940
at &lt;ScriptBlock&gt;, C:\Users\alexa\OneDrive\Documents\PowerShell\Modules\Pester\5.7.1\Pester.psm1:1688
at &lt;ScriptBlock&gt;, C:\Users\alexa\OneDrive\Documents\PowerShell\Modules\Pester\5.7.1\Pester.ps1:3
at &lt;ScriptBlock&gt;, C:\Users\alexa\OneDrive\Documents\PowerShell\Modules\Pester\5.7.1\Pester.psm1:3260
at Invoke-InNewScriptScope, C:\Users\alexa\OneDrive\Documents\PowerShell\Modules\Pester\5.7.1\Pester.psm1:3267
at Run-Test, C:\Users\alexa\OneDrive\Documents\PowerShell\Modules\Pester\5.7.1\Pester.psm1:1691
at Invoke-Test, C:\Users\alexa\OneDrive\Documents\PowerShell\Modules\Pester\5.7.1\Pester.psm1:2512
at Invoke-Pester&lt;End&gt;, C:\Users\alexa\OneDrive\Documents\PowerShell\Modules\Pester\5.7.1\Pester.psm1:4960
at &lt;ScriptBlock&gt;, &lt;No file&gt;:1
[1] at $results | Should -Contain 4, $env:PROJECT_ROOT\tests\unit\modules\ParallelExecution\ParallelExecution-Core.Tests.ps1:44
at Invoke-Assertion, C:\Users\alexa\OneDrive\Documents\PowerShell\Modules\Pester\5.7.1\Pester.psm1:8257
at Should&lt;End&gt;, C:\Users\alexa\OneDrive\Documents\PowerShell\Modules\Pester\5.7.1\Pester.psm1:8189
at &lt;ScriptBlock&gt;, $env:PROJECT_ROOT\tests\unit\modules\ParallelExecution\ParallelExecution-Core.Tests.ps1:44
at &lt;ScriptBlock&gt;, C:\Users\alexa\OneDrive\Documents\PowerShell\Modules\Pester\5.7.1\Pester.psm1:2024
at &lt;ScriptBlock&gt;, C:\Users\alexa\OneDrive\Documents\PowerShell\Modules\Pester\5.7.1\Pester.psm1:1985
at Invoke-ScriptBlock, C:\Users\alexa\OneDrive\Documents\PowerShell\Modules\Pester\5.7.1\Pester.psm1:2157
at Invoke-TestItem, C:\Users\alexa\OneDrive\Documents\PowerShell\Modules\Pester\5.7.1\Pester.psm1:1199
at Invoke-Block, C:\Users\alexa\OneDrive\Documents\PowerShell\Modules\Pester\5.7.1\Pester.psm1:835
at &lt;ScriptBlock&gt;, C:\Users\alexa\OneDrive\Documents\PowerShell\Modules\Pester\5.7.1\Pester.psm1:893
at &lt;ScriptBlock&gt;, C:\Users\alexa\OneDrive\Documents\PowerShell\Modules\Pester\5.7.1\Pester.psm1:2024
at &lt;ScriptBlock&gt;, C:\Users\alexa\OneDrive\Documents\PowerShell\Modules\Pester\5.7.1\Pester.psm1:1985
at Invoke-ScriptBlock, C:\Users\alexa\OneDrive\Documents\PowerShell\Modules\Pester\5.7.1\Pester.psm1:2160
at Invoke-Block, C:\Users\alexa\OneDrive\Documents\PowerShell\Modules\Pester\5.7.1\Pester.psm1:940
at &lt;ScriptBlock&gt;, C:\Users\alexa\OneDrive\Documents\PowerShell\Modules\Pester\5.7.1\Pester.psm1:893
at &lt;ScriptBlock&gt;, C:\Users\alexa\OneDrive\Documents\PowerShell\Modules\Pester\5.7.1\Pester.psm1:2024
at &lt;ScriptBlock&gt;, C:\Users\alexa\OneDrive\Documents\PowerShell\Modules\Pester\5.7.1\Pester.psm1:1985
at Invoke-ScriptBlock, C:\Users\alexa\OneDrive\Documents\PowerShell\Modules\Pester\5.7.1\Pester.psm1:2160
at Invoke-Block, C:\Users\alexa\OneDrive\Documents\PowerShell\Modules\Pester\5.7.1\Pester.psm1:940
at &lt;ScriptBlock&gt;, C:\Users\alexa\OneDrive\Documents\PowerShell\Modules\Pester\5.7.1\Pester.psm1:893
at &lt;ScriptBlock&gt;, C:\Users\alexa\OneDrive\Documents\PowerShell\Modules\Pester\5.7.1\Pester.psm1:2024
at &lt;ScriptBlock&gt;, C:\Users\alexa\OneDrive\Documents\PowerShell\Modules\Pester\5.7.1\Pester.psm1:1985
at Invoke-ScriptBlock, C:\Users\alexa\OneDrive\Documents\PowerShell\Modules\Pester\5.7.1\Pester.psm1:2160
at Invoke-Block, C:\Users\alexa\OneDrive\Documents\PowerShell\Modules\Pester\5.7.1\Pester.psm1:940
at &lt;ScriptBlock&gt;, C:\Users\alexa\OneDrive\Documents\PowerShell\Modules\Pester\5.7.1\Pester.psm1:1688
at &lt;ScriptBlock&gt;, C:\Users\alexa\OneDrive\Documents\PowerShell\Modules\Pester\5.7.1\Pester.ps1:3
at &lt;ScriptBlock&gt;, C:\Users\alexa\OneDrive\Documents\PowerShell\Modules\Pester\5.7.1\Pester.psm1:3260
at Invoke-InNewScriptScope, C:\Users\alexa\OneDrive\Documents\PowerShell\Modules\Pester\5.7.1\Pester.psm1:3267
at Run-Test, C:\Users\alexa\OneDrive\Documents\PowerShell\Modules\Pester\5.7.1\Pester.psm1:1691
at Invoke-Test, C:\Users\alexa\OneDrive\Documents\PowerShell\Modules\Pester\5.7.1\Pester.psm1:2512
at Invoke-Pester&lt;End&gt;, C:\Users\alexa\OneDrive\Documents\PowerShell\Modules\Pester\5.7.1\Pester.psm1:4960
at &lt;ScriptBlock&gt;, &lt;No file&gt;:1
[2] at $results | Should -Contain 6, $env:PROJECT_ROOT\tests\unit\modules\ParallelExecution\ParallelExecution-Core.Tests.ps1:45
at Invoke-Assertion, C:\Users\alexa\OneDrive\Documents\PowerShell\Modules\Pester\5.7.1\Pester.psm1:8257
at Should&lt;End&gt;, C:\Users\alexa\OneDrive\Documents\PowerShell\Modules\Pester\5.7.1\Pester.psm1:8189
at &lt;ScriptBlock&gt;, $env:PROJECT_ROOT\tests\unit\modules\ParallelExecution\ParallelExecution-Core.Tests.ps1:45
at &lt;ScriptBlock&gt;, C:\Users\alexa\OneDrive\Documents\PowerShell\Modules\Pester\5.7.1\Pester.psm1:2024
at &lt;ScriptBlock&gt;, C:\Users\alexa\OneDrive\Documents\PowerShell\Modules\Pester\5.7.1\Pester.psm1:1985
at Invoke-ScriptBlock, C:\Users\alexa\OneDrive\Documents\PowerShell\Modules\Pester\5.7.1\Pester.psm1:2157
at Invoke-TestItem, C:\Users\alexa\OneDrive\Documents\PowerShell\Modules\Pester\5.7.1\Pester.psm1:1199
at Invoke-Block, C:\Users\alexa\OneDrive\Documents\PowerShell\Modules\Pester\5.7.1\Pester.psm1:835
at &lt;ScriptBlock&gt;, C:\Users\alexa\OneDrive\Documents\PowerShell\Modules\Pester\5.7.1\Pester.psm1:893
at &lt;ScriptBlock&gt;, C:\Users\alexa\OneDrive\Documents\PowerShell\Modules\Pester\5.7.1\Pester.psm1:2024
at &lt;ScriptBlock&gt;, C:\Users\alexa\OneDrive\Documents\PowerShell\Modules\Pester\5.7.1\Pester.psm1:1985
at Invoke-ScriptBlock, C:\Users\alexa\OneDrive\Documents\PowerShell\Modules\Pester\5.7.1\Pester.psm1:2160
at Invoke-Block, C:\Users\alexa\OneDrive\Documents\PowerShell\Modules\Pester\5.7.1\Pester.psm1:940
at &lt;ScriptBlock&gt;, C:\Users\alexa\OneDrive\Documents\PowerShell\Modules\Pester\5.7.1\Pester.psm1:893
at &lt;ScriptBlock&gt;, C:\Users\alexa\OneDrive\Documents\PowerShell\Modules\Pester\5.7.1\Pester.psm1:2024
at &lt;ScriptBlock&gt;, C:\Users\alexa\OneDrive\Documents\PowerShell\Modules\Pester\5.7.1\Pester.psm1:1985
at Invoke-ScriptBlock, C:\Users\alexa\OneDrive\Documents\PowerShell\Modules\Pester\5.7.1\Pester.psm1:2160
at Invoke-Block, C:\Users\alexa\OneDrive\Documents\PowerShell\Modules\Pester\5.7.1\Pester.psm1:940
at &lt;ScriptBlock&gt;, C:\Users\alexa\OneDrive\Documents\PowerShell\Modules\Pester\5.7.1\Pester.psm1:893
at &lt;ScriptBlock&gt;, C:\Users\alexa\OneDrive\Documents\PowerShell\Modules\Pester\5.7.1\Pester.psm1:2024
at &lt;ScriptBlock&gt;, C:\Users\alexa\OneDrive\Documents\PowerShell\Modules\Pester\5.7.1\Pester.psm1:1985
at Invoke-ScriptBlock, C:\Users\alexa\OneDrive\Documents\PowerShell\Modules\Pester\5.7.1\Pester.psm1:2160
at Invoke-Block, C:\Users\alexa\OneDrive\Documents\PowerShell\Modules\Pester\5.7.1\Pester.psm1:940
at &lt;ScriptBlock&gt;, C:\Users\alexa\OneDrive\Documents\PowerShell\Modules\Pester\5.7.1\Pester.psm1:1688
at &lt;ScriptBlock&gt;, C:\Users\alexa\OneDrive\Documents\PowerShell\Modules\Pester\5.7.1\Pester.ps1:3
at &lt;ScriptBlock&gt;, C:\Users\alexa\OneDrive\Documents\PowerShell\Modules\Pester\5.7.1\Pester.psm1:3260
at Invoke-InNewScriptScope, C:\Users\alexa\OneDrive\Documents\PowerShell\Modules\Pester\5.7.1\Pester.psm1:3267
at Run-Test, C:\Users\alexa\OneDrive\Documents\PowerShell\Modules\Pester\5.7.1\Pester.psm1:1691
at Invoke-Test, C:\Users\alexa\OneDrive\Documents\PowerShell\Modules\Pester\5.7.1\Pester.psm1:2512
at Invoke-Pester&lt;End&gt;, C:\Users\alexa\OneDrive\Documents\PowerShell\Modules\Pester\5.7.1\Pester.psm1:4960
at &lt;ScriptBlock&gt;, &lt;No file&gt;:1
[3] at $results | Should -Contain 8, $env:PROJECT_ROOT\tests\unit\modules\ParallelExecution\ParallelExecution-Core.Tests.ps1:46
at Invoke-Assertion, C:\Users\alexa\OneDrive\Documents\PowerShell\Modules\Pester\5.7.1\Pester.psm1:8257
at Should&lt;End&gt;, C:\Users\alexa\OneDrive\Documents\PowerShell\Modules\Pester\5.7.1\Pester.psm1:8189
at &lt;ScriptBlock&gt;, $env:PROJECT_ROOT\tests\unit\modules\ParallelExecution\ParallelExecution-Core.Tests.ps1:46
at &lt;ScriptBlock&gt;, C:\Users\alexa\OneDrive\Documents\PowerShell\Modules\Pester\5.7.1\Pester.psm1:2024
at &lt;ScriptBlock&gt;, C:\Users\alexa\OneDrive\Documents\PowerShell\Modules\Pester\5.7.1\Pester.psm1:1985
at Invoke-ScriptBlock, C:\Users\alexa\OneDrive\Documents\PowerShell\Modules\Pester\5.7.1\Pester.psm1:2157
at Invoke-TestItem, C:\Users\alexa\OneDrive\Documents\PowerShell\Modules\Pester\5.7.1\Pester.psm1:1199
at Invoke-Block, C:\Users\alexa\OneDrive\Documents\PowerShell\Modules\Pester\5.7.1\Pester.psm1:835
at &lt;ScriptBlock&gt;, C:\Users\alexa\OneDrive\Documents\PowerShell\Modules\Pester\5.7.1\Pester.psm1:893
at &lt;ScriptBlock&gt;, C:\Users\alexa\OneDrive\Documents\PowerShell\Modules\Pester\5.7.1\Pester.psm1:2024
at &lt;ScriptBlock&gt;, C:\Users\alexa\OneDrive\Documents\PowerShell\Modules\Pester\5.7.1\Pester.psm1:1985
at Invoke-ScriptBlock, C:\Users\alexa\OneDrive\Documents\PowerShell\Modules\Pester\5.7.1\Pester.psm1:2160
at Invoke-Block, C:\Users\alexa\OneDrive\Documents\PowerShell\Modules\Pester\5.7.1\Pester.psm1:940
at &lt;ScriptBlock&gt;, C:\Users\alexa\OneDrive\Documents\PowerShell\Modules\Pester\5.7.1\Pester.psm1:893
at &lt;ScriptBlock&gt;, C:\Users\alexa\OneDrive\Documents\PowerShell\Modules\Pester\5.7.1\Pester.psm1:2024
at &lt;ScriptBlock&gt;, C:\Users\alexa\OneDrive\Documents\PowerShell\Modules\Pester\5.7.1\Pester.psm1:1985
at Invoke-ScriptBlock, C:\Users\alexa\OneDrive\Documents\PowerShell\Modules\Pester\5.7.1\Pester.psm1:2160
at Invoke-Block, C:\Users\alexa\OneDrive\Documents\PowerShell\Modules\Pester\5.7.1\Pester.psm1:940
at &lt;ScriptBlock&gt;, C:\Users\alexa\OneDrive\Documents\PowerShell\Modules\Pester\5.7.1\Pester.psm1:893
at &lt;ScriptBlock&gt;, C:\Users\alexa\OneDrive\Documents\PowerShell\Modules\Pester\5.7.1\Pester.psm1:2024
at &lt;ScriptBlock&gt;, C:\Users\alexa\OneDrive\Documents\PowerShell\Modules\Pester\5.7.1\Pester.psm1:1985
at Invoke-ScriptBlock, C:\Users\alexa\OneDrive\Documents\PowerShell\Modules\Pester\5.7.1\Pester.psm1:2160
at Invoke-Block, C:\Users\alexa\OneDrive\Documents\PowerShell\Modules\Pester\5.7.1\Pester.psm1:940
at &lt;ScriptBlock&gt;, C:\Users\alexa\OneDrive\Documents\PowerShell\Modules\Pester\5.7.1\Pester.psm1:1688
at &lt;ScriptBlock&gt;, C:\Users\alexa\OneDrive\Documents\PowerShell\Modules\Pester\5.7.1\Pester.ps1:3
at &lt;ScriptBlock&gt;, C:\Users\alexa\OneDrive\Documents\PowerShell\Modules\Pester\5.7.1\Pester.psm1:3260
at Invoke-InNewScriptScope, C:\Users\alexa\OneDrive\Documents\PowerShell\Modules\Pester\5.7.1\Pester.psm1:3267
at Run-Test, C:\Users\alexa\OneDrive\Documents\PowerShell\Modules\Pester\5.7.1\Pester.psm1:1691
at Invoke-Test, C:\Users\alexa\OneDrive\Documents\PowerShell\Modules\Pester\5.7.1\Pester.psm1:2512
at Invoke-Pester&lt;End&gt;, C:\Users\alexa\OneDrive\Documents\PowerShell\Modules\Pester\5.7.1\Pester.psm1:4960
at &lt;ScriptBlock&gt;, &lt;No file&gt;:1
[4] at $results | Should -Contain 10, $env:PROJECT_ROOT\tests\unit\modules\ParallelExecution\ParallelExecution-Core.Tests.ps1:47
at Invoke-Assertion, C:\Users\alexa\OneDrive\Documents\PowerShell\Modules\Pester\5.7.1\Pester.psm1:8257
at Should&lt;End&gt;, C:\Users\alexa\OneDrive\Documents\PowerShell\Modules\Pester\5.7.1\Pester.psm1:8189
at &lt;ScriptBlock&gt;, $env:PROJECT_ROOT\tests\unit\modules\ParallelExecution\ParallelExecution-Core.Tests.ps1:47
at &lt;ScriptBlock&gt;, C:\Users\alexa\OneDrive\Documents\PowerShell\Modules\Pester\5.7.1\Pester.psm1:2024
at &lt;ScriptBlock&gt;, C:\Users\alexa\OneDrive\Documents\PowerShell\Modules\Pester\5.7.1\Pester.psm1:1985
at Invoke-ScriptBlock, C:\Users\alexa\OneDrive\Documents\PowerShell\Modules\Pester\5.7.1\Pester.psm1:2157
at Invoke-TestItem, C:\Users\alexa\OneDrive\Documents\PowerShell\Modules\Pester\5.7.1\Pester.psm1:1199
at Invoke-Block, C:\Users\alexa\OneDrive\Documents\PowerShell\Modules\Pester\5.7.1\Pester.psm1:835
at &lt;ScriptBlock&gt;, C:\Users\alexa\OneDrive\Documents\PowerShell\Modules\Pester\5.7.1\Pester.psm1:893
at &lt;ScriptBlock&gt;, C:\Users\alexa\OneDrive\Documents\PowerShell\Modules\Pester\5.7.1\Pester.psm1:2024
at &lt;ScriptBlock&gt;, C:\Users\alexa\OneDrive\Documents\PowerShell\Modules\Pester\5.7.1\Pester.psm1:1985
at Invoke-ScriptBlock, C:\Users\alexa\OneDrive\Documents\PowerShell\Modules\Pester\5.7.1\Pester.psm1:2160
at Invoke-Block, C:\Users\alexa\OneDrive\Documents\PowerShell\Modules\Pester\5.7.1\Pester.psm1:940
at &lt;ScriptBlock&gt;, C:\Users\alexa\OneDrive\Documents\PowerShell\Modules\Pester\5.7.1\Pester.psm1:893
at &lt;ScriptBlock&gt;, C:\Users\alexa\OneDrive\Documents\PowerShell\Modules\Pester\5.7.1\Pester.psm1:2024
at &lt;ScriptBlock&gt;, C:\Users\alexa\OneDrive\Documents\PowerShell\Modules\Pester\5.7.1\Pester.psm1:1985
at Invoke-ScriptBlock, C:\Users\alexa\OneDrive\Documents\PowerShell\Modules\Pester\5.7.1\Pester.psm1:2160
at Invoke-Block, C:\Users\alexa\OneDrive\Documents\PowerShell\Modules\Pester\5.7.1\Pester.psm1:940
at &lt;ScriptBlock&gt;, C:\Users\alexa\OneDrive\Documents\PowerShell\Modules\Pester\5.7.1\Pester.psm1:893
at &lt;ScriptBlock&gt;, C:\Users\alexa\OneDrive\Documents\PowerShell\Modules\Pester\5.7.1\Pester.psm1:2024
at &lt;ScriptBlock&gt;, C:\Users\alexa\OneDrive\Documents\PowerShell\Modules\Pester\5.7.1\Pester.psm1:1985
at Invoke-ScriptBlock, C:\Users\alexa\OneDrive\Documents\PowerShell\Modules\Pester\5.7.1\Pester.psm1:2160
at Invoke-Block, C:\Users\alexa\OneDrive\Documents\PowerShell\Modules\Pester\5.7.1\Pester.psm1:940
at &lt;ScriptBlock&gt;, C:\Users\alexa\OneDrive\Documents\PowerShell\Modules\Pester\5.7.1\Pester.psm1:1688
at &lt;ScriptBlock&gt;, C:\Users\alexa\OneDrive\Documents\PowerShell\Modules\Pester\5.7.1\Pester.ps1:3
at &lt;ScriptBlock&gt;, C:\Users\alexa\OneDrive\Documents\PowerShell\Modules\Pester\5.7.1\Pester.psm1:3260
at Invoke-InNewScriptScope, C:\Users\alexa\OneDrive\Documents\PowerShell\Modules\Pester\5.7.1\Pester.psm1:3267
at Run-Test, C:\Users\alexa\OneDrive\Documents\PowerShell\Modules\Pester\5.7.1\Pester.psm1:1691
at Invoke-Test, C:\Users\alexa\OneDrive\Documents\PowerShell\Modules\Pester\5.7.1\Pester.psm1:2512
at Invoke-Pester&lt;End&gt;, C:\Users\alexa\OneDrive\Documents\PowerShell\Modules\Pester\5.7.1\Pester.psm1:4960
at &lt;ScriptBlock&gt;, &lt;No file&gt;:1</stack-trace>
                    </failure>
                  </test-case>
                  <test-case description="Should respect throttle limit" name="ParallelExecution Module - Core Functions.Invoke-ParallelForEach.Should respect throttle limit" time="0.0231" asserts="0" success="False" result="Failure" executed="True">
                    <failure>
                      <message>RuntimeException: The value of the using variable '$using:DelayMs' cannot be retrieved because it has not been set in the local session.</message>
                      <stack-trace>at Invoke-ParallelForEach&lt;End&gt;, $env:PROJECT_ROOT\core-runner\modules\ParallelExecution\ParallelExecution.psm1:100
at &lt;ScriptBlock&gt;, $env:PROJECT_ROOT\tests\unit\modules\ParallelExecution\ParallelExecution-Core.Tests.ps1:55
at &lt;ScriptBlock&gt;, C:\Users\alexa\OneDrive\Documents\PowerShell\Modules\Pester\5.7.1\Pester.psm1:2024
at &lt;ScriptBlock&gt;, C:\Users\alexa\OneDrive\Documents\PowerShell\Modules\Pester\5.7.1\Pester.psm1:1985
at Invoke-ScriptBlock, C:\Users\alexa\OneDrive\Documents\PowerShell\Modules\Pester\5.7.1\Pester.psm1:2157
at Invoke-TestItem, C:\Users\alexa\OneDrive\Documents\PowerShell\Modules\Pester\5.7.1\Pester.psm1:1199
at Invoke-Block, C:\Users\alexa\OneDrive\Documents\PowerShell\Modules\Pester\5.7.1\Pester.psm1:835
at &lt;ScriptBlock&gt;, C:\Users\alexa\OneDrive\Documents\PowerShell\Modules\Pester\5.7.1\Pester.psm1:893
at &lt;ScriptBlock&gt;, C:\Users\alexa\OneDrive\Documents\PowerShell\Modules\Pester\5.7.1\Pester.psm1:2024
at &lt;ScriptBlock&gt;, C:\Users\alexa\OneDrive\Documents\PowerShell\Modules\Pester\5.7.1\Pester.psm1:1985
at Invoke-ScriptBlock, C:\Users\alexa\OneDrive\Documents\PowerShell\Modules\Pester\5.7.1\Pester.psm1:2160
at Invoke-Block, C:\Users\alexa\OneDrive\Documents\PowerShell\Modules\Pester\5.7.1\Pester.psm1:940
at &lt;ScriptBlock&gt;, C:\Users\alexa\OneDrive\Documents\PowerShell\Modules\Pester\5.7.1\Pester.psm1:893
at &lt;ScriptBlock&gt;, C:\Users\alexa\OneDrive\Documents\PowerShell\Modules\Pester\5.7.1\Pester.psm1:2024
at &lt;ScriptBlock&gt;, C:\Users\alexa\OneDrive\Documents\PowerShell\Modules\Pester\5.7.1\Pester.psm1:1985
at Invoke-ScriptBlock, C:\Users\alexa\OneDrive\Documents\PowerShell\Modules\Pester\5.7.1\Pester.psm1:2160
at Invoke-Block, C:\Users\alexa\OneDrive\Documents\PowerShell\Modules\Pester\5.7.1\Pester.psm1:940
at &lt;ScriptBlock&gt;, C:\Users\alexa\OneDrive\Documents\PowerShell\Modules\Pester\5.7.1\Pester.psm1:893
at &lt;ScriptBlock&gt;, C:\Users\alexa\OneDrive\Documents\PowerShell\Modules\Pester\5.7.1\Pester.psm1:2024
at &lt;ScriptBlock&gt;, C:\Users\alexa\OneDrive\Documents\PowerShell\Modules\Pester\5.7.1\Pester.psm1:1985
at Invoke-ScriptBlock, C:\Users\alexa\OneDrive\Documents\PowerShell\Modules\Pester\5.7.1\Pester.psm1:2160
at Invoke-Block, C:\Users\alexa\OneDrive\Documents\PowerShell\Modules\Pester\5.7.1\Pester.psm1:940
at &lt;ScriptBlock&gt;, C:\Users\alexa\OneDrive\Documents\PowerShell\Modules\Pester\5.7.1\Pester.psm1:1688
at &lt;ScriptBlock&gt;, C:\Users\alexa\OneDrive\Documents\PowerShell\Modules\Pester\5.7.1\Pester.ps1:3
at &lt;ScriptBlock&gt;, C:\Users\alexa\OneDrive\Documents\PowerShell\Modules\Pester\5.7.1\Pester.psm1:3260
at Invoke-InNewScriptScope, C:\Users\alexa\OneDrive\Documents\PowerShell\Modules\Pester\5.7.1\Pester.psm1:3267
at Run-Test, C:\Users\alexa\OneDrive\Documents\PowerShell\Modules\Pester\5.7.1\Pester.psm1:1691
at Invoke-Test, C:\Users\alexa\OneDrive\Documents\PowerShell\Modules\Pester\5.7.1\Pester.psm1:2512
at Invoke-Pester&lt;End&gt;, C:\Users\alexa\OneDrive\Documents\PowerShell\Modules\Pester\5.7.1\Pester.psm1:4960
at &lt;ScriptBlock&gt;, &lt;No file&gt;:1</stack-trace>
                    </failure>
                  </test-case>
                  <test-case description="Should handle empty input collection" name="ParallelExecution Module - Core Functions.Invoke-ParallelForEach.Should handle empty input collection" time="0.1306" asserts="0" success="True" result="Success" executed="True" />
                  <test-case description="Should handle single input item" name="ParallelExecution Module - Core Functions.Invoke-ParallelForEach.Should handle single input item" time="0.1454" asserts="0" success="False" result="Failure" executed="True">
                    <failure>
                      <message>Expected 'Processed: test', but got P.</message>
                      <stack-trace>at $results[0] | Should -Be "Processed: test", $env:PROJECT_ROOT\tests\unit\modules\ParallelExecution\ParallelExecution-Core.Tests.ps1:79
at Invoke-Assertion, C:\Users\alexa\OneDrive\Documents\PowerShell\Modules\Pester\5.7.1\Pester.psm1:8257
at Should&lt;End&gt;, C:\Users\alexa\OneDrive\Documents\PowerShell\Modules\Pester\5.7.1\Pester.psm1:8189
at &lt;ScriptBlock&gt;, $env:PROJECT_ROOT\tests\unit\modules\ParallelExecution\ParallelExecution-Core.Tests.ps1:79
at &lt;ScriptBlock&gt;, C:\Users\alexa\OneDrive\Documents\PowerShell\Modules\Pester\5.7.1\Pester.psm1:2024
at &lt;ScriptBlock&gt;, C:\Users\alexa\OneDrive\Documents\PowerShell\Modules\Pester\5.7.1\Pester.psm1:1985
at Invoke-ScriptBlock, C:\Users\alexa\OneDrive\Documents\PowerShell\Modules\Pester\5.7.1\Pester.psm1:2157
at Invoke-TestItem, C:\Users\alexa\OneDrive\Documents\PowerShell\Modules\Pester\5.7.1\Pester.psm1:1199
at Invoke-Block, C:\Users\alexa\OneDrive\Documents\PowerShell\Modules\Pester\5.7.1\Pester.psm1:835
at &lt;ScriptBlock&gt;, C:\Users\alexa\OneDrive\Documents\PowerShell\Modules\Pester\5.7.1\Pester.psm1:893
at &lt;ScriptBlock&gt;, C:\Users\alexa\OneDrive\Documents\PowerShell\Modules\Pester\5.7.1\Pester.psm1:2024
at &lt;ScriptBlock&gt;, C:\Users\alexa\OneDrive\Documents\PowerShell\Modules\Pester\5.7.1\Pester.psm1:1985
at Invoke-ScriptBlock, C:\Users\alexa\OneDrive\Documents\PowerShell\Modules\Pester\5.7.1\Pester.psm1:2160
at Invoke-Block, C:\Users\alexa\OneDrive\Documents\PowerShell\Modules\Pester\5.7.1\Pester.psm1:940
at &lt;ScriptBlock&gt;, C:\Users\alexa\OneDrive\Documents\PowerShell\Modules\Pester\5.7.1\Pester.psm1:893
at &lt;ScriptBlock&gt;, C:\Users\alexa\OneDrive\Documents\PowerShell\Modules\Pester\5.7.1\Pester.psm1:2024
at &lt;ScriptBlock&gt;, C:\Users\alexa\OneDrive\Documents\PowerShell\Modules\Pester\5.7.1\Pester.psm1:1985
at Invoke-ScriptBlock, C:\Users\alexa\OneDrive\Documents\PowerShell\Modules\Pester\5.7.1\Pester.psm1:2160
at Invoke-Block, C:\Users\alexa\OneDrive\Documents\PowerShell\Modules\Pester\5.7.1\Pester.psm1:940
at &lt;ScriptBlock&gt;, C:\Users\alexa\OneDrive\Documents\PowerShell\Modules\Pester\5.7.1\Pester.psm1:893
at &lt;ScriptBlock&gt;, C:\Users\alexa\OneDrive\Documents\PowerShell\Modules\Pester\5.7.1\Pester.psm1:2024
at &lt;ScriptBlock&gt;, C:\Users\alexa\OneDrive\Documents\PowerShell\Modules\Pester\5.7.1\Pester.psm1:1985
at Invoke-ScriptBlock, C:\Users\alexa\OneDrive\Documents\PowerShell\Modules\Pester\5.7.1\Pester.psm1:2160
at Invoke-Block, C:\Users\alexa\OneDrive\Documents\PowerShell\Modules\Pester\5.7.1\Pester.psm1:940
at &lt;ScriptBlock&gt;, C:\Users\alexa\OneDrive\Documents\PowerShell\Modules\Pester\5.7.1\Pester.psm1:1688
at &lt;ScriptBlock&gt;, C:\Users\alexa\OneDrive\Documents\PowerShell\Modules\Pester\5.7.1\Pester.ps1:3
at &lt;ScriptBlock&gt;, C:\Users\alexa\OneDrive\Documents\PowerShell\Modules\Pester\5.7.1\Pester.psm1:3260
at Invoke-InNewScriptScope, C:\Users\alexa\OneDrive\Documents\PowerShell\Modules\Pester\5.7.1\Pester.psm1:3267
at Run-Test, C:\Users\alexa\OneDrive\Documents\PowerShell\Modules\Pester\5.7.1\Pester.psm1:1691
at Invoke-Test, C:\Users\alexa\OneDrive\Documents\PowerShell\Modules\Pester\5.7.1\Pester.psm1:2512
at Invoke-Pester&lt;End&gt;, C:\Users\alexa\OneDrive\Documents\PowerShell\Modules\Pester\5.7.1\Pester.psm1:4960
at &lt;ScriptBlock&gt;, &lt;No file&gt;:1</stack-trace>
                    </failure>
                  </test-case>
                  <test-case description="Should pass parameters to script block correctly" name="ParallelExecution Module - Core Functions.Invoke-ParallelForEach.Should pass parameters to script block correctly" time="0.0048" asserts="0" success="False" result="Failure" executed="True">
                    <failure>
                      <message>ParameterBindingException: A parameter cannot be found that matches parameter name 'Parameters'.</message>
                      <stack-trace>at &lt;ScriptBlock&gt;, $env:PROJECT_ROOT\tests\unit\modules\ParallelExecution\ParallelExecution-Core.Tests.ps1:90
at &lt;ScriptBlock&gt;, C:\Users\alexa\OneDrive\Documents\PowerShell\Modules\Pester\5.7.1\Pester.psm1:2024
at &lt;ScriptBlock&gt;, C:\Users\alexa\OneDrive\Documents\PowerShell\Modules\Pester\5.7.1\Pester.psm1:1985
at Invoke-ScriptBlock, C:\Users\alexa\OneDrive\Documents\PowerShell\Modules\Pester\5.7.1\Pester.psm1:2157
at Invoke-TestItem, C:\Users\alexa\OneDrive\Documents\PowerShell\Modules\Pester\5.7.1\Pester.psm1:1199
at Invoke-Block, C:\Users\alexa\OneDrive\Documents\PowerShell\Modules\Pester\5.7.1\Pester.psm1:835
at &lt;ScriptBlock&gt;, C:\Users\alexa\OneDrive\Documents\PowerShell\Modules\Pester\5.7.1\Pester.psm1:893
at &lt;ScriptBlock&gt;, C:\Users\alexa\OneDrive\Documents\PowerShell\Modules\Pester\5.7.1\Pester.psm1:2024
at &lt;ScriptBlock&gt;, C:\Users\alexa\OneDrive\Documents\PowerShell\Modules\Pester\5.7.1\Pester.psm1:1985
at Invoke-ScriptBlock, C:\Users\alexa\OneDrive\Documents\PowerShell\Modules\Pester\5.7.1\Pester.psm1:2160
at Invoke-Block, C:\Users\alexa\OneDrive\Documents\PowerShell\Modules\Pester\5.7.1\Pester.psm1:940
at &lt;ScriptBlock&gt;, C:\Users\alexa\OneDrive\Documents\PowerShell\Modules\Pester\5.7.1\Pester.psm1:893
at &lt;ScriptBlock&gt;, C:\Users\alexa\OneDrive\Documents\PowerShell\Modules\Pester\5.7.1\Pester.psm1:2024
at &lt;ScriptBlock&gt;, C:\Users\alexa\OneDrive\Documents\PowerShell\Modules\Pester\5.7.1\Pester.psm1:1985
at Invoke-ScriptBlock, C:\Users\alexa\OneDrive\Documents\PowerShell\Modules\Pester\5.7.1\Pester.psm1:2160
at Invoke-Block, C:\Users\alexa\OneDrive\Documents\PowerShell\Modules\Pester\5.7.1\Pester.psm1:940
at &lt;ScriptBlock&gt;, C:\Users\alexa\OneDrive\Documents\PowerShell\Modules\Pester\5.7.1\Pester.psm1:893
at &lt;ScriptBlock&gt;, C:\Users\alexa\OneDrive\Documents\PowerShell\Modules\Pester\5.7.1\Pester.psm1:2024
at &lt;ScriptBlock&gt;, C:\Users\alexa\OneDrive\Documents\PowerShell\Modules\Pester\5.7.1\Pester.psm1:1985
at Invoke-ScriptBlock, C:\Users\alexa\OneDrive\Documents\PowerShell\Modules\Pester\5.7.1\Pester.psm1:2160
at Invoke-Block, C:\Users\alexa\OneDrive\Documents\PowerShell\Modules\Pester\5.7.1\Pester.psm1:940
at &lt;ScriptBlock&gt;, C:\Users\alexa\OneDrive\Documents\PowerShell\Modules\Pester\5.7.1\Pester.psm1:1688
at &lt;ScriptBlock&gt;, C:\Users\alexa\OneDrive\Documents\PowerShell\Modules\Pester\5.7.1\Pester.ps1:3
at &lt;ScriptBlock&gt;, C:\Users\alexa\OneDrive\Documents\PowerShell\Modules\Pester\5.7.1\Pester.psm1:3260
at Invoke-InNewScriptScope, C:\Users\alexa\OneDrive\Documents\PowerShell\Modules\Pester\5.7.1\Pester.psm1:3267
at Run-Test, C:\Users\alexa\OneDrive\Documents\PowerShell\Modules\Pester\5.7.1\Pester.psm1:1691
at Invoke-Test, C:\Users\alexa\OneDrive\Documents\PowerShell\Modules\Pester\5.7.1\Pester.psm1:2512
at Invoke-Pester&lt;End&gt;, C:\Users\alexa\OneDrive\Documents\PowerShell\Modules\Pester\5.7.1\Pester.psm1:4960
at &lt;ScriptBlock&gt;, &lt;No file&gt;:1</stack-trace>
                    </failure>
                  </test-case>
                </results>
              </test-suite>
              <test-suite type="TestFixture" name="ParallelExecution Module - Core Functions.Start-ParallelJob and Wait-ParallelJobs" executed="True" result="Failure" success="False" time="4.5077" asserts="0" description="ParallelExecution Module - Core Functions.Start-ParallelJob and Wait-ParallelJobs">
                <results>
                  <test-case description="Should start parallel jobs successfully" name="ParallelExecution Module - Core Functions.Start-ParallelJob and Wait-ParallelJobs.Should start parallel jobs successfully" time="0.4872" asserts="0" success="True" result="Success" executed="True" />
                  <test-case description="Should wait for parallel jobs to complete" name="ParallelExecution Module - Core Functions.Start-ParallelJob and Wait-ParallelJobs.Should wait for parallel jobs to complete" time="1.3112" asserts="0" success="True" result="Success" executed="True" />
                  <test-case description="Should handle job timeout gracefully" name="ParallelExecution Module - Core Functions.Start-ParallelJob and Wait-ParallelJobs.Should handle job timeout gracefully" time="1.1659" asserts="0" success="True" result="Success" executed="True" />
                  <test-case description="Should pass arguments to parallel jobs" name="ParallelExecution Module - Core Functions.Start-ParallelJob and Wait-ParallelJobs.Should pass arguments to parallel jobs" time="1.1645" asserts="0" success="False" result="Failure" executed="True">
                    <failure>
                      <message>Expected 15, but got $null.</message>
                      <stack-trace>at $results["JobWithArgs"] | Should -Be 15, $env:PROJECT_ROOT\tests\unit\modules\ParallelExecution\ParallelExecution-Core.Tests.ps1:148
at Invoke-Assertion, C:\Users\alexa\OneDrive\Documents\PowerShell\Modules\Pester\5.7.1\Pester.psm1:8257
at Should&lt;End&gt;, C:\Users\alexa\OneDrive\Documents\PowerShell\Modules\Pester\5.7.1\Pester.psm1:8189
at &lt;ScriptBlock&gt;, $env:PROJECT_ROOT\tests\unit\modules\ParallelExecution\ParallelExecution-Core.Tests.ps1:148
at &lt;ScriptBlock&gt;, C:\Users\alexa\OneDrive\Documents\PowerShell\Modules\Pester\5.7.1\Pester.psm1:2024
at &lt;ScriptBlock&gt;, C:\Users\alexa\OneDrive\Documents\PowerShell\Modules\Pester\5.7.1\Pester.psm1:1985
at Invoke-ScriptBlock, C:\Users\alexa\OneDrive\Documents\PowerShell\Modules\Pester\5.7.1\Pester.psm1:2157
at Invoke-TestItem, C:\Users\alexa\OneDrive\Documents\PowerShell\Modules\Pester\5.7.1\Pester.psm1:1199
at Invoke-Block, C:\Users\alexa\OneDrive\Documents\PowerShell\Modules\Pester\5.7.1\Pester.psm1:835
at &lt;ScriptBlock&gt;, C:\Users\alexa\OneDrive\Documents\PowerShell\Modules\Pester\5.7.1\Pester.psm1:893
at &lt;ScriptBlock&gt;, C:\Users\alexa\OneDrive\Documents\PowerShell\Modules\Pester\5.7.1\Pester.psm1:2024
at &lt;ScriptBlock&gt;, C:\Users\alexa\OneDrive\Documents\PowerShell\Modules\Pester\5.7.1\Pester.psm1:1985
at Invoke-ScriptBlock, C:\Users\alexa\OneDrive\Documents\PowerShell\Modules\Pester\5.7.1\Pester.psm1:2160
at Invoke-Block, C:\Users\alexa\OneDrive\Documents\PowerShell\Modules\Pester\5.7.1\Pester.psm1:940
at &lt;ScriptBlock&gt;, C:\Users\alexa\OneDrive\Documents\PowerShell\Modules\Pester\5.7.1\Pester.psm1:893
at &lt;ScriptBlock&gt;, C:\Users\alexa\OneDrive\Documents\PowerShell\Modules\Pester\5.7.1\Pester.psm1:2024
at &lt;ScriptBlock&gt;, C:\Users\alexa\OneDrive\Documents\PowerShell\Modules\Pester\5.7.1\Pester.psm1:1985
at Invoke-ScriptBlock, C:\Users\alexa\OneDrive\Documents\PowerShell\Modules\Pester\5.7.1\Pester.psm1:2160
at Invoke-Block, C:\Users\alexa\OneDrive\Documents\PowerShell\Modules\Pester\5.7.1\Pester.psm1:940
at &lt;ScriptBlock&gt;, C:\Users\alexa\OneDrive\Documents\PowerShell\Modules\Pester\5.7.1\Pester.psm1:893
at &lt;ScriptBlock&gt;, C:\Users\alexa\OneDrive\Documents\PowerShell\Modules\Pester\5.7.1\Pester.psm1:2024
at &lt;ScriptBlock&gt;, C:\Users\alexa\OneDrive\Documents\PowerShell\Modules\Pester\5.7.1\Pester.psm1:1985
at Invoke-ScriptBlock, C:\Users\alexa\OneDrive\Documents\PowerShell\Modules\Pester\5.7.1\Pester.psm1:2160
at Invoke-Block, C:\Users\alexa\OneDrive\Documents\PowerShell\Modules\Pester\5.7.1\Pester.psm1:940
at &lt;ScriptBlock&gt;, C:\Users\alexa\OneDrive\Documents\PowerShell\Modules\Pester\5.7.1\Pester.psm1:1688
at &lt;ScriptBlock&gt;, C:\Users\alexa\OneDrive\Documents\PowerShell\Modules\Pester\5.7.1\Pester.ps1:3
at &lt;ScriptBlock&gt;, C:\Users\alexa\OneDrive\Documents\PowerShell\Modules\Pester\5.7.1\Pester.psm1:3260
at Invoke-InNewScriptScope, C:\Users\alexa\OneDrive\Documents\PowerShell\Modules\Pester\5.7.1\Pester.psm1:3267
at Run-Test, C:\Users\alexa\OneDrive\Documents\PowerShell\Modules\Pester\5.7.1\Pester.psm1:1691
at Invoke-Test, C:\Users\alexa\OneDrive\Documents\PowerShell\Modules\Pester\5.7.1\Pester.psm1:2512
at Invoke-Pester&lt;End&gt;, C:\Users\alexa\OneDrive\Documents\PowerShell\Modules\Pester\5.7.1\Pester.psm1:4960
at &lt;ScriptBlock&gt;, &lt;No file&gt;:1</stack-trace>
                    </failure>
                  </test-case>
                </results>
              </test-suite>
              <test-suite type="TestFixture" name="ParallelExecution Module - Core Functions.Invoke-ParallelPesterTests" executed="True" result="Failure" success="False" time="4.5508" asserts="0" description="ParallelExecution Module - Core Functions.Invoke-ParallelPesterTests">
                <results>
                  <test-case description="Should execute Pester tests in parallel" name="ParallelExecution Module - Core Functions.Invoke-ParallelPesterTests.Should execute Pester tests in parallel" time="0.012" asserts="0" success="False" result="Failure" executed="True">
                    <failure>
                      <message>ParameterBindingException: A parameter cannot be found that matches parameter name 'TestFiles'.</message>
                      <stack-trace>at &lt;ScriptBlock&gt;, $env:PROJECT_ROOT\tests\unit\modules\ParallelExecution\ParallelExecution-Core.Tests.ps1:186
at &lt;ScriptBlock&gt;, C:\Users\alexa\OneDrive\Documents\PowerShell\Modules\Pester\5.7.1\Pester.psm1:2024
at &lt;ScriptBlock&gt;, C:\Users\alexa\OneDrive\Documents\PowerShell\Modules\Pester\5.7.1\Pester.psm1:1985
at Invoke-ScriptBlock, C:\Users\alexa\OneDrive\Documents\PowerShell\Modules\Pester\5.7.1\Pester.psm1:2157
at Invoke-TestItem, C:\Users\alexa\OneDrive\Documents\PowerShell\Modules\Pester\5.7.1\Pester.psm1:1199
at Invoke-Block, C:\Users\alexa\OneDrive\Documents\PowerShell\Modules\Pester\5.7.1\Pester.psm1:835
at &lt;ScriptBlock&gt;, C:\Users\alexa\OneDrive\Documents\PowerShell\Modules\Pester\5.7.1\Pester.psm1:893
at &lt;ScriptBlock&gt;, C:\Users\alexa\OneDrive\Documents\PowerShell\Modules\Pester\5.7.1\Pester.psm1:2024
at &lt;ScriptBlock&gt;, C:\Users\alexa\OneDrive\Documents\PowerShell\Modules\Pester\5.7.1\Pester.psm1:1985
at Invoke-ScriptBlock, C:\Users\alexa\OneDrive\Documents\PowerShell\Modules\Pester\5.7.1\Pester.psm1:2160
at Invoke-Block, C:\Users\alexa\OneDrive\Documents\PowerShell\Modules\Pester\5.7.1\Pester.psm1:940
at &lt;ScriptBlock&gt;, C:\Users\alexa\OneDrive\Documents\PowerShell\Modules\Pester\5.7.1\Pester.psm1:893
at &lt;ScriptBlock&gt;, C:\Users\alexa\OneDrive\Documents\PowerShell\Modules\Pester\5.7.1\Pester.psm1:2024
at &lt;ScriptBlock&gt;, C:\Users\alexa\OneDrive\Documents\PowerShell\Modules\Pester\5.7.1\Pester.psm1:1985
at Invoke-ScriptBlock, C:\Users\alexa\OneDrive\Documents\PowerShell\Modules\Pester\5.7.1\Pester.psm1:2160
at Invoke-Block, C:\Users\alexa\OneDrive\Documents\PowerShell\Modules\Pester\5.7.1\Pester.psm1:940
at &lt;ScriptBlock&gt;, C:\Users\alexa\OneDrive\Documents\PowerShell\Modules\Pester\5.7.1\Pester.psm1:893
at &lt;ScriptBlock&gt;, C:\Users\alexa\OneDrive\Documents\PowerShell\Modules\Pester\5.7.1\Pester.psm1:2024
at &lt;ScriptBlock&gt;, C:\Users\alexa\OneDrive\Documents\PowerShell\Modules\Pester\5.7.1\Pester.psm1:1985
at Invoke-ScriptBlock, C:\Users\alexa\OneDrive\Documents\PowerShell\Modules\Pester\5.7.1\Pester.psm1:2160
at Invoke-Block, C:\Users\alexa\OneDrive\Documents\PowerShell\Modules\Pester\5.7.1\Pester.psm1:940
at &lt;ScriptBlock&gt;, C:\Users\alexa\OneDrive\Documents\PowerShell\Modules\Pester\5.7.1\Pester.psm1:1688
at &lt;ScriptBlock&gt;, C:\Users\alexa\OneDrive\Documents\PowerShell\Modules\Pester\5.7.1\Pester.ps1:3
at &lt;ScriptBlock&gt;, C:\Users\alexa\OneDrive\Documents\PowerShell\Modules\Pester\5.7.1\Pester.psm1:3260
at Invoke-InNewScriptScope, C:\Users\alexa\OneDrive\Documents\PowerShell\Modules\Pester\5.7.1\Pester.psm1:3267
at Run-Test, C:\Users\alexa\OneDrive\Documents\PowerShell\Modules\Pester\5.7.1\Pester.psm1:1691
at Invoke-Test, C:\Users\alexa\OneDrive\Documents\PowerShell\Modules\Pester\5.7.1\Pester.psm1:2512
at Invoke-Pester&lt;End&gt;, C:\Users\alexa\OneDrive\Documents\PowerShell\Modules\Pester\5.7.1\Pester.psm1:4960
at &lt;ScriptBlock&gt;, &lt;No file&gt;:1</stack-trace>
                    </failure>
                  </test-case>
                  <test-case description="Should handle single test file" name="ParallelExecution Module - Core Functions.Invoke-ParallelPesterTests.Should handle single test file" time="0.0099" asserts="0" success="False" result="Failure" executed="True">
                    <failure>
                      <message>ParameterBindingException: A parameter cannot be found that matches parameter name 'TestFiles'.</message>
                      <stack-trace>at &lt;ScriptBlock&gt;, $env:PROJECT_ROOT\tests\unit\modules\ParallelExecution\ParallelExecution-Core.Tests.ps1:195
at &lt;ScriptBlock&gt;, C:\Users\alexa\OneDrive\Documents\PowerShell\Modules\Pester\5.7.1\Pester.psm1:2024
at &lt;ScriptBlock&gt;, C:\Users\alexa\OneDrive\Documents\PowerShell\Modules\Pester\5.7.1\Pester.psm1:1985
at Invoke-ScriptBlock, C:\Users\alexa\OneDrive\Documents\PowerShell\Modules\Pester\5.7.1\Pester.psm1:2157
at Invoke-TestItem, C:\Users\alexa\OneDrive\Documents\PowerShell\Modules\Pester\5.7.1\Pester.psm1:1199
at Invoke-Block, C:\Users\alexa\OneDrive\Documents\PowerShell\Modules\Pester\5.7.1\Pester.psm1:835
at &lt;ScriptBlock&gt;, C:\Users\alexa\OneDrive\Documents\PowerShell\Modules\Pester\5.7.1\Pester.psm1:893
at &lt;ScriptBlock&gt;, C:\Users\alexa\OneDrive\Documents\PowerShell\Modules\Pester\5.7.1\Pester.psm1:2024
at &lt;ScriptBlock&gt;, C:\Users\alexa\OneDrive\Documents\PowerShell\Modules\Pester\5.7.1\Pester.psm1:1985
at Invoke-ScriptBlock, C:\Users\alexa\OneDrive\Documents\PowerShell\Modules\Pester\5.7.1\Pester.psm1:2160
at Invoke-Block, C:\Users\alexa\OneDrive\Documents\PowerShell\Modules\Pester\5.7.1\Pester.psm1:940
at &lt;ScriptBlock&gt;, C:\Users\alexa\OneDrive\Documents\PowerShell\Modules\Pester\5.7.1\Pester.psm1:893
at &lt;ScriptBlock&gt;, C:\Users\alexa\OneDrive\Documents\PowerShell\Modules\Pester\5.7.1\Pester.psm1:2024
at &lt;ScriptBlock&gt;, C:\Users\alexa\OneDrive\Documents\PowerShell\Modules\Pester\5.7.1\Pester.psm1:1985
at Invoke-ScriptBlock, C:\Users\alexa\OneDrive\Documents\PowerShell\Modules\Pester\5.7.1\Pester.psm1:2160
at Invoke-Block, C:\Users\alexa\OneDrive\Documents\PowerShell\Modules\Pester\5.7.1\Pester.psm1:940
at &lt;ScriptBlock&gt;, C:\Users\alexa\OneDrive\Documents\PowerShell\Modules\Pester\5.7.1\Pester.psm1:893
at &lt;ScriptBlock&gt;, C:\Users\alexa\OneDrive\Documents\PowerShell\Modules\Pester\5.7.1\Pester.psm1:2024
at &lt;ScriptBlock&gt;, C:\Users\alexa\OneDrive\Documents\PowerShell\Modules\Pester\5.7.1\Pester.psm1:1985
at Invoke-ScriptBlock, C:\Users\alexa\OneDrive\Documents\PowerShell\Modules\Pester\5.7.1\Pester.psm1:2160
at Invoke-Block, C:\Users\alexa\OneDrive\Documents\PowerShell\Modules\Pester\5.7.1\Pester.psm1:940
at &lt;ScriptBlock&gt;, C:\Users\alexa\OneDrive\Documents\PowerShell\Modules\Pester\5.7.1\Pester.psm1:1688
at &lt;ScriptBlock&gt;, C:\Users\alexa\OneDrive\Documents\PowerShell\Modules\Pester\5.7.1\Pester.ps1:3
at &lt;ScriptBlock&gt;, C:\Users\alexa\OneDrive\Documents\PowerShell\Modules\Pester\5.7.1\Pester.psm1:3260
at Invoke-InNewScriptScope, C:\Users\alexa\OneDrive\Documents\PowerShell\Modules\Pester\5.7.1\Pester.psm1:3267
at Run-Test, C:\Users\alexa\OneDrive\Documents\PowerShell\Modules\Pester\5.7.1\Pester.psm1:1691
at Invoke-Test, C:\Users\alexa\OneDrive\Documents\PowerShell\Modules\Pester\5.7.1\Pester.psm1:2512
at Invoke-Pester&lt;End&gt;, C:\Users\alexa\OneDrive\Documents\PowerShell\Modules\Pester\5.7.1\Pester.psm1:4960
at &lt;ScriptBlock&gt;, &lt;No file&gt;:1</stack-trace>
                    </failure>
                  </test-case>
                  <test-case description="Should pass through Pester configuration" name="ParallelExecution Module - Core Functions.Invoke-ParallelPesterTests.Should pass through Pester configuration" time="0.0119" asserts="0" success="False" result="Failure" executed="True">
                    <failure>
                      <message>Expected no exception to be thrown, but an exception "A parameter cannot be found that matches parameter name 'TestFiles'." was thrown from $env:PROJECT_ROOT\tests\unit\modules\ParallelExecution\ParallelExecution-Core.Tests.ps1:209 char:42
    +             { Invoke-ParallelPesterTests -TestFiles $testFiles.FullNa …
    +                                          ~~~~~~~~~~.</message>
                      <stack-trace>at { Invoke-ParallelPesterTests -TestFiles $testFiles.FullName -PesterConfiguration $pesterConfig } | Should -Not -Throw, $env:PROJECT_ROOT\tests\unit\modules\ParallelExecution\ParallelExecution-Core.Tests.ps1:209
at Invoke-Assertion, C:\Users\alexa\OneDrive\Documents\PowerShell\Modules\Pester\5.7.1\Pester.psm1:8257
at Should&lt;End&gt;, C:\Users\alexa\OneDrive\Documents\PowerShell\Modules\Pester\5.7.1\Pester.psm1:8193
at &lt;ScriptBlock&gt;, $env:PROJECT_ROOT\tests\unit\modules\ParallelExecution\ParallelExecution-Core.Tests.ps1:209
at &lt;ScriptBlock&gt;, C:\Users\alexa\OneDrive\Documents\PowerShell\Modules\Pester\5.7.1\Pester.psm1:2024
at &lt;ScriptBlock&gt;, C:\Users\alexa\OneDrive\Documents\PowerShell\Modules\Pester\5.7.1\Pester.psm1:1985
at Invoke-ScriptBlock, C:\Users\alexa\OneDrive\Documents\PowerShell\Modules\Pester\5.7.1\Pester.psm1:2157
at Invoke-TestItem, C:\Users\alexa\OneDrive\Documents\PowerShell\Modules\Pester\5.7.1\Pester.psm1:1199
at Invoke-Block, C:\Users\alexa\OneDrive\Documents\PowerShell\Modules\Pester\5.7.1\Pester.psm1:835
at &lt;ScriptBlock&gt;, C:\Users\alexa\OneDrive\Documents\PowerShell\Modules\Pester\5.7.1\Pester.psm1:893
at &lt;ScriptBlock&gt;, C:\Users\alexa\OneDrive\Documents\PowerShell\Modules\Pester\5.7.1\Pester.psm1:2024
at &lt;ScriptBlock&gt;, C:\Users\alexa\OneDrive\Documents\PowerShell\Modules\Pester\5.7.1\Pester.psm1:1985
at Invoke-ScriptBlock, C:\Users\alexa\OneDrive\Documents\PowerShell\Modules\Pester\5.7.1\Pester.psm1:2160
at Invoke-Block, C:\Users\alexa\OneDrive\Documents\PowerShell\Modules\Pester\5.7.1\Pester.psm1:940
at &lt;ScriptBlock&gt;, C:\Users\alexa\OneDrive\Documents\PowerShell\Modules\Pester\5.7.1\Pester.psm1:893
at &lt;ScriptBlock&gt;, C:\Users\alexa\OneDrive\Documents\PowerShell\Modules\Pester\5.7.1\Pester.psm1:2024
at &lt;ScriptBlock&gt;, C:\Users\alexa\OneDrive\Documents\PowerShell\Modules\Pester\5.7.1\Pester.psm1:1985
at Invoke-ScriptBlock, C:\Users\alexa\OneDrive\Documents\PowerShell\Modules\Pester\5.7.1\Pester.psm1:2160
at Invoke-Block, C:\Users\alexa\OneDrive\Documents\PowerShell\Modules\Pester\5.7.1\Pester.psm1:940
at &lt;ScriptBlock&gt;, C:\Users\alexa\OneDrive\Documents\PowerShell\Modules\Pester\5.7.1\Pester.psm1:893
at &lt;ScriptBlock&gt;, C:\Users\alexa\OneDrive\Documents\PowerShell\Modules\Pester\5.7.1\Pester.psm1:2024
at &lt;ScriptBlock&gt;, C:\Users\alexa\OneDrive\Documents\PowerShell\Modules\Pester\5.7.1\Pester.psm1:1985
at Invoke-ScriptBlock, C:\Users\alexa\OneDrive\Documents\PowerShell\Modules\Pester\5.7.1\Pester.psm1:2160
at Invoke-Block, C:\Users\alexa\OneDrive\Documents\PowerShell\Modules\Pester\5.7.1\Pester.psm1:940
at &lt;ScriptBlock&gt;, C:\Users\alexa\OneDrive\Documents\PowerShell\Modules\Pester\5.7.1\Pester.psm1:1688
at &lt;ScriptBlock&gt;, C:\Users\alexa\OneDrive\Documents\PowerShell\Modules\Pester\5.7.1\Pester.ps1:3
at &lt;ScriptBlock&gt;, C:\Users\alexa\OneDrive\Documents\PowerShell\Modules\Pester\5.7.1\Pester.psm1:3260
at Invoke-InNewScriptScope, C:\Users\alexa\OneDrive\Documents\PowerShell\Modules\Pester\5.7.1\Pester.psm1:3267
at Run-Test, C:\Users\alexa\OneDrive\Documents\PowerShell\Modules\Pester\5.7.1\Pester.psm1:1691
at Invoke-Test, C:\Users\alexa\OneDrive\Documents\PowerShell\Modules\Pester\5.7.1\Pester.psm1:2512
at Invoke-Pester&lt;End&gt;, C:\Users\alexa\OneDrive\Documents\PowerShell\Modules\Pester\5.7.1\Pester.psm1:4960
at &lt;ScriptBlock&gt;, &lt;No file&gt;:1</stack-trace>
                    </failure>
                  </test-case>
                </results>
              </test-suite>
              <test-suite type="TestFixture" name="ParallelExecution Module - Core Functions.Merge-ParallelTestResults" executed="True" result="Failure" success="False" time="4.6371" asserts="0" description="ParallelExecution Module - Core Functions.Merge-ParallelTestResults">
                <results>
                  <test-case description="Should merge multiple test result objects" name="ParallelExecution Module - Core Functions.Merge-ParallelTestResults.Should merge multiple test result objects" time="0.0375" asserts="0" success="False" result="Failure" executed="True">
                    <failure>
                      <message>[0] Expected 8, but got $null.
[1] Expected 7, but got $null.
[2] Expected 1, but got $null.
[3] Expected 0, but got $null.
[4] Expected 15, but got $null.</message>
                      <stack-trace>[0] at $merged.TotalCount | Should -Be 8, $env:PROJECT_ROOT\tests\unit\modules\ParallelExecution\ParallelExecution-Core.Tests.ps1:235
at Invoke-Assertion, C:\Users\alexa\OneDrive\Documents\PowerShell\Modules\Pester\5.7.1\Pester.psm1:8257
at Should&lt;End&gt;, C:\Users\alexa\OneDrive\Documents\PowerShell\Modules\Pester\5.7.1\Pester.psm1:8189
at &lt;ScriptBlock&gt;, $env:PROJECT_ROOT\tests\unit\modules\ParallelExecution\ParallelExecution-Core.Tests.ps1:235
at &lt;ScriptBlock&gt;, C:\Users\alexa\OneDrive\Documents\PowerShell\Modules\Pester\5.7.1\Pester.psm1:2024
at &lt;ScriptBlock&gt;, C:\Users\alexa\OneDrive\Documents\PowerShell\Modules\Pester\5.7.1\Pester.psm1:1985
at Invoke-ScriptBlock, C:\Users\alexa\OneDrive\Documents\PowerShell\Modules\Pester\5.7.1\Pester.psm1:2157
at Invoke-TestItem, C:\Users\alexa\OneDrive\Documents\PowerShell\Modules\Pester\5.7.1\Pester.psm1:1199
at Invoke-Block, C:\Users\alexa\OneDrive\Documents\PowerShell\Modules\Pester\5.7.1\Pester.psm1:835
at &lt;ScriptBlock&gt;, C:\Users\alexa\OneDrive\Documents\PowerShell\Modules\Pester\5.7.1\Pester.psm1:893
at &lt;ScriptBlock&gt;, C:\Users\alexa\OneDrive\Documents\PowerShell\Modules\Pester\5.7.1\Pester.psm1:2024
at &lt;ScriptBlock&gt;, C:\Users\alexa\OneDrive\Documents\PowerShell\Modules\Pester\5.7.1\Pester.psm1:1985
at Invoke-ScriptBlock, C:\Users\alexa\OneDrive\Documents\PowerShell\Modules\Pester\5.7.1\Pester.psm1:2160
at Invoke-Block, C:\Users\alexa\OneDrive\Documents\PowerShell\Modules\Pester\5.7.1\Pester.psm1:940
at &lt;ScriptBlock&gt;, C:\Users\alexa\OneDrive\Documents\PowerShell\Modules\Pester\5.7.1\Pester.psm1:893
at &lt;ScriptBlock&gt;, C:\Users\alexa\OneDrive\Documents\PowerShell\Modules\Pester\5.7.1\Pester.psm1:2024
at &lt;ScriptBlock&gt;, C:\Users\alexa\OneDrive\Documents\PowerShell\Modules\Pester\5.7.1\Pester.psm1:1985
at Invoke-ScriptBlock, C:\Users\alexa\OneDrive\Documents\PowerShell\Modules\Pester\5.7.1\Pester.psm1:2160
at Invoke-Block, C:\Users\alexa\OneDrive\Documents\PowerShell\Modules\Pester\5.7.1\Pester.psm1:940
at &lt;ScriptBlock&gt;, C:\Users\alexa\OneDrive\Documents\PowerShell\Modules\Pester\5.7.1\Pester.psm1:893
at &lt;ScriptBlock&gt;, C:\Users\alexa\OneDrive\Documents\PowerShell\Modules\Pester\5.7.1\Pester.psm1:2024
at &lt;ScriptBlock&gt;, C:\Users\alexa\OneDrive\Documents\PowerShell\Modules\Pester\5.7.1\Pester.psm1:1985
at Invoke-ScriptBlock, C:\Users\alexa\OneDrive\Documents\PowerShell\Modules\Pester\5.7.1\Pester.psm1:2160
at Invoke-Block, C:\Users\alexa\OneDrive\Documents\PowerShell\Modules\Pester\5.7.1\Pester.psm1:940
at &lt;ScriptBlock&gt;, C:\Users\alexa\OneDrive\Documents\PowerShell\Modules\Pester\5.7.1\Pester.psm1:1688
at &lt;ScriptBlock&gt;, C:\Users\alexa\OneDrive\Documents\PowerShell\Modules\Pester\5.7.1\Pester.ps1:3
at &lt;ScriptBlock&gt;, C:\Users\alexa\OneDrive\Documents\PowerShell\Modules\Pester\5.7.1\Pester.psm1:3260
at Invoke-InNewScriptScope, C:\Users\alexa\OneDrive\Documents\PowerShell\Modules\Pester\5.7.1\Pester.psm1:3267
at Run-Test, C:\Users\alexa\OneDrive\Documents\PowerShell\Modules\Pester\5.7.1\Pester.psm1:1691
at Invoke-Test, C:\Users\alexa\OneDrive\Documents\PowerShell\Modules\Pester\5.7.1\Pester.psm1:2512
at Invoke-Pester&lt;End&gt;, C:\Users\alexa\OneDrive\Documents\PowerShell\Modules\Pester\5.7.1\Pester.psm1:4960
at &lt;ScriptBlock&gt;, &lt;No file&gt;:1
[1] at $merged.PassedCount | Should -Be 7, $env:PROJECT_ROOT\tests\unit\modules\ParallelExecution\ParallelExecution-Core.Tests.ps1:236
at Invoke-Assertion, C:\Users\alexa\OneDrive\Documents\PowerShell\Modules\Pester\5.7.1\Pester.psm1:8257
at Should&lt;End&gt;, C:\Users\alexa\OneDrive\Documents\PowerShell\Modules\Pester\5.7.1\Pester.psm1:8189
at &lt;ScriptBlock&gt;, $env:PROJECT_ROOT\tests\unit\modules\ParallelExecution\ParallelExecution-Core.Tests.ps1:236
at &lt;ScriptBlock&gt;, C:\Users\alexa\OneDrive\Documents\PowerShell\Modules\Pester\5.7.1\Pester.psm1:2024
at &lt;ScriptBlock&gt;, C:\Users\alexa\OneDrive\Documents\PowerShell\Modules\Pester\5.7.1\Pester.psm1:1985
at Invoke-ScriptBlock, C:\Users\alexa\OneDrive\Documents\PowerShell\Modules\Pester\5.7.1\Pester.psm1:2157
at Invoke-TestItem, C:\Users\alexa\OneDrive\Documents\PowerShell\Modules\Pester\5.7.1\Pester.psm1:1199
at Invoke-Block, C:\Users\alexa\OneDrive\Documents\PowerShell\Modules\Pester\5.7.1\Pester.psm1:835
at &lt;ScriptBlock&gt;, C:\Users\alexa\OneDrive\Documents\PowerShell\Modules\Pester\5.7.1\Pester.psm1:893
at &lt;ScriptBlock&gt;, C:\Users\alexa\OneDrive\Documents\PowerShell\Modules\Pester\5.7.1\Pester.psm1:2024
at &lt;ScriptBlock&gt;, C:\Users\alexa\OneDrive\Documents\PowerShell\Modules\Pester\5.7.1\Pester.psm1:1985
at Invoke-ScriptBlock, C:\Users\alexa\OneDrive\Documents\PowerShell\Modules\Pester\5.7.1\Pester.psm1:2160
at Invoke-Block, C:\Users\alexa\OneDrive\Documents\PowerShell\Modules\Pester\5.7.1\Pester.psm1:940
at &lt;ScriptBlock&gt;, C:\Users\alexa\OneDrive\Documents\PowerShell\Modules\Pester\5.7.1\Pester.psm1:893
at &lt;ScriptBlock&gt;, C:\Users\alexa\OneDrive\Documents\PowerShell\Modules\Pester\5.7.1\Pester.psm1:2024
at &lt;ScriptBlock&gt;, C:\Users\alexa\OneDrive\Documents\PowerShell\Modules\Pester\5.7.1\Pester.psm1:1985
at Invoke-ScriptBlock, C:\Users\alexa\OneDrive\Documents\PowerShell\Modules\Pester\5.7.1\Pester.psm1:2160
at Invoke-Block, C:\Users\alexa\OneDrive\Documents\PowerShell\Modules\Pester\5.7.1\Pester.psm1:940
at &lt;ScriptBlock&gt;, C:\Users\alexa\OneDrive\Documents\PowerShell\Modules\Pester\5.7.1\Pester.psm1:893
at &lt;ScriptBlock&gt;, C:\Users\alexa\OneDrive\Documents\PowerShell\Modules\Pester\5.7.1\Pester.psm1:2024
at &lt;ScriptBlock&gt;, C:\Users\alexa\OneDrive\Documents\PowerShell\Modules\Pester\5.7.1\Pester.psm1:1985
at Invoke-ScriptBlock, C:\Users\alexa\OneDrive\Documents\PowerShell\Modules\Pester\5.7.1\Pester.psm1:2160
at Invoke-Block, C:\Users\alexa\OneDrive\Documents\PowerShell\Modules\Pester\5.7.1\Pester.psm1:940
at &lt;ScriptBlock&gt;, C:\Users\alexa\OneDrive\Documents\PowerShell\Modules\Pester\5.7.1\Pester.psm1:1688
at &lt;ScriptBlock&gt;, C:\Users\alexa\OneDrive\Documents\PowerShell\Modules\Pester\5.7.1\Pester.ps1:3
at &lt;ScriptBlock&gt;, C:\Users\alexa\OneDrive\Documents\PowerShell\Modules\Pester\5.7.1\Pester.psm1:3260
at Invoke-InNewScriptScope, C:\Users\alexa\OneDrive\Documents\PowerShell\Modules\Pester\5.7.1\Pester.psm1:3267
at Run-Test, C:\Users\alexa\OneDrive\Documents\PowerShell\Modules\Pester\5.7.1\Pester.psm1:1691
at Invoke-Test, C:\Users\alexa\OneDrive\Documents\PowerShell\Modules\Pester\5.7.1\Pester.psm1:2512
at Invoke-Pester&lt;End&gt;, C:\Users\alexa\OneDrive\Documents\PowerShell\Modules\Pester\5.7.1\Pester.psm1:4960
at &lt;ScriptBlock&gt;, &lt;No file&gt;:1
[2] at $merged.FailedCount | Should -Be 1, $env:PROJECT_ROOT\tests\unit\modules\ParallelExecution\ParallelExecution-Core.Tests.ps1:237
at Invoke-Assertion, C:\Users\alexa\OneDrive\Documents\PowerShell\Modules\Pester\5.7.1\Pester.psm1:8257
at Should&lt;End&gt;, C:\Users\alexa\OneDrive\Documents\PowerShell\Modules\Pester\5.7.1\Pester.psm1:8189
at &lt;ScriptBlock&gt;, $env:PROJECT_ROOT\tests\unit\modules\ParallelExecution\ParallelExecution-Core.Tests.ps1:237
at &lt;ScriptBlock&gt;, C:\Users\alexa\OneDrive\Documents\PowerShell\Modules\Pester\5.7.1\Pester.psm1:2024
at &lt;ScriptBlock&gt;, C:\Users\alexa\OneDrive\Documents\PowerShell\Modules\Pester\5.7.1\Pester.psm1:1985
at Invoke-ScriptBlock, C:\Users\alexa\OneDrive\Documents\PowerShell\Modules\Pester\5.7.1\Pester.psm1:2157
at Invoke-TestItem, C:\Users\alexa\OneDrive\Documents\PowerShell\Modules\Pester\5.7.1\Pester.psm1:1199
at Invoke-Block, C:\Users\alexa\OneDrive\Documents\PowerShell\Modules\Pester\5.7.1\Pester.psm1:835
at &lt;ScriptBlock&gt;, C:\Users\alexa\OneDrive\Documents\PowerShell\Modules\Pester\5.7.1\Pester.psm1:893
at &lt;ScriptBlock&gt;, C:\Users\alexa\OneDrive\Documents\PowerShell\Modules\Pester\5.7.1\Pester.psm1:2024
at &lt;ScriptBlock&gt;, C:\Users\alexa\OneDrive\Documents\PowerShell\Modules\Pester\5.7.1\Pester.psm1:1985
at Invoke-ScriptBlock, C:\Users\alexa\OneDrive\Documents\PowerShell\Modules\Pester\5.7.1\Pester.psm1:2160
at Invoke-Block, C:\Users\alexa\OneDrive\Documents\PowerShell\Modules\Pester\5.7.1\Pester.psm1:940
at &lt;ScriptBlock&gt;, C:\Users\alexa\OneDrive\Documents\PowerShell\Modules\Pester\5.7.1\Pester.psm1:893
at &lt;ScriptBlock&gt;, C:\Users\alexa\OneDrive\Documents\PowerShell\Modules\Pester\5.7.1\Pester.psm1:2024
at &lt;ScriptBlock&gt;, C:\Users\alexa\OneDrive\Documents\PowerShell\Modules\Pester\5.7.1\Pester.psm1:1985
at Invoke-ScriptBlock, C:\Users\alexa\OneDrive\Documents\PowerShell\Modules\Pester\5.7.1\Pester.psm1:2160
at Invoke-Block, C:\Users\alexa\OneDrive\Documents\PowerShell\Modules\Pester\5.7.1\Pester.psm1:940
at &lt;ScriptBlock&gt;, C:\Users\alexa\OneDrive\Documents\PowerShell\Modules\Pester\5.7.1\Pester.psm1:893
at &lt;ScriptBlock&gt;, C:\Users\alexa\OneDrive\Documents\PowerShell\Modules\Pester\5.7.1\Pester.psm1:2024
at &lt;ScriptBlock&gt;, C:\Users\alexa\OneDrive\Documents\PowerShell\Modules\Pester\5.7.1\Pester.psm1:1985
at Invoke-ScriptBlock, C:\Users\alexa\OneDrive\Documents\PowerShell\Modules\Pester\5.7.1\Pester.psm1:2160
at Invoke-Block, C:\Users\alexa\OneDrive\Documents\PowerShell\Modules\Pester\5.7.1\Pester.psm1:940
at &lt;ScriptBlock&gt;, C:\Users\alexa\OneDrive\Documents\PowerShell\Modules\Pester\5.7.1\Pester.psm1:1688
at &lt;ScriptBlock&gt;, C:\Users\alexa\OneDrive\Documents\PowerShell\Modules\Pester\5.7.1\Pester.ps1:3
at &lt;ScriptBlock&gt;, C:\Users\alexa\OneDrive\Documents\PowerShell\Modules\Pester\5.7.1\Pester.psm1:3260
at Invoke-InNewScriptScope, C:\Users\alexa\OneDrive\Documents\PowerShell\Modules\Pester\5.7.1\Pester.psm1:3267
at Run-Test, C:\Users\alexa\OneDrive\Documents\PowerShell\Modules\Pester\5.7.1\Pester.psm1:1691
at Invoke-Test, C:\Users\alexa\OneDrive\Documents\PowerShell\Modules\Pester\5.7.1\Pester.psm1:2512
at Invoke-Pester&lt;End&gt;, C:\Users\alexa\OneDrive\Documents\PowerShell\Modules\Pester\5.7.1\Pester.psm1:4960
at &lt;ScriptBlock&gt;, &lt;No file&gt;:1
[3] at $merged.SkippedCount | Should -Be 0, $env:PROJECT_ROOT\tests\unit\modules\ParallelExecution\ParallelExecution-Core.Tests.ps1:238
at Invoke-Assertion, C:\Users\alexa\OneDrive\Documents\PowerShell\Modules\Pester\5.7.1\Pester.psm1:8257
at Should&lt;End&gt;, C:\Users\alexa\OneDrive\Documents\PowerShell\Modules\Pester\5.7.1\Pester.psm1:8189
at &lt;ScriptBlock&gt;, $env:PROJECT_ROOT\tests\unit\modules\ParallelExecution\ParallelExecution-Core.Tests.ps1:238
at &lt;ScriptBlock&gt;, C:\Users\alexa\OneDrive\Documents\PowerShell\Modules\Pester\5.7.1\Pester.psm1:2024
at &lt;ScriptBlock&gt;, C:\Users\alexa\OneDrive\Documents\PowerShell\Modules\Pester\5.7.1\Pester.psm1:1985
at Invoke-ScriptBlock, C:\Users\alexa\OneDrive\Documents\PowerShell\Modules\Pester\5.7.1\Pester.psm1:2157
at Invoke-TestItem, C:\Users\alexa\OneDrive\Documents\PowerShell\Modules\Pester\5.7.1\Pester.psm1:1199
at Invoke-Block, C:\Users\alexa\OneDrive\Documents\PowerShell\Modules\Pester\5.7.1\Pester.psm1:835
at &lt;ScriptBlock&gt;, C:\Users\alexa\OneDrive\Documents\PowerShell\Modules\Pester\5.7.1\Pester.psm1:893
at &lt;ScriptBlock&gt;, C:\Users\alexa\OneDrive\Documents\PowerShell\Modules\Pester\5.7.1\Pester.psm1:2024
at &lt;ScriptBlock&gt;, C:\Users\alexa\OneDrive\Documents\PowerShell\Modules\Pester\5.7.1\Pester.psm1:1985
at Invoke-ScriptBlock, C:\Users\alexa\OneDrive\Documents\PowerShell\Modules\Pester\5.7.1\Pester.psm1:2160
at Invoke-Block, C:\Users\alexa\OneDrive\Documents\PowerShell\Modules\Pester\5.7.1\Pester.psm1:940
at &lt;ScriptBlock&gt;, C:\Users\alexa\OneDrive\Documents\PowerShell\Modules\Pester\5.7.1\Pester.psm1:893
at &lt;ScriptBlock&gt;, C:\Users\alexa\OneDrive\Documents\PowerShell\Modules\Pester\5.7.1\Pester.psm1:2024
at &lt;ScriptBlock&gt;, C:\Users\alexa\OneDrive\Documents\PowerShell\Modules\Pester\5.7.1\Pester.psm1:1985
at Invoke-ScriptBlock, C:\Users\alexa\OneDrive\Documents\PowerShell\Modules\Pester\5.7.1\Pester.psm1:2160
at Invoke-Block, C:\Users\alexa\OneDrive\Documents\PowerShell\Modules\Pester\5.7.1\Pester.psm1:940
at &lt;ScriptBlock&gt;, C:\Users\alexa\OneDrive\Documents\PowerShell\Modules\Pester\5.7.1\Pester.psm1:893
at &lt;ScriptBlock&gt;, C:\Users\alexa\OneDrive\Documents\PowerShell\Modules\Pester\5.7.1\Pester.psm1:2024
at &lt;ScriptBlock&gt;, C:\Users\alexa\OneDrive\Documents\PowerShell\Modules\Pester\5.7.1\Pester.psm1:1985
at Invoke-ScriptBlock, C:\Users\alexa\OneDrive\Documents\PowerShell\Modules\Pester\5.7.1\Pester.psm1:2160
at Invoke-Block, C:\Users\alexa\OneDrive\Documents\PowerShell\Modules\Pester\5.7.1\Pester.psm1:940
at &lt;ScriptBlock&gt;, C:\Users\alexa\OneDrive\Documents\PowerShell\Modules\Pester\5.7.1\Pester.psm1:1688
at &lt;ScriptBlock&gt;, C:\Users\alexa\OneDrive\Documents\PowerShell\Modules\Pester\5.7.1\Pester.ps1:3
at &lt;ScriptBlock&gt;, C:\Users\alexa\OneDrive\Documents\PowerShell\Modules\Pester\5.7.1\Pester.psm1:3260
at Invoke-InNewScriptScope, C:\Users\alexa\OneDrive\Documents\PowerShell\Modules\Pester\5.7.1\Pester.psm1:3267
at Run-Test, C:\Users\alexa\OneDrive\Documents\PowerShell\Modules\Pester\5.7.1\Pester.psm1:1691
at Invoke-Test, C:\Users\alexa\OneDrive\Documents\PowerShell\Modules\Pester\5.7.1\Pester.psm1:2512
at Invoke-Pester&lt;End&gt;, C:\Users\alexa\OneDrive\Documents\PowerShell\Modules\Pester\5.7.1\Pester.psm1:4960
at &lt;ScriptBlock&gt;, &lt;No file&gt;:1
[4] at $merged.Duration.TotalSeconds | Should -Be 15, $env:PROJECT_ROOT\tests\unit\modules\ParallelExecution\ParallelExecution-Core.Tests.ps1:239
at Invoke-Assertion, C:\Users\alexa\OneDrive\Documents\PowerShell\Modules\Pester\5.7.1\Pester.psm1:8257
at Should&lt;End&gt;, C:\Users\alexa\OneDrive\Documents\PowerShell\Modules\Pester\5.7.1\Pester.psm1:8189
at &lt;ScriptBlock&gt;, $env:PROJECT_ROOT\tests\unit\modules\ParallelExecution\ParallelExecution-Core.Tests.ps1:239
at &lt;ScriptBlock&gt;, C:\Users\alexa\OneDrive\Documents\PowerShell\Modules\Pester\5.7.1\Pester.psm1:2024
at &lt;ScriptBlock&gt;, C:\Users\alexa\OneDrive\Documents\PowerShell\Modules\Pester\5.7.1\Pester.psm1:1985
at Invoke-ScriptBlock, C:\Users\alexa\OneDrive\Documents\PowerShell\Modules\Pester\5.7.1\Pester.psm1:2157
at Invoke-TestItem, C:\Users\alexa\OneDrive\Documents\PowerShell\Modules\Pester\5.7.1\Pester.psm1:1199
at Invoke-Block, C:\Users\alexa\OneDrive\Documents\PowerShell\Modules\Pester\5.7.1\Pester.psm1:835
at &lt;ScriptBlock&gt;, C:\Users\alexa\OneDrive\Documents\PowerShell\Modules\Pester\5.7.1\Pester.psm1:893
at &lt;ScriptBlock&gt;, C:\Users\alexa\OneDrive\Documents\PowerShell\Modules\Pester\5.7.1\Pester.psm1:2024
at &lt;ScriptBlock&gt;, C:\Users\alexa\OneDrive\Documents\PowerShell\Modules\Pester\5.7.1\Pester.psm1:1985
at Invoke-ScriptBlock, C:\Users\alexa\OneDrive\Documents\PowerShell\Modules\Pester\5.7.1\Pester.psm1:2160
at Invoke-Block, C:\Users\alexa\OneDrive\Documents\PowerShell\Modules\Pester\5.7.1\Pester.psm1:940
at &lt;ScriptBlock&gt;, C:\Users\alexa\OneDrive\Documents\PowerShell\Modules\Pester\5.7.1\Pester.psm1:893
at &lt;ScriptBlock&gt;, C:\Users\alexa\OneDrive\Documents\PowerShell\Modules\Pester\5.7.1\Pester.psm1:2024
at &lt;ScriptBlock&gt;, C:\Users\alexa\OneDrive\Documents\PowerShell\Modules\Pester\5.7.1\Pester.psm1:1985
at Invoke-ScriptBlock, C:\Users\alexa\OneDrive\Documents\PowerShell\Modules\Pester\5.7.1\Pester.psm1:2160
at Invoke-Block, C:\Users\alexa\OneDrive\Documents\PowerShell\Modules\Pester\5.7.1\Pester.psm1:940
at &lt;ScriptBlock&gt;, C:\Users\alexa\OneDrive\Documents\PowerShell\Modules\Pester\5.7.1\Pester.psm1:893
at &lt;ScriptBlock&gt;, C:\Users\alexa\OneDrive\Documents\PowerShell\Modules\Pester\5.7.1\Pester.psm1:2024
at &lt;ScriptBlock&gt;, C:\Users\alexa\OneDrive\Documents\PowerShell\Modules\Pester\5.7.1\Pester.psm1:1985
at Invoke-ScriptBlock, C:\Users\alexa\OneDrive\Documents\PowerShell\Modules\Pester\5.7.1\Pester.psm1:2160
at Invoke-Block, C:\Users\alexa\OneDrive\Documents\PowerShell\Modules\Pester\5.7.1\Pester.psm1:940
at &lt;ScriptBlock&gt;, C:\Users\alexa\OneDrive\Documents\PowerShell\Modules\Pester\5.7.1\Pester.psm1:1688
at &lt;ScriptBlock&gt;, C:\Users\alexa\OneDrive\Documents\PowerShell\Modules\Pester\5.7.1\Pester.ps1:3
at &lt;ScriptBlock&gt;, C:\Users\alexa\OneDrive\Documents\PowerShell\Modules\Pester\5.7.1\Pester.psm1:3260
at Invoke-InNewScriptScope, C:\Users\alexa\OneDrive\Documents\PowerShell\Modules\Pester\5.7.1\Pester.psm1:3267
at Run-Test, C:\Users\alexa\OneDrive\Documents\PowerShell\Modules\Pester\5.7.1\Pester.psm1:1691
at Invoke-Test, C:\Users\alexa\OneDrive\Documents\PowerShell\Modules\Pester\5.7.1\Pester.psm1:2512
at Invoke-Pester&lt;End&gt;, C:\Users\alexa\OneDrive\Documents\PowerShell\Modules\Pester\5.7.1\Pester.psm1:4960
at &lt;ScriptBlock&gt;, &lt;No file&gt;:1</stack-trace>
                    </failure>
                  </test-case>
                  <test-case description="Should handle empty test results array" name="ParallelExecution Module - Core Functions.Merge-ParallelTestResults.Should handle empty test results array" time="0.0215" asserts="0" success="False" result="Failure" executed="True">
                    <failure>
                      <message>[0] Expected 0, but got $null.
[1] Expected 0, but got $null.
[2] Expected 0, but got $null.
[3] Expected 0, but got $null.</message>
                      <stack-trace>[0] at $merged.TotalCount | Should -Be 0, $env:PROJECT_ROOT\tests\unit\modules\ParallelExecution\ParallelExecution-Core.Tests.ps1:245
at Invoke-Assertion, C:\Users\alexa\OneDrive\Documents\PowerShell\Modules\Pester\5.7.1\Pester.psm1:8257
at Should&lt;End&gt;, C:\Users\alexa\OneDrive\Documents\PowerShell\Modules\Pester\5.7.1\Pester.psm1:8189
at &lt;ScriptBlock&gt;, $env:PROJECT_ROOT\tests\unit\modules\ParallelExecution\ParallelExecution-Core.Tests.ps1:245
at &lt;ScriptBlock&gt;, C:\Users\alexa\OneDrive\Documents\PowerShell\Modules\Pester\5.7.1\Pester.psm1:2024
at &lt;ScriptBlock&gt;, C:\Users\alexa\OneDrive\Documents\PowerShell\Modules\Pester\5.7.1\Pester.psm1:1985
at Invoke-ScriptBlock, C:\Users\alexa\OneDrive\Documents\PowerShell\Modules\Pester\5.7.1\Pester.psm1:2157
at Invoke-TestItem, C:\Users\alexa\OneDrive\Documents\PowerShell\Modules\Pester\5.7.1\Pester.psm1:1199
at Invoke-Block, C:\Users\alexa\OneDrive\Documents\PowerShell\Modules\Pester\5.7.1\Pester.psm1:835
at &lt;ScriptBlock&gt;, C:\Users\alexa\OneDrive\Documents\PowerShell\Modules\Pester\5.7.1\Pester.psm1:893
at &lt;ScriptBlock&gt;, C:\Users\alexa\OneDrive\Documents\PowerShell\Modules\Pester\5.7.1\Pester.psm1:2024
at &lt;ScriptBlock&gt;, C:\Users\alexa\OneDrive\Documents\PowerShell\Modules\Pester\5.7.1\Pester.psm1:1985
at Invoke-ScriptBlock, C:\Users\alexa\OneDrive\Documents\PowerShell\Modules\Pester\5.7.1\Pester.psm1:2160
at Invoke-Block, C:\Users\alexa\OneDrive\Documents\PowerShell\Modules\Pester\5.7.1\Pester.psm1:940
at &lt;ScriptBlock&gt;, C:\Users\alexa\OneDrive\Documents\PowerShell\Modules\Pester\5.7.1\Pester.psm1:893
at &lt;ScriptBlock&gt;, C:\Users\alexa\OneDrive\Documents\PowerShell\Modules\Pester\5.7.1\Pester.psm1:2024
at &lt;ScriptBlock&gt;, C:\Users\alexa\OneDrive\Documents\PowerShell\Modules\Pester\5.7.1\Pester.psm1:1985
at Invoke-ScriptBlock, C:\Users\alexa\OneDrive\Documents\PowerShell\Modules\Pester\5.7.1\Pester.psm1:2160
at Invoke-Block, C:\Users\alexa\OneDrive\Documents\PowerShell\Modules\Pester\5.7.1\Pester.psm1:940
at &lt;ScriptBlock&gt;, C:\Users\alexa\OneDrive\Documents\PowerShell\Modules\Pester\5.7.1\Pester.psm1:893
at &lt;ScriptBlock&gt;, C:\Users\alexa\OneDrive\Documents\PowerShell\Modules\Pester\5.7.1\Pester.psm1:2024
at &lt;ScriptBlock&gt;, C:\Users\alexa\OneDrive\Documents\PowerShell\Modules\Pester\5.7.1\Pester.psm1:1985
at Invoke-ScriptBlock, C:\Users\alexa\OneDrive\Documents\PowerShell\Modules\Pester\5.7.1\Pester.psm1:2160
at Invoke-Block, C:\Users\alexa\OneDrive\Documents\PowerShell\Modules\Pester\5.7.1\Pester.psm1:940
at &lt;ScriptBlock&gt;, C:\Users\alexa\OneDrive\Documents\PowerShell\Modules\Pester\5.7.1\Pester.psm1:1688
at &lt;ScriptBlock&gt;, C:\Users\alexa\OneDrive\Documents\PowerShell\Modules\Pester\5.7.1\Pester.ps1:3
at &lt;ScriptBlock&gt;, C:\Users\alexa\OneDrive\Documents\PowerShell\Modules\Pester\5.7.1\Pester.psm1:3260
at Invoke-InNewScriptScope, C:\Users\alexa\OneDrive\Documents\PowerShell\Modules\Pester\5.7.1\Pester.psm1:3267
at Run-Test, C:\Users\alexa\OneDrive\Documents\PowerShell\Modules\Pester\5.7.1\Pester.psm1:1691
at Invoke-Test, C:\Users\alexa\OneDrive\Documents\PowerShell\Modules\Pester\5.7.1\Pester.psm1:2512
at Invoke-Pester&lt;End&gt;, C:\Users\alexa\OneDrive\Documents\PowerShell\Modules\Pester\5.7.1\Pester.psm1:4960
at &lt;ScriptBlock&gt;, &lt;No file&gt;:1
[1] at $merged.PassedCount | Should -Be 0, $env:PROJECT_ROOT\tests\unit\modules\ParallelExecution\ParallelExecution-Core.Tests.ps1:246
at Invoke-Assertion, C:\Users\alexa\OneDrive\Documents\PowerShell\Modules\Pester\5.7.1\Pester.psm1:8257
at Should&lt;End&gt;, C:\Users\alexa\OneDrive\Documents\PowerShell\Modules\Pester\5.7.1\Pester.psm1:8189
at &lt;ScriptBlock&gt;, $env:PROJECT_ROOT\tests\unit\modules\ParallelExecution\ParallelExecution-Core.Tests.ps1:246
at &lt;ScriptBlock&gt;, C:\Users\alexa\OneDrive\Documents\PowerShell\Modules\Pester\5.7.1\Pester.psm1:2024
at &lt;ScriptBlock&gt;, C:\Users\alexa\OneDrive\Documents\PowerShell\Modules\Pester\5.7.1\Pester.psm1:1985
at Invoke-ScriptBlock, C:\Users\alexa\OneDrive\Documents\PowerShell\Modules\Pester\5.7.1\Pester.psm1:2157
at Invoke-TestItem, C:\Users\alexa\OneDrive\Documents\PowerShell\Modules\Pester\5.7.1\Pester.psm1:1199
at Invoke-Block, C:\Users\alexa\OneDrive\Documents\PowerShell\Modules\Pester\5.7.1\Pester.psm1:835
at &lt;ScriptBlock&gt;, C:\Users\alexa\OneDrive\Documents\PowerShell\Modules\Pester\5.7.1\Pester.psm1:893
at &lt;ScriptBlock&gt;, C:\Users\alexa\OneDrive\Documents\PowerShell\Modules\Pester\5.7.1\Pester.psm1:2024
at &lt;ScriptBlock&gt;, C:\Users\alexa\OneDrive\Documents\PowerShell\Modules\Pester\5.7.1\Pester.psm1:1985
at Invoke-ScriptBlock, C:\Users\alexa\OneDrive\Documents\PowerShell\Modules\Pester\5.7.1\Pester.psm1:2160
at Invoke-Block, C:\Users\alexa\OneDrive\Documents\PowerShell\Modules\Pester\5.7.1\Pester.psm1:940
at &lt;ScriptBlock&gt;, C:\Users\alexa\OneDrive\Documents\PowerShell\Modules\Pester\5.7.1\Pester.psm1:893
at &lt;ScriptBlock&gt;, C:\Users\alexa\OneDrive\Documents\PowerShell\Modules\Pester\5.7.1\Pester.psm1:2024
at &lt;ScriptBlock&gt;, C:\Users\alexa\OneDrive\Documents\PowerShell\Modules\Pester\5.7.1\Pester.psm1:1985
at Invoke-ScriptBlock, C:\Users\alexa\OneDrive\Documents\PowerShell\Modules\Pester\5.7.1\Pester.psm1:2160
at Invoke-Block, C:\Users\alexa\OneDrive\Documents\PowerShell\Modules\Pester\5.7.1\Pester.psm1:940
at &lt;ScriptBlock&gt;, C:\Users\alexa\OneDrive\Documents\PowerShell\Modules\Pester\5.7.1\Pester.psm1:893
at &lt;ScriptBlock&gt;, C:\Users\alexa\OneDrive\Documents\PowerShell\Modules\Pester\5.7.1\Pester.psm1:2024
at &lt;ScriptBlock&gt;, C:\Users\alexa\OneDrive\Documents\PowerShell\Modules\Pester\5.7.1\Pester.psm1:1985
at Invoke-ScriptBlock, C:\Users\alexa\OneDrive\Documents\PowerShell\Modules\Pester\5.7.1\Pester.psm1:2160
at Invoke-Block, C:\Users\alexa\OneDrive\Documents\PowerShell\Modules\Pester\5.7.1\Pester.psm1:940
at &lt;ScriptBlock&gt;, C:\Users\alexa\OneDrive\Documents\PowerShell\Modules\Pester\5.7.1\Pester.psm1:1688
at &lt;ScriptBlock&gt;, C:\Users\alexa\OneDrive\Documents\PowerShell\Modules\Pester\5.7.1\Pester.ps1:3
at &lt;ScriptBlock&gt;, C:\Users\alexa\OneDrive\Documents\PowerShell\Modules\Pester\5.7.1\Pester.psm1:3260
at Invoke-InNewScriptScope, C:\Users\alexa\OneDrive\Documents\PowerShell\Modules\Pester\5.7.1\Pester.psm1:3267
at Run-Test, C:\Users\alexa\OneDrive\Documents\PowerShell\Modules\Pester\5.7.1\Pester.psm1:1691
at Invoke-Test, C:\Users\alexa\OneDrive\Documents\PowerShell\Modules\Pester\5.7.1\Pester.psm1:2512
at Invoke-Pester&lt;End&gt;, C:\Users\alexa\OneDrive\Documents\PowerShell\Modules\Pester\5.7.1\Pester.psm1:4960
at &lt;ScriptBlock&gt;, &lt;No file&gt;:1
[2] at $merged.FailedCount | Should -Be 0, $env:PROJECT_ROOT\tests\unit\modules\ParallelExecution\ParallelExecution-Core.Tests.ps1:247
at Invoke-Assertion, C:\Users\alexa\OneDrive\Documents\PowerShell\Modules\Pester\5.7.1\Pester.psm1:8257
at Should&lt;End&gt;, C:\Users\alexa\OneDrive\Documents\PowerShell\Modules\Pester\5.7.1\Pester.psm1:8189
at &lt;ScriptBlock&gt;, $env:PROJECT_ROOT\tests\unit\modules\ParallelExecution\ParallelExecution-Core.Tests.ps1:247
at &lt;ScriptBlock&gt;, C:\Users\alexa\OneDrive\Documents\PowerShell\Modules\Pester\5.7.1\Pester.psm1:2024
at &lt;ScriptBlock&gt;, C:\Users\alexa\OneDrive\Documents\PowerShell\Modules\Pester\5.7.1\Pester.psm1:1985
at Invoke-ScriptBlock, C:\Users\alexa\OneDrive\Documents\PowerShell\Modules\Pester\5.7.1\Pester.psm1:2157
at Invoke-TestItem, C:\Users\alexa\OneDrive\Documents\PowerShell\Modules\Pester\5.7.1\Pester.psm1:1199
at Invoke-Block, C:\Users\alexa\OneDrive\Documents\PowerShell\Modules\Pester\5.7.1\Pester.psm1:835
at &lt;ScriptBlock&gt;, C:\Users\alexa\OneDrive\Documents\PowerShell\Modules\Pester\5.7.1\Pester.psm1:893
at &lt;ScriptBlock&gt;, C:\Users\alexa\OneDrive\Documents\PowerShell\Modules\Pester\5.7.1\Pester.psm1:2024
at &lt;ScriptBlock&gt;, C:\Users\alexa\OneDrive\Documents\PowerShell\Modules\Pester\5.7.1\Pester.psm1:1985
at Invoke-ScriptBlock, C:\Users\alexa\OneDrive\Documents\PowerShell\Modules\Pester\5.7.1\Pester.psm1:2160
at Invoke-Block, C:\Users\alexa\OneDrive\Documents\PowerShell\Modules\Pester\5.7.1\Pester.psm1:940
at &lt;ScriptBlock&gt;, C:\Users\alexa\OneDrive\Documents\PowerShell\Modules\Pester\5.7.1\Pester.psm1:893
at &lt;ScriptBlock&gt;, C:\Users\alexa\OneDrive\Documents\PowerShell\Modules\Pester\5.7.1\Pester.psm1:2024
at &lt;ScriptBlock&gt;, C:\Users\alexa\OneDrive\Documents\PowerShell\Modules\Pester\5.7.1\Pester.psm1:1985
at Invoke-ScriptBlock, C:\Users\alexa\OneDrive\Documents\PowerShell\Modules\Pester\5.7.1\Pester.psm1:2160
at Invoke-Block, C:\Users\alexa\OneDrive\Documents\PowerShell\Modules\Pester\5.7.1\Pester.psm1:940
at &lt;ScriptBlock&gt;, C:\Users\alexa\OneDrive\Documents\PowerShell\Modules\Pester\5.7.1\Pester.psm1:893
at &lt;ScriptBlock&gt;, C:\Users\alexa\OneDrive\Documents\PowerShell\Modules\Pester\5.7.1\Pester.psm1:2024
at &lt;ScriptBlock&gt;, C:\Users\alexa\OneDrive\Documents\PowerShell\Modules\Pester\5.7.1\Pester.psm1:1985
at Invoke-ScriptBlock, C:\Users\alexa\OneDrive\Documents\PowerShell\Modules\Pester\5.7.1\Pester.psm1:2160
at Invoke-Block, C:\Users\alexa\OneDrive\Documents\PowerShell\Modules\Pester\5.7.1\Pester.psm1:940
at &lt;ScriptBlock&gt;, C:\Users\alexa\OneDrive\Documents\PowerShell\Modules\Pester\5.7.1\Pester.psm1:1688
at &lt;ScriptBlock&gt;, C:\Users\alexa\OneDrive\Documents\PowerShell\Modules\Pester\5.7.1\Pester.ps1:3
at &lt;ScriptBlock&gt;, C:\Users\alexa\OneDrive\Documents\PowerShell\Modules\Pester\5.7.1\Pester.psm1:3260
at Invoke-InNewScriptScope, C:\Users\alexa\OneDrive\Documents\PowerShell\Modules\Pester\5.7.1\Pester.psm1:3267
at Run-Test, C:\Users\alexa\OneDrive\Documents\PowerShell\Modules\Pester\5.7.1\Pester.psm1:1691
at Invoke-Test, C:\Users\alexa\OneDrive\Documents\PowerShell\Modules\Pester\5.7.1\Pester.psm1:2512
at Invoke-Pester&lt;End&gt;, C:\Users\alexa\OneDrive\Documents\PowerShell\Modules\Pester\5.7.1\Pester.psm1:4960
at &lt;ScriptBlock&gt;, &lt;No file&gt;:1
[3] at $merged.SkippedCount | Should -Be 0, $env:PROJECT_ROOT\tests\unit\modules\ParallelExecution\ParallelExecution-Core.Tests.ps1:248
at Invoke-Assertion, C:\Users\alexa\OneDrive\Documents\PowerShell\Modules\Pester\5.7.1\Pester.psm1:8257
at Should&lt;End&gt;, C:\Users\alexa\OneDrive\Documents\PowerShell\Modules\Pester\5.7.1\Pester.psm1:8189
at &lt;ScriptBlock&gt;, $env:PROJECT_ROOT\tests\unit\modules\ParallelExecution\ParallelExecution-Core.Tests.ps1:248
at &lt;ScriptBlock&gt;, C:\Users\alexa\OneDrive\Documents\PowerShell\Modules\Pester\5.7.1\Pester.psm1:2024
at &lt;ScriptBlock&gt;, C:\Users\alexa\OneDrive\Documents\PowerShell\Modules\Pester\5.7.1\Pester.psm1:1985
at Invoke-ScriptBlock, C:\Users\alexa\OneDrive\Documents\PowerShell\Modules\Pester\5.7.1\Pester.psm1:2157
at Invoke-TestItem, C:\Users\alexa\OneDrive\Documents\PowerShell\Modules\Pester\5.7.1\Pester.psm1:1199
at Invoke-Block, C:\Users\alexa\OneDrive\Documents\PowerShell\Modules\Pester\5.7.1\Pester.psm1:835
at &lt;ScriptBlock&gt;, C:\Users\alexa\OneDrive\Documents\PowerShell\Modules\Pester\5.7.1\Pester.psm1:893
at &lt;ScriptBlock&gt;, C:\Users\alexa\OneDrive\Documents\PowerShell\Modules\Pester\5.7.1\Pester.psm1:2024
at &lt;ScriptBlock&gt;, C:\Users\alexa\OneDrive\Documents\PowerShell\Modules\Pester\5.7.1\Pester.psm1:1985
at Invoke-ScriptBlock, C:\Users\alexa\OneDrive\Documents\PowerShell\Modules\Pester\5.7.1\Pester.psm1:2160
at Invoke-Block, C:\Users\alexa\OneDrive\Documents\PowerShell\Modules\Pester\5.7.1\Pester.psm1:940
at &lt;ScriptBlock&gt;, C:\Users\alexa\OneDrive\Documents\PowerShell\Modules\Pester\5.7.1\Pester.psm1:893
at &lt;ScriptBlock&gt;, C:\Users\alexa\OneDrive\Documents\PowerShell\Modules\Pester\5.7.1\Pester.psm1:2024
at &lt;ScriptBlock&gt;, C:\Users\alexa\OneDrive\Documents\PowerShell\Modules\Pester\5.7.1\Pester.psm1:1985
at Invoke-ScriptBlock, C:\Users\alexa\OneDrive\Documents\PowerShell\Modules\Pester\5.7.1\Pester.psm1:2160
at Invoke-Block, C:\Users\alexa\OneDrive\Documents\PowerShell\Modules\Pester\5.7.1\Pester.psm1:940
at &lt;ScriptBlock&gt;, C:\Users\alexa\OneDrive\Documents\PowerShell\Modules\Pester\5.7.1\Pester.psm1:893
at &lt;ScriptBlock&gt;, C:\Users\alexa\OneDrive\Documents\PowerShell\Modules\Pester\5.7.1\Pester.psm1:2024
at &lt;ScriptBlock&gt;, C:\Users\alexa\OneDrive\Documents\PowerShell\Modules\Pester\5.7.1\Pester.psm1:1985
at Invoke-ScriptBlock, C:\Users\alexa\OneDrive\Documents\PowerShell\Modules\Pester\5.7.1\Pester.psm1:2160
at Invoke-Block, C:\Users\alexa\OneDrive\Documents\PowerShell\Modules\Pester\5.7.1\Pester.psm1:940
at &lt;ScriptBlock&gt;, C:\Users\alexa\OneDrive\Documents\PowerShell\Modules\Pester\5.7.1\Pester.psm1:1688
at &lt;ScriptBlock&gt;, C:\Users\alexa\OneDrive\Documents\PowerShell\Modules\Pester\5.7.1\Pester.ps1:3
at &lt;ScriptBlock&gt;, C:\Users\alexa\OneDrive\Documents\PowerShell\Modules\Pester\5.7.1\Pester.psm1:3260
at Invoke-InNewScriptScope, C:\Users\alexa\OneDrive\Documents\PowerShell\Modules\Pester\5.7.1\Pester.psm1:3267
at Run-Test, C:\Users\alexa\OneDrive\Documents\PowerShell\Modules\Pester\5.7.1\Pester.psm1:1691
at Invoke-Test, C:\Users\alexa\OneDrive\Documents\PowerShell\Modules\Pester\5.7.1\Pester.psm1:2512
at Invoke-Pester&lt;End&gt;, C:\Users\alexa\OneDrive\Documents\PowerShell\Modules\Pester\5.7.1\Pester.psm1:4960
at &lt;ScriptBlock&gt;, &lt;No file&gt;:1</stack-trace>
                    </failure>
                  </test-case>
                  <test-case description="Should handle single test result" name="ParallelExecution Module - Core Functions.Merge-ParallelTestResults.Should handle single test result" time="0.0243" asserts="0" success="False" result="Failure" executed="True">
                    <failure>
                      <message>[0] Expected 2, but got $null.
[1] Expected 2, but got $null.
[2] Expected 0, but got $null.
[3] Expected 3, but got $null.</message>
                      <stack-trace>[0] at $merged.TotalCount | Should -Be 2, $env:PROJECT_ROOT\tests\unit\modules\ParallelExecution\ParallelExecution-Core.Tests.ps1:262
at Invoke-Assertion, C:\Users\alexa\OneDrive\Documents\PowerShell\Modules\Pester\5.7.1\Pester.psm1:8257
at Should&lt;End&gt;, C:\Users\alexa\OneDrive\Documents\PowerShell\Modules\Pester\5.7.1\Pester.psm1:8189
at &lt;ScriptBlock&gt;, $env:PROJECT_ROOT\tests\unit\modules\ParallelExecution\ParallelExecution-Core.Tests.ps1:262
at &lt;ScriptBlock&gt;, C:\Users\alexa\OneDrive\Documents\PowerShell\Modules\Pester\5.7.1\Pester.psm1:2024
at &lt;ScriptBlock&gt;, C:\Users\alexa\OneDrive\Documents\PowerShell\Modules\Pester\5.7.1\Pester.psm1:1985
at Invoke-ScriptBlock, C:\Users\alexa\OneDrive\Documents\PowerShell\Modules\Pester\5.7.1\Pester.psm1:2157
at Invoke-TestItem, C:\Users\alexa\OneDrive\Documents\PowerShell\Modules\Pester\5.7.1\Pester.psm1:1199
at Invoke-Block, C:\Users\alexa\OneDrive\Documents\PowerShell\Modules\Pester\5.7.1\Pester.psm1:835
at &lt;ScriptBlock&gt;, C:\Users\alexa\OneDrive\Documents\PowerShell\Modules\Pester\5.7.1\Pester.psm1:893
at &lt;ScriptBlock&gt;, C:\Users\alexa\OneDrive\Documents\PowerShell\Modules\Pester\5.7.1\Pester.psm1:2024
at &lt;ScriptBlock&gt;, C:\Users\alexa\OneDrive\Documents\PowerShell\Modules\Pester\5.7.1\Pester.psm1:1985
at Invoke-ScriptBlock, C:\Users\alexa\OneDrive\Documents\PowerShell\Modules\Pester\5.7.1\Pester.psm1:2160
at Invoke-Block, C:\Users\alexa\OneDrive\Documents\PowerShell\Modules\Pester\5.7.1\Pester.psm1:940
at &lt;ScriptBlock&gt;, C:\Users\alexa\OneDrive\Documents\PowerShell\Modules\Pester\5.7.1\Pester.psm1:893
at &lt;ScriptBlock&gt;, C:\Users\alexa\OneDrive\Documents\PowerShell\Modules\Pester\5.7.1\Pester.psm1:2024
at &lt;ScriptBlock&gt;, C:\Users\alexa\OneDrive\Documents\PowerShell\Modules\Pester\5.7.1\Pester.psm1:1985
at Invoke-ScriptBlock, C:\Users\alexa\OneDrive\Documents\PowerShell\Modules\Pester\5.7.1\Pester.psm1:2160
at Invoke-Block, C:\Users\alexa\OneDrive\Documents\PowerShell\Modules\Pester\5.7.1\Pester.psm1:940
at &lt;ScriptBlock&gt;, C:\Users\alexa\OneDrive\Documents\PowerShell\Modules\Pester\5.7.1\Pester.psm1:893
at &lt;ScriptBlock&gt;, C:\Users\alexa\OneDrive\Documents\PowerShell\Modules\Pester\5.7.1\Pester.psm1:2024
at &lt;ScriptBlock&gt;, C:\Users\alexa\OneDrive\Documents\PowerShell\Modules\Pester\5.7.1\Pester.psm1:1985
at Invoke-ScriptBlock, C:\Users\alexa\OneDrive\Documents\PowerShell\Modules\Pester\5.7.1\Pester.psm1:2160
at Invoke-Block, C:\Users\alexa\OneDrive\Documents\PowerShell\Modules\Pester\5.7.1\Pester.psm1:940
at &lt;ScriptBlock&gt;, C:\Users\alexa\OneDrive\Documents\PowerShell\Modules\Pester\5.7.1\Pester.psm1:1688
at &lt;ScriptBlock&gt;, C:\Users\alexa\OneDrive\Documents\PowerShell\Modules\Pester\5.7.1\Pester.ps1:3
at &lt;ScriptBlock&gt;, C:\Users\alexa\OneDrive\Documents\PowerShell\Modules\Pester\5.7.1\Pester.psm1:3260
at Invoke-InNewScriptScope, C:\Users\alexa\OneDrive\Documents\PowerShell\Modules\Pester\5.7.1\Pester.psm1:3267
at Run-Test, C:\Users\alexa\OneDrive\Documents\PowerShell\Modules\Pester\5.7.1\Pester.psm1:1691
at Invoke-Test, C:\Users\alexa\OneDrive\Documents\PowerShell\Modules\Pester\5.7.1\Pester.psm1:2512
at Invoke-Pester&lt;End&gt;, C:\Users\alexa\OneDrive\Documents\PowerShell\Modules\Pester\5.7.1\Pester.psm1:4960
at &lt;ScriptBlock&gt;, &lt;No file&gt;:1
[1] at $merged.PassedCount | Should -Be 2, $env:PROJECT_ROOT\tests\unit\modules\ParallelExecution\ParallelExecution-Core.Tests.ps1:263
at Invoke-Assertion, C:\Users\alexa\OneDrive\Documents\PowerShell\Modules\Pester\5.7.1\Pester.psm1:8257
at Should&lt;End&gt;, C:\Users\alexa\OneDrive\Documents\PowerShell\Modules\Pester\5.7.1\Pester.psm1:8189
at &lt;ScriptBlock&gt;, $env:PROJECT_ROOT\tests\unit\modules\ParallelExecution\ParallelExecution-Core.Tests.ps1:263
at &lt;ScriptBlock&gt;, C:\Users\alexa\OneDrive\Documents\PowerShell\Modules\Pester\5.7.1\Pester.psm1:2024
at &lt;ScriptBlock&gt;, C:\Users\alexa\OneDrive\Documents\PowerShell\Modules\Pester\5.7.1\Pester.psm1:1985
at Invoke-ScriptBlock, C:\Users\alexa\OneDrive\Documents\PowerShell\Modules\Pester\5.7.1\Pester.psm1:2157
at Invoke-TestItem, C:\Users\alexa\OneDrive\Documents\PowerShell\Modules\Pester\5.7.1\Pester.psm1:1199
at Invoke-Block, C:\Users\alexa\OneDrive\Documents\PowerShell\Modules\Pester\5.7.1\Pester.psm1:835
at &lt;ScriptBlock&gt;, C:\Users\alexa\OneDrive\Documents\PowerShell\Modules\Pester\5.7.1\Pester.psm1:893
at &lt;ScriptBlock&gt;, C:\Users\alexa\OneDrive\Documents\PowerShell\Modules\Pester\5.7.1\Pester.psm1:2024
at &lt;ScriptBlock&gt;, C:\Users\alexa\OneDrive\Documents\PowerShell\Modules\Pester\5.7.1\Pester.psm1:1985
at Invoke-ScriptBlock, C:\Users\alexa\OneDrive\Documents\PowerShell\Modules\Pester\5.7.1\Pester.psm1:2160
at Invoke-Block, C:\Users\alexa\OneDrive\Documents\PowerShell\Modules\Pester\5.7.1\Pester.psm1:940
at &lt;ScriptBlock&gt;, C:\Users\alexa\OneDrive\Documents\PowerShell\Modules\Pester\5.7.1\Pester.psm1:893
at &lt;ScriptBlock&gt;, C:\Users\alexa\OneDrive\Documents\PowerShell\Modules\Pester\5.7.1\Pester.psm1:2024
at &lt;ScriptBlock&gt;, C:\Users\alexa\OneDrive\Documents\PowerShell\Modules\Pester\5.7.1\Pester.psm1:1985
at Invoke-ScriptBlock, C:\Users\alexa\OneDrive\Documents\PowerShell\Modules\Pester\5.7.1\Pester.psm1:2160
at Invoke-Block, C:\Users\alexa\OneDrive\Documents\PowerShell\Modules\Pester\5.7.1\Pester.psm1:940
at &lt;ScriptBlock&gt;, C:\Users\alexa\OneDrive\Documents\PowerShell\Modules\Pester\5.7.1\Pester.psm1:893
at &lt;ScriptBlock&gt;, C:\Users\alexa\OneDrive\Documents\PowerShell\Modules\Pester\5.7.1\Pester.psm1:2024
at &lt;ScriptBlock&gt;, C:\Users\alexa\OneDrive\Documents\PowerShell\Modules\Pester\5.7.1\Pester.psm1:1985
at Invoke-ScriptBlock, C:\Users\alexa\OneDrive\Documents\PowerShell\Modules\Pester\5.7.1\Pester.psm1:2160
at Invoke-Block, C:\Users\alexa\OneDrive\Documents\PowerShell\Modules\Pester\5.7.1\Pester.psm1:940
at &lt;ScriptBlock&gt;, C:\Users\alexa\OneDrive\Documents\PowerShell\Modules\Pester\5.7.1\Pester.psm1:1688
at &lt;ScriptBlock&gt;, C:\Users\alexa\OneDrive\Documents\PowerShell\Modules\Pester\5.7.1\Pester.ps1:3
at &lt;ScriptBlock&gt;, C:\Users\alexa\OneDrive\Documents\PowerShell\Modules\Pester\5.7.1\Pester.psm1:3260
at Invoke-InNewScriptScope, C:\Users\alexa\OneDrive\Documents\PowerShell\Modules\Pester\5.7.1\Pester.psm1:3267
at Run-Test, C:\Users\alexa\OneDrive\Documents\PowerShell\Modules\Pester\5.7.1\Pester.psm1:1691
at Invoke-Test, C:\Users\alexa\OneDrive\Documents\PowerShell\Modules\Pester\5.7.1\Pester.psm1:2512
at Invoke-Pester&lt;End&gt;, C:\Users\alexa\OneDrive\Documents\PowerShell\Modules\Pester\5.7.1\Pester.psm1:4960
at &lt;ScriptBlock&gt;, &lt;No file&gt;:1
[2] at $merged.FailedCount | Should -Be 0, $env:PROJECT_ROOT\tests\unit\modules\ParallelExecution\ParallelExecution-Core.Tests.ps1:264
at Invoke-Assertion, C:\Users\alexa\OneDrive\Documents\PowerShell\Modules\Pester\5.7.1\Pester.psm1:8257
at Should&lt;End&gt;, C:\Users\alexa\OneDrive\Documents\PowerShell\Modules\Pester\5.7.1\Pester.psm1:8189
at &lt;ScriptBlock&gt;, $env:PROJECT_ROOT\tests\unit\modules\ParallelExecution\ParallelExecution-Core.Tests.ps1:264
at &lt;ScriptBlock&gt;, C:\Users\alexa\OneDrive\Documents\PowerShell\Modules\Pester\5.7.1\Pester.psm1:2024
at &lt;ScriptBlock&gt;, C:\Users\alexa\OneDrive\Documents\PowerShell\Modules\Pester\5.7.1\Pester.psm1:1985
at Invoke-ScriptBlock, C:\Users\alexa\OneDrive\Documents\PowerShell\Modules\Pester\5.7.1\Pester.psm1:2157
at Invoke-TestItem, C:\Users\alexa\OneDrive\Documents\PowerShell\Modules\Pester\5.7.1\Pester.psm1:1199
at Invoke-Block, C:\Users\alexa\OneDrive\Documents\PowerShell\Modules\Pester\5.7.1\Pester.psm1:835
at &lt;ScriptBlock&gt;, C:\Users\alexa\OneDrive\Documents\PowerShell\Modules\Pester\5.7.1\Pester.psm1:893
at &lt;ScriptBlock&gt;, C:\Users\alexa\OneDrive\Documents\PowerShell\Modules\Pester\5.7.1\Pester.psm1:2024
at &lt;ScriptBlock&gt;, C:\Users\alexa\OneDrive\Documents\PowerShell\Modules\Pester\5.7.1\Pester.psm1:1985
at Invoke-ScriptBlock, C:\Users\alexa\OneDrive\Documents\PowerShell\Modules\Pester\5.7.1\Pester.psm1:2160
at Invoke-Block, C:\Users\alexa\OneDrive\Documents\PowerShell\Modules\Pester\5.7.1\Pester.psm1:940
at &lt;ScriptBlock&gt;, C:\Users\alexa\OneDrive\Documents\PowerShell\Modules\Pester\5.7.1\Pester.psm1:893
at &lt;ScriptBlock&gt;, C:\Users\alexa\OneDrive\Documents\PowerShell\Modules\Pester\5.7.1\Pester.psm1:2024
at &lt;ScriptBlock&gt;, C:\Users\alexa\OneDrive\Documents\PowerShell\Modules\Pester\5.7.1\Pester.psm1:1985
at Invoke-ScriptBlock, C:\Users\alexa\OneDrive\Documents\PowerShell\Modules\Pester\5.7.1\Pester.psm1:2160
at Invoke-Block, C:\Users\alexa\OneDrive\Documents\PowerShell\Modules\Pester\5.7.1\Pester.psm1:940
at &lt;ScriptBlock&gt;, C:\Users\alexa\OneDrive\Documents\PowerShell\Modules\Pester\5.7.1\Pester.psm1:893
at &lt;ScriptBlock&gt;, C:\Users\alexa\OneDrive\Documents\PowerShell\Modules\Pester\5.7.1\Pester.psm1:2024
at &lt;ScriptBlock&gt;, C:\Users\alexa\OneDrive\Documents\PowerShell\Modules\Pester\5.7.1\Pester.psm1:1985
at Invoke-ScriptBlock, C:\Users\alexa\OneDrive\Documents\PowerShell\Modules\Pester\5.7.1\Pester.psm1:2160
at Invoke-Block, C:\Users\alexa\OneDrive\Documents\PowerShell\Modules\Pester\5.7.1\Pester.psm1:940
at &lt;ScriptBlock&gt;, C:\Users\alexa\OneDrive\Documents\PowerShell\Modules\Pester\5.7.1\Pester.psm1:1688
at &lt;ScriptBlock&gt;, C:\Users\alexa\OneDrive\Documents\PowerShell\Modules\Pester\5.7.1\Pester.ps1:3
at &lt;ScriptBlock&gt;, C:\Users\alexa\OneDrive\Documents\PowerShell\Modules\Pester\5.7.1\Pester.psm1:3260
at Invoke-InNewScriptScope, C:\Users\alexa\OneDrive\Documents\PowerShell\Modules\Pester\5.7.1\Pester.psm1:3267
at Run-Test, C:\Users\alexa\OneDrive\Documents\PowerShell\Modules\Pester\5.7.1\Pester.psm1:1691
at Invoke-Test, C:\Users\alexa\OneDrive\Documents\PowerShell\Modules\Pester\5.7.1\Pester.psm1:2512
at Invoke-Pester&lt;End&gt;, C:\Users\alexa\OneDrive\Documents\PowerShell\Modules\Pester\5.7.1\Pester.psm1:4960
at &lt;ScriptBlock&gt;, &lt;No file&gt;:1
[3] at $merged.Duration.TotalSeconds | Should -Be 3, $env:PROJECT_ROOT\tests\unit\modules\ParallelExecution\ParallelExecution-Core.Tests.ps1:265
at Invoke-Assertion, C:\Users\alexa\OneDrive\Documents\PowerShell\Modules\Pester\5.7.1\Pester.psm1:8257
at Should&lt;End&gt;, C:\Users\alexa\OneDrive\Documents\PowerShell\Modules\Pester\5.7.1\Pester.psm1:8189
at &lt;ScriptBlock&gt;, $env:PROJECT_ROOT\tests\unit\modules\ParallelExecution\ParallelExecution-Core.Tests.ps1:265
at &lt;ScriptBlock&gt;, C:\Users\alexa\OneDrive\Documents\PowerShell\Modules\Pester\5.7.1\Pester.psm1:2024
at &lt;ScriptBlock&gt;, C:\Users\alexa\OneDrive\Documents\PowerShell\Modules\Pester\5.7.1\Pester.psm1:1985
at Invoke-ScriptBlock, C:\Users\alexa\OneDrive\Documents\PowerShell\Modules\Pester\5.7.1\Pester.psm1:2157
at Invoke-TestItem, C:\Users\alexa\OneDrive\Documents\PowerShell\Modules\Pester\5.7.1\Pester.psm1:1199
at Invoke-Block, C:\Users\alexa\OneDrive\Documents\PowerShell\Modules\Pester\5.7.1\Pester.psm1:835
at &lt;ScriptBlock&gt;, C:\Users\alexa\OneDrive\Documents\PowerShell\Modules\Pester\5.7.1\Pester.psm1:893
at &lt;ScriptBlock&gt;, C:\Users\alexa\OneDrive\Documents\PowerShell\Modules\Pester\5.7.1\Pester.psm1:2024
at &lt;ScriptBlock&gt;, C:\Users\alexa\OneDrive\Documents\PowerShell\Modules\Pester\5.7.1\Pester.psm1:1985
at Invoke-ScriptBlock, C:\Users\alexa\OneDrive\Documents\PowerShell\Modules\Pester\5.7.1\Pester.psm1:2160
at Invoke-Block, C:\Users\alexa\OneDrive\Documents\PowerShell\Modules\Pester\5.7.1\Pester.psm1:940
at &lt;ScriptBlock&gt;, C:\Users\alexa\OneDrive\Documents\PowerShell\Modules\Pester\5.7.1\Pester.psm1:893
at &lt;ScriptBlock&gt;, C:\Users\alexa\OneDrive\Documents\PowerShell\Modules\Pester\5.7.1\Pester.psm1:2024
at &lt;ScriptBlock&gt;, C:\Users\alexa\OneDrive\Documents\PowerShell\Modules\Pester\5.7.1\Pester.psm1:1985
at Invoke-ScriptBlock, C:\Users\alexa\OneDrive\Documents\PowerShell\Modules\Pester\5.7.1\Pester.psm1:2160
at Invoke-Block, C:\Users\alexa\OneDrive\Documents\PowerShell\Modules\Pester\5.7.1\Pester.psm1:940
at &lt;ScriptBlock&gt;, C:\Users\alexa\OneDrive\Documents\PowerShell\Modules\Pester\5.7.1\Pester.psm1:893
at &lt;ScriptBlock&gt;, C:\Users\alexa\OneDrive\Documents\PowerShell\Modules\Pester\5.7.1\Pester.psm1:2024
at &lt;ScriptBlock&gt;, C:\Users\alexa\OneDrive\Documents\PowerShell\Modules\Pester\5.7.1\Pester.psm1:1985
at Invoke-ScriptBlock, C:\Users\alexa\OneDrive\Documents\PowerShell\Modules\Pester\5.7.1\Pester.psm1:2160
at Invoke-Block, C:\Users\alexa\OneDrive\Documents\PowerShell\Modules\Pester\5.7.1\Pester.psm1:940
at &lt;ScriptBlock&gt;, C:\Users\alexa\OneDrive\Documents\PowerShell\Modules\Pester\5.7.1\Pester.psm1:1688
at &lt;ScriptBlock&gt;, C:\Users\alexa\OneDrive\Documents\PowerShell\Modules\Pester\5.7.1\Pester.ps1:3
at &lt;ScriptBlock&gt;, C:\Users\alexa\OneDrive\Documents\PowerShell\Modules\Pester\5.7.1\Pester.psm1:3260
at Invoke-InNewScriptScope, C:\Users\alexa\OneDrive\Documents\PowerShell\Modules\Pester\5.7.1\Pester.psm1:3267
at Run-Test, C:\Users\alexa\OneDrive\Documents\PowerShell\Modules\Pester\5.7.1\Pester.psm1:1691
at Invoke-Test, C:\Users\alexa\OneDrive\Documents\PowerShell\Modules\Pester\5.7.1\Pester.psm1:2512
at Invoke-Pester&lt;End&gt;, C:\Users\alexa\OneDrive\Documents\PowerShell\Modules\Pester\5.7.1\Pester.psm1:4960
at &lt;ScriptBlock&gt;, &lt;No file&gt;:1</stack-trace>
                    </failure>
                  </test-case>
                </results>
              </test-suite>
            </results>
          </test-suite>
          <test-suite type="TestFixture" name="ParallelExecution Module - Error Handling" executed="True" result="Success" success="True" time="5.3973" asserts="0" description="ParallelExecution Module - Error Handling">
            <results>
              <test-suite type="TestFixture" name="ParallelExecution Module - Error Handling.Error Scenarios" executed="True" result="Success" success="True" time="0.0576" asserts="0" description="ParallelExecution Module - Error Handling.Error Scenarios">
                <results>
                  <test-case description="Should handle script block errors gracefully in parallel execution" name="ParallelExecution Module - Error Handling.Error Scenarios.Should handle script block errors gracefully in parallel execution" time="0.0358" asserts="0" success="True" result="Success" executed="True" />
                  <test-case description="Should handle invalid throttle limits" name="ParallelExecution Module - Error Handling.Error Scenarios.Should handle invalid throttle limits" time="0.0172" asserts="0" success="True" result="Success" executed="True" />
                  <test-case description="Should handle null script block" name="ParallelExecution Module - Error Handling.Error Scenarios.Should handle null script block" time="0.0022" asserts="0" success="True" result="Success" executed="True" />
                </results>
              </test-suite>
              <test-suite type="TestFixture" name="ParallelExecution Module - Error Handling.Resource Management" executed="True" result="Success" success="True" time="0.7555" asserts="0" description="ParallelExecution Module - Error Handling.Resource Management">
                <results>
                  <test-case description="Should clean up jobs properly after completion" name="ParallelExecution Module - Error Handling.Resource Management.Should clean up jobs properly after completion" time="0.6942" asserts="0" success="True" result="Success" executed="True" />
                </results>
              </test-suite>
            </results>
          </test-suite>
        </results>
      </test-suite>
      <test-suite type="TestFixture" name="$env:PROJECT_ROOT\tests\unit\modules\PatchManager\BranchStrategy.Tests.ps1" executed="True" result="Failure" success="False" time="0.1564" asserts="0" description="$env:PROJECT_ROOT\tests\unit\modules\PatchManager\BranchStrategy.Tests.ps1">
        <results>
          <test-suite type="TestFixture" name="BranchStrategy Module" executed="True" result="Failure" success="False" time="0.0942" asserts="0" description="BranchStrategy Module">
            <results>
              <test-suite type="TestFixture" name="BranchStrategy Module.Syntax Validation" executed="True" result="Failure" success="False" time="0.0085" asserts="0" description="BranchStrategy Module.Syntax Validation">
                <results>
                  <test-case description="Should have valid PowerShell syntax" name="BranchStrategy Module.Syntax Validation.Should have valid PowerShell syntax" time="0.006" asserts="0" success="False" result="Failure" executed="True">
                    <failure>
                      <message>Expected 0, but got 1.</message>
                      <stack-trace>at $errors.Count | Should -Be 0, $env:PROJECT_ROOT\tests\unit\modules\PatchManager\BranchStrategy.Tests.ps1:18
at Invoke-Assertion, C:\Users\alexa\OneDrive\Documents\PowerShell\Modules\Pester\5.7.1\Pester.psm1:8257
at Should&lt;End&gt;, C:\Users\alexa\OneDrive\Documents\PowerShell\Modules\Pester\5.7.1\Pester.psm1:8189
at &lt;ScriptBlock&gt;, $env:PROJECT_ROOT\tests\unit\modules\PatchManager\BranchStrategy.Tests.ps1:18
at &lt;ScriptBlock&gt;, C:\Users\alexa\OneDrive\Documents\PowerShell\Modules\Pester\5.7.1\Pester.psm1:2024
at &lt;ScriptBlock&gt;, C:\Users\alexa\OneDrive\Documents\PowerShell\Modules\Pester\5.7.1\Pester.psm1:1985
at Invoke-ScriptBlock, C:\Users\alexa\OneDrive\Documents\PowerShell\Modules\Pester\5.7.1\Pester.psm1:2157
at Invoke-TestItem, C:\Users\alexa\OneDrive\Documents\PowerShell\Modules\Pester\5.7.1\Pester.psm1:1199
at Invoke-Block, C:\Users\alexa\OneDrive\Documents\PowerShell\Modules\Pester\5.7.1\Pester.psm1:835
at &lt;ScriptBlock&gt;, C:\Users\alexa\OneDrive\Documents\PowerShell\Modules\Pester\5.7.1\Pester.psm1:893
at &lt;ScriptBlock&gt;, C:\Users\alexa\OneDrive\Documents\PowerShell\Modules\Pester\5.7.1\Pester.psm1:2024
at &lt;ScriptBlock&gt;, C:\Users\alexa\OneDrive\Documents\PowerShell\Modules\Pester\5.7.1\Pester.psm1:1985
at Invoke-ScriptBlock, C:\Users\alexa\OneDrive\Documents\PowerShell\Modules\Pester\5.7.1\Pester.psm1:2160
at Invoke-Block, C:\Users\alexa\OneDrive\Documents\PowerShell\Modules\Pester\5.7.1\Pester.psm1:940
at &lt;ScriptBlock&gt;, C:\Users\alexa\OneDrive\Documents\PowerShell\Modules\Pester\5.7.1\Pester.psm1:893
at &lt;ScriptBlock&gt;, C:\Users\alexa\OneDrive\Documents\PowerShell\Modules\Pester\5.7.1\Pester.psm1:2024
at &lt;ScriptBlock&gt;, C:\Users\alexa\OneDrive\Documents\PowerShell\Modules\Pester\5.7.1\Pester.psm1:1985
at Invoke-ScriptBlock, C:\Users\alexa\OneDrive\Documents\PowerShell\Modules\Pester\5.7.1\Pester.psm1:2160
at Invoke-Block, C:\Users\alexa\OneDrive\Documents\PowerShell\Modules\Pester\5.7.1\Pester.psm1:940
at &lt;ScriptBlock&gt;, C:\Users\alexa\OneDrive\Documents\PowerShell\Modules\Pester\5.7.1\Pester.psm1:893
at &lt;ScriptBlock&gt;, C:\Users\alexa\OneDrive\Documents\PowerShell\Modules\Pester\5.7.1\Pester.psm1:2024
at &lt;ScriptBlock&gt;, C:\Users\alexa\OneDrive\Documents\PowerShell\Modules\Pester\5.7.1\Pester.psm1:1985
at Invoke-ScriptBlock, C:\Users\alexa\OneDrive\Documents\PowerShell\Modules\Pester\5.7.1\Pester.psm1:2160
at Invoke-Block, C:\Users\alexa\OneDrive\Documents\PowerShell\Modules\Pester\5.7.1\Pester.psm1:940
at &lt;ScriptBlock&gt;, C:\Users\alexa\OneDrive\Documents\PowerShell\Modules\Pester\5.7.1\Pester.psm1:1688
at &lt;ScriptBlock&gt;, C:\Users\alexa\OneDrive\Documents\PowerShell\Modules\Pester\5.7.1\Pester.ps1:3
at &lt;ScriptBlock&gt;, C:\Users\alexa\OneDrive\Documents\PowerShell\Modules\Pester\5.7.1\Pester.psm1:3260
at Invoke-InNewScriptScope, C:\Users\alexa\OneDrive\Documents\PowerShell\Modules\Pester\5.7.1\Pester.psm1:3267
at Run-Test, C:\Users\alexa\OneDrive\Documents\PowerShell\Modules\Pester\5.7.1\Pester.psm1:1691
at Invoke-Test, C:\Users\alexa\OneDrive\Documents\PowerShell\Modules\Pester\5.7.1\Pester.psm1:2512
at Invoke-Pester&lt;End&gt;, C:\Users\alexa\OneDrive\Documents\PowerShell\Modules\Pester\5.7.1\Pester.psm1:4960
at &lt;ScriptBlock&gt;, &lt;No file&gt;:1</stack-trace>
                    </failure>
                  </test-case>
                </results>
              </test-suite>
              <test-suite type="TestFixture" name="BranchStrategy Module.Get-SanitizedBranchName Function" executed="True" result="Success" success="True" time="0.0191" asserts="0" description="BranchStrategy Module.Get-SanitizedBranchName Function">
                <results>
                  <test-case description="Should sanitize branch names correctly" name="BranchStrategy Module.Get-SanitizedBranchName Function.Should sanitize branch names correctly" time="0.0029" asserts="0" success="True" result="Success" executed="True" />
                  <test-case description="Should handle custom prefix" name="BranchStrategy Module.Get-SanitizedBranchName Function.Should handle custom prefix" time="0.0012" asserts="0" success="True" result="Success" executed="True" />
                  <test-case description="Should handle no timestamp when specified" name="BranchStrategy Module.Get-SanitizedBranchName Function.Should handle no timestamp when specified" time="0.0011" asserts="0" success="True" result="Success" executed="True" />
                  <test-case description="Should truncate long descriptions" name="BranchStrategy Module.Get-SanitizedBranchName Function.Should truncate long descriptions" time="0.0028" asserts="0" success="True" result="Success" executed="True" />
                </results>
              </test-suite>
              <test-suite type="TestFixture" name="BranchStrategy Module.Test-BranchProtection Function" executed="True" result="Success" success="True" time="0.027" asserts="0" description="BranchStrategy Module.Test-BranchProtection Function">
                <results>
                  <test-case description="Should protect main branches" name="BranchStrategy Module.Test-BranchProtection Function.Should protect main branches" time="0.0033" asserts="0" success="True" result="Success" executed="True" />
                  <test-case description="Should allow feature branches" name="BranchStrategy Module.Test-BranchProtection Function.Should allow feature branches" time="0.0022" asserts="0" success="True" result="Success" executed="True" />
                </results>
              </test-suite>
              <test-suite type="TestFixture" name="BranchStrategy Module.Get-IntelligentBranchStrategy Function" executed="True" result="Success" success="True" time="0.0917" asserts="0" description="BranchStrategy Module.Get-IntelligentBranchStrategy Function">
                <results>
                  <test-case description="Should generate appropriate branch name for bug fixes" name="BranchStrategy Module.Get-IntelligentBranchStrategy Function.Should generate appropriate branch name for bug fixes" time="0.0342" asserts="0" success="True" result="Success" executed="True" />
                  <test-case description="Should generate appropriate branch name for features" name="BranchStrategy Module.Get-IntelligentBranchStrategy Function.Should generate appropriate branch name for features" time="0.025" asserts="0" success="True" result="Success" executed="True" />
                  <test-case description="Should skip branch creation when already on feature branch" name="BranchStrategy Module.Get-IntelligentBranchStrategy Function.Should skip branch creation when already on feature branch" time="0.0028" asserts="0" success="True" result="Success" executed="True" />
                </results>
              </test-suite>
            </results>
          </test-suite>
        </results>
      </test-suite>
      <test-suite type="TestFixture" name="$env:PROJECT_ROOT\tests\unit\modules\PatchManager\ErrorHandling.Tests.ps1" executed="True" result="Success" success="True" time="0.113" asserts="0" description="$env:PROJECT_ROOT\tests\unit\modules\PatchManager\ErrorHandling.Tests.ps1">
        <results>
          <test-suite type="TestFixture" name="ErrorHandling Module" executed="True" result="Success" success="True" time="0.0722" asserts="0" description="ErrorHandling Module">
            <results>
              <test-suite type="TestFixture" name="ErrorHandling Module.HandlePatchError function" executed="True" result="Success" success="True" time="0.0454" asserts="0" description="ErrorHandling Module.HandlePatchError function">
                <results>
                  <test-case description="Should handle patch error with all parameters" name="ErrorHandling Module.HandlePatchError function.Should handle patch error with all parameters" time="0.009" asserts="0" success="True" result="Success" executed="True" />
                  <test-case description="Should handle error without issue number" name="ErrorHandling Module.HandlePatchError function.Should handle error without issue number" time="0.0028" asserts="0" success="True" result="Success" executed="True" />
                  <test-case description="Should handle error without error record" name="ErrorHandling Module.HandlePatchError function.Should handle error without error record" time="0.0031" asserts="0" success="True" result="Success" executed="True" />
                  <test-case description="Should return structured error object" name="ErrorHandling Module.HandlePatchError function.Should return structured error object" time="0.0052" asserts="0" success="True" result="Success" executed="True" />
                  <test-case description="Should send GitHub issue comment when IssueNumber provided" name="ErrorHandling Module.HandlePatchError function.Should send GitHub issue comment when IssueNumber provided" time="0.0046" asserts="0" success="True" result="Success" executed="True" />
                  <test-case description="Should validate error categories" name="ErrorHandling Module.HandlePatchError function.Should validate error categories" time="0.0183" asserts="0" success="True" result="Success" executed="True" />
                </results>
              </test-suite>
              <test-suite type="TestFixture" name="ErrorHandling Module.Write-PatchLog function" executed="True" result="Success" success="True" time="0.0694" asserts="0" description="ErrorHandling Module.Write-PatchLog function">
                <results>
                  <test-case description="Should write log message with default level" name="ErrorHandling Module.Write-PatchLog function.Should write log message with default level" time="0.004" asserts="0" success="True" result="Success" executed="True" />
                  <test-case description="Should accept different log levels" name="ErrorHandling Module.Write-PatchLog function.Should accept different log levels" time="0.0081" asserts="0" success="True" result="Success" executed="True" />
                  <test-case description="Should handle empty message" name="ErrorHandling Module.Write-PatchLog function.Should handle empty message" time="0.0028" asserts="0" success="True" result="Success" executed="True" />
                  <test-case description="Should handle null message gracefully" name="ErrorHandling Module.Write-PatchLog function.Should handle null message gracefully" time="0.003" asserts="0" success="True" result="Success" executed="True" />
                  <test-case description="Should accept custom log file path" name="ErrorHandling Module.Write-PatchLog function.Should accept custom log file path" time="0.0037" asserts="0" success="True" result="Success" executed="True" />
                </results>
              </test-suite>
            </results>
          </test-suite>
        </results>
      </test-suite>
      <test-suite type="TestFixture" name="$env:PROJECT_ROOT\tests\unit\modules\PatchManager\PatchManager-BranchManagement.Tests.ps1" executed="True" result="Failure" success="False" time="0.472" asserts="0" description="$env:PROJECT_ROOT\tests\unit\modules\PatchManager\PatchManager-BranchManagement.Tests.ps1">
        <results>
          <test-suite type="TestFixture" name="PatchManager Branch Management" executed="True" result="Failure" success="False" time="0.2099" asserts="0" description="PatchManager Branch Management">
            <results>
              <test-suite type="TestFixture" name="PatchManager Branch Management.Get-IntelligentBranchStrategy" executed="True" result="Failure" success="False" time="0.0622" asserts="0" description="PatchManager Branch Management.Get-IntelligentBranchStrategy">
                <results>
                  <test-case description="Should create strategy for new patch" name="PatchManager Branch Management.Get-IntelligentBranchStrategy.Should create strategy for new patch" time="0.0216" asserts="0" success="False" result="Failure" executed="True">
                    <failure>
                      <message>CommandNotFoundException: The term 'Get-IntelligentBranchStrategy' is not recognized as a name of a cmdlet, function, script file, or executable program.
Check the spelling of the name, or if a path was included, verify that the path is correct and try again.</message>
                      <stack-trace>at &lt;ScriptBlock&gt;, $env:PROJECT_ROOT\tests\unit\modules\PatchManager\PatchManager-BranchManagement.Tests.ps1:107
at &lt;ScriptBlock&gt;, C:\Users\alexa\OneDrive\Documents\PowerShell\Modules\Pester\5.7.1\Pester.psm1:2024
at &lt;ScriptBlock&gt;, C:\Users\alexa\OneDrive\Documents\PowerShell\Modules\Pester\5.7.1\Pester.psm1:1985
at Invoke-ScriptBlock, C:\Users\alexa\OneDrive\Documents\PowerShell\Modules\Pester\5.7.1\Pester.psm1:2157
at Invoke-TestItem, C:\Users\alexa\OneDrive\Documents\PowerShell\Modules\Pester\5.7.1\Pester.psm1:1199
at Invoke-Block, C:\Users\alexa\OneDrive\Documents\PowerShell\Modules\Pester\5.7.1\Pester.psm1:835
at &lt;ScriptBlock&gt;, C:\Users\alexa\OneDrive\Documents\PowerShell\Modules\Pester\5.7.1\Pester.psm1:893
at &lt;ScriptBlock&gt;, C:\Users\alexa\OneDrive\Documents\PowerShell\Modules\Pester\5.7.1\Pester.psm1:2024
at &lt;ScriptBlock&gt;, C:\Users\alexa\OneDrive\Documents\PowerShell\Modules\Pester\5.7.1\Pester.psm1:1985
at Invoke-ScriptBlock, C:\Users\alexa\OneDrive\Documents\PowerShell\Modules\Pester\5.7.1\Pester.psm1:2160
at Invoke-Block, C:\Users\alexa\OneDrive\Documents\PowerShell\Modules\Pester\5.7.1\Pester.psm1:940
at &lt;ScriptBlock&gt;, C:\Users\alexa\OneDrive\Documents\PowerShell\Modules\Pester\5.7.1\Pester.psm1:893
at &lt;ScriptBlock&gt;, C:\Users\alexa\OneDrive\Documents\PowerShell\Modules\Pester\5.7.1\Pester.psm1:2024
at &lt;ScriptBlock&gt;, C:\Users\alexa\OneDrive\Documents\PowerShell\Modules\Pester\5.7.1\Pester.psm1:1985
at Invoke-ScriptBlock, C:\Users\alexa\OneDrive\Documents\PowerShell\Modules\Pester\5.7.1\Pester.psm1:2160
at Invoke-Block, C:\Users\alexa\OneDrive\Documents\PowerShell\Modules\Pester\5.7.1\Pester.psm1:940
at &lt;ScriptBlock&gt;, C:\Users\alexa\OneDrive\Documents\PowerShell\Modules\Pester\5.7.1\Pester.psm1:893
at &lt;ScriptBlock&gt;, C:\Users\alexa\OneDrive\Documents\PowerShell\Modules\Pester\5.7.1\Pester.psm1:2024
at &lt;ScriptBlock&gt;, C:\Users\alexa\OneDrive\Documents\PowerShell\Modules\Pester\5.7.1\Pester.psm1:1985
at Invoke-ScriptBlock, C:\Users\alexa\OneDrive\Documents\PowerShell\Modules\Pester\5.7.1\Pester.psm1:2160
at Invoke-Block, C:\Users\alexa\OneDrive\Documents\PowerShell\Modules\Pester\5.7.1\Pester.psm1:940
at &lt;ScriptBlock&gt;, C:\Users\alexa\OneDrive\Documents\PowerShell\Modules\Pester\5.7.1\Pester.psm1:1688
at &lt;ScriptBlock&gt;, C:\Users\alexa\OneDrive\Documents\PowerShell\Modules\Pester\5.7.1\Pester.ps1:3
at &lt;ScriptBlock&gt;, C:\Users\alexa\OneDrive\Documents\PowerShell\Modules\Pester\5.7.1\Pester.psm1:3260
at Invoke-InNewScriptScope, C:\Users\alexa\OneDrive\Documents\PowerShell\Modules\Pester\5.7.1\Pester.psm1:3267
at Run-Test, C:\Users\alexa\OneDrive\Documents\PowerShell\Modules\Pester\5.7.1\Pester.psm1:1691
at Invoke-Test, C:\Users\alexa\OneDrive\Documents\PowerShell\Modules\Pester\5.7.1\Pester.psm1:2512
at Invoke-Pester&lt;End&gt;, C:\Users\alexa\OneDrive\Documents\PowerShell\Modules\Pester\5.7.1\Pester.psm1:4960
at &lt;ScriptBlock&gt;, &lt;No file&gt;:1</stack-trace>
                    </failure>
                  </test-case>
                  <test-case description="Should handle force new branch parameter" name="PatchManager Branch Management.Get-IntelligentBranchStrategy.Should handle force new branch parameter" time="0.0193" asserts="0" success="False" result="Failure" executed="True">
                    <failure>
                      <message>CommandNotFoundException: The term 'Get-IntelligentBranchStrategy' is not recognized as a name of a cmdlet, function, script file, or executable program.
Check the spelling of the name, or if a path was included, verify that the path is correct and try again.</message>
                      <stack-trace>at &lt;ScriptBlock&gt;, $env:PROJECT_ROOT\tests\unit\modules\PatchManager\PatchManager-BranchManagement.Tests.ps1:115
at &lt;ScriptBlock&gt;, C:\Users\alexa\OneDrive\Documents\PowerShell\Modules\Pester\5.7.1\Pester.psm1:2024
at &lt;ScriptBlock&gt;, C:\Users\alexa\OneDrive\Documents\PowerShell\Modules\Pester\5.7.1\Pester.psm1:1985
at Invoke-ScriptBlock, C:\Users\alexa\OneDrive\Documents\PowerShell\Modules\Pester\5.7.1\Pester.psm1:2157
at Invoke-TestItem, C:\Users\alexa\OneDrive\Documents\PowerShell\Modules\Pester\5.7.1\Pester.psm1:1199
at Invoke-Block, C:\Users\alexa\OneDrive\Documents\PowerShell\Modules\Pester\5.7.1\Pester.psm1:835
at &lt;ScriptBlock&gt;, C:\Users\alexa\OneDrive\Documents\PowerShell\Modules\Pester\5.7.1\Pester.psm1:893
at &lt;ScriptBlock&gt;, C:\Users\alexa\OneDrive\Documents\PowerShell\Modules\Pester\5.7.1\Pester.psm1:2024
at &lt;ScriptBlock&gt;, C:\Users\alexa\OneDrive\Documents\PowerShell\Modules\Pester\5.7.1\Pester.psm1:1985
at Invoke-ScriptBlock, C:\Users\alexa\OneDrive\Documents\PowerShell\Modules\Pester\5.7.1\Pester.psm1:2160
at Invoke-Block, C:\Users\alexa\OneDrive\Documents\PowerShell\Modules\Pester\5.7.1\Pester.psm1:940
at &lt;ScriptBlock&gt;, C:\Users\alexa\OneDrive\Documents\PowerShell\Modules\Pester\5.7.1\Pester.psm1:893
at &lt;ScriptBlock&gt;, C:\Users\alexa\OneDrive\Documents\PowerShell\Modules\Pester\5.7.1\Pester.psm1:2024
at &lt;ScriptBlock&gt;, C:\Users\alexa\OneDrive\Documents\PowerShell\Modules\Pester\5.7.1\Pester.psm1:1985
at Invoke-ScriptBlock, C:\Users\alexa\OneDrive\Documents\PowerShell\Modules\Pester\5.7.1\Pester.psm1:2160
at Invoke-Block, C:\Users\alexa\OneDrive\Documents\PowerShell\Modules\Pester\5.7.1\Pester.psm1:940
at &lt;ScriptBlock&gt;, C:\Users\alexa\OneDrive\Documents\PowerShell\Modules\Pester\5.7.1\Pester.psm1:893
at &lt;ScriptBlock&gt;, C:\Users\alexa\OneDrive\Documents\PowerShell\Modules\Pester\5.7.1\Pester.psm1:2024
at &lt;ScriptBlock&gt;, C:\Users\alexa\OneDrive\Documents\PowerShell\Modules\Pester\5.7.1\Pester.psm1:1985
at Invoke-ScriptBlock, C:\Users\alexa\OneDrive\Documents\PowerShell\Modules\Pester\5.7.1\Pester.psm1:2160
at Invoke-Block, C:\Users\alexa\OneDrive\Documents\PowerShell\Modules\Pester\5.7.1\Pester.psm1:940
at &lt;ScriptBlock&gt;, C:\Users\alexa\OneDrive\Documents\PowerShell\Modules\Pester\5.7.1\Pester.psm1:1688
at &lt;ScriptBlock&gt;, C:\Users\alexa\OneDrive\Documents\PowerShell\Modules\Pester\5.7.1\Pester.ps1:3
at &lt;ScriptBlock&gt;, C:\Users\alexa\OneDrive\Documents\PowerShell\Modules\Pester\5.7.1\Pester.psm1:3260
at Invoke-InNewScriptScope, C:\Users\alexa\OneDrive\Documents\PowerShell\Modules\Pester\5.7.1\Pester.psm1:3267
at Run-Test, C:\Users\alexa\OneDrive\Documents\PowerShell\Modules\Pester\5.7.1\Pester.psm1:1691
at Invoke-Test, C:\Users\alexa\OneDrive\Documents\PowerShell\Modules\Pester\5.7.1\Pester.psm1:2512
at Invoke-Pester&lt;End&gt;, C:\Users\alexa\OneDrive\Documents\PowerShell\Modules\Pester\5.7.1\Pester.psm1:4960
at &lt;ScriptBlock&gt;, &lt;No file&gt;:1</stack-trace>
                    </failure>
                  </test-case>
                  <test-case description="Should detect protected branches" name="PatchManager Branch Management.Get-IntelligentBranchStrategy.Should detect protected branches" time="0.0184" asserts="0" success="False" result="Failure" executed="True">
                    <failure>
                      <message>CommandNotFoundException: The term 'Get-IntelligentBranchStrategy' is not recognized as a name of a cmdlet, function, script file, or executable program.
Check the spelling of the name, or if a path was included, verify that the path is correct and try again.</message>
                      <stack-trace>at &lt;ScriptBlock&gt;, $env:PROJECT_ROOT\tests\unit\modules\PatchManager\PatchManager-BranchManagement.Tests.ps1:121
at &lt;ScriptBlock&gt;, C:\Users\alexa\OneDrive\Documents\PowerShell\Modules\Pester\5.7.1\Pester.psm1:2024
at &lt;ScriptBlock&gt;, C:\Users\alexa\OneDrive\Documents\PowerShell\Modules\Pester\5.7.1\Pester.psm1:1985
at Invoke-ScriptBlock, C:\Users\alexa\OneDrive\Documents\PowerShell\Modules\Pester\5.7.1\Pester.psm1:2157
at Invoke-TestItem, C:\Users\alexa\OneDrive\Documents\PowerShell\Modules\Pester\5.7.1\Pester.psm1:1199
at Invoke-Block, C:\Users\alexa\OneDrive\Documents\PowerShell\Modules\Pester\5.7.1\Pester.psm1:835
at &lt;ScriptBlock&gt;, C:\Users\alexa\OneDrive\Documents\PowerShell\Modules\Pester\5.7.1\Pester.psm1:893
at &lt;ScriptBlock&gt;, C:\Users\alexa\OneDrive\Documents\PowerShell\Modules\Pester\5.7.1\Pester.psm1:2024
at &lt;ScriptBlock&gt;, C:\Users\alexa\OneDrive\Documents\PowerShell\Modules\Pester\5.7.1\Pester.psm1:1985
at Invoke-ScriptBlock, C:\Users\alexa\OneDrive\Documents\PowerShell\Modules\Pester\5.7.1\Pester.psm1:2160
at Invoke-Block, C:\Users\alexa\OneDrive\Documents\PowerShell\Modules\Pester\5.7.1\Pester.psm1:940
at &lt;ScriptBlock&gt;, C:\Users\alexa\OneDrive\Documents\PowerShell\Modules\Pester\5.7.1\Pester.psm1:893
at &lt;ScriptBlock&gt;, C:\Users\alexa\OneDrive\Documents\PowerShell\Modules\Pester\5.7.1\Pester.psm1:2024
at &lt;ScriptBlock&gt;, C:\Users\alexa\OneDrive\Documents\PowerShell\Modules\Pester\5.7.1\Pester.psm1:1985
at Invoke-ScriptBlock, C:\Users\alexa\OneDrive\Documents\PowerShell\Modules\Pester\5.7.1\Pester.psm1:2160
at Invoke-Block, C:\Users\alexa\OneDrive\Documents\PowerShell\Modules\Pester\5.7.1\Pester.psm1:940
at &lt;ScriptBlock&gt;, C:\Users\alexa\OneDrive\Documents\PowerShell\Modules\Pester\5.7.1\Pester.psm1:893
at &lt;ScriptBlock&gt;, C:\Users\alexa\OneDrive\Documents\PowerShell\Modules\Pester\5.7.1\Pester.psm1:2024
at &lt;ScriptBlock&gt;, C:\Users\alexa\OneDrive\Documents\PowerShell\Modules\Pester\5.7.1\Pester.psm1:1985
at Invoke-ScriptBlock, C:\Users\alexa\OneDrive\Documents\PowerShell\Modules\Pester\5.7.1\Pester.psm1:2160
at Invoke-Block, C:\Users\alexa\OneDrive\Documents\PowerShell\Modules\Pester\5.7.1\Pester.psm1:940
at &lt;ScriptBlock&gt;, C:\Users\alexa\OneDrive\Documents\PowerShell\Modules\Pester\5.7.1\Pester.psm1:1688
at &lt;ScriptBlock&gt;, C:\Users\alexa\OneDrive\Documents\PowerShell\Modules\Pester\5.7.1\Pester.ps1:3
at &lt;ScriptBlock&gt;, C:\Users\alexa\OneDrive\Documents\PowerShell\Modules\Pester\5.7.1\Pester.psm1:3260
at Invoke-InNewScriptScope, C:\Users\alexa\OneDrive\Documents\PowerShell\Modules\Pester\5.7.1\Pester.psm1:3267
at Run-Test, C:\Users\alexa\OneDrive\Documents\PowerShell\Modules\Pester\5.7.1\Pester.psm1:1691
at Invoke-Test, C:\Users\alexa\OneDrive\Documents\PowerShell\Modules\Pester\5.7.1\Pester.psm1:2512
at Invoke-Pester&lt;End&gt;, C:\Users\alexa\OneDrive\Documents\PowerShell\Modules\Pester\5.7.1\Pester.psm1:4960
at &lt;ScriptBlock&gt;, &lt;No file&gt;:1</stack-trace>
                    </failure>
                  </test-case>
                </results>
              </test-suite>
              <test-suite type="TestFixture" name="PatchManager Branch Management.Test-BranchProtection" executed="True" result="Failure" success="False" time="0.123" asserts="0" description="PatchManager Branch Management.Test-BranchProtection">
                <results>
                  <test-case description="Should identify protected branches" name="PatchManager Branch Management.Test-BranchProtection.Should identify protected branches" time="0.0192" asserts="0" success="False" result="Failure" executed="True">
                    <failure>
                      <message>CommandNotFoundException: The term 'Test-BranchProtection' is not recognized as a name of a cmdlet, function, script file, or executable program.
Check the spelling of the name, or if a path was included, verify that the path is correct and try again.</message>
                      <stack-trace>at &lt;ScriptBlock&gt;, $env:PROJECT_ROOT\tests\unit\modules\PatchManager\PatchManager-BranchManagement.Tests.ps1:130
at &lt;ScriptBlock&gt;, C:\Users\alexa\OneDrive\Documents\PowerShell\Modules\Pester\5.7.1\Pester.psm1:2024
at &lt;ScriptBlock&gt;, C:\Users\alexa\OneDrive\Documents\PowerShell\Modules\Pester\5.7.1\Pester.psm1:1985
at Invoke-ScriptBlock, C:\Users\alexa\OneDrive\Documents\PowerShell\Modules\Pester\5.7.1\Pester.psm1:2157
at Invoke-TestItem, C:\Users\alexa\OneDrive\Documents\PowerShell\Modules\Pester\5.7.1\Pester.psm1:1199
at Invoke-Block, C:\Users\alexa\OneDrive\Documents\PowerShell\Modules\Pester\5.7.1\Pester.psm1:835
at &lt;ScriptBlock&gt;, C:\Users\alexa\OneDrive\Documents\PowerShell\Modules\Pester\5.7.1\Pester.psm1:893
at &lt;ScriptBlock&gt;, C:\Users\alexa\OneDrive\Documents\PowerShell\Modules\Pester\5.7.1\Pester.psm1:2024
at &lt;ScriptBlock&gt;, C:\Users\alexa\OneDrive\Documents\PowerShell\Modules\Pester\5.7.1\Pester.psm1:1985
at Invoke-ScriptBlock, C:\Users\alexa\OneDrive\Documents\PowerShell\Modules\Pester\5.7.1\Pester.psm1:2160
at Invoke-Block, C:\Users\alexa\OneDrive\Documents\PowerShell\Modules\Pester\5.7.1\Pester.psm1:940
at &lt;ScriptBlock&gt;, C:\Users\alexa\OneDrive\Documents\PowerShell\Modules\Pester\5.7.1\Pester.psm1:893
at &lt;ScriptBlock&gt;, C:\Users\alexa\OneDrive\Documents\PowerShell\Modules\Pester\5.7.1\Pester.psm1:2024
at &lt;ScriptBlock&gt;, C:\Users\alexa\OneDrive\Documents\PowerShell\Modules\Pester\5.7.1\Pester.psm1:1985
at Invoke-ScriptBlock, C:\Users\alexa\OneDrive\Documents\PowerShell\Modules\Pester\5.7.1\Pester.psm1:2160
at Invoke-Block, C:\Users\alexa\OneDrive\Documents\PowerShell\Modules\Pester\5.7.1\Pester.psm1:940
at &lt;ScriptBlock&gt;, C:\Users\alexa\OneDrive\Documents\PowerShell\Modules\Pester\5.7.1\Pester.psm1:893
at &lt;ScriptBlock&gt;, C:\Users\alexa\OneDrive\Documents\PowerShell\Modules\Pester\5.7.1\Pester.psm1:2024
at &lt;ScriptBlock&gt;, C:\Users\alexa\OneDrive\Documents\PowerShell\Modules\Pester\5.7.1\Pester.psm1:1985
at Invoke-ScriptBlock, C:\Users\alexa\OneDrive\Documents\PowerShell\Modules\Pester\5.7.1\Pester.psm1:2160
at Invoke-Block, C:\Users\alexa\OneDrive\Documents\PowerShell\Modules\Pester\5.7.1\Pester.psm1:940
at &lt;ScriptBlock&gt;, C:\Users\alexa\OneDrive\Documents\PowerShell\Modules\Pester\5.7.1\Pester.psm1:1688
at &lt;ScriptBlock&gt;, C:\Users\alexa\OneDrive\Documents\PowerShell\Modules\Pester\5.7.1\Pester.ps1:3
at &lt;ScriptBlock&gt;, C:\Users\alexa\OneDrive\Documents\PowerShell\Modules\Pester\5.7.1\Pester.psm1:3260
at Invoke-InNewScriptScope, C:\Users\alexa\OneDrive\Documents\PowerShell\Modules\Pester\5.7.1\Pester.psm1:3267
at Run-Test, C:\Users\alexa\OneDrive\Documents\PowerShell\Modules\Pester\5.7.1\Pester.psm1:1691
at Invoke-Test, C:\Users\alexa\OneDrive\Documents\PowerShell\Modules\Pester\5.7.1\Pester.psm1:2512
at Invoke-Pester&lt;End&gt;, C:\Users\alexa\OneDrive\Documents\PowerShell\Modules\Pester\5.7.1\Pester.psm1:4960
at &lt;ScriptBlock&gt;, &lt;No file&gt;:1</stack-trace>
                    </failure>
                  </test-case>
                  <test-case description="Should allow feature branches" name="PatchManager Branch Management.Test-BranchProtection.Should allow feature branches" time="0.0195" asserts="0" success="False" result="Failure" executed="True">
                    <failure>
                      <message>CommandNotFoundException: The term 'Test-BranchProtection' is not recognized as a name of a cmdlet, function, script file, or executable program.
Check the spelling of the name, or if a path was included, verify that the path is correct and try again.</message>
                      <stack-trace>at &lt;ScriptBlock&gt;, $env:PROJECT_ROOT\tests\unit\modules\PatchManager\PatchManager-BranchManagement.Tests.ps1:136
at &lt;ScriptBlock&gt;, C:\Users\alexa\OneDrive\Documents\PowerShell\Modules\Pester\5.7.1\Pester.psm1:2024
at &lt;ScriptBlock&gt;, C:\Users\alexa\OneDrive\Documents\PowerShell\Modules\Pester\5.7.1\Pester.psm1:1985
at Invoke-ScriptBlock, C:\Users\alexa\OneDrive\Documents\PowerShell\Modules\Pester\5.7.1\Pester.psm1:2157
at Invoke-TestItem, C:\Users\alexa\OneDrive\Documents\PowerShell\Modules\Pester\5.7.1\Pester.psm1:1199
at Invoke-Block, C:\Users\alexa\OneDrive\Documents\PowerShell\Modules\Pester\5.7.1\Pester.psm1:835
at &lt;ScriptBlock&gt;, C:\Users\alexa\OneDrive\Documents\PowerShell\Modules\Pester\5.7.1\Pester.psm1:893
at &lt;ScriptBlock&gt;, C:\Users\alexa\OneDrive\Documents\PowerShell\Modules\Pester\5.7.1\Pester.psm1:2024
at &lt;ScriptBlock&gt;, C:\Users\alexa\OneDrive\Documents\PowerShell\Modules\Pester\5.7.1\Pester.psm1:1985
at Invoke-ScriptBlock, C:\Users\alexa\OneDrive\Documents\PowerShell\Modules\Pester\5.7.1\Pester.psm1:2160
at Invoke-Block, C:\Users\alexa\OneDrive\Documents\PowerShell\Modules\Pester\5.7.1\Pester.psm1:940
at &lt;ScriptBlock&gt;, C:\Users\alexa\OneDrive\Documents\PowerShell\Modules\Pester\5.7.1\Pester.psm1:893
at &lt;ScriptBlock&gt;, C:\Users\alexa\OneDrive\Documents\PowerShell\Modules\Pester\5.7.1\Pester.psm1:2024
at &lt;ScriptBlock&gt;, C:\Users\alexa\OneDrive\Documents\PowerShell\Modules\Pester\5.7.1\Pester.psm1:1985
at Invoke-ScriptBlock, C:\Users\alexa\OneDrive\Documents\PowerShell\Modules\Pester\5.7.1\Pester.psm1:2160
at Invoke-Block, C:\Users\alexa\OneDrive\Documents\PowerShell\Modules\Pester\5.7.1\Pester.psm1:940
at &lt;ScriptBlock&gt;, C:\Users\alexa\OneDrive\Documents\PowerShell\Modules\Pester\5.7.1\Pester.psm1:893
at &lt;ScriptBlock&gt;, C:\Users\alexa\OneDrive\Documents\PowerShell\Modules\Pester\5.7.1\Pester.psm1:2024
at &lt;ScriptBlock&gt;, C:\Users\alexa\OneDrive\Documents\PowerShell\Modules\Pester\5.7.1\Pester.psm1:1985
at Invoke-ScriptBlock, C:\Users\alexa\OneDrive\Documents\PowerShell\Modules\Pester\5.7.1\Pester.psm1:2160
at Invoke-Block, C:\Users\alexa\OneDrive\Documents\PowerShell\Modules\Pester\5.7.1\Pester.psm1:940
at &lt;ScriptBlock&gt;, C:\Users\alexa\OneDrive\Documents\PowerShell\Modules\Pester\5.7.1\Pester.psm1:1688
at &lt;ScriptBlock&gt;, C:\Users\alexa\OneDrive\Documents\PowerShell\Modules\Pester\5.7.1\Pester.ps1:3
at &lt;ScriptBlock&gt;, C:\Users\alexa\OneDrive\Documents\PowerShell\Modules\Pester\5.7.1\Pester.psm1:3260
at Invoke-InNewScriptScope, C:\Users\alexa\OneDrive\Documents\PowerShell\Modules\Pester\5.7.1\Pester.psm1:3267
at Run-Test, C:\Users\alexa\OneDrive\Documents\PowerShell\Modules\Pester\5.7.1\Pester.psm1:1691
at Invoke-Test, C:\Users\alexa\OneDrive\Documents\PowerShell\Modules\Pester\5.7.1\Pester.psm1:2512
at Invoke-Pester&lt;End&gt;, C:\Users\alexa\OneDrive\Documents\PowerShell\Modules\Pester\5.7.1\Pester.psm1:4960
at &lt;ScriptBlock&gt;, &lt;No file&gt;:1</stack-trace>
                    </failure>
                  </test-case>
                  <test-case description="Should handle custom protected patterns" name="PatchManager Branch Management.Test-BranchProtection.Should handle custom protected patterns" time="0.0194" asserts="0" success="False" result="Failure" executed="True">
                    <failure>
                      <message>CommandNotFoundException: The term 'Test-BranchProtection' is not recognized as a name of a cmdlet, function, script file, or executable program.
Check the spelling of the name, or if a path was included, verify that the path is correct and try again.</message>
                      <stack-trace>at &lt;ScriptBlock&gt;, $env:PROJECT_ROOT\tests\unit\modules\PatchManager\PatchManager-BranchManagement.Tests.ps1:142
at &lt;ScriptBlock&gt;, C:\Users\alexa\OneDrive\Documents\PowerShell\Modules\Pester\5.7.1\Pester.psm1:2024
at &lt;ScriptBlock&gt;, C:\Users\alexa\OneDrive\Documents\PowerShell\Modules\Pester\5.7.1\Pester.psm1:1985
at Invoke-ScriptBlock, C:\Users\alexa\OneDrive\Documents\PowerShell\Modules\Pester\5.7.1\Pester.psm1:2157
at Invoke-TestItem, C:\Users\alexa\OneDrive\Documents\PowerShell\Modules\Pester\5.7.1\Pester.psm1:1199
at Invoke-Block, C:\Users\alexa\OneDrive\Documents\PowerShell\Modules\Pester\5.7.1\Pester.psm1:835
at &lt;ScriptBlock&gt;, C:\Users\alexa\OneDrive\Documents\PowerShell\Modules\Pester\5.7.1\Pester.psm1:893
at &lt;ScriptBlock&gt;, C:\Users\alexa\OneDrive\Documents\PowerShell\Modules\Pester\5.7.1\Pester.psm1:2024
at &lt;ScriptBlock&gt;, C:\Users\alexa\OneDrive\Documents\PowerShell\Modules\Pester\5.7.1\Pester.psm1:1985
at Invoke-ScriptBlock, C:\Users\alexa\OneDrive\Documents\PowerShell\Modules\Pester\5.7.1\Pester.psm1:2160
at Invoke-Block, C:\Users\alexa\OneDrive\Documents\PowerShell\Modules\Pester\5.7.1\Pester.psm1:940
at &lt;ScriptBlock&gt;, C:\Users\alexa\OneDrive\Documents\PowerShell\Modules\Pester\5.7.1\Pester.psm1:893
at &lt;ScriptBlock&gt;, C:\Users\alexa\OneDrive\Documents\PowerShell\Modules\Pester\5.7.1\Pester.psm1:2024
at &lt;ScriptBlock&gt;, C:\Users\alexa\OneDrive\Documents\PowerShell\Modules\Pester\5.7.1\Pester.psm1:1985
at Invoke-ScriptBlock, C:\Users\alexa\OneDrive\Documents\PowerShell\Modules\Pester\5.7.1\Pester.psm1:2160
at Invoke-Block, C:\Users\alexa\OneDrive\Documents\PowerShell\Modules\Pester\5.7.1\Pester.psm1:940
at &lt;ScriptBlock&gt;, C:\Users\alexa\OneDrive\Documents\PowerShell\Modules\Pester\5.7.1\Pester.psm1:893
at &lt;ScriptBlock&gt;, C:\Users\alexa\OneDrive\Documents\PowerShell\Modules\Pester\5.7.1\Pester.psm1:2024
at &lt;ScriptBlock&gt;, C:\Users\alexa\OneDrive\Documents\PowerShell\Modules\Pester\5.7.1\Pester.psm1:1985
at Invoke-ScriptBlock, C:\Users\alexa\OneDrive\Documents\PowerShell\Modules\Pester\5.7.1\Pester.psm1:2160
at Invoke-Block, C:\Users\alexa\OneDrive\Documents\PowerShell\Modules\Pester\5.7.1\Pester.psm1:940
at &lt;ScriptBlock&gt;, C:\Users\alexa\OneDrive\Documents\PowerShell\Modules\Pester\5.7.1\Pester.psm1:1688
at &lt;ScriptBlock&gt;, C:\Users\alexa\OneDrive\Documents\PowerShell\Modules\Pester\5.7.1\Pester.ps1:3
at &lt;ScriptBlock&gt;, C:\Users\alexa\OneDrive\Documents\PowerShell\Modules\Pester\5.7.1\Pester.psm1:3260
at Invoke-InNewScriptScope, C:\Users\alexa\OneDrive\Documents\PowerShell\Modules\Pester\5.7.1\Pester.psm1:3267
at Run-Test, C:\Users\alexa\OneDrive\Documents\PowerShell\Modules\Pester\5.7.1\Pester.psm1:1691
at Invoke-Test, C:\Users\alexa\OneDrive\Documents\PowerShell\Modules\Pester\5.7.1\Pester.psm1:2512
at Invoke-Pester&lt;End&gt;, C:\Users\alexa\OneDrive\Documents\PowerShell\Modules\Pester\5.7.1\Pester.psm1:4960
at &lt;ScriptBlock&gt;, &lt;No file&gt;:1</stack-trace>
                    </failure>
                  </test-case>
                </results>
              </test-suite>
              <test-suite type="TestFixture" name="PatchManager Branch Management.Get-SanitizedBranchName" executed="True" result="Failure" success="False" time="0.2072" asserts="0" description="PatchManager Branch Management.Get-SanitizedBranchName">
                <results>
                  <test-case description="Should sanitize branch names properly" name="PatchManager Branch Management.Get-SanitizedBranchName.Should sanitize branch names properly" time="0.0234" asserts="0" success="False" result="Failure" executed="True">
                    <failure>
                      <message>CommandNotFoundException: The term 'Get-SanitizedBranchName' is not recognized as a name of a cmdlet, function, script file, or executable program.
Check the spelling of the name, or if a path was included, verify that the path is correct and try again.</message>
                      <stack-trace>at &lt;ScriptBlock&gt;, $env:PROJECT_ROOT\tests\unit\modules\PatchManager\PatchManager-BranchManagement.Tests.ps1:149
at &lt;ScriptBlock&gt;, C:\Users\alexa\OneDrive\Documents\PowerShell\Modules\Pester\5.7.1\Pester.psm1:2024
at &lt;ScriptBlock&gt;, C:\Users\alexa\OneDrive\Documents\PowerShell\Modules\Pester\5.7.1\Pester.psm1:1985
at Invoke-ScriptBlock, C:\Users\alexa\OneDrive\Documents\PowerShell\Modules\Pester\5.7.1\Pester.psm1:2157
at Invoke-TestItem, C:\Users\alexa\OneDrive\Documents\PowerShell\Modules\Pester\5.7.1\Pester.psm1:1199
at Invoke-Block, C:\Users\alexa\OneDrive\Documents\PowerShell\Modules\Pester\5.7.1\Pester.psm1:835
at &lt;ScriptBlock&gt;, C:\Users\alexa\OneDrive\Documents\PowerShell\Modules\Pester\5.7.1\Pester.psm1:893
at &lt;ScriptBlock&gt;, C:\Users\alexa\OneDrive\Documents\PowerShell\Modules\Pester\5.7.1\Pester.psm1:2024
at &lt;ScriptBlock&gt;, C:\Users\alexa\OneDrive\Documents\PowerShell\Modules\Pester\5.7.1\Pester.psm1:1985
at Invoke-ScriptBlock, C:\Users\alexa\OneDrive\Documents\PowerShell\Modules\Pester\5.7.1\Pester.psm1:2160
at Invoke-Block, C:\Users\alexa\OneDrive\Documents\PowerShell\Modules\Pester\5.7.1\Pester.psm1:940
at &lt;ScriptBlock&gt;, C:\Users\alexa\OneDrive\Documents\PowerShell\Modules\Pester\5.7.1\Pester.psm1:893
at &lt;ScriptBlock&gt;, C:\Users\alexa\OneDrive\Documents\PowerShell\Modules\Pester\5.7.1\Pester.psm1:2024
at &lt;ScriptBlock&gt;, C:\Users\alexa\OneDrive\Documents\PowerShell\Modules\Pester\5.7.1\Pester.psm1:1985
at Invoke-ScriptBlock, C:\Users\alexa\OneDrive\Documents\PowerShell\Modules\Pester\5.7.1\Pester.psm1:2160
at Invoke-Block, C:\Users\alexa\OneDrive\Documents\PowerShell\Modules\Pester\5.7.1\Pester.psm1:940
at &lt;ScriptBlock&gt;, C:\Users\alexa\OneDrive\Documents\PowerShell\Modules\Pester\5.7.1\Pester.psm1:893
at &lt;ScriptBlock&gt;, C:\Users\alexa\OneDrive\Documents\PowerShell\Modules\Pester\5.7.1\Pester.psm1:2024
at &lt;ScriptBlock&gt;, C:\Users\alexa\OneDrive\Documents\PowerShell\Modules\Pester\5.7.1\Pester.psm1:1985
at Invoke-ScriptBlock, C:\Users\alexa\OneDrive\Documents\PowerShell\Modules\Pester\5.7.1\Pester.psm1:2160
at Invoke-Block, C:\Users\alexa\OneDrive\Documents\PowerShell\Modules\Pester\5.7.1\Pester.psm1:940
at &lt;ScriptBlock&gt;, C:\Users\alexa\OneDrive\Documents\PowerShell\Modules\Pester\5.7.1\Pester.psm1:1688
at &lt;ScriptBlock&gt;, C:\Users\alexa\OneDrive\Documents\PowerShell\Modules\Pester\5.7.1\Pester.ps1:3
at &lt;ScriptBlock&gt;, C:\Users\alexa\OneDrive\Documents\PowerShell\Modules\Pester\5.7.1\Pester.psm1:3260
at Invoke-InNewScriptScope, C:\Users\alexa\OneDrive\Documents\PowerShell\Modules\Pester\5.7.1\Pester.psm1:3267
at Run-Test, C:\Users\alexa\OneDrive\Documents\PowerShell\Modules\Pester\5.7.1\Pester.psm1:1691
at Invoke-Test, C:\Users\alexa\OneDrive\Documents\PowerShell\Modules\Pester\5.7.1\Pester.psm1:2512
at Invoke-Pester&lt;End&gt;, C:\Users\alexa\OneDrive\Documents\PowerShell\Modules\Pester\5.7.1\Pester.psm1:4960
at &lt;ScriptBlock&gt;, &lt;No file&gt;:1</stack-trace>
                    </failure>
                  </test-case>
                  <test-case description="Should include timestamp by default" name="PatchManager Branch Management.Get-SanitizedBranchName.Should include timestamp by default" time="0.0188" asserts="0" success="False" result="Failure" executed="True">
                    <failure>
                      <message>CommandNotFoundException: The term 'Get-SanitizedBranchName' is not recognized as a name of a cmdlet, function, script file, or executable program.
Check the spelling of the name, or if a path was included, verify that the path is correct and try again.</message>
                      <stack-trace>at &lt;ScriptBlock&gt;, $env:PROJECT_ROOT\tests\unit\modules\PatchManager\PatchManager-BranchManagement.Tests.ps1:156
at &lt;ScriptBlock&gt;, C:\Users\alexa\OneDrive\Documents\PowerShell\Modules\Pester\5.7.1\Pester.psm1:2024
at &lt;ScriptBlock&gt;, C:\Users\alexa\OneDrive\Documents\PowerShell\Modules\Pester\5.7.1\Pester.psm1:1985
at Invoke-ScriptBlock, C:\Users\alexa\OneDrive\Documents\PowerShell\Modules\Pester\5.7.1\Pester.psm1:2157
at Invoke-TestItem, C:\Users\alexa\OneDrive\Documents\PowerShell\Modules\Pester\5.7.1\Pester.psm1:1199
at Invoke-Block, C:\Users\alexa\OneDrive\Documents\PowerShell\Modules\Pester\5.7.1\Pester.psm1:835
at &lt;ScriptBlock&gt;, C:\Users\alexa\OneDrive\Documents\PowerShell\Modules\Pester\5.7.1\Pester.psm1:893
at &lt;ScriptBlock&gt;, C:\Users\alexa\OneDrive\Documents\PowerShell\Modules\Pester\5.7.1\Pester.psm1:2024
at &lt;ScriptBlock&gt;, C:\Users\alexa\OneDrive\Documents\PowerShell\Modules\Pester\5.7.1\Pester.psm1:1985
at Invoke-ScriptBlock, C:\Users\alexa\OneDrive\Documents\PowerShell\Modules\Pester\5.7.1\Pester.psm1:2160
at Invoke-Block, C:\Users\alexa\OneDrive\Documents\PowerShell\Modules\Pester\5.7.1\Pester.psm1:940
at &lt;ScriptBlock&gt;, C:\Users\alexa\OneDrive\Documents\PowerShell\Modules\Pester\5.7.1\Pester.psm1:893
at &lt;ScriptBlock&gt;, C:\Users\alexa\OneDrive\Documents\PowerShell\Modules\Pester\5.7.1\Pester.psm1:2024
at &lt;ScriptBlock&gt;, C:\Users\alexa\OneDrive\Documents\PowerShell\Modules\Pester\5.7.1\Pester.psm1:1985
at Invoke-ScriptBlock, C:\Users\alexa\OneDrive\Documents\PowerShell\Modules\Pester\5.7.1\Pester.psm1:2160
at Invoke-Block, C:\Users\alexa\OneDrive\Documents\PowerShell\Modules\Pester\5.7.1\Pester.psm1:940
at &lt;ScriptBlock&gt;, C:\Users\alexa\OneDrive\Documents\PowerShell\Modules\Pester\5.7.1\Pester.psm1:893
at &lt;ScriptBlock&gt;, C:\Users\alexa\OneDrive\Documents\PowerShell\Modules\Pester\5.7.1\Pester.psm1:2024
at &lt;ScriptBlock&gt;, C:\Users\alexa\OneDrive\Documents\PowerShell\Modules\Pester\5.7.1\Pester.psm1:1985
at Invoke-ScriptBlock, C:\Users\alexa\OneDrive\Documents\PowerShell\Modules\Pester\5.7.1\Pester.psm1:2160
at Invoke-Block, C:\Users\alexa\OneDrive\Documents\PowerShell\Modules\Pester\5.7.1\Pester.psm1:940
at &lt;ScriptBlock&gt;, C:\Users\alexa\OneDrive\Documents\PowerShell\Modules\Pester\5.7.1\Pester.psm1:1688
at &lt;ScriptBlock&gt;, C:\Users\alexa\OneDrive\Documents\PowerShell\Modules\Pester\5.7.1\Pester.ps1:3
at &lt;ScriptBlock&gt;, C:\Users\alexa\OneDrive\Documents\PowerShell\Modules\Pester\5.7.1\Pester.psm1:3260
at Invoke-InNewScriptScope, C:\Users\alexa\OneDrive\Documents\PowerShell\Modules\Pester\5.7.1\Pester.psm1:3267
at Run-Test, C:\Users\alexa\OneDrive\Documents\PowerShell\Modules\Pester\5.7.1\Pester.psm1:1691
at Invoke-Test, C:\Users\alexa\OneDrive\Documents\PowerShell\Modules\Pester\5.7.1\Pester.psm1:2512
at Invoke-Pester&lt;End&gt;, C:\Users\alexa\OneDrive\Documents\PowerShell\Modules\Pester\5.7.1\Pester.psm1:4960
at &lt;ScriptBlock&gt;, &lt;No file&gt;:1</stack-trace>
                    </failure>
                  </test-case>
                  <test-case description="Should exclude timestamp when requested" name="PatchManager Branch Management.Get-SanitizedBranchName.Should exclude timestamp when requested" time="0.0196" asserts="0" success="False" result="Failure" executed="True">
                    <failure>
                      <message>CommandNotFoundException: The term 'Get-SanitizedBranchName' is not recognized as a name of a cmdlet, function, script file, or executable program.
Check the spelling of the name, or if a path was included, verify that the path is correct and try again.</message>
                      <stack-trace>at &lt;ScriptBlock&gt;, $env:PROJECT_ROOT\tests\unit\modules\PatchManager\PatchManager-BranchManagement.Tests.ps1:162
at &lt;ScriptBlock&gt;, C:\Users\alexa\OneDrive\Documents\PowerShell\Modules\Pester\5.7.1\Pester.psm1:2024
at &lt;ScriptBlock&gt;, C:\Users\alexa\OneDrive\Documents\PowerShell\Modules\Pester\5.7.1\Pester.psm1:1985
at Invoke-ScriptBlock, C:\Users\alexa\OneDrive\Documents\PowerShell\Modules\Pester\5.7.1\Pester.psm1:2157
at Invoke-TestItem, C:\Users\alexa\OneDrive\Documents\PowerShell\Modules\Pester\5.7.1\Pester.psm1:1199
at Invoke-Block, C:\Users\alexa\OneDrive\Documents\PowerShell\Modules\Pester\5.7.1\Pester.psm1:835
at &lt;ScriptBlock&gt;, C:\Users\alexa\OneDrive\Documents\PowerShell\Modules\Pester\5.7.1\Pester.psm1:893
at &lt;ScriptBlock&gt;, C:\Users\alexa\OneDrive\Documents\PowerShell\Modules\Pester\5.7.1\Pester.psm1:2024
at &lt;ScriptBlock&gt;, C:\Users\alexa\OneDrive\Documents\PowerShell\Modules\Pester\5.7.1\Pester.psm1:1985
at Invoke-ScriptBlock, C:\Users\alexa\OneDrive\Documents\PowerShell\Modules\Pester\5.7.1\Pester.psm1:2160
at Invoke-Block, C:\Users\alexa\OneDrive\Documents\PowerShell\Modules\Pester\5.7.1\Pester.psm1:940
at &lt;ScriptBlock&gt;, C:\Users\alexa\OneDrive\Documents\PowerShell\Modules\Pester\5.7.1\Pester.psm1:893
at &lt;ScriptBlock&gt;, C:\Users\alexa\OneDrive\Documents\PowerShell\Modules\Pester\5.7.1\Pester.psm1:2024
at &lt;ScriptBlock&gt;, C:\Users\alexa\OneDrive\Documents\PowerShell\Modules\Pester\5.7.1\Pester.psm1:1985
at Invoke-ScriptBlock, C:\Users\alexa\OneDrive\Documents\PowerShell\Modules\Pester\5.7.1\Pester.psm1:2160
at Invoke-Block, C:\Users\alexa\OneDrive\Documents\PowerShell\Modules\Pester\5.7.1\Pester.psm1:940
at &lt;ScriptBlock&gt;, C:\Users\alexa\OneDrive\Documents\PowerShell\Modules\Pester\5.7.1\Pester.psm1:893
at &lt;ScriptBlock&gt;, C:\Users\alexa\OneDrive\Documents\PowerShell\Modules\Pester\5.7.1\Pester.psm1:2024
at &lt;ScriptBlock&gt;, C:\Users\alexa\OneDrive\Documents\PowerShell\Modules\Pester\5.7.1\Pester.psm1:1985
at Invoke-ScriptBlock, C:\Users\alexa\OneDrive\Documents\PowerShell\Modules\Pester\5.7.1\Pester.psm1:2160
at Invoke-Block, C:\Users\alexa\OneDrive\Documents\PowerShell\Modules\Pester\5.7.1\Pester.psm1:940
at &lt;ScriptBlock&gt;, C:\Users\alexa\OneDrive\Documents\PowerShell\Modules\Pester\5.7.1\Pester.psm1:1688
at &lt;ScriptBlock&gt;, C:\Users\alexa\OneDrive\Documents\PowerShell\Modules\Pester\5.7.1\Pester.ps1:3
at &lt;ScriptBlock&gt;, C:\Users\alexa\OneDrive\Documents\PowerShell\Modules\Pester\5.7.1\Pester.psm1:3260
at Invoke-InNewScriptScope, C:\Users\alexa\OneDrive\Documents\PowerShell\Modules\Pester\5.7.1\Pester.psm1:3267
at Run-Test, C:\Users\alexa\OneDrive\Documents\PowerShell\Modules\Pester\5.7.1\Pester.psm1:1691
at Invoke-Test, C:\Users\alexa\OneDrive\Documents\PowerShell\Modules\Pester\5.7.1\Pester.psm1:2512
at Invoke-Pester&lt;End&gt;, C:\Users\alexa\OneDrive\Documents\PowerShell\Modules\Pester\5.7.1\Pester.psm1:4960
at &lt;ScriptBlock&gt;, &lt;No file&gt;:1</stack-trace>
                    </failure>
                  </test-case>
                  <test-case description="Should use custom prefix" name="PatchManager Branch Management.Get-SanitizedBranchName.Should use custom prefix" time="0.0197" asserts="0" success="False" result="Failure" executed="True">
                    <failure>
                      <message>CommandNotFoundException: The term 'Get-SanitizedBranchName' is not recognized as a name of a cmdlet, function, script file, or executable program.
Check the spelling of the name, or if a path was included, verify that the path is correct and try again.</message>
                      <stack-trace>at &lt;ScriptBlock&gt;, $env:PROJECT_ROOT\tests\unit\modules\PatchManager\PatchManager-BranchManagement.Tests.ps1:168
at &lt;ScriptBlock&gt;, C:\Users\alexa\OneDrive\Documents\PowerShell\Modules\Pester\5.7.1\Pester.psm1:2024
at &lt;ScriptBlock&gt;, C:\Users\alexa\OneDrive\Documents\PowerShell\Modules\Pester\5.7.1\Pester.psm1:1985
at Invoke-ScriptBlock, C:\Users\alexa\OneDrive\Documents\PowerShell\Modules\Pester\5.7.1\Pester.psm1:2157
at Invoke-TestItem, C:\Users\alexa\OneDrive\Documents\PowerShell\Modules\Pester\5.7.1\Pester.psm1:1199
at Invoke-Block, C:\Users\alexa\OneDrive\Documents\PowerShell\Modules\Pester\5.7.1\Pester.psm1:835
at &lt;ScriptBlock&gt;, C:\Users\alexa\OneDrive\Documents\PowerShell\Modules\Pester\5.7.1\Pester.psm1:893
at &lt;ScriptBlock&gt;, C:\Users\alexa\OneDrive\Documents\PowerShell\Modules\Pester\5.7.1\Pester.psm1:2024
at &lt;ScriptBlock&gt;, C:\Users\alexa\OneDrive\Documents\PowerShell\Modules\Pester\5.7.1\Pester.psm1:1985
at Invoke-ScriptBlock, C:\Users\alexa\OneDrive\Documents\PowerShell\Modules\Pester\5.7.1\Pester.psm1:2160
at Invoke-Block, C:\Users\alexa\OneDrive\Documents\PowerShell\Modules\Pester\5.7.1\Pester.psm1:940
at &lt;ScriptBlock&gt;, C:\Users\alexa\OneDrive\Documents\PowerShell\Modules\Pester\5.7.1\Pester.psm1:893
at &lt;ScriptBlock&gt;, C:\Users\alexa\OneDrive\Documents\PowerShell\Modules\Pester\5.7.1\Pester.psm1:2024
at &lt;ScriptBlock&gt;, C:\Users\alexa\OneDrive\Documents\PowerShell\Modules\Pester\5.7.1\Pester.psm1:1985
at Invoke-ScriptBlock, C:\Users\alexa\OneDrive\Documents\PowerShell\Modules\Pester\5.7.1\Pester.psm1:2160
at Invoke-Block, C:\Users\alexa\OneDrive\Documents\PowerShell\Modules\Pester\5.7.1\Pester.psm1:940
at &lt;ScriptBlock&gt;, C:\Users\alexa\OneDrive\Documents\PowerShell\Modules\Pester\5.7.1\Pester.psm1:893
at &lt;ScriptBlock&gt;, C:\Users\alexa\OneDrive\Documents\PowerShell\Modules\Pester\5.7.1\Pester.psm1:2024
at &lt;ScriptBlock&gt;, C:\Users\alexa\OneDrive\Documents\PowerShell\Modules\Pester\5.7.1\Pester.psm1:1985
at Invoke-ScriptBlock, C:\Users\alexa\OneDrive\Documents\PowerShell\Modules\Pester\5.7.1\Pester.psm1:2160
at Invoke-Block, C:\Users\alexa\OneDrive\Documents\PowerShell\Modules\Pester\5.7.1\Pester.psm1:940
at &lt;ScriptBlock&gt;, C:\Users\alexa\OneDrive\Documents\PowerShell\Modules\Pester\5.7.1\Pester.psm1:1688
at &lt;ScriptBlock&gt;, C:\Users\alexa\OneDrive\Documents\PowerShell\Modules\Pester\5.7.1\Pester.ps1:3
at &lt;ScriptBlock&gt;, C:\Users\alexa\OneDrive\Documents\PowerShell\Modules\Pester\5.7.1\Pester.psm1:3260
at Invoke-InNewScriptScope, C:\Users\alexa\OneDrive\Documents\PowerShell\Modules\Pester\5.7.1\Pester.psm1:3267
at Run-Test, C:\Users\alexa\OneDrive\Documents\PowerShell\Modules\Pester\5.7.1\Pester.psm1:1691
at Invoke-Test, C:\Users\alexa\OneDrive\Documents\PowerShell\Modules\Pester\5.7.1\Pester.psm1:2512
at Invoke-Pester&lt;End&gt;, C:\Users\alexa\OneDrive\Documents\PowerShell\Modules\Pester\5.7.1\Pester.psm1:4960
at &lt;ScriptBlock&gt;, &lt;No file&gt;:1</stack-trace>
                    </failure>
                  </test-case>
                </results>
              </test-suite>
            </results>
          </test-suite>
        </results>
      </test-suite>
      <test-suite type="TestFixture" name="$env:PROJECT_ROOT\tests\unit\modules\PatchManager\PatchManager-Core.Tests.ps1" executed="True" result="Failure" success="False" time="1.4879" asserts="0" description="$env:PROJECT_ROOT\tests\unit\modules\PatchManager\PatchManager-Core.Tests.ps1">
        <results>
          <test-suite type="TestFixture" name="PatchManager Core Functions" executed="True" result="Failure" success="False" time="1.1385" asserts="0" description="PatchManager Core Functions">
            <results>
              <test-suite type="TestFixture" name="PatchManager Core Functions.Test-PatchingRequirements" executed="True" result="Failure" success="False" time="0.1471" asserts="0" description="PatchManager Core Functions.Test-PatchingRequirements">
                <results>
                  <test-case description="Should validate basic patching requirements" name="PatchManager Core Functions.Test-PatchingRequirements.Should validate basic patching requirements" time="0.0706" asserts="0" success="True" result="Success" executed="True" />
                  <test-case description="Should return proper structure with required properties" name="PatchManager Core Functions.Test-PatchingRequirements.Should return proper structure with required properties" time="0.0738" asserts="0" success="False" result="Failure" executed="True">
                    <failure>
                      <message>[0] Expected the value to have type [array] or any of its subtypes, but got 'PSScriptAnalyzer' with type [string].
[1] Expected the value to have type [array] or any of its subtypes, but got 'Pester' with type [string].
[2] Expected the value to have type [array] or any of its subtypes, but got 'powershell-yaml' with type [string].
[3] Expected the value to have type [array] or any of its subtypes, but got $null with type $null.
[4] Expected the value to have type [array] or any of its subtypes, but got 'git' with type [string].
[5] Expected the value to have type [array] or any of its subtypes, but got 'yamllint' with type [string].
[6] Expected the value to have type [array] or any of its subtypes, but got 'python' with type [string].
[7] Expected the value to have type [array] or any of its subtypes, but got $null with type $null.</message>
                      <stack-trace>[0] at $result.ModulesAvailable | Should -BeOfType [array], $env:PROJECT_ROOT\tests\unit\modules\PatchManager\PatchManager-Core.Tests.ps1:102
at Invoke-Assertion, C:\Users\alexa\OneDrive\Documents\PowerShell\Modules\Pester\5.7.1\Pester.psm1:8257
at Should&lt;End&gt;, C:\Users\alexa\OneDrive\Documents\PowerShell\Modules\Pester\5.7.1\Pester.psm1:8193
at &lt;ScriptBlock&gt;, $env:PROJECT_ROOT\tests\unit\modules\PatchManager\PatchManager-Core.Tests.ps1:102
at &lt;ScriptBlock&gt;, C:\Users\alexa\OneDrive\Documents\PowerShell\Modules\Pester\5.7.1\Pester.psm1:2024
at &lt;ScriptBlock&gt;, C:\Users\alexa\OneDrive\Documents\PowerShell\Modules\Pester\5.7.1\Pester.psm1:1985
at Invoke-ScriptBlock, C:\Users\alexa\OneDrive\Documents\PowerShell\Modules\Pester\5.7.1\Pester.psm1:2157
at Invoke-TestItem, C:\Users\alexa\OneDrive\Documents\PowerShell\Modules\Pester\5.7.1\Pester.psm1:1199
at Invoke-Block, C:\Users\alexa\OneDrive\Documents\PowerShell\Modules\Pester\5.7.1\Pester.psm1:835
at &lt;ScriptBlock&gt;, C:\Users\alexa\OneDrive\Documents\PowerShell\Modules\Pester\5.7.1\Pester.psm1:893
at &lt;ScriptBlock&gt;, C:\Users\alexa\OneDrive\Documents\PowerShell\Modules\Pester\5.7.1\Pester.psm1:2024
at &lt;ScriptBlock&gt;, C:\Users\alexa\OneDrive\Documents\PowerShell\Modules\Pester\5.7.1\Pester.psm1:1985
at Invoke-ScriptBlock, C:\Users\alexa\OneDrive\Documents\PowerShell\Modules\Pester\5.7.1\Pester.psm1:2160
at Invoke-Block, C:\Users\alexa\OneDrive\Documents\PowerShell\Modules\Pester\5.7.1\Pester.psm1:940
at &lt;ScriptBlock&gt;, C:\Users\alexa\OneDrive\Documents\PowerShell\Modules\Pester\5.7.1\Pester.psm1:893
at &lt;ScriptBlock&gt;, C:\Users\alexa\OneDrive\Documents\PowerShell\Modules\Pester\5.7.1\Pester.psm1:2024
at &lt;ScriptBlock&gt;, C:\Users\alexa\OneDrive\Documents\PowerShell\Modules\Pester\5.7.1\Pester.psm1:1985
at Invoke-ScriptBlock, C:\Users\alexa\OneDrive\Documents\PowerShell\Modules\Pester\5.7.1\Pester.psm1:2160
at Invoke-Block, C:\Users\alexa\OneDrive\Documents\PowerShell\Modules\Pester\5.7.1\Pester.psm1:940
at &lt;ScriptBlock&gt;, C:\Users\alexa\OneDrive\Documents\PowerShell\Modules\Pester\5.7.1\Pester.psm1:893
at &lt;ScriptBlock&gt;, C:\Users\alexa\OneDrive\Documents\PowerShell\Modules\Pester\5.7.1\Pester.psm1:2024
at &lt;ScriptBlock&gt;, C:\Users\alexa\OneDrive\Documents\PowerShell\Modules\Pester\5.7.1\Pester.psm1:1985
at Invoke-ScriptBlock, C:\Users\alexa\OneDrive\Documents\PowerShell\Modules\Pester\5.7.1\Pester.psm1:2160
at Invoke-Block, C:\Users\alexa\OneDrive\Documents\PowerShell\Modules\Pester\5.7.1\Pester.psm1:940
at &lt;ScriptBlock&gt;, C:\Users\alexa\OneDrive\Documents\PowerShell\Modules\Pester\5.7.1\Pester.psm1:1688
at &lt;ScriptBlock&gt;, C:\Users\alexa\OneDrive\Documents\PowerShell\Modules\Pester\5.7.1\Pester.ps1:3
at &lt;ScriptBlock&gt;, C:\Users\alexa\OneDrive\Documents\PowerShell\Modules\Pester\5.7.1\Pester.psm1:3260
at Invoke-InNewScriptScope, C:\Users\alexa\OneDrive\Documents\PowerShell\Modules\Pester\5.7.1\Pester.psm1:3267
at Run-Test, C:\Users\alexa\OneDrive\Documents\PowerShell\Modules\Pester\5.7.1\Pester.psm1:1691
at Invoke-Test, C:\Users\alexa\OneDrive\Documents\PowerShell\Modules\Pester\5.7.1\Pester.psm1:2512
at Invoke-Pester&lt;End&gt;, C:\Users\alexa\OneDrive\Documents\PowerShell\Modules\Pester\5.7.1\Pester.psm1:4960
at &lt;ScriptBlock&gt;, &lt;No file&gt;:1
[1] at $result.ModulesAvailable | Should -BeOfType [array], $env:PROJECT_ROOT\tests\unit\modules\PatchManager\PatchManager-Core.Tests.ps1:102
at Invoke-Assertion, C:\Users\alexa\OneDrive\Documents\PowerShell\Modules\Pester\5.7.1\Pester.psm1:8257
at Should&lt;End&gt;, C:\Users\alexa\OneDrive\Documents\PowerShell\Modules\Pester\5.7.1\Pester.psm1:8193
at &lt;ScriptBlock&gt;, $env:PROJECT_ROOT\tests\unit\modules\PatchManager\PatchManager-Core.Tests.ps1:102
at &lt;ScriptBlock&gt;, C:\Users\alexa\OneDrive\Documents\PowerShell\Modules\Pester\5.7.1\Pester.psm1:2024
at &lt;ScriptBlock&gt;, C:\Users\alexa\OneDrive\Documents\PowerShell\Modules\Pester\5.7.1\Pester.psm1:1985
at Invoke-ScriptBlock, C:\Users\alexa\OneDrive\Documents\PowerShell\Modules\Pester\5.7.1\Pester.psm1:2157
at Invoke-TestItem, C:\Users\alexa\OneDrive\Documents\PowerShell\Modules\Pester\5.7.1\Pester.psm1:1199
at Invoke-Block, C:\Users\alexa\OneDrive\Documents\PowerShell\Modules\Pester\5.7.1\Pester.psm1:835
at &lt;ScriptBlock&gt;, C:\Users\alexa\OneDrive\Documents\PowerShell\Modules\Pester\5.7.1\Pester.psm1:893
at &lt;ScriptBlock&gt;, C:\Users\alexa\OneDrive\Documents\PowerShell\Modules\Pester\5.7.1\Pester.psm1:2024
at &lt;ScriptBlock&gt;, C:\Users\alexa\OneDrive\Documents\PowerShell\Modules\Pester\5.7.1\Pester.psm1:1985
at Invoke-ScriptBlock, C:\Users\alexa\OneDrive\Documents\PowerShell\Modules\Pester\5.7.1\Pester.psm1:2160
at Invoke-Block, C:\Users\alexa\OneDrive\Documents\PowerShell\Modules\Pester\5.7.1\Pester.psm1:940
at &lt;ScriptBlock&gt;, C:\Users\alexa\OneDrive\Documents\PowerShell\Modules\Pester\5.7.1\Pester.psm1:893
at &lt;ScriptBlock&gt;, C:\Users\alexa\OneDrive\Documents\PowerShell\Modules\Pester\5.7.1\Pester.psm1:2024
at &lt;ScriptBlock&gt;, C:\Users\alexa\OneDrive\Documents\PowerShell\Modules\Pester\5.7.1\Pester.psm1:1985
at Invoke-ScriptBlock, C:\Users\alexa\OneDrive\Documents\PowerShell\Modules\Pester\5.7.1\Pester.psm1:2160
at Invoke-Block, C:\Users\alexa\OneDrive\Documents\PowerShell\Modules\Pester\5.7.1\Pester.psm1:940
at &lt;ScriptBlock&gt;, C:\Users\alexa\OneDrive\Documents\PowerShell\Modules\Pester\5.7.1\Pester.psm1:893
at &lt;ScriptBlock&gt;, C:\Users\alexa\OneDrive\Documents\PowerShell\Modules\Pester\5.7.1\Pester.psm1:2024
at &lt;ScriptBlock&gt;, C:\Users\alexa\OneDrive\Documents\PowerShell\Modules\Pester\5.7.1\Pester.psm1:1985
at Invoke-ScriptBlock, C:\Users\alexa\OneDrive\Documents\PowerShell\Modules\Pester\5.7.1\Pester.psm1:2160
at Invoke-Block, C:\Users\alexa\OneDrive\Documents\PowerShell\Modules\Pester\5.7.1\Pester.psm1:940
at &lt;ScriptBlock&gt;, C:\Users\alexa\OneDrive\Documents\PowerShell\Modules\Pester\5.7.1\Pester.psm1:1688
at &lt;ScriptBlock&gt;, C:\Users\alexa\OneDrive\Documents\PowerShell\Modules\Pester\5.7.1\Pester.ps1:3
at &lt;ScriptBlock&gt;, C:\Users\alexa\OneDrive\Documents\PowerShell\Modules\Pester\5.7.1\Pester.psm1:3260
at Invoke-InNewScriptScope, C:\Users\alexa\OneDrive\Documents\PowerShell\Modules\Pester\5.7.1\Pester.psm1:3267
at Run-Test, C:\Users\alexa\OneDrive\Documents\PowerShell\Modules\Pester\5.7.1\Pester.psm1:1691
at Invoke-Test, C:\Users\alexa\OneDrive\Documents\PowerShell\Modules\Pester\5.7.1\Pester.psm1:2512
at Invoke-Pester&lt;End&gt;, C:\Users\alexa\OneDrive\Documents\PowerShell\Modules\Pester\5.7.1\Pester.psm1:4960
at &lt;ScriptBlock&gt;, &lt;No file&gt;:1
[2] at $result.ModulesAvailable | Should -BeOfType [array], $env:PROJECT_ROOT\tests\unit\modules\PatchManager\PatchManager-Core.Tests.ps1:102
at Invoke-Assertion, C:\Users\alexa\OneDrive\Documents\PowerShell\Modules\Pester\5.7.1\Pester.psm1:8257
at Should&lt;End&gt;, C:\Users\alexa\OneDrive\Documents\PowerShell\Modules\Pester\5.7.1\Pester.psm1:8193
at &lt;ScriptBlock&gt;, $env:PROJECT_ROOT\tests\unit\modules\PatchManager\PatchManager-Core.Tests.ps1:102
at &lt;ScriptBlock&gt;, C:\Users\alexa\OneDrive\Documents\PowerShell\Modules\Pester\5.7.1\Pester.psm1:2024
at &lt;ScriptBlock&gt;, C:\Users\alexa\OneDrive\Documents\PowerShell\Modules\Pester\5.7.1\Pester.psm1:1985
at Invoke-ScriptBlock, C:\Users\alexa\OneDrive\Documents\PowerShell\Modules\Pester\5.7.1\Pester.psm1:2157
at Invoke-TestItem, C:\Users\alexa\OneDrive\Documents\PowerShell\Modules\Pester\5.7.1\Pester.psm1:1199
at Invoke-Block, C:\Users\alexa\OneDrive\Documents\PowerShell\Modules\Pester\5.7.1\Pester.psm1:835
at &lt;ScriptBlock&gt;, C:\Users\alexa\OneDrive\Documents\PowerShell\Modules\Pester\5.7.1\Pester.psm1:893
at &lt;ScriptBlock&gt;, C:\Users\alexa\OneDrive\Documents\PowerShell\Modules\Pester\5.7.1\Pester.psm1:2024
at &lt;ScriptBlock&gt;, C:\Users\alexa\OneDrive\Documents\PowerShell\Modules\Pester\5.7.1\Pester.psm1:1985
at Invoke-ScriptBlock, C:\Users\alexa\OneDrive\Documents\PowerShell\Modules\Pester\5.7.1\Pester.psm1:2160
at Invoke-Block, C:\Users\alexa\OneDrive\Documents\PowerShell\Modules\Pester\5.7.1\Pester.psm1:940
at &lt;ScriptBlock&gt;, C:\Users\alexa\OneDrive\Documents\PowerShell\Modules\Pester\5.7.1\Pester.psm1:893
at &lt;ScriptBlock&gt;, C:\Users\alexa\OneDrive\Documents\PowerShell\Modules\Pester\5.7.1\Pester.psm1:2024
at &lt;ScriptBlock&gt;, C:\Users\alexa\OneDrive\Documents\PowerShell\Modules\Pester\5.7.1\Pester.psm1:1985
at Invoke-ScriptBlock, C:\Users\alexa\OneDrive\Documents\PowerShell\Modules\Pester\5.7.1\Pester.psm1:2160
at Invoke-Block, C:\Users\alexa\OneDrive\Documents\PowerShell\Modules\Pester\5.7.1\Pester.psm1:940
at &lt;ScriptBlock&gt;, C:\Users\alexa\OneDrive\Documents\PowerShell\Modules\Pester\5.7.1\Pester.psm1:893
at &lt;ScriptBlock&gt;, C:\Users\alexa\OneDrive\Documents\PowerShell\Modules\Pester\5.7.1\Pester.psm1:2024
at &lt;ScriptBlock&gt;, C:\Users\alexa\OneDrive\Documents\PowerShell\Modules\Pester\5.7.1\Pester.psm1:1985
at Invoke-ScriptBlock, C:\Users\alexa\OneDrive\Documents\PowerShell\Modules\Pester\5.7.1\Pester.psm1:2160
at Invoke-Block, C:\Users\alexa\OneDrive\Documents\PowerShell\Modules\Pester\5.7.1\Pester.psm1:940
at &lt;ScriptBlock&gt;, C:\Users\alexa\OneDrive\Documents\PowerShell\Modules\Pester\5.7.1\Pester.psm1:1688
at &lt;ScriptBlock&gt;, C:\Users\alexa\OneDrive\Documents\PowerShell\Modules\Pester\5.7.1\Pester.ps1:3
at &lt;ScriptBlock&gt;, C:\Users\alexa\OneDrive\Documents\PowerShell\Modules\Pester\5.7.1\Pester.psm1:3260
at Invoke-InNewScriptScope, C:\Users\alexa\OneDrive\Documents\PowerShell\Modules\Pester\5.7.1\Pester.psm1:3267
at Run-Test, C:\Users\alexa\OneDrive\Documents\PowerShell\Modules\Pester\5.7.1\Pester.psm1:1691
at Invoke-Test, C:\Users\alexa\OneDrive\Documents\PowerShell\Modules\Pester\5.7.1\Pester.psm1:2512
at Invoke-Pester&lt;End&gt;, C:\Users\alexa\OneDrive\Documents\PowerShell\Modules\Pester\5.7.1\Pester.psm1:4960
at &lt;ScriptBlock&gt;, &lt;No file&gt;:1
[3] at $result.ModulesMissing | Should -BeOfType [array], $env:PROJECT_ROOT\tests\unit\modules\PatchManager\PatchManager-Core.Tests.ps1:103
at Invoke-Assertion, C:\Users\alexa\OneDrive\Documents\PowerShell\Modules\Pester\5.7.1\Pester.psm1:8257
at Should&lt;End&gt;, C:\Users\alexa\OneDrive\Documents\PowerShell\Modules\Pester\5.7.1\Pester.psm1:8186
at &lt;ScriptBlock&gt;, $env:PROJECT_ROOT\tests\unit\modules\PatchManager\PatchManager-Core.Tests.ps1:103
at &lt;ScriptBlock&gt;, C:\Users\alexa\OneDrive\Documents\PowerShell\Modules\Pester\5.7.1\Pester.psm1:2024
at &lt;ScriptBlock&gt;, C:\Users\alexa\OneDrive\Documents\PowerShell\Modules\Pester\5.7.1\Pester.psm1:1985
at Invoke-ScriptBlock, C:\Users\alexa\OneDrive\Documents\PowerShell\Modules\Pester\5.7.1\Pester.psm1:2157
at Invoke-TestItem, C:\Users\alexa\OneDrive\Documents\PowerShell\Modules\Pester\5.7.1\Pester.psm1:1199
at Invoke-Block, C:\Users\alexa\OneDrive\Documents\PowerShell\Modules\Pester\5.7.1\Pester.psm1:835
at &lt;ScriptBlock&gt;, C:\Users\alexa\OneDrive\Documents\PowerShell\Modules\Pester\5.7.1\Pester.psm1:893
at &lt;ScriptBlock&gt;, C:\Users\alexa\OneDrive\Documents\PowerShell\Modules\Pester\5.7.1\Pester.psm1:2024
at &lt;ScriptBlock&gt;, C:\Users\alexa\OneDrive\Documents\PowerShell\Modules\Pester\5.7.1\Pester.psm1:1985
at Invoke-ScriptBlock, C:\Users\alexa\OneDrive\Documents\PowerShell\Modules\Pester\5.7.1\Pester.psm1:2160
at Invoke-Block, C:\Users\alexa\OneDrive\Documents\PowerShell\Modules\Pester\5.7.1\Pester.psm1:940
at &lt;ScriptBlock&gt;, C:\Users\alexa\OneDrive\Documents\PowerShell\Modules\Pester\5.7.1\Pester.psm1:893
at &lt;ScriptBlock&gt;, C:\Users\alexa\OneDrive\Documents\PowerShell\Modules\Pester\5.7.1\Pester.psm1:2024
at &lt;ScriptBlock&gt;, C:\Users\alexa\OneDrive\Documents\PowerShell\Modules\Pester\5.7.1\Pester.psm1:1985
at Invoke-ScriptBlock, C:\Users\alexa\OneDrive\Documents\PowerShell\Modules\Pester\5.7.1\Pester.psm1:2160
at Invoke-Block, C:\Users\alexa\OneDrive\Documents\PowerShell\Modules\Pester\5.7.1\Pester.psm1:940
at &lt;ScriptBlock&gt;, C:\Users\alexa\OneDrive\Documents\PowerShell\Modules\Pester\5.7.1\Pester.psm1:893
at &lt;ScriptBlock&gt;, C:\Users\alexa\OneDrive\Documents\PowerShell\Modules\Pester\5.7.1\Pester.psm1:2024
at &lt;ScriptBlock&gt;, C:\Users\alexa\OneDrive\Documents\PowerShell\Modules\Pester\5.7.1\Pester.psm1:1985
at Invoke-ScriptBlock, C:\Users\alexa\OneDrive\Documents\PowerShell\Modules\Pester\5.7.1\Pester.psm1:2160
at Invoke-Block, C:\Users\alexa\OneDrive\Documents\PowerShell\Modules\Pester\5.7.1\Pester.psm1:940
at &lt;ScriptBlock&gt;, C:\Users\alexa\OneDrive\Documents\PowerShell\Modules\Pester\5.7.1\Pester.psm1:1688
at &lt;ScriptBlock&gt;, C:\Users\alexa\OneDrive\Documents\PowerShell\Modules\Pester\5.7.1\Pester.ps1:3
at &lt;ScriptBlock&gt;, C:\Users\alexa\OneDrive\Documents\PowerShell\Modules\Pester\5.7.1\Pester.psm1:3260
at Invoke-InNewScriptScope, C:\Users\alexa\OneDrive\Documents\PowerShell\Modules\Pester\5.7.1\Pester.psm1:3267
at Run-Test, C:\Users\alexa\OneDrive\Documents\PowerShell\Modules\Pester\5.7.1\Pester.psm1:1691
at Invoke-Test, C:\Users\alexa\OneDrive\Documents\PowerShell\Modules\Pester\5.7.1\Pester.psm1:2512
at Invoke-Pester&lt;End&gt;, C:\Users\alexa\OneDrive\Documents\PowerShell\Modules\Pester\5.7.1\Pester.psm1:4960
at &lt;ScriptBlock&gt;, &lt;No file&gt;:1
[4] at $result.CommandsAvailable | Should -BeOfType [array], $env:PROJECT_ROOT\tests\unit\modules\PatchManager\PatchManager-Core.Tests.ps1:104
at Invoke-Assertion, C:\Users\alexa\OneDrive\Documents\PowerShell\Modules\Pester\5.7.1\Pester.psm1:8257
at Should&lt;End&gt;, C:\Users\alexa\OneDrive\Documents\PowerShell\Modules\Pester\5.7.1\Pester.psm1:8193
at &lt;ScriptBlock&gt;, $env:PROJECT_ROOT\tests\unit\modules\PatchManager\PatchManager-Core.Tests.ps1:104
at &lt;ScriptBlock&gt;, C:\Users\alexa\OneDrive\Documents\PowerShell\Modules\Pester\5.7.1\Pester.psm1:2024
at &lt;ScriptBlock&gt;, C:\Users\alexa\OneDrive\Documents\PowerShell\Modules\Pester\5.7.1\Pester.psm1:1985
at Invoke-ScriptBlock, C:\Users\alexa\OneDrive\Documents\PowerShell\Modules\Pester\5.7.1\Pester.psm1:2157
at Invoke-TestItem, C:\Users\alexa\OneDrive\Documents\PowerShell\Modules\Pester\5.7.1\Pester.psm1:1199
at Invoke-Block, C:\Users\alexa\OneDrive\Documents\PowerShell\Modules\Pester\5.7.1\Pester.psm1:835
at &lt;ScriptBlock&gt;, C:\Users\alexa\OneDrive\Documents\PowerShell\Modules\Pester\5.7.1\Pester.psm1:893
at &lt;ScriptBlock&gt;, C:\Users\alexa\OneDrive\Documents\PowerShell\Modules\Pester\5.7.1\Pester.psm1:2024
at &lt;ScriptBlock&gt;, C:\Users\alexa\OneDrive\Documents\PowerShell\Modules\Pester\5.7.1\Pester.psm1:1985
at Invoke-ScriptBlock, C:\Users\alexa\OneDrive\Documents\PowerShell\Modules\Pester\5.7.1\Pester.psm1:2160
at Invoke-Block, C:\Users\alexa\OneDrive\Documents\PowerShell\Modules\Pester\5.7.1\Pester.psm1:940
at &lt;ScriptBlock&gt;, C:\Users\alexa\OneDrive\Documents\PowerShell\Modules\Pester\5.7.1\Pester.psm1:893
at &lt;ScriptBlock&gt;, C:\Users\alexa\OneDrive\Documents\PowerShell\Modules\Pester\5.7.1\Pester.psm1:2024
at &lt;ScriptBlock&gt;, C:\Users\alexa\OneDrive\Documents\PowerShell\Modules\Pester\5.7.1\Pester.psm1:1985
at Invoke-ScriptBlock, C:\Users\alexa\OneDrive\Documents\PowerShell\Modules\Pester\5.7.1\Pester.psm1:2160
at Invoke-Block, C:\Users\alexa\OneDrive\Documents\PowerShell\Modules\Pester\5.7.1\Pester.psm1:940
at &lt;ScriptBlock&gt;, C:\Users\alexa\OneDrive\Documents\PowerShell\Modules\Pester\5.7.1\Pester.psm1:893
at &lt;ScriptBlock&gt;, C:\Users\alexa\OneDrive\Documents\PowerShell\Modules\Pester\5.7.1\Pester.psm1:2024
at &lt;ScriptBlock&gt;, C:\Users\alexa\OneDrive\Documents\PowerShell\Modules\Pester\5.7.1\Pester.psm1:1985
at Invoke-ScriptBlock, C:\Users\alexa\OneDrive\Documents\PowerShell\Modules\Pester\5.7.1\Pester.psm1:2160
at Invoke-Block, C:\Users\alexa\OneDrive\Documents\PowerShell\Modules\Pester\5.7.1\Pester.psm1:940
at &lt;ScriptBlock&gt;, C:\Users\alexa\OneDrive\Documents\PowerShell\Modules\Pester\5.7.1\Pester.psm1:1688
at &lt;ScriptBlock&gt;, C:\Users\alexa\OneDrive\Documents\PowerShell\Modules\Pester\5.7.1\Pester.ps1:3
at &lt;ScriptBlock&gt;, C:\Users\alexa\OneDrive\Documents\PowerShell\Modules\Pester\5.7.1\Pester.psm1:3260
at Invoke-InNewScriptScope, C:\Users\alexa\OneDrive\Documents\PowerShell\Modules\Pester\5.7.1\Pester.psm1:3267
at Run-Test, C:\Users\alexa\OneDrive\Documents\PowerShell\Modules\Pester\5.7.1\Pester.psm1:1691
at Invoke-Test, C:\Users\alexa\OneDrive\Documents\PowerShell\Modules\Pester\5.7.1\Pester.psm1:2512
at Invoke-Pester&lt;End&gt;, C:\Users\alexa\OneDrive\Documents\PowerShell\Modules\Pester\5.7.1\Pester.psm1:4960
at &lt;ScriptBlock&gt;, &lt;No file&gt;:1
[5] at $result.CommandsAvailable | Should -BeOfType [array], $env:PROJECT_ROOT\tests\unit\modules\PatchManager\PatchManager-Core.Tests.ps1:104
at Invoke-Assertion, C:\Users\alexa\OneDrive\Documents\PowerShell\Modules\Pester\5.7.1\Pester.psm1:8257
at Should&lt;End&gt;, C:\Users\alexa\OneDrive\Documents\PowerShell\Modules\Pester\5.7.1\Pester.psm1:8193
at &lt;ScriptBlock&gt;, $env:PROJECT_ROOT\tests\unit\modules\PatchManager\PatchManager-Core.Tests.ps1:104
at &lt;ScriptBlock&gt;, C:\Users\alexa\OneDrive\Documents\PowerShell\Modules\Pester\5.7.1\Pester.psm1:2024
at &lt;ScriptBlock&gt;, C:\Users\alexa\OneDrive\Documents\PowerShell\Modules\Pester\5.7.1\Pester.psm1:1985
at Invoke-ScriptBlock, C:\Users\alexa\OneDrive\Documents\PowerShell\Modules\Pester\5.7.1\Pester.psm1:2157
at Invoke-TestItem, C:\Users\alexa\OneDrive\Documents\PowerShell\Modules\Pester\5.7.1\Pester.psm1:1199
at Invoke-Block, C:\Users\alexa\OneDrive\Documents\PowerShell\Modules\Pester\5.7.1\Pester.psm1:835
at &lt;ScriptBlock&gt;, C:\Users\alexa\OneDrive\Documents\PowerShell\Modules\Pester\5.7.1\Pester.psm1:893
at &lt;ScriptBlock&gt;, C:\Users\alexa\OneDrive\Documents\PowerShell\Modules\Pester\5.7.1\Pester.psm1:2024
at &lt;ScriptBlock&gt;, C:\Users\alexa\OneDrive\Documents\PowerShell\Modules\Pester\5.7.1\Pester.psm1:1985
at Invoke-ScriptBlock, C:\Users\alexa\OneDrive\Documents\PowerShell\Modules\Pester\5.7.1\Pester.psm1:2160
at Invoke-Block, C:\Users\alexa\OneDrive\Documents\PowerShell\Modules\Pester\5.7.1\Pester.psm1:940
at &lt;ScriptBlock&gt;, C:\Users\alexa\OneDrive\Documents\PowerShell\Modules\Pester\5.7.1\Pester.psm1:893
at &lt;ScriptBlock&gt;, C:\Users\alexa\OneDrive\Documents\PowerShell\Modules\Pester\5.7.1\Pester.psm1:2024
at &lt;ScriptBlock&gt;, C:\Users\alexa\OneDrive\Documents\PowerShell\Modules\Pester\5.7.1\Pester.psm1:1985
at Invoke-ScriptBlock, C:\Users\alexa\OneDrive\Documents\PowerShell\Modules\Pester\5.7.1\Pester.psm1:2160
at Invoke-Block, C:\Users\alexa\OneDrive\Documents\PowerShell\Modules\Pester\5.7.1\Pester.psm1:940
at &lt;ScriptBlock&gt;, C:\Users\alexa\OneDrive\Documents\PowerShell\Modules\Pester\5.7.1\Pester.psm1:893
at &lt;ScriptBlock&gt;, C:\Users\alexa\OneDrive\Documents\PowerShell\Modules\Pester\5.7.1\Pester.psm1:2024
at &lt;ScriptBlock&gt;, C:\Users\alexa\OneDrive\Documents\PowerShell\Modules\Pester\5.7.1\Pester.psm1:1985
at Invoke-ScriptBlock, C:\Users\alexa\OneDrive\Documents\PowerShell\Modules\Pester\5.7.1\Pester.psm1:2160
at Invoke-Block, C:\Users\alexa\OneDrive\Documents\PowerShell\Modules\Pester\5.7.1\Pester.psm1:940
at &lt;ScriptBlock&gt;, C:\Users\alexa\OneDrive\Documents\PowerShell\Modules\Pester\5.7.1\Pester.psm1:1688
at &lt;ScriptBlock&gt;, C:\Users\alexa\OneDrive\Documents\PowerShell\Modules\Pester\5.7.1\Pester.ps1:3
at &lt;ScriptBlock&gt;, C:\Users\alexa\OneDrive\Documents\PowerShell\Modules\Pester\5.7.1\Pester.psm1:3260
at Invoke-InNewScriptScope, C:\Users\alexa\OneDrive\Documents\PowerShell\Modules\Pester\5.7.1\Pester.psm1:3267
at Run-Test, C:\Users\alexa\OneDrive\Documents\PowerShell\Modules\Pester\5.7.1\Pester.psm1:1691
at Invoke-Test, C:\Users\alexa\OneDrive\Documents\PowerShell\Modules\Pester\5.7.1\Pester.psm1:2512
at Invoke-Pester&lt;End&gt;, C:\Users\alexa\OneDrive\Documents\PowerShell\Modules\Pester\5.7.1\Pester.psm1:4960
at &lt;ScriptBlock&gt;, &lt;No file&gt;:1
[6] at $result.CommandsAvailable | Should -BeOfType [array], $env:PROJECT_ROOT\tests\unit\modules\PatchManager\PatchManager-Core.Tests.ps1:104
at Invoke-Assertion, C:\Users\alexa\OneDrive\Documents\PowerShell\Modules\Pester\5.7.1\Pester.psm1:8257
at Should&lt;End&gt;, C:\Users\alexa\OneDrive\Documents\PowerShell\Modules\Pester\5.7.1\Pester.psm1:8193
at &lt;ScriptBlock&gt;, $env:PROJECT_ROOT\tests\unit\modules\PatchManager\PatchManager-Core.Tests.ps1:104
at &lt;ScriptBlock&gt;, C:\Users\alexa\OneDrive\Documents\PowerShell\Modules\Pester\5.7.1\Pester.psm1:2024
at &lt;ScriptBlock&gt;, C:\Users\alexa\OneDrive\Documents\PowerShell\Modules\Pester\5.7.1\Pester.psm1:1985
at Invoke-ScriptBlock, C:\Users\alexa\OneDrive\Documents\PowerShell\Modules\Pester\5.7.1\Pester.psm1:2157
at Invoke-TestItem, C:\Users\alexa\OneDrive\Documents\PowerShell\Modules\Pester\5.7.1\Pester.psm1:1199
at Invoke-Block, C:\Users\alexa\OneDrive\Documents\PowerShell\Modules\Pester\5.7.1\Pester.psm1:835
at &lt;ScriptBlock&gt;, C:\Users\alexa\OneDrive\Documents\PowerShell\Modules\Pester\5.7.1\Pester.psm1:893
at &lt;ScriptBlock&gt;, C:\Users\alexa\OneDrive\Documents\PowerShell\Modules\Pester\5.7.1\Pester.psm1:2024
at &lt;ScriptBlock&gt;, C:\Users\alexa\OneDrive\Documents\PowerShell\Modules\Pester\5.7.1\Pester.psm1:1985
at Invoke-ScriptBlock, C:\Users\alexa\OneDrive\Documents\PowerShell\Modules\Pester\5.7.1\Pester.psm1:2160
at Invoke-Block, C:\Users\alexa\OneDrive\Documents\PowerShell\Modules\Pester\5.7.1\Pester.psm1:940
at &lt;ScriptBlock&gt;, C:\Users\alexa\OneDrive\Documents\PowerShell\Modules\Pester\5.7.1\Pester.psm1:893
at &lt;ScriptBlock&gt;, C:\Users\alexa\OneDrive\Documents\PowerShell\Modules\Pester\5.7.1\Pester.psm1:2024
at &lt;ScriptBlock&gt;, C:\Users\alexa\OneDrive\Documents\PowerShell\Modules\Pester\5.7.1\Pester.psm1:1985
at Invoke-ScriptBlock, C:\Users\alexa\OneDrive\Documents\PowerShell\Modules\Pester\5.7.1\Pester.psm1:2160
at Invoke-Block, C:\Users\alexa\OneDrive\Documents\PowerShell\Modules\Pester\5.7.1\Pester.psm1:940
at &lt;ScriptBlock&gt;, C:\Users\alexa\OneDrive\Documents\PowerShell\Modules\Pester\5.7.1\Pester.psm1:893
at &lt;ScriptBlock&gt;, C:\Users\alexa\OneDrive\Documents\PowerShell\Modules\Pester\5.7.1\Pester.psm1:2024
at &lt;ScriptBlock&gt;, C:\Users\alexa\OneDrive\Documents\PowerShell\Modules\Pester\5.7.1\Pester.psm1:1985
at Invoke-ScriptBlock, C:\Users\alexa\OneDrive\Documents\PowerShell\Modules\Pester\5.7.1\Pester.psm1:2160
at Invoke-Block, C:\Users\alexa\OneDrive\Documents\PowerShell\Modules\Pester\5.7.1\Pester.psm1:940
at &lt;ScriptBlock&gt;, C:\Users\alexa\OneDrive\Documents\PowerShell\Modules\Pester\5.7.1\Pester.psm1:1688
at &lt;ScriptBlock&gt;, C:\Users\alexa\OneDrive\Documents\PowerShell\Modules\Pester\5.7.1\Pester.ps1:3
at &lt;ScriptBlock&gt;, C:\Users\alexa\OneDrive\Documents\PowerShell\Modules\Pester\5.7.1\Pester.psm1:3260
at Invoke-InNewScriptScope, C:\Users\alexa\OneDrive\Documents\PowerShell\Modules\Pester\5.7.1\Pester.psm1:3267
at Run-Test, C:\Users\alexa\OneDrive\Documents\PowerShell\Modules\Pester\5.7.1\Pester.psm1:1691
at Invoke-Test, C:\Users\alexa\OneDrive\Documents\PowerShell\Modules\Pester\5.7.1\Pester.psm1:2512
at Invoke-Pester&lt;End&gt;, C:\Users\alexa\OneDrive\Documents\PowerShell\Modules\Pester\5.7.1\Pester.psm1:4960
at &lt;ScriptBlock&gt;, &lt;No file&gt;:1
[7] at $result.CommandsMissing | Should -BeOfType [array], $env:PROJECT_ROOT\tests\unit\modules\PatchManager\PatchManager-Core.Tests.ps1:105
at Invoke-Assertion, C:\Users\alexa\OneDrive\Documents\PowerShell\Modules\Pester\5.7.1\Pester.psm1:8257
at Should&lt;End&gt;, C:\Users\alexa\OneDrive\Documents\PowerShell\Modules\Pester\5.7.1\Pester.psm1:8186
at &lt;ScriptBlock&gt;, $env:PROJECT_ROOT\tests\unit\modules\PatchManager\PatchManager-Core.Tests.ps1:105
at &lt;ScriptBlock&gt;, C:\Users\alexa\OneDrive\Documents\PowerShell\Modules\Pester\5.7.1\Pester.psm1:2024
at &lt;ScriptBlock&gt;, C:\Users\alexa\OneDrive\Documents\PowerShell\Modules\Pester\5.7.1\Pester.psm1:1985
at Invoke-ScriptBlock, C:\Users\alexa\OneDrive\Documents\PowerShell\Modules\Pester\5.7.1\Pester.psm1:2157
at Invoke-TestItem, C:\Users\alexa\OneDrive\Documents\PowerShell\Modules\Pester\5.7.1\Pester.psm1:1199
at Invoke-Block, C:\Users\alexa\OneDrive\Documents\PowerShell\Modules\Pester\5.7.1\Pester.psm1:835
at &lt;ScriptBlock&gt;, C:\Users\alexa\OneDrive\Documents\PowerShell\Modules\Pester\5.7.1\Pester.psm1:893
at &lt;ScriptBlock&gt;, C:\Users\alexa\OneDrive\Documents\PowerShell\Modules\Pester\5.7.1\Pester.psm1:2024
at &lt;ScriptBlock&gt;, C:\Users\alexa\OneDrive\Documents\PowerShell\Modules\Pester\5.7.1\Pester.psm1:1985
at Invoke-ScriptBlock, C:\Users\alexa\OneDrive\Documents\PowerShell\Modules\Pester\5.7.1\Pester.psm1:2160
at Invoke-Block, C:\Users\alexa\OneDrive\Documents\PowerShell\Modules\Pester\5.7.1\Pester.psm1:940
at &lt;ScriptBlock&gt;, C:\Users\alexa\OneDrive\Documents\PowerShell\Modules\Pester\5.7.1\Pester.psm1:893
at &lt;ScriptBlock&gt;, C:\Users\alexa\OneDrive\Documents\PowerShell\Modules\Pester\5.7.1\Pester.psm1:2024
at &lt;ScriptBlock&gt;, C:\Users\alexa\OneDrive\Documents\PowerShell\Modules\Pester\5.7.1\Pester.psm1:1985
at Invoke-ScriptBlock, C:\Users\alexa\OneDrive\Documents\PowerShell\Modules\Pester\5.7.1\Pester.psm1:2160
at Invoke-Block, C:\Users\alexa\OneDrive\Documents\PowerShell\Modules\Pester\5.7.1\Pester.psm1:940
at &lt;ScriptBlock&gt;, C:\Users\alexa\OneDrive\Documents\PowerShell\Modules\Pester\5.7.1\Pester.psm1:893
at &lt;ScriptBlock&gt;, C:\Users\alexa\OneDrive\Documents\PowerShell\Modules\Pester\5.7.1\Pester.psm1:2024
at &lt;ScriptBlock&gt;, C:\Users\alexa\OneDrive\Documents\PowerShell\Modules\Pester\5.7.1\Pester.psm1:1985
at Invoke-ScriptBlock, C:\Users\alexa\OneDrive\Documents\PowerShell\Modules\Pester\5.7.1\Pester.psm1:2160
at Invoke-Block, C:\Users\alexa\OneDrive\Documents\PowerShell\Modules\Pester\5.7.1\Pester.psm1:940
at &lt;ScriptBlock&gt;, C:\Users\alexa\OneDrive\Documents\PowerShell\Modules\Pester\5.7.1\Pester.psm1:1688
at &lt;ScriptBlock&gt;, C:\Users\alexa\OneDrive\Documents\PowerShell\Modules\Pester\5.7.1\Pester.ps1:3
at &lt;ScriptBlock&gt;, C:\Users\alexa\OneDrive\Documents\PowerShell\Modules\Pester\5.7.1\Pester.psm1:3260
at Invoke-InNewScriptScope, C:\Users\alexa\OneDrive\Documents\PowerShell\Modules\Pester\5.7.1\Pester.psm1:3267
at Run-Test, C:\Users\alexa\OneDrive\Documents\PowerShell\Modules\Pester\5.7.1\Pester.psm1:1691
at Invoke-Test, C:\Users\alexa\OneDrive\Documents\PowerShell\Modules\Pester\5.7.1\Pester.psm1:2512
at Invoke-Pester&lt;End&gt;, C:\Users\alexa\OneDrive\Documents\PowerShell\Modules\Pester\5.7.1\Pester.psm1:4960
at &lt;ScriptBlock&gt;, &lt;No file&gt;:1</stack-trace>
                    </failure>
                  </test-case>
                </results>
              </test-suite>
              <test-suite type="TestFixture" name="PatchManager Core Functions.Invoke-GitControlledPatch" executed="True" result="Success" success="True" time="0.3019" asserts="0" description="PatchManager Core Functions.Invoke-GitControlledPatch">
                <results>
                  <test-case description="Should require PatchDescription parameter" name="PatchManager Core Functions.Invoke-GitControlledPatch.Should require PatchDescription parameter" time="0.0041" asserts="0" success="True" result="Success" executed="True" />
                  <test-case description="Should accept DryRun parameter" name="PatchManager Core Functions.Invoke-GitControlledPatch.Should accept DryRun parameter" time="0.0832" asserts="0" success="True" result="Success" executed="True" />
                  <test-case description="Should validate working tree when not forced" name="PatchManager Core Functions.Invoke-GitControlledPatch.Should validate working tree when not forced" time="0.0649" asserts="0" success="True" result="Success" executed="True" />
                </results>
              </test-suite>
              <test-suite type="TestFixture" name="PatchManager Core Functions.Invoke-EnhancedPatchManager" executed="True" result="Success" success="True" time="1.032" asserts="0" description="PatchManager Core Functions.Invoke-EnhancedPatchManager">
                <results>
                  <test-case description="Should require PatchDescription parameter" name="PatchManager Core Functions.Invoke-EnhancedPatchManager.Should require PatchDescription parameter" time="0.0209" asserts="0" success="True" result="Success" executed="True" />
                  <test-case description="Should accept AutoValidate parameter" name="PatchManager Core Functions.Invoke-EnhancedPatchManager.Should accept AutoValidate parameter" time="0.3751" asserts="0" success="True" result="Success" executed="True" />
                  <test-case description="Should accept CreatePullRequest parameter" name="PatchManager Core Functions.Invoke-EnhancedPatchManager.Should accept CreatePullRequest parameter" time="0.3314" asserts="0" success="True" result="Success" executed="True" />
                </results>
              </test-suite>
              <test-suite type="TestFixture" name="PatchManager Core Functions.Set-PatchManagerAliases" executed="True" result="Failure" success="False" time="1.0952" asserts="0" description="PatchManager Core Functions.Set-PatchManagerAliases">
                <results>
                  <test-case description="Should set up aliases without error" name="PatchManager Core Functions.Set-PatchManagerAliases.Should set up aliases without error" time="0.0221" asserts="0" success="False" result="Failure" executed="True">
                    <failure>
                      <message>Expected no exception to be thrown, but an exception "Cannot evaluate parameter 'Value' because its argument is specified as a script block and there is no input. A script block cannot be evaluated without input." was thrown from $env:PROJECT_ROOT\tests\unit\modules\PatchManager\PatchManager-Core.Tests.ps1:144 char:15
    +             { Set-PatchManagerAliases -Scope Process } | Should -Not  …
    +               ~~~~~~~~~~~~~~~~~~~~~~~~~~~~~~~~~~~~~~.</message>
                      <stack-trace>at { Set-PatchManagerAliases -Scope Process } | Should -Not -Throw, $env:PROJECT_ROOT\tests\unit\modules\PatchManager\PatchManager-Core.Tests.ps1:144
at Invoke-Assertion, C:\Users\alexa\OneDrive\Documents\PowerShell\Modules\Pester\5.7.1\Pester.psm1:8257
at Should&lt;End&gt;, C:\Users\alexa\OneDrive\Documents\PowerShell\Modules\Pester\5.7.1\Pester.psm1:8193
at &lt;ScriptBlock&gt;, $env:PROJECT_ROOT\tests\unit\modules\PatchManager\PatchManager-Core.Tests.ps1:144
at &lt;ScriptBlock&gt;, C:\Users\alexa\OneDrive\Documents\PowerShell\Modules\Pester\5.7.1\Pester.psm1:2024
at &lt;ScriptBlock&gt;, C:\Users\alexa\OneDrive\Documents\PowerShell\Modules\Pester\5.7.1\Pester.psm1:1985
at Invoke-ScriptBlock, C:\Users\alexa\OneDrive\Documents\PowerShell\Modules\Pester\5.7.1\Pester.psm1:2157
at Invoke-TestItem, C:\Users\alexa\OneDrive\Documents\PowerShell\Modules\Pester\5.7.1\Pester.psm1:1199
at Invoke-Block, C:\Users\alexa\OneDrive\Documents\PowerShell\Modules\Pester\5.7.1\Pester.psm1:835
at &lt;ScriptBlock&gt;, C:\Users\alexa\OneDrive\Documents\PowerShell\Modules\Pester\5.7.1\Pester.psm1:893
at &lt;ScriptBlock&gt;, C:\Users\alexa\OneDrive\Documents\PowerShell\Modules\Pester\5.7.1\Pester.psm1:2024
at &lt;ScriptBlock&gt;, C:\Users\alexa\OneDrive\Documents\PowerShell\Modules\Pester\5.7.1\Pester.psm1:1985
at Invoke-ScriptBlock, C:\Users\alexa\OneDrive\Documents\PowerShell\Modules\Pester\5.7.1\Pester.psm1:2160
at Invoke-Block, C:\Users\alexa\OneDrive\Documents\PowerShell\Modules\Pester\5.7.1\Pester.psm1:940
at &lt;ScriptBlock&gt;, C:\Users\alexa\OneDrive\Documents\PowerShell\Modules\Pester\5.7.1\Pester.psm1:893
at &lt;ScriptBlock&gt;, C:\Users\alexa\OneDrive\Documents\PowerShell\Modules\Pester\5.7.1\Pester.psm1:2024
at &lt;ScriptBlock&gt;, C:\Users\alexa\OneDrive\Documents\PowerShell\Modules\Pester\5.7.1\Pester.psm1:1985
at Invoke-ScriptBlock, C:\Users\alexa\OneDrive\Documents\PowerShell\Modules\Pester\5.7.1\Pester.psm1:2160
at Invoke-Block, C:\Users\alexa\OneDrive\Documents\PowerShell\Modules\Pester\5.7.1\Pester.psm1:940
at &lt;ScriptBlock&gt;, C:\Users\alexa\OneDrive\Documents\PowerShell\Modules\Pester\5.7.1\Pester.psm1:893
at &lt;ScriptBlock&gt;, C:\Users\alexa\OneDrive\Documents\PowerShell\Modules\Pester\5.7.1\Pester.psm1:2024
at &lt;ScriptBlock&gt;, C:\Users\alexa\OneDrive\Documents\PowerShell\Modules\Pester\5.7.1\Pester.psm1:1985
at Invoke-ScriptBlock, C:\Users\alexa\OneDrive\Documents\PowerShell\Modules\Pester\5.7.1\Pester.psm1:2160
at Invoke-Block, C:\Users\alexa\OneDrive\Documents\PowerShell\Modules\Pester\5.7.1\Pester.psm1:940
at &lt;ScriptBlock&gt;, C:\Users\alexa\OneDrive\Documents\PowerShell\Modules\Pester\5.7.1\Pester.psm1:1688
at &lt;ScriptBlock&gt;, C:\Users\alexa\OneDrive\Documents\PowerShell\Modules\Pester\5.7.1\Pester.ps1:3
at &lt;ScriptBlock&gt;, C:\Users\alexa\OneDrive\Documents\PowerShell\Modules\Pester\5.7.1\Pester.psm1:3260
at Invoke-InNewScriptScope, C:\Users\alexa\OneDrive\Documents\PowerShell\Modules\Pester\5.7.1\Pester.psm1:3267
at Run-Test, C:\Users\alexa\OneDrive\Documents\PowerShell\Modules\Pester\5.7.1\Pester.psm1:1691
at Invoke-Test, C:\Users\alexa\OneDrive\Documents\PowerShell\Modules\Pester\5.7.1\Pester.psm1:2512
at Invoke-Pester&lt;End&gt;, C:\Users\alexa\OneDrive\Documents\PowerShell\Modules\Pester\5.7.1\Pester.psm1:4960
at &lt;ScriptBlock&gt;, &lt;No file&gt;:1</stack-trace>
                    </failure>
                  </test-case>
                  <test-case description="Should display help when requested" name="PatchManager Core Functions.Set-PatchManagerAliases.Should display help when requested" time="0.0177" asserts="0" success="False" result="Failure" executed="True">
                    <failure>
                      <message>Expected no exception to be thrown, but an exception "A parameter cannot be found that matches parameter name 'ShowHelp'." was thrown from $env:PROJECT_ROOT\tests\unit\modules\PatchManager\PatchManager-Core.Tests.ps1:148 char:39
    +             { Set-PatchManagerAliases -ShowHelp } | Should -Not -Thro …
    +                                       ~~~~~~~~~.</message>
                      <stack-trace>at { Set-PatchManagerAliases -ShowHelp } | Should -Not -Throw, $env:PROJECT_ROOT\tests\unit\modules\PatchManager\PatchManager-Core.Tests.ps1:148
at Invoke-Assertion, C:\Users\alexa\OneDrive\Documents\PowerShell\Modules\Pester\5.7.1\Pester.psm1:8257
at Should&lt;End&gt;, C:\Users\alexa\OneDrive\Documents\PowerShell\Modules\Pester\5.7.1\Pester.psm1:8193
at &lt;ScriptBlock&gt;, $env:PROJECT_ROOT\tests\unit\modules\PatchManager\PatchManager-Core.Tests.ps1:148
at &lt;ScriptBlock&gt;, C:\Users\alexa\OneDrive\Documents\PowerShell\Modules\Pester\5.7.1\Pester.psm1:2024
at &lt;ScriptBlock&gt;, C:\Users\alexa\OneDrive\Documents\PowerShell\Modules\Pester\5.7.1\Pester.psm1:1985
at Invoke-ScriptBlock, C:\Users\alexa\OneDrive\Documents\PowerShell\Modules\Pester\5.7.1\Pester.psm1:2157
at Invoke-TestItem, C:\Users\alexa\OneDrive\Documents\PowerShell\Modules\Pester\5.7.1\Pester.psm1:1199
at Invoke-Block, C:\Users\alexa\OneDrive\Documents\PowerShell\Modules\Pester\5.7.1\Pester.psm1:835
at &lt;ScriptBlock&gt;, C:\Users\alexa\OneDrive\Documents\PowerShell\Modules\Pester\5.7.1\Pester.psm1:893
at &lt;ScriptBlock&gt;, C:\Users\alexa\OneDrive\Documents\PowerShell\Modules\Pester\5.7.1\Pester.psm1:2024
at &lt;ScriptBlock&gt;, C:\Users\alexa\OneDrive\Documents\PowerShell\Modules\Pester\5.7.1\Pester.psm1:1985
at Invoke-ScriptBlock, C:\Users\alexa\OneDrive\Documents\PowerShell\Modules\Pester\5.7.1\Pester.psm1:2160
at Invoke-Block, C:\Users\alexa\OneDrive\Documents\PowerShell\Modules\Pester\5.7.1\Pester.psm1:940
at &lt;ScriptBlock&gt;, C:\Users\alexa\OneDrive\Documents\PowerShell\Modules\Pester\5.7.1\Pester.psm1:893
at &lt;ScriptBlock&gt;, C:\Users\alexa\OneDrive\Documents\PowerShell\Modules\Pester\5.7.1\Pester.psm1:2024
at &lt;ScriptBlock&gt;, C:\Users\alexa\OneDrive\Documents\PowerShell\Modules\Pester\5.7.1\Pester.psm1:1985
at Invoke-ScriptBlock, C:\Users\alexa\OneDrive\Documents\PowerShell\Modules\Pester\5.7.1\Pester.psm1:2160
at Invoke-Block, C:\Users\alexa\OneDrive\Documents\PowerShell\Modules\Pester\5.7.1\Pester.psm1:940
at &lt;ScriptBlock&gt;, C:\Users\alexa\OneDrive\Documents\PowerShell\Modules\Pester\5.7.1\Pester.psm1:893
at &lt;ScriptBlock&gt;, C:\Users\alexa\OneDrive\Documents\PowerShell\Modules\Pester\5.7.1\Pester.psm1:2024
at &lt;ScriptBlock&gt;, C:\Users\alexa\OneDrive\Documents\PowerShell\Modules\Pester\5.7.1\Pester.psm1:1985
at Invoke-ScriptBlock, C:\Users\alexa\OneDrive\Documents\PowerShell\Modules\Pester\5.7.1\Pester.psm1:2160
at Invoke-Block, C:\Users\alexa\OneDrive\Documents\PowerShell\Modules\Pester\5.7.1\Pester.psm1:940
at &lt;ScriptBlock&gt;, C:\Users\alexa\OneDrive\Documents\PowerShell\Modules\Pester\5.7.1\Pester.psm1:1688
at &lt;ScriptBlock&gt;, C:\Users\alexa\OneDrive\Documents\PowerShell\Modules\Pester\5.7.1\Pester.ps1:3
at &lt;ScriptBlock&gt;, C:\Users\alexa\OneDrive\Documents\PowerShell\Modules\Pester\5.7.1\Pester.psm1:3260
at Invoke-InNewScriptScope, C:\Users\alexa\OneDrive\Documents\PowerShell\Modules\Pester\5.7.1\Pester.psm1:3267
at Run-Test, C:\Users\alexa\OneDrive\Documents\PowerShell\Modules\Pester\5.7.1\Pester.psm1:1691
at Invoke-Test, C:\Users\alexa\OneDrive\Documents\PowerShell\Modules\Pester\5.7.1\Pester.psm1:2512
at Invoke-Pester&lt;End&gt;, C:\Users\alexa\OneDrive\Documents\PowerShell\Modules\Pester\5.7.1\Pester.psm1:4960
at &lt;ScriptBlock&gt;, &lt;No file&gt;:1</stack-trace>
                    </failure>
                  </test-case>
                  <test-case description="Should remove aliases when requested" name="PatchManager Core Functions.Set-PatchManagerAliases.Should remove aliases when requested" time="0.0205" asserts="0" success="True" result="Success" executed="True" />
                </results>
              </test-suite>
              <test-suite type="TestFixture" name="PatchManager Core Functions.Invoke-QuickRollback" executed="True" result="Failure" success="False" time="1.1359" asserts="0" description="PatchManager Core Functions.Invoke-QuickRollback">
                <results>
                  <test-case description="Should accept RollbackType parameter" name="PatchManager Core Functions.Invoke-QuickRollback.Should accept RollbackType parameter" time="0.0199" asserts="0" success="False" result="Failure" executed="True">
                    <failure>
                      <message>Expected no exception to be thrown, but an exception "A parameter cannot be found that matches parameter name 'DryRun'." was thrown from $env:PROJECT_ROOT\tests\unit\modules\PatchManager\PatchManager-Core.Tests.ps1:158 char:63
    + …     { Invoke-QuickRollback -RollbackType "LastCommit" -DryRun } | Sho …
    +                                                         ~~~~~~~.</message>
                      <stack-trace>at { Invoke-QuickRollback -RollbackType "LastCommit" -DryRun } | Should -Not -Throw, $env:PROJECT_ROOT\tests\unit\modules\PatchManager\PatchManager-Core.Tests.ps1:158
at Invoke-Assertion, C:\Users\alexa\OneDrive\Documents\PowerShell\Modules\Pester\5.7.1\Pester.psm1:8257
at Should&lt;End&gt;, C:\Users\alexa\OneDrive\Documents\PowerShell\Modules\Pester\5.7.1\Pester.psm1:8193
at &lt;ScriptBlock&gt;, $env:PROJECT_ROOT\tests\unit\modules\PatchManager\PatchManager-Core.Tests.ps1:158
at &lt;ScriptBlock&gt;, C:\Users\alexa\OneDrive\Documents\PowerShell\Modules\Pester\5.7.1\Pester.psm1:2024
at &lt;ScriptBlock&gt;, C:\Users\alexa\OneDrive\Documents\PowerShell\Modules\Pester\5.7.1\Pester.psm1:1985
at Invoke-ScriptBlock, C:\Users\alexa\OneDrive\Documents\PowerShell\Modules\Pester\5.7.1\Pester.psm1:2157
at Invoke-TestItem, C:\Users\alexa\OneDrive\Documents\PowerShell\Modules\Pester\5.7.1\Pester.psm1:1199
at Invoke-Block, C:\Users\alexa\OneDrive\Documents\PowerShell\Modules\Pester\5.7.1\Pester.psm1:835
at &lt;ScriptBlock&gt;, C:\Users\alexa\OneDrive\Documents\PowerShell\Modules\Pester\5.7.1\Pester.psm1:893
at &lt;ScriptBlock&gt;, C:\Users\alexa\OneDrive\Documents\PowerShell\Modules\Pester\5.7.1\Pester.psm1:2024
at &lt;ScriptBlock&gt;, C:\Users\alexa\OneDrive\Documents\PowerShell\Modules\Pester\5.7.1\Pester.psm1:1985
at Invoke-ScriptBlock, C:\Users\alexa\OneDrive\Documents\PowerShell\Modules\Pester\5.7.1\Pester.psm1:2160
at Invoke-Block, C:\Users\alexa\OneDrive\Documents\PowerShell\Modules\Pester\5.7.1\Pester.psm1:940
at &lt;ScriptBlock&gt;, C:\Users\alexa\OneDrive\Documents\PowerShell\Modules\Pester\5.7.1\Pester.psm1:893
at &lt;ScriptBlock&gt;, C:\Users\alexa\OneDrive\Documents\PowerShell\Modules\Pester\5.7.1\Pester.psm1:2024
at &lt;ScriptBlock&gt;, C:\Users\alexa\OneDrive\Documents\PowerShell\Modules\Pester\5.7.1\Pester.psm1:1985
at Invoke-ScriptBlock, C:\Users\alexa\OneDrive\Documents\PowerShell\Modules\Pester\5.7.1\Pester.psm1:2160
at Invoke-Block, C:\Users\alexa\OneDrive\Documents\PowerShell\Modules\Pester\5.7.1\Pester.psm1:940
at &lt;ScriptBlock&gt;, C:\Users\alexa\OneDrive\Documents\PowerShell\Modules\Pester\5.7.1\Pester.psm1:893
at &lt;ScriptBlock&gt;, C:\Users\alexa\OneDrive\Documents\PowerShell\Modules\Pester\5.7.1\Pester.psm1:2024
at &lt;ScriptBlock&gt;, C:\Users\alexa\OneDrive\Documents\PowerShell\Modules\Pester\5.7.1\Pester.psm1:1985
at Invoke-ScriptBlock, C:\Users\alexa\OneDrive\Documents\PowerShell\Modules\Pester\5.7.1\Pester.psm1:2160
at Invoke-Block, C:\Users\alexa\OneDrive\Documents\PowerShell\Modules\Pester\5.7.1\Pester.psm1:940
at &lt;ScriptBlock&gt;, C:\Users\alexa\OneDrive\Documents\PowerShell\Modules\Pester\5.7.1\Pester.psm1:1688
at &lt;ScriptBlock&gt;, C:\Users\alexa\OneDrive\Documents\PowerShell\Modules\Pester\5.7.1\Pester.ps1:3
at &lt;ScriptBlock&gt;, C:\Users\alexa\OneDrive\Documents\PowerShell\Modules\Pester\5.7.1\Pester.psm1:3260
at Invoke-InNewScriptScope, C:\Users\alexa\OneDrive\Documents\PowerShell\Modules\Pester\5.7.1\Pester.psm1:3267
at Run-Test, C:\Users\alexa\OneDrive\Documents\PowerShell\Modules\Pester\5.7.1\Pester.psm1:1691
at Invoke-Test, C:\Users\alexa\OneDrive\Documents\PowerShell\Modules\Pester\5.7.1\Pester.psm1:2512
at Invoke-Pester&lt;End&gt;, C:\Users\alexa\OneDrive\Documents\PowerShell\Modules\Pester\5.7.1\Pester.psm1:4960
at &lt;ScriptBlock&gt;, &lt;No file&gt;:1</stack-trace>
                    </failure>
                  </test-case>
                  <test-case description="Should accept CreateBackup parameter" name="PatchManager Core Functions.Invoke-QuickRollback.Should accept CreateBackup parameter" time="0.0182" asserts="0" success="False" result="Failure" executed="True">
                    <failure>
                      <message>Expected no exception to be thrown, but an exception "A parameter cannot be found that matches parameter name 'DryRun'." was thrown from $env:PROJECT_ROOT\tests\unit\modules\PatchManager\PatchManager-Core.Tests.ps1:161 char:77
    + … uickRollback -RollbackType "LastCommit" -CreateBackup -DryRun } | Sho …
    +                                                         ~~~~~~~.</message>
                      <stack-trace>at { Invoke-QuickRollback -RollbackType "LastCommit" -CreateBackup -DryRun } | Should -Not -Throw, $env:PROJECT_ROOT\tests\unit\modules\PatchManager\PatchManager-Core.Tests.ps1:161
at Invoke-Assertion, C:\Users\alexa\OneDrive\Documents\PowerShell\Modules\Pester\5.7.1\Pester.psm1:8257
at Should&lt;End&gt;, C:\Users\alexa\OneDrive\Documents\PowerShell\Modules\Pester\5.7.1\Pester.psm1:8193
at &lt;ScriptBlock&gt;, $env:PROJECT_ROOT\tests\unit\modules\PatchManager\PatchManager-Core.Tests.ps1:161
at &lt;ScriptBlock&gt;, C:\Users\alexa\OneDrive\Documents\PowerShell\Modules\Pester\5.7.1\Pester.psm1:2024
at &lt;ScriptBlock&gt;, C:\Users\alexa\OneDrive\Documents\PowerShell\Modules\Pester\5.7.1\Pester.psm1:1985
at Invoke-ScriptBlock, C:\Users\alexa\OneDrive\Documents\PowerShell\Modules\Pester\5.7.1\Pester.psm1:2157
at Invoke-TestItem, C:\Users\alexa\OneDrive\Documents\PowerShell\Modules\Pester\5.7.1\Pester.psm1:1199
at Invoke-Block, C:\Users\alexa\OneDrive\Documents\PowerShell\Modules\Pester\5.7.1\Pester.psm1:835
at &lt;ScriptBlock&gt;, C:\Users\alexa\OneDrive\Documents\PowerShell\Modules\Pester\5.7.1\Pester.psm1:893
at &lt;ScriptBlock&gt;, C:\Users\alexa\OneDrive\Documents\PowerShell\Modules\Pester\5.7.1\Pester.psm1:2024
at &lt;ScriptBlock&gt;, C:\Users\alexa\OneDrive\Documents\PowerShell\Modules\Pester\5.7.1\Pester.psm1:1985
at Invoke-ScriptBlock, C:\Users\alexa\OneDrive\Documents\PowerShell\Modules\Pester\5.7.1\Pester.psm1:2160
at Invoke-Block, C:\Users\alexa\OneDrive\Documents\PowerShell\Modules\Pester\5.7.1\Pester.psm1:940
at &lt;ScriptBlock&gt;, C:\Users\alexa\OneDrive\Documents\PowerShell\Modules\Pester\5.7.1\Pester.psm1:893
at &lt;ScriptBlock&gt;, C:\Users\alexa\OneDrive\Documents\PowerShell\Modules\Pester\5.7.1\Pester.psm1:2024
at &lt;ScriptBlock&gt;, C:\Users\alexa\OneDrive\Documents\PowerShell\Modules\Pester\5.7.1\Pester.psm1:1985
at Invoke-ScriptBlock, C:\Users\alexa\OneDrive\Documents\PowerShell\Modules\Pester\5.7.1\Pester.psm1:2160
at Invoke-Block, C:\Users\alexa\OneDrive\Documents\PowerShell\Modules\Pester\5.7.1\Pester.psm1:940
at &lt;ScriptBlock&gt;, C:\Users\alexa\OneDrive\Documents\PowerShell\Modules\Pester\5.7.1\Pester.psm1:893
at &lt;ScriptBlock&gt;, C:\Users\alexa\OneDrive\Documents\PowerShell\Modules\Pester\5.7.1\Pester.psm1:2024
at &lt;ScriptBlock&gt;, C:\Users\alexa\OneDrive\Documents\PowerShell\Modules\Pester\5.7.1\Pester.psm1:1985
at Invoke-ScriptBlock, C:\Users\alexa\OneDrive\Documents\PowerShell\Modules\Pester\5.7.1\Pester.psm1:2160
at Invoke-Block, C:\Users\alexa\OneDrive\Documents\PowerShell\Modules\Pester\5.7.1\Pester.psm1:940
at &lt;ScriptBlock&gt;, C:\Users\alexa\OneDrive\Documents\PowerShell\Modules\Pester\5.7.1\Pester.psm1:1688
at &lt;ScriptBlock&gt;, C:\Users\alexa\OneDrive\Documents\PowerShell\Modules\Pester\5.7.1\Pester.ps1:3
at &lt;ScriptBlock&gt;, C:\Users\alexa\OneDrive\Documents\PowerShell\Modules\Pester\5.7.1\Pester.psm1:3260
at Invoke-InNewScriptScope, C:\Users\alexa\OneDrive\Documents\PowerShell\Modules\Pester\5.7.1\Pester.psm1:3267
at Run-Test, C:\Users\alexa\OneDrive\Documents\PowerShell\Modules\Pester\5.7.1\Pester.psm1:1691
at Invoke-Test, C:\Users\alexa\OneDrive\Documents\PowerShell\Modules\Pester\5.7.1\Pester.psm1:2512
at Invoke-Pester&lt;End&gt;, C:\Users\alexa\OneDrive\Documents\PowerShell\Modules\Pester\5.7.1\Pester.psm1:4960
at &lt;ScriptBlock&gt;, &lt;No file&gt;:1</stack-trace>
                    </failure>
                  </test-case>
                </results>
              </test-suite>
            </results>
          </test-suite>
          <test-suite type="TestFixture" name="PatchManager Integration Tests" executed="True" result="Success" success="True" time="1.1845" asserts="0" description="PatchManager Integration Tests">
            <results>
              <test-suite type="TestFixture" name="PatchManager Integration Tests.Module Loading" executed="True" result="Success" success="True" time="0.0242" asserts="0" description="PatchManager Integration Tests.Module Loading">
                <results>
                  <test-case description="Should have imported PatchManager functions" name="PatchManager Integration Tests.Module Loading.Should have imported PatchManager functions" time="0.0109" asserts="0" success="True" result="Success" executed="True" />
                  <test-case description="Should have core functions available" name="PatchManager Integration Tests.Module Loading.Should have core functions available" time="0.0106" asserts="0" success="True" result="Success" executed="True" />
                </results>
              </test-suite>
              <test-suite type="TestFixture" name="PatchManager Integration Tests.Cross-Platform Environment" executed="True" result="Success" success="True" time="0.0437" asserts="0" description="PatchManager Integration Tests.Cross-Platform Environment">
                <results>
                  <test-case description="Should handle cross-platform paths correctly" name="PatchManager Integration Tests.Cross-Platform Environment.Should handle cross-platform paths correctly" time="0.017" asserts="0" success="True" result="Success" executed="True" />
                </results>
              </test-suite>
            </results>
          </test-suite>
          <test-suite type="TestFixture" name="PatchManager Error Handling" executed="True" result="Failure" success="False" time="1.2873" asserts="0" description="PatchManager Error Handling">
            <results>
              <test-suite type="TestFixture" name="PatchManager Error Handling.Invalid Parameters" executed="True" result="Success" success="True" time="0.0342" asserts="0" description="PatchManager Error Handling.Invalid Parameters">
                <results>
                  <test-case description="Should handle invalid patch description gracefully" name="PatchManager Error Handling.Invalid Parameters.Should handle invalid patch description gracefully" time="0.0148" asserts="0" success="True" result="Success" executed="True" />
                  <test-case description="Should handle invalid rollback type gracefully" name="PatchManager Error Handling.Invalid Parameters.Should handle invalid rollback type gracefully" time="0.0169" asserts="0" success="True" result="Success" executed="True" />
                </results>
              </test-suite>
              <test-suite type="TestFixture" name="PatchManager Error Handling.Environment Validation" executed="True" result="Failure" success="False" time="0.1006" asserts="0" description="PatchManager Error Handling.Environment Validation">
                <results>
                  <test-case description="Should detect missing git command" name="PatchManager Error Handling.Environment Validation.Should detect missing git command" time="0.0633" asserts="0" success="False" result="Failure" executed="True">
                    <failure>
                      <message>Expected 'git' to be found in collection $null, but it was not found.</message>
                      <stack-trace>at $result.CommandsMissing | Should -Contain "git", $env:PROJECT_ROOT\tests\unit\modules\PatchManager\PatchManager-Core.Tests.ps1:219
at Invoke-Assertion, C:\Users\alexa\OneDrive\Documents\PowerShell\Modules\Pester\5.7.1\Pester.psm1:8257
at Should&lt;End&gt;, C:\Users\alexa\OneDrive\Documents\PowerShell\Modules\Pester\5.7.1\Pester.psm1:8186
at &lt;ScriptBlock&gt;, $env:PROJECT_ROOT\tests\unit\modules\PatchManager\PatchManager-Core.Tests.ps1:219
at &lt;ScriptBlock&gt;, C:\Users\alexa\OneDrive\Documents\PowerShell\Modules\Pester\5.7.1\Pester.psm1:2024
at &lt;ScriptBlock&gt;, C:\Users\alexa\OneDrive\Documents\PowerShell\Modules\Pester\5.7.1\Pester.psm1:1985
at Invoke-ScriptBlock, C:\Users\alexa\OneDrive\Documents\PowerShell\Modules\Pester\5.7.1\Pester.psm1:2157
at Invoke-TestItem, C:\Users\alexa\OneDrive\Documents\PowerShell\Modules\Pester\5.7.1\Pester.psm1:1199
at Invoke-Block, C:\Users\alexa\OneDrive\Documents\PowerShell\Modules\Pester\5.7.1\Pester.psm1:835
at &lt;ScriptBlock&gt;, C:\Users\alexa\OneDrive\Documents\PowerShell\Modules\Pester\5.7.1\Pester.psm1:893
at &lt;ScriptBlock&gt;, C:\Users\alexa\OneDrive\Documents\PowerShell\Modules\Pester\5.7.1\Pester.psm1:2024
at &lt;ScriptBlock&gt;, C:\Users\alexa\OneDrive\Documents\PowerShell\Modules\Pester\5.7.1\Pester.psm1:1985
at Invoke-ScriptBlock, C:\Users\alexa\OneDrive\Documents\PowerShell\Modules\Pester\5.7.1\Pester.psm1:2160
at Invoke-Block, C:\Users\alexa\OneDrive\Documents\PowerShell\Modules\Pester\5.7.1\Pester.psm1:940
at &lt;ScriptBlock&gt;, C:\Users\alexa\OneDrive\Documents\PowerShell\Modules\Pester\5.7.1\Pester.psm1:893
at &lt;ScriptBlock&gt;, C:\Users\alexa\OneDrive\Documents\PowerShell\Modules\Pester\5.7.1\Pester.psm1:2024
at &lt;ScriptBlock&gt;, C:\Users\alexa\OneDrive\Documents\PowerShell\Modules\Pester\5.7.1\Pester.psm1:1985
at Invoke-ScriptBlock, C:\Users\alexa\OneDrive\Documents\PowerShell\Modules\Pester\5.7.1\Pester.psm1:2160
at Invoke-Block, C:\Users\alexa\OneDrive\Documents\PowerShell\Modules\Pester\5.7.1\Pester.psm1:940
at &lt;ScriptBlock&gt;, C:\Users\alexa\OneDrive\Documents\PowerShell\Modules\Pester\5.7.1\Pester.psm1:893
at &lt;ScriptBlock&gt;, C:\Users\alexa\OneDrive\Documents\PowerShell\Modules\Pester\5.7.1\Pester.psm1:2024
at &lt;ScriptBlock&gt;, C:\Users\alexa\OneDrive\Documents\PowerShell\Modules\Pester\5.7.1\Pester.psm1:1985
at Invoke-ScriptBlock, C:\Users\alexa\OneDrive\Documents\PowerShell\Modules\Pester\5.7.1\Pester.psm1:2160
at Invoke-Block, C:\Users\alexa\OneDrive\Documents\PowerShell\Modules\Pester\5.7.1\Pester.psm1:940
at &lt;ScriptBlock&gt;, C:\Users\alexa\OneDrive\Documents\PowerShell\Modules\Pester\5.7.1\Pester.psm1:1688
at &lt;ScriptBlock&gt;, C:\Users\alexa\OneDrive\Documents\PowerShell\Modules\Pester\5.7.1\Pester.ps1:3
at &lt;ScriptBlock&gt;, C:\Users\alexa\OneDrive\Documents\PowerShell\Modules\Pester\5.7.1\Pester.psm1:3260
at Invoke-InNewScriptScope, C:\Users\alexa\OneDrive\Documents\PowerShell\Modules\Pester\5.7.1\Pester.psm1:3267
at Run-Test, C:\Users\alexa\OneDrive\Documents\PowerShell\Modules\Pester\5.7.1\Pester.psm1:1691
at Invoke-Test, C:\Users\alexa\OneDrive\Documents\PowerShell\Modules\Pester\5.7.1\Pester.psm1:2512
at Invoke-Pester&lt;End&gt;, C:\Users\alexa\OneDrive\Documents\PowerShell\Modules\Pester\5.7.1\Pester.psm1:4960
at &lt;ScriptBlock&gt;, &lt;No file&gt;:1</stack-trace>
                    </failure>
                  </test-case>
                </results>
              </test-suite>
            </results>
          </test-suite>
        </results>
      </test-suite>
      <test-suite type="TestFixture" name="$env:PROJECT_ROOT\tests\unit\modules\PatchManager\PatchManager-GitOperations.Tests.ps1" executed="True" result="Failure" success="False" time="1.4694" asserts="0" description="$env:PROJECT_ROOT\tests\unit\modules\PatchManager\PatchManager-GitOperations.Tests.ps1">
        <results>
          <test-suite type="TestFixture" name="PatchManager Git Operations" executed="True" result="Failure" success="False" time="0.7141" asserts="0" description="PatchManager Git Operations">
            <results>
              <test-suite type="TestFixture" name="PatchManager Git Operations.Invoke-GitControlledPatch - Basic Operations" executed="True" result="Failure" success="False" time="0.3586" asserts="0" description="PatchManager Git Operations.Invoke-GitControlledPatch - Basic Operations">
                <results>
                  <test-case description="Should validate working tree is clean" name="PatchManager Git Operations.Invoke-GitControlledPatch - Basic Operations.Should validate working tree is clean" time="0.078" asserts="0" success="True" result="Success" executed="True" />
                  <test-case description="Should handle dirty working tree with Force parameter" name="PatchManager Git Operations.Invoke-GitControlledPatch - Basic Operations.Should handle dirty working tree with Force parameter" time="0.074" asserts="0" success="True" result="Success" executed="True" />
                  <test-case description="Should create new branch for patch" name="PatchManager Git Operations.Invoke-GitControlledPatch - Basic Operations.Should create new branch for patch" time="0.0708" asserts="0" success="False" result="Failure" executed="True">
                    <failure>
                      <message>Expected @('checkout', '-b', $null) to be found in collection @(@('diff', '--name-only', '--diff-filter=U')), but it was not found.</message>
                      <stack-trace>at $script:gitCalls | Should -Contain @("checkout", "-b", $script:createdBranches[0]), $env:PROJECT_ROOT\tests\unit\modules\PatchManager\PatchManager-GitOperations.Tests.ps1:149
at Invoke-Assertion, C:\Users\alexa\OneDrive\Documents\PowerShell\Modules\Pester\5.7.1\Pester.psm1:8257
at Should&lt;End&gt;, C:\Users\alexa\OneDrive\Documents\PowerShell\Modules\Pester\5.7.1\Pester.psm1:8189
at &lt;ScriptBlock&gt;, $env:PROJECT_ROOT\tests\unit\modules\PatchManager\PatchManager-GitOperations.Tests.ps1:149
at &lt;ScriptBlock&gt;, C:\Users\alexa\OneDrive\Documents\PowerShell\Modules\Pester\5.7.1\Pester.psm1:2024
at &lt;ScriptBlock&gt;, C:\Users\alexa\OneDrive\Documents\PowerShell\Modules\Pester\5.7.1\Pester.psm1:1985
at Invoke-ScriptBlock, C:\Users\alexa\OneDrive\Documents\PowerShell\Modules\Pester\5.7.1\Pester.psm1:2157
at Invoke-TestItem, C:\Users\alexa\OneDrive\Documents\PowerShell\Modules\Pester\5.7.1\Pester.psm1:1199
at Invoke-Block, C:\Users\alexa\OneDrive\Documents\PowerShell\Modules\Pester\5.7.1\Pester.psm1:835
at &lt;ScriptBlock&gt;, C:\Users\alexa\OneDrive\Documents\PowerShell\Modules\Pester\5.7.1\Pester.psm1:893
at &lt;ScriptBlock&gt;, C:\Users\alexa\OneDrive\Documents\PowerShell\Modules\Pester\5.7.1\Pester.psm1:2024
at &lt;ScriptBlock&gt;, C:\Users\alexa\OneDrive\Documents\PowerShell\Modules\Pester\5.7.1\Pester.psm1:1985
at Invoke-ScriptBlock, C:\Users\alexa\OneDrive\Documents\PowerShell\Modules\Pester\5.7.1\Pester.psm1:2160
at Invoke-Block, C:\Users\alexa\OneDrive\Documents\PowerShell\Modules\Pester\5.7.1\Pester.psm1:940
at &lt;ScriptBlock&gt;, C:\Users\alexa\OneDrive\Documents\PowerShell\Modules\Pester\5.7.1\Pester.psm1:893
at &lt;ScriptBlock&gt;, C:\Users\alexa\OneDrive\Documents\PowerShell\Modules\Pester\5.7.1\Pester.psm1:2024
at &lt;ScriptBlock&gt;, C:\Users\alexa\OneDrive\Documents\PowerShell\Modules\Pester\5.7.1\Pester.psm1:1985
at Invoke-ScriptBlock, C:\Users\alexa\OneDrive\Documents\PowerShell\Modules\Pester\5.7.1\Pester.psm1:2160
at Invoke-Block, C:\Users\alexa\OneDrive\Documents\PowerShell\Modules\Pester\5.7.1\Pester.psm1:940
at &lt;ScriptBlock&gt;, C:\Users\alexa\OneDrive\Documents\PowerShell\Modules\Pester\5.7.1\Pester.psm1:893
at &lt;ScriptBlock&gt;, C:\Users\alexa\OneDrive\Documents\PowerShell\Modules\Pester\5.7.1\Pester.psm1:2024
at &lt;ScriptBlock&gt;, C:\Users\alexa\OneDrive\Documents\PowerShell\Modules\Pester\5.7.1\Pester.psm1:1985
at Invoke-ScriptBlock, C:\Users\alexa\OneDrive\Documents\PowerShell\Modules\Pester\5.7.1\Pester.psm1:2160
at Invoke-Block, C:\Users\alexa\OneDrive\Documents\PowerShell\Modules\Pester\5.7.1\Pester.psm1:940
at &lt;ScriptBlock&gt;, C:\Users\alexa\OneDrive\Documents\PowerShell\Modules\Pester\5.7.1\Pester.psm1:1688
at &lt;ScriptBlock&gt;, C:\Users\alexa\OneDrive\Documents\PowerShell\Modules\Pester\5.7.1\Pester.ps1:3
at &lt;ScriptBlock&gt;, C:\Users\alexa\OneDrive\Documents\PowerShell\Modules\Pester\5.7.1\Pester.psm1:3260
at Invoke-InNewScriptScope, C:\Users\alexa\OneDrive\Documents\PowerShell\Modules\Pester\5.7.1\Pester.psm1:3267
at Run-Test, C:\Users\alexa\OneDrive\Documents\PowerShell\Modules\Pester\5.7.1\Pester.psm1:1691
at Invoke-Test, C:\Users\alexa\OneDrive\Documents\PowerShell\Modules\Pester\5.7.1\Pester.psm1:2512
at Invoke-Pester&lt;End&gt;, C:\Users\alexa\OneDrive\Documents\PowerShell\Modules\Pester\5.7.1\Pester.psm1:4960
at &lt;ScriptBlock&gt;, &lt;No file&gt;:1</stack-trace>
                    </failure>
                  </test-case>
                  <test-case description="Should execute patch operation" name="PatchManager Git Operations.Invoke-GitControlledPatch - Basic Operations.Should execute patch operation" time="0.0644" asserts="0" success="False" result="Failure" executed="True">
                    <failure>
                      <message>Expected 'Patch executed', but got $null.</message>
                      <stack-trace>at $script:testOutput | Should -Be "Patch executed", $env:PROJECT_ROOT\tests\unit\modules\PatchManager\PatchManager-GitOperations.Tests.ps1:159
at Invoke-Assertion, C:\Users\alexa\OneDrive\Documents\PowerShell\Modules\Pester\5.7.1\Pester.psm1:8257
at Should&lt;End&gt;, C:\Users\alexa\OneDrive\Documents\PowerShell\Modules\Pester\5.7.1\Pester.psm1:8189
at &lt;ScriptBlock&gt;, $env:PROJECT_ROOT\tests\unit\modules\PatchManager\PatchManager-GitOperations.Tests.ps1:159
at &lt;ScriptBlock&gt;, C:\Users\alexa\OneDrive\Documents\PowerShell\Modules\Pester\5.7.1\Pester.psm1:2024
at &lt;ScriptBlock&gt;, C:\Users\alexa\OneDrive\Documents\PowerShell\Modules\Pester\5.7.1\Pester.psm1:1985
at Invoke-ScriptBlock, C:\Users\alexa\OneDrive\Documents\PowerShell\Modules\Pester\5.7.1\Pester.psm1:2157
at Invoke-TestItem, C:\Users\alexa\OneDrive\Documents\PowerShell\Modules\Pester\5.7.1\Pester.psm1:1199
at Invoke-Block, C:\Users\alexa\OneDrive\Documents\PowerShell\Modules\Pester\5.7.1\Pester.psm1:835
at &lt;ScriptBlock&gt;, C:\Users\alexa\OneDrive\Documents\PowerShell\Modules\Pester\5.7.1\Pester.psm1:893
at &lt;ScriptBlock&gt;, C:\Users\alexa\OneDrive\Documents\PowerShell\Modules\Pester\5.7.1\Pester.psm1:2024
at &lt;ScriptBlock&gt;, C:\Users\alexa\OneDrive\Documents\PowerShell\Modules\Pester\5.7.1\Pester.psm1:1985
at Invoke-ScriptBlock, C:\Users\alexa\OneDrive\Documents\PowerShell\Modules\Pester\5.7.1\Pester.psm1:2160
at Invoke-Block, C:\Users\alexa\OneDrive\Documents\PowerShell\Modules\Pester\5.7.1\Pester.psm1:940
at &lt;ScriptBlock&gt;, C:\Users\alexa\OneDrive\Documents\PowerShell\Modules\Pester\5.7.1\Pester.psm1:893
at &lt;ScriptBlock&gt;, C:\Users\alexa\OneDrive\Documents\PowerShell\Modules\Pester\5.7.1\Pester.psm1:2024
at &lt;ScriptBlock&gt;, C:\Users\alexa\OneDrive\Documents\PowerShell\Modules\Pester\5.7.1\Pester.psm1:1985
at Invoke-ScriptBlock, C:\Users\alexa\OneDrive\Documents\PowerShell\Modules\Pester\5.7.1\Pester.psm1:2160
at Invoke-Block, C:\Users\alexa\OneDrive\Documents\PowerShell\Modules\Pester\5.7.1\Pester.psm1:940
at &lt;ScriptBlock&gt;, C:\Users\alexa\OneDrive\Documents\PowerShell\Modules\Pester\5.7.1\Pester.psm1:893
at &lt;ScriptBlock&gt;, C:\Users\alexa\OneDrive\Documents\PowerShell\Modules\Pester\5.7.1\Pester.psm1:2024
at &lt;ScriptBlock&gt;, C:\Users\alexa\OneDrive\Documents\PowerShell\Modules\Pester\5.7.1\Pester.psm1:1985
at Invoke-ScriptBlock, C:\Users\alexa\OneDrive\Documents\PowerShell\Modules\Pester\5.7.1\Pester.psm1:2160
at Invoke-Block, C:\Users\alexa\OneDrive\Documents\PowerShell\Modules\Pester\5.7.1\Pester.psm1:940
at &lt;ScriptBlock&gt;, C:\Users\alexa\OneDrive\Documents\PowerShell\Modules\Pester\5.7.1\Pester.psm1:1688
at &lt;ScriptBlock&gt;, C:\Users\alexa\OneDrive\Documents\PowerShell\Modules\Pester\5.7.1\Pester.ps1:3
at &lt;ScriptBlock&gt;, C:\Users\alexa\OneDrive\Documents\PowerShell\Modules\Pester\5.7.1\Pester.psm1:3260
at Invoke-InNewScriptScope, C:\Users\alexa\OneDrive\Documents\PowerShell\Modules\Pester\5.7.1\Pester.psm1:3267
at Run-Test, C:\Users\alexa\OneDrive\Documents\PowerShell\Modules\Pester\5.7.1\Pester.psm1:1691
at Invoke-Test, C:\Users\alexa\OneDrive\Documents\PowerShell\Modules\Pester\5.7.1\Pester.psm1:2512
at Invoke-Pester&lt;End&gt;, C:\Users\alexa\OneDrive\Documents\PowerShell\Modules\Pester\5.7.1\Pester.psm1:4960
at &lt;ScriptBlock&gt;, &lt;No file&gt;:1</stack-trace>
                    </failure>
                  </test-case>
                  <test-case description="Should create pull request when requested" name="PatchManager Git Operations.Invoke-GitControlledPatch - Basic Operations.Should create pull request when requested" time="0.0684" asserts="0" success="True" result="Success" executed="True" />
                </results>
              </test-suite>
              <test-suite type="TestFixture" name="PatchManager Git Operations.Invoke-GitControlledPatch - Advanced Features" executed="True" result="Failure" success="False" time="0.548" asserts="0" description="PatchManager Git Operations.Invoke-GitControlledPatch - Advanced Features">
                <results>
                  <test-case description="Should handle affected files parameter" name="PatchManager Git Operations.Invoke-GitControlledPatch - Advanced Features.Should handle affected files parameter" time="0.0737" asserts="0" success="True" result="Success" executed="True" />
                  <test-case description="Should skip validation when requested" name="PatchManager Git Operations.Invoke-GitControlledPatch - Advanced Features.Should skip validation when requested" time="0.022" asserts="0" success="True" result="Success" executed="True" />
                  <test-case description="Should handle custom base branch" name="PatchManager Git Operations.Invoke-GitControlledPatch - Advanced Features.Should handle custom base branch" time="0.0724" asserts="0" success="True" result="Success" executed="True" />
                  <test-case description="Should auto-commit uncommitted changes when requested" name="PatchManager Git Operations.Invoke-GitControlledPatch - Advanced Features.Should auto-commit uncommitted changes when requested" time="0.0187" asserts="0" success="False" result="Failure" executed="True">
                    <failure>
                      <message>Expected no exception to be thrown, but an exception "A parameter cannot be found that matches parameter name 'AutoCommitUncommitted'." was thrown from $env:PROJECT_ROOT\tests\unit\modules\PatchManager\PatchManager-GitOperations.Tests.ps1:196 char:111
    + … ommit" -PatchOperation $patchOperation -AutoCommitUncommitted -Force  …
    +                                          ~~~~~~~~~~~~~~~~~~~~~~.</message>
                      <stack-trace>at { Invoke-GitControlledPatch -PatchDescription "test: auto commit" -PatchOperation $patchOperation -AutoCommitUncommitted -Force -DryRun } | Should -Not -Throw, $env:PROJECT_ROOT\tests\unit\modules\PatchManager\PatchManager-GitOperations.Tests.ps1:196
at Invoke-Assertion, C:\Users\alexa\OneDrive\Documents\PowerShell\Modules\Pester\5.7.1\Pester.psm1:8257
at Should&lt;End&gt;, C:\Users\alexa\OneDrive\Documents\PowerShell\Modules\Pester\5.7.1\Pester.psm1:8193
at &lt;ScriptBlock&gt;, $env:PROJECT_ROOT\tests\unit\modules\PatchManager\PatchManager-GitOperations.Tests.ps1:196
at &lt;ScriptBlock&gt;, C:\Users\alexa\OneDrive\Documents\PowerShell\Modules\Pester\5.7.1\Pester.psm1:2024
at &lt;ScriptBlock&gt;, C:\Users\alexa\OneDrive\Documents\PowerShell\Modules\Pester\5.7.1\Pester.psm1:1985
at Invoke-ScriptBlock, C:\Users\alexa\OneDrive\Documents\PowerShell\Modules\Pester\5.7.1\Pester.psm1:2157
at Invoke-TestItem, C:\Users\alexa\OneDrive\Documents\PowerShell\Modules\Pester\5.7.1\Pester.psm1:1199
at Invoke-Block, C:\Users\alexa\OneDrive\Documents\PowerShell\Modules\Pester\5.7.1\Pester.psm1:835
at &lt;ScriptBlock&gt;, C:\Users\alexa\OneDrive\Documents\PowerShell\Modules\Pester\5.7.1\Pester.psm1:893
at &lt;ScriptBlock&gt;, C:\Users\alexa\OneDrive\Documents\PowerShell\Modules\Pester\5.7.1\Pester.psm1:2024
at &lt;ScriptBlock&gt;, C:\Users\alexa\OneDrive\Documents\PowerShell\Modules\Pester\5.7.1\Pester.psm1:1985
at Invoke-ScriptBlock, C:\Users\alexa\OneDrive\Documents\PowerShell\Modules\Pester\5.7.1\Pester.psm1:2160
at Invoke-Block, C:\Users\alexa\OneDrive\Documents\PowerShell\Modules\Pester\5.7.1\Pester.psm1:940
at &lt;ScriptBlock&gt;, C:\Users\alexa\OneDrive\Documents\PowerShell\Modules\Pester\5.7.1\Pester.psm1:893
at &lt;ScriptBlock&gt;, C:\Users\alexa\OneDrive\Documents\PowerShell\Modules\Pester\5.7.1\Pester.psm1:2024
at &lt;ScriptBlock&gt;, C:\Users\alexa\OneDrive\Documents\PowerShell\Modules\Pester\5.7.1\Pester.psm1:1985
at Invoke-ScriptBlock, C:\Users\alexa\OneDrive\Documents\PowerShell\Modules\Pester\5.7.1\Pester.psm1:2160
at Invoke-Block, C:\Users\alexa\OneDrive\Documents\PowerShell\Modules\Pester\5.7.1\Pester.psm1:940
at &lt;ScriptBlock&gt;, C:\Users\alexa\OneDrive\Documents\PowerShell\Modules\Pester\5.7.1\Pester.psm1:893
at &lt;ScriptBlock&gt;, C:\Users\alexa\OneDrive\Documents\PowerShell\Modules\Pester\5.7.1\Pester.psm1:2024
at &lt;ScriptBlock&gt;, C:\Users\alexa\OneDrive\Documents\PowerShell\Modules\Pester\5.7.1\Pester.psm1:1985
at Invoke-ScriptBlock, C:\Users\alexa\OneDrive\Documents\PowerShell\Modules\Pester\5.7.1\Pester.psm1:2160
at Invoke-Block, C:\Users\alexa\OneDrive\Documents\PowerShell\Modules\Pester\5.7.1\Pester.psm1:940
at &lt;ScriptBlock&gt;, C:\Users\alexa\OneDrive\Documents\PowerShell\Modules\Pester\5.7.1\Pester.psm1:1688
at &lt;ScriptBlock&gt;, C:\Users\alexa\OneDrive\Documents\PowerShell\Modules\Pester\5.7.1\Pester.ps1:3
at &lt;ScriptBlock&gt;, C:\Users\alexa\OneDrive\Documents\PowerShell\Modules\Pester\5.7.1\Pester.psm1:3260
at Invoke-InNewScriptScope, C:\Users\alexa\OneDrive\Documents\PowerShell\Modules\Pester\5.7.1\Pester.psm1:3267
at Run-Test, C:\Users\alexa\OneDrive\Documents\PowerShell\Modules\Pester\5.7.1\Pester.psm1:1691
at Invoke-Test, C:\Users\alexa\OneDrive\Documents\PowerShell\Modules\Pester\5.7.1\Pester.psm1:2512
at Invoke-Pester&lt;End&gt;, C:\Users\alexa\OneDrive\Documents\PowerShell\Modules\Pester\5.7.1\Pester.psm1:4960
at &lt;ScriptBlock&gt;, &lt;No file&gt;:1</stack-trace>
                    </failure>
                  </test-case>
                </results>
              </test-suite>
              <test-suite type="TestFixture" name="PatchManager Git Operations.New-PatchBranch Helper Function" executed="True" result="Failure" success="False" time="0.6285" asserts="0" description="PatchManager Git Operations.New-PatchBranch Helper Function">
                <results>
                  <test-case description="Should create branch with intelligent naming" name="PatchManager Git Operations.New-PatchBranch Helper Function.Should create branch with intelligent naming" time="0.0258" asserts="0" success="False" result="Failure" executed="True">
                    <failure>
                      <message>CommandNotFoundException: The term 'New-PatchBranch' is not recognized as a name of a cmdlet, function, script file, or executable program.
Check the spelling of the name, or if a path was included, verify that the path is correct and try again.</message>
                      <stack-trace>at &lt;ScriptBlock&gt;, $env:PROJECT_ROOT\tests\unit\modules\PatchManager\PatchManager-GitOperations.Tests.ps1:202
at &lt;ScriptBlock&gt;, C:\Users\alexa\OneDrive\Documents\PowerShell\Modules\Pester\5.7.1\Pester.psm1:2024
at &lt;ScriptBlock&gt;, C:\Users\alexa\OneDrive\Documents\PowerShell\Modules\Pester\5.7.1\Pester.psm1:1985
at Invoke-ScriptBlock, C:\Users\alexa\OneDrive\Documents\PowerShell\Modules\Pester\5.7.1\Pester.psm1:2157
at Invoke-TestItem, C:\Users\alexa\OneDrive\Documents\PowerShell\Modules\Pester\5.7.1\Pester.psm1:1199
at Invoke-Block, C:\Users\alexa\OneDrive\Documents\PowerShell\Modules\Pester\5.7.1\Pester.psm1:835
at &lt;ScriptBlock&gt;, C:\Users\alexa\OneDrive\Documents\PowerShell\Modules\Pester\5.7.1\Pester.psm1:893
at &lt;ScriptBlock&gt;, C:\Users\alexa\OneDrive\Documents\PowerShell\Modules\Pester\5.7.1\Pester.psm1:2024
at &lt;ScriptBlock&gt;, C:\Users\alexa\OneDrive\Documents\PowerShell\Modules\Pester\5.7.1\Pester.psm1:1985
at Invoke-ScriptBlock, C:\Users\alexa\OneDrive\Documents\PowerShell\Modules\Pester\5.7.1\Pester.psm1:2160
at Invoke-Block, C:\Users\alexa\OneDrive\Documents\PowerShell\Modules\Pester\5.7.1\Pester.psm1:940
at &lt;ScriptBlock&gt;, C:\Users\alexa\OneDrive\Documents\PowerShell\Modules\Pester\5.7.1\Pester.psm1:893
at &lt;ScriptBlock&gt;, C:\Users\alexa\OneDrive\Documents\PowerShell\Modules\Pester\5.7.1\Pester.psm1:2024
at &lt;ScriptBlock&gt;, C:\Users\alexa\OneDrive\Documents\PowerShell\Modules\Pester\5.7.1\Pester.psm1:1985
at Invoke-ScriptBlock, C:\Users\alexa\OneDrive\Documents\PowerShell\Modules\Pester\5.7.1\Pester.psm1:2160
at Invoke-Block, C:\Users\alexa\OneDrive\Documents\PowerShell\Modules\Pester\5.7.1\Pester.psm1:940
at &lt;ScriptBlock&gt;, C:\Users\alexa\OneDrive\Documents\PowerShell\Modules\Pester\5.7.1\Pester.psm1:893
at &lt;ScriptBlock&gt;, C:\Users\alexa\OneDrive\Documents\PowerShell\Modules\Pester\5.7.1\Pester.psm1:2024
at &lt;ScriptBlock&gt;, C:\Users\alexa\OneDrive\Documents\PowerShell\Modules\Pester\5.7.1\Pester.psm1:1985
at Invoke-ScriptBlock, C:\Users\alexa\OneDrive\Documents\PowerShell\Modules\Pester\5.7.1\Pester.psm1:2160
at Invoke-Block, C:\Users\alexa\OneDrive\Documents\PowerShell\Modules\Pester\5.7.1\Pester.psm1:940
at &lt;ScriptBlock&gt;, C:\Users\alexa\OneDrive\Documents\PowerShell\Modules\Pester\5.7.1\Pester.psm1:1688
at &lt;ScriptBlock&gt;, C:\Users\alexa\OneDrive\Documents\PowerShell\Modules\Pester\5.7.1\Pester.ps1:3
at &lt;ScriptBlock&gt;, C:\Users\alexa\OneDrive\Documents\PowerShell\Modules\Pester\5.7.1\Pester.psm1:3260
at Invoke-InNewScriptScope, C:\Users\alexa\OneDrive\Documents\PowerShell\Modules\Pester\5.7.1\Pester.psm1:3267
at Run-Test, C:\Users\alexa\OneDrive\Documents\PowerShell\Modules\Pester\5.7.1\Pester.psm1:1691
at Invoke-Test, C:\Users\alexa\OneDrive\Documents\PowerShell\Modules\Pester\5.7.1\Pester.psm1:2512
at Invoke-Pester&lt;End&gt;, C:\Users\alexa\OneDrive\Documents\PowerShell\Modules\Pester\5.7.1\Pester.psm1:4960
at &lt;ScriptBlock&gt;, &lt;No file&gt;:1</stack-trace>
                    </failure>
                  </test-case>
                  <test-case description="Should handle branch name conflicts" name="PatchManager Git Operations.New-PatchBranch Helper Function.Should handle branch name conflicts" time="0.0264" asserts="0" success="False" result="Failure" executed="True">
                    <failure>
                      <message>CommandNotFoundException: The term 'New-PatchBranch' is not recognized as a name of a cmdlet, function, script file, or executable program.
Check the spelling of the name, or if a path was included, verify that the path is correct and try again.</message>
                      <stack-trace>at &lt;ScriptBlock&gt;, $env:PROJECT_ROOT\tests\unit\modules\PatchManager\PatchManager-GitOperations.Tests.ps1:213
at &lt;ScriptBlock&gt;, C:\Users\alexa\OneDrive\Documents\PowerShell\Modules\Pester\5.7.1\Pester.psm1:2024
at &lt;ScriptBlock&gt;, C:\Users\alexa\OneDrive\Documents\PowerShell\Modules\Pester\5.7.1\Pester.psm1:1985
at Invoke-ScriptBlock, C:\Users\alexa\OneDrive\Documents\PowerShell\Modules\Pester\5.7.1\Pester.psm1:2157
at Invoke-TestItem, C:\Users\alexa\OneDrive\Documents\PowerShell\Modules\Pester\5.7.1\Pester.psm1:1199
at Invoke-Block, C:\Users\alexa\OneDrive\Documents\PowerShell\Modules\Pester\5.7.1\Pester.psm1:835
at &lt;ScriptBlock&gt;, C:\Users\alexa\OneDrive\Documents\PowerShell\Modules\Pester\5.7.1\Pester.psm1:893
at &lt;ScriptBlock&gt;, C:\Users\alexa\OneDrive\Documents\PowerShell\Modules\Pester\5.7.1\Pester.psm1:2024
at &lt;ScriptBlock&gt;, C:\Users\alexa\OneDrive\Documents\PowerShell\Modules\Pester\5.7.1\Pester.psm1:1985
at Invoke-ScriptBlock, C:\Users\alexa\OneDrive\Documents\PowerShell\Modules\Pester\5.7.1\Pester.psm1:2160
at Invoke-Block, C:\Users\alexa\OneDrive\Documents\PowerShell\Modules\Pester\5.7.1\Pester.psm1:940
at &lt;ScriptBlock&gt;, C:\Users\alexa\OneDrive\Documents\PowerShell\Modules\Pester\5.7.1\Pester.psm1:893
at &lt;ScriptBlock&gt;, C:\Users\alexa\OneDrive\Documents\PowerShell\Modules\Pester\5.7.1\Pester.psm1:2024
at &lt;ScriptBlock&gt;, C:\Users\alexa\OneDrive\Documents\PowerShell\Modules\Pester\5.7.1\Pester.psm1:1985
at Invoke-ScriptBlock, C:\Users\alexa\OneDrive\Documents\PowerShell\Modules\Pester\5.7.1\Pester.psm1:2160
at Invoke-Block, C:\Users\alexa\OneDrive\Documents\PowerShell\Modules\Pester\5.7.1\Pester.psm1:940
at &lt;ScriptBlock&gt;, C:\Users\alexa\OneDrive\Documents\PowerShell\Modules\Pester\5.7.1\Pester.psm1:893
at &lt;ScriptBlock&gt;, C:\Users\alexa\OneDrive\Documents\PowerShell\Modules\Pester\5.7.1\Pester.psm1:2024
at &lt;ScriptBlock&gt;, C:\Users\alexa\OneDrive\Documents\PowerShell\Modules\Pester\5.7.1\Pester.psm1:1985
at Invoke-ScriptBlock, C:\Users\alexa\OneDrive\Documents\PowerShell\Modules\Pester\5.7.1\Pester.psm1:2160
at Invoke-Block, C:\Users\alexa\OneDrive\Documents\PowerShell\Modules\Pester\5.7.1\Pester.psm1:940
at &lt;ScriptBlock&gt;, C:\Users\alexa\OneDrive\Documents\PowerShell\Modules\Pester\5.7.1\Pester.psm1:1688
at &lt;ScriptBlock&gt;, C:\Users\alexa\OneDrive\Documents\PowerShell\Modules\Pester\5.7.1\Pester.ps1:3
at &lt;ScriptBlock&gt;, C:\Users\alexa\OneDrive\Documents\PowerShell\Modules\Pester\5.7.1\Pester.psm1:3260
at Invoke-InNewScriptScope, C:\Users\alexa\OneDrive\Documents\PowerShell\Modules\Pester\5.7.1\Pester.psm1:3267
at Run-Test, C:\Users\alexa\OneDrive\Documents\PowerShell\Modules\Pester\5.7.1\Pester.psm1:1691
at Invoke-Test, C:\Users\alexa\OneDrive\Documents\PowerShell\Modules\Pester\5.7.1\Pester.psm1:2512
at Invoke-Pester&lt;End&gt;, C:\Users\alexa\OneDrive\Documents\PowerShell\Modules\Pester\5.7.1\Pester.psm1:4960
at &lt;ScriptBlock&gt;, &lt;No file&gt;:1</stack-trace>
                    </failure>
                  </test-case>
                  <test-case description="Should respect custom prefix" name="PatchManager Git Operations.New-PatchBranch Helper Function.Should respect custom prefix" time="0.0255" asserts="0" success="False" result="Failure" executed="True">
                    <failure>
                      <message>CommandNotFoundException: The term 'New-PatchBranch' is not recognized as a name of a cmdlet, function, script file, or executable program.
Check the spelling of the name, or if a path was included, verify that the path is correct and try again.</message>
                      <stack-trace>at &lt;ScriptBlock&gt;, $env:PROJECT_ROOT\tests\unit\modules\PatchManager\PatchManager-GitOperations.Tests.ps1:219
at &lt;ScriptBlock&gt;, C:\Users\alexa\OneDrive\Documents\PowerShell\Modules\Pester\5.7.1\Pester.psm1:2024
at &lt;ScriptBlock&gt;, C:\Users\alexa\OneDrive\Documents\PowerShell\Modules\Pester\5.7.1\Pester.psm1:1985
at Invoke-ScriptBlock, C:\Users\alexa\OneDrive\Documents\PowerShell\Modules\Pester\5.7.1\Pester.psm1:2157
at Invoke-TestItem, C:\Users\alexa\OneDrive\Documents\PowerShell\Modules\Pester\5.7.1\Pester.psm1:1199
at Invoke-Block, C:\Users\alexa\OneDrive\Documents\PowerShell\Modules\Pester\5.7.1\Pester.psm1:835
at &lt;ScriptBlock&gt;, C:\Users\alexa\OneDrive\Documents\PowerShell\Modules\Pester\5.7.1\Pester.psm1:893
at &lt;ScriptBlock&gt;, C:\Users\alexa\OneDrive\Documents\PowerShell\Modules\Pester\5.7.1\Pester.psm1:2024
at &lt;ScriptBlock&gt;, C:\Users\alexa\OneDrive\Documents\PowerShell\Modules\Pester\5.7.1\Pester.psm1:1985
at Invoke-ScriptBlock, C:\Users\alexa\OneDrive\Documents\PowerShell\Modules\Pester\5.7.1\Pester.psm1:2160
at Invoke-Block, C:\Users\alexa\OneDrive\Documents\PowerShell\Modules\Pester\5.7.1\Pester.psm1:940
at &lt;ScriptBlock&gt;, C:\Users\alexa\OneDrive\Documents\PowerShell\Modules\Pester\5.7.1\Pester.psm1:893
at &lt;ScriptBlock&gt;, C:\Users\alexa\OneDrive\Documents\PowerShell\Modules\Pester\5.7.1\Pester.psm1:2024
at &lt;ScriptBlock&gt;, C:\Users\alexa\OneDrive\Documents\PowerShell\Modules\Pester\5.7.1\Pester.psm1:1985
at Invoke-ScriptBlock, C:\Users\alexa\OneDrive\Documents\PowerShell\Modules\Pester\5.7.1\Pester.psm1:2160
at Invoke-Block, C:\Users\alexa\OneDrive\Documents\PowerShell\Modules\Pester\5.7.1\Pester.psm1:940
at &lt;ScriptBlock&gt;, C:\Users\alexa\OneDrive\Documents\PowerShell\Modules\Pester\5.7.1\Pester.psm1:893
at &lt;ScriptBlock&gt;, C:\Users\alexa\OneDrive\Documents\PowerShell\Modules\Pester\5.7.1\Pester.psm1:2024
at &lt;ScriptBlock&gt;, C:\Users\alexa\OneDrive\Documents\PowerShell\Modules\Pester\5.7.1\Pester.psm1:1985
at Invoke-ScriptBlock, C:\Users\alexa\OneDrive\Documents\PowerShell\Modules\Pester\5.7.1\Pester.psm1:2160
at Invoke-Block, C:\Users\alexa\OneDrive\Documents\PowerShell\Modules\Pester\5.7.1\Pester.psm1:940
at &lt;ScriptBlock&gt;, C:\Users\alexa\OneDrive\Documents\PowerShell\Modules\Pester\5.7.1\Pester.psm1:1688
at &lt;ScriptBlock&gt;, C:\Users\alexa\OneDrive\Documents\PowerShell\Modules\Pester\5.7.1\Pester.ps1:3
at &lt;ScriptBlock&gt;, C:\Users\alexa\OneDrive\Documents\PowerShell\Modules\Pester\5.7.1\Pester.psm1:3260
at Invoke-InNewScriptScope, C:\Users\alexa\OneDrive\Documents\PowerShell\Modules\Pester\5.7.1\Pester.psm1:3267
at Run-Test, C:\Users\alexa\OneDrive\Documents\PowerShell\Modules\Pester\5.7.1\Pester.psm1:1691
at Invoke-Test, C:\Users\alexa\OneDrive\Documents\PowerShell\Modules\Pester\5.7.1\Pester.psm1:2512
at Invoke-Pester&lt;End&gt;, C:\Users\alexa\OneDrive\Documents\PowerShell\Modules\Pester\5.7.1\Pester.psm1:4960
at &lt;ScriptBlock&gt;, &lt;No file&gt;:1</stack-trace>
                    </failure>
                  </test-case>
                </results>
              </test-suite>
              <test-suite type="TestFixture" name="PatchManager Git Operations.New-PatchCommit Helper Function" executed="True" result="Failure" success="False" time="0.7115" asserts="0" description="PatchManager Git Operations.New-PatchCommit Helper Function">
                <results>
                  <test-case description="Should create commit with proper format" name="PatchManager Git Operations.New-PatchCommit Helper Function.Should create commit with proper format" time="0.0257" asserts="0" success="False" result="Failure" executed="True">
                    <failure>
                      <message>CommandNotFoundException: The term 'New-PatchCommit' is not recognized as a name of a cmdlet, function, script file, or executable program.
Check the spelling of the name, or if a path was included, verify that the path is correct and try again.</message>
                      <stack-trace>at &lt;ScriptBlock&gt;, $env:PROJECT_ROOT\tests\unit\modules\PatchManager\PatchManager-GitOperations.Tests.ps1:229
at &lt;ScriptBlock&gt;, C:\Users\alexa\OneDrive\Documents\PowerShell\Modules\Pester\5.7.1\Pester.psm1:2024
at &lt;ScriptBlock&gt;, C:\Users\alexa\OneDrive\Documents\PowerShell\Modules\Pester\5.7.1\Pester.psm1:1985
at Invoke-ScriptBlock, C:\Users\alexa\OneDrive\Documents\PowerShell\Modules\Pester\5.7.1\Pester.psm1:2157
at Invoke-TestItem, C:\Users\alexa\OneDrive\Documents\PowerShell\Modules\Pester\5.7.1\Pester.psm1:1199
at Invoke-Block, C:\Users\alexa\OneDrive\Documents\PowerShell\Modules\Pester\5.7.1\Pester.psm1:835
at &lt;ScriptBlock&gt;, C:\Users\alexa\OneDrive\Documents\PowerShell\Modules\Pester\5.7.1\Pester.psm1:893
at &lt;ScriptBlock&gt;, C:\Users\alexa\OneDrive\Documents\PowerShell\Modules\Pester\5.7.1\Pester.psm1:2024
at &lt;ScriptBlock&gt;, C:\Users\alexa\OneDrive\Documents\PowerShell\Modules\Pester\5.7.1\Pester.psm1:1985
at Invoke-ScriptBlock, C:\Users\alexa\OneDrive\Documents\PowerShell\Modules\Pester\5.7.1\Pester.psm1:2160
at Invoke-Block, C:\Users\alexa\OneDrive\Documents\PowerShell\Modules\Pester\5.7.1\Pester.psm1:940
at &lt;ScriptBlock&gt;, C:\Users\alexa\OneDrive\Documents\PowerShell\Modules\Pester\5.7.1\Pester.psm1:893
at &lt;ScriptBlock&gt;, C:\Users\alexa\OneDrive\Documents\PowerShell\Modules\Pester\5.7.1\Pester.psm1:2024
at &lt;ScriptBlock&gt;, C:\Users\alexa\OneDrive\Documents\PowerShell\Modules\Pester\5.7.1\Pester.psm1:1985
at Invoke-ScriptBlock, C:\Users\alexa\OneDrive\Documents\PowerShell\Modules\Pester\5.7.1\Pester.psm1:2160
at Invoke-Block, C:\Users\alexa\OneDrive\Documents\PowerShell\Modules\Pester\5.7.1\Pester.psm1:940
at &lt;ScriptBlock&gt;, C:\Users\alexa\OneDrive\Documents\PowerShell\Modules\Pester\5.7.1\Pester.psm1:893
at &lt;ScriptBlock&gt;, C:\Users\alexa\OneDrive\Documents\PowerShell\Modules\Pester\5.7.1\Pester.psm1:2024
at &lt;ScriptBlock&gt;, C:\Users\alexa\OneDrive\Documents\PowerShell\Modules\Pester\5.7.1\Pester.psm1:1985
at Invoke-ScriptBlock, C:\Users\alexa\OneDrive\Documents\PowerShell\Modules\Pester\5.7.1\Pester.psm1:2160
at Invoke-Block, C:\Users\alexa\OneDrive\Documents\PowerShell\Modules\Pester\5.7.1\Pester.psm1:940
at &lt;ScriptBlock&gt;, C:\Users\alexa\OneDrive\Documents\PowerShell\Modules\Pester\5.7.1\Pester.psm1:1688
at &lt;ScriptBlock&gt;, C:\Users\alexa\OneDrive\Documents\PowerShell\Modules\Pester\5.7.1\Pester.ps1:3
at &lt;ScriptBlock&gt;, C:\Users\alexa\OneDrive\Documents\PowerShell\Modules\Pester\5.7.1\Pester.psm1:3260
at Invoke-InNewScriptScope, C:\Users\alexa\OneDrive\Documents\PowerShell\Modules\Pester\5.7.1\Pester.psm1:3267
at Run-Test, C:\Users\alexa\OneDrive\Documents\PowerShell\Modules\Pester\5.7.1\Pester.psm1:1691
at Invoke-Test, C:\Users\alexa\OneDrive\Documents\PowerShell\Modules\Pester\5.7.1\Pester.psm1:2512
at Invoke-Pester&lt;End&gt;, C:\Users\alexa\OneDrive\Documents\PowerShell\Modules\Pester\5.7.1\Pester.psm1:4960
at &lt;ScriptBlock&gt;, &lt;No file&gt;:1</stack-trace>
                    </failure>
                  </test-case>
                  <test-case description="Should handle empty affected files" name="PatchManager Git Operations.New-PatchCommit Helper Function.Should handle empty affected files" time="0.0267" asserts="0" success="False" result="Failure" executed="True">
                    <failure>
                      <message>CommandNotFoundException: The term 'New-PatchCommit' is not recognized as a name of a cmdlet, function, script file, or executable program.
Check the spelling of the name, or if a path was included, verify that the path is correct and try again.</message>
                      <stack-trace>at &lt;ScriptBlock&gt;, $env:PROJECT_ROOT\tests\unit\modules\PatchManager\PatchManager-GitOperations.Tests.ps1:236
at &lt;ScriptBlock&gt;, C:\Users\alexa\OneDrive\Documents\PowerShell\Modules\Pester\5.7.1\Pester.psm1:2024
at &lt;ScriptBlock&gt;, C:\Users\alexa\OneDrive\Documents\PowerShell\Modules\Pester\5.7.1\Pester.psm1:1985
at Invoke-ScriptBlock, C:\Users\alexa\OneDrive\Documents\PowerShell\Modules\Pester\5.7.1\Pester.psm1:2157
at Invoke-TestItem, C:\Users\alexa\OneDrive\Documents\PowerShell\Modules\Pester\5.7.1\Pester.psm1:1199
at Invoke-Block, C:\Users\alexa\OneDrive\Documents\PowerShell\Modules\Pester\5.7.1\Pester.psm1:835
at &lt;ScriptBlock&gt;, C:\Users\alexa\OneDrive\Documents\PowerShell\Modules\Pester\5.7.1\Pester.psm1:893
at &lt;ScriptBlock&gt;, C:\Users\alexa\OneDrive\Documents\PowerShell\Modules\Pester\5.7.1\Pester.psm1:2024
at &lt;ScriptBlock&gt;, C:\Users\alexa\OneDrive\Documents\PowerShell\Modules\Pester\5.7.1\Pester.psm1:1985
at Invoke-ScriptBlock, C:\Users\alexa\OneDrive\Documents\PowerShell\Modules\Pester\5.7.1\Pester.psm1:2160
at Invoke-Block, C:\Users\alexa\OneDrive\Documents\PowerShell\Modules\Pester\5.7.1\Pester.psm1:940
at &lt;ScriptBlock&gt;, C:\Users\alexa\OneDrive\Documents\PowerShell\Modules\Pester\5.7.1\Pester.psm1:893
at &lt;ScriptBlock&gt;, C:\Users\alexa\OneDrive\Documents\PowerShell\Modules\Pester\5.7.1\Pester.psm1:2024
at &lt;ScriptBlock&gt;, C:\Users\alexa\OneDrive\Documents\PowerShell\Modules\Pester\5.7.1\Pester.psm1:1985
at Invoke-ScriptBlock, C:\Users\alexa\OneDrive\Documents\PowerShell\Modules\Pester\5.7.1\Pester.psm1:2160
at Invoke-Block, C:\Users\alexa\OneDrive\Documents\PowerShell\Modules\Pester\5.7.1\Pester.psm1:940
at &lt;ScriptBlock&gt;, C:\Users\alexa\OneDrive\Documents\PowerShell\Modules\Pester\5.7.1\Pester.psm1:893
at &lt;ScriptBlock&gt;, C:\Users\alexa\OneDrive\Documents\PowerShell\Modules\Pester\5.7.1\Pester.psm1:2024
at &lt;ScriptBlock&gt;, C:\Users\alexa\OneDrive\Documents\PowerShell\Modules\Pester\5.7.1\Pester.psm1:1985
at Invoke-ScriptBlock, C:\Users\alexa\OneDrive\Documents\PowerShell\Modules\Pester\5.7.1\Pester.psm1:2160
at Invoke-Block, C:\Users\alexa\OneDrive\Documents\PowerShell\Modules\Pester\5.7.1\Pester.psm1:940
at &lt;ScriptBlock&gt;, C:\Users\alexa\OneDrive\Documents\PowerShell\Modules\Pester\5.7.1\Pester.psm1:1688
at &lt;ScriptBlock&gt;, C:\Users\alexa\OneDrive\Documents\PowerShell\Modules\Pester\5.7.1\Pester.ps1:3
at &lt;ScriptBlock&gt;, C:\Users\alexa\OneDrive\Documents\PowerShell\Modules\Pester\5.7.1\Pester.psm1:3260
at Invoke-InNewScriptScope, C:\Users\alexa\OneDrive\Documents\PowerShell\Modules\Pester\5.7.1\Pester.psm1:3267
at Run-Test, C:\Users\alexa\OneDrive\Documents\PowerShell\Modules\Pester\5.7.1\Pester.psm1:1691
at Invoke-Test, C:\Users\alexa\OneDrive\Documents\PowerShell\Modules\Pester\5.7.1\Pester.psm1:2512
at Invoke-Pester&lt;End&gt;, C:\Users\alexa\OneDrive\Documents\PowerShell\Modules\Pester\5.7.1\Pester.psm1:4960
at &lt;ScriptBlock&gt;, &lt;No file&gt;:1</stack-trace>
                    </failure>
                  </test-case>
                  <test-case description="Should include Co-authored-by when specified" name="PatchManager Git Operations.New-PatchCommit Helper Function.Should include Co-authored-by when specified" time="0.0279" asserts="0" success="False" result="Failure" executed="True">
                    <failure>
                      <message>CommandNotFoundException: The term 'New-PatchCommit' is not recognized as a name of a cmdlet, function, script file, or executable program.
Check the spelling of the name, or if a path was included, verify that the path is correct and try again.</message>
                      <stack-trace>at &lt;ScriptBlock&gt;, $env:PROJECT_ROOT\tests\unit\modules\PatchManager\PatchManager-GitOperations.Tests.ps1:242
at &lt;ScriptBlock&gt;, C:\Users\alexa\OneDrive\Documents\PowerShell\Modules\Pester\5.7.1\Pester.psm1:2024
at &lt;ScriptBlock&gt;, C:\Users\alexa\OneDrive\Documents\PowerShell\Modules\Pester\5.7.1\Pester.psm1:1985
at Invoke-ScriptBlock, C:\Users\alexa\OneDrive\Documents\PowerShell\Modules\Pester\5.7.1\Pester.psm1:2157
at Invoke-TestItem, C:\Users\alexa\OneDrive\Documents\PowerShell\Modules\Pester\5.7.1\Pester.psm1:1199
at Invoke-Block, C:\Users\alexa\OneDrive\Documents\PowerShell\Modules\Pester\5.7.1\Pester.psm1:835
at &lt;ScriptBlock&gt;, C:\Users\alexa\OneDrive\Documents\PowerShell\Modules\Pester\5.7.1\Pester.psm1:893
at &lt;ScriptBlock&gt;, C:\Users\alexa\OneDrive\Documents\PowerShell\Modules\Pester\5.7.1\Pester.psm1:2024
at &lt;ScriptBlock&gt;, C:\Users\alexa\OneDrive\Documents\PowerShell\Modules\Pester\5.7.1\Pester.psm1:1985
at Invoke-ScriptBlock, C:\Users\alexa\OneDrive\Documents\PowerShell\Modules\Pester\5.7.1\Pester.psm1:2160
at Invoke-Block, C:\Users\alexa\OneDrive\Documents\PowerShell\Modules\Pester\5.7.1\Pester.psm1:940
at &lt;ScriptBlock&gt;, C:\Users\alexa\OneDrive\Documents\PowerShell\Modules\Pester\5.7.1\Pester.psm1:893
at &lt;ScriptBlock&gt;, C:\Users\alexa\OneDrive\Documents\PowerShell\Modules\Pester\5.7.1\Pester.psm1:2024
at &lt;ScriptBlock&gt;, C:\Users\alexa\OneDrive\Documents\PowerShell\Modules\Pester\5.7.1\Pester.psm1:1985
at Invoke-ScriptBlock, C:\Users\alexa\OneDrive\Documents\PowerShell\Modules\Pester\5.7.1\Pester.psm1:2160
at Invoke-Block, C:\Users\alexa\OneDrive\Documents\PowerShell\Modules\Pester\5.7.1\Pester.psm1:940
at &lt;ScriptBlock&gt;, C:\Users\alexa\OneDrive\Documents\PowerShell\Modules\Pester\5.7.1\Pester.psm1:893
at &lt;ScriptBlock&gt;, C:\Users\alexa\OneDrive\Documents\PowerShell\Modules\Pester\5.7.1\Pester.psm1:2024
at &lt;ScriptBlock&gt;, C:\Users\alexa\OneDrive\Documents\PowerShell\Modules\Pester\5.7.1\Pester.psm1:1985
at Invoke-ScriptBlock, C:\Users\alexa\OneDrive\Documents\PowerShell\Modules\Pester\5.7.1\Pester.psm1:2160
at Invoke-Block, C:\Users\alexa\OneDrive\Documents\PowerShell\Modules\Pester\5.7.1\Pester.psm1:940
at &lt;ScriptBlock&gt;, C:\Users\alexa\OneDrive\Documents\PowerShell\Modules\Pester\5.7.1\Pester.psm1:1688
at &lt;ScriptBlock&gt;, C:\Users\alexa\OneDrive\Documents\PowerShell\Modules\Pester\5.7.1\Pester.ps1:3
at &lt;ScriptBlock&gt;, C:\Users\alexa\OneDrive\Documents\PowerShell\Modules\Pester\5.7.1\Pester.psm1:3260
at Invoke-InNewScriptScope, C:\Users\alexa\OneDrive\Documents\PowerShell\Modules\Pester\5.7.1\Pester.psm1:3267
at Run-Test, C:\Users\alexa\OneDrive\Documents\PowerShell\Modules\Pester\5.7.1\Pester.psm1:1691
at Invoke-Test, C:\Users\alexa\OneDrive\Documents\PowerShell\Modules\Pester\5.7.1\Pester.psm1:2512
at Invoke-Pester&lt;End&gt;, C:\Users\alexa\OneDrive\Documents\PowerShell\Modules\Pester\5.7.1\Pester.psm1:4960
at &lt;ScriptBlock&gt;, &lt;No file&gt;:1</stack-trace>
                    </failure>
                  </test-case>
                </results>
              </test-suite>
            </results>
          </test-suite>
          <test-suite type="TestFixture" name="PatchManager Enhanced Git Operations" executed="True" result="Failure" success="False" time="0.8914" asserts="0" description="PatchManager Enhanced Git Operations">
            <results>
              <test-suite type="TestFixture" name="PatchManager Enhanced Git Operations.Invoke-EnhancedGitOperations" executed="True" result="Failure" success="False" time="0.1115" asserts="0" description="PatchManager Enhanced Git Operations.Invoke-EnhancedGitOperations">
                <results>
                  <test-case description="Should perform comprehensive validation" name="PatchManager Enhanced Git Operations.Invoke-EnhancedGitOperations.Should perform comprehensive validation" time="0.0408" asserts="0" success="False" result="Failure" executed="True">
                    <failure>
                      <message>Expected no exception to be thrown, but an exception "The term 'Invoke-EnhancedGitOperations' is not recognized as a name of a cmdlet, function, script file, or executable program.
Check the spelling of the name, or if a path was included, verify that the path is correct and try again." was thrown from $env:PROJECT_ROOT\tests\unit\modules\PatchManager\PatchManager-GitOperations.Tests.ps1:258 char:15
    +             { Invoke-EnhancedGitOperations -Operation "validate" } |  …
    +               ~~~~~~~~~~~~~~~~~~~~~~~~~~~~.</message>
                      <stack-trace>at { Invoke-EnhancedGitOperations -Operation "validate" } | Should -Not -Throw, $env:PROJECT_ROOT\tests\unit\modules\PatchManager\PatchManager-GitOperations.Tests.ps1:258
at Invoke-Assertion, C:\Users\alexa\OneDrive\Documents\PowerShell\Modules\Pester\5.7.1\Pester.psm1:8257
at Should&lt;End&gt;, C:\Users\alexa\OneDrive\Documents\PowerShell\Modules\Pester\5.7.1\Pester.psm1:8193
at &lt;ScriptBlock&gt;, $env:PROJECT_ROOT\tests\unit\modules\PatchManager\PatchManager-GitOperations.Tests.ps1:258
at &lt;ScriptBlock&gt;, C:\Users\alexa\OneDrive\Documents\PowerShell\Modules\Pester\5.7.1\Pester.psm1:2024
at &lt;ScriptBlock&gt;, C:\Users\alexa\OneDrive\Documents\PowerShell\Modules\Pester\5.7.1\Pester.psm1:1985
at Invoke-ScriptBlock, C:\Users\alexa\OneDrive\Documents\PowerShell\Modules\Pester\5.7.1\Pester.psm1:2157
at Invoke-TestItem, C:\Users\alexa\OneDrive\Documents\PowerShell\Modules\Pester\5.7.1\Pester.psm1:1199
at Invoke-Block, C:\Users\alexa\OneDrive\Documents\PowerShell\Modules\Pester\5.7.1\Pester.psm1:835
at &lt;ScriptBlock&gt;, C:\Users\alexa\OneDrive\Documents\PowerShell\Modules\Pester\5.7.1\Pester.psm1:893
at &lt;ScriptBlock&gt;, C:\Users\alexa\OneDrive\Documents\PowerShell\Modules\Pester\5.7.1\Pester.psm1:2024
at &lt;ScriptBlock&gt;, C:\Users\alexa\OneDrive\Documents\PowerShell\Modules\Pester\5.7.1\Pester.psm1:1985
at Invoke-ScriptBlock, C:\Users\alexa\OneDrive\Documents\PowerShell\Modules\Pester\5.7.1\Pester.psm1:2160
at Invoke-Block, C:\Users\alexa\OneDrive\Documents\PowerShell\Modules\Pester\5.7.1\Pester.psm1:940
at &lt;ScriptBlock&gt;, C:\Users\alexa\OneDrive\Documents\PowerShell\Modules\Pester\5.7.1\Pester.psm1:893
at &lt;ScriptBlock&gt;, C:\Users\alexa\OneDrive\Documents\PowerShell\Modules\Pester\5.7.1\Pester.psm1:2024
at &lt;ScriptBlock&gt;, C:\Users\alexa\OneDrive\Documents\PowerShell\Modules\Pester\5.7.1\Pester.psm1:1985
at Invoke-ScriptBlock, C:\Users\alexa\OneDrive\Documents\PowerShell\Modules\Pester\5.7.1\Pester.psm1:2160
at Invoke-Block, C:\Users\alexa\OneDrive\Documents\PowerShell\Modules\Pester\5.7.1\Pester.psm1:940
at &lt;ScriptBlock&gt;, C:\Users\alexa\OneDrive\Documents\PowerShell\Modules\Pester\5.7.1\Pester.psm1:893
at &lt;ScriptBlock&gt;, C:\Users\alexa\OneDrive\Documents\PowerShell\Modules\Pester\5.7.1\Pester.psm1:2024
at &lt;ScriptBlock&gt;, C:\Users\alexa\OneDrive\Documents\PowerShell\Modules\Pester\5.7.1\Pester.psm1:1985
at Invoke-ScriptBlock, C:\Users\alexa\OneDrive\Documents\PowerShell\Modules\Pester\5.7.1\Pester.psm1:2160
at Invoke-Block, C:\Users\alexa\OneDrive\Documents\PowerShell\Modules\Pester\5.7.1\Pester.psm1:940
at &lt;ScriptBlock&gt;, C:\Users\alexa\OneDrive\Documents\PowerShell\Modules\Pester\5.7.1\Pester.psm1:1688
at &lt;ScriptBlock&gt;, C:\Users\alexa\OneDrive\Documents\PowerShell\Modules\Pester\5.7.1\Pester.ps1:3
at &lt;ScriptBlock&gt;, C:\Users\alexa\OneDrive\Documents\PowerShell\Modules\Pester\5.7.1\Pester.psm1:3260
at Invoke-InNewScriptScope, C:\Users\alexa\OneDrive\Documents\PowerShell\Modules\Pester\5.7.1\Pester.psm1:3267
at Run-Test, C:\Users\alexa\OneDrive\Documents\PowerShell\Modules\Pester\5.7.1\Pester.psm1:1691
at Invoke-Test, C:\Users\alexa\OneDrive\Documents\PowerShell\Modules\Pester\5.7.1\Pester.psm1:2512
at Invoke-Pester&lt;End&gt;, C:\Users\alexa\OneDrive\Documents\PowerShell\Modules\Pester\5.7.1\Pester.psm1:4960
at &lt;ScriptBlock&gt;, &lt;No file&gt;:1</stack-trace>
                    </failure>
                  </test-case>
                  <test-case description="Should handle conflict resolution" name="PatchManager Enhanced Git Operations.Invoke-EnhancedGitOperations.Should handle conflict resolution" time="0.0336" asserts="0" success="False" result="Failure" executed="True">
                    <failure>
                      <message>Expected no exception to be thrown, but an exception "The term 'Invoke-EnhancedGitOperations' is not recognized as a name of a cmdlet, function, script file, or executable program.
Check the spelling of the name, or if a path was included, verify that the path is correct and try again." was thrown from $env:PROJECT_ROOT\tests\unit\modules\PatchManager\PatchManager-GitOperations.Tests.ps1:262 char:15
    +             { Invoke-EnhancedGitOperations -Operation "resolve-confli …
    +               ~~~~~~~~~~~~~~~~~~~~~~~~~~~~.</message>
                      <stack-trace>at { Invoke-EnhancedGitOperations -Operation "resolve-conflicts" -DryRun } | Should -Not -Throw, $env:PROJECT_ROOT\tests\unit\modules\PatchManager\PatchManager-GitOperations.Tests.ps1:262
at Invoke-Assertion, C:\Users\alexa\OneDrive\Documents\PowerShell\Modules\Pester\5.7.1\Pester.psm1:8257
at Should&lt;End&gt;, C:\Users\alexa\OneDrive\Documents\PowerShell\Modules\Pester\5.7.1\Pester.psm1:8193
at &lt;ScriptBlock&gt;, $env:PROJECT_ROOT\tests\unit\modules\PatchManager\PatchManager-GitOperations.Tests.ps1:262
at &lt;ScriptBlock&gt;, C:\Users\alexa\OneDrive\Documents\PowerShell\Modules\Pester\5.7.1\Pester.psm1:2024
at &lt;ScriptBlock&gt;, C:\Users\alexa\OneDrive\Documents\PowerShell\Modules\Pester\5.7.1\Pester.psm1:1985
at Invoke-ScriptBlock, C:\Users\alexa\OneDrive\Documents\PowerShell\Modules\Pester\5.7.1\Pester.psm1:2157
at Invoke-TestItem, C:\Users\alexa\OneDrive\Documents\PowerShell\Modules\Pester\5.7.1\Pester.psm1:1199
at Invoke-Block, C:\Users\alexa\OneDrive\Documents\PowerShell\Modules\Pester\5.7.1\Pester.psm1:835
at &lt;ScriptBlock&gt;, C:\Users\alexa\OneDrive\Documents\PowerShell\Modules\Pester\5.7.1\Pester.psm1:893
at &lt;ScriptBlock&gt;, C:\Users\alexa\OneDrive\Documents\PowerShell\Modules\Pester\5.7.1\Pester.psm1:2024
at &lt;ScriptBlock&gt;, C:\Users\alexa\OneDrive\Documents\PowerShell\Modules\Pester\5.7.1\Pester.psm1:1985
at Invoke-ScriptBlock, C:\Users\alexa\OneDrive\Documents\PowerShell\Modules\Pester\5.7.1\Pester.psm1:2160
at Invoke-Block, C:\Users\alexa\OneDrive\Documents\PowerShell\Modules\Pester\5.7.1\Pester.psm1:940
at &lt;ScriptBlock&gt;, C:\Users\alexa\OneDrive\Documents\PowerShell\Modules\Pester\5.7.1\Pester.psm1:893
at &lt;ScriptBlock&gt;, C:\Users\alexa\OneDrive\Documents\PowerShell\Modules\Pester\5.7.1\Pester.psm1:2024
at &lt;ScriptBlock&gt;, C:\Users\alexa\OneDrive\Documents\PowerShell\Modules\Pester\5.7.1\Pester.psm1:1985
at Invoke-ScriptBlock, C:\Users\alexa\OneDrive\Documents\PowerShell\Modules\Pester\5.7.1\Pester.psm1:2160
at Invoke-Block, C:\Users\alexa\OneDrive\Documents\PowerShell\Modules\Pester\5.7.1\Pester.psm1:940
at &lt;ScriptBlock&gt;, C:\Users\alexa\OneDrive\Documents\PowerShell\Modules\Pester\5.7.1\Pester.psm1:893
at &lt;ScriptBlock&gt;, C:\Users\alexa\OneDrive\Documents\PowerShell\Modules\Pester\5.7.1\Pester.psm1:2024
at &lt;ScriptBlock&gt;, C:\Users\alexa\OneDrive\Documents\PowerShell\Modules\Pester\5.7.1\Pester.psm1:1985
at Invoke-ScriptBlock, C:\Users\alexa\OneDrive\Documents\PowerShell\Modules\Pester\5.7.1\Pester.psm1:2160
at Invoke-Block, C:\Users\alexa\OneDrive\Documents\PowerShell\Modules\Pester\5.7.1\Pester.psm1:940
at &lt;ScriptBlock&gt;, C:\Users\alexa\OneDrive\Documents\PowerShell\Modules\Pester\5.7.1\Pester.psm1:1688
at &lt;ScriptBlock&gt;, C:\Users\alexa\OneDrive\Documents\PowerShell\Modules\Pester\5.7.1\Pester.ps1:3
at &lt;ScriptBlock&gt;, C:\Users\alexa\OneDrive\Documents\PowerShell\Modules\Pester\5.7.1\Pester.psm1:3260
at Invoke-InNewScriptScope, C:\Users\alexa\OneDrive\Documents\PowerShell\Modules\Pester\5.7.1\Pester.psm1:3267
at Run-Test, C:\Users\alexa\OneDrive\Documents\PowerShell\Modules\Pester\5.7.1\Pester.psm1:1691
at Invoke-Test, C:\Users\alexa\OneDrive\Documents\PowerShell\Modules\Pester\5.7.1\Pester.psm1:2512
at Invoke-Pester&lt;End&gt;, C:\Users\alexa\OneDrive\Documents\PowerShell\Modules\Pester\5.7.1\Pester.psm1:4960
at &lt;ScriptBlock&gt;, &lt;No file&gt;:1</stack-trace>
                    </failure>
                  </test-case>
                  <test-case description="Should cleanup problematic directories" name="PatchManager Enhanced Git Operations.Invoke-EnhancedGitOperations.Should cleanup problematic directories" time="0.0345" asserts="0" success="False" result="Failure" executed="True">
                    <failure>
                      <message>Expected no exception to be thrown, but an exception "The term 'Invoke-EnhancedGitOperations' is not recognized as a name of a cmdlet, function, script file, or executable program.
Check the spelling of the name, or if a path was included, verify that the path is correct and try again." was thrown from $env:PROJECT_ROOT\tests\unit\modules\PatchManager\PatchManager-GitOperations.Tests.ps1:266 char:15
    +             { Invoke-EnhancedGitOperations -Operation "cleanup-direct …
    +               ~~~~~~~~~~~~~~~~~~~~~~~~~~~~.</message>
                      <stack-trace>at { Invoke-EnhancedGitOperations -Operation "cleanup-directories" -DryRun } | Should -Not -Throw, $env:PROJECT_ROOT\tests\unit\modules\PatchManager\PatchManager-GitOperations.Tests.ps1:266
at Invoke-Assertion, C:\Users\alexa\OneDrive\Documents\PowerShell\Modules\Pester\5.7.1\Pester.psm1:8257
at Should&lt;End&gt;, C:\Users\alexa\OneDrive\Documents\PowerShell\Modules\Pester\5.7.1\Pester.psm1:8193
at &lt;ScriptBlock&gt;, $env:PROJECT_ROOT\tests\unit\modules\PatchManager\PatchManager-GitOperations.Tests.ps1:266
at &lt;ScriptBlock&gt;, C:\Users\alexa\OneDrive\Documents\PowerShell\Modules\Pester\5.7.1\Pester.psm1:2024
at &lt;ScriptBlock&gt;, C:\Users\alexa\OneDrive\Documents\PowerShell\Modules\Pester\5.7.1\Pester.psm1:1985
at Invoke-ScriptBlock, C:\Users\alexa\OneDrive\Documents\PowerShell\Modules\Pester\5.7.1\Pester.psm1:2157
at Invoke-TestItem, C:\Users\alexa\OneDrive\Documents\PowerShell\Modules\Pester\5.7.1\Pester.psm1:1199
at Invoke-Block, C:\Users\alexa\OneDrive\Documents\PowerShell\Modules\Pester\5.7.1\Pester.psm1:835
at &lt;ScriptBlock&gt;, C:\Users\alexa\OneDrive\Documents\PowerShell\Modules\Pester\5.7.1\Pester.psm1:893
at &lt;ScriptBlock&gt;, C:\Users\alexa\OneDrive\Documents\PowerShell\Modules\Pester\5.7.1\Pester.psm1:2024
at &lt;ScriptBlock&gt;, C:\Users\alexa\OneDrive\Documents\PowerShell\Modules\Pester\5.7.1\Pester.psm1:1985
at Invoke-ScriptBlock, C:\Users\alexa\OneDrive\Documents\PowerShell\Modules\Pester\5.7.1\Pester.psm1:2160
at Invoke-Block, C:\Users\alexa\OneDrive\Documents\PowerShell\Modules\Pester\5.7.1\Pester.psm1:940
at &lt;ScriptBlock&gt;, C:\Users\alexa\OneDrive\Documents\PowerShell\Modules\Pester\5.7.1\Pester.psm1:893
at &lt;ScriptBlock&gt;, C:\Users\alexa\OneDrive\Documents\PowerShell\Modules\Pester\5.7.1\Pester.psm1:2024
at &lt;ScriptBlock&gt;, C:\Users\alexa\OneDrive\Documents\PowerShell\Modules\Pester\5.7.1\Pester.psm1:1985
at Invoke-ScriptBlock, C:\Users\alexa\OneDrive\Documents\PowerShell\Modules\Pester\5.7.1\Pester.psm1:2160
at Invoke-Block, C:\Users\alexa\OneDrive\Documents\PowerShell\Modules\Pester\5.7.1\Pester.psm1:940
at &lt;ScriptBlock&gt;, C:\Users\alexa\OneDrive\Documents\PowerShell\Modules\Pester\5.7.1\Pester.psm1:893
at &lt;ScriptBlock&gt;, C:\Users\alexa\OneDrive\Documents\PowerShell\Modules\Pester\5.7.1\Pester.psm1:2024
at &lt;ScriptBlock&gt;, C:\Users\alexa\OneDrive\Documents\PowerShell\Modules\Pester\5.7.1\Pester.psm1:1985
at Invoke-ScriptBlock, C:\Users\alexa\OneDrive\Documents\PowerShell\Modules\Pester\5.7.1\Pester.psm1:2160
at Invoke-Block, C:\Users\alexa\OneDrive\Documents\PowerShell\Modules\Pester\5.7.1\Pester.psm1:940
at &lt;ScriptBlock&gt;, C:\Users\alexa\OneDrive\Documents\PowerShell\Modules\Pester\5.7.1\Pester.psm1:1688
at &lt;ScriptBlock&gt;, C:\Users\alexa\OneDrive\Documents\PowerShell\Modules\Pester\5.7.1\Pester.ps1:3
at &lt;ScriptBlock&gt;, C:\Users\alexa\OneDrive\Documents\PowerShell\Modules\Pester\5.7.1\Pester.psm1:3260
at Invoke-InNewScriptScope, C:\Users\alexa\OneDrive\Documents\PowerShell\Modules\Pester\5.7.1\Pester.psm1:3267
at Run-Test, C:\Users\alexa\OneDrive\Documents\PowerShell\Modules\Pester\5.7.1\Pester.psm1:1691
at Invoke-Test, C:\Users\alexa\OneDrive\Documents\PowerShell\Modules\Pester\5.7.1\Pester.psm1:2512
at Invoke-Pester&lt;End&gt;, C:\Users\alexa\OneDrive\Documents\PowerShell\Modules\Pester\5.7.1\Pester.psm1:4960
at &lt;ScriptBlock&gt;, &lt;No file&gt;:1</stack-trace>
                    </failure>
                  </test-case>
                </results>
              </test-suite>
              <test-suite type="TestFixture" name="PatchManager Enhanced Git Operations.Git Conflict Resolution" executed="True" result="Failure" success="False" time="0.1736" asserts="0" description="PatchManager Enhanced Git Operations.Git Conflict Resolution">
                <results>
                  <test-case description="Should detect merge conflicts" name="PatchManager Enhanced Git Operations.Git Conflict Resolution.Should detect merge conflicts" time="0.0262" asserts="0" success="False" result="Failure" executed="True">
                    <failure>
                      <message>CommandNotFoundException: The term 'Invoke-EnhancedGitOperations' is not recognized as a name of a cmdlet, function, script file, or executable program.
Check the spelling of the name, or if a path was included, verify that the path is correct and try again.</message>
                      <stack-trace>at &lt;ScriptBlock&gt;, $env:PROJECT_ROOT\tests\unit\modules\PatchManager\PatchManager-GitOperations.Tests.ps1:281
at &lt;ScriptBlock&gt;, C:\Users\alexa\OneDrive\Documents\PowerShell\Modules\Pester\5.7.1\Pester.psm1:2024
at &lt;ScriptBlock&gt;, C:\Users\alexa\OneDrive\Documents\PowerShell\Modules\Pester\5.7.1\Pester.psm1:1985
at Invoke-ScriptBlock, C:\Users\alexa\OneDrive\Documents\PowerShell\Modules\Pester\5.7.1\Pester.psm1:2157
at Invoke-TestItem, C:\Users\alexa\OneDrive\Documents\PowerShell\Modules\Pester\5.7.1\Pester.psm1:1199
at Invoke-Block, C:\Users\alexa\OneDrive\Documents\PowerShell\Modules\Pester\5.7.1\Pester.psm1:835
at &lt;ScriptBlock&gt;, C:\Users\alexa\OneDrive\Documents\PowerShell\Modules\Pester\5.7.1\Pester.psm1:893
at &lt;ScriptBlock&gt;, C:\Users\alexa\OneDrive\Documents\PowerShell\Modules\Pester\5.7.1\Pester.psm1:2024
at &lt;ScriptBlock&gt;, C:\Users\alexa\OneDrive\Documents\PowerShell\Modules\Pester\5.7.1\Pester.psm1:1985
at Invoke-ScriptBlock, C:\Users\alexa\OneDrive\Documents\PowerShell\Modules\Pester\5.7.1\Pester.psm1:2160
at Invoke-Block, C:\Users\alexa\OneDrive\Documents\PowerShell\Modules\Pester\5.7.1\Pester.psm1:940
at &lt;ScriptBlock&gt;, C:\Users\alexa\OneDrive\Documents\PowerShell\Modules\Pester\5.7.1\Pester.psm1:893
at &lt;ScriptBlock&gt;, C:\Users\alexa\OneDrive\Documents\PowerShell\Modules\Pester\5.7.1\Pester.psm1:2024
at &lt;ScriptBlock&gt;, C:\Users\alexa\OneDrive\Documents\PowerShell\Modules\Pester\5.7.1\Pester.psm1:1985
at Invoke-ScriptBlock, C:\Users\alexa\OneDrive\Documents\PowerShell\Modules\Pester\5.7.1\Pester.psm1:2160
at Invoke-Block, C:\Users\alexa\OneDrive\Documents\PowerShell\Modules\Pester\5.7.1\Pester.psm1:940
at &lt;ScriptBlock&gt;, C:\Users\alexa\OneDrive\Documents\PowerShell\Modules\Pester\5.7.1\Pester.psm1:893
at &lt;ScriptBlock&gt;, C:\Users\alexa\OneDrive\Documents\PowerShell\Modules\Pester\5.7.1\Pester.psm1:2024
at &lt;ScriptBlock&gt;, C:\Users\alexa\OneDrive\Documents\PowerShell\Modules\Pester\5.7.1\Pester.psm1:1985
at Invoke-ScriptBlock, C:\Users\alexa\OneDrive\Documents\PowerShell\Modules\Pester\5.7.1\Pester.psm1:2160
at Invoke-Block, C:\Users\alexa\OneDrive\Documents\PowerShell\Modules\Pester\5.7.1\Pester.psm1:940
at &lt;ScriptBlock&gt;, C:\Users\alexa\OneDrive\Documents\PowerShell\Modules\Pester\5.7.1\Pester.psm1:1688
at &lt;ScriptBlock&gt;, C:\Users\alexa\OneDrive\Documents\PowerShell\Modules\Pester\5.7.1\Pester.ps1:3
at &lt;ScriptBlock&gt;, C:\Users\alexa\OneDrive\Documents\PowerShell\Modules\Pester\5.7.1\Pester.psm1:3260
at Invoke-InNewScriptScope, C:\Users\alexa\OneDrive\Documents\PowerShell\Modules\Pester\5.7.1\Pester.psm1:3267
at Run-Test, C:\Users\alexa\OneDrive\Documents\PowerShell\Modules\Pester\5.7.1\Pester.psm1:1691
at Invoke-Test, C:\Users\alexa\OneDrive\Documents\PowerShell\Modules\Pester\5.7.1\Pester.psm1:2512
at Invoke-Pester&lt;End&gt;, C:\Users\alexa\OneDrive\Documents\PowerShell\Modules\Pester\5.7.1\Pester.psm1:4960
at &lt;ScriptBlock&gt;, &lt;No file&gt;:1</stack-trace>
                    </failure>
                  </test-case>
                  <test-case description="Should attempt automatic conflict resolution" name="PatchManager Enhanced Git Operations.Git Conflict Resolution.Should attempt automatic conflict resolution" time="0.0335" asserts="0" success="False" result="Failure" executed="True">
                    <failure>
                      <message>Expected no exception to be thrown, but an exception "The term 'Invoke-EnhancedGitOperations' is not recognized as a name of a cmdlet, function, script file, or executable program.
Check the spelling of the name, or if a path was included, verify that the path is correct and try again." was thrown from $env:PROJECT_ROOT\tests\unit\modules\PatchManager\PatchManager-GitOperations.Tests.ps1:287 char:15
    +             { Invoke-EnhancedGitOperations -Operation "auto-resolve-c …
    +               ~~~~~~~~~~~~~~~~~~~~~~~~~~~~.</message>
                      <stack-trace>at { Invoke-EnhancedGitOperations -Operation "auto-resolve-conflicts" -DryRun } | Should -Not -Throw, $env:PROJECT_ROOT\tests\unit\modules\PatchManager\PatchManager-GitOperations.Tests.ps1:287
at Invoke-Assertion, C:\Users\alexa\OneDrive\Documents\PowerShell\Modules\Pester\5.7.1\Pester.psm1:8257
at Should&lt;End&gt;, C:\Users\alexa\OneDrive\Documents\PowerShell\Modules\Pester\5.7.1\Pester.psm1:8193
at &lt;ScriptBlock&gt;, $env:PROJECT_ROOT\tests\unit\modules\PatchManager\PatchManager-GitOperations.Tests.ps1:287
at &lt;ScriptBlock&gt;, C:\Users\alexa\OneDrive\Documents\PowerShell\Modules\Pester\5.7.1\Pester.psm1:2024
at &lt;ScriptBlock&gt;, C:\Users\alexa\OneDrive\Documents\PowerShell\Modules\Pester\5.7.1\Pester.psm1:1985
at Invoke-ScriptBlock, C:\Users\alexa\OneDrive\Documents\PowerShell\Modules\Pester\5.7.1\Pester.psm1:2157
at Invoke-TestItem, C:\Users\alexa\OneDrive\Documents\PowerShell\Modules\Pester\5.7.1\Pester.psm1:1199
at Invoke-Block, C:\Users\alexa\OneDrive\Documents\PowerShell\Modules\Pester\5.7.1\Pester.psm1:835
at &lt;ScriptBlock&gt;, C:\Users\alexa\OneDrive\Documents\PowerShell\Modules\Pester\5.7.1\Pester.psm1:893
at &lt;ScriptBlock&gt;, C:\Users\alexa\OneDrive\Documents\PowerShell\Modules\Pester\5.7.1\Pester.psm1:2024
at &lt;ScriptBlock&gt;, C:\Users\alexa\OneDrive\Documents\PowerShell\Modules\Pester\5.7.1\Pester.psm1:1985
at Invoke-ScriptBlock, C:\Users\alexa\OneDrive\Documents\PowerShell\Modules\Pester\5.7.1\Pester.psm1:2160
at Invoke-Block, C:\Users\alexa\OneDrive\Documents\PowerShell\Modules\Pester\5.7.1\Pester.psm1:940
at &lt;ScriptBlock&gt;, C:\Users\alexa\OneDrive\Documents\PowerShell\Modules\Pester\5.7.1\Pester.psm1:893
at &lt;ScriptBlock&gt;, C:\Users\alexa\OneDrive\Documents\PowerShell\Modules\Pester\5.7.1\Pester.psm1:2024
at &lt;ScriptBlock&gt;, C:\Users\alexa\OneDrive\Documents\PowerShell\Modules\Pester\5.7.1\Pester.psm1:1985
at Invoke-ScriptBlock, C:\Users\alexa\OneDrive\Documents\PowerShell\Modules\Pester\5.7.1\Pester.psm1:2160
at Invoke-Block, C:\Users\alexa\OneDrive\Documents\PowerShell\Modules\Pester\5.7.1\Pester.psm1:940
at &lt;ScriptBlock&gt;, C:\Users\alexa\OneDrive\Documents\PowerShell\Modules\Pester\5.7.1\Pester.psm1:893
at &lt;ScriptBlock&gt;, C:\Users\alexa\OneDrive\Documents\PowerShell\Modules\Pester\5.7.1\Pester.psm1:2024
at &lt;ScriptBlock&gt;, C:\Users\alexa\OneDrive\Documents\PowerShell\Modules\Pester\5.7.1\Pester.psm1:1985
at Invoke-ScriptBlock, C:\Users\alexa\OneDrive\Documents\PowerShell\Modules\Pester\5.7.1\Pester.psm1:2160
at Invoke-Block, C:\Users\alexa\OneDrive\Documents\PowerShell\Modules\Pester\5.7.1\Pester.psm1:940
at &lt;ScriptBlock&gt;, C:\Users\alexa\OneDrive\Documents\PowerShell\Modules\Pester\5.7.1\Pester.psm1:1688
at &lt;ScriptBlock&gt;, C:\Users\alexa\OneDrive\Documents\PowerShell\Modules\Pester\5.7.1\Pester.ps1:3
at &lt;ScriptBlock&gt;, C:\Users\alexa\OneDrive\Documents\PowerShell\Modules\Pester\5.7.1\Pester.psm1:3260
at Invoke-InNewScriptScope, C:\Users\alexa\OneDrive\Documents\PowerShell\Modules\Pester\5.7.1\Pester.psm1:3267
at Run-Test, C:\Users\alexa\OneDrive\Documents\PowerShell\Modules\Pester\5.7.1\Pester.psm1:1691
at Invoke-Test, C:\Users\alexa\OneDrive\Documents\PowerShell\Modules\Pester\5.7.1\Pester.psm1:2512
at Invoke-Pester&lt;End&gt;, C:\Users\alexa\OneDrive\Documents\PowerShell\Modules\Pester\5.7.1\Pester.psm1:4960
at &lt;ScriptBlock&gt;, &lt;No file&gt;:1</stack-trace>
                    </failure>
                  </test-case>
                </results>
              </test-suite>
            </results>
          </test-suite>
          <test-suite type="TestFixture" name="PatchManager GitHub Integration" executed="True" result="Failure" success="False" time="1.0444" asserts="0" description="PatchManager GitHub Integration">
            <results>
              <test-suite type="TestFixture" name="PatchManager GitHub Integration.Pull Request Creation" executed="True" result="Failure" success="False" time="0.0691" asserts="0" description="PatchManager GitHub Integration.Pull Request Creation">
                <results>
                  <test-case description="Should create PR with proper formatting" name="PatchManager GitHub Integration.Pull Request Creation.Should create PR with proper formatting" time="0.0401" asserts="0" success="False" result="Failure" executed="True">
                    <failure>
                      <message>Expected no exception to be thrown, but an exception "The term 'New-PatchPullRequest' is not recognized as a name of a cmdlet, function, script file, or executable program.
Check the spelling of the name, or if a path was included, verify that the path is correct and try again." was thrown from $env:PROJECT_ROOT\tests\unit\modules\PatchManager\PatchManager-GitOperations.Tests.ps1:308 char:15
    +             { New-PatchPullRequest @prData -DryRun } | Should -Not -T …
    +               ~~~~~~~~~~~~~~~~~~~~.</message>
                      <stack-trace>at { New-PatchPullRequest @prData -DryRun } | Should -Not -Throw, $env:PROJECT_ROOT\tests\unit\modules\PatchManager\PatchManager-GitOperations.Tests.ps1:308
at Invoke-Assertion, C:\Users\alexa\OneDrive\Documents\PowerShell\Modules\Pester\5.7.1\Pester.psm1:8257
at Should&lt;End&gt;, C:\Users\alexa\OneDrive\Documents\PowerShell\Modules\Pester\5.7.1\Pester.psm1:8193
at &lt;ScriptBlock&gt;, $env:PROJECT_ROOT\tests\unit\modules\PatchManager\PatchManager-GitOperations.Tests.ps1:308
at &lt;ScriptBlock&gt;, C:\Users\alexa\OneDrive\Documents\PowerShell\Modules\Pester\5.7.1\Pester.psm1:2024
at &lt;ScriptBlock&gt;, C:\Users\alexa\OneDrive\Documents\PowerShell\Modules\Pester\5.7.1\Pester.psm1:1985
at Invoke-ScriptBlock, C:\Users\alexa\OneDrive\Documents\PowerShell\Modules\Pester\5.7.1\Pester.psm1:2157
at Invoke-TestItem, C:\Users\alexa\OneDrive\Documents\PowerShell\Modules\Pester\5.7.1\Pester.psm1:1199
at Invoke-Block, C:\Users\alexa\OneDrive\Documents\PowerShell\Modules\Pester\5.7.1\Pester.psm1:835
at &lt;ScriptBlock&gt;, C:\Users\alexa\OneDrive\Documents\PowerShell\Modules\Pester\5.7.1\Pester.psm1:893
at &lt;ScriptBlock&gt;, C:\Users\alexa\OneDrive\Documents\PowerShell\Modules\Pester\5.7.1\Pester.psm1:2024
at &lt;ScriptBlock&gt;, C:\Users\alexa\OneDrive\Documents\PowerShell\Modules\Pester\5.7.1\Pester.psm1:1985
at Invoke-ScriptBlock, C:\Users\alexa\OneDrive\Documents\PowerShell\Modules\Pester\5.7.1\Pester.psm1:2160
at Invoke-Block, C:\Users\alexa\OneDrive\Documents\PowerShell\Modules\Pester\5.7.1\Pester.psm1:940
at &lt;ScriptBlock&gt;, C:\Users\alexa\OneDrive\Documents\PowerShell\Modules\Pester\5.7.1\Pester.psm1:893
at &lt;ScriptBlock&gt;, C:\Users\alexa\OneDrive\Documents\PowerShell\Modules\Pester\5.7.1\Pester.psm1:2024
at &lt;ScriptBlock&gt;, C:\Users\alexa\OneDrive\Documents\PowerShell\Modules\Pester\5.7.1\Pester.psm1:1985
at Invoke-ScriptBlock, C:\Users\alexa\OneDrive\Documents\PowerShell\Modules\Pester\5.7.1\Pester.psm1:2160
at Invoke-Block, C:\Users\alexa\OneDrive\Documents\PowerShell\Modules\Pester\5.7.1\Pester.psm1:940
at &lt;ScriptBlock&gt;, C:\Users\alexa\OneDrive\Documents\PowerShell\Modules\Pester\5.7.1\Pester.psm1:893
at &lt;ScriptBlock&gt;, C:\Users\alexa\OneDrive\Documents\PowerShell\Modules\Pester\5.7.1\Pester.psm1:2024
at &lt;ScriptBlock&gt;, C:\Users\alexa\OneDrive\Documents\PowerShell\Modules\Pester\5.7.1\Pester.psm1:1985
at Invoke-ScriptBlock, C:\Users\alexa\OneDrive\Documents\PowerShell\Modules\Pester\5.7.1\Pester.psm1:2160
at Invoke-Block, C:\Users\alexa\OneDrive\Documents\PowerShell\Modules\Pester\5.7.1\Pester.psm1:940
at &lt;ScriptBlock&gt;, C:\Users\alexa\OneDrive\Documents\PowerShell\Modules\Pester\5.7.1\Pester.psm1:1688
at &lt;ScriptBlock&gt;, C:\Users\alexa\OneDrive\Documents\PowerShell\Modules\Pester\5.7.1\Pester.ps1:3
at &lt;ScriptBlock&gt;, C:\Users\alexa\OneDrive\Documents\PowerShell\Modules\Pester\5.7.1\Pester.psm1:3260
at Invoke-InNewScriptScope, C:\Users\alexa\OneDrive\Documents\PowerShell\Modules\Pester\5.7.1\Pester.psm1:3267
at Run-Test, C:\Users\alexa\OneDrive\Documents\PowerShell\Modules\Pester\5.7.1\Pester.psm1:1691
at Invoke-Test, C:\Users\alexa\OneDrive\Documents\PowerShell\Modules\Pester\5.7.1\Pester.psm1:2512
at Invoke-Pester&lt;End&gt;, C:\Users\alexa\OneDrive\Documents\PowerShell\Modules\Pester\5.7.1\Pester.psm1:4960
at &lt;ScriptBlock&gt;, &lt;No file&gt;:1</stack-trace>
                    </failure>
                  </test-case>
                  <test-case description="Should include validation results in PR body" name="PatchManager GitHub Integration.Pull Request Creation.Should include validation results in PR body" time="0.0263" asserts="0" success="False" result="Failure" executed="True">
                    <failure>
                      <message>CommandNotFoundException: The term 'New-PatchPullRequest' is not recognized as a name of a cmdlet, function, script file, or executable program.
Check the spelling of the name, or if a path was included, verify that the path is correct and try again.</message>
                      <stack-trace>at &lt;ScriptBlock&gt;, $env:PROJECT_ROOT\tests\unit\modules\PatchManager\PatchManager-GitOperations.Tests.ps1:321
at &lt;ScriptBlock&gt;, C:\Users\alexa\OneDrive\Documents\PowerShell\Modules\Pester\5.7.1\Pester.psm1:2024
at &lt;ScriptBlock&gt;, C:\Users\alexa\OneDrive\Documents\PowerShell\Modules\Pester\5.7.1\Pester.psm1:1985
at Invoke-ScriptBlock, C:\Users\alexa\OneDrive\Documents\PowerShell\Modules\Pester\5.7.1\Pester.psm1:2157
at Invoke-TestItem, C:\Users\alexa\OneDrive\Documents\PowerShell\Modules\Pester\5.7.1\Pester.psm1:1199
at Invoke-Block, C:\Users\alexa\OneDrive\Documents\PowerShell\Modules\Pester\5.7.1\Pester.psm1:835
at &lt;ScriptBlock&gt;, C:\Users\alexa\OneDrive\Documents\PowerShell\Modules\Pester\5.7.1\Pester.psm1:893
at &lt;ScriptBlock&gt;, C:\Users\alexa\OneDrive\Documents\PowerShell\Modules\Pester\5.7.1\Pester.psm1:2024
at &lt;ScriptBlock&gt;, C:\Users\alexa\OneDrive\Documents\PowerShell\Modules\Pester\5.7.1\Pester.psm1:1985
at Invoke-ScriptBlock, C:\Users\alexa\OneDrive\Documents\PowerShell\Modules\Pester\5.7.1\Pester.psm1:2160
at Invoke-Block, C:\Users\alexa\OneDrive\Documents\PowerShell\Modules\Pester\5.7.1\Pester.psm1:940
at &lt;ScriptBlock&gt;, C:\Users\alexa\OneDrive\Documents\PowerShell\Modules\Pester\5.7.1\Pester.psm1:893
at &lt;ScriptBlock&gt;, C:\Users\alexa\OneDrive\Documents\PowerShell\Modules\Pester\5.7.1\Pester.psm1:2024
at &lt;ScriptBlock&gt;, C:\Users\alexa\OneDrive\Documents\PowerShell\Modules\Pester\5.7.1\Pester.psm1:1985
at Invoke-ScriptBlock, C:\Users\alexa\OneDrive\Documents\PowerShell\Modules\Pester\5.7.1\Pester.psm1:2160
at Invoke-Block, C:\Users\alexa\OneDrive\Documents\PowerShell\Modules\Pester\5.7.1\Pester.psm1:940
at &lt;ScriptBlock&gt;, C:\Users\alexa\OneDrive\Documents\PowerShell\Modules\Pester\5.7.1\Pester.psm1:893
at &lt;ScriptBlock&gt;, C:\Users\alexa\OneDrive\Documents\PowerShell\Modules\Pester\5.7.1\Pester.psm1:2024
at &lt;ScriptBlock&gt;, C:\Users\alexa\OneDrive\Documents\PowerShell\Modules\Pester\5.7.1\Pester.psm1:1985
at Invoke-ScriptBlock, C:\Users\alexa\OneDrive\Documents\PowerShell\Modules\Pester\5.7.1\Pester.psm1:2160
at Invoke-Block, C:\Users\alexa\OneDrive\Documents\PowerShell\Modules\Pester\5.7.1\Pester.psm1:940
at &lt;ScriptBlock&gt;, C:\Users\alexa\OneDrive\Documents\PowerShell\Modules\Pester\5.7.1\Pester.psm1:1688
at &lt;ScriptBlock&gt;, C:\Users\alexa\OneDrive\Documents\PowerShell\Modules\Pester\5.7.1\Pester.ps1:3
at &lt;ScriptBlock&gt;, C:\Users\alexa\OneDrive\Documents\PowerShell\Modules\Pester\5.7.1\Pester.psm1:3260
at Invoke-InNewScriptScope, C:\Users\alexa\OneDrive\Documents\PowerShell\Modules\Pester\5.7.1\Pester.psm1:3267
at Run-Test, C:\Users\alexa\OneDrive\Documents\PowerShell\Modules\Pester\5.7.1\Pester.psm1:1691
at Invoke-Test, C:\Users\alexa\OneDrive\Documents\PowerShell\Modules\Pester\5.7.1\Pester.psm1:2512
at Invoke-Pester&lt;End&gt;, C:\Users\alexa\OneDrive\Documents\PowerShell\Modules\Pester\5.7.1\Pester.psm1:4960
at &lt;ScriptBlock&gt;, &lt;No file&gt;:1</stack-trace>
                    </failure>
                  </test-case>
                </results>
              </test-suite>
              <test-suite type="TestFixture" name="PatchManager GitHub Integration.Issue Creation" executed="True" result="Failure" success="False" time="0.1096" asserts="0" description="PatchManager GitHub Integration.Issue Creation">
                <results>
                  <test-case description="Should create GitHub issue for patch tracking" name="PatchManager GitHub Integration.Issue Creation.Should create GitHub issue for patch tracking" time="0.0377" asserts="0" success="False" result="Failure" executed="True">
                    <failure>
                      <message>Expected no exception to be thrown, but an exception "The term 'New-PatchIssue' is not recognized as a name of a cmdlet, function, script file, or executable program.
Check the spelling of the name, or if a path was included, verify that the path is correct and try again." was thrown from $env:PROJECT_ROOT\tests\unit\modules\PatchManager\PatchManager-GitOperations.Tests.ps1:335 char:15
    +             { New-PatchIssue @issueData -DryRun } | Should -Not -Thro …
    +               ~~~~~~~~~~~~~~.</message>
                      <stack-trace>at { New-PatchIssue @issueData -DryRun } | Should -Not -Throw, $env:PROJECT_ROOT\tests\unit\modules\PatchManager\PatchManager-GitOperations.Tests.ps1:335
at Invoke-Assertion, C:\Users\alexa\OneDrive\Documents\PowerShell\Modules\Pester\5.7.1\Pester.psm1:8257
at Should&lt;End&gt;, C:\Users\alexa\OneDrive\Documents\PowerShell\Modules\Pester\5.7.1\Pester.psm1:8193
at &lt;ScriptBlock&gt;, $env:PROJECT_ROOT\tests\unit\modules\PatchManager\PatchManager-GitOperations.Tests.ps1:335
at &lt;ScriptBlock&gt;, C:\Users\alexa\OneDrive\Documents\PowerShell\Modules\Pester\5.7.1\Pester.psm1:2024
at &lt;ScriptBlock&gt;, C:\Users\alexa\OneDrive\Documents\PowerShell\Modules\Pester\5.7.1\Pester.psm1:1985
at Invoke-ScriptBlock, C:\Users\alexa\OneDrive\Documents\PowerShell\Modules\Pester\5.7.1\Pester.psm1:2157
at Invoke-TestItem, C:\Users\alexa\OneDrive\Documents\PowerShell\Modules\Pester\5.7.1\Pester.psm1:1199
at Invoke-Block, C:\Users\alexa\OneDrive\Documents\PowerShell\Modules\Pester\5.7.1\Pester.psm1:835
at &lt;ScriptBlock&gt;, C:\Users\alexa\OneDrive\Documents\PowerShell\Modules\Pester\5.7.1\Pester.psm1:893
at &lt;ScriptBlock&gt;, C:\Users\alexa\OneDrive\Documents\PowerShell\Modules\Pester\5.7.1\Pester.psm1:2024
at &lt;ScriptBlock&gt;, C:\Users\alexa\OneDrive\Documents\PowerShell\Modules\Pester\5.7.1\Pester.psm1:1985
at Invoke-ScriptBlock, C:\Users\alexa\OneDrive\Documents\PowerShell\Modules\Pester\5.7.1\Pester.psm1:2160
at Invoke-Block, C:\Users\alexa\OneDrive\Documents\PowerShell\Modules\Pester\5.7.1\Pester.psm1:940
at &lt;ScriptBlock&gt;, C:\Users\alexa\OneDrive\Documents\PowerShell\Modules\Pester\5.7.1\Pester.psm1:893
at &lt;ScriptBlock&gt;, C:\Users\alexa\OneDrive\Documents\PowerShell\Modules\Pester\5.7.1\Pester.psm1:2024
at &lt;ScriptBlock&gt;, C:\Users\alexa\OneDrive\Documents\PowerShell\Modules\Pester\5.7.1\Pester.psm1:1985
at Invoke-ScriptBlock, C:\Users\alexa\OneDrive\Documents\PowerShell\Modules\Pester\5.7.1\Pester.psm1:2160
at Invoke-Block, C:\Users\alexa\OneDrive\Documents\PowerShell\Modules\Pester\5.7.1\Pester.psm1:940
at &lt;ScriptBlock&gt;, C:\Users\alexa\OneDrive\Documents\PowerShell\Modules\Pester\5.7.1\Pester.psm1:893
at &lt;ScriptBlock&gt;, C:\Users\alexa\OneDrive\Documents\PowerShell\Modules\Pester\5.7.1\Pester.psm1:2024
at &lt;ScriptBlock&gt;, C:\Users\alexa\OneDrive\Documents\PowerShell\Modules\Pester\5.7.1\Pester.psm1:1985
at Invoke-ScriptBlock, C:\Users\alexa\OneDrive\Documents\PowerShell\Modules\Pester\5.7.1\Pester.psm1:2160
at Invoke-Block, C:\Users\alexa\OneDrive\Documents\PowerShell\Modules\Pester\5.7.1\Pester.psm1:940
at &lt;ScriptBlock&gt;, C:\Users\alexa\OneDrive\Documents\PowerShell\Modules\Pester\5.7.1\Pester.psm1:1688
at &lt;ScriptBlock&gt;, C:\Users\alexa\OneDrive\Documents\PowerShell\Modules\Pester\5.7.1\Pester.ps1:3
at &lt;ScriptBlock&gt;, C:\Users\alexa\OneDrive\Documents\PowerShell\Modules\Pester\5.7.1\Pester.psm1:3260
at Invoke-InNewScriptScope, C:\Users\alexa\OneDrive\Documents\PowerShell\Modules\Pester\5.7.1\Pester.psm1:3267
at Run-Test, C:\Users\alexa\OneDrive\Documents\PowerShell\Modules\Pester\5.7.1\Pester.psm1:1691
at Invoke-Test, C:\Users\alexa\OneDrive\Documents\PowerShell\Modules\Pester\5.7.1\Pester.psm1:2512
at Invoke-Pester&lt;End&gt;, C:\Users\alexa\OneDrive\Documents\PowerShell\Modules\Pester\5.7.1\Pester.psm1:4960
at &lt;ScriptBlock&gt;, &lt;No file&gt;:1</stack-trace>
                    </failure>
                  </test-case>
                </results>
              </test-suite>
              <test-suite type="TestFixture" name="PatchManager GitHub Integration.Invoke-GitHubIssueIntegration" executed="True" result="Failure" success="False" time="0.1508" asserts="0" description="PatchManager GitHub Integration.Invoke-GitHubIssueIntegration">
                <results>
                  <test-case description="Should integrate with existing issues" name="PatchManager GitHub Integration.Invoke-GitHubIssueIntegration.Should integrate with existing issues" time="0.0205" asserts="0" success="False" result="Failure" executed="True">
                    <failure>
                      <message>Expected no exception to be thrown, but an exception "A parameter cannot be found that matches parameter name 'IssueNumber'." was thrown from $env:PROJECT_ROOT\tests\unit\modules\PatchManager\PatchManager-GitOperations.Tests.ps1:341 char:45
    +             { Invoke-GitHubIssueIntegration -IssueNumber 123 -PatchDe …
    +                                             ~~~~~~~~~~~~.</message>
                      <stack-trace>at { Invoke-GitHubIssueIntegration -IssueNumber 123 -PatchDescription "fix: related to issue" -DryRun } | Should -Not -Throw, $env:PROJECT_ROOT\tests\unit\modules\PatchManager\PatchManager-GitOperations.Tests.ps1:341
at Invoke-Assertion, C:\Users\alexa\OneDrive\Documents\PowerShell\Modules\Pester\5.7.1\Pester.psm1:8257
at Should&lt;End&gt;, C:\Users\alexa\OneDrive\Documents\PowerShell\Modules\Pester\5.7.1\Pester.psm1:8193
at &lt;ScriptBlock&gt;, $env:PROJECT_ROOT\tests\unit\modules\PatchManager\PatchManager-GitOperations.Tests.ps1:341
at &lt;ScriptBlock&gt;, C:\Users\alexa\OneDrive\Documents\PowerShell\Modules\Pester\5.7.1\Pester.psm1:2024
at &lt;ScriptBlock&gt;, C:\Users\alexa\OneDrive\Documents\PowerShell\Modules\Pester\5.7.1\Pester.psm1:1985
at Invoke-ScriptBlock, C:\Users\alexa\OneDrive\Documents\PowerShell\Modules\Pester\5.7.1\Pester.psm1:2157
at Invoke-TestItem, C:\Users\alexa\OneDrive\Documents\PowerShell\Modules\Pester\5.7.1\Pester.psm1:1199
at Invoke-Block, C:\Users\alexa\OneDrive\Documents\PowerShell\Modules\Pester\5.7.1\Pester.psm1:835
at &lt;ScriptBlock&gt;, C:\Users\alexa\OneDrive\Documents\PowerShell\Modules\Pester\5.7.1\Pester.psm1:893
at &lt;ScriptBlock&gt;, C:\Users\alexa\OneDrive\Documents\PowerShell\Modules\Pester\5.7.1\Pester.psm1:2024
at &lt;ScriptBlock&gt;, C:\Users\alexa\OneDrive\Documents\PowerShell\Modules\Pester\5.7.1\Pester.psm1:1985
at Invoke-ScriptBlock, C:\Users\alexa\OneDrive\Documents\PowerShell\Modules\Pester\5.7.1\Pester.psm1:2160
at Invoke-Block, C:\Users\alexa\OneDrive\Documents\PowerShell\Modules\Pester\5.7.1\Pester.psm1:940
at &lt;ScriptBlock&gt;, C:\Users\alexa\OneDrive\Documents\PowerShell\Modules\Pester\5.7.1\Pester.psm1:893
at &lt;ScriptBlock&gt;, C:\Users\alexa\OneDrive\Documents\PowerShell\Modules\Pester\5.7.1\Pester.psm1:2024
at &lt;ScriptBlock&gt;, C:\Users\alexa\OneDrive\Documents\PowerShell\Modules\Pester\5.7.1\Pester.psm1:1985
at Invoke-ScriptBlock, C:\Users\alexa\OneDrive\Documents\PowerShell\Modules\Pester\5.7.1\Pester.psm1:2160
at Invoke-Block, C:\Users\alexa\OneDrive\Documents\PowerShell\Modules\Pester\5.7.1\Pester.psm1:940
at &lt;ScriptBlock&gt;, C:\Users\alexa\OneDrive\Documents\PowerShell\Modules\Pester\5.7.1\Pester.psm1:893
at &lt;ScriptBlock&gt;, C:\Users\alexa\OneDrive\Documents\PowerShell\Modules\Pester\5.7.1\Pester.psm1:2024
at &lt;ScriptBlock&gt;, C:\Users\alexa\OneDrive\Documents\PowerShell\Modules\Pester\5.7.1\Pester.psm1:1985
at Invoke-ScriptBlock, C:\Users\alexa\OneDrive\Documents\PowerShell\Modules\Pester\5.7.1\Pester.psm1:2160
at Invoke-Block, C:\Users\alexa\OneDrive\Documents\PowerShell\Modules\Pester\5.7.1\Pester.psm1:940
at &lt;ScriptBlock&gt;, C:\Users\alexa\OneDrive\Documents\PowerShell\Modules\Pester\5.7.1\Pester.psm1:1688
at &lt;ScriptBlock&gt;, C:\Users\alexa\OneDrive\Documents\PowerShell\Modules\Pester\5.7.1\Pester.ps1:3
at &lt;ScriptBlock&gt;, C:\Users\alexa\OneDrive\Documents\PowerShell\Modules\Pester\5.7.1\Pester.psm1:3260
at Invoke-InNewScriptScope, C:\Users\alexa\OneDrive\Documents\PowerShell\Modules\Pester\5.7.1\Pester.psm1:3267
at Run-Test, C:\Users\alexa\OneDrive\Documents\PowerShell\Modules\Pester\5.7.1\Pester.psm1:1691
at Invoke-Test, C:\Users\alexa\OneDrive\Documents\PowerShell\Modules\Pester\5.7.1\Pester.psm1:2512
at Invoke-Pester&lt;End&gt;, C:\Users\alexa\OneDrive\Documents\PowerShell\Modules\Pester\5.7.1\Pester.psm1:4960
at &lt;ScriptBlock&gt;, &lt;No file&gt;:1</stack-trace>
                    </failure>
                  </test-case>
                  <test-case description="Should create new issue if none specified" name="PatchManager GitHub Integration.Invoke-GitHubIssueIntegration.Should create new issue if none specified" time="0.0183" asserts="0" success="False" result="Failure" executed="True">
                    <failure>
                      <message>Expected no exception to be thrown, but an exception "A parameter cannot be found that matches parameter name 'CreateNewIssue'." was thrown from $env:PROJECT_ROOT\tests\unit\modules\PatchManager\PatchManager-GitOperations.Tests.ps1:345 char:87
    + … ion -PatchDescription "fix: new issue needed" -CreateNewIssue -DryRun …
    +                                                 ~~~~~~~~~~~~~~~.</message>
                      <stack-trace>at { Invoke-GitHubIssueIntegration -PatchDescription "fix: new issue needed" -CreateNewIssue -DryRun } | Should -Not -Throw, $env:PROJECT_ROOT\tests\unit\modules\PatchManager\PatchManager-GitOperations.Tests.ps1:345
at Invoke-Assertion, C:\Users\alexa\OneDrive\Documents\PowerShell\Modules\Pester\5.7.1\Pester.psm1:8257
at Should&lt;End&gt;, C:\Users\alexa\OneDrive\Documents\PowerShell\Modules\Pester\5.7.1\Pester.psm1:8193
at &lt;ScriptBlock&gt;, $env:PROJECT_ROOT\tests\unit\modules\PatchManager\PatchManager-GitOperations.Tests.ps1:345
at &lt;ScriptBlock&gt;, C:\Users\alexa\OneDrive\Documents\PowerShell\Modules\Pester\5.7.1\Pester.psm1:2024
at &lt;ScriptBlock&gt;, C:\Users\alexa\OneDrive\Documents\PowerShell\Modules\Pester\5.7.1\Pester.psm1:1985
at Invoke-ScriptBlock, C:\Users\alexa\OneDrive\Documents\PowerShell\Modules\Pester\5.7.1\Pester.psm1:2157
at Invoke-TestItem, C:\Users\alexa\OneDrive\Documents\PowerShell\Modules\Pester\5.7.1\Pester.psm1:1199
at Invoke-Block, C:\Users\alexa\OneDrive\Documents\PowerShell\Modules\Pester\5.7.1\Pester.psm1:835
at &lt;ScriptBlock&gt;, C:\Users\alexa\OneDrive\Documents\PowerShell\Modules\Pester\5.7.1\Pester.psm1:893
at &lt;ScriptBlock&gt;, C:\Users\alexa\OneDrive\Documents\PowerShell\Modules\Pester\5.7.1\Pester.psm1:2024
at &lt;ScriptBlock&gt;, C:\Users\alexa\OneDrive\Documents\PowerShell\Modules\Pester\5.7.1\Pester.psm1:1985
at Invoke-ScriptBlock, C:\Users\alexa\OneDrive\Documents\PowerShell\Modules\Pester\5.7.1\Pester.psm1:2160
at Invoke-Block, C:\Users\alexa\OneDrive\Documents\PowerShell\Modules\Pester\5.7.1\Pester.psm1:940
at &lt;ScriptBlock&gt;, C:\Users\alexa\OneDrive\Documents\PowerShell\Modules\Pester\5.7.1\Pester.psm1:893
at &lt;ScriptBlock&gt;, C:\Users\alexa\OneDrive\Documents\PowerShell\Modules\Pester\5.7.1\Pester.psm1:2024
at &lt;ScriptBlock&gt;, C:\Users\alexa\OneDrive\Documents\PowerShell\Modules\Pester\5.7.1\Pester.psm1:1985
at Invoke-ScriptBlock, C:\Users\alexa\OneDrive\Documents\PowerShell\Modules\Pester\5.7.1\Pester.psm1:2160
at Invoke-Block, C:\Users\alexa\OneDrive\Documents\PowerShell\Modules\Pester\5.7.1\Pester.psm1:940
at &lt;ScriptBlock&gt;, C:\Users\alexa\OneDrive\Documents\PowerShell\Modules\Pester\5.7.1\Pester.psm1:893
at &lt;ScriptBlock&gt;, C:\Users\alexa\OneDrive\Documents\PowerShell\Modules\Pester\5.7.1\Pester.psm1:2024
at &lt;ScriptBlock&gt;, C:\Users\alexa\OneDrive\Documents\PowerShell\Modules\Pester\5.7.1\Pester.psm1:1985
at Invoke-ScriptBlock, C:\Users\alexa\OneDrive\Documents\PowerShell\Modules\Pester\5.7.1\Pester.psm1:2160
at Invoke-Block, C:\Users\alexa\OneDrive\Documents\PowerShell\Modules\Pester\5.7.1\Pester.psm1:940
at &lt;ScriptBlock&gt;, C:\Users\alexa\OneDrive\Documents\PowerShell\Modules\Pester\5.7.1\Pester.psm1:1688
at &lt;ScriptBlock&gt;, C:\Users\alexa\OneDrive\Documents\PowerShell\Modules\Pester\5.7.1\Pester.ps1:3
at &lt;ScriptBlock&gt;, C:\Users\alexa\OneDrive\Documents\PowerShell\Modules\Pester\5.7.1\Pester.psm1:3260
at Invoke-InNewScriptScope, C:\Users\alexa\OneDrive\Documents\PowerShell\Modules\Pester\5.7.1\Pester.psm1:3267
at Run-Test, C:\Users\alexa\OneDrive\Documents\PowerShell\Modules\Pester\5.7.1\Pester.psm1:1691
at Invoke-Test, C:\Users\alexa\OneDrive\Documents\PowerShell\Modules\Pester\5.7.1\Pester.psm1:2512
at Invoke-Pester&lt;End&gt;, C:\Users\alexa\OneDrive\Documents\PowerShell\Modules\Pester\5.7.1\Pester.psm1:4960
at &lt;ScriptBlock&gt;, &lt;No file&gt;:1</stack-trace>
                    </failure>
                  </test-case>
                </results>
              </test-suite>
            </results>
          </test-suite>
          <test-suite type="TestFixture" name="PatchManager Error Handling in Git Operations" executed="True" result="Failure" success="False" time="1.2588" asserts="0" description="PatchManager Error Handling in Git Operations">
            <results>
              <test-suite type="TestFixture" name="PatchManager Error Handling in Git Operations.Git Command Failures" executed="True" result="Failure" success="False" time="0.15" asserts="0" description="PatchManager Error Handling in Git Operations.Git Command Failures">
                <results>
                  <test-case description="Should handle git checkout failures gracefully" name="PatchManager Error Handling in Git Operations.Git Command Failures.Should handle git checkout failures gracefully" time="0.0739" asserts="0" success="False" result="Failure" executed="True">
                    <failure>
                      <message>Expected an exception to be thrown, but no exception was thrown.</message>
                      <stack-trace>at { Invoke-GitControlledPatch -PatchDescription "test: checkout failure" -PatchOperation $patchOperation -DryRun } | Should -Throw, $env:PROJECT_ROOT\tests\unit\modules\PatchManager\PatchManager-GitOperations.Tests.ps1:365
at Invoke-Assertion, C:\Users\alexa\OneDrive\Documents\PowerShell\Modules\Pester\5.7.1\Pester.psm1:8257
at Should&lt;End&gt;, C:\Users\alexa\OneDrive\Documents\PowerShell\Modules\Pester\5.7.1\Pester.psm1:8193
at &lt;ScriptBlock&gt;, $env:PROJECT_ROOT\tests\unit\modules\PatchManager\PatchManager-GitOperations.Tests.ps1:365
at &lt;ScriptBlock&gt;, C:\Users\alexa\OneDrive\Documents\PowerShell\Modules\Pester\5.7.1\Pester.psm1:2024
at &lt;ScriptBlock&gt;, C:\Users\alexa\OneDrive\Documents\PowerShell\Modules\Pester\5.7.1\Pester.psm1:1985
at Invoke-ScriptBlock, C:\Users\alexa\OneDrive\Documents\PowerShell\Modules\Pester\5.7.1\Pester.psm1:2157
at Invoke-TestItem, C:\Users\alexa\OneDrive\Documents\PowerShell\Modules\Pester\5.7.1\Pester.psm1:1199
at Invoke-Block, C:\Users\alexa\OneDrive\Documents\PowerShell\Modules\Pester\5.7.1\Pester.psm1:835
at &lt;ScriptBlock&gt;, C:\Users\alexa\OneDrive\Documents\PowerShell\Modules\Pester\5.7.1\Pester.psm1:893
at &lt;ScriptBlock&gt;, C:\Users\alexa\OneDrive\Documents\PowerShell\Modules\Pester\5.7.1\Pester.psm1:2024
at &lt;ScriptBlock&gt;, C:\Users\alexa\OneDrive\Documents\PowerShell\Modules\Pester\5.7.1\Pester.psm1:1985
at Invoke-ScriptBlock, C:\Users\alexa\OneDrive\Documents\PowerShell\Modules\Pester\5.7.1\Pester.psm1:2160
at Invoke-Block, C:\Users\alexa\OneDrive\Documents\PowerShell\Modules\Pester\5.7.1\Pester.psm1:940
at &lt;ScriptBlock&gt;, C:\Users\alexa\OneDrive\Documents\PowerShell\Modules\Pester\5.7.1\Pester.psm1:893
at &lt;ScriptBlock&gt;, C:\Users\alexa\OneDrive\Documents\PowerShell\Modules\Pester\5.7.1\Pester.psm1:2024
at &lt;ScriptBlock&gt;, C:\Users\alexa\OneDrive\Documents\PowerShell\Modules\Pester\5.7.1\Pester.psm1:1985
at Invoke-ScriptBlock, C:\Users\alexa\OneDrive\Documents\PowerShell\Modules\Pester\5.7.1\Pester.psm1:2160
at Invoke-Block, C:\Users\alexa\OneDrive\Documents\PowerShell\Modules\Pester\5.7.1\Pester.psm1:940
at &lt;ScriptBlock&gt;, C:\Users\alexa\OneDrive\Documents\PowerShell\Modules\Pester\5.7.1\Pester.psm1:893
at &lt;ScriptBlock&gt;, C:\Users\alexa\OneDrive\Documents\PowerShell\Modules\Pester\5.7.1\Pester.psm1:2024
at &lt;ScriptBlock&gt;, C:\Users\alexa\OneDrive\Documents\PowerShell\Modules\Pester\5.7.1\Pester.psm1:1985
at Invoke-ScriptBlock, C:\Users\alexa\OneDrive\Documents\PowerShell\Modules\Pester\5.7.1\Pester.psm1:2160
at Invoke-Block, C:\Users\alexa\OneDrive\Documents\PowerShell\Modules\Pester\5.7.1\Pester.psm1:940
at &lt;ScriptBlock&gt;, C:\Users\alexa\OneDrive\Documents\PowerShell\Modules\Pester\5.7.1\Pester.psm1:1688
at &lt;ScriptBlock&gt;, C:\Users\alexa\OneDrive\Documents\PowerShell\Modules\Pester\5.7.1\Pester.ps1:3
at &lt;ScriptBlock&gt;, C:\Users\alexa\OneDrive\Documents\PowerShell\Modules\Pester\5.7.1\Pester.psm1:3260
at Invoke-InNewScriptScope, C:\Users\alexa\OneDrive\Documents\PowerShell\Modules\Pester\5.7.1\Pester.psm1:3267
at Run-Test, C:\Users\alexa\OneDrive\Documents\PowerShell\Modules\Pester\5.7.1\Pester.psm1:1691
at Invoke-Test, C:\Users\alexa\OneDrive\Documents\PowerShell\Modules\Pester\5.7.1\Pester.psm1:2512
at Invoke-Pester&lt;End&gt;, C:\Users\alexa\OneDrive\Documents\PowerShell\Modules\Pester\5.7.1\Pester.psm1:4960
at &lt;ScriptBlock&gt;, &lt;No file&gt;:1</stack-trace>
                    </failure>
                  </test-case>
                  <test-case description="Should handle git commit failures gracefully" name="PatchManager Error Handling in Git Operations.Git Command Failures.Should handle git commit failures gracefully" time="0.0734" asserts="0" success="False" result="Failure" executed="True">
                    <failure>
                      <message>Expected an exception to be thrown, but no exception was thrown.</message>
                      <stack-trace>at { Invoke-GitControlledPatch -PatchDescription "test: commit failure" -PatchOperation $patchOperation -DryRun } | Should -Throw, $env:PROJECT_ROOT\tests\unit\modules\PatchManager\PatchManager-GitOperations.Tests.ps1:381
at Invoke-Assertion, C:\Users\alexa\OneDrive\Documents\PowerShell\Modules\Pester\5.7.1\Pester.psm1:8257
at Should&lt;End&gt;, C:\Users\alexa\OneDrive\Documents\PowerShell\Modules\Pester\5.7.1\Pester.psm1:8193
at &lt;ScriptBlock&gt;, $env:PROJECT_ROOT\tests\unit\modules\PatchManager\PatchManager-GitOperations.Tests.ps1:381
at &lt;ScriptBlock&gt;, C:\Users\alexa\OneDrive\Documents\PowerShell\Modules\Pester\5.7.1\Pester.psm1:2024
at &lt;ScriptBlock&gt;, C:\Users\alexa\OneDrive\Documents\PowerShell\Modules\Pester\5.7.1\Pester.psm1:1985
at Invoke-ScriptBlock, C:\Users\alexa\OneDrive\Documents\PowerShell\Modules\Pester\5.7.1\Pester.psm1:2157
at Invoke-TestItem, C:\Users\alexa\OneDrive\Documents\PowerShell\Modules\Pester\5.7.1\Pester.psm1:1199
at Invoke-Block, C:\Users\alexa\OneDrive\Documents\PowerShell\Modules\Pester\5.7.1\Pester.psm1:835
at &lt;ScriptBlock&gt;, C:\Users\alexa\OneDrive\Documents\PowerShell\Modules\Pester\5.7.1\Pester.psm1:893
at &lt;ScriptBlock&gt;, C:\Users\alexa\OneDrive\Documents\PowerShell\Modules\Pester\5.7.1\Pester.psm1:2024
at &lt;ScriptBlock&gt;, C:\Users\alexa\OneDrive\Documents\PowerShell\Modules\Pester\5.7.1\Pester.psm1:1985
at Invoke-ScriptBlock, C:\Users\alexa\OneDrive\Documents\PowerShell\Modules\Pester\5.7.1\Pester.psm1:2160
at Invoke-Block, C:\Users\alexa\OneDrive\Documents\PowerShell\Modules\Pester\5.7.1\Pester.psm1:940
at &lt;ScriptBlock&gt;, C:\Users\alexa\OneDrive\Documents\PowerShell\Modules\Pester\5.7.1\Pester.psm1:893
at &lt;ScriptBlock&gt;, C:\Users\alexa\OneDrive\Documents\PowerShell\Modules\Pester\5.7.1\Pester.psm1:2024
at &lt;ScriptBlock&gt;, C:\Users\alexa\OneDrive\Documents\PowerShell\Modules\Pester\5.7.1\Pester.psm1:1985
at Invoke-ScriptBlock, C:\Users\alexa\OneDrive\Documents\PowerShell\Modules\Pester\5.7.1\Pester.psm1:2160
at Invoke-Block, C:\Users\alexa\OneDrive\Documents\PowerShell\Modules\Pester\5.7.1\Pester.psm1:940
at &lt;ScriptBlock&gt;, C:\Users\alexa\OneDrive\Documents\PowerShell\Modules\Pester\5.7.1\Pester.psm1:893
at &lt;ScriptBlock&gt;, C:\Users\alexa\OneDrive\Documents\PowerShell\Modules\Pester\5.7.1\Pester.psm1:2024
at &lt;ScriptBlock&gt;, C:\Users\alexa\OneDrive\Documents\PowerShell\Modules\Pester\5.7.1\Pester.psm1:1985
at Invoke-ScriptBlock, C:\Users\alexa\OneDrive\Documents\PowerShell\Modules\Pester\5.7.1\Pester.psm1:2160
at Invoke-Block, C:\Users\alexa\OneDrive\Documents\PowerShell\Modules\Pester\5.7.1\Pester.psm1:940
at &lt;ScriptBlock&gt;, C:\Users\alexa\OneDrive\Documents\PowerShell\Modules\Pester\5.7.1\Pester.psm1:1688
at &lt;ScriptBlock&gt;, C:\Users\alexa\OneDrive\Documents\PowerShell\Modules\Pester\5.7.1\Pester.ps1:3
at &lt;ScriptBlock&gt;, C:\Users\alexa\OneDrive\Documents\PowerShell\Modules\Pester\5.7.1\Pester.psm1:3260
at Invoke-InNewScriptScope, C:\Users\alexa\OneDrive\Documents\PowerShell\Modules\Pester\5.7.1\Pester.psm1:3267
at Run-Test, C:\Users\alexa\OneDrive\Documents\PowerShell\Modules\Pester\5.7.1\Pester.psm1:1691
at Invoke-Test, C:\Users\alexa\OneDrive\Documents\PowerShell\Modules\Pester\5.7.1\Pester.psm1:2512
at Invoke-Pester&lt;End&gt;, C:\Users\alexa\OneDrive\Documents\PowerShell\Modules\Pester\5.7.1\Pester.psm1:4960
at &lt;ScriptBlock&gt;, &lt;No file&gt;:1</stack-trace>
                    </failure>
                  </test-case>
                </results>
              </test-suite>
              <test-suite type="TestFixture" name="PatchManager Error Handling in Git Operations.GitHub CLI Failures" executed="True" result="Failure" success="False" time="0.212" asserts="0" description="PatchManager Error Handling in Git Operations.GitHub CLI Failures">
                <results>
                  <test-case description="Should handle gh authentication failures" name="PatchManager Error Handling in Git Operations.GitHub CLI Failures.Should handle gh authentication failures" time="0.0272" asserts="0" success="False" result="Failure" executed="True">
                    <failure>
                      <message>CommandNotFoundException: The term 'Test-GitHubAuthentication' is not recognized as a name of a cmdlet, function, script file, or executable program.
Check the spelling of the name, or if a path was included, verify that the path is correct and try again.</message>
                      <stack-trace>at &lt;ScriptBlock&gt;, $env:PROJECT_ROOT\tests\unit\modules\PatchManager\PatchManager-GitOperations.Tests.ps1:397
at &lt;ScriptBlock&gt;, C:\Users\alexa\OneDrive\Documents\PowerShell\Modules\Pester\5.7.1\Pester.psm1:2024
at &lt;ScriptBlock&gt;, C:\Users\alexa\OneDrive\Documents\PowerShell\Modules\Pester\5.7.1\Pester.psm1:1985
at Invoke-ScriptBlock, C:\Users\alexa\OneDrive\Documents\PowerShell\Modules\Pester\5.7.1\Pester.psm1:2157
at Invoke-TestItem, C:\Users\alexa\OneDrive\Documents\PowerShell\Modules\Pester\5.7.1\Pester.psm1:1199
at Invoke-Block, C:\Users\alexa\OneDrive\Documents\PowerShell\Modules\Pester\5.7.1\Pester.psm1:835
at &lt;ScriptBlock&gt;, C:\Users\alexa\OneDrive\Documents\PowerShell\Modules\Pester\5.7.1\Pester.psm1:893
at &lt;ScriptBlock&gt;, C:\Users\alexa\OneDrive\Documents\PowerShell\Modules\Pester\5.7.1\Pester.psm1:2024
at &lt;ScriptBlock&gt;, C:\Users\alexa\OneDrive\Documents\PowerShell\Modules\Pester\5.7.1\Pester.psm1:1985
at Invoke-ScriptBlock, C:\Users\alexa\OneDrive\Documents\PowerShell\Modules\Pester\5.7.1\Pester.psm1:2160
at Invoke-Block, C:\Users\alexa\OneDrive\Documents\PowerShell\Modules\Pester\5.7.1\Pester.psm1:940
at &lt;ScriptBlock&gt;, C:\Users\alexa\OneDrive\Documents\PowerShell\Modules\Pester\5.7.1\Pester.psm1:893
at &lt;ScriptBlock&gt;, C:\Users\alexa\OneDrive\Documents\PowerShell\Modules\Pester\5.7.1\Pester.psm1:2024
at &lt;ScriptBlock&gt;, C:\Users\alexa\OneDrive\Documents\PowerShell\Modules\Pester\5.7.1\Pester.psm1:1985
at Invoke-ScriptBlock, C:\Users\alexa\OneDrive\Documents\PowerShell\Modules\Pester\5.7.1\Pester.psm1:2160
at Invoke-Block, C:\Users\alexa\OneDrive\Documents\PowerShell\Modules\Pester\5.7.1\Pester.psm1:940
at &lt;ScriptBlock&gt;, C:\Users\alexa\OneDrive\Documents\PowerShell\Modules\Pester\5.7.1\Pester.psm1:893
at &lt;ScriptBlock&gt;, C:\Users\alexa\OneDrive\Documents\PowerShell\Modules\Pester\5.7.1\Pester.psm1:2024
at &lt;ScriptBlock&gt;, C:\Users\alexa\OneDrive\Documents\PowerShell\Modules\Pester\5.7.1\Pester.psm1:1985
at Invoke-ScriptBlock, C:\Users\alexa\OneDrive\Documents\PowerShell\Modules\Pester\5.7.1\Pester.psm1:2160
at Invoke-Block, C:\Users\alexa\OneDrive\Documents\PowerShell\Modules\Pester\5.7.1\Pester.psm1:940
at &lt;ScriptBlock&gt;, C:\Users\alexa\OneDrive\Documents\PowerShell\Modules\Pester\5.7.1\Pester.psm1:1688
at &lt;ScriptBlock&gt;, C:\Users\alexa\OneDrive\Documents\PowerShell\Modules\Pester\5.7.1\Pester.ps1:3
at &lt;ScriptBlock&gt;, C:\Users\alexa\OneDrive\Documents\PowerShell\Modules\Pester\5.7.1\Pester.psm1:3260
at Invoke-InNewScriptScope, C:\Users\alexa\OneDrive\Documents\PowerShell\Modules\Pester\5.7.1\Pester.psm1:3267
at Run-Test, C:\Users\alexa\OneDrive\Documents\PowerShell\Modules\Pester\5.7.1\Pester.psm1:1691
at Invoke-Test, C:\Users\alexa\OneDrive\Documents\PowerShell\Modules\Pester\5.7.1\Pester.psm1:2512
at Invoke-Pester&lt;End&gt;, C:\Users\alexa\OneDrive\Documents\PowerShell\Modules\Pester\5.7.1\Pester.psm1:4960
at &lt;ScriptBlock&gt;, &lt;No file&gt;:1</stack-trace>
                    </failure>
                  </test-case>
                  <test-case description="Should handle PR creation failures" name="PatchManager Error Handling in Git Operations.GitHub CLI Failures.Should handle PR creation failures" time="0.0323" asserts="0" success="True" result="Success" executed="True" />
                </results>
              </test-suite>
            </results>
          </test-suite>
        </results>
      </test-suite>
      <test-suite type="TestFixture" name="$env:PROJECT_ROOT\tests\unit\modules\PatchManager\PatchManager-Validation.Tests.ps1" executed="True" result="Failure" success="False" time="0.9502" asserts="0" description="$env:PROJECT_ROOT\tests\unit\modules\PatchManager\PatchManager-Validation.Tests.ps1">
        <results>
          <test-suite type="TestFixture" name="PatchManager Validation Functions" executed="True" result="Success" success="True" time="0.3161" asserts="0" description="PatchManager Validation Functions">
            <results>
              <test-suite type="TestFixture" name="PatchManager Validation Functions.Test-PatchingRequirements" executed="True" result="Success" success="True" time="0.2437" asserts="0" description="PatchManager Validation Functions.Test-PatchingRequirements">
                <results>
                  <test-case description="Should detect available PowerShell modules" name="PatchManager Validation Functions.Test-PatchingRequirements.Should detect available PowerShell modules" time="0.0581" asserts="0" success="True" result="Success" executed="True" />
                  <test-case description="Should detect missing PowerShell modules" name="PatchManager Validation Functions.Test-PatchingRequirements.Should detect missing PowerShell modules" time="0.0447" asserts="0" success="True" result="Success" executed="True" />
                  <test-case description="Should detect available commands" name="PatchManager Validation Functions.Test-PatchingRequirements.Should detect available commands" time="0.0369" asserts="0" success="True" result="Success" executed="True" />
                  <test-case description="Should detect missing commands" name="PatchManager Validation Functions.Test-PatchingRequirements.Should detect missing commands" time="0.0168" asserts="0" success="True" result="Success" executed="True" />
                  <test-case description="Should provide fix suggestions for missing requirements" name="PatchManager Validation Functions.Test-PatchingRequirements.Should provide fix suggestions for missing requirements" time="0.0172" asserts="0" success="True" result="Success" executed="True" />
                  <test-case description="Should install missing modules when requested" name="PatchManager Validation Functions.Test-PatchingRequirements.Should install missing modules when requested" time="0.0151" asserts="0" success="True" result="Success" executed="True" />
                  <test-case description="Should validate affected files when provided" name="PatchManager Validation Functions.Test-PatchingRequirements.Should validate affected files when provided" time="0.0204" asserts="0" success="True" result="Success" executed="True" />
                  <test-case description="Should write to log file when specified" name="PatchManager Validation Functions.Test-PatchingRequirements.Should write to log file when specified" time="0.0319" asserts="0" success="True" result="Success" executed="True" />
                </results>
              </test-suite>
              <test-suite type="TestFixture" name="PatchManager Validation Functions.Invoke-PatchValidation" executed="True" result="Success" success="True" time="0.3134" asserts="0" description="PatchManager Validation Functions.Invoke-PatchValidation">
                <results>
                  <test-case description="Should perform comprehensive patch validation" name="PatchManager Validation Functions.Invoke-PatchValidation.Should perform comprehensive patch validation" time="0.0162" asserts="0" success="True" result="Success" executed="True" />
                  <test-case description="Should validate specific files when provided" name="PatchManager Validation Functions.Invoke-PatchValidation.Should validate specific files when provided" time="0.0163" asserts="0" success="True" result="Success" executed="True" />
                  <test-case description="Should perform syntax validation" name="PatchManager Validation Functions.Invoke-PatchValidation.Should perform syntax validation" time="0.0174" asserts="0" success="True" result="Success" executed="True" />
                  <test-case description="Should perform module validation" name="PatchManager Validation Functions.Invoke-PatchValidation.Should perform module validation" time="0.0153" asserts="0" success="True" result="Success" executed="True" />
                </results>
              </test-suite>
            </results>
          </test-suite>
          <test-suite type="TestFixture" name="PatchManager Rollback Functions" executed="True" result="Failure" success="False" time="0.5879" asserts="0" description="PatchManager Rollback Functions">
            <results>
              <test-suite type="TestFixture" name="PatchManager Rollback Functions.Invoke-QuickRollback" executed="True" result="Failure" success="False" time="0.0843" asserts="0" description="PatchManager Rollback Functions.Invoke-QuickRollback">
                <results>
                  <test-case description="Should rollback last commit" name="PatchManager Rollback Functions.Invoke-QuickRollback.Should rollback last commit" time="0.0182" asserts="0" success="False" result="Failure" executed="True">
                    <failure>
                      <message>ParameterBindingException: A parameter cannot be found that matches parameter name 'DryRun'.</message>
                      <stack-trace>at &lt;ScriptBlock&gt;, $env:PROJECT_ROOT\tests\unit\modules\PatchManager\PatchManager-Validation.Tests.ps1:258
at &lt;ScriptBlock&gt;, C:\Users\alexa\OneDrive\Documents\PowerShell\Modules\Pester\5.7.1\Pester.psm1:2024
at &lt;ScriptBlock&gt;, C:\Users\alexa\OneDrive\Documents\PowerShell\Modules\Pester\5.7.1\Pester.psm1:1985
at Invoke-ScriptBlock, C:\Users\alexa\OneDrive\Documents\PowerShell\Modules\Pester\5.7.1\Pester.psm1:2157
at Invoke-TestItem, C:\Users\alexa\OneDrive\Documents\PowerShell\Modules\Pester\5.7.1\Pester.psm1:1199
at Invoke-Block, C:\Users\alexa\OneDrive\Documents\PowerShell\Modules\Pester\5.7.1\Pester.psm1:835
at &lt;ScriptBlock&gt;, C:\Users\alexa\OneDrive\Documents\PowerShell\Modules\Pester\5.7.1\Pester.psm1:893
at &lt;ScriptBlock&gt;, C:\Users\alexa\OneDrive\Documents\PowerShell\Modules\Pester\5.7.1\Pester.psm1:2024
at &lt;ScriptBlock&gt;, C:\Users\alexa\OneDrive\Documents\PowerShell\Modules\Pester\5.7.1\Pester.psm1:1985
at Invoke-ScriptBlock, C:\Users\alexa\OneDrive\Documents\PowerShell\Modules\Pester\5.7.1\Pester.psm1:2160
at Invoke-Block, C:\Users\alexa\OneDrive\Documents\PowerShell\Modules\Pester\5.7.1\Pester.psm1:940
at &lt;ScriptBlock&gt;, C:\Users\alexa\OneDrive\Documents\PowerShell\Modules\Pester\5.7.1\Pester.psm1:893
at &lt;ScriptBlock&gt;, C:\Users\alexa\OneDrive\Documents\PowerShell\Modules\Pester\5.7.1\Pester.psm1:2024
at &lt;ScriptBlock&gt;, C:\Users\alexa\OneDrive\Documents\PowerShell\Modules\Pester\5.7.1\Pester.psm1:1985
at Invoke-ScriptBlock, C:\Users\alexa\OneDrive\Documents\PowerShell\Modules\Pester\5.7.1\Pester.psm1:2160
at Invoke-Block, C:\Users\alexa\OneDrive\Documents\PowerShell\Modules\Pester\5.7.1\Pester.psm1:940
at &lt;ScriptBlock&gt;, C:\Users\alexa\OneDrive\Documents\PowerShell\Modules\Pester\5.7.1\Pester.psm1:893
at &lt;ScriptBlock&gt;, C:\Users\alexa\OneDrive\Documents\PowerShell\Modules\Pester\5.7.1\Pester.psm1:2024
at &lt;ScriptBlock&gt;, C:\Users\alexa\OneDrive\Documents\PowerShell\Modules\Pester\5.7.1\Pester.psm1:1985
at Invoke-ScriptBlock, C:\Users\alexa\OneDrive\Documents\PowerShell\Modules\Pester\5.7.1\Pester.psm1:2160
at Invoke-Block, C:\Users\alexa\OneDrive\Documents\PowerShell\Modules\Pester\5.7.1\Pester.psm1:940
at &lt;ScriptBlock&gt;, C:\Users\alexa\OneDrive\Documents\PowerShell\Modules\Pester\5.7.1\Pester.psm1:1688
at &lt;ScriptBlock&gt;, C:\Users\alexa\OneDrive\Documents\PowerShell\Modules\Pester\5.7.1\Pester.ps1:3
at &lt;ScriptBlock&gt;, C:\Users\alexa\OneDrive\Documents\PowerShell\Modules\Pester\5.7.1\Pester.psm1:3260
at Invoke-InNewScriptScope, C:\Users\alexa\OneDrive\Documents\PowerShell\Modules\Pester\5.7.1\Pester.psm1:3267
at Run-Test, C:\Users\alexa\OneDrive\Documents\PowerShell\Modules\Pester\5.7.1\Pester.psm1:1691
at Invoke-Test, C:\Users\alexa\OneDrive\Documents\PowerShell\Modules\Pester\5.7.1\Pester.psm1:2512
at Invoke-Pester&lt;End&gt;, C:\Users\alexa\OneDrive\Documents\PowerShell\Modules\Pester\5.7.1\Pester.psm1:4960
at &lt;ScriptBlock&gt;, &lt;No file&gt;:1</stack-trace>
                    </failure>
                  </test-case>
                  <test-case description="Should rollback to specific commit" name="PatchManager Rollback Functions.Invoke-QuickRollback.Should rollback to specific commit" time="0.0138" asserts="0" success="False" result="Failure" executed="True">
                    <failure>
                      <message>ValidationMetadataException: The argument "SpecificCommit" does not belong to the set "LastPatch,LastCommit,ToCommit,ToBranch,Emergency" specified by the ValidateSet attribute. Supply an argument that is in the set and then try the command again.
ParameterBindingValidationException: Cannot validate argument on parameter 'RollbackType'. The argument "SpecificCommit" does not belong to the set "LastPatch,LastCommit,ToCommit,ToBranch,Emergency" specified by the ValidateSet attribute. Supply an argument that is in the set and then try the command again.</message>
                      <stack-trace>at &lt;ScriptBlock&gt;, $env:PROJECT_ROOT\tests\unit\modules\PatchManager\PatchManager-Validation.Tests.ps1:265
at &lt;ScriptBlock&gt;, C:\Users\alexa\OneDrive\Documents\PowerShell\Modules\Pester\5.7.1\Pester.psm1:2024
at &lt;ScriptBlock&gt;, C:\Users\alexa\OneDrive\Documents\PowerShell\Modules\Pester\5.7.1\Pester.psm1:1985
at Invoke-ScriptBlock, C:\Users\alexa\OneDrive\Documents\PowerShell\Modules\Pester\5.7.1\Pester.psm1:2157
at Invoke-TestItem, C:\Users\alexa\OneDrive\Documents\PowerShell\Modules\Pester\5.7.1\Pester.psm1:1199
at Invoke-Block, C:\Users\alexa\OneDrive\Documents\PowerShell\Modules\Pester\5.7.1\Pester.psm1:835
at &lt;ScriptBlock&gt;, C:\Users\alexa\OneDrive\Documents\PowerShell\Modules\Pester\5.7.1\Pester.psm1:893
at &lt;ScriptBlock&gt;, C:\Users\alexa\OneDrive\Documents\PowerShell\Modules\Pester\5.7.1\Pester.psm1:2024
at &lt;ScriptBlock&gt;, C:\Users\alexa\OneDrive\Documents\PowerShell\Modules\Pester\5.7.1\Pester.psm1:1985
at Invoke-ScriptBlock, C:\Users\alexa\OneDrive\Documents\PowerShell\Modules\Pester\5.7.1\Pester.psm1:2160
at Invoke-Block, C:\Users\alexa\OneDrive\Documents\PowerShell\Modules\Pester\5.7.1\Pester.psm1:940
at &lt;ScriptBlock&gt;, C:\Users\alexa\OneDrive\Documents\PowerShell\Modules\Pester\5.7.1\Pester.psm1:893
at &lt;ScriptBlock&gt;, C:\Users\alexa\OneDrive\Documents\PowerShell\Modules\Pester\5.7.1\Pester.psm1:2024
at &lt;ScriptBlock&gt;, C:\Users\alexa\OneDrive\Documents\PowerShell\Modules\Pester\5.7.1\Pester.psm1:1985
at Invoke-ScriptBlock, C:\Users\alexa\OneDrive\Documents\PowerShell\Modules\Pester\5.7.1\Pester.psm1:2160
at Invoke-Block, C:\Users\alexa\OneDrive\Documents\PowerShell\Modules\Pester\5.7.1\Pester.psm1:940
at &lt;ScriptBlock&gt;, C:\Users\alexa\OneDrive\Documents\PowerShell\Modules\Pester\5.7.1\Pester.psm1:893
at &lt;ScriptBlock&gt;, C:\Users\alexa\OneDrive\Documents\PowerShell\Modules\Pester\5.7.1\Pester.psm1:2024
at &lt;ScriptBlock&gt;, C:\Users\alexa\OneDrive\Documents\PowerShell\Modules\Pester\5.7.1\Pester.psm1:1985
at Invoke-ScriptBlock, C:\Users\alexa\OneDrive\Documents\PowerShell\Modules\Pester\5.7.1\Pester.psm1:2160
at Invoke-Block, C:\Users\alexa\OneDrive\Documents\PowerShell\Modules\Pester\5.7.1\Pester.psm1:940
at &lt;ScriptBlock&gt;, C:\Users\alexa\OneDrive\Documents\PowerShell\Modules\Pester\5.7.1\Pester.psm1:1688
at &lt;ScriptBlock&gt;, C:\Users\alexa\OneDrive\Documents\PowerShell\Modules\Pester\5.7.1\Pester.ps1:3
at &lt;ScriptBlock&gt;, C:\Users\alexa\OneDrive\Documents\PowerShell\Modules\Pester\5.7.1\Pester.psm1:3260
at Invoke-InNewScriptScope, C:\Users\alexa\OneDrive\Documents\PowerShell\Modules\Pester\5.7.1\Pester.psm1:3267
at Run-Test, C:\Users\alexa\OneDrive\Documents\PowerShell\Modules\Pester\5.7.1\Pester.psm1:1691
at Invoke-Test, C:\Users\alexa\OneDrive\Documents\PowerShell\Modules\Pester\5.7.1\Pester.psm1:2512
at Invoke-Pester&lt;End&gt;, C:\Users\alexa\OneDrive\Documents\PowerShell\Modules\Pester\5.7.1\Pester.psm1:4960
at &lt;ScriptBlock&gt;, &lt;No file&gt;:1</stack-trace>
                    </failure>
                  </test-case>
                  <test-case description="Should rollback working tree changes" name="PatchManager Rollback Functions.Invoke-QuickRollback.Should rollback working tree changes" time="0.0105" asserts="0" success="False" result="Failure" executed="True">
                    <failure>
                      <message>ValidationMetadataException: The argument "WorkingTree" does not belong to the set "LastPatch,LastCommit,ToCommit,ToBranch,Emergency" specified by the ValidateSet attribute. Supply an argument that is in the set and then try the command again.
ParameterBindingValidationException: Cannot validate argument on parameter 'RollbackType'. The argument "WorkingTree" does not belong to the set "LastPatch,LastCommit,ToCommit,ToBranch,Emergency" specified by the ValidateSet attribute. Supply an argument that is in the set and then try the command again.</message>
                      <stack-trace>at &lt;ScriptBlock&gt;, $env:PROJECT_ROOT\tests\unit\modules\PatchManager\PatchManager-Validation.Tests.ps1:271
at &lt;ScriptBlock&gt;, C:\Users\alexa\OneDrive\Documents\PowerShell\Modules\Pester\5.7.1\Pester.psm1:2024
at &lt;ScriptBlock&gt;, C:\Users\alexa\OneDrive\Documents\PowerShell\Modules\Pester\5.7.1\Pester.psm1:1985
at Invoke-ScriptBlock, C:\Users\alexa\OneDrive\Documents\PowerShell\Modules\Pester\5.7.1\Pester.psm1:2157
at Invoke-TestItem, C:\Users\alexa\OneDrive\Documents\PowerShell\Modules\Pester\5.7.1\Pester.psm1:1199
at Invoke-Block, C:\Users\alexa\OneDrive\Documents\PowerShell\Modules\Pester\5.7.1\Pester.psm1:835
at &lt;ScriptBlock&gt;, C:\Users\alexa\OneDrive\Documents\PowerShell\Modules\Pester\5.7.1\Pester.psm1:893
at &lt;ScriptBlock&gt;, C:\Users\alexa\OneDrive\Documents\PowerShell\Modules\Pester\5.7.1\Pester.psm1:2024
at &lt;ScriptBlock&gt;, C:\Users\alexa\OneDrive\Documents\PowerShell\Modules\Pester\5.7.1\Pester.psm1:1985
at Invoke-ScriptBlock, C:\Users\alexa\OneDrive\Documents\PowerShell\Modules\Pester\5.7.1\Pester.psm1:2160
at Invoke-Block, C:\Users\alexa\OneDrive\Documents\PowerShell\Modules\Pester\5.7.1\Pester.psm1:940
at &lt;ScriptBlock&gt;, C:\Users\alexa\OneDrive\Documents\PowerShell\Modules\Pester\5.7.1\Pester.psm1:893
at &lt;ScriptBlock&gt;, C:\Users\alexa\OneDrive\Documents\PowerShell\Modules\Pester\5.7.1\Pester.psm1:2024
at &lt;ScriptBlock&gt;, C:\Users\alexa\OneDrive\Documents\PowerShell\Modules\Pester\5.7.1\Pester.psm1:1985
at Invoke-ScriptBlock, C:\Users\alexa\OneDrive\Documents\PowerShell\Modules\Pester\5.7.1\Pester.psm1:2160
at Invoke-Block, C:\Users\alexa\OneDrive\Documents\PowerShell\Modules\Pester\5.7.1\Pester.psm1:940
at &lt;ScriptBlock&gt;, C:\Users\alexa\OneDrive\Documents\PowerShell\Modules\Pester\5.7.1\Pester.psm1:893
at &lt;ScriptBlock&gt;, C:\Users\alexa\OneDrive\Documents\PowerShell\Modules\Pester\5.7.1\Pester.psm1:2024
at &lt;ScriptBlock&gt;, C:\Users\alexa\OneDrive\Documents\PowerShell\Modules\Pester\5.7.1\Pester.psm1:1985
at Invoke-ScriptBlock, C:\Users\alexa\OneDrive\Documents\PowerShell\Modules\Pester\5.7.1\Pester.psm1:2160
at Invoke-Block, C:\Users\alexa\OneDrive\Documents\PowerShell\Modules\Pester\5.7.1\Pester.psm1:940
at &lt;ScriptBlock&gt;, C:\Users\alexa\OneDrive\Documents\PowerShell\Modules\Pester\5.7.1\Pester.psm1:1688
at &lt;ScriptBlock&gt;, C:\Users\alexa\OneDrive\Documents\PowerShell\Modules\Pester\5.7.1\Pester.ps1:3
at &lt;ScriptBlock&gt;, C:\Users\alexa\OneDrive\Documents\PowerShell\Modules\Pester\5.7.1\Pester.psm1:3260
at Invoke-InNewScriptScope, C:\Users\alexa\OneDrive\Documents\PowerShell\Modules\Pester\5.7.1\Pester.psm1:3267
at Run-Test, C:\Users\alexa\OneDrive\Documents\PowerShell\Modules\Pester\5.7.1\Pester.psm1:1691
at Invoke-Test, C:\Users\alexa\OneDrive\Documents\PowerShell\Modules\Pester\5.7.1\Pester.psm1:2512
at Invoke-Pester&lt;End&gt;, C:\Users\alexa\OneDrive\Documents\PowerShell\Modules\Pester\5.7.1\Pester.psm1:4960
at &lt;ScriptBlock&gt;, &lt;No file&gt;:1</stack-trace>
                    </failure>
                  </test-case>
                  <test-case description="Should create backup when requested" name="PatchManager Rollback Functions.Invoke-QuickRollback.Should create backup when requested" time="0.0103" asserts="0" success="False" result="Failure" executed="True">
                    <failure>
                      <message>ParameterBindingException: A parameter cannot be found that matches parameter name 'DryRun'.</message>
                      <stack-trace>at &lt;ScriptBlock&gt;, $env:PROJECT_ROOT\tests\unit\modules\PatchManager\PatchManager-Validation.Tests.ps1:277
at &lt;ScriptBlock&gt;, C:\Users\alexa\OneDrive\Documents\PowerShell\Modules\Pester\5.7.1\Pester.psm1:2024
at &lt;ScriptBlock&gt;, C:\Users\alexa\OneDrive\Documents\PowerShell\Modules\Pester\5.7.1\Pester.psm1:1985
at Invoke-ScriptBlock, C:\Users\alexa\OneDrive\Documents\PowerShell\Modules\Pester\5.7.1\Pester.psm1:2157
at Invoke-TestItem, C:\Users\alexa\OneDrive\Documents\PowerShell\Modules\Pester\5.7.1\Pester.psm1:1199
at Invoke-Block, C:\Users\alexa\OneDrive\Documents\PowerShell\Modules\Pester\5.7.1\Pester.psm1:835
at &lt;ScriptBlock&gt;, C:\Users\alexa\OneDrive\Documents\PowerShell\Modules\Pester\5.7.1\Pester.psm1:893
at &lt;ScriptBlock&gt;, C:\Users\alexa\OneDrive\Documents\PowerShell\Modules\Pester\5.7.1\Pester.psm1:2024
at &lt;ScriptBlock&gt;, C:\Users\alexa\OneDrive\Documents\PowerShell\Modules\Pester\5.7.1\Pester.psm1:1985
at Invoke-ScriptBlock, C:\Users\alexa\OneDrive\Documents\PowerShell\Modules\Pester\5.7.1\Pester.psm1:2160
at Invoke-Block, C:\Users\alexa\OneDrive\Documents\PowerShell\Modules\Pester\5.7.1\Pester.psm1:940
at &lt;ScriptBlock&gt;, C:\Users\alexa\OneDrive\Documents\PowerShell\Modules\Pester\5.7.1\Pester.psm1:893
at &lt;ScriptBlock&gt;, C:\Users\alexa\OneDrive\Documents\PowerShell\Modules\Pester\5.7.1\Pester.psm1:2024
at &lt;ScriptBlock&gt;, C:\Users\alexa\OneDrive\Documents\PowerShell\Modules\Pester\5.7.1\Pester.psm1:1985
at Invoke-ScriptBlock, C:\Users\alexa\OneDrive\Documents\PowerShell\Modules\Pester\5.7.1\Pester.psm1:2160
at Invoke-Block, C:\Users\alexa\OneDrive\Documents\PowerShell\Modules\Pester\5.7.1\Pester.psm1:940
at &lt;ScriptBlock&gt;, C:\Users\alexa\OneDrive\Documents\PowerShell\Modules\Pester\5.7.1\Pester.psm1:893
at &lt;ScriptBlock&gt;, C:\Users\alexa\OneDrive\Documents\PowerShell\Modules\Pester\5.7.1\Pester.psm1:2024
at &lt;ScriptBlock&gt;, C:\Users\alexa\OneDrive\Documents\PowerShell\Modules\Pester\5.7.1\Pester.psm1:1985
at Invoke-ScriptBlock, C:\Users\alexa\OneDrive\Documents\PowerShell\Modules\Pester\5.7.1\Pester.psm1:2160
at Invoke-Block, C:\Users\alexa\OneDrive\Documents\PowerShell\Modules\Pester\5.7.1\Pester.psm1:940
at &lt;ScriptBlock&gt;, C:\Users\alexa\OneDrive\Documents\PowerShell\Modules\Pester\5.7.1\Pester.psm1:1688
at &lt;ScriptBlock&gt;, C:\Users\alexa\OneDrive\Documents\PowerShell\Modules\Pester\5.7.1\Pester.ps1:3
at &lt;ScriptBlock&gt;, C:\Users\alexa\OneDrive\Documents\PowerShell\Modules\Pester\5.7.1\Pester.psm1:3260
at Invoke-InNewScriptScope, C:\Users\alexa\OneDrive\Documents\PowerShell\Modules\Pester\5.7.1\Pester.psm1:3267
at Run-Test, C:\Users\alexa\OneDrive\Documents\PowerShell\Modules\Pester\5.7.1\Pester.psm1:1691
at Invoke-Test, C:\Users\alexa\OneDrive\Documents\PowerShell\Modules\Pester\5.7.1\Pester.psm1:2512
at Invoke-Pester&lt;End&gt;, C:\Users\alexa\OneDrive\Documents\PowerShell\Modules\Pester\5.7.1\Pester.psm1:4960
at &lt;ScriptBlock&gt;, &lt;No file&gt;:1</stack-trace>
                    </failure>
                  </test-case>
                  <test-case description="Should handle force parameter" name="PatchManager Rollback Functions.Invoke-QuickRollback.Should handle force parameter" time="0.0187" asserts="0" success="False" result="Failure" executed="True">
                    <failure>
                      <message>Expected no exception to be thrown, but an exception "A parameter cannot be found that matches parameter name 'DryRun'." was thrown from $env:PROJECT_ROOT\tests\unit\modules\PatchManager\PatchManager-Validation.Tests.ps1:283 char:70
    + … nvoke-QuickRollback -RollbackType "LastCommit" -Force -DryRun } | Sho …
    +                                                         ~~~~~~~.</message>
                      <stack-trace>at { Invoke-QuickRollback -RollbackType "LastCommit" -Force -DryRun } | Should -Not -Throw, $env:PROJECT_ROOT\tests\unit\modules\PatchManager\PatchManager-Validation.Tests.ps1:283
at Invoke-Assertion, C:\Users\alexa\OneDrive\Documents\PowerShell\Modules\Pester\5.7.1\Pester.psm1:8257
at Should&lt;End&gt;, C:\Users\alexa\OneDrive\Documents\PowerShell\Modules\Pester\5.7.1\Pester.psm1:8193
at &lt;ScriptBlock&gt;, $env:PROJECT_ROOT\tests\unit\modules\PatchManager\PatchManager-Validation.Tests.ps1:283
at &lt;ScriptBlock&gt;, C:\Users\alexa\OneDrive\Documents\PowerShell\Modules\Pester\5.7.1\Pester.psm1:2024
at &lt;ScriptBlock&gt;, C:\Users\alexa\OneDrive\Documents\PowerShell\Modules\Pester\5.7.1\Pester.psm1:1985
at Invoke-ScriptBlock, C:\Users\alexa\OneDrive\Documents\PowerShell\Modules\Pester\5.7.1\Pester.psm1:2157
at Invoke-TestItem, C:\Users\alexa\OneDrive\Documents\PowerShell\Modules\Pester\5.7.1\Pester.psm1:1199
at Invoke-Block, C:\Users\alexa\OneDrive\Documents\PowerShell\Modules\Pester\5.7.1\Pester.psm1:835
at &lt;ScriptBlock&gt;, C:\Users\alexa\OneDrive\Documents\PowerShell\Modules\Pester\5.7.1\Pester.psm1:893
at &lt;ScriptBlock&gt;, C:\Users\alexa\OneDrive\Documents\PowerShell\Modules\Pester\5.7.1\Pester.psm1:2024
at &lt;ScriptBlock&gt;, C:\Users\alexa\OneDrive\Documents\PowerShell\Modules\Pester\5.7.1\Pester.psm1:1985
at Invoke-ScriptBlock, C:\Users\alexa\OneDrive\Documents\PowerShell\Modules\Pester\5.7.1\Pester.psm1:2160
at Invoke-Block, C:\Users\alexa\OneDrive\Documents\PowerShell\Modules\Pester\5.7.1\Pester.psm1:940
at &lt;ScriptBlock&gt;, C:\Users\alexa\OneDrive\Documents\PowerShell\Modules\Pester\5.7.1\Pester.psm1:893
at &lt;ScriptBlock&gt;, C:\Users\alexa\OneDrive\Documents\PowerShell\Modules\Pester\5.7.1\Pester.psm1:2024
at &lt;ScriptBlock&gt;, C:\Users\alexa\OneDrive\Documents\PowerShell\Modules\Pester\5.7.1\Pester.psm1:1985
at Invoke-ScriptBlock, C:\Users\alexa\OneDrive\Documents\PowerShell\Modules\Pester\5.7.1\Pester.psm1:2160
at Invoke-Block, C:\Users\alexa\OneDrive\Documents\PowerShell\Modules\Pester\5.7.1\Pester.psm1:940
at &lt;ScriptBlock&gt;, C:\Users\alexa\OneDrive\Documents\PowerShell\Modules\Pester\5.7.1\Pester.psm1:893
at &lt;ScriptBlock&gt;, C:\Users\alexa\OneDrive\Documents\PowerShell\Modules\Pester\5.7.1\Pester.psm1:2024
at &lt;ScriptBlock&gt;, C:\Users\alexa\OneDrive\Documents\PowerShell\Modules\Pester\5.7.1\Pester.psm1:1985
at Invoke-ScriptBlock, C:\Users\alexa\OneDrive\Documents\PowerShell\Modules\Pester\5.7.1\Pester.psm1:2160
at Invoke-Block, C:\Users\alexa\OneDrive\Documents\PowerShell\Modules\Pester\5.7.1\Pester.psm1:940
at &lt;ScriptBlock&gt;, C:\Users\alexa\OneDrive\Documents\PowerShell\Modules\Pester\5.7.1\Pester.psm1:1688
at &lt;ScriptBlock&gt;, C:\Users\alexa\OneDrive\Documents\PowerShell\Modules\Pester\5.7.1\Pester.ps1:3
at &lt;ScriptBlock&gt;, C:\Users\alexa\OneDrive\Documents\PowerShell\Modules\Pester\5.7.1\Pester.psm1:3260
at Invoke-InNewScriptScope, C:\Users\alexa\OneDrive\Documents\PowerShell\Modules\Pester\5.7.1\Pester.psm1:3267
at Run-Test, C:\Users\alexa\OneDrive\Documents\PowerShell\Modules\Pester\5.7.1\Pester.psm1:1691
at Invoke-Test, C:\Users\alexa\OneDrive\Documents\PowerShell\Modules\Pester\5.7.1\Pester.psm1:2512
at Invoke-Pester&lt;End&gt;, C:\Users\alexa\OneDrive\Documents\PowerShell\Modules\Pester\5.7.1\Pester.psm1:4960
at &lt;ScriptBlock&gt;, &lt;No file&gt;:1</stack-trace>
                    </failure>
                  </test-case>
                  <test-case description="Should validate rollback safety" name="PatchManager Rollback Functions.Invoke-QuickRollback.Should validate rollback safety" time="0.0101" asserts="0" success="False" result="Failure" executed="True">
                    <failure>
                      <message>ParameterBindingException: A parameter cannot be found that matches parameter name 'ValidateSafety'.</message>
                      <stack-trace>at &lt;ScriptBlock&gt;, $env:PROJECT_ROOT\tests\unit\modules\PatchManager\PatchManager-Validation.Tests.ps1:287
at &lt;ScriptBlock&gt;, C:\Users\alexa\OneDrive\Documents\PowerShell\Modules\Pester\5.7.1\Pester.psm1:2024
at &lt;ScriptBlock&gt;, C:\Users\alexa\OneDrive\Documents\PowerShell\Modules\Pester\5.7.1\Pester.psm1:1985
at Invoke-ScriptBlock, C:\Users\alexa\OneDrive\Documents\PowerShell\Modules\Pester\5.7.1\Pester.psm1:2157
at Invoke-TestItem, C:\Users\alexa\OneDrive\Documents\PowerShell\Modules\Pester\5.7.1\Pester.psm1:1199
at Invoke-Block, C:\Users\alexa\OneDrive\Documents\PowerShell\Modules\Pester\5.7.1\Pester.psm1:835
at &lt;ScriptBlock&gt;, C:\Users\alexa\OneDrive\Documents\PowerShell\Modules\Pester\5.7.1\Pester.psm1:893
at &lt;ScriptBlock&gt;, C:\Users\alexa\OneDrive\Documents\PowerShell\Modules\Pester\5.7.1\Pester.psm1:2024
at &lt;ScriptBlock&gt;, C:\Users\alexa\OneDrive\Documents\PowerShell\Modules\Pester\5.7.1\Pester.psm1:1985
at Invoke-ScriptBlock, C:\Users\alexa\OneDrive\Documents\PowerShell\Modules\Pester\5.7.1\Pester.psm1:2160
at Invoke-Block, C:\Users\alexa\OneDrive\Documents\PowerShell\Modules\Pester\5.7.1\Pester.psm1:940
at &lt;ScriptBlock&gt;, C:\Users\alexa\OneDrive\Documents\PowerShell\Modules\Pester\5.7.1\Pester.psm1:893
at &lt;ScriptBlock&gt;, C:\Users\alexa\OneDrive\Documents\PowerShell\Modules\Pester\5.7.1\Pester.psm1:2024
at &lt;ScriptBlock&gt;, C:\Users\alexa\OneDrive\Documents\PowerShell\Modules\Pester\5.7.1\Pester.psm1:1985
at Invoke-ScriptBlock, C:\Users\alexa\OneDrive\Documents\PowerShell\Modules\Pester\5.7.1\Pester.psm1:2160
at Invoke-Block, C:\Users\alexa\OneDrive\Documents\PowerShell\Modules\Pester\5.7.1\Pester.psm1:940
at &lt;ScriptBlock&gt;, C:\Users\alexa\OneDrive\Documents\PowerShell\Modules\Pester\5.7.1\Pester.psm1:893
at &lt;ScriptBlock&gt;, C:\Users\alexa\OneDrive\Documents\PowerShell\Modules\Pester\5.7.1\Pester.psm1:2024
at &lt;ScriptBlock&gt;, C:\Users\alexa\OneDrive\Documents\PowerShell\Modules\Pester\5.7.1\Pester.psm1:1985
at Invoke-ScriptBlock, C:\Users\alexa\OneDrive\Documents\PowerShell\Modules\Pester\5.7.1\Pester.psm1:2160
at Invoke-Block, C:\Users\alexa\OneDrive\Documents\PowerShell\Modules\Pester\5.7.1\Pester.psm1:940
at &lt;ScriptBlock&gt;, C:\Users\alexa\OneDrive\Documents\PowerShell\Modules\Pester\5.7.1\Pester.psm1:1688
at &lt;ScriptBlock&gt;, C:\Users\alexa\OneDrive\Documents\PowerShell\Modules\Pester\5.7.1\Pester.ps1:3
at &lt;ScriptBlock&gt;, C:\Users\alexa\OneDrive\Documents\PowerShell\Modules\Pester\5.7.1\Pester.psm1:3260
at Invoke-InNewScriptScope, C:\Users\alexa\OneDrive\Documents\PowerShell\Modules\Pester\5.7.1\Pester.psm1:3267
at Run-Test, C:\Users\alexa\OneDrive\Documents\PowerShell\Modules\Pester\5.7.1\Pester.psm1:1691
at Invoke-Test, C:\Users\alexa\OneDrive\Documents\PowerShell\Modules\Pester\5.7.1\Pester.psm1:2512
at Invoke-Pester&lt;End&gt;, C:\Users\alexa\OneDrive\Documents\PowerShell\Modules\Pester\5.7.1\Pester.psm1:4960
at &lt;ScriptBlock&gt;, &lt;No file&gt;:1</stack-trace>
                    </failure>
                  </test-case>
                </results>
              </test-suite>
              <test-suite type="TestFixture" name="PatchManager Rollback Functions.Invoke-PatchRollback" executed="True" result="Failure" success="False" time="0.1668" asserts="0" description="PatchManager Rollback Functions.Invoke-PatchRollback">
                <results>
                  <test-case description="Should rollback specific patch by description" name="PatchManager Rollback Functions.Invoke-PatchRollback.Should rollback specific patch by description" time="0.0195" asserts="0" success="False" result="Failure" executed="True">
                    <failure>
                      <message>Expected no exception to be thrown, but an exception "A parameter cannot be found that matches parameter name 'PatchDescription'." was thrown from $env:PROJECT_ROOT\tests\unit\modules\PatchManager\PatchManager-Validation.Tests.ps1:295 char:36
    +             { Invoke-PatchRollback -PatchDescription "test: specific  …
    +                                    ~~~~~~~~~~~~~~~~~.</message>
                      <stack-trace>at { Invoke-PatchRollback -PatchDescription "test: specific patch" -DryRun } | Should -Not -Throw, $env:PROJECT_ROOT\tests\unit\modules\PatchManager\PatchManager-Validation.Tests.ps1:295
at Invoke-Assertion, C:\Users\alexa\OneDrive\Documents\PowerShell\Modules\Pester\5.7.1\Pester.psm1:8257
at Should&lt;End&gt;, C:\Users\alexa\OneDrive\Documents\PowerShell\Modules\Pester\5.7.1\Pester.psm1:8193
at &lt;ScriptBlock&gt;, $env:PROJECT_ROOT\tests\unit\modules\PatchManager\PatchManager-Validation.Tests.ps1:295
at &lt;ScriptBlock&gt;, C:\Users\alexa\OneDrive\Documents\PowerShell\Modules\Pester\5.7.1\Pester.psm1:2024
at &lt;ScriptBlock&gt;, C:\Users\alexa\OneDrive\Documents\PowerShell\Modules\Pester\5.7.1\Pester.psm1:1985
at Invoke-ScriptBlock, C:\Users\alexa\OneDrive\Documents\PowerShell\Modules\Pester\5.7.1\Pester.psm1:2157
at Invoke-TestItem, C:\Users\alexa\OneDrive\Documents\PowerShell\Modules\Pester\5.7.1\Pester.psm1:1199
at Invoke-Block, C:\Users\alexa\OneDrive\Documents\PowerShell\Modules\Pester\5.7.1\Pester.psm1:835
at &lt;ScriptBlock&gt;, C:\Users\alexa\OneDrive\Documents\PowerShell\Modules\Pester\5.7.1\Pester.psm1:893
at &lt;ScriptBlock&gt;, C:\Users\alexa\OneDrive\Documents\PowerShell\Modules\Pester\5.7.1\Pester.psm1:2024
at &lt;ScriptBlock&gt;, C:\Users\alexa\OneDrive\Documents\PowerShell\Modules\Pester\5.7.1\Pester.psm1:1985
at Invoke-ScriptBlock, C:\Users\alexa\OneDrive\Documents\PowerShell\Modules\Pester\5.7.1\Pester.psm1:2160
at Invoke-Block, C:\Users\alexa\OneDrive\Documents\PowerShell\Modules\Pester\5.7.1\Pester.psm1:940
at &lt;ScriptBlock&gt;, C:\Users\alexa\OneDrive\Documents\PowerShell\Modules\Pester\5.7.1\Pester.psm1:893
at &lt;ScriptBlock&gt;, C:\Users\alexa\OneDrive\Documents\PowerShell\Modules\Pester\5.7.1\Pester.psm1:2024
at &lt;ScriptBlock&gt;, C:\Users\alexa\OneDrive\Documents\PowerShell\Modules\Pester\5.7.1\Pester.psm1:1985
at Invoke-ScriptBlock, C:\Users\alexa\OneDrive\Documents\PowerShell\Modules\Pester\5.7.1\Pester.psm1:2160
at Invoke-Block, C:\Users\alexa\OneDrive\Documents\PowerShell\Modules\Pester\5.7.1\Pester.psm1:940
at &lt;ScriptBlock&gt;, C:\Users\alexa\OneDrive\Documents\PowerShell\Modules\Pester\5.7.1\Pester.psm1:893
at &lt;ScriptBlock&gt;, C:\Users\alexa\OneDrive\Documents\PowerShell\Modules\Pester\5.7.1\Pester.psm1:2024
at &lt;ScriptBlock&gt;, C:\Users\alexa\OneDrive\Documents\PowerShell\Modules\Pester\5.7.1\Pester.psm1:1985
at Invoke-ScriptBlock, C:\Users\alexa\OneDrive\Documents\PowerShell\Modules\Pester\5.7.1\Pester.psm1:2160
at Invoke-Block, C:\Users\alexa\OneDrive\Documents\PowerShell\Modules\Pester\5.7.1\Pester.psm1:940
at &lt;ScriptBlock&gt;, C:\Users\alexa\OneDrive\Documents\PowerShell\Modules\Pester\5.7.1\Pester.psm1:1688
at &lt;ScriptBlock&gt;, C:\Users\alexa\OneDrive\Documents\PowerShell\Modules\Pester\5.7.1\Pester.ps1:3
at &lt;ScriptBlock&gt;, C:\Users\alexa\OneDrive\Documents\PowerShell\Modules\Pester\5.7.1\Pester.psm1:3260
at Invoke-InNewScriptScope, C:\Users\alexa\OneDrive\Documents\PowerShell\Modules\Pester\5.7.1\Pester.psm1:3267
at Run-Test, C:\Users\alexa\OneDrive\Documents\PowerShell\Modules\Pester\5.7.1\Pester.psm1:1691
at Invoke-Test, C:\Users\alexa\OneDrive\Documents\PowerShell\Modules\Pester\5.7.1\Pester.psm1:2512
at Invoke-Pester&lt;End&gt;, C:\Users\alexa\OneDrive\Documents\PowerShell\Modules\Pester\5.7.1\Pester.psm1:4960
at &lt;ScriptBlock&gt;, &lt;No file&gt;:1</stack-trace>
                    </failure>
                  </test-case>
                  <test-case description="Should rollback patch by commit hash" name="PatchManager Rollback Functions.Invoke-PatchRollback.Should rollback patch by commit hash" time="0.0237" asserts="0" success="False" result="Failure" executed="True">
                    <failure>
                      <message>Expected no exception to be thrown, but an exception "A parameter cannot be found that matches parameter name 'DryRun'." was thrown from $env:PROJECT_ROOT\tests\unit\modules\PatchManager\PatchManager-Validation.Tests.ps1:299 char:57
    + …           { Invoke-PatchRollback -CommitHash "abc123" -DryRun } | Sho …
    +                                                         ~~~~~~~.</message>
                      <stack-trace>at { Invoke-PatchRollback -CommitHash "abc123" -DryRun } | Should -Not -Throw, $env:PROJECT_ROOT\tests\unit\modules\PatchManager\PatchManager-Validation.Tests.ps1:299
at Invoke-Assertion, C:\Users\alexa\OneDrive\Documents\PowerShell\Modules\Pester\5.7.1\Pester.psm1:8257
at Should&lt;End&gt;, C:\Users\alexa\OneDrive\Documents\PowerShell\Modules\Pester\5.7.1\Pester.psm1:8193
at &lt;ScriptBlock&gt;, $env:PROJECT_ROOT\tests\unit\modules\PatchManager\PatchManager-Validation.Tests.ps1:299
at &lt;ScriptBlock&gt;, C:\Users\alexa\OneDrive\Documents\PowerShell\Modules\Pester\5.7.1\Pester.psm1:2024
at &lt;ScriptBlock&gt;, C:\Users\alexa\OneDrive\Documents\PowerShell\Modules\Pester\5.7.1\Pester.psm1:1985
at Invoke-ScriptBlock, C:\Users\alexa\OneDrive\Documents\PowerShell\Modules\Pester\5.7.1\Pester.psm1:2157
at Invoke-TestItem, C:\Users\alexa\OneDrive\Documents\PowerShell\Modules\Pester\5.7.1\Pester.psm1:1199
at Invoke-Block, C:\Users\alexa\OneDrive\Documents\PowerShell\Modules\Pester\5.7.1\Pester.psm1:835
at &lt;ScriptBlock&gt;, C:\Users\alexa\OneDrive\Documents\PowerShell\Modules\Pester\5.7.1\Pester.psm1:893
at &lt;ScriptBlock&gt;, C:\Users\alexa\OneDrive\Documents\PowerShell\Modules\Pester\5.7.1\Pester.psm1:2024
at &lt;ScriptBlock&gt;, C:\Users\alexa\OneDrive\Documents\PowerShell\Modules\Pester\5.7.1\Pester.psm1:1985
at Invoke-ScriptBlock, C:\Users\alexa\OneDrive\Documents\PowerShell\Modules\Pester\5.7.1\Pester.psm1:2160
at Invoke-Block, C:\Users\alexa\OneDrive\Documents\PowerShell\Modules\Pester\5.7.1\Pester.psm1:940
at &lt;ScriptBlock&gt;, C:\Users\alexa\OneDrive\Documents\PowerShell\Modules\Pester\5.7.1\Pester.psm1:893
at &lt;ScriptBlock&gt;, C:\Users\alexa\OneDrive\Documents\PowerShell\Modules\Pester\5.7.1\Pester.psm1:2024
at &lt;ScriptBlock&gt;, C:\Users\alexa\OneDrive\Documents\PowerShell\Modules\Pester\5.7.1\Pester.psm1:1985
at Invoke-ScriptBlock, C:\Users\alexa\OneDrive\Documents\PowerShell\Modules\Pester\5.7.1\Pester.psm1:2160
at Invoke-Block, C:\Users\alexa\OneDrive\Documents\PowerShell\Modules\Pester\5.7.1\Pester.psm1:940
at &lt;ScriptBlock&gt;, C:\Users\alexa\OneDrive\Documents\PowerShell\Modules\Pester\5.7.1\Pester.psm1:893
at &lt;ScriptBlock&gt;, C:\Users\alexa\OneDrive\Documents\PowerShell\Modules\Pester\5.7.1\Pester.psm1:2024
at &lt;ScriptBlock&gt;, C:\Users\alexa\OneDrive\Documents\PowerShell\Modules\Pester\5.7.1\Pester.psm1:1985
at Invoke-ScriptBlock, C:\Users\alexa\OneDrive\Documents\PowerShell\Modules\Pester\5.7.1\Pester.psm1:2160
at Invoke-Block, C:\Users\alexa\OneDrive\Documents\PowerShell\Modules\Pester\5.7.1\Pester.psm1:940
at &lt;ScriptBlock&gt;, C:\Users\alexa\OneDrive\Documents\PowerShell\Modules\Pester\5.7.1\Pester.psm1:1688
at &lt;ScriptBlock&gt;, C:\Users\alexa\OneDrive\Documents\PowerShell\Modules\Pester\5.7.1\Pester.ps1:3
at &lt;ScriptBlock&gt;, C:\Users\alexa\OneDrive\Documents\PowerShell\Modules\Pester\5.7.1\Pester.psm1:3260
at Invoke-InNewScriptScope, C:\Users\alexa\OneDrive\Documents\PowerShell\Modules\Pester\5.7.1\Pester.psm1:3267
at Run-Test, C:\Users\alexa\OneDrive\Documents\PowerShell\Modules\Pester\5.7.1\Pester.psm1:1691
at Invoke-Test, C:\Users\alexa\OneDrive\Documents\PowerShell\Modules\Pester\5.7.1\Pester.psm1:2512
at Invoke-Pester&lt;End&gt;, C:\Users\alexa\OneDrive\Documents\PowerShell\Modules\Pester\5.7.1\Pester.psm1:4960
at &lt;ScriptBlock&gt;, &lt;No file&gt;:1</stack-trace>
                    </failure>
                  </test-case>
                  <test-case description="Should handle rollback with affected files" name="PatchManager Rollback Functions.Invoke-PatchRollback.Should handle rollback with affected files" time="0.0182" asserts="0" success="False" result="Failure" executed="True">
                    <failure>
                      <message>Expected no exception to be thrown, but an exception "A parameter cannot be found that matches parameter name 'PatchDescription'." was thrown from $env:PROJECT_ROOT\tests\unit\modules\PatchManager\PatchManager-Validation.Tests.ps1:305 char:36
    +             { Invoke-PatchRollback -PatchDescription "test: file roll …
    +                                    ~~~~~~~~~~~~~~~~~.</message>
                      <stack-trace>at { Invoke-PatchRollback -PatchDescription "test: file rollback" -AffectedFiles $affectedFiles -DryRun } | Should -Not -Throw, $env:PROJECT_ROOT\tests\unit\modules\PatchManager\PatchManager-Validation.Tests.ps1:305
at Invoke-Assertion, C:\Users\alexa\OneDrive\Documents\PowerShell\Modules\Pester\5.7.1\Pester.psm1:8257
at Should&lt;End&gt;, C:\Users\alexa\OneDrive\Documents\PowerShell\Modules\Pester\5.7.1\Pester.psm1:8193
at &lt;ScriptBlock&gt;, $env:PROJECT_ROOT\tests\unit\modules\PatchManager\PatchManager-Validation.Tests.ps1:305
at &lt;ScriptBlock&gt;, C:\Users\alexa\OneDrive\Documents\PowerShell\Modules\Pester\5.7.1\Pester.psm1:2024
at &lt;ScriptBlock&gt;, C:\Users\alexa\OneDrive\Documents\PowerShell\Modules\Pester\5.7.1\Pester.psm1:1985
at Invoke-ScriptBlock, C:\Users\alexa\OneDrive\Documents\PowerShell\Modules\Pester\5.7.1\Pester.psm1:2157
at Invoke-TestItem, C:\Users\alexa\OneDrive\Documents\PowerShell\Modules\Pester\5.7.1\Pester.psm1:1199
at Invoke-Block, C:\Users\alexa\OneDrive\Documents\PowerShell\Modules\Pester\5.7.1\Pester.psm1:835
at &lt;ScriptBlock&gt;, C:\Users\alexa\OneDrive\Documents\PowerShell\Modules\Pester\5.7.1\Pester.psm1:893
at &lt;ScriptBlock&gt;, C:\Users\alexa\OneDrive\Documents\PowerShell\Modules\Pester\5.7.1\Pester.psm1:2024
at &lt;ScriptBlock&gt;, C:\Users\alexa\OneDrive\Documents\PowerShell\Modules\Pester\5.7.1\Pester.psm1:1985
at Invoke-ScriptBlock, C:\Users\alexa\OneDrive\Documents\PowerShell\Modules\Pester\5.7.1\Pester.psm1:2160
at Invoke-Block, C:\Users\alexa\OneDrive\Documents\PowerShell\Modules\Pester\5.7.1\Pester.psm1:940
at &lt;ScriptBlock&gt;, C:\Users\alexa\OneDrive\Documents\PowerShell\Modules\Pester\5.7.1\Pester.psm1:893
at &lt;ScriptBlock&gt;, C:\Users\alexa\OneDrive\Documents\PowerShell\Modules\Pester\5.7.1\Pester.psm1:2024
at &lt;ScriptBlock&gt;, C:\Users\alexa\OneDrive\Documents\PowerShell\Modules\Pester\5.7.1\Pester.psm1:1985
at Invoke-ScriptBlock, C:\Users\alexa\OneDrive\Documents\PowerShell\Modules\Pester\5.7.1\Pester.psm1:2160
at Invoke-Block, C:\Users\alexa\OneDrive\Documents\PowerShell\Modules\Pester\5.7.1\Pester.psm1:940
at &lt;ScriptBlock&gt;, C:\Users\alexa\OneDrive\Documents\PowerShell\Modules\Pester\5.7.1\Pester.psm1:893
at &lt;ScriptBlock&gt;, C:\Users\alexa\OneDrive\Documents\PowerShell\Modules\Pester\5.7.1\Pester.psm1:2024
at &lt;ScriptBlock&gt;, C:\Users\alexa\OneDrive\Documents\PowerShell\Modules\Pester\5.7.1\Pester.psm1:1985
at Invoke-ScriptBlock, C:\Users\alexa\OneDrive\Documents\PowerShell\Modules\Pester\5.7.1\Pester.psm1:2160
at Invoke-Block, C:\Users\alexa\OneDrive\Documents\PowerShell\Modules\Pester\5.7.1\Pester.psm1:940
at &lt;ScriptBlock&gt;, C:\Users\alexa\OneDrive\Documents\PowerShell\Modules\Pester\5.7.1\Pester.psm1:1688
at &lt;ScriptBlock&gt;, C:\Users\alexa\OneDrive\Documents\PowerShell\Modules\Pester\5.7.1\Pester.ps1:3
at &lt;ScriptBlock&gt;, C:\Users\alexa\OneDrive\Documents\PowerShell\Modules\Pester\5.7.1\Pester.psm1:3260
at Invoke-InNewScriptScope, C:\Users\alexa\OneDrive\Documents\PowerShell\Modules\Pester\5.7.1\Pester.psm1:3267
at Run-Test, C:\Users\alexa\OneDrive\Documents\PowerShell\Modules\Pester\5.7.1\Pester.psm1:1691
at Invoke-Test, C:\Users\alexa\OneDrive\Documents\PowerShell\Modules\Pester\5.7.1\Pester.psm1:2512
at Invoke-Pester&lt;End&gt;, C:\Users\alexa\OneDrive\Documents\PowerShell\Modules\Pester\5.7.1\Pester.psm1:4960
at &lt;ScriptBlock&gt;, &lt;No file&gt;:1</stack-trace>
                    </failure>
                  </test-case>
                  <test-case description="Should create restoration point" name="PatchManager Rollback Functions.Invoke-PatchRollback.Should create restoration point" time="0.018" asserts="0" success="False" result="Failure" executed="True">
                    <failure>
                      <message>Expected no exception to be thrown, but an exception "A parameter cannot be found that matches parameter name 'PatchDescription'." was thrown from $env:PROJECT_ROOT\tests\unit\modules\PatchManager\PatchManager-Validation.Tests.ps1:309 char:36
    +             { Invoke-PatchRollback -PatchDescription "test: restore p …
    +                                    ~~~~~~~~~~~~~~~~~.</message>
                      <stack-trace>at { Invoke-PatchRollback -PatchDescription "test: restore point" -CreateRestorationPoint -DryRun } | Should -Not -Throw, $env:PROJECT_ROOT\tests\unit\modules\PatchManager\PatchManager-Validation.Tests.ps1:309
at Invoke-Assertion, C:\Users\alexa\OneDrive\Documents\PowerShell\Modules\Pester\5.7.1\Pester.psm1:8257
at Should&lt;End&gt;, C:\Users\alexa\OneDrive\Documents\PowerShell\Modules\Pester\5.7.1\Pester.psm1:8193
at &lt;ScriptBlock&gt;, $env:PROJECT_ROOT\tests\unit\modules\PatchManager\PatchManager-Validation.Tests.ps1:309
at &lt;ScriptBlock&gt;, C:\Users\alexa\OneDrive\Documents\PowerShell\Modules\Pester\5.7.1\Pester.psm1:2024
at &lt;ScriptBlock&gt;, C:\Users\alexa\OneDrive\Documents\PowerShell\Modules\Pester\5.7.1\Pester.psm1:1985
at Invoke-ScriptBlock, C:\Users\alexa\OneDrive\Documents\PowerShell\Modules\Pester\5.7.1\Pester.psm1:2157
at Invoke-TestItem, C:\Users\alexa\OneDrive\Documents\PowerShell\Modules\Pester\5.7.1\Pester.psm1:1199
at Invoke-Block, C:\Users\alexa\OneDrive\Documents\PowerShell\Modules\Pester\5.7.1\Pester.psm1:835
at &lt;ScriptBlock&gt;, C:\Users\alexa\OneDrive\Documents\PowerShell\Modules\Pester\5.7.1\Pester.psm1:893
at &lt;ScriptBlock&gt;, C:\Users\alexa\OneDrive\Documents\PowerShell\Modules\Pester\5.7.1\Pester.psm1:2024
at &lt;ScriptBlock&gt;, C:\Users\alexa\OneDrive\Documents\PowerShell\Modules\Pester\5.7.1\Pester.psm1:1985
at Invoke-ScriptBlock, C:\Users\alexa\OneDrive\Documents\PowerShell\Modules\Pester\5.7.1\Pester.psm1:2160
at Invoke-Block, C:\Users\alexa\OneDrive\Documents\PowerShell\Modules\Pester\5.7.1\Pester.psm1:940
at &lt;ScriptBlock&gt;, C:\Users\alexa\OneDrive\Documents\PowerShell\Modules\Pester\5.7.1\Pester.psm1:893
at &lt;ScriptBlock&gt;, C:\Users\alexa\OneDrive\Documents\PowerShell\Modules\Pester\5.7.1\Pester.psm1:2024
at &lt;ScriptBlock&gt;, C:\Users\alexa\OneDrive\Documents\PowerShell\Modules\Pester\5.7.1\Pester.psm1:1985
at Invoke-ScriptBlock, C:\Users\alexa\OneDrive\Documents\PowerShell\Modules\Pester\5.7.1\Pester.psm1:2160
at Invoke-Block, C:\Users\alexa\OneDrive\Documents\PowerShell\Modules\Pester\5.7.1\Pester.psm1:940
at &lt;ScriptBlock&gt;, C:\Users\alexa\OneDrive\Documents\PowerShell\Modules\Pester\5.7.1\Pester.psm1:893
at &lt;ScriptBlock&gt;, C:\Users\alexa\OneDrive\Documents\PowerShell\Modules\Pester\5.7.1\Pester.psm1:2024
at &lt;ScriptBlock&gt;, C:\Users\alexa\OneDrive\Documents\PowerShell\Modules\Pester\5.7.1\Pester.psm1:1985
at Invoke-ScriptBlock, C:\Users\alexa\OneDrive\Documents\PowerShell\Modules\Pester\5.7.1\Pester.psm1:2160
at Invoke-Block, C:\Users\alexa\OneDrive\Documents\PowerShell\Modules\Pester\5.7.1\Pester.psm1:940
at &lt;ScriptBlock&gt;, C:\Users\alexa\OneDrive\Documents\PowerShell\Modules\Pester\5.7.1\Pester.psm1:1688
at &lt;ScriptBlock&gt;, C:\Users\alexa\OneDrive\Documents\PowerShell\Modules\Pester\5.7.1\Pester.ps1:3
at &lt;ScriptBlock&gt;, C:\Users\alexa\OneDrive\Documents\PowerShell\Modules\Pester\5.7.1\Pester.psm1:3260
at Invoke-InNewScriptScope, C:\Users\alexa\OneDrive\Documents\PowerShell\Modules\Pester\5.7.1\Pester.psm1:3267
at Run-Test, C:\Users\alexa\OneDrive\Documents\PowerShell\Modules\Pester\5.7.1\Pester.psm1:1691
at Invoke-Test, C:\Users\alexa\OneDrive\Documents\PowerShell\Modules\Pester\5.7.1\Pester.psm1:2512
at Invoke-Pester&lt;End&gt;, C:\Users\alexa\OneDrive\Documents\PowerShell\Modules\Pester\5.7.1\Pester.psm1:4960
at &lt;ScriptBlock&gt;, &lt;No file&gt;:1</stack-trace>
                    </failure>
                  </test-case>
                </results>
              </test-suite>
              <test-suite type="TestFixture" name="PatchManager Rollback Functions.Invoke-BranchRollback" executed="True" result="Failure" success="False" time="0.2694" asserts="0" description="PatchManager Rollback Functions.Invoke-BranchRollback">
                <results>
                  <test-case description="Should rollback to previous branch state" name="PatchManager Rollback Functions.Invoke-BranchRollback.Should rollback to previous branch state" time="0.0317" asserts="0" success="False" result="Failure" executed="True">
                    <failure>
                      <message>Expected no exception to be thrown, but an exception "The term 'Invoke-BranchRollback' is not recognized as a name of a cmdlet, function, script file, or executable program.
Check the spelling of the name, or if a path was included, verify that the path is correct and try again." was thrown from $env:PROJECT_ROOT\tests\unit\modules\PatchManager\PatchManager-Validation.Tests.ps1:315 char:15
    +             { Invoke-BranchRollback -BranchName "feature/test" -DryRu …
    +               ~~~~~~~~~~~~~~~~~~~~~.</message>
                      <stack-trace>at { Invoke-BranchRollback -BranchName "feature/test" -DryRun } | Should -Not -Throw, $env:PROJECT_ROOT\tests\unit\modules\PatchManager\PatchManager-Validation.Tests.ps1:315
at Invoke-Assertion, C:\Users\alexa\OneDrive\Documents\PowerShell\Modules\Pester\5.7.1\Pester.psm1:8257
at Should&lt;End&gt;, C:\Users\alexa\OneDrive\Documents\PowerShell\Modules\Pester\5.7.1\Pester.psm1:8193
at &lt;ScriptBlock&gt;, $env:PROJECT_ROOT\tests\unit\modules\PatchManager\PatchManager-Validation.Tests.ps1:315
at &lt;ScriptBlock&gt;, C:\Users\alexa\OneDrive\Documents\PowerShell\Modules\Pester\5.7.1\Pester.psm1:2024
at &lt;ScriptBlock&gt;, C:\Users\alexa\OneDrive\Documents\PowerShell\Modules\Pester\5.7.1\Pester.psm1:1985
at Invoke-ScriptBlock, C:\Users\alexa\OneDrive\Documents\PowerShell\Modules\Pester\5.7.1\Pester.psm1:2157
at Invoke-TestItem, C:\Users\alexa\OneDrive\Documents\PowerShell\Modules\Pester\5.7.1\Pester.psm1:1199
at Invoke-Block, C:\Users\alexa\OneDrive\Documents\PowerShell\Modules\Pester\5.7.1\Pester.psm1:835
at &lt;ScriptBlock&gt;, C:\Users\alexa\OneDrive\Documents\PowerShell\Modules\Pester\5.7.1\Pester.psm1:893
at &lt;ScriptBlock&gt;, C:\Users\alexa\OneDrive\Documents\PowerShell\Modules\Pester\5.7.1\Pester.psm1:2024
at &lt;ScriptBlock&gt;, C:\Users\alexa\OneDrive\Documents\PowerShell\Modules\Pester\5.7.1\Pester.psm1:1985
at Invoke-ScriptBlock, C:\Users\alexa\OneDrive\Documents\PowerShell\Modules\Pester\5.7.1\Pester.psm1:2160
at Invoke-Block, C:\Users\alexa\OneDrive\Documents\PowerShell\Modules\Pester\5.7.1\Pester.psm1:940
at &lt;ScriptBlock&gt;, C:\Users\alexa\OneDrive\Documents\PowerShell\Modules\Pester\5.7.1\Pester.psm1:893
at &lt;ScriptBlock&gt;, C:\Users\alexa\OneDrive\Documents\PowerShell\Modules\Pester\5.7.1\Pester.psm1:2024
at &lt;ScriptBlock&gt;, C:\Users\alexa\OneDrive\Documents\PowerShell\Modules\Pester\5.7.1\Pester.psm1:1985
at Invoke-ScriptBlock, C:\Users\alexa\OneDrive\Documents\PowerShell\Modules\Pester\5.7.1\Pester.psm1:2160
at Invoke-Block, C:\Users\alexa\OneDrive\Documents\PowerShell\Modules\Pester\5.7.1\Pester.psm1:940
at &lt;ScriptBlock&gt;, C:\Users\alexa\OneDrive\Documents\PowerShell\Modules\Pester\5.7.1\Pester.psm1:893
at &lt;ScriptBlock&gt;, C:\Users\alexa\OneDrive\Documents\PowerShell\Modules\Pester\5.7.1\Pester.psm1:2024
at &lt;ScriptBlock&gt;, C:\Users\alexa\OneDrive\Documents\PowerShell\Modules\Pester\5.7.1\Pester.psm1:1985
at Invoke-ScriptBlock, C:\Users\alexa\OneDrive\Documents\PowerShell\Modules\Pester\5.7.1\Pester.psm1:2160
at Invoke-Block, C:\Users\alexa\OneDrive\Documents\PowerShell\Modules\Pester\5.7.1\Pester.psm1:940
at &lt;ScriptBlock&gt;, C:\Users\alexa\OneDrive\Documents\PowerShell\Modules\Pester\5.7.1\Pester.psm1:1688
at &lt;ScriptBlock&gt;, C:\Users\alexa\OneDrive\Documents\PowerShell\Modules\Pester\5.7.1\Pester.ps1:3
at &lt;ScriptBlock&gt;, C:\Users\alexa\OneDrive\Documents\PowerShell\Modules\Pester\5.7.1\Pester.psm1:3260
at Invoke-InNewScriptScope, C:\Users\alexa\OneDrive\Documents\PowerShell\Modules\Pester\5.7.1\Pester.psm1:3267
at Run-Test, C:\Users\alexa\OneDrive\Documents\PowerShell\Modules\Pester\5.7.1\Pester.psm1:1691
at Invoke-Test, C:\Users\alexa\OneDrive\Documents\PowerShell\Modules\Pester\5.7.1\Pester.psm1:2512
at Invoke-Pester&lt;End&gt;, C:\Users\alexa\OneDrive\Documents\PowerShell\Modules\Pester\5.7.1\Pester.psm1:4960
at &lt;ScriptBlock&gt;, &lt;No file&gt;:1</stack-trace>
                    </failure>
                  </test-case>
                  <test-case description="Should handle branch deletion rollback" name="PatchManager Rollback Functions.Invoke-BranchRollback.Should handle branch deletion rollback" time="0.0343" asserts="0" success="False" result="Failure" executed="True">
                    <failure>
                      <message>Expected no exception to be thrown, but an exception "The term 'Invoke-BranchRollback' is not recognized as a name of a cmdlet, function, script file, or executable program.
Check the spelling of the name, or if a path was included, verify that the path is correct and try again." was thrown from $env:PROJECT_ROOT\tests\unit\modules\PatchManager\PatchManager-Validation.Tests.ps1:319 char:15
    +             { Invoke-BranchRollback -BranchName "deleted-branch" -Res …
    +               ~~~~~~~~~~~~~~~~~~~~~.</message>
                      <stack-trace>at { Invoke-BranchRollback -BranchName "deleted-branch" -RestoreDeleted -DryRun } | Should -Not -Throw, $env:PROJECT_ROOT\tests\unit\modules\PatchManager\PatchManager-Validation.Tests.ps1:319
at Invoke-Assertion, C:\Users\alexa\OneDrive\Documents\PowerShell\Modules\Pester\5.7.1\Pester.psm1:8257
at Should&lt;End&gt;, C:\Users\alexa\OneDrive\Documents\PowerShell\Modules\Pester\5.7.1\Pester.psm1:8193
at &lt;ScriptBlock&gt;, $env:PROJECT_ROOT\tests\unit\modules\PatchManager\PatchManager-Validation.Tests.ps1:319
at &lt;ScriptBlock&gt;, C:\Users\alexa\OneDrive\Documents\PowerShell\Modules\Pester\5.7.1\Pester.psm1:2024
at &lt;ScriptBlock&gt;, C:\Users\alexa\OneDrive\Documents\PowerShell\Modules\Pester\5.7.1\Pester.psm1:1985
at Invoke-ScriptBlock, C:\Users\alexa\OneDrive\Documents\PowerShell\Modules\Pester\5.7.1\Pester.psm1:2157
at Invoke-TestItem, C:\Users\alexa\OneDrive\Documents\PowerShell\Modules\Pester\5.7.1\Pester.psm1:1199
at Invoke-Block, C:\Users\alexa\OneDrive\Documents\PowerShell\Modules\Pester\5.7.1\Pester.psm1:835
at &lt;ScriptBlock&gt;, C:\Users\alexa\OneDrive\Documents\PowerShell\Modules\Pester\5.7.1\Pester.psm1:893
at &lt;ScriptBlock&gt;, C:\Users\alexa\OneDrive\Documents\PowerShell\Modules\Pester\5.7.1\Pester.psm1:2024
at &lt;ScriptBlock&gt;, C:\Users\alexa\OneDrive\Documents\PowerShell\Modules\Pester\5.7.1\Pester.psm1:1985
at Invoke-ScriptBlock, C:\Users\alexa\OneDrive\Documents\PowerShell\Modules\Pester\5.7.1\Pester.psm1:2160
at Invoke-Block, C:\Users\alexa\OneDrive\Documents\PowerShell\Modules\Pester\5.7.1\Pester.psm1:940
at &lt;ScriptBlock&gt;, C:\Users\alexa\OneDrive\Documents\PowerShell\Modules\Pester\5.7.1\Pester.psm1:893
at &lt;ScriptBlock&gt;, C:\Users\alexa\OneDrive\Documents\PowerShell\Modules\Pester\5.7.1\Pester.psm1:2024
at &lt;ScriptBlock&gt;, C:\Users\alexa\OneDrive\Documents\PowerShell\Modules\Pester\5.7.1\Pester.psm1:1985
at Invoke-ScriptBlock, C:\Users\alexa\OneDrive\Documents\PowerShell\Modules\Pester\5.7.1\Pester.psm1:2160
at Invoke-Block, C:\Users\alexa\OneDrive\Documents\PowerShell\Modules\Pester\5.7.1\Pester.psm1:940
at &lt;ScriptBlock&gt;, C:\Users\alexa\OneDrive\Documents\PowerShell\Modules\Pester\5.7.1\Pester.psm1:893
at &lt;ScriptBlock&gt;, C:\Users\alexa\OneDrive\Documents\PowerShell\Modules\Pester\5.7.1\Pester.psm1:2024
at &lt;ScriptBlock&gt;, C:\Users\alexa\OneDrive\Documents\PowerShell\Modules\Pester\5.7.1\Pester.psm1:1985
at Invoke-ScriptBlock, C:\Users\alexa\OneDrive\Documents\PowerShell\Modules\Pester\5.7.1\Pester.psm1:2160
at Invoke-Block, C:\Users\alexa\OneDrive\Documents\PowerShell\Modules\Pester\5.7.1\Pester.psm1:940
at &lt;ScriptBlock&gt;, C:\Users\alexa\OneDrive\Documents\PowerShell\Modules\Pester\5.7.1\Pester.psm1:1688
at &lt;ScriptBlock&gt;, C:\Users\alexa\OneDrive\Documents\PowerShell\Modules\Pester\5.7.1\Pester.ps1:3
at &lt;ScriptBlock&gt;, C:\Users\alexa\OneDrive\Documents\PowerShell\Modules\Pester\5.7.1\Pester.psm1:3260
at Invoke-InNewScriptScope, C:\Users\alexa\OneDrive\Documents\PowerShell\Modules\Pester\5.7.1\Pester.psm1:3267
at Run-Test, C:\Users\alexa\OneDrive\Documents\PowerShell\Modules\Pester\5.7.1\Pester.psm1:1691
at Invoke-Test, C:\Users\alexa\OneDrive\Documents\PowerShell\Modules\Pester\5.7.1\Pester.psm1:2512
at Invoke-Pester&lt;End&gt;, C:\Users\alexa\OneDrive\Documents\PowerShell\Modules\Pester\5.7.1\Pester.psm1:4960
at &lt;ScriptBlock&gt;, &lt;No file&gt;:1</stack-trace>
                    </failure>
                  </test-case>
                  <test-case description="Should rollback branch merge" name="PatchManager Rollback Functions.Invoke-BranchRollback.Should rollback branch merge" time="0.0341" asserts="0" success="False" result="Failure" executed="True">
                    <failure>
                      <message>Expected no exception to be thrown, but an exception "The term 'Invoke-BranchRollback' is not recognized as a name of a cmdlet, function, script file, or executable program.
Check the spelling of the name, or if a path was included, verify that the path is correct and try again." was thrown from $env:PROJECT_ROOT\tests\unit\modules\PatchManager\PatchManager-Validation.Tests.ps1:323 char:15
    +             { Invoke-BranchRollback -BranchName "merged-branch" -Roll …
    +               ~~~~~~~~~~~~~~~~~~~~~.</message>
                      <stack-trace>at { Invoke-BranchRollback -BranchName "merged-branch" -RollbackMerge -DryRun } | Should -Not -Throw, $env:PROJECT_ROOT\tests\unit\modules\PatchManager\PatchManager-Validation.Tests.ps1:323
at Invoke-Assertion, C:\Users\alexa\OneDrive\Documents\PowerShell\Modules\Pester\5.7.1\Pester.psm1:8257
at Should&lt;End&gt;, C:\Users\alexa\OneDrive\Documents\PowerShell\Modules\Pester\5.7.1\Pester.psm1:8193
at &lt;ScriptBlock&gt;, $env:PROJECT_ROOT\tests\unit\modules\PatchManager\PatchManager-Validation.Tests.ps1:323
at &lt;ScriptBlock&gt;, C:\Users\alexa\OneDrive\Documents\PowerShell\Modules\Pester\5.7.1\Pester.psm1:2024
at &lt;ScriptBlock&gt;, C:\Users\alexa\OneDrive\Documents\PowerShell\Modules\Pester\5.7.1\Pester.psm1:1985
at Invoke-ScriptBlock, C:\Users\alexa\OneDrive\Documents\PowerShell\Modules\Pester\5.7.1\Pester.psm1:2157
at Invoke-TestItem, C:\Users\alexa\OneDrive\Documents\PowerShell\Modules\Pester\5.7.1\Pester.psm1:1199
at Invoke-Block, C:\Users\alexa\OneDrive\Documents\PowerShell\Modules\Pester\5.7.1\Pester.psm1:835
at &lt;ScriptBlock&gt;, C:\Users\alexa\OneDrive\Documents\PowerShell\Modules\Pester\5.7.1\Pester.psm1:893
at &lt;ScriptBlock&gt;, C:\Users\alexa\OneDrive\Documents\PowerShell\Modules\Pester\5.7.1\Pester.psm1:2024
at &lt;ScriptBlock&gt;, C:\Users\alexa\OneDrive\Documents\PowerShell\Modules\Pester\5.7.1\Pester.psm1:1985
at Invoke-ScriptBlock, C:\Users\alexa\OneDrive\Documents\PowerShell\Modules\Pester\5.7.1\Pester.psm1:2160
at Invoke-Block, C:\Users\alexa\OneDrive\Documents\PowerShell\Modules\Pester\5.7.1\Pester.psm1:940
at &lt;ScriptBlock&gt;, C:\Users\alexa\OneDrive\Documents\PowerShell\Modules\Pester\5.7.1\Pester.psm1:893
at &lt;ScriptBlock&gt;, C:\Users\alexa\OneDrive\Documents\PowerShell\Modules\Pester\5.7.1\Pester.psm1:2024
at &lt;ScriptBlock&gt;, C:\Users\alexa\OneDrive\Documents\PowerShell\Modules\Pester\5.7.1\Pester.psm1:1985
at Invoke-ScriptBlock, C:\Users\alexa\OneDrive\Documents\PowerShell\Modules\Pester\5.7.1\Pester.psm1:2160
at Invoke-Block, C:\Users\alexa\OneDrive\Documents\PowerShell\Modules\Pester\5.7.1\Pester.psm1:940
at &lt;ScriptBlock&gt;, C:\Users\alexa\OneDrive\Documents\PowerShell\Modules\Pester\5.7.1\Pester.psm1:893
at &lt;ScriptBlock&gt;, C:\Users\alexa\OneDrive\Documents\PowerShell\Modules\Pester\5.7.1\Pester.psm1:2024
at &lt;ScriptBlock&gt;, C:\Users\alexa\OneDrive\Documents\PowerShell\Modules\Pester\5.7.1\Pester.psm1:1985
at Invoke-ScriptBlock, C:\Users\alexa\OneDrive\Documents\PowerShell\Modules\Pester\5.7.1\Pester.psm1:2160
at Invoke-Block, C:\Users\alexa\OneDrive\Documents\PowerShell\Modules\Pester\5.7.1\Pester.psm1:940
at &lt;ScriptBlock&gt;, C:\Users\alexa\OneDrive\Documents\PowerShell\Modules\Pester\5.7.1\Pester.psm1:1688
at &lt;ScriptBlock&gt;, C:\Users\alexa\OneDrive\Documents\PowerShell\Modules\Pester\5.7.1\Pester.ps1:3
at &lt;ScriptBlock&gt;, C:\Users\alexa\OneDrive\Documents\PowerShell\Modules\Pester\5.7.1\Pester.psm1:3260
at Invoke-InNewScriptScope, C:\Users\alexa\OneDrive\Documents\PowerShell\Modules\Pester\5.7.1\Pester.psm1:3267
at Run-Test, C:\Users\alexa\OneDrive\Documents\PowerShell\Modules\Pester\5.7.1\Pester.psm1:1691
at Invoke-Test, C:\Users\alexa\OneDrive\Documents\PowerShell\Modules\Pester\5.7.1\Pester.psm1:2512
at Invoke-Pester&lt;End&gt;, C:\Users\alexa\OneDrive\Documents\PowerShell\Modules\Pester\5.7.1\Pester.psm1:4960
at &lt;ScriptBlock&gt;, &lt;No file&gt;:1</stack-trace>
                    </failure>
                  </test-case>
                </results>
              </test-suite>
            </results>
          </test-suite>
          <test-suite type="TestFixture" name="PatchManager Error Handling and Monitoring" executed="True" result="Failure" success="False" time="0.6863" asserts="0" description="PatchManager Error Handling and Monitoring">
            <results>
              <test-suite type="TestFixture" name="PatchManager Error Handling and Monitoring.Invoke-ErrorHandler" executed="True" result="Failure" success="False" time="0.0562" asserts="0" description="PatchManager Error Handling and Monitoring.Invoke-ErrorHandler">
                <results>
                  <test-case description="Should handle PowerShell errors gracefully" name="PatchManager Error Handling and Monitoring.Invoke-ErrorHandler.Should handle PowerShell errors gracefully" time="0.0233" asserts="0" success="False" result="Failure" executed="True">
                    <failure>
                      <message>Expected no exception to be thrown, but an exception "Cannot process argument transformation on parameter 'Context'. Cannot convert the "Test context" value of type "System.String" to type "System.Collections.Hashtable"." was thrown from $env:PROJECT_ROOT\tests\unit\modules\PatchManager\PatchManager-Validation.Tests.ps1:338 char:68
    + … -ErrorHandler -ErrorRecord $testError -Context "Test context" } | Sho …
    +                                                  ~~~~~~~~~~~~~~.</message>
                      <stack-trace>at { Invoke-ErrorHandler -ErrorRecord $testError -Context "Test context" } | Should -Not -Throw, $env:PROJECT_ROOT\tests\unit\modules\PatchManager\PatchManager-Validation.Tests.ps1:338
at Invoke-Assertion, C:\Users\alexa\OneDrive\Documents\PowerShell\Modules\Pester\5.7.1\Pester.psm1:8257
at Should&lt;End&gt;, C:\Users\alexa\OneDrive\Documents\PowerShell\Modules\Pester\5.7.1\Pester.psm1:8193
at &lt;ScriptBlock&gt;, $env:PROJECT_ROOT\tests\unit\modules\PatchManager\PatchManager-Validation.Tests.ps1:338
at &lt;ScriptBlock&gt;, C:\Users\alexa\OneDrive\Documents\PowerShell\Modules\Pester\5.7.1\Pester.psm1:2024
at &lt;ScriptBlock&gt;, C:\Users\alexa\OneDrive\Documents\PowerShell\Modules\Pester\5.7.1\Pester.psm1:1985
at Invoke-ScriptBlock, C:\Users\alexa\OneDrive\Documents\PowerShell\Modules\Pester\5.7.1\Pester.psm1:2157
at Invoke-TestItem, C:\Users\alexa\OneDrive\Documents\PowerShell\Modules\Pester\5.7.1\Pester.psm1:1199
at Invoke-Block, C:\Users\alexa\OneDrive\Documents\PowerShell\Modules\Pester\5.7.1\Pester.psm1:835
at &lt;ScriptBlock&gt;, C:\Users\alexa\OneDrive\Documents\PowerShell\Modules\Pester\5.7.1\Pester.psm1:893
at &lt;ScriptBlock&gt;, C:\Users\alexa\OneDrive\Documents\PowerShell\Modules\Pester\5.7.1\Pester.psm1:2024
at &lt;ScriptBlock&gt;, C:\Users\alexa\OneDrive\Documents\PowerShell\Modules\Pester\5.7.1\Pester.psm1:1985
at Invoke-ScriptBlock, C:\Users\alexa\OneDrive\Documents\PowerShell\Modules\Pester\5.7.1\Pester.psm1:2160
at Invoke-Block, C:\Users\alexa\OneDrive\Documents\PowerShell\Modules\Pester\5.7.1\Pester.psm1:940
at &lt;ScriptBlock&gt;, C:\Users\alexa\OneDrive\Documents\PowerShell\Modules\Pester\5.7.1\Pester.psm1:893
at &lt;ScriptBlock&gt;, C:\Users\alexa\OneDrive\Documents\PowerShell\Modules\Pester\5.7.1\Pester.psm1:2024
at &lt;ScriptBlock&gt;, C:\Users\alexa\OneDrive\Documents\PowerShell\Modules\Pester\5.7.1\Pester.psm1:1985
at Invoke-ScriptBlock, C:\Users\alexa\OneDrive\Documents\PowerShell\Modules\Pester\5.7.1\Pester.psm1:2160
at Invoke-Block, C:\Users\alexa\OneDrive\Documents\PowerShell\Modules\Pester\5.7.1\Pester.psm1:940
at &lt;ScriptBlock&gt;, C:\Users\alexa\OneDrive\Documents\PowerShell\Modules\Pester\5.7.1\Pester.psm1:893
at &lt;ScriptBlock&gt;, C:\Users\alexa\OneDrive\Documents\PowerShell\Modules\Pester\5.7.1\Pester.psm1:2024
at &lt;ScriptBlock&gt;, C:\Users\alexa\OneDrive\Documents\PowerShell\Modules\Pester\5.7.1\Pester.psm1:1985
at Invoke-ScriptBlock, C:\Users\alexa\OneDrive\Documents\PowerShell\Modules\Pester\5.7.1\Pester.psm1:2160
at Invoke-Block, C:\Users\alexa\OneDrive\Documents\PowerShell\Modules\Pester\5.7.1\Pester.psm1:940
at &lt;ScriptBlock&gt;, C:\Users\alexa\OneDrive\Documents\PowerShell\Modules\Pester\5.7.1\Pester.psm1:1688
at &lt;ScriptBlock&gt;, C:\Users\alexa\OneDrive\Documents\PowerShell\Modules\Pester\5.7.1\Pester.ps1:3
at &lt;ScriptBlock&gt;, C:\Users\alexa\OneDrive\Documents\PowerShell\Modules\Pester\5.7.1\Pester.psm1:3260
at Invoke-InNewScriptScope, C:\Users\alexa\OneDrive\Documents\PowerShell\Modules\Pester\5.7.1\Pester.psm1:3267
at Run-Test, C:\Users\alexa\OneDrive\Documents\PowerShell\Modules\Pester\5.7.1\Pester.psm1:1691
at Invoke-Test, C:\Users\alexa\OneDrive\Documents\PowerShell\Modules\Pester\5.7.1\Pester.psm1:2512
at Invoke-Pester&lt;End&gt;, C:\Users\alexa\OneDrive\Documents\PowerShell\Modules\Pester\5.7.1\Pester.psm1:4960
at &lt;ScriptBlock&gt;, &lt;No file&gt;:1</stack-trace>
                    </failure>
                  </test-case>
                  <test-case description="Should log errors appropriately" name="PatchManager Error Handling and Monitoring.Invoke-ErrorHandler.Should log errors appropriately" time="0.0167" asserts="0" success="False" result="Failure" executed="True">
                    <failure>
                      <message>PSInvalidCastException: Cannot convert the "Test context" value of type "System.String" to type "System.Collections.Hashtable".
ArgumentTransformationMetadataException: Cannot convert the "Test context" value of type "System.String" to type "System.Collections.Hashtable".
ParameterBindingArgumentTransformationException: Cannot process argument transformation on parameter 'Context'. Cannot convert the "Test context" value of type "System.String" to type "System.Collections.Hashtable".</message>
                      <stack-trace>at &lt;ScriptBlock&gt;, $env:PROJECT_ROOT\tests\unit\modules\PatchManager\PatchManager-Validation.Tests.ps1:349
at &lt;ScriptBlock&gt;, C:\Users\alexa\OneDrive\Documents\PowerShell\Modules\Pester\5.7.1\Pester.psm1:2024
at &lt;ScriptBlock&gt;, C:\Users\alexa\OneDrive\Documents\PowerShell\Modules\Pester\5.7.1\Pester.psm1:1985
at Invoke-ScriptBlock, C:\Users\alexa\OneDrive\Documents\PowerShell\Modules\Pester\5.7.1\Pester.psm1:2157
at Invoke-TestItem, C:\Users\alexa\OneDrive\Documents\PowerShell\Modules\Pester\5.7.1\Pester.psm1:1199
at Invoke-Block, C:\Users\alexa\OneDrive\Documents\PowerShell\Modules\Pester\5.7.1\Pester.psm1:835
at &lt;ScriptBlock&gt;, C:\Users\alexa\OneDrive\Documents\PowerShell\Modules\Pester\5.7.1\Pester.psm1:893
at &lt;ScriptBlock&gt;, C:\Users\alexa\OneDrive\Documents\PowerShell\Modules\Pester\5.7.1\Pester.psm1:2024
at &lt;ScriptBlock&gt;, C:\Users\alexa\OneDrive\Documents\PowerShell\Modules\Pester\5.7.1\Pester.psm1:1985
at Invoke-ScriptBlock, C:\Users\alexa\OneDrive\Documents\PowerShell\Modules\Pester\5.7.1\Pester.psm1:2160
at Invoke-Block, C:\Users\alexa\OneDrive\Documents\PowerShell\Modules\Pester\5.7.1\Pester.psm1:940
at &lt;ScriptBlock&gt;, C:\Users\alexa\OneDrive\Documents\PowerShell\Modules\Pester\5.7.1\Pester.psm1:893
at &lt;ScriptBlock&gt;, C:\Users\alexa\OneDrive\Documents\PowerShell\Modules\Pester\5.7.1\Pester.psm1:2024
at &lt;ScriptBlock&gt;, C:\Users\alexa\OneDrive\Documents\PowerShell\Modules\Pester\5.7.1\Pester.psm1:1985
at Invoke-ScriptBlock, C:\Users\alexa\OneDrive\Documents\PowerShell\Modules\Pester\5.7.1\Pester.psm1:2160
at Invoke-Block, C:\Users\alexa\OneDrive\Documents\PowerShell\Modules\Pester\5.7.1\Pester.psm1:940
at &lt;ScriptBlock&gt;, C:\Users\alexa\OneDrive\Documents\PowerShell\Modules\Pester\5.7.1\Pester.psm1:893
at &lt;ScriptBlock&gt;, C:\Users\alexa\OneDrive\Documents\PowerShell\Modules\Pester\5.7.1\Pester.psm1:2024
at &lt;ScriptBlock&gt;, C:\Users\alexa\OneDrive\Documents\PowerShell\Modules\Pester\5.7.1\Pester.psm1:1985
at Invoke-ScriptBlock, C:\Users\alexa\OneDrive\Documents\PowerShell\Modules\Pester\5.7.1\Pester.psm1:2160
at Invoke-Block, C:\Users\alexa\OneDrive\Documents\PowerShell\Modules\Pester\5.7.1\Pester.psm1:940
at &lt;ScriptBlock&gt;, C:\Users\alexa\OneDrive\Documents\PowerShell\Modules\Pester\5.7.1\Pester.psm1:1688
at &lt;ScriptBlock&gt;, C:\Users\alexa\OneDrive\Documents\PowerShell\Modules\Pester\5.7.1\Pester.ps1:3
at &lt;ScriptBlock&gt;, C:\Users\alexa\OneDrive\Documents\PowerShell\Modules\Pester\5.7.1\Pester.psm1:3260
at Invoke-InNewScriptScope, C:\Users\alexa\OneDrive\Documents\PowerShell\Modules\Pester\5.7.1\Pester.psm1:3267
at Run-Test, C:\Users\alexa\OneDrive\Documents\PowerShell\Modules\Pester\5.7.1\Pester.psm1:1691
at Invoke-Test, C:\Users\alexa\OneDrive\Documents\PowerShell\Modules\Pester\5.7.1\Pester.psm1:2512
at Invoke-Pester&lt;End&gt;, C:\Users\alexa\OneDrive\Documents\PowerShell\Modules\Pester\5.7.1\Pester.psm1:4960
at &lt;ScriptBlock&gt;, &lt;No file&gt;:1</stack-trace>
                    </failure>
                  </test-case>
                  <test-case description="Should provide recovery suggestions" name="PatchManager Error Handling and Monitoring.Invoke-ErrorHandler.Should provide recovery suggestions" time="0.0114" asserts="0" success="False" result="Failure" executed="True">
                    <failure>
                      <message>ParameterBindingException: A parameter cannot be found that matches parameter name 'ProvideRecoverySuggestions'.</message>
                      <stack-trace>at &lt;ScriptBlock&gt;, $env:PROJECT_ROOT\tests\unit\modules\PatchManager\PatchManager-Validation.Tests.ps1:362
at &lt;ScriptBlock&gt;, C:\Users\alexa\OneDrive\Documents\PowerShell\Modules\Pester\5.7.1\Pester.psm1:2024
at &lt;ScriptBlock&gt;, C:\Users\alexa\OneDrive\Documents\PowerShell\Modules\Pester\5.7.1\Pester.psm1:1985
at Invoke-ScriptBlock, C:\Users\alexa\OneDrive\Documents\PowerShell\Modules\Pester\5.7.1\Pester.psm1:2157
at Invoke-TestItem, C:\Users\alexa\OneDrive\Documents\PowerShell\Modules\Pester\5.7.1\Pester.psm1:1199
at Invoke-Block, C:\Users\alexa\OneDrive\Documents\PowerShell\Modules\Pester\5.7.1\Pester.psm1:835
at &lt;ScriptBlock&gt;, C:\Users\alexa\OneDrive\Documents\PowerShell\Modules\Pester\5.7.1\Pester.psm1:893
at &lt;ScriptBlock&gt;, C:\Users\alexa\OneDrive\Documents\PowerShell\Modules\Pester\5.7.1\Pester.psm1:2024
at &lt;ScriptBlock&gt;, C:\Users\alexa\OneDrive\Documents\PowerShell\Modules\Pester\5.7.1\Pester.psm1:1985
at Invoke-ScriptBlock, C:\Users\alexa\OneDrive\Documents\PowerShell\Modules\Pester\5.7.1\Pester.psm1:2160
at Invoke-Block, C:\Users\alexa\OneDrive\Documents\PowerShell\Modules\Pester\5.7.1\Pester.psm1:940
at &lt;ScriptBlock&gt;, C:\Users\alexa\OneDrive\Documents\PowerShell\Modules\Pester\5.7.1\Pester.psm1:893
at &lt;ScriptBlock&gt;, C:\Users\alexa\OneDrive\Documents\PowerShell\Modules\Pester\5.7.1\Pester.psm1:2024
at &lt;ScriptBlock&gt;, C:\Users\alexa\OneDrive\Documents\PowerShell\Modules\Pester\5.7.1\Pester.psm1:1985
at Invoke-ScriptBlock, C:\Users\alexa\OneDrive\Documents\PowerShell\Modules\Pester\5.7.1\Pester.psm1:2160
at Invoke-Block, C:\Users\alexa\OneDrive\Documents\PowerShell\Modules\Pester\5.7.1\Pester.psm1:940
at &lt;ScriptBlock&gt;, C:\Users\alexa\OneDrive\Documents\PowerShell\Modules\Pester\5.7.1\Pester.psm1:893
at &lt;ScriptBlock&gt;, C:\Users\alexa\OneDrive\Documents\PowerShell\Modules\Pester\5.7.1\Pester.psm1:2024
at &lt;ScriptBlock&gt;, C:\Users\alexa\OneDrive\Documents\PowerShell\Modules\Pester\5.7.1\Pester.psm1:1985
at Invoke-ScriptBlock, C:\Users\alexa\OneDrive\Documents\PowerShell\Modules\Pester\5.7.1\Pester.psm1:2160
at Invoke-Block, C:\Users\alexa\OneDrive\Documents\PowerShell\Modules\Pester\5.7.1\Pester.psm1:940
at &lt;ScriptBlock&gt;, C:\Users\alexa\OneDrive\Documents\PowerShell\Modules\Pester\5.7.1\Pester.psm1:1688
at &lt;ScriptBlock&gt;, C:\Users\alexa\OneDrive\Documents\PowerShell\Modules\Pester\5.7.1\Pester.ps1:3
at &lt;ScriptBlock&gt;, C:\Users\alexa\OneDrive\Documents\PowerShell\Modules\Pester\5.7.1\Pester.psm1:3260
at Invoke-InNewScriptScope, C:\Users\alexa\OneDrive\Documents\PowerShell\Modules\Pester\5.7.1\Pester.psm1:3267
at Run-Test, C:\Users\alexa\OneDrive\Documents\PowerShell\Modules\Pester\5.7.1\Pester.psm1:1691
at Invoke-Test, C:\Users\alexa\OneDrive\Documents\PowerShell\Modules\Pester\5.7.1\Pester.psm1:2512
at Invoke-Pester&lt;End&gt;, C:\Users\alexa\OneDrive\Documents\PowerShell\Modules\Pester\5.7.1\Pester.psm1:4960
at &lt;ScriptBlock&gt;, &lt;No file&gt;:1</stack-trace>
                    </failure>
                  </test-case>
                </results>
              </test-suite>
              <test-suite type="TestFixture" name="PatchManager Error Handling and Monitoring.Invoke-MonitoredExecution" executed="True" result="Failure" success="False" time="0.096" asserts="0" description="PatchManager Error Handling and Monitoring.Invoke-MonitoredExecution">
                <results>
                  <test-case description="Should monitor script block execution" name="PatchManager Error Handling and Monitoring.Invoke-MonitoredExecution.Should monitor script block execution" time="0.0135" asserts="0" success="False" result="Failure" executed="True">
                    <failure>
                      <message>ParameterBindingException: A parameter cannot be found that matches parameter name 'OperationName'.</message>
                      <stack-trace>at &lt;ScriptBlock&gt;, $env:PROJECT_ROOT\tests\unit\modules\PatchManager\PatchManager-Validation.Tests.ps1:372
at &lt;ScriptBlock&gt;, C:\Users\alexa\OneDrive\Documents\PowerShell\Modules\Pester\5.7.1\Pester.psm1:2024
at &lt;ScriptBlock&gt;, C:\Users\alexa\OneDrive\Documents\PowerShell\Modules\Pester\5.7.1\Pester.psm1:1985
at Invoke-ScriptBlock, C:\Users\alexa\OneDrive\Documents\PowerShell\Modules\Pester\5.7.1\Pester.psm1:2157
at Invoke-TestItem, C:\Users\alexa\OneDrive\Documents\PowerShell\Modules\Pester\5.7.1\Pester.psm1:1199
at Invoke-Block, C:\Users\alexa\OneDrive\Documents\PowerShell\Modules\Pester\5.7.1\Pester.psm1:835
at &lt;ScriptBlock&gt;, C:\Users\alexa\OneDrive\Documents\PowerShell\Modules\Pester\5.7.1\Pester.psm1:893
at &lt;ScriptBlock&gt;, C:\Users\alexa\OneDrive\Documents\PowerShell\Modules\Pester\5.7.1\Pester.psm1:2024
at &lt;ScriptBlock&gt;, C:\Users\alexa\OneDrive\Documents\PowerShell\Modules\Pester\5.7.1\Pester.psm1:1985
at Invoke-ScriptBlock, C:\Users\alexa\OneDrive\Documents\PowerShell\Modules\Pester\5.7.1\Pester.psm1:2160
at Invoke-Block, C:\Users\alexa\OneDrive\Documents\PowerShell\Modules\Pester\5.7.1\Pester.psm1:940
at &lt;ScriptBlock&gt;, C:\Users\alexa\OneDrive\Documents\PowerShell\Modules\Pester\5.7.1\Pester.psm1:893
at &lt;ScriptBlock&gt;, C:\Users\alexa\OneDrive\Documents\PowerShell\Modules\Pester\5.7.1\Pester.psm1:2024
at &lt;ScriptBlock&gt;, C:\Users\alexa\OneDrive\Documents\PowerShell\Modules\Pester\5.7.1\Pester.psm1:1985
at Invoke-ScriptBlock, C:\Users\alexa\OneDrive\Documents\PowerShell\Modules\Pester\5.7.1\Pester.psm1:2160
at Invoke-Block, C:\Users\alexa\OneDrive\Documents\PowerShell\Modules\Pester\5.7.1\Pester.psm1:940
at &lt;ScriptBlock&gt;, C:\Users\alexa\OneDrive\Documents\PowerShell\Modules\Pester\5.7.1\Pester.psm1:893
at &lt;ScriptBlock&gt;, C:\Users\alexa\OneDrive\Documents\PowerShell\Modules\Pester\5.7.1\Pester.psm1:2024
at &lt;ScriptBlock&gt;, C:\Users\alexa\OneDrive\Documents\PowerShell\Modules\Pester\5.7.1\Pester.psm1:1985
at Invoke-ScriptBlock, C:\Users\alexa\OneDrive\Documents\PowerShell\Modules\Pester\5.7.1\Pester.psm1:2160
at Invoke-Block, C:\Users\alexa\OneDrive\Documents\PowerShell\Modules\Pester\5.7.1\Pester.psm1:940
at &lt;ScriptBlock&gt;, C:\Users\alexa\OneDrive\Documents\PowerShell\Modules\Pester\5.7.1\Pester.psm1:1688
at &lt;ScriptBlock&gt;, C:\Users\alexa\OneDrive\Documents\PowerShell\Modules\Pester\5.7.1\Pester.ps1:3
at &lt;ScriptBlock&gt;, C:\Users\alexa\OneDrive\Documents\PowerShell\Modules\Pester\5.7.1\Pester.psm1:3260
at Invoke-InNewScriptScope, C:\Users\alexa\OneDrive\Documents\PowerShell\Modules\Pester\5.7.1\Pester.psm1:3267
at Run-Test, C:\Users\alexa\OneDrive\Documents\PowerShell\Modules\Pester\5.7.1\Pester.psm1:1691
at Invoke-Test, C:\Users\alexa\OneDrive\Documents\PowerShell\Modules\Pester\5.7.1\Pester.psm1:2512
at Invoke-Pester&lt;End&gt;, C:\Users\alexa\OneDrive\Documents\PowerShell\Modules\Pester\5.7.1\Pester.psm1:4960
at &lt;ScriptBlock&gt;, &lt;No file&gt;:1</stack-trace>
                    </failure>
                  </test-case>
                  <test-case description="Should handle execution failures" name="PatchManager Error Handling and Monitoring.Invoke-MonitoredExecution.Should handle execution failures" time="0.0107" asserts="0" success="False" result="Failure" executed="True">
                    <failure>
                      <message>ParameterBindingException: A parameter cannot be found that matches parameter name 'OperationName'.</message>
                      <stack-trace>at &lt;ScriptBlock&gt;, $env:PROJECT_ROOT\tests\unit\modules\PatchManager\PatchManager-Validation.Tests.ps1:381
at &lt;ScriptBlock&gt;, C:\Users\alexa\OneDrive\Documents\PowerShell\Modules\Pester\5.7.1\Pester.psm1:2024
at &lt;ScriptBlock&gt;, C:\Users\alexa\OneDrive\Documents\PowerShell\Modules\Pester\5.7.1\Pester.psm1:1985
at Invoke-ScriptBlock, C:\Users\alexa\OneDrive\Documents\PowerShell\Modules\Pester\5.7.1\Pester.psm1:2157
at Invoke-TestItem, C:\Users\alexa\OneDrive\Documents\PowerShell\Modules\Pester\5.7.1\Pester.psm1:1199
at Invoke-Block, C:\Users\alexa\OneDrive\Documents\PowerShell\Modules\Pester\5.7.1\Pester.psm1:835
at &lt;ScriptBlock&gt;, C:\Users\alexa\OneDrive\Documents\PowerShell\Modules\Pester\5.7.1\Pester.psm1:893
at &lt;ScriptBlock&gt;, C:\Users\alexa\OneDrive\Documents\PowerShell\Modules\Pester\5.7.1\Pester.psm1:2024
at &lt;ScriptBlock&gt;, C:\Users\alexa\OneDrive\Documents\PowerShell\Modules\Pester\5.7.1\Pester.psm1:1985
at Invoke-ScriptBlock, C:\Users\alexa\OneDrive\Documents\PowerShell\Modules\Pester\5.7.1\Pester.psm1:2160
at Invoke-Block, C:\Users\alexa\OneDrive\Documents\PowerShell\Modules\Pester\5.7.1\Pester.psm1:940
at &lt;ScriptBlock&gt;, C:\Users\alexa\OneDrive\Documents\PowerShell\Modules\Pester\5.7.1\Pester.psm1:893
at &lt;ScriptBlock&gt;, C:\Users\alexa\OneDrive\Documents\PowerShell\Modules\Pester\5.7.1\Pester.psm1:2024
at &lt;ScriptBlock&gt;, C:\Users\alexa\OneDrive\Documents\PowerShell\Modules\Pester\5.7.1\Pester.psm1:1985
at Invoke-ScriptBlock, C:\Users\alexa\OneDrive\Documents\PowerShell\Modules\Pester\5.7.1\Pester.psm1:2160
at Invoke-Block, C:\Users\alexa\OneDrive\Documents\PowerShell\Modules\Pester\5.7.1\Pester.psm1:940
at &lt;ScriptBlock&gt;, C:\Users\alexa\OneDrive\Documents\PowerShell\Modules\Pester\5.7.1\Pester.psm1:893
at &lt;ScriptBlock&gt;, C:\Users\alexa\OneDrive\Documents\PowerShell\Modules\Pester\5.7.1\Pester.psm1:2024
at &lt;ScriptBlock&gt;, C:\Users\alexa\OneDrive\Documents\PowerShell\Modules\Pester\5.7.1\Pester.psm1:1985
at Invoke-ScriptBlock, C:\Users\alexa\OneDrive\Documents\PowerShell\Modules\Pester\5.7.1\Pester.psm1:2160
at Invoke-Block, C:\Users\alexa\OneDrive\Documents\PowerShell\Modules\Pester\5.7.1\Pester.psm1:940
at &lt;ScriptBlock&gt;, C:\Users\alexa\OneDrive\Documents\PowerShell\Modules\Pester\5.7.1\Pester.psm1:1688
at &lt;ScriptBlock&gt;, C:\Users\alexa\OneDrive\Documents\PowerShell\Modules\Pester\5.7.1\Pester.ps1:3
at &lt;ScriptBlock&gt;, C:\Users\alexa\OneDrive\Documents\PowerShell\Modules\Pester\5.7.1\Pester.psm1:3260
at Invoke-InNewScriptScope, C:\Users\alexa\OneDrive\Documents\PowerShell\Modules\Pester\5.7.1\Pester.psm1:3267
at Run-Test, C:\Users\alexa\OneDrive\Documents\PowerShell\Modules\Pester\5.7.1\Pester.psm1:1691
at Invoke-Test, C:\Users\alexa\OneDrive\Documents\PowerShell\Modules\Pester\5.7.1\Pester.psm1:2512
at Invoke-Pester&lt;End&gt;, C:\Users\alexa\OneDrive\Documents\PowerShell\Modules\Pester\5.7.1\Pester.psm1:4960
at &lt;ScriptBlock&gt;, &lt;No file&gt;:1</stack-trace>
                    </failure>
                  </test-case>
                  <test-case description="Should provide execution metrics" name="PatchManager Error Handling and Monitoring.Invoke-MonitoredExecution.Should provide execution metrics" time="0.0128" asserts="0" success="False" result="Failure" executed="True">
                    <failure>
                      <message>ParameterBindingException: A parameter cannot be found that matches parameter name 'OperationName'.</message>
                      <stack-trace>at &lt;ScriptBlock&gt;, $env:PROJECT_ROOT\tests\unit\modules\PatchManager\PatchManager-Validation.Tests.ps1:390
at &lt;ScriptBlock&gt;, C:\Users\alexa\OneDrive\Documents\PowerShell\Modules\Pester\5.7.1\Pester.psm1:2024
at &lt;ScriptBlock&gt;, C:\Users\alexa\OneDrive\Documents\PowerShell\Modules\Pester\5.7.1\Pester.psm1:1985
at Invoke-ScriptBlock, C:\Users\alexa\OneDrive\Documents\PowerShell\Modules\Pester\5.7.1\Pester.psm1:2157
at Invoke-TestItem, C:\Users\alexa\OneDrive\Documents\PowerShell\Modules\Pester\5.7.1\Pester.psm1:1199
at Invoke-Block, C:\Users\alexa\OneDrive\Documents\PowerShell\Modules\Pester\5.7.1\Pester.psm1:835
at &lt;ScriptBlock&gt;, C:\Users\alexa\OneDrive\Documents\PowerShell\Modules\Pester\5.7.1\Pester.psm1:893
at &lt;ScriptBlock&gt;, C:\Users\alexa\OneDrive\Documents\PowerShell\Modules\Pester\5.7.1\Pester.psm1:2024
at &lt;ScriptBlock&gt;, C:\Users\alexa\OneDrive\Documents\PowerShell\Modules\Pester\5.7.1\Pester.psm1:1985
at Invoke-ScriptBlock, C:\Users\alexa\OneDrive\Documents\PowerShell\Modules\Pester\5.7.1\Pester.psm1:2160
at Invoke-Block, C:\Users\alexa\OneDrive\Documents\PowerShell\Modules\Pester\5.7.1\Pester.psm1:940
at &lt;ScriptBlock&gt;, C:\Users\alexa\OneDrive\Documents\PowerShell\Modules\Pester\5.7.1\Pester.psm1:893
at &lt;ScriptBlock&gt;, C:\Users\alexa\OneDrive\Documents\PowerShell\Modules\Pester\5.7.1\Pester.psm1:2024
at &lt;ScriptBlock&gt;, C:\Users\alexa\OneDrive\Documents\PowerShell\Modules\Pester\5.7.1\Pester.psm1:1985
at Invoke-ScriptBlock, C:\Users\alexa\OneDrive\Documents\PowerShell\Modules\Pester\5.7.1\Pester.psm1:2160
at Invoke-Block, C:\Users\alexa\OneDrive\Documents\PowerShell\Modules\Pester\5.7.1\Pester.psm1:940
at &lt;ScriptBlock&gt;, C:\Users\alexa\OneDrive\Documents\PowerShell\Modules\Pester\5.7.1\Pester.psm1:893
at &lt;ScriptBlock&gt;, C:\Users\alexa\OneDrive\Documents\PowerShell\Modules\Pester\5.7.1\Pester.psm1:2024
at &lt;ScriptBlock&gt;, C:\Users\alexa\OneDrive\Documents\PowerShell\Modules\Pester\5.7.1\Pester.psm1:1985
at Invoke-ScriptBlock, C:\Users\alexa\OneDrive\Documents\PowerShell\Modules\Pester\5.7.1\Pester.psm1:2160
at Invoke-Block, C:\Users\alexa\OneDrive\Documents\PowerShell\Modules\Pester\5.7.1\Pester.psm1:940
at &lt;ScriptBlock&gt;, C:\Users\alexa\OneDrive\Documents\PowerShell\Modules\Pester\5.7.1\Pester.psm1:1688
at &lt;ScriptBlock&gt;, C:\Users\alexa\OneDrive\Documents\PowerShell\Modules\Pester\5.7.1\Pester.ps1:3
at &lt;ScriptBlock&gt;, C:\Users\alexa\OneDrive\Documents\PowerShell\Modules\Pester\5.7.1\Pester.psm1:3260
at Invoke-InNewScriptScope, C:\Users\alexa\OneDrive\Documents\PowerShell\Modules\Pester\5.7.1\Pester.psm1:3267
at Run-Test, C:\Users\alexa\OneDrive\Documents\PowerShell\Modules\Pester\5.7.1\Pester.psm1:1691
at Invoke-Test, C:\Users\alexa\OneDrive\Documents\PowerShell\Modules\Pester\5.7.1\Pester.psm1:2512
at Invoke-Pester&lt;End&gt;, C:\Users\alexa\OneDrive\Documents\PowerShell\Modules\Pester\5.7.1\Pester.psm1:4960
at &lt;ScriptBlock&gt;, &lt;No file&gt;:1</stack-trace>
                    </failure>
                  </test-case>
                </results>
              </test-suite>
            </results>
          </test-suite>
          <test-suite type="TestFixture" name="PatchManager Issue Tracking Integration" executed="True" result="Failure" success="False" time="0.7482" asserts="0" description="PatchManager Issue Tracking Integration">
            <results>
              <test-suite type="TestFixture" name="PatchManager Issue Tracking Integration.Invoke-ComprehensiveIssueTracking" executed="True" result="Failure" success="False" time="0.0594" asserts="0" description="PatchManager Issue Tracking Integration.Invoke-ComprehensiveIssueTracking">
                <results>
                  <test-case description="Should track patch-related issues" name="PatchManager Issue Tracking Integration.Invoke-ComprehensiveIssueTracking.Should track patch-related issues" time="0.02" asserts="0" success="False" result="Failure" executed="True">
                    <failure>
                      <message>Expected no exception to be thrown, but an exception "A parameter cannot be found that matches parameter name 'PatchDescription'." was thrown from $env:PROJECT_ROOT\tests\unit\modules\PatchManager\PatchManager-Validation.Tests.ps1:400 char:49
    + …         { Invoke-ComprehensiveIssueTracking -PatchDescription "test:  …
    +                                               ~~~~~~~~~~~~~~~~~.</message>
                      <stack-trace>at { Invoke-ComprehensiveIssueTracking -PatchDescription "test: issue tracking" } | Should -Not -Throw, $env:PROJECT_ROOT\tests\unit\modules\PatchManager\PatchManager-Validation.Tests.ps1:400
at Invoke-Assertion, C:\Users\alexa\OneDrive\Documents\PowerShell\Modules\Pester\5.7.1\Pester.psm1:8257
at Should&lt;End&gt;, C:\Users\alexa\OneDrive\Documents\PowerShell\Modules\Pester\5.7.1\Pester.psm1:8193
at &lt;ScriptBlock&gt;, $env:PROJECT_ROOT\tests\unit\modules\PatchManager\PatchManager-Validation.Tests.ps1:400
at &lt;ScriptBlock&gt;, C:\Users\alexa\OneDrive\Documents\PowerShell\Modules\Pester\5.7.1\Pester.psm1:2024
at &lt;ScriptBlock&gt;, C:\Users\alexa\OneDrive\Documents\PowerShell\Modules\Pester\5.7.1\Pester.psm1:1985
at Invoke-ScriptBlock, C:\Users\alexa\OneDrive\Documents\PowerShell\Modules\Pester\5.7.1\Pester.psm1:2157
at Invoke-TestItem, C:\Users\alexa\OneDrive\Documents\PowerShell\Modules\Pester\5.7.1\Pester.psm1:1199
at Invoke-Block, C:\Users\alexa\OneDrive\Documents\PowerShell\Modules\Pester\5.7.1\Pester.psm1:835
at &lt;ScriptBlock&gt;, C:\Users\alexa\OneDrive\Documents\PowerShell\Modules\Pester\5.7.1\Pester.psm1:893
at &lt;ScriptBlock&gt;, C:\Users\alexa\OneDrive\Documents\PowerShell\Modules\Pester\5.7.1\Pester.psm1:2024
at &lt;ScriptBlock&gt;, C:\Users\alexa\OneDrive\Documents\PowerShell\Modules\Pester\5.7.1\Pester.psm1:1985
at Invoke-ScriptBlock, C:\Users\alexa\OneDrive\Documents\PowerShell\Modules\Pester\5.7.1\Pester.psm1:2160
at Invoke-Block, C:\Users\alexa\OneDrive\Documents\PowerShell\Modules\Pester\5.7.1\Pester.psm1:940
at &lt;ScriptBlock&gt;, C:\Users\alexa\OneDrive\Documents\PowerShell\Modules\Pester\5.7.1\Pester.psm1:893
at &lt;ScriptBlock&gt;, C:\Users\alexa\OneDrive\Documents\PowerShell\Modules\Pester\5.7.1\Pester.psm1:2024
at &lt;ScriptBlock&gt;, C:\Users\alexa\OneDrive\Documents\PowerShell\Modules\Pester\5.7.1\Pester.psm1:1985
at Invoke-ScriptBlock, C:\Users\alexa\OneDrive\Documents\PowerShell\Modules\Pester\5.7.1\Pester.psm1:2160
at Invoke-Block, C:\Users\alexa\OneDrive\Documents\PowerShell\Modules\Pester\5.7.1\Pester.psm1:940
at &lt;ScriptBlock&gt;, C:\Users\alexa\OneDrive\Documents\PowerShell\Modules\Pester\5.7.1\Pester.psm1:893
at &lt;ScriptBlock&gt;, C:\Users\alexa\OneDrive\Documents\PowerShell\Modules\Pester\5.7.1\Pester.psm1:2024
at &lt;ScriptBlock&gt;, C:\Users\alexa\OneDrive\Documents\PowerShell\Modules\Pester\5.7.1\Pester.psm1:1985
at Invoke-ScriptBlock, C:\Users\alexa\OneDrive\Documents\PowerShell\Modules\Pester\5.7.1\Pester.psm1:2160
at Invoke-Block, C:\Users\alexa\OneDrive\Documents\PowerShell\Modules\Pester\5.7.1\Pester.psm1:940
at &lt;ScriptBlock&gt;, C:\Users\alexa\OneDrive\Documents\PowerShell\Modules\Pester\5.7.1\Pester.psm1:1688
at &lt;ScriptBlock&gt;, C:\Users\alexa\OneDrive\Documents\PowerShell\Modules\Pester\5.7.1\Pester.ps1:3
at &lt;ScriptBlock&gt;, C:\Users\alexa\OneDrive\Documents\PowerShell\Modules\Pester\5.7.1\Pester.psm1:3260
at Invoke-InNewScriptScope, C:\Users\alexa\OneDrive\Documents\PowerShell\Modules\Pester\5.7.1\Pester.psm1:3267
at Run-Test, C:\Users\alexa\OneDrive\Documents\PowerShell\Modules\Pester\5.7.1\Pester.psm1:1691
at Invoke-Test, C:\Users\alexa\OneDrive\Documents\PowerShell\Modules\Pester\5.7.1\Pester.psm1:2512
at Invoke-Pester&lt;End&gt;, C:\Users\alexa\OneDrive\Documents\PowerShell\Modules\Pester\5.7.1\Pester.psm1:4960
at &lt;ScriptBlock&gt;, &lt;No file&gt;:1</stack-trace>
                    </failure>
                  </test-case>
                  <test-case description="Should integrate with existing issues" name="PatchManager Issue Tracking Integration.Invoke-ComprehensiveIssueTracking.Should integrate with existing issues" time="0.0172" asserts="0" success="False" result="Failure" executed="True">
                    <failure>
                      <message>Expected no exception to be thrown, but an exception "A parameter cannot be found that matches parameter name 'PatchDescription'." was thrown from $env:PROJECT_ROOT\tests\unit\modules\PatchManager\PatchManager-Validation.Tests.ps1:404 char:49
    + …         { Invoke-ComprehensiveIssueTracking -PatchDescription "test:  …
    +                                               ~~~~~~~~~~~~~~~~~.</message>
                      <stack-trace>at { Invoke-ComprehensiveIssueTracking -PatchDescription "test: issue integration" -ExistingIssueNumber 123 } | Should -Not -Throw, $env:PROJECT_ROOT\tests\unit\modules\PatchManager\PatchManager-Validation.Tests.ps1:404
at Invoke-Assertion, C:\Users\alexa\OneDrive\Documents\PowerShell\Modules\Pester\5.7.1\Pester.psm1:8257
at Should&lt;End&gt;, C:\Users\alexa\OneDrive\Documents\PowerShell\Modules\Pester\5.7.1\Pester.psm1:8193
at &lt;ScriptBlock&gt;, $env:PROJECT_ROOT\tests\unit\modules\PatchManager\PatchManager-Validation.Tests.ps1:404
at &lt;ScriptBlock&gt;, C:\Users\alexa\OneDrive\Documents\PowerShell\Modules\Pester\5.7.1\Pester.psm1:2024
at &lt;ScriptBlock&gt;, C:\Users\alexa\OneDrive\Documents\PowerShell\Modules\Pester\5.7.1\Pester.psm1:1985
at Invoke-ScriptBlock, C:\Users\alexa\OneDrive\Documents\PowerShell\Modules\Pester\5.7.1\Pester.psm1:2157
at Invoke-TestItem, C:\Users\alexa\OneDrive\Documents\PowerShell\Modules\Pester\5.7.1\Pester.psm1:1199
at Invoke-Block, C:\Users\alexa\OneDrive\Documents\PowerShell\Modules\Pester\5.7.1\Pester.psm1:835
at &lt;ScriptBlock&gt;, C:\Users\alexa\OneDrive\Documents\PowerShell\Modules\Pester\5.7.1\Pester.psm1:893
at &lt;ScriptBlock&gt;, C:\Users\alexa\OneDrive\Documents\PowerShell\Modules\Pester\5.7.1\Pester.psm1:2024
at &lt;ScriptBlock&gt;, C:\Users\alexa\OneDrive\Documents\PowerShell\Modules\Pester\5.7.1\Pester.psm1:1985
at Invoke-ScriptBlock, C:\Users\alexa\OneDrive\Documents\PowerShell\Modules\Pester\5.7.1\Pester.psm1:2160
at Invoke-Block, C:\Users\alexa\OneDrive\Documents\PowerShell\Modules\Pester\5.7.1\Pester.psm1:940
at &lt;ScriptBlock&gt;, C:\Users\alexa\OneDrive\Documents\PowerShell\Modules\Pester\5.7.1\Pester.psm1:893
at &lt;ScriptBlock&gt;, C:\Users\alexa\OneDrive\Documents\PowerShell\Modules\Pester\5.7.1\Pester.psm1:2024
at &lt;ScriptBlock&gt;, C:\Users\alexa\OneDrive\Documents\PowerShell\Modules\Pester\5.7.1\Pester.psm1:1985
at Invoke-ScriptBlock, C:\Users\alexa\OneDrive\Documents\PowerShell\Modules\Pester\5.7.1\Pester.psm1:2160
at Invoke-Block, C:\Users\alexa\OneDrive\Documents\PowerShell\Modules\Pester\5.7.1\Pester.psm1:940
at &lt;ScriptBlock&gt;, C:\Users\alexa\OneDrive\Documents\PowerShell\Modules\Pester\5.7.1\Pester.psm1:893
at &lt;ScriptBlock&gt;, C:\Users\alexa\OneDrive\Documents\PowerShell\Modules\Pester\5.7.1\Pester.psm1:2024
at &lt;ScriptBlock&gt;, C:\Users\alexa\OneDrive\Documents\PowerShell\Modules\Pester\5.7.1\Pester.psm1:1985
at Invoke-ScriptBlock, C:\Users\alexa\OneDrive\Documents\PowerShell\Modules\Pester\5.7.1\Pester.psm1:2160
at Invoke-Block, C:\Users\alexa\OneDrive\Documents\PowerShell\Modules\Pester\5.7.1\Pester.psm1:940
at &lt;ScriptBlock&gt;, C:\Users\alexa\OneDrive\Documents\PowerShell\Modules\Pester\5.7.1\Pester.psm1:1688
at &lt;ScriptBlock&gt;, C:\Users\alexa\OneDrive\Documents\PowerShell\Modules\Pester\5.7.1\Pester.ps1:3
at &lt;ScriptBlock&gt;, C:\Users\alexa\OneDrive\Documents\PowerShell\Modules\Pester\5.7.1\Pester.psm1:3260
at Invoke-InNewScriptScope, C:\Users\alexa\OneDrive\Documents\PowerShell\Modules\Pester\5.7.1\Pester.psm1:3267
at Run-Test, C:\Users\alexa\OneDrive\Documents\PowerShell\Modules\Pester\5.7.1\Pester.psm1:1691
at Invoke-Test, C:\Users\alexa\OneDrive\Documents\PowerShell\Modules\Pester\5.7.1\Pester.psm1:2512
at Invoke-Pester&lt;End&gt;, C:\Users\alexa\OneDrive\Documents\PowerShell\Modules\Pester\5.7.1\Pester.psm1:4960
at &lt;ScriptBlock&gt;, &lt;No file&gt;:1</stack-trace>
                    </failure>
                  </test-case>
                  <test-case description="Should create automated issue tracking" name="PatchManager Issue Tracking Integration.Invoke-ComprehensiveIssueTracking.Should create automated issue tracking" time="0.0192" asserts="0" success="False" result="Failure" executed="True">
                    <failure>
                      <message>Expected no exception to be thrown, but an exception "A parameter cannot be found that matches parameter name 'PatchDescription'." was thrown from $env:PROJECT_ROOT\tests\unit\modules\PatchManager\PatchManager-Validation.Tests.ps1:408 char:49
    + …         { Invoke-ComprehensiveIssueTracking -PatchDescription "test:  …
    +                                               ~~~~~~~~~~~~~~~~~.</message>
                      <stack-trace>at { Invoke-ComprehensiveIssueTracking -PatchDescription "test: automated tracking" -CreateAutomatedTracking } | Should -Not -Throw, $env:PROJECT_ROOT\tests\unit\modules\PatchManager\PatchManager-Validation.Tests.ps1:408
at Invoke-Assertion, C:\Users\alexa\OneDrive\Documents\PowerShell\Modules\Pester\5.7.1\Pester.psm1:8257
at Should&lt;End&gt;, C:\Users\alexa\OneDrive\Documents\PowerShell\Modules\Pester\5.7.1\Pester.psm1:8193
at &lt;ScriptBlock&gt;, $env:PROJECT_ROOT\tests\unit\modules\PatchManager\PatchManager-Validation.Tests.ps1:408
at &lt;ScriptBlock&gt;, C:\Users\alexa\OneDrive\Documents\PowerShell\Modules\Pester\5.7.1\Pester.psm1:2024
at &lt;ScriptBlock&gt;, C:\Users\alexa\OneDrive\Documents\PowerShell\Modules\Pester\5.7.1\Pester.psm1:1985
at Invoke-ScriptBlock, C:\Users\alexa\OneDrive\Documents\PowerShell\Modules\Pester\5.7.1\Pester.psm1:2157
at Invoke-TestItem, C:\Users\alexa\OneDrive\Documents\PowerShell\Modules\Pester\5.7.1\Pester.psm1:1199
at Invoke-Block, C:\Users\alexa\OneDrive\Documents\PowerShell\Modules\Pester\5.7.1\Pester.psm1:835
at &lt;ScriptBlock&gt;, C:\Users\alexa\OneDrive\Documents\PowerShell\Modules\Pester\5.7.1\Pester.psm1:893
at &lt;ScriptBlock&gt;, C:\Users\alexa\OneDrive\Documents\PowerShell\Modules\Pester\5.7.1\Pester.psm1:2024
at &lt;ScriptBlock&gt;, C:\Users\alexa\OneDrive\Documents\PowerShell\Modules\Pester\5.7.1\Pester.psm1:1985
at Invoke-ScriptBlock, C:\Users\alexa\OneDrive\Documents\PowerShell\Modules\Pester\5.7.1\Pester.psm1:2160
at Invoke-Block, C:\Users\alexa\OneDrive\Documents\PowerShell\Modules\Pester\5.7.1\Pester.psm1:940
at &lt;ScriptBlock&gt;, C:\Users\alexa\OneDrive\Documents\PowerShell\Modules\Pester\5.7.1\Pester.psm1:893
at &lt;ScriptBlock&gt;, C:\Users\alexa\OneDrive\Documents\PowerShell\Modules\Pester\5.7.1\Pester.psm1:2024
at &lt;ScriptBlock&gt;, C:\Users\alexa\OneDrive\Documents\PowerShell\Modules\Pester\5.7.1\Pester.psm1:1985
at Invoke-ScriptBlock, C:\Users\alexa\OneDrive\Documents\PowerShell\Modules\Pester\5.7.1\Pester.psm1:2160
at Invoke-Block, C:\Users\alexa\OneDrive\Documents\PowerShell\Modules\Pester\5.7.1\Pester.psm1:940
at &lt;ScriptBlock&gt;, C:\Users\alexa\OneDrive\Documents\PowerShell\Modules\Pester\5.7.1\Pester.psm1:893
at &lt;ScriptBlock&gt;, C:\Users\alexa\OneDrive\Documents\PowerShell\Modules\Pester\5.7.1\Pester.psm1:2024
at &lt;ScriptBlock&gt;, C:\Users\alexa\OneDrive\Documents\PowerShell\Modules\Pester\5.7.1\Pester.psm1:1985
at Invoke-ScriptBlock, C:\Users\alexa\OneDrive\Documents\PowerShell\Modules\Pester\5.7.1\Pester.psm1:2160
at Invoke-Block, C:\Users\alexa\OneDrive\Documents\PowerShell\Modules\Pester\5.7.1\Pester.psm1:940
at &lt;ScriptBlock&gt;, C:\Users\alexa\OneDrive\Documents\PowerShell\Modules\Pester\5.7.1\Pester.psm1:1688
at &lt;ScriptBlock&gt;, C:\Users\alexa\OneDrive\Documents\PowerShell\Modules\Pester\5.7.1\Pester.ps1:3
at &lt;ScriptBlock&gt;, C:\Users\alexa\OneDrive\Documents\PowerShell\Modules\Pester\5.7.1\Pester.psm1:3260
at Invoke-InNewScriptScope, C:\Users\alexa\OneDrive\Documents\PowerShell\Modules\Pester\5.7.1\Pester.psm1:3267
at Run-Test, C:\Users\alexa\OneDrive\Documents\PowerShell\Modules\Pester\5.7.1\Pester.psm1:1691
at Invoke-Test, C:\Users\alexa\OneDrive\Documents\PowerShell\Modules\Pester\5.7.1\Pester.psm1:2512
at Invoke-Pester&lt;End&gt;, C:\Users\alexa\OneDrive\Documents\PowerShell\Modules\Pester\5.7.1\Pester.psm1:4960
at &lt;ScriptBlock&gt;, &lt;No file&gt;:1</stack-trace>
                    </failure>
                  </test-case>
                </results>
              </test-suite>
            </results>
          </test-suite>
        </results>
      </test-suite>
      <test-suite type="TestFixture" name="$env:PROJECT_ROOT\tests\unit\modules\ScriptManager\ScriptManager-Core.Tests.ps1" executed="True" result="Failure" success="False" time="1.0401" asserts="0" description="$env:PROJECT_ROOT\tests\unit\modules\ScriptManager\ScriptManager-Core.Tests.ps1">
        <results>
          <test-suite type="TestFixture" name="ScriptManager Module - Core Functions" executed="True" result="Failure" success="False" time="0.3573" asserts="0" description="ScriptManager Module - Core Functions">
            <results>
              <test-suite type="TestFixture" name="ScriptManager Module - Core Functions.Register-OneOffScript" executed="True" result="Failure" success="False" time="0.1298" asserts="0" description="ScriptManager Module - Core Functions.Register-OneOffScript">
                <results>
                  <test-case description="Should register a script successfully" name="ScriptManager Module - Core Functions.Register-OneOffScript.Should register a script successfully" time="0.0317" asserts="0" success="True" result="Success" executed="True" />
                  <test-case description="Should register script with description" name="ScriptManager Module - Core Functions.Register-OneOffScript.Should register script with description" time="0.0179" asserts="0" success="True" result="Success" executed="True" />
                  <test-case description="Should register script with parameters" name="ScriptManager Module - Core Functions.Register-OneOffScript.Should register script with parameters" time="0.0179" asserts="0" success="True" result="Success" executed="True" />
                  <test-case description="Should handle non-existent script path" name="ScriptManager Module - Core Functions.Register-OneOffScript.Should handle non-existent script path" time="0.0197" asserts="0" success="False" result="Failure" executed="True">
                    <failure>
                      <message>Expected an exception to be thrown, but no exception was thrown.</message>
                      <stack-trace>at { Register-OneOffScript -ScriptPath $nonExistentPath -Name "NonExistentScript" } | Should -Throw, $env:PROJECT_ROOT\tests\unit\modules\ScriptManager\ScriptManager-Core.Tests.ps1:60
at Invoke-Assertion, C:\Users\alexa\OneDrive\Documents\PowerShell\Modules\Pester\5.7.1\Pester.psm1:8257
at Should&lt;End&gt;, C:\Users\alexa\OneDrive\Documents\PowerShell\Modules\Pester\5.7.1\Pester.psm1:8193
at &lt;ScriptBlock&gt;, $env:PROJECT_ROOT\tests\unit\modules\ScriptManager\ScriptManager-Core.Tests.ps1:60
at &lt;ScriptBlock&gt;, C:\Users\alexa\OneDrive\Documents\PowerShell\Modules\Pester\5.7.1\Pester.psm1:2024
at &lt;ScriptBlock&gt;, C:\Users\alexa\OneDrive\Documents\PowerShell\Modules\Pester\5.7.1\Pester.psm1:1985
at Invoke-ScriptBlock, C:\Users\alexa\OneDrive\Documents\PowerShell\Modules\Pester\5.7.1\Pester.psm1:2157
at Invoke-TestItem, C:\Users\alexa\OneDrive\Documents\PowerShell\Modules\Pester\5.7.1\Pester.psm1:1199
at Invoke-Block, C:\Users\alexa\OneDrive\Documents\PowerShell\Modules\Pester\5.7.1\Pester.psm1:835
at &lt;ScriptBlock&gt;, C:\Users\alexa\OneDrive\Documents\PowerShell\Modules\Pester\5.7.1\Pester.psm1:893
at &lt;ScriptBlock&gt;, C:\Users\alexa\OneDrive\Documents\PowerShell\Modules\Pester\5.7.1\Pester.psm1:2024
at &lt;ScriptBlock&gt;, C:\Users\alexa\OneDrive\Documents\PowerShell\Modules\Pester\5.7.1\Pester.psm1:1985
at Invoke-ScriptBlock, C:\Users\alexa\OneDrive\Documents\PowerShell\Modules\Pester\5.7.1\Pester.psm1:2160
at Invoke-Block, C:\Users\alexa\OneDrive\Documents\PowerShell\Modules\Pester\5.7.1\Pester.psm1:940
at &lt;ScriptBlock&gt;, C:\Users\alexa\OneDrive\Documents\PowerShell\Modules\Pester\5.7.1\Pester.psm1:893
at &lt;ScriptBlock&gt;, C:\Users\alexa\OneDrive\Documents\PowerShell\Modules\Pester\5.7.1\Pester.psm1:2024
at &lt;ScriptBlock&gt;, C:\Users\alexa\OneDrive\Documents\PowerShell\Modules\Pester\5.7.1\Pester.psm1:1985
at Invoke-ScriptBlock, C:\Users\alexa\OneDrive\Documents\PowerShell\Modules\Pester\5.7.1\Pester.psm1:2160
at Invoke-Block, C:\Users\alexa\OneDrive\Documents\PowerShell\Modules\Pester\5.7.1\Pester.psm1:940
at &lt;ScriptBlock&gt;, C:\Users\alexa\OneDrive\Documents\PowerShell\Modules\Pester\5.7.1\Pester.psm1:893
at &lt;ScriptBlock&gt;, C:\Users\alexa\OneDrive\Documents\PowerShell\Modules\Pester\5.7.1\Pester.psm1:2024
at &lt;ScriptBlock&gt;, C:\Users\alexa\OneDrive\Documents\PowerShell\Modules\Pester\5.7.1\Pester.psm1:1985
at Invoke-ScriptBlock, C:\Users\alexa\OneDrive\Documents\PowerShell\Modules\Pester\5.7.1\Pester.psm1:2160
at Invoke-Block, C:\Users\alexa\OneDrive\Documents\PowerShell\Modules\Pester\5.7.1\Pester.psm1:940
at &lt;ScriptBlock&gt;, C:\Users\alexa\OneDrive\Documents\PowerShell\Modules\Pester\5.7.1\Pester.psm1:1688
at &lt;ScriptBlock&gt;, C:\Users\alexa\OneDrive\Documents\PowerShell\Modules\Pester\5.7.1\Pester.ps1:3
at &lt;ScriptBlock&gt;, C:\Users\alexa\OneDrive\Documents\PowerShell\Modules\Pester\5.7.1\Pester.psm1:3260
at Invoke-InNewScriptScope, C:\Users\alexa\OneDrive\Documents\PowerShell\Modules\Pester\5.7.1\Pester.psm1:3267
at Run-Test, C:\Users\alexa\OneDrive\Documents\PowerShell\Modules\Pester\5.7.1\Pester.psm1:1691
at Invoke-Test, C:\Users\alexa\OneDrive\Documents\PowerShell\Modules\Pester\5.7.1\Pester.psm1:2512
at Invoke-Pester&lt;End&gt;, C:\Users\alexa\OneDrive\Documents\PowerShell\Modules\Pester\5.7.1\Pester.psm1:4960
at &lt;ScriptBlock&gt;, &lt;No file&gt;:1</stack-trace>
                    </failure>
                  </test-case>
                  <test-case description="Should handle empty script name" name="ScriptManager Module - Core Functions.Register-OneOffScript.Should handle empty script name" time="0.0195" asserts="0" success="False" result="Failure" executed="True">
                    <failure>
                      <message>Expected an exception to be thrown, but no exception was thrown.</message>
                      <stack-trace>at { Register-OneOffScript -ScriptPath $script:testScriptPath -Name "" } | Should -Throw, $env:PROJECT_ROOT\tests\unit\modules\ScriptManager\ScriptManager-Core.Tests.ps1:64
at Invoke-Assertion, C:\Users\alexa\OneDrive\Documents\PowerShell\Modules\Pester\5.7.1\Pester.psm1:8257
at Should&lt;End&gt;, C:\Users\alexa\OneDrive\Documents\PowerShell\Modules\Pester\5.7.1\Pester.psm1:8193
at &lt;ScriptBlock&gt;, $env:PROJECT_ROOT\tests\unit\modules\ScriptManager\ScriptManager-Core.Tests.ps1:64
at &lt;ScriptBlock&gt;, C:\Users\alexa\OneDrive\Documents\PowerShell\Modules\Pester\5.7.1\Pester.psm1:2024
at &lt;ScriptBlock&gt;, C:\Users\alexa\OneDrive\Documents\PowerShell\Modules\Pester\5.7.1\Pester.psm1:1985
at Invoke-ScriptBlock, C:\Users\alexa\OneDrive\Documents\PowerShell\Modules\Pester\5.7.1\Pester.psm1:2157
at Invoke-TestItem, C:\Users\alexa\OneDrive\Documents\PowerShell\Modules\Pester\5.7.1\Pester.psm1:1199
at Invoke-Block, C:\Users\alexa\OneDrive\Documents\PowerShell\Modules\Pester\5.7.1\Pester.psm1:835
at &lt;ScriptBlock&gt;, C:\Users\alexa\OneDrive\Documents\PowerShell\Modules\Pester\5.7.1\Pester.psm1:893
at &lt;ScriptBlock&gt;, C:\Users\alexa\OneDrive\Documents\PowerShell\Modules\Pester\5.7.1\Pester.psm1:2024
at &lt;ScriptBlock&gt;, C:\Users\alexa\OneDrive\Documents\PowerShell\Modules\Pester\5.7.1\Pester.psm1:1985
at Invoke-ScriptBlock, C:\Users\alexa\OneDrive\Documents\PowerShell\Modules\Pester\5.7.1\Pester.psm1:2160
at Invoke-Block, C:\Users\alexa\OneDrive\Documents\PowerShell\Modules\Pester\5.7.1\Pester.psm1:940
at &lt;ScriptBlock&gt;, C:\Users\alexa\OneDrive\Documents\PowerShell\Modules\Pester\5.7.1\Pester.psm1:893
at &lt;ScriptBlock&gt;, C:\Users\alexa\OneDrive\Documents\PowerShell\Modules\Pester\5.7.1\Pester.psm1:2024
at &lt;ScriptBlock&gt;, C:\Users\alexa\OneDrive\Documents\PowerShell\Modules\Pester\5.7.1\Pester.psm1:1985
at Invoke-ScriptBlock, C:\Users\alexa\OneDrive\Documents\PowerShell\Modules\Pester\5.7.1\Pester.psm1:2160
at Invoke-Block, C:\Users\alexa\OneDrive\Documents\PowerShell\Modules\Pester\5.7.1\Pester.psm1:940
at &lt;ScriptBlock&gt;, C:\Users\alexa\OneDrive\Documents\PowerShell\Modules\Pester\5.7.1\Pester.psm1:893
at &lt;ScriptBlock&gt;, C:\Users\alexa\OneDrive\Documents\PowerShell\Modules\Pester\5.7.1\Pester.psm1:2024
at &lt;ScriptBlock&gt;, C:\Users\alexa\OneDrive\Documents\PowerShell\Modules\Pester\5.7.1\Pester.psm1:1985
at Invoke-ScriptBlock, C:\Users\alexa\OneDrive\Documents\PowerShell\Modules\Pester\5.7.1\Pester.psm1:2160
at Invoke-Block, C:\Users\alexa\OneDrive\Documents\PowerShell\Modules\Pester\5.7.1\Pester.psm1:940
at &lt;ScriptBlock&gt;, C:\Users\alexa\OneDrive\Documents\PowerShell\Modules\Pester\5.7.1\Pester.psm1:1688
at &lt;ScriptBlock&gt;, C:\Users\alexa\OneDrive\Documents\PowerShell\Modules\Pester\5.7.1\Pester.ps1:3
at &lt;ScriptBlock&gt;, C:\Users\alexa\OneDrive\Documents\PowerShell\Modules\Pester\5.7.1\Pester.psm1:3260
at Invoke-InNewScriptScope, C:\Users\alexa\OneDrive\Documents\PowerShell\Modules\Pester\5.7.1\Pester.psm1:3267
at Run-Test, C:\Users\alexa\OneDrive\Documents\PowerShell\Modules\Pester\5.7.1\Pester.psm1:1691
at Invoke-Test, C:\Users\alexa\OneDrive\Documents\PowerShell\Modules\Pester\5.7.1\Pester.psm1:2512
at Invoke-Pester&lt;End&gt;, C:\Users\alexa\OneDrive\Documents\PowerShell\Modules\Pester\5.7.1\Pester.psm1:4960
at &lt;ScriptBlock&gt;, &lt;No file&gt;:1</stack-trace>
                    </failure>
                  </test-case>
                  <test-case description="Should handle null script name" name="ScriptManager Module - Core Functions.Register-OneOffScript.Should handle null script name" time="0.0195" asserts="0" success="False" result="Failure" executed="True">
                    <failure>
                      <message>Expected an exception to be thrown, but no exception was thrown.</message>
                      <stack-trace>at { Register-OneOffScript -ScriptPath $script:testScriptPath -Name $null } | Should -Throw, $env:PROJECT_ROOT\tests\unit\modules\ScriptManager\ScriptManager-Core.Tests.ps1:68
at Invoke-Assertion, C:\Users\alexa\OneDrive\Documents\PowerShell\Modules\Pester\5.7.1\Pester.psm1:8257
at Should&lt;End&gt;, C:\Users\alexa\OneDrive\Documents\PowerShell\Modules\Pester\5.7.1\Pester.psm1:8193
at &lt;ScriptBlock&gt;, $env:PROJECT_ROOT\tests\unit\modules\ScriptManager\ScriptManager-Core.Tests.ps1:68
at &lt;ScriptBlock&gt;, C:\Users\alexa\OneDrive\Documents\PowerShell\Modules\Pester\5.7.1\Pester.psm1:2024
at &lt;ScriptBlock&gt;, C:\Users\alexa\OneDrive\Documents\PowerShell\Modules\Pester\5.7.1\Pester.psm1:1985
at Invoke-ScriptBlock, C:\Users\alexa\OneDrive\Documents\PowerShell\Modules\Pester\5.7.1\Pester.psm1:2157
at Invoke-TestItem, C:\Users\alexa\OneDrive\Documents\PowerShell\Modules\Pester\5.7.1\Pester.psm1:1199
at Invoke-Block, C:\Users\alexa\OneDrive\Documents\PowerShell\Modules\Pester\5.7.1\Pester.psm1:835
at &lt;ScriptBlock&gt;, C:\Users\alexa\OneDrive\Documents\PowerShell\Modules\Pester\5.7.1\Pester.psm1:893
at &lt;ScriptBlock&gt;, C:\Users\alexa\OneDrive\Documents\PowerShell\Modules\Pester\5.7.1\Pester.psm1:2024
at &lt;ScriptBlock&gt;, C:\Users\alexa\OneDrive\Documents\PowerShell\Modules\Pester\5.7.1\Pester.psm1:1985
at Invoke-ScriptBlock, C:\Users\alexa\OneDrive\Documents\PowerShell\Modules\Pester\5.7.1\Pester.psm1:2160
at Invoke-Block, C:\Users\alexa\OneDrive\Documents\PowerShell\Modules\Pester\5.7.1\Pester.psm1:940
at &lt;ScriptBlock&gt;, C:\Users\alexa\OneDrive\Documents\PowerShell\Modules\Pester\5.7.1\Pester.psm1:893
at &lt;ScriptBlock&gt;, C:\Users\alexa\OneDrive\Documents\PowerShell\Modules\Pester\5.7.1\Pester.psm1:2024
at &lt;ScriptBlock&gt;, C:\Users\alexa\OneDrive\Documents\PowerShell\Modules\Pester\5.7.1\Pester.psm1:1985
at Invoke-ScriptBlock, C:\Users\alexa\OneDrive\Documents\PowerShell\Modules\Pester\5.7.1\Pester.psm1:2160
at Invoke-Block, C:\Users\alexa\OneDrive\Documents\PowerShell\Modules\Pester\5.7.1\Pester.psm1:940
at &lt;ScriptBlock&gt;, C:\Users\alexa\OneDrive\Documents\PowerShell\Modules\Pester\5.7.1\Pester.psm1:893
at &lt;ScriptBlock&gt;, C:\Users\alexa\OneDrive\Documents\PowerShell\Modules\Pester\5.7.1\Pester.psm1:2024
at &lt;ScriptBlock&gt;, C:\Users\alexa\OneDrive\Documents\PowerShell\Modules\Pester\5.7.1\Pester.psm1:1985
at Invoke-ScriptBlock, C:\Users\alexa\OneDrive\Documents\PowerShell\Modules\Pester\5.7.1\Pester.psm1:2160
at Invoke-Block, C:\Users\alexa\OneDrive\Documents\PowerShell\Modules\Pester\5.7.1\Pester.psm1:940
at &lt;ScriptBlock&gt;, C:\Users\alexa\OneDrive\Documents\PowerShell\Modules\Pester\5.7.1\Pester.psm1:1688
at &lt;ScriptBlock&gt;, C:\Users\alexa\OneDrive\Documents\PowerShell\Modules\Pester\5.7.1\Pester.ps1:3
at &lt;ScriptBlock&gt;, C:\Users\alexa\OneDrive\Documents\PowerShell\Modules\Pester\5.7.1\Pester.psm1:3260
at Invoke-InNewScriptScope, C:\Users\alexa\OneDrive\Documents\PowerShell\Modules\Pester\5.7.1\Pester.psm1:3267
at Run-Test, C:\Users\alexa\OneDrive\Documents\PowerShell\Modules\Pester\5.7.1\Pester.psm1:1691
at Invoke-Test, C:\Users\alexa\OneDrive\Documents\PowerShell\Modules\Pester\5.7.1\Pester.psm1:2512
at Invoke-Pester&lt;End&gt;, C:\Users\alexa\OneDrive\Documents\PowerShell\Modules\Pester\5.7.1\Pester.psm1:4960
at &lt;ScriptBlock&gt;, &lt;No file&gt;:1</stack-trace>
                    </failure>
                  </test-case>
                </results>
              </test-suite>
              <test-suite type="TestFixture" name="ScriptManager Module - Core Functions.Test-OneOffScript" executed="True" result="Failure" success="False" time="0.2233" asserts="0" description="ScriptManager Module - Core Functions.Test-OneOffScript">
                <results>
                  <test-case description="Should validate a correct PowerShell script" name="ScriptManager Module - Core Functions.Test-OneOffScript.Should validate a correct PowerShell script" time="0.0281" asserts="0" success="False" result="Failure" executed="True">
                    <failure>
                      <message>Expected $true, but got $false.</message>
                      <stack-trace>at $result | Should -Be $true, $env:PROJECT_ROOT\tests\unit\modules\ScriptManager\ScriptManager-Core.Tests.ps1:105
at Invoke-Assertion, C:\Users\alexa\OneDrive\Documents\PowerShell\Modules\Pester\5.7.1\Pester.psm1:8257
at Should&lt;End&gt;, C:\Users\alexa\OneDrive\Documents\PowerShell\Modules\Pester\5.7.1\Pester.psm1:8189
at &lt;ScriptBlock&gt;, $env:PROJECT_ROOT\tests\unit\modules\ScriptManager\ScriptManager-Core.Tests.ps1:105
at &lt;ScriptBlock&gt;, C:\Users\alexa\OneDrive\Documents\PowerShell\Modules\Pester\5.7.1\Pester.psm1:2024
at &lt;ScriptBlock&gt;, C:\Users\alexa\OneDrive\Documents\PowerShell\Modules\Pester\5.7.1\Pester.psm1:1985
at Invoke-ScriptBlock, C:\Users\alexa\OneDrive\Documents\PowerShell\Modules\Pester\5.7.1\Pester.psm1:2157
at Invoke-TestItem, C:\Users\alexa\OneDrive\Documents\PowerShell\Modules\Pester\5.7.1\Pester.psm1:1199
at Invoke-Block, C:\Users\alexa\OneDrive\Documents\PowerShell\Modules\Pester\5.7.1\Pester.psm1:835
at &lt;ScriptBlock&gt;, C:\Users\alexa\OneDrive\Documents\PowerShell\Modules\Pester\5.7.1\Pester.psm1:893
at &lt;ScriptBlock&gt;, C:\Users\alexa\OneDrive\Documents\PowerShell\Modules\Pester\5.7.1\Pester.psm1:2024
at &lt;ScriptBlock&gt;, C:\Users\alexa\OneDrive\Documents\PowerShell\Modules\Pester\5.7.1\Pester.psm1:1985
at Invoke-ScriptBlock, C:\Users\alexa\OneDrive\Documents\PowerShell\Modules\Pester\5.7.1\Pester.psm1:2160
at Invoke-Block, C:\Users\alexa\OneDrive\Documents\PowerShell\Modules\Pester\5.7.1\Pester.psm1:940
at &lt;ScriptBlock&gt;, C:\Users\alexa\OneDrive\Documents\PowerShell\Modules\Pester\5.7.1\Pester.psm1:893
at &lt;ScriptBlock&gt;, C:\Users\alexa\OneDrive\Documents\PowerShell\Modules\Pester\5.7.1\Pester.psm1:2024
at &lt;ScriptBlock&gt;, C:\Users\alexa\OneDrive\Documents\PowerShell\Modules\Pester\5.7.1\Pester.psm1:1985
at Invoke-ScriptBlock, C:\Users\alexa\OneDrive\Documents\PowerShell\Modules\Pester\5.7.1\Pester.psm1:2160
at Invoke-Block, C:\Users\alexa\OneDrive\Documents\PowerShell\Modules\Pester\5.7.1\Pester.psm1:940
at &lt;ScriptBlock&gt;, C:\Users\alexa\OneDrive\Documents\PowerShell\Modules\Pester\5.7.1\Pester.psm1:893
at &lt;ScriptBlock&gt;, C:\Users\alexa\OneDrive\Documents\PowerShell\Modules\Pester\5.7.1\Pester.psm1:2024
at &lt;ScriptBlock&gt;, C:\Users\alexa\OneDrive\Documents\PowerShell\Modules\Pester\5.7.1\Pester.psm1:1985
at Invoke-ScriptBlock, C:\Users\alexa\OneDrive\Documents\PowerShell\Modules\Pester\5.7.1\Pester.psm1:2160
at Invoke-Block, C:\Users\alexa\OneDrive\Documents\PowerShell\Modules\Pester\5.7.1\Pester.psm1:940
at &lt;ScriptBlock&gt;, C:\Users\alexa\OneDrive\Documents\PowerShell\Modules\Pester\5.7.1\Pester.psm1:1688
at &lt;ScriptBlock&gt;, C:\Users\alexa\OneDrive\Documents\PowerShell\Modules\Pester\5.7.1\Pester.ps1:3
at &lt;ScriptBlock&gt;, C:\Users\alexa\OneDrive\Documents\PowerShell\Modules\Pester\5.7.1\Pester.psm1:3260
at Invoke-InNewScriptScope, C:\Users\alexa\OneDrive\Documents\PowerShell\Modules\Pester\5.7.1\Pester.psm1:3267
at Run-Test, C:\Users\alexa\OneDrive\Documents\PowerShell\Modules\Pester\5.7.1\Pester.psm1:1691
at Invoke-Test, C:\Users\alexa\OneDrive\Documents\PowerShell\Modules\Pester\5.7.1\Pester.psm1:2512
at Invoke-Pester&lt;End&gt;, C:\Users\alexa\OneDrive\Documents\PowerShell\Modules\Pester\5.7.1\Pester.psm1:4960
at &lt;ScriptBlock&gt;, &lt;No file&gt;:1</stack-trace>
                    </failure>
                  </test-case>
                  <test-case description="Should detect non-existent script" name="ScriptManager Module - Core Functions.Test-OneOffScript.Should detect non-existent script" time="0.0108" asserts="0" success="True" result="Success" executed="True" />
                  <test-case description="Should handle script with syntax errors" name="ScriptManager Module - Core Functions.Test-OneOffScript.Should handle script with syntax errors" time="0.0099" asserts="0" success="True" result="Success" executed="True" />
                  <test-case description="Should validate script with parameters" name="ScriptManager Module - Core Functions.Test-OneOffScript.Should validate script with parameters" time="0.005" asserts="0" success="False" result="Failure" executed="True">
                    <failure>
                      <message>Expected $true, but got $false.</message>
                      <stack-trace>at $result | Should -Be $true, $env:PROJECT_ROOT\tests\unit\modules\ScriptManager\ScriptManager-Core.Tests.ps1:126
at Invoke-Assertion, C:\Users\alexa\OneDrive\Documents\PowerShell\Modules\Pester\5.7.1\Pester.psm1:8257
at Should&lt;End&gt;, C:\Users\alexa\OneDrive\Documents\PowerShell\Modules\Pester\5.7.1\Pester.psm1:8189
at &lt;ScriptBlock&gt;, $env:PROJECT_ROOT\tests\unit\modules\ScriptManager\ScriptManager-Core.Tests.ps1:126
at &lt;ScriptBlock&gt;, C:\Users\alexa\OneDrive\Documents\PowerShell\Modules\Pester\5.7.1\Pester.psm1:2024
at &lt;ScriptBlock&gt;, C:\Users\alexa\OneDrive\Documents\PowerShell\Modules\Pester\5.7.1\Pester.psm1:1985
at Invoke-ScriptBlock, C:\Users\alexa\OneDrive\Documents\PowerShell\Modules\Pester\5.7.1\Pester.psm1:2157
at Invoke-TestItem, C:\Users\alexa\OneDrive\Documents\PowerShell\Modules\Pester\5.7.1\Pester.psm1:1199
at Invoke-Block, C:\Users\alexa\OneDrive\Documents\PowerShell\Modules\Pester\5.7.1\Pester.psm1:835
at &lt;ScriptBlock&gt;, C:\Users\alexa\OneDrive\Documents\PowerShell\Modules\Pester\5.7.1\Pester.psm1:893
at &lt;ScriptBlock&gt;, C:\Users\alexa\OneDrive\Documents\PowerShell\Modules\Pester\5.7.1\Pester.psm1:2024
at &lt;ScriptBlock&gt;, C:\Users\alexa\OneDrive\Documents\PowerShell\Modules\Pester\5.7.1\Pester.psm1:1985
at Invoke-ScriptBlock, C:\Users\alexa\OneDrive\Documents\PowerShell\Modules\Pester\5.7.1\Pester.psm1:2160
at Invoke-Block, C:\Users\alexa\OneDrive\Documents\PowerShell\Modules\Pester\5.7.1\Pester.psm1:940
at &lt;ScriptBlock&gt;, C:\Users\alexa\OneDrive\Documents\PowerShell\Modules\Pester\5.7.1\Pester.psm1:893
at &lt;ScriptBlock&gt;, C:\Users\alexa\OneDrive\Documents\PowerShell\Modules\Pester\5.7.1\Pester.psm1:2024
at &lt;ScriptBlock&gt;, C:\Users\alexa\OneDrive\Documents\PowerShell\Modules\Pester\5.7.1\Pester.psm1:1985
at Invoke-ScriptBlock, C:\Users\alexa\OneDrive\Documents\PowerShell\Modules\Pester\5.7.1\Pester.psm1:2160
at Invoke-Block, C:\Users\alexa\OneDrive\Documents\PowerShell\Modules\Pester\5.7.1\Pester.psm1:940
at &lt;ScriptBlock&gt;, C:\Users\alexa\OneDrive\Documents\PowerShell\Modules\Pester\5.7.1\Pester.psm1:893
at &lt;ScriptBlock&gt;, C:\Users\alexa\OneDrive\Documents\PowerShell\Modules\Pester\5.7.1\Pester.psm1:2024
at &lt;ScriptBlock&gt;, C:\Users\alexa\OneDrive\Documents\PowerShell\Modules\Pester\5.7.1\Pester.psm1:1985
at Invoke-ScriptBlock, C:\Users\alexa\OneDrive\Documents\PowerShell\Modules\Pester\5.7.1\Pester.psm1:2160
at Invoke-Block, C:\Users\alexa\OneDrive\Documents\PowerShell\Modules\Pester\5.7.1\Pester.psm1:940
at &lt;ScriptBlock&gt;, C:\Users\alexa\OneDrive\Documents\PowerShell\Modules\Pester\5.7.1\Pester.psm1:1688
at &lt;ScriptBlock&gt;, C:\Users\alexa\OneDrive\Documents\PowerShell\Modules\Pester\5.7.1\Pester.ps1:3
at &lt;ScriptBlock&gt;, C:\Users\alexa\OneDrive\Documents\PowerShell\Modules\Pester\5.7.1\Pester.psm1:3260
at Invoke-InNewScriptScope, C:\Users\alexa\OneDrive\Documents\PowerShell\Modules\Pester\5.7.1\Pester.psm1:3267
at Run-Test, C:\Users\alexa\OneDrive\Documents\PowerShell\Modules\Pester\5.7.1\Pester.psm1:1691
at Invoke-Test, C:\Users\alexa\OneDrive\Documents\PowerShell\Modules\Pester\5.7.1\Pester.psm1:2512
at Invoke-Pester&lt;End&gt;, C:\Users\alexa\OneDrive\Documents\PowerShell\Modules\Pester\5.7.1\Pester.psm1:4960
at &lt;ScriptBlock&gt;, &lt;No file&gt;:1</stack-trace>
                    </failure>
                  </test-case>
                  <test-case description="Should handle empty file path" name="ScriptManager Module - Core Functions.Test-OneOffScript.Should handle empty file path" time="0.0175" asserts="0" success="False" result="Failure" executed="True">
                    <failure>
                      <message>Expected an exception to be thrown, but no exception was thrown.</message>
                      <stack-trace>at { Test-OneOffScript -ScriptPath "" } | Should -Throw, $env:PROJECT_ROOT\tests\unit\modules\ScriptManager\ScriptManager-Core.Tests.ps1:130
at Invoke-Assertion, C:\Users\alexa\OneDrive\Documents\PowerShell\Modules\Pester\5.7.1\Pester.psm1:8257
at Should&lt;End&gt;, C:\Users\alexa\OneDrive\Documents\PowerShell\Modules\Pester\5.7.1\Pester.psm1:8193
at &lt;ScriptBlock&gt;, $env:PROJECT_ROOT\tests\unit\modules\ScriptManager\ScriptManager-Core.Tests.ps1:130
at &lt;ScriptBlock&gt;, C:\Users\alexa\OneDrive\Documents\PowerShell\Modules\Pester\5.7.1\Pester.psm1:2024
at &lt;ScriptBlock&gt;, C:\Users\alexa\OneDrive\Documents\PowerShell\Modules\Pester\5.7.1\Pester.psm1:1985
at Invoke-ScriptBlock, C:\Users\alexa\OneDrive\Documents\PowerShell\Modules\Pester\5.7.1\Pester.psm1:2157
at Invoke-TestItem, C:\Users\alexa\OneDrive\Documents\PowerShell\Modules\Pester\5.7.1\Pester.psm1:1199
at Invoke-Block, C:\Users\alexa\OneDrive\Documents\PowerShell\Modules\Pester\5.7.1\Pester.psm1:835
at &lt;ScriptBlock&gt;, C:\Users\alexa\OneDrive\Documents\PowerShell\Modules\Pester\5.7.1\Pester.psm1:893
at &lt;ScriptBlock&gt;, C:\Users\alexa\OneDrive\Documents\PowerShell\Modules\Pester\5.7.1\Pester.psm1:2024
at &lt;ScriptBlock&gt;, C:\Users\alexa\OneDrive\Documents\PowerShell\Modules\Pester\5.7.1\Pester.psm1:1985
at Invoke-ScriptBlock, C:\Users\alexa\OneDrive\Documents\PowerShell\Modules\Pester\5.7.1\Pester.psm1:2160
at Invoke-Block, C:\Users\alexa\OneDrive\Documents\PowerShell\Modules\Pester\5.7.1\Pester.psm1:940
at &lt;ScriptBlock&gt;, C:\Users\alexa\OneDrive\Documents\PowerShell\Modules\Pester\5.7.1\Pester.psm1:893
at &lt;ScriptBlock&gt;, C:\Users\alexa\OneDrive\Documents\PowerShell\Modules\Pester\5.7.1\Pester.psm1:2024
at &lt;ScriptBlock&gt;, C:\Users\alexa\OneDrive\Documents\PowerShell\Modules\Pester\5.7.1\Pester.psm1:1985
at Invoke-ScriptBlock, C:\Users\alexa\OneDrive\Documents\PowerShell\Modules\Pester\5.7.1\Pester.psm1:2160
at Invoke-Block, C:\Users\alexa\OneDrive\Documents\PowerShell\Modules\Pester\5.7.1\Pester.psm1:940
at &lt;ScriptBlock&gt;, C:\Users\alexa\OneDrive\Documents\PowerShell\Modules\Pester\5.7.1\Pester.psm1:893
at &lt;ScriptBlock&gt;, C:\Users\alexa\OneDrive\Documents\PowerShell\Modules\Pester\5.7.1\Pester.psm1:2024
at &lt;ScriptBlock&gt;, C:\Users\alexa\OneDrive\Documents\PowerShell\Modules\Pester\5.7.1\Pester.psm1:1985
at Invoke-ScriptBlock, C:\Users\alexa\OneDrive\Documents\PowerShell\Modules\Pester\5.7.1\Pester.psm1:2160
at Invoke-Block, C:\Users\alexa\OneDrive\Documents\PowerShell\Modules\Pester\5.7.1\Pester.psm1:940
at &lt;ScriptBlock&gt;, C:\Users\alexa\OneDrive\Documents\PowerShell\Modules\Pester\5.7.1\Pester.psm1:1688
at &lt;ScriptBlock&gt;, C:\Users\alexa\OneDrive\Documents\PowerShell\Modules\Pester\5.7.1\Pester.ps1:3
at &lt;ScriptBlock&gt;, C:\Users\alexa\OneDrive\Documents\PowerShell\Modules\Pester\5.7.1\Pester.psm1:3260
at Invoke-InNewScriptScope, C:\Users\alexa\OneDrive\Documents\PowerShell\Modules\Pester\5.7.1\Pester.psm1:3267
at Run-Test, C:\Users\alexa\OneDrive\Documents\PowerShell\Modules\Pester\5.7.1\Pester.psm1:1691
at Invoke-Test, C:\Users\alexa\OneDrive\Documents\PowerShell\Modules\Pester\5.7.1\Pester.psm1:2512
at Invoke-Pester&lt;End&gt;, C:\Users\alexa\OneDrive\Documents\PowerShell\Modules\Pester\5.7.1\Pester.psm1:4960
at &lt;ScriptBlock&gt;, &lt;No file&gt;:1</stack-trace>
                    </failure>
                  </test-case>
                  <test-case description="Should handle null file path" name="ScriptManager Module - Core Functions.Test-OneOffScript.Should handle null file path" time="0.0179" asserts="0" success="False" result="Failure" executed="True">
                    <failure>
                      <message>Expected an exception to be thrown, but no exception was thrown.</message>
                      <stack-trace>at { Test-OneOffScript -ScriptPath $null } | Should -Throw, $env:PROJECT_ROOT\tests\unit\modules\ScriptManager\ScriptManager-Core.Tests.ps1:134
at Invoke-Assertion, C:\Users\alexa\OneDrive\Documents\PowerShell\Modules\Pester\5.7.1\Pester.psm1:8257
at Should&lt;End&gt;, C:\Users\alexa\OneDrive\Documents\PowerShell\Modules\Pester\5.7.1\Pester.psm1:8193
at &lt;ScriptBlock&gt;, $env:PROJECT_ROOT\tests\unit\modules\ScriptManager\ScriptManager-Core.Tests.ps1:134
at &lt;ScriptBlock&gt;, C:\Users\alexa\OneDrive\Documents\PowerShell\Modules\Pester\5.7.1\Pester.psm1:2024
at &lt;ScriptBlock&gt;, C:\Users\alexa\OneDrive\Documents\PowerShell\Modules\Pester\5.7.1\Pester.psm1:1985
at Invoke-ScriptBlock, C:\Users\alexa\OneDrive\Documents\PowerShell\Modules\Pester\5.7.1\Pester.psm1:2157
at Invoke-TestItem, C:\Users\alexa\OneDrive\Documents\PowerShell\Modules\Pester\5.7.1\Pester.psm1:1199
at Invoke-Block, C:\Users\alexa\OneDrive\Documents\PowerShell\Modules\Pester\5.7.1\Pester.psm1:835
at &lt;ScriptBlock&gt;, C:\Users\alexa\OneDrive\Documents\PowerShell\Modules\Pester\5.7.1\Pester.psm1:893
at &lt;ScriptBlock&gt;, C:\Users\alexa\OneDrive\Documents\PowerShell\Modules\Pester\5.7.1\Pester.psm1:2024
at &lt;ScriptBlock&gt;, C:\Users\alexa\OneDrive\Documents\PowerShell\Modules\Pester\5.7.1\Pester.psm1:1985
at Invoke-ScriptBlock, C:\Users\alexa\OneDrive\Documents\PowerShell\Modules\Pester\5.7.1\Pester.psm1:2160
at Invoke-Block, C:\Users\alexa\OneDrive\Documents\PowerShell\Modules\Pester\5.7.1\Pester.psm1:940
at &lt;ScriptBlock&gt;, C:\Users\alexa\OneDrive\Documents\PowerShell\Modules\Pester\5.7.1\Pester.psm1:893
at &lt;ScriptBlock&gt;, C:\Users\alexa\OneDrive\Documents\PowerShell\Modules\Pester\5.7.1\Pester.psm1:2024
at &lt;ScriptBlock&gt;, C:\Users\alexa\OneDrive\Documents\PowerShell\Modules\Pester\5.7.1\Pester.psm1:1985
at Invoke-ScriptBlock, C:\Users\alexa\OneDrive\Documents\PowerShell\Modules\Pester\5.7.1\Pester.psm1:2160
at Invoke-Block, C:\Users\alexa\OneDrive\Documents\PowerShell\Modules\Pester\5.7.1\Pester.psm1:940
at &lt;ScriptBlock&gt;, C:\Users\alexa\OneDrive\Documents\PowerShell\Modules\Pester\5.7.1\Pester.psm1:893
at &lt;ScriptBlock&gt;, C:\Users\alexa\OneDrive\Documents\PowerShell\Modules\Pester\5.7.1\Pester.psm1:2024
at &lt;ScriptBlock&gt;, C:\Users\alexa\OneDrive\Documents\PowerShell\Modules\Pester\5.7.1\Pester.psm1:1985
at Invoke-ScriptBlock, C:\Users\alexa\OneDrive\Documents\PowerShell\Modules\Pester\5.7.1\Pester.psm1:2160
at Invoke-Block, C:\Users\alexa\OneDrive\Documents\PowerShell\Modules\Pester\5.7.1\Pester.psm1:940
at &lt;ScriptBlock&gt;, C:\Users\alexa\OneDrive\Documents\PowerShell\Modules\Pester\5.7.1\Pester.psm1:1688
at &lt;ScriptBlock&gt;, C:\Users\alexa\OneDrive\Documents\PowerShell\Modules\Pester\5.7.1\Pester.ps1:3
at &lt;ScriptBlock&gt;, C:\Users\alexa\OneDrive\Documents\PowerShell\Modules\Pester\5.7.1\Pester.psm1:3260
at Invoke-InNewScriptScope, C:\Users\alexa\OneDrive\Documents\PowerShell\Modules\Pester\5.7.1\Pester.psm1:3267
at Run-Test, C:\Users\alexa\OneDrive\Documents\PowerShell\Modules\Pester\5.7.1\Pester.psm1:1691
at Invoke-Test, C:\Users\alexa\OneDrive\Documents\PowerShell\Modules\Pester\5.7.1\Pester.psm1:2512
at Invoke-Pester&lt;End&gt;, C:\Users\alexa\OneDrive\Documents\PowerShell\Modules\Pester\5.7.1\Pester.psm1:4960
at &lt;ScriptBlock&gt;, &lt;No file&gt;:1</stack-trace>
                    </failure>
                  </test-case>
                </results>
              </test-suite>
              <test-suite type="TestFixture" name="ScriptManager Module - Core Functions.Invoke-OneOffScript" executed="True" result="Failure" success="False" time="0.3544" asserts="0" description="ScriptManager Module - Core Functions.Invoke-OneOffScript">
                <results>
                  <test-case description="Should execute a simple script successfully" name="ScriptManager Module - Core Functions.Invoke-OneOffScript.Should execute a simple script successfully" time="0.0395" asserts="0" success="False" result="Failure" executed="True">
                    <failure>
                      <message>Expected a value, but got $null or empty.</message>
                      <stack-trace>at $result | Should -Not -BeNullOrEmpty, $env:PROJECT_ROOT\tests\unit\modules\ScriptManager\ScriptManager-Core.Tests.ps1:184
at Invoke-Assertion, C:\Users\alexa\OneDrive\Documents\PowerShell\Modules\Pester\5.7.1\Pester.psm1:8257
at Should&lt;End&gt;, C:\Users\alexa\OneDrive\Documents\PowerShell\Modules\Pester\5.7.1\Pester.psm1:8186
at &lt;ScriptBlock&gt;, $env:PROJECT_ROOT\tests\unit\modules\ScriptManager\ScriptManager-Core.Tests.ps1:184
at &lt;ScriptBlock&gt;, C:\Users\alexa\OneDrive\Documents\PowerShell\Modules\Pester\5.7.1\Pester.psm1:2024
at &lt;ScriptBlock&gt;, C:\Users\alexa\OneDrive\Documents\PowerShell\Modules\Pester\5.7.1\Pester.psm1:1985
at Invoke-ScriptBlock, C:\Users\alexa\OneDrive\Documents\PowerShell\Modules\Pester\5.7.1\Pester.psm1:2157
at Invoke-TestItem, C:\Users\alexa\OneDrive\Documents\PowerShell\Modules\Pester\5.7.1\Pester.psm1:1199
at Invoke-Block, C:\Users\alexa\OneDrive\Documents\PowerShell\Modules\Pester\5.7.1\Pester.psm1:835
at &lt;ScriptBlock&gt;, C:\Users\alexa\OneDrive\Documents\PowerShell\Modules\Pester\5.7.1\Pester.psm1:893
at &lt;ScriptBlock&gt;, C:\Users\alexa\OneDrive\Documents\PowerShell\Modules\Pester\5.7.1\Pester.psm1:2024
at &lt;ScriptBlock&gt;, C:\Users\alexa\OneDrive\Documents\PowerShell\Modules\Pester\5.7.1\Pester.psm1:1985
at Invoke-ScriptBlock, C:\Users\alexa\OneDrive\Documents\PowerShell\Modules\Pester\5.7.1\Pester.psm1:2160
at Invoke-Block, C:\Users\alexa\OneDrive\Documents\PowerShell\Modules\Pester\5.7.1\Pester.psm1:940
at &lt;ScriptBlock&gt;, C:\Users\alexa\OneDrive\Documents\PowerShell\Modules\Pester\5.7.1\Pester.psm1:893
at &lt;ScriptBlock&gt;, C:\Users\alexa\OneDrive\Documents\PowerShell\Modules\Pester\5.7.1\Pester.psm1:2024
at &lt;ScriptBlock&gt;, C:\Users\alexa\OneDrive\Documents\PowerShell\Modules\Pester\5.7.1\Pester.psm1:1985
at Invoke-ScriptBlock, C:\Users\alexa\OneDrive\Documents\PowerShell\Modules\Pester\5.7.1\Pester.psm1:2160
at Invoke-Block, C:\Users\alexa\OneDrive\Documents\PowerShell\Modules\Pester\5.7.1\Pester.psm1:940
at &lt;ScriptBlock&gt;, C:\Users\alexa\OneDrive\Documents\PowerShell\Modules\Pester\5.7.1\Pester.psm1:893
at &lt;ScriptBlock&gt;, C:\Users\alexa\OneDrive\Documents\PowerShell\Modules\Pester\5.7.1\Pester.psm1:2024
at &lt;ScriptBlock&gt;, C:\Users\alexa\OneDrive\Documents\PowerShell\Modules\Pester\5.7.1\Pester.psm1:1985
at Invoke-ScriptBlock, C:\Users\alexa\OneDrive\Documents\PowerShell\Modules\Pester\5.7.1\Pester.psm1:2160
at Invoke-Block, C:\Users\alexa\OneDrive\Documents\PowerShell\Modules\Pester\5.7.1\Pester.psm1:940
at &lt;ScriptBlock&gt;, C:\Users\alexa\OneDrive\Documents\PowerShell\Modules\Pester\5.7.1\Pester.psm1:1688
at &lt;ScriptBlock&gt;, C:\Users\alexa\OneDrive\Documents\PowerShell\Modules\Pester\5.7.1\Pester.ps1:3
at &lt;ScriptBlock&gt;, C:\Users\alexa\OneDrive\Documents\PowerShell\Modules\Pester\5.7.1\Pester.psm1:3260
at Invoke-InNewScriptScope, C:\Users\alexa\OneDrive\Documents\PowerShell\Modules\Pester\5.7.1\Pester.psm1:3267
at Run-Test, C:\Users\alexa\OneDrive\Documents\PowerShell\Modules\Pester\5.7.1\Pester.psm1:1691
at Invoke-Test, C:\Users\alexa\OneDrive\Documents\PowerShell\Modules\Pester\5.7.1\Pester.psm1:2512
at Invoke-Pester&lt;End&gt;, C:\Users\alexa\OneDrive\Documents\PowerShell\Modules\Pester\5.7.1\Pester.psm1:4960
at &lt;ScriptBlock&gt;, &lt;No file&gt;:1</stack-trace>
                    </failure>
                  </test-case>
                  <test-case description="Should execute script with parameters" name="ScriptManager Module - Core Functions.Invoke-OneOffScript.Should execute script with parameters" time="0.0141" asserts="0" success="False" result="Failure" executed="True">
                    <failure>
                      <message>Expected a value, but got $null or empty.</message>
                      <stack-trace>at $result | Should -Not -BeNullOrEmpty, $env:PROJECT_ROOT\tests\unit\modules\ScriptManager\ScriptManager-Core.Tests.ps1:195
at Invoke-Assertion, C:\Users\alexa\OneDrive\Documents\PowerShell\Modules\Pester\5.7.1\Pester.psm1:8257
at Should&lt;End&gt;, C:\Users\alexa\OneDrive\Documents\PowerShell\Modules\Pester\5.7.1\Pester.psm1:8186
at &lt;ScriptBlock&gt;, $env:PROJECT_ROOT\tests\unit\modules\ScriptManager\ScriptManager-Core.Tests.ps1:195
at &lt;ScriptBlock&gt;, C:\Users\alexa\OneDrive\Documents\PowerShell\Modules\Pester\5.7.1\Pester.psm1:2024
at &lt;ScriptBlock&gt;, C:\Users\alexa\OneDrive\Documents\PowerShell\Modules\Pester\5.7.1\Pester.psm1:1985
at Invoke-ScriptBlock, C:\Users\alexa\OneDrive\Documents\PowerShell\Modules\Pester\5.7.1\Pester.psm1:2157
at Invoke-TestItem, C:\Users\alexa\OneDrive\Documents\PowerShell\Modules\Pester\5.7.1\Pester.psm1:1199
at Invoke-Block, C:\Users\alexa\OneDrive\Documents\PowerShell\Modules\Pester\5.7.1\Pester.psm1:835
at &lt;ScriptBlock&gt;, C:\Users\alexa\OneDrive\Documents\PowerShell\Modules\Pester\5.7.1\Pester.psm1:893
at &lt;ScriptBlock&gt;, C:\Users\alexa\OneDrive\Documents\PowerShell\Modules\Pester\5.7.1\Pester.psm1:2024
at &lt;ScriptBlock&gt;, C:\Users\alexa\OneDrive\Documents\PowerShell\Modules\Pester\5.7.1\Pester.psm1:1985
at Invoke-ScriptBlock, C:\Users\alexa\OneDrive\Documents\PowerShell\Modules\Pester\5.7.1\Pester.psm1:2160
at Invoke-Block, C:\Users\alexa\OneDrive\Documents\PowerShell\Modules\Pester\5.7.1\Pester.psm1:940
at &lt;ScriptBlock&gt;, C:\Users\alexa\OneDrive\Documents\PowerShell\Modules\Pester\5.7.1\Pester.psm1:893
at &lt;ScriptBlock&gt;, C:\Users\alexa\OneDrive\Documents\PowerShell\Modules\Pester\5.7.1\Pester.psm1:2024
at &lt;ScriptBlock&gt;, C:\Users\alexa\OneDrive\Documents\PowerShell\Modules\Pester\5.7.1\Pester.psm1:1985
at Invoke-ScriptBlock, C:\Users\alexa\OneDrive\Documents\PowerShell\Modules\Pester\5.7.1\Pester.psm1:2160
at Invoke-Block, C:\Users\alexa\OneDrive\Documents\PowerShell\Modules\Pester\5.7.1\Pester.psm1:940
at &lt;ScriptBlock&gt;, C:\Users\alexa\OneDrive\Documents\PowerShell\Modules\Pester\5.7.1\Pester.psm1:893
at &lt;ScriptBlock&gt;, C:\Users\alexa\OneDrive\Documents\PowerShell\Modules\Pester\5.7.1\Pester.psm1:2024
at &lt;ScriptBlock&gt;, C:\Users\alexa\OneDrive\Documents\PowerShell\Modules\Pester\5.7.1\Pester.psm1:1985
at Invoke-ScriptBlock, C:\Users\alexa\OneDrive\Documents\PowerShell\Modules\Pester\5.7.1\Pester.psm1:2160
at Invoke-Block, C:\Users\alexa\OneDrive\Documents\PowerShell\Modules\Pester\5.7.1\Pester.psm1:940
at &lt;ScriptBlock&gt;, C:\Users\alexa\OneDrive\Documents\PowerShell\Modules\Pester\5.7.1\Pester.psm1:1688
at &lt;ScriptBlock&gt;, C:\Users\alexa\OneDrive\Documents\PowerShell\Modules\Pester\5.7.1\Pester.ps1:3
at &lt;ScriptBlock&gt;, C:\Users\alexa\OneDrive\Documents\PowerShell\Modules\Pester\5.7.1\Pester.psm1:3260
at Invoke-InNewScriptScope, C:\Users\alexa\OneDrive\Documents\PowerShell\Modules\Pester\5.7.1\Pester.psm1:3267
at Run-Test, C:\Users\alexa\OneDrive\Documents\PowerShell\Modules\Pester\5.7.1\Pester.psm1:1691
at Invoke-Test, C:\Users\alexa\OneDrive\Documents\PowerShell\Modules\Pester\5.7.1\Pester.psm1:2512
at Invoke-Pester&lt;End&gt;, C:\Users\alexa\OneDrive\Documents\PowerShell\Modules\Pester\5.7.1\Pester.psm1:4960
at &lt;ScriptBlock&gt;, &lt;No file&gt;:1</stack-trace>
                    </failure>
                  </test-case>
                  <test-case description="Should handle script execution errors gracefully" name="ScriptManager Module - Core Functions.Invoke-OneOffScript.Should handle script execution errors gracefully" time="0.0185" asserts="0" success="False" result="Failure" executed="True">
                    <failure>
                      <message>Expected the value to have type [System.Management.Automation.ErrorRecord] or any of its subtypes, because Script errors should be captured, but got $null with type $null.</message>
                      <stack-trace>at $result | Should -BeOfType [System.Management.Automation.ErrorRecord] -Because "Script errors should be captured", $env:PROJECT_ROOT\tests\unit\modules\ScriptManager\ScriptManager-Core.Tests.ps1:202
at Invoke-Assertion, C:\Users\alexa\OneDrive\Documents\PowerShell\Modules\Pester\5.7.1\Pester.psm1:8257
at Should&lt;End&gt;, C:\Users\alexa\OneDrive\Documents\PowerShell\Modules\Pester\5.7.1\Pester.psm1:8186
at &lt;ScriptBlock&gt;, $env:PROJECT_ROOT\tests\unit\modules\ScriptManager\ScriptManager-Core.Tests.ps1:202
at &lt;ScriptBlock&gt;, C:\Users\alexa\OneDrive\Documents\PowerShell\Modules\Pester\5.7.1\Pester.psm1:2024
at &lt;ScriptBlock&gt;, C:\Users\alexa\OneDrive\Documents\PowerShell\Modules\Pester\5.7.1\Pester.psm1:1985
at Invoke-ScriptBlock, C:\Users\alexa\OneDrive\Documents\PowerShell\Modules\Pester\5.7.1\Pester.psm1:2157
at Invoke-TestItem, C:\Users\alexa\OneDrive\Documents\PowerShell\Modules\Pester\5.7.1\Pester.psm1:1199
at Invoke-Block, C:\Users\alexa\OneDrive\Documents\PowerShell\Modules\Pester\5.7.1\Pester.psm1:835
at &lt;ScriptBlock&gt;, C:\Users\alexa\OneDrive\Documents\PowerShell\Modules\Pester\5.7.1\Pester.psm1:893
at &lt;ScriptBlock&gt;, C:\Users\alexa\OneDrive\Documents\PowerShell\Modules\Pester\5.7.1\Pester.psm1:2024
at &lt;ScriptBlock&gt;, C:\Users\alexa\OneDrive\Documents\PowerShell\Modules\Pester\5.7.1\Pester.psm1:1985
at Invoke-ScriptBlock, C:\Users\alexa\OneDrive\Documents\PowerShell\Modules\Pester\5.7.1\Pester.psm1:2160
at Invoke-Block, C:\Users\alexa\OneDrive\Documents\PowerShell\Modules\Pester\5.7.1\Pester.psm1:940
at &lt;ScriptBlock&gt;, C:\Users\alexa\OneDrive\Documents\PowerShell\Modules\Pester\5.7.1\Pester.psm1:893
at &lt;ScriptBlock&gt;, C:\Users\alexa\OneDrive\Documents\PowerShell\Modules\Pester\5.7.1\Pester.psm1:2024
at &lt;ScriptBlock&gt;, C:\Users\alexa\OneDrive\Documents\PowerShell\Modules\Pester\5.7.1\Pester.psm1:1985
at Invoke-ScriptBlock, C:\Users\alexa\OneDrive\Documents\PowerShell\Modules\Pester\5.7.1\Pester.psm1:2160
at Invoke-Block, C:\Users\alexa\OneDrive\Documents\PowerShell\Modules\Pester\5.7.1\Pester.psm1:940
at &lt;ScriptBlock&gt;, C:\Users\alexa\OneDrive\Documents\PowerShell\Modules\Pester\5.7.1\Pester.psm1:893
at &lt;ScriptBlock&gt;, C:\Users\alexa\OneDrive\Documents\PowerShell\Modules\Pester\5.7.1\Pester.psm1:2024
at &lt;ScriptBlock&gt;, C:\Users\alexa\OneDrive\Documents\PowerShell\Modules\Pester\5.7.1\Pester.psm1:1985
at Invoke-ScriptBlock, C:\Users\alexa\OneDrive\Documents\PowerShell\Modules\Pester\5.7.1\Pester.psm1:2160
at Invoke-Block, C:\Users\alexa\OneDrive\Documents\PowerShell\Modules\Pester\5.7.1\Pester.psm1:940
at &lt;ScriptBlock&gt;, C:\Users\alexa\OneDrive\Documents\PowerShell\Modules\Pester\5.7.1\Pester.psm1:1688
at &lt;ScriptBlock&gt;, C:\Users\alexa\OneDrive\Documents\PowerShell\Modules\Pester\5.7.1\Pester.ps1:3
at &lt;ScriptBlock&gt;, C:\Users\alexa\OneDrive\Documents\PowerShell\Modules\Pester\5.7.1\Pester.psm1:3260
at Invoke-InNewScriptScope, C:\Users\alexa\OneDrive\Documents\PowerShell\Modules\Pester\5.7.1\Pester.psm1:3267
at Run-Test, C:\Users\alexa\OneDrive\Documents\PowerShell\Modules\Pester\5.7.1\Pester.psm1:1691
at Invoke-Test, C:\Users\alexa\OneDrive\Documents\PowerShell\Modules\Pester\5.7.1\Pester.psm1:2512
at Invoke-Pester&lt;End&gt;, C:\Users\alexa\OneDrive\Documents\PowerShell\Modules\Pester\5.7.1\Pester.psm1:4960
at &lt;ScriptBlock&gt;, &lt;No file&gt;:1</stack-trace>
                    </failure>
                  </test-case>
                  <test-case description="Should execute script in separate scope" name="ScriptManager Module - Core Functions.Invoke-OneOffScript.Should execute script in separate scope" time="0.0207" asserts="0" success="True" result="Success" executed="True" />
                  <test-case description="Should handle non-existent script file" name="ScriptManager Module - Core Functions.Invoke-OneOffScript.Should handle non-existent script file" time="0.0199" asserts="0" success="False" result="Failure" executed="True">
                    <failure>
                      <message>Expected an exception to be thrown, but no exception was thrown.</message>
                      <stack-trace>at { Invoke-OneOffScript -ScriptPath $nonExistentPath } | Should -Throw, $env:PROJECT_ROOT\tests\unit\modules\ScriptManager\ScriptManager-Core.Tests.ps1:227
at Invoke-Assertion, C:\Users\alexa\OneDrive\Documents\PowerShell\Modules\Pester\5.7.1\Pester.psm1:8257
at Should&lt;End&gt;, C:\Users\alexa\OneDrive\Documents\PowerShell\Modules\Pester\5.7.1\Pester.psm1:8193
at &lt;ScriptBlock&gt;, $env:PROJECT_ROOT\tests\unit\modules\ScriptManager\ScriptManager-Core.Tests.ps1:227
at &lt;ScriptBlock&gt;, C:\Users\alexa\OneDrive\Documents\PowerShell\Modules\Pester\5.7.1\Pester.psm1:2024
at &lt;ScriptBlock&gt;, C:\Users\alexa\OneDrive\Documents\PowerShell\Modules\Pester\5.7.1\Pester.psm1:1985
at Invoke-ScriptBlock, C:\Users\alexa\OneDrive\Documents\PowerShell\Modules\Pester\5.7.1\Pester.psm1:2157
at Invoke-TestItem, C:\Users\alexa\OneDrive\Documents\PowerShell\Modules\Pester\5.7.1\Pester.psm1:1199
at Invoke-Block, C:\Users\alexa\OneDrive\Documents\PowerShell\Modules\Pester\5.7.1\Pester.psm1:835
at &lt;ScriptBlock&gt;, C:\Users\alexa\OneDrive\Documents\PowerShell\Modules\Pester\5.7.1\Pester.psm1:893
at &lt;ScriptBlock&gt;, C:\Users\alexa\OneDrive\Documents\PowerShell\Modules\Pester\5.7.1\Pester.psm1:2024
at &lt;ScriptBlock&gt;, C:\Users\alexa\OneDrive\Documents\PowerShell\Modules\Pester\5.7.1\Pester.psm1:1985
at Invoke-ScriptBlock, C:\Users\alexa\OneDrive\Documents\PowerShell\Modules\Pester\5.7.1\Pester.psm1:2160
at Invoke-Block, C:\Users\alexa\OneDrive\Documents\PowerShell\Modules\Pester\5.7.1\Pester.psm1:940
at &lt;ScriptBlock&gt;, C:\Users\alexa\OneDrive\Documents\PowerShell\Modules\Pester\5.7.1\Pester.psm1:893
at &lt;ScriptBlock&gt;, C:\Users\alexa\OneDrive\Documents\PowerShell\Modules\Pester\5.7.1\Pester.psm1:2024
at &lt;ScriptBlock&gt;, C:\Users\alexa\OneDrive\Documents\PowerShell\Modules\Pester\5.7.1\Pester.psm1:1985
at Invoke-ScriptBlock, C:\Users\alexa\OneDrive\Documents\PowerShell\Modules\Pester\5.7.1\Pester.psm1:2160
at Invoke-Block, C:\Users\alexa\OneDrive\Documents\PowerShell\Modules\Pester\5.7.1\Pester.psm1:940
at &lt;ScriptBlock&gt;, C:\Users\alexa\OneDrive\Documents\PowerShell\Modules\Pester\5.7.1\Pester.psm1:893
at &lt;ScriptBlock&gt;, C:\Users\alexa\OneDrive\Documents\PowerShell\Modules\Pester\5.7.1\Pester.psm1:2024
at &lt;ScriptBlock&gt;, C:\Users\alexa\OneDrive\Documents\PowerShell\Modules\Pester\5.7.1\Pester.psm1:1985
at Invoke-ScriptBlock, C:\Users\alexa\OneDrive\Documents\PowerShell\Modules\Pester\5.7.1\Pester.psm1:2160
at Invoke-Block, C:\Users\alexa\OneDrive\Documents\PowerShell\Modules\Pester\5.7.1\Pester.psm1:940
at &lt;ScriptBlock&gt;, C:\Users\alexa\OneDrive\Documents\PowerShell\Modules\Pester\5.7.1\Pester.psm1:1688
at &lt;ScriptBlock&gt;, C:\Users\alexa\OneDrive\Documents\PowerShell\Modules\Pester\5.7.1\Pester.ps1:3
at &lt;ScriptBlock&gt;, C:\Users\alexa\OneDrive\Documents\PowerShell\Modules\Pester\5.7.1\Pester.psm1:3260
at Invoke-InNewScriptScope, C:\Users\alexa\OneDrive\Documents\PowerShell\Modules\Pester\5.7.1\Pester.psm1:3267
at Run-Test, C:\Users\alexa\OneDrive\Documents\PowerShell\Modules\Pester\5.7.1\Pester.psm1:1691
at Invoke-Test, C:\Users\alexa\OneDrive\Documents\PowerShell\Modules\Pester\5.7.1\Pester.psm1:2512
at Invoke-Pester&lt;End&gt;, C:\Users\alexa\OneDrive\Documents\PowerShell\Modules\Pester\5.7.1\Pester.psm1:4960
at &lt;ScriptBlock&gt;, &lt;No file&gt;:1</stack-trace>
                    </failure>
                  </test-case>
                  <test-case description="Should respect timeout parameter" name="ScriptManager Module - Core Functions.Invoke-OneOffScript.Should respect timeout parameter" time="0.0125" asserts="0" success="True" result="Success" executed="True" />
                </results>
              </test-suite>
            </results>
          </test-suite>
          <test-suite type="TestFixture" name="ScriptManager Module - Integration Scenarios" executed="True" result="Failure" success="False" time="0.4375" asserts="0" description="ScriptManager Module - Integration Scenarios">
            <results>
              <test-suite type="TestFixture" name="ScriptManager Module - Integration Scenarios.Complete Workflow" executed="True" result="Failure" success="False" time="0.0644" asserts="0" description="ScriptManager Module - Integration Scenarios.Complete Workflow">
                <results>
                  <test-case description="Should complete register -&gt; test -&gt; invoke workflow" name="ScriptManager Module - Integration Scenarios.Complete Workflow.Should complete register -&gt; test -&gt; invoke workflow" time="0.0351" asserts="0" success="False" result="Failure" executed="True">
                    <failure>
                      <message>[0] Expected $true, but got $false.
[1] Expected regular expression 'Deployment successful in Production' to match $null, but it did not match.</message>
                      <stack-trace>[0] at $testResult | Should -Be $true, $env:PROJECT_ROOT\tests\unit\modules\ScriptManager\ScriptManager-Core.Tests.ps1:284
at Invoke-Assertion, C:\Users\alexa\OneDrive\Documents\PowerShell\Modules\Pester\5.7.1\Pester.psm1:8257
at Should&lt;End&gt;, C:\Users\alexa\OneDrive\Documents\PowerShell\Modules\Pester\5.7.1\Pester.psm1:8189
at &lt;ScriptBlock&gt;, $env:PROJECT_ROOT\tests\unit\modules\ScriptManager\ScriptManager-Core.Tests.ps1:284
at &lt;ScriptBlock&gt;, C:\Users\alexa\OneDrive\Documents\PowerShell\Modules\Pester\5.7.1\Pester.psm1:2024
at &lt;ScriptBlock&gt;, C:\Users\alexa\OneDrive\Documents\PowerShell\Modules\Pester\5.7.1\Pester.psm1:1985
at Invoke-ScriptBlock, C:\Users\alexa\OneDrive\Documents\PowerShell\Modules\Pester\5.7.1\Pester.psm1:2157
at Invoke-TestItem, C:\Users\alexa\OneDrive\Documents\PowerShell\Modules\Pester\5.7.1\Pester.psm1:1199
at Invoke-Block, C:\Users\alexa\OneDrive\Documents\PowerShell\Modules\Pester\5.7.1\Pester.psm1:835
at &lt;ScriptBlock&gt;, C:\Users\alexa\OneDrive\Documents\PowerShell\Modules\Pester\5.7.1\Pester.psm1:893
at &lt;ScriptBlock&gt;, C:\Users\alexa\OneDrive\Documents\PowerShell\Modules\Pester\5.7.1\Pester.psm1:2024
at &lt;ScriptBlock&gt;, C:\Users\alexa\OneDrive\Documents\PowerShell\Modules\Pester\5.7.1\Pester.psm1:1985
at Invoke-ScriptBlock, C:\Users\alexa\OneDrive\Documents\PowerShell\Modules\Pester\5.7.1\Pester.psm1:2160
at Invoke-Block, C:\Users\alexa\OneDrive\Documents\PowerShell\Modules\Pester\5.7.1\Pester.psm1:940
at &lt;ScriptBlock&gt;, C:\Users\alexa\OneDrive\Documents\PowerShell\Modules\Pester\5.7.1\Pester.psm1:893
at &lt;ScriptBlock&gt;, C:\Users\alexa\OneDrive\Documents\PowerShell\Modules\Pester\5.7.1\Pester.psm1:2024
at &lt;ScriptBlock&gt;, C:\Users\alexa\OneDrive\Documents\PowerShell\Modules\Pester\5.7.1\Pester.psm1:1985
at Invoke-ScriptBlock, C:\Users\alexa\OneDrive\Documents\PowerShell\Modules\Pester\5.7.1\Pester.psm1:2160
at Invoke-Block, C:\Users\alexa\OneDrive\Documents\PowerShell\Modules\Pester\5.7.1\Pester.psm1:940
at &lt;ScriptBlock&gt;, C:\Users\alexa\OneDrive\Documents\PowerShell\Modules\Pester\5.7.1\Pester.psm1:893
at &lt;ScriptBlock&gt;, C:\Users\alexa\OneDrive\Documents\PowerShell\Modules\Pester\5.7.1\Pester.psm1:2024
at &lt;ScriptBlock&gt;, C:\Users\alexa\OneDrive\Documents\PowerShell\Modules\Pester\5.7.1\Pester.psm1:1985
at Invoke-ScriptBlock, C:\Users\alexa\OneDrive\Documents\PowerShell\Modules\Pester\5.7.1\Pester.psm1:2160
at Invoke-Block, C:\Users\alexa\OneDrive\Documents\PowerShell\Modules\Pester\5.7.1\Pester.psm1:940
at &lt;ScriptBlock&gt;, C:\Users\alexa\OneDrive\Documents\PowerShell\Modules\Pester\5.7.1\Pester.psm1:1688
at &lt;ScriptBlock&gt;, C:\Users\alexa\OneDrive\Documents\PowerShell\Modules\Pester\5.7.1\Pester.ps1:3
at &lt;ScriptBlock&gt;, C:\Users\alexa\OneDrive\Documents\PowerShell\Modules\Pester\5.7.1\Pester.psm1:3260
at Invoke-InNewScriptScope, C:\Users\alexa\OneDrive\Documents\PowerShell\Modules\Pester\5.7.1\Pester.psm1:3267
at Run-Test, C:\Users\alexa\OneDrive\Documents\PowerShell\Modules\Pester\5.7.1\Pester.psm1:1691
at Invoke-Test, C:\Users\alexa\OneDrive\Documents\PowerShell\Modules\Pester\5.7.1\Pester.psm1:2512
at Invoke-Pester&lt;End&gt;, C:\Users\alexa\OneDrive\Documents\PowerShell\Modules\Pester\5.7.1\Pester.psm1:4960
at &lt;ScriptBlock&gt;, &lt;No file&gt;:1
[1] at $invokeResult | Should -Match "Deployment successful in Production", $env:PROJECT_ROOT\tests\unit\modules\ScriptManager\ScriptManager-Core.Tests.ps1:293
at Invoke-Assertion, C:\Users\alexa\OneDrive\Documents\PowerShell\Modules\Pester\5.7.1\Pester.psm1:8257
at Should&lt;End&gt;, C:\Users\alexa\OneDrive\Documents\PowerShell\Modules\Pester\5.7.1\Pester.psm1:8186
at &lt;ScriptBlock&gt;, $env:PROJECT_ROOT\tests\unit\modules\ScriptManager\ScriptManager-Core.Tests.ps1:293
at &lt;ScriptBlock&gt;, C:\Users\alexa\OneDrive\Documents\PowerShell\Modules\Pester\5.7.1\Pester.psm1:2024
at &lt;ScriptBlock&gt;, C:\Users\alexa\OneDrive\Documents\PowerShell\Modules\Pester\5.7.1\Pester.psm1:1985
at Invoke-ScriptBlock, C:\Users\alexa\OneDrive\Documents\PowerShell\Modules\Pester\5.7.1\Pester.psm1:2157
at Invoke-TestItem, C:\Users\alexa\OneDrive\Documents\PowerShell\Modules\Pester\5.7.1\Pester.psm1:1199
at Invoke-Block, C:\Users\alexa\OneDrive\Documents\PowerShell\Modules\Pester\5.7.1\Pester.psm1:835
at &lt;ScriptBlock&gt;, C:\Users\alexa\OneDrive\Documents\PowerShell\Modules\Pester\5.7.1\Pester.psm1:893
at &lt;ScriptBlock&gt;, C:\Users\alexa\OneDrive\Documents\PowerShell\Modules\Pester\5.7.1\Pester.psm1:2024
at &lt;ScriptBlock&gt;, C:\Users\alexa\OneDrive\Documents\PowerShell\Modules\Pester\5.7.1\Pester.psm1:1985
at Invoke-ScriptBlock, C:\Users\alexa\OneDrive\Documents\PowerShell\Modules\Pester\5.7.1\Pester.psm1:2160
at Invoke-Block, C:\Users\alexa\OneDrive\Documents\PowerShell\Modules\Pester\5.7.1\Pester.psm1:940
at &lt;ScriptBlock&gt;, C:\Users\alexa\OneDrive\Documents\PowerShell\Modules\Pester\5.7.1\Pester.psm1:893
at &lt;ScriptBlock&gt;, C:\Users\alexa\OneDrive\Documents\PowerShell\Modules\Pester\5.7.1\Pester.psm1:2024
at &lt;ScriptBlock&gt;, C:\Users\alexa\OneDrive\Documents\PowerShell\Modules\Pester\5.7.1\Pester.psm1:1985
at Invoke-ScriptBlock, C:\Users\alexa\OneDrive\Documents\PowerShell\Modules\Pester\5.7.1\Pester.psm1:2160
at Invoke-Block, C:\Users\alexa\OneDrive\Documents\PowerShell\Modules\Pester\5.7.1\Pester.psm1:940
at &lt;ScriptBlock&gt;, C:\Users\alexa\OneDrive\Documents\PowerShell\Modules\Pester\5.7.1\Pester.psm1:893
at &lt;ScriptBlock&gt;, C:\Users\alexa\OneDrive\Documents\PowerShell\Modules\Pester\5.7.1\Pester.psm1:2024
at &lt;ScriptBlock&gt;, C:\Users\alexa\OneDrive\Documents\PowerShell\Modules\Pester\5.7.1\Pester.psm1:1985
at Invoke-ScriptBlock, C:\Users\alexa\OneDrive\Documents\PowerShell\Modules\Pester\5.7.1\Pester.psm1:2160
at Invoke-Block, C:\Users\alexa\OneDrive\Documents\PowerShell\Modules\Pester\5.7.1\Pester.psm1:940
at &lt;ScriptBlock&gt;, C:\Users\alexa\OneDrive\Documents\PowerShell\Modules\Pester\5.7.1\Pester.psm1:1688
at &lt;ScriptBlock&gt;, C:\Users\alexa\OneDrive\Documents\PowerShell\Modules\Pester\5.7.1\Pester.ps1:3
at &lt;ScriptBlock&gt;, C:\Users\alexa\OneDrive\Documents\PowerShell\Modules\Pester\5.7.1\Pester.psm1:3260
at Invoke-InNewScriptScope, C:\Users\alexa\OneDrive\Documents\PowerShell\Modules\Pester\5.7.1\Pester.psm1:3267
at Run-Test, C:\Users\alexa\OneDrive\Documents\PowerShell\Modules\Pester\5.7.1\Pester.psm1:1691
at Invoke-Test, C:\Users\alexa\OneDrive\Documents\PowerShell\Modules\Pester\5.7.1\Pester.psm1:2512
at Invoke-Pester&lt;End&gt;, C:\Users\alexa\OneDrive\Documents\PowerShell\Modules\Pester\5.7.1\Pester.psm1:4960
at &lt;ScriptBlock&gt;, &lt;No file&gt;:1</stack-trace>
                    </failure>
                  </test-case>
                  <test-case description="Should handle different parameter combinations" name="ScriptManager Module - Integration Scenarios.Complete Workflow.Should handle different parameter combinations" time="0.0262" asserts="0" success="False" result="Failure" executed="True">
                    <failure>
                      <message>[0] Expected regular expression 'Tests passed in Dev' to match $null, but it did not match.
[1] Expected regular expression 'Cleanup completed in Staging' to match $null, but it did not match.</message>
                      <stack-trace>[0] at $result | Should -Match $testCase.Expected, $env:PROJECT_ROOT\tests\unit\modules\ScriptManager\ScriptManager-Core.Tests.ps1:304
at Invoke-Assertion, C:\Users\alexa\OneDrive\Documents\PowerShell\Modules\Pester\5.7.1\Pester.psm1:8257
at Should&lt;End&gt;, C:\Users\alexa\OneDrive\Documents\PowerShell\Modules\Pester\5.7.1\Pester.psm1:8186
at &lt;ScriptBlock&gt;, $env:PROJECT_ROOT\tests\unit\modules\ScriptManager\ScriptManager-Core.Tests.ps1:304
at &lt;ScriptBlock&gt;, C:\Users\alexa\OneDrive\Documents\PowerShell\Modules\Pester\5.7.1\Pester.psm1:2024
at &lt;ScriptBlock&gt;, C:\Users\alexa\OneDrive\Documents\PowerShell\Modules\Pester\5.7.1\Pester.psm1:1985
at Invoke-ScriptBlock, C:\Users\alexa\OneDrive\Documents\PowerShell\Modules\Pester\5.7.1\Pester.psm1:2157
at Invoke-TestItem, C:\Users\alexa\OneDrive\Documents\PowerShell\Modules\Pester\5.7.1\Pester.psm1:1199
at Invoke-Block, C:\Users\alexa\OneDrive\Documents\PowerShell\Modules\Pester\5.7.1\Pester.psm1:835
at &lt;ScriptBlock&gt;, C:\Users\alexa\OneDrive\Documents\PowerShell\Modules\Pester\5.7.1\Pester.psm1:893
at &lt;ScriptBlock&gt;, C:\Users\alexa\OneDrive\Documents\PowerShell\Modules\Pester\5.7.1\Pester.psm1:2024
at &lt;ScriptBlock&gt;, C:\Users\alexa\OneDrive\Documents\PowerShell\Modules\Pester\5.7.1\Pester.psm1:1985
at Invoke-ScriptBlock, C:\Users\alexa\OneDrive\Documents\PowerShell\Modules\Pester\5.7.1\Pester.psm1:2160
at Invoke-Block, C:\Users\alexa\OneDrive\Documents\PowerShell\Modules\Pester\5.7.1\Pester.psm1:940
at &lt;ScriptBlock&gt;, C:\Users\alexa\OneDrive\Documents\PowerShell\Modules\Pester\5.7.1\Pester.psm1:893
at &lt;ScriptBlock&gt;, C:\Users\alexa\OneDrive\Documents\PowerShell\Modules\Pester\5.7.1\Pester.psm1:2024
at &lt;ScriptBlock&gt;, C:\Users\alexa\OneDrive\Documents\PowerShell\Modules\Pester\5.7.1\Pester.psm1:1985
at Invoke-ScriptBlock, C:\Users\alexa\OneDrive\Documents\PowerShell\Modules\Pester\5.7.1\Pester.psm1:2160
at Invoke-Block, C:\Users\alexa\OneDrive\Documents\PowerShell\Modules\Pester\5.7.1\Pester.psm1:940
at &lt;ScriptBlock&gt;, C:\Users\alexa\OneDrive\Documents\PowerShell\Modules\Pester\5.7.1\Pester.psm1:893
at &lt;ScriptBlock&gt;, C:\Users\alexa\OneDrive\Documents\PowerShell\Modules\Pester\5.7.1\Pester.psm1:2024
at &lt;ScriptBlock&gt;, C:\Users\alexa\OneDrive\Documents\PowerShell\Modules\Pester\5.7.1\Pester.psm1:1985
at Invoke-ScriptBlock, C:\Users\alexa\OneDrive\Documents\PowerShell\Modules\Pester\5.7.1\Pester.psm1:2160
at Invoke-Block, C:\Users\alexa\OneDrive\Documents\PowerShell\Modules\Pester\5.7.1\Pester.psm1:940
at &lt;ScriptBlock&gt;, C:\Users\alexa\OneDrive\Documents\PowerShell\Modules\Pester\5.7.1\Pester.psm1:1688
at &lt;ScriptBlock&gt;, C:\Users\alexa\OneDrive\Documents\PowerShell\Modules\Pester\5.7.1\Pester.ps1:3
at &lt;ScriptBlock&gt;, C:\Users\alexa\OneDrive\Documents\PowerShell\Modules\Pester\5.7.1\Pester.psm1:3260
at Invoke-InNewScriptScope, C:\Users\alexa\OneDrive\Documents\PowerShell\Modules\Pester\5.7.1\Pester.psm1:3267
at Run-Test, C:\Users\alexa\OneDrive\Documents\PowerShell\Modules\Pester\5.7.1\Pester.psm1:1691
at Invoke-Test, C:\Users\alexa\OneDrive\Documents\PowerShell\Modules\Pester\5.7.1\Pester.psm1:2512
at Invoke-Pester&lt;End&gt;, C:\Users\alexa\OneDrive\Documents\PowerShell\Modules\Pester\5.7.1\Pester.psm1:4960
at &lt;ScriptBlock&gt;, &lt;No file&gt;:1
[1] at $result | Should -Match $testCase.Expected, $env:PROJECT_ROOT\tests\unit\modules\ScriptManager\ScriptManager-Core.Tests.ps1:304
at Invoke-Assertion, C:\Users\alexa\OneDrive\Documents\PowerShell\Modules\Pester\5.7.1\Pester.psm1:8257
at Should&lt;End&gt;, C:\Users\alexa\OneDrive\Documents\PowerShell\Modules\Pester\5.7.1\Pester.psm1:8186
at &lt;ScriptBlock&gt;, $env:PROJECT_ROOT\tests\unit\modules\ScriptManager\ScriptManager-Core.Tests.ps1:304
at &lt;ScriptBlock&gt;, C:\Users\alexa\OneDrive\Documents\PowerShell\Modules\Pester\5.7.1\Pester.psm1:2024
at &lt;ScriptBlock&gt;, C:\Users\alexa\OneDrive\Documents\PowerShell\Modules\Pester\5.7.1\Pester.psm1:1985
at Invoke-ScriptBlock, C:\Users\alexa\OneDrive\Documents\PowerShell\Modules\Pester\5.7.1\Pester.psm1:2157
at Invoke-TestItem, C:\Users\alexa\OneDrive\Documents\PowerShell\Modules\Pester\5.7.1\Pester.psm1:1199
at Invoke-Block, C:\Users\alexa\OneDrive\Documents\PowerShell\Modules\Pester\5.7.1\Pester.psm1:835
at &lt;ScriptBlock&gt;, C:\Users\alexa\OneDrive\Documents\PowerShell\Modules\Pester\5.7.1\Pester.psm1:893
at &lt;ScriptBlock&gt;, C:\Users\alexa\OneDrive\Documents\PowerShell\Modules\Pester\5.7.1\Pester.psm1:2024
at &lt;ScriptBlock&gt;, C:\Users\alexa\OneDrive\Documents\PowerShell\Modules\Pester\5.7.1\Pester.psm1:1985
at Invoke-ScriptBlock, C:\Users\alexa\OneDrive\Documents\PowerShell\Modules\Pester\5.7.1\Pester.psm1:2160
at Invoke-Block, C:\Users\alexa\OneDrive\Documents\PowerShell\Modules\Pester\5.7.1\Pester.psm1:940
at &lt;ScriptBlock&gt;, C:\Users\alexa\OneDrive\Documents\PowerShell\Modules\Pester\5.7.1\Pester.psm1:893
at &lt;ScriptBlock&gt;, C:\Users\alexa\OneDrive\Documents\PowerShell\Modules\Pester\5.7.1\Pester.psm1:2024
at &lt;ScriptBlock&gt;, C:\Users\alexa\OneDrive\Documents\PowerShell\Modules\Pester\5.7.1\Pester.psm1:1985
at Invoke-ScriptBlock, C:\Users\alexa\OneDrive\Documents\PowerShell\Modules\Pester\5.7.1\Pester.psm1:2160
at Invoke-Block, C:\Users\alexa\OneDrive\Documents\PowerShell\Modules\Pester\5.7.1\Pester.psm1:940
at &lt;ScriptBlock&gt;, C:\Users\alexa\OneDrive\Documents\PowerShell\Modules\Pester\5.7.1\Pester.psm1:893
at &lt;ScriptBlock&gt;, C:\Users\alexa\OneDrive\Documents\PowerShell\Modules\Pester\5.7.1\Pester.psm1:2024
at &lt;ScriptBlock&gt;, C:\Users\alexa\OneDrive\Documents\PowerShell\Modules\Pester\5.7.1\Pester.psm1:1985
at Invoke-ScriptBlock, C:\Users\alexa\OneDrive\Documents\PowerShell\Modules\Pester\5.7.1\Pester.psm1:2160
at Invoke-Block, C:\Users\alexa\OneDrive\Documents\PowerShell\Modules\Pester\5.7.1\Pester.psm1:940
at &lt;ScriptBlock&gt;, C:\Users\alexa\OneDrive\Documents\PowerShell\Modules\Pester\5.7.1\Pester.psm1:1688
at &lt;ScriptBlock&gt;, C:\Users\alexa\OneDrive\Documents\PowerShell\Modules\Pester\5.7.1\Pester.ps1:3
at &lt;ScriptBlock&gt;, C:\Users\alexa\OneDrive\Documents\PowerShell\Modules\Pester\5.7.1\Pester.psm1:3260
at Invoke-InNewScriptScope, C:\Users\alexa\OneDrive\Documents\PowerShell\Modules\Pester\5.7.1\Pester.psm1:3267
at Run-Test, C:\Users\alexa\OneDrive\Documents\PowerShell\Modules\Pester\5.7.1\Pester.psm1:1691
at Invoke-Test, C:\Users\alexa\OneDrive\Documents\PowerShell\Modules\Pester\5.7.1\Pester.psm1:2512
at Invoke-Pester&lt;End&gt;, C:\Users\alexa\OneDrive\Documents\PowerShell\Modules\Pester\5.7.1\Pester.psm1:4960
at &lt;ScriptBlock&gt;, &lt;No file&gt;:1</stack-trace>
                    </failure>
                  </test-case>
                </results>
              </test-suite>
              <test-suite type="TestFixture" name="ScriptManager Module - Integration Scenarios.Error Recovery" executed="True" result="Success" success="True" time="0.0779" asserts="0" description="ScriptManager Module - Integration Scenarios.Error Recovery">
                <results>
                  <test-case description="Should recover from script registration failures" name="ScriptManager Module - Integration Scenarios.Error Recovery.Should recover from script registration failures" time="0.0108" asserts="0" success="True" result="Success" executed="True" />
                </results>
              </test-suite>
            </results>
          </test-suite>
          <test-suite type="TestFixture" name="ScriptManager Module - Performance and Reliability" executed="True" result="Failure" success="False" time="0.9604" asserts="0" description="ScriptManager Module - Performance and Reliability">
            <results>
              <test-suite type="TestFixture" name="ScriptManager Module - Performance and Reliability.Performance" executed="True" result="Failure" success="False" time="0.5205" asserts="0" description="ScriptManager Module - Performance and Reliability.Performance">
                <results>
                  <test-case description="Should handle multiple rapid script registrations" name="ScriptManager Module - Performance and Reliability.Performance.Should handle multiple rapid script registrations" time="0.0446" asserts="0" success="True" result="Success" executed="True" />
                  <test-case description="Should handle concurrent script operations" name="ScriptManager Module - Performance and Reliability.Performance.Should handle concurrent script operations" time="0.47" asserts="0" success="False" result="Failure" executed="True">
                    <failure>
                      <message>Expected $false to not be found in collection @($false, $false, $false), but it was found.</message>
                      <stack-trace>at $results | Should -Not -Contain $false, $env:PROJECT_ROOT\tests\unit\modules\ScriptManager\ScriptManager-Core.Tests.ps1:361
at Invoke-Assertion, C:\Users\alexa\OneDrive\Documents\PowerShell\Modules\Pester\5.7.1\Pester.psm1:8257
at Should&lt;End&gt;, C:\Users\alexa\OneDrive\Documents\PowerShell\Modules\Pester\5.7.1\Pester.psm1:8189
at &lt;ScriptBlock&gt;, $env:PROJECT_ROOT\tests\unit\modules\ScriptManager\ScriptManager-Core.Tests.ps1:361
at &lt;ScriptBlock&gt;, C:\Users\alexa\OneDrive\Documents\PowerShell\Modules\Pester\5.7.1\Pester.psm1:2024
at &lt;ScriptBlock&gt;, C:\Users\alexa\OneDrive\Documents\PowerShell\Modules\Pester\5.7.1\Pester.psm1:1985
at Invoke-ScriptBlock, C:\Users\alexa\OneDrive\Documents\PowerShell\Modules\Pester\5.7.1\Pester.psm1:2157
at Invoke-TestItem, C:\Users\alexa\OneDrive\Documents\PowerShell\Modules\Pester\5.7.1\Pester.psm1:1199
at Invoke-Block, C:\Users\alexa\OneDrive\Documents\PowerShell\Modules\Pester\5.7.1\Pester.psm1:835
at &lt;ScriptBlock&gt;, C:\Users\alexa\OneDrive\Documents\PowerShell\Modules\Pester\5.7.1\Pester.psm1:893
at &lt;ScriptBlock&gt;, C:\Users\alexa\OneDrive\Documents\PowerShell\Modules\Pester\5.7.1\Pester.psm1:2024
at &lt;ScriptBlock&gt;, C:\Users\alexa\OneDrive\Documents\PowerShell\Modules\Pester\5.7.1\Pester.psm1:1985
at Invoke-ScriptBlock, C:\Users\alexa\OneDrive\Documents\PowerShell\Modules\Pester\5.7.1\Pester.psm1:2160
at Invoke-Block, C:\Users\alexa\OneDrive\Documents\PowerShell\Modules\Pester\5.7.1\Pester.psm1:940
at &lt;ScriptBlock&gt;, C:\Users\alexa\OneDrive\Documents\PowerShell\Modules\Pester\5.7.1\Pester.psm1:893
at &lt;ScriptBlock&gt;, C:\Users\alexa\OneDrive\Documents\PowerShell\Modules\Pester\5.7.1\Pester.psm1:2024
at &lt;ScriptBlock&gt;, C:\Users\alexa\OneDrive\Documents\PowerShell\Modules\Pester\5.7.1\Pester.psm1:1985
at Invoke-ScriptBlock, C:\Users\alexa\OneDrive\Documents\PowerShell\Modules\Pester\5.7.1\Pester.psm1:2160
at Invoke-Block, C:\Users\alexa\OneDrive\Documents\PowerShell\Modules\Pester\5.7.1\Pester.psm1:940
at &lt;ScriptBlock&gt;, C:\Users\alexa\OneDrive\Documents\PowerShell\Modules\Pester\5.7.1\Pester.psm1:893
at &lt;ScriptBlock&gt;, C:\Users\alexa\OneDrive\Documents\PowerShell\Modules\Pester\5.7.1\Pester.psm1:2024
at &lt;ScriptBlock&gt;, C:\Users\alexa\OneDrive\Documents\PowerShell\Modules\Pester\5.7.1\Pester.psm1:1985
at Invoke-ScriptBlock, C:\Users\alexa\OneDrive\Documents\PowerShell\Modules\Pester\5.7.1\Pester.psm1:2160
at Invoke-Block, C:\Users\alexa\OneDrive\Documents\PowerShell\Modules\Pester\5.7.1\Pester.psm1:940
at &lt;ScriptBlock&gt;, C:\Users\alexa\OneDrive\Documents\PowerShell\Modules\Pester\5.7.1\Pester.psm1:1688
at &lt;ScriptBlock&gt;, C:\Users\alexa\OneDrive\Documents\PowerShell\Modules\Pester\5.7.1\Pester.ps1:3
at &lt;ScriptBlock&gt;, C:\Users\alexa\OneDrive\Documents\PowerShell\Modules\Pester\5.7.1\Pester.psm1:3260
at Invoke-InNewScriptScope, C:\Users\alexa\OneDrive\Documents\PowerShell\Modules\Pester\5.7.1\Pester.psm1:3267
at Run-Test, C:\Users\alexa\OneDrive\Documents\PowerShell\Modules\Pester\5.7.1\Pester.psm1:1691
at Invoke-Test, C:\Users\alexa\OneDrive\Documents\PowerShell\Modules\Pester\5.7.1\Pester.psm1:2512
at Invoke-Pester&lt;End&gt;, C:\Users\alexa\OneDrive\Documents\PowerShell\Modules\Pester\5.7.1\Pester.psm1:4960
at &lt;ScriptBlock&gt;, &lt;No file&gt;:1</stack-trace>
                    </failure>
                  </test-case>
                </results>
              </test-suite>
            </results>
          </test-suite>
        </results>
      </test-suite>
      <test-suite type="TestFixture" name="$env:PROJECT_ROOT\tests\unit\modules\TestingFramework\TestingFramework-Core.Tests.ps1" executed="True" result="Failure" success="False" time="5.9259" asserts="0" description="$env:PROJECT_ROOT\tests\unit\modules\TestingFramework\TestingFramework-Core.Tests.ps1">
        <results>
          <test-suite type="TestFixture" name="TestingFramework Module - Core Functions" executed="True" result="Failure" success="False" time="2.9455" asserts="0" description="TestingFramework Module - Core Functions">
            <results>
              <test-suite type="TestFixture" name="TestingFramework Module - Core Functions.Invoke-PesterTests" executed="True" result="Failure" success="False" time="1.2478" asserts="0" description="TestingFramework Module - Core Functions.Invoke-PesterTests">
                <results>
                  <test-case description="Should execute single Pester test file" name="TestingFramework Module - Core Functions.Invoke-PesterTests.Should execute single Pester test file" time="0.2484" asserts="0" success="False" result="Failure" executed="True">
                    <failure>
                      <message>RuntimeException: Should operator 'Be' is not registered
CmdletInvocationException: Should operator 'Be' is not registered
CommandNotFoundException: The 'New-PesterConfiguration' command was found in the module 'Pester', but the module could not be loaded due to the following error: [Should operator 'Be' is not registered]
For more information, run 'Import-Module Pester'.</message>
                      <stack-trace>at Invoke-PesterTests, $env:PROJECT_ROOT\core-runner\modules\TestingFramework\TestingFramework.psm1:81
at &lt;ScriptBlock&gt;, $env:PROJECT_ROOT\tests\unit\modules\TestingFramework\TestingFramework-Core.Tests.ps1:63
at &lt;ScriptBlock&gt;, C:\Users\alexa\OneDrive\Documents\PowerShell\Modules\Pester\5.7.1\Pester.psm1:2024
at &lt;ScriptBlock&gt;, C:\Users\alexa\OneDrive\Documents\PowerShell\Modules\Pester\5.7.1\Pester.psm1:1985
at Invoke-ScriptBlock, C:\Users\alexa\OneDrive\Documents\PowerShell\Modules\Pester\5.7.1\Pester.psm1:2157
at Invoke-TestItem, C:\Users\alexa\OneDrive\Documents\PowerShell\Modules\Pester\5.7.1\Pester.psm1:1199
at Invoke-Block, C:\Users\alexa\OneDrive\Documents\PowerShell\Modules\Pester\5.7.1\Pester.psm1:835
at &lt;ScriptBlock&gt;, C:\Users\alexa\OneDrive\Documents\PowerShell\Modules\Pester\5.7.1\Pester.psm1:893
at &lt;ScriptBlock&gt;, C:\Users\alexa\OneDrive\Documents\PowerShell\Modules\Pester\5.7.1\Pester.psm1:2024
at &lt;ScriptBlock&gt;, C:\Users\alexa\OneDrive\Documents\PowerShell\Modules\Pester\5.7.1\Pester.psm1:1985
at Invoke-ScriptBlock, C:\Users\alexa\OneDrive\Documents\PowerShell\Modules\Pester\5.7.1\Pester.psm1:2160
at Invoke-Block, C:\Users\alexa\OneDrive\Documents\PowerShell\Modules\Pester\5.7.1\Pester.psm1:940
at &lt;ScriptBlock&gt;, C:\Users\alexa\OneDrive\Documents\PowerShell\Modules\Pester\5.7.1\Pester.psm1:893
at &lt;ScriptBlock&gt;, C:\Users\alexa\OneDrive\Documents\PowerShell\Modules\Pester\5.7.1\Pester.psm1:2024
at &lt;ScriptBlock&gt;, C:\Users\alexa\OneDrive\Documents\PowerShell\Modules\Pester\5.7.1\Pester.psm1:1985
at Invoke-ScriptBlock, C:\Users\alexa\OneDrive\Documents\PowerShell\Modules\Pester\5.7.1\Pester.psm1:2160
at Invoke-Block, C:\Users\alexa\OneDrive\Documents\PowerShell\Modules\Pester\5.7.1\Pester.psm1:940
at &lt;ScriptBlock&gt;, C:\Users\alexa\OneDrive\Documents\PowerShell\Modules\Pester\5.7.1\Pester.psm1:893
at &lt;ScriptBlock&gt;, C:\Users\alexa\OneDrive\Documents\PowerShell\Modules\Pester\5.7.1\Pester.psm1:2024
at &lt;ScriptBlock&gt;, C:\Users\alexa\OneDrive\Documents\PowerShell\Modules\Pester\5.7.1\Pester.psm1:1985
at Invoke-ScriptBlock, C:\Users\alexa\OneDrive\Documents\PowerShell\Modules\Pester\5.7.1\Pester.psm1:2160
at Invoke-Block, C:\Users\alexa\OneDrive\Documents\PowerShell\Modules\Pester\5.7.1\Pester.psm1:940
at &lt;ScriptBlock&gt;, C:\Users\alexa\OneDrive\Documents\PowerShell\Modules\Pester\5.7.1\Pester.psm1:1688
at &lt;ScriptBlock&gt;, C:\Users\alexa\OneDrive\Documents\PowerShell\Modules\Pester\5.7.1\Pester.ps1:3
at &lt;ScriptBlock&gt;, C:\Users\alexa\OneDrive\Documents\PowerShell\Modules\Pester\5.7.1\Pester.psm1:3260
at Invoke-InNewScriptScope, C:\Users\alexa\OneDrive\Documents\PowerShell\Modules\Pester\5.7.1\Pester.psm1:3267
at Run-Test, C:\Users\alexa\OneDrive\Documents\PowerShell\Modules\Pester\5.7.1\Pester.psm1:1691
at Invoke-Test, C:\Users\alexa\OneDrive\Documents\PowerShell\Modules\Pester\5.7.1\Pester.psm1:2512
at Invoke-Pester&lt;End&gt;, C:\Users\alexa\OneDrive\Documents\PowerShell\Modules\Pester\5.7.1\Pester.psm1:4960
at &lt;ScriptBlock&gt;, &lt;No file&gt;:1</stack-trace>
                    </failure>
                  </test-case>
                  <test-case description="Should execute multiple Pester test files" name="TestingFramework Module - Core Functions.Invoke-PesterTests.Should execute multiple Pester test files" time="0.2127" asserts="0" success="False" result="Failure" executed="True">
                    <failure>
                      <message>RuntimeException: Should operator 'Be' is not registered
CmdletInvocationException: Should operator 'Be' is not registered
CommandNotFoundException: The 'New-PesterConfiguration' command was found in the module 'Pester', but the module could not be loaded due to the following error: [Should operator 'Be' is not registered]
For more information, run 'Import-Module Pester'.</message>
                      <stack-trace>at Invoke-PesterTests, $env:PROJECT_ROOT\core-runner\modules\TestingFramework\TestingFramework.psm1:81
at &lt;ScriptBlock&gt;, $env:PROJECT_ROOT\tests\unit\modules\TestingFramework\TestingFramework-Core.Tests.ps1:71
at &lt;ScriptBlock&gt;, C:\Users\alexa\OneDrive\Documents\PowerShell\Modules\Pester\5.7.1\Pester.psm1:2024
at &lt;ScriptBlock&gt;, C:\Users\alexa\OneDrive\Documents\PowerShell\Modules\Pester\5.7.1\Pester.psm1:1985
at Invoke-ScriptBlock, C:\Users\alexa\OneDrive\Documents\PowerShell\Modules\Pester\5.7.1\Pester.psm1:2157
at Invoke-TestItem, C:\Users\alexa\OneDrive\Documents\PowerShell\Modules\Pester\5.7.1\Pester.psm1:1199
at Invoke-Block, C:\Users\alexa\OneDrive\Documents\PowerShell\Modules\Pester\5.7.1\Pester.psm1:835
at &lt;ScriptBlock&gt;, C:\Users\alexa\OneDrive\Documents\PowerShell\Modules\Pester\5.7.1\Pester.psm1:893
at &lt;ScriptBlock&gt;, C:\Users\alexa\OneDrive\Documents\PowerShell\Modules\Pester\5.7.1\Pester.psm1:2024
at &lt;ScriptBlock&gt;, C:\Users\alexa\OneDrive\Documents\PowerShell\Modules\Pester\5.7.1\Pester.psm1:1985
at Invoke-ScriptBlock, C:\Users\alexa\OneDrive\Documents\PowerShell\Modules\Pester\5.7.1\Pester.psm1:2160
at Invoke-Block, C:\Users\alexa\OneDrive\Documents\PowerShell\Modules\Pester\5.7.1\Pester.psm1:940
at &lt;ScriptBlock&gt;, C:\Users\alexa\OneDrive\Documents\PowerShell\Modules\Pester\5.7.1\Pester.psm1:893
at &lt;ScriptBlock&gt;, C:\Users\alexa\OneDrive\Documents\PowerShell\Modules\Pester\5.7.1\Pester.psm1:2024
at &lt;ScriptBlock&gt;, C:\Users\alexa\OneDrive\Documents\PowerShell\Modules\Pester\5.7.1\Pester.psm1:1985
at Invoke-ScriptBlock, C:\Users\alexa\OneDrive\Documents\PowerShell\Modules\Pester\5.7.1\Pester.psm1:2160
at Invoke-Block, C:\Users\alexa\OneDrive\Documents\PowerShell\Modules\Pester\5.7.1\Pester.psm1:940
at &lt;ScriptBlock&gt;, C:\Users\alexa\OneDrive\Documents\PowerShell\Modules\Pester\5.7.1\Pester.psm1:893
at &lt;ScriptBlock&gt;, C:\Users\alexa\OneDrive\Documents\PowerShell\Modules\Pester\5.7.1\Pester.psm1:2024
at &lt;ScriptBlock&gt;, C:\Users\alexa\OneDrive\Documents\PowerShell\Modules\Pester\5.7.1\Pester.psm1:1985
at Invoke-ScriptBlock, C:\Users\alexa\OneDrive\Documents\PowerShell\Modules\Pester\5.7.1\Pester.psm1:2160
at Invoke-Block, C:\Users\alexa\OneDrive\Documents\PowerShell\Modules\Pester\5.7.1\Pester.psm1:940
at &lt;ScriptBlock&gt;, C:\Users\alexa\OneDrive\Documents\PowerShell\Modules\Pester\5.7.1\Pester.psm1:1688
at &lt;ScriptBlock&gt;, C:\Users\alexa\OneDrive\Documents\PowerShell\Modules\Pester\5.7.1\Pester.ps1:3
at &lt;ScriptBlock&gt;, C:\Users\alexa\OneDrive\Documents\PowerShell\Modules\Pester\5.7.1\Pester.psm1:3260
at Invoke-InNewScriptScope, C:\Users\alexa\OneDrive\Documents\PowerShell\Modules\Pester\5.7.1\Pester.psm1:3267
at Run-Test, C:\Users\alexa\OneDrive\Documents\PowerShell\Modules\Pester\5.7.1\Pester.psm1:1691
at Invoke-Test, C:\Users\alexa\OneDrive\Documents\PowerShell\Modules\Pester\5.7.1\Pester.psm1:2512
at Invoke-Pester&lt;End&gt;, C:\Users\alexa\OneDrive\Documents\PowerShell\Modules\Pester\5.7.1\Pester.psm1:4960
at &lt;ScriptBlock&gt;, &lt;No file&gt;:1</stack-trace>
                    </failure>
                  </test-case>
                  <test-case description="Should execute tests from directory" name="TestingFramework Module - Core Functions.Invoke-PesterTests.Should execute tests from directory" time="0.2119" asserts="0" success="False" result="Failure" executed="True">
                    <failure>
                      <message>RuntimeException: Should operator 'Be' is not registered
CmdletInvocationException: Should operator 'Be' is not registered
CommandNotFoundException: The 'New-PesterConfiguration' command was found in the module 'Pester', but the module could not be loaded due to the following error: [Should operator 'Be' is not registered]
For more information, run 'Import-Module Pester'.</message>
                      <stack-trace>at Invoke-PesterTests, $env:PROJECT_ROOT\core-runner\modules\TestingFramework\TestingFramework.psm1:81
at &lt;ScriptBlock&gt;, $env:PROJECT_ROOT\tests\unit\modules\TestingFramework\TestingFramework-Core.Tests.ps1:78
at &lt;ScriptBlock&gt;, C:\Users\alexa\OneDrive\Documents\PowerShell\Modules\Pester\5.7.1\Pester.psm1:2024
at &lt;ScriptBlock&gt;, C:\Users\alexa\OneDrive\Documents\PowerShell\Modules\Pester\5.7.1\Pester.psm1:1985
at Invoke-ScriptBlock, C:\Users\alexa\OneDrive\Documents\PowerShell\Modules\Pester\5.7.1\Pester.psm1:2157
at Invoke-TestItem, C:\Users\alexa\OneDrive\Documents\PowerShell\Modules\Pester\5.7.1\Pester.psm1:1199
at Invoke-Block, C:\Users\alexa\OneDrive\Documents\PowerShell\Modules\Pester\5.7.1\Pester.psm1:835
at &lt;ScriptBlock&gt;, C:\Users\alexa\OneDrive\Documents\PowerShell\Modules\Pester\5.7.1\Pester.psm1:893
at &lt;ScriptBlock&gt;, C:\Users\alexa\OneDrive\Documents\PowerShell\Modules\Pester\5.7.1\Pester.psm1:2024
at &lt;ScriptBlock&gt;, C:\Users\alexa\OneDrive\Documents\PowerShell\Modules\Pester\5.7.1\Pester.psm1:1985
at Invoke-ScriptBlock, C:\Users\alexa\OneDrive\Documents\PowerShell\Modules\Pester\5.7.1\Pester.psm1:2160
at Invoke-Block, C:\Users\alexa\OneDrive\Documents\PowerShell\Modules\Pester\5.7.1\Pester.psm1:940
at &lt;ScriptBlock&gt;, C:\Users\alexa\OneDrive\Documents\PowerShell\Modules\Pester\5.7.1\Pester.psm1:893
at &lt;ScriptBlock&gt;, C:\Users\alexa\OneDrive\Documents\PowerShell\Modules\Pester\5.7.1\Pester.psm1:2024
at &lt;ScriptBlock&gt;, C:\Users\alexa\OneDrive\Documents\PowerShell\Modules\Pester\5.7.1\Pester.psm1:1985
at Invoke-ScriptBlock, C:\Users\alexa\OneDrive\Documents\PowerShell\Modules\Pester\5.7.1\Pester.psm1:2160
at Invoke-Block, C:\Users\alexa\OneDrive\Documents\PowerShell\Modules\Pester\5.7.1\Pester.psm1:940
at &lt;ScriptBlock&gt;, C:\Users\alexa\OneDrive\Documents\PowerShell\Modules\Pester\5.7.1\Pester.psm1:893
at &lt;ScriptBlock&gt;, C:\Users\alexa\OneDrive\Documents\PowerShell\Modules\Pester\5.7.1\Pester.psm1:2024
at &lt;ScriptBlock&gt;, C:\Users\alexa\OneDrive\Documents\PowerShell\Modules\Pester\5.7.1\Pester.psm1:1985
at Invoke-ScriptBlock, C:\Users\alexa\OneDrive\Documents\PowerShell\Modules\Pester\5.7.1\Pester.psm1:2160
at Invoke-Block, C:\Users\alexa\OneDrive\Documents\PowerShell\Modules\Pester\5.7.1\Pester.psm1:940
at &lt;ScriptBlock&gt;, C:\Users\alexa\OneDrive\Documents\PowerShell\Modules\Pester\5.7.1\Pester.psm1:1688
at &lt;ScriptBlock&gt;, C:\Users\alexa\OneDrive\Documents\PowerShell\Modules\Pester\5.7.1\Pester.ps1:3
at &lt;ScriptBlock&gt;, C:\Users\alexa\OneDrive\Documents\PowerShell\Modules\Pester\5.7.1\Pester.psm1:3260
at Invoke-InNewScriptScope, C:\Users\alexa\OneDrive\Documents\PowerShell\Modules\Pester\5.7.1\Pester.psm1:3267
at Run-Test, C:\Users\alexa\OneDrive\Documents\PowerShell\Modules\Pester\5.7.1\Pester.psm1:1691
at Invoke-Test, C:\Users\alexa\OneDrive\Documents\PowerShell\Modules\Pester\5.7.1\Pester.psm1:2512
at Invoke-Pester&lt;End&gt;, C:\Users\alexa\OneDrive\Documents\PowerShell\Modules\Pester\5.7.1\Pester.psm1:4960
at &lt;ScriptBlock&gt;, &lt;No file&gt;:1</stack-trace>
                    </failure>
                  </test-case>
                  <test-case description="Should generate output file when specified" name="TestingFramework Module - Core Functions.Invoke-PesterTests.Should generate output file when specified" time="0.2107" asserts="0" success="False" result="Failure" executed="True">
                    <failure>
                      <message>RuntimeException: Should operator 'Be' is not registered
CmdletInvocationException: Should operator 'Be' is not registered
CommandNotFoundException: The 'New-PesterConfiguration' command was found in the module 'Pester', but the module could not be loaded due to the following error: [Should operator 'Be' is not registered]
For more information, run 'Import-Module Pester'.</message>
                      <stack-trace>at Invoke-PesterTests, $env:PROJECT_ROOT\core-runner\modules\TestingFramework\TestingFramework.psm1:81
at &lt;ScriptBlock&gt;, $env:PROJECT_ROOT\tests\unit\modules\TestingFramework\TestingFramework-Core.Tests.ps1:86
at &lt;ScriptBlock&gt;, C:\Users\alexa\OneDrive\Documents\PowerShell\Modules\Pester\5.7.1\Pester.psm1:2024
at &lt;ScriptBlock&gt;, C:\Users\alexa\OneDrive\Documents\PowerShell\Modules\Pester\5.7.1\Pester.psm1:1985
at Invoke-ScriptBlock, C:\Users\alexa\OneDrive\Documents\PowerShell\Modules\Pester\5.7.1\Pester.psm1:2157
at Invoke-TestItem, C:\Users\alexa\OneDrive\Documents\PowerShell\Modules\Pester\5.7.1\Pester.psm1:1199
at Invoke-Block, C:\Users\alexa\OneDrive\Documents\PowerShell\Modules\Pester\5.7.1\Pester.psm1:835
at &lt;ScriptBlock&gt;, C:\Users\alexa\OneDrive\Documents\PowerShell\Modules\Pester\5.7.1\Pester.psm1:893
at &lt;ScriptBlock&gt;, C:\Users\alexa\OneDrive\Documents\PowerShell\Modules\Pester\5.7.1\Pester.psm1:2024
at &lt;ScriptBlock&gt;, C:\Users\alexa\OneDrive\Documents\PowerShell\Modules\Pester\5.7.1\Pester.psm1:1985
at Invoke-ScriptBlock, C:\Users\alexa\OneDrive\Documents\PowerShell\Modules\Pester\5.7.1\Pester.psm1:2160
at Invoke-Block, C:\Users\alexa\OneDrive\Documents\PowerShell\Modules\Pester\5.7.1\Pester.psm1:940
at &lt;ScriptBlock&gt;, C:\Users\alexa\OneDrive\Documents\PowerShell\Modules\Pester\5.7.1\Pester.psm1:893
at &lt;ScriptBlock&gt;, C:\Users\alexa\OneDrive\Documents\PowerShell\Modules\Pester\5.7.1\Pester.psm1:2024
at &lt;ScriptBlock&gt;, C:\Users\alexa\OneDrive\Documents\PowerShell\Modules\Pester\5.7.1\Pester.psm1:1985
at Invoke-ScriptBlock, C:\Users\alexa\OneDrive\Documents\PowerShell\Modules\Pester\5.7.1\Pester.psm1:2160
at Invoke-Block, C:\Users\alexa\OneDrive\Documents\PowerShell\Modules\Pester\5.7.1\Pester.psm1:940
at &lt;ScriptBlock&gt;, C:\Users\alexa\OneDrive\Documents\PowerShell\Modules\Pester\5.7.1\Pester.psm1:893
at &lt;ScriptBlock&gt;, C:\Users\alexa\OneDrive\Documents\PowerShell\Modules\Pester\5.7.1\Pester.psm1:2024
at &lt;ScriptBlock&gt;, C:\Users\alexa\OneDrive\Documents\PowerShell\Modules\Pester\5.7.1\Pester.psm1:1985
at Invoke-ScriptBlock, C:\Users\alexa\OneDrive\Documents\PowerShell\Modules\Pester\5.7.1\Pester.psm1:2160
at Invoke-Block, C:\Users\alexa\OneDrive\Documents\PowerShell\Modules\Pester\5.7.1\Pester.psm1:940
at &lt;ScriptBlock&gt;, C:\Users\alexa\OneDrive\Documents\PowerShell\Modules\Pester\5.7.1\Pester.psm1:1688
at &lt;ScriptBlock&gt;, C:\Users\alexa\OneDrive\Documents\PowerShell\Modules\Pester\5.7.1\Pester.ps1:3
at &lt;ScriptBlock&gt;, C:\Users\alexa\OneDrive\Documents\PowerShell\Modules\Pester\5.7.1\Pester.psm1:3260
at Invoke-InNewScriptScope, C:\Users\alexa\OneDrive\Documents\PowerShell\Modules\Pester\5.7.1\Pester.psm1:3267
at Run-Test, C:\Users\alexa\OneDrive\Documents\PowerShell\Modules\Pester\5.7.1\Pester.psm1:1691
at Invoke-Test, C:\Users\alexa\OneDrive\Documents\PowerShell\Modules\Pester\5.7.1\Pester.psm1:2512
at Invoke-Pester&lt;End&gt;, C:\Users\alexa\OneDrive\Documents\PowerShell\Modules\Pester\5.7.1\Pester.psm1:4960
at &lt;ScriptBlock&gt;, &lt;No file&gt;:1</stack-trace>
                    </failure>
                  </test-case>
                  <test-case description="Should handle custom Pester configuration" name="TestingFramework Module - Core Functions.Invoke-PesterTests.Should handle custom Pester configuration" time="0.2262" asserts="0" success="False" result="Failure" executed="True">
                    <failure>
                      <message>RuntimeException: Should operator 'Be' is not registered
CmdletInvocationException: Should operator 'Be' is not registered
CommandNotFoundException: The 'New-PesterConfiguration' command was found in the module 'Pester', but the module could not be loaded due to the following error: [Should operator 'Be' is not registered]
For more information, run 'Import-Module Pester'.</message>
                      <stack-trace>at Invoke-PesterTests, $env:PROJECT_ROOT\core-runner\modules\TestingFramework\TestingFramework.psm1:81
at &lt;ScriptBlock&gt;, $env:PROJECT_ROOT\tests\unit\modules\TestingFramework\TestingFramework-Core.Tests.ps1:102
at &lt;ScriptBlock&gt;, C:\Users\alexa\OneDrive\Documents\PowerShell\Modules\Pester\5.7.1\Pester.psm1:2024
at &lt;ScriptBlock&gt;, C:\Users\alexa\OneDrive\Documents\PowerShell\Modules\Pester\5.7.1\Pester.psm1:1985
at Invoke-ScriptBlock, C:\Users\alexa\OneDrive\Documents\PowerShell\Modules\Pester\5.7.1\Pester.psm1:2157
at Invoke-TestItem, C:\Users\alexa\OneDrive\Documents\PowerShell\Modules\Pester\5.7.1\Pester.psm1:1199
at Invoke-Block, C:\Users\alexa\OneDrive\Documents\PowerShell\Modules\Pester\5.7.1\Pester.psm1:835
at &lt;ScriptBlock&gt;, C:\Users\alexa\OneDrive\Documents\PowerShell\Modules\Pester\5.7.1\Pester.psm1:893
at &lt;ScriptBlock&gt;, C:\Users\alexa\OneDrive\Documents\PowerShell\Modules\Pester\5.7.1\Pester.psm1:2024
at &lt;ScriptBlock&gt;, C:\Users\alexa\OneDrive\Documents\PowerShell\Modules\Pester\5.7.1\Pester.psm1:1985
at Invoke-ScriptBlock, C:\Users\alexa\OneDrive\Documents\PowerShell\Modules\Pester\5.7.1\Pester.psm1:2160
at Invoke-Block, C:\Users\alexa\OneDrive\Documents\PowerShell\Modules\Pester\5.7.1\Pester.psm1:940
at &lt;ScriptBlock&gt;, C:\Users\alexa\OneDrive\Documents\PowerShell\Modules\Pester\5.7.1\Pester.psm1:893
at &lt;ScriptBlock&gt;, C:\Users\alexa\OneDrive\Documents\PowerShell\Modules\Pester\5.7.1\Pester.psm1:2024
at &lt;ScriptBlock&gt;, C:\Users\alexa\OneDrive\Documents\PowerShell\Modules\Pester\5.7.1\Pester.psm1:1985
at Invoke-ScriptBlock, C:\Users\alexa\OneDrive\Documents\PowerShell\Modules\Pester\5.7.1\Pester.psm1:2160
at Invoke-Block, C:\Users\alexa\OneDrive\Documents\PowerShell\Modules\Pester\5.7.1\Pester.psm1:940
at &lt;ScriptBlock&gt;, C:\Users\alexa\OneDrive\Documents\PowerShell\Modules\Pester\5.7.1\Pester.psm1:893
at &lt;ScriptBlock&gt;, C:\Users\alexa\OneDrive\Documents\PowerShell\Modules\Pester\5.7.1\Pester.psm1:2024
at &lt;ScriptBlock&gt;, C:\Users\alexa\OneDrive\Documents\PowerShell\Modules\Pester\5.7.1\Pester.psm1:1985
at Invoke-ScriptBlock, C:\Users\alexa\OneDrive\Documents\PowerShell\Modules\Pester\5.7.1\Pester.psm1:2160
at Invoke-Block, C:\Users\alexa\OneDrive\Documents\PowerShell\Modules\Pester\5.7.1\Pester.psm1:940
at &lt;ScriptBlock&gt;, C:\Users\alexa\OneDrive\Documents\PowerShell\Modules\Pester\5.7.1\Pester.psm1:1688
at &lt;ScriptBlock&gt;, C:\Users\alexa\OneDrive\Documents\PowerShell\Modules\Pester\5.7.1\Pester.ps1:3
at &lt;ScriptBlock&gt;, C:\Users\alexa\OneDrive\Documents\PowerShell\Modules\Pester\5.7.1\Pester.psm1:3260
at Invoke-InNewScriptScope, C:\Users\alexa\OneDrive\Documents\PowerShell\Modules\Pester\5.7.1\Pester.psm1:3267
at Run-Test, C:\Users\alexa\OneDrive\Documents\PowerShell\Modules\Pester\5.7.1\Pester.psm1:1691
at Invoke-Test, C:\Users\alexa\OneDrive\Documents\PowerShell\Modules\Pester\5.7.1\Pester.psm1:2512
at Invoke-Pester&lt;End&gt;, C:\Users\alexa\OneDrive\Documents\PowerShell\Modules\Pester\5.7.1\Pester.psm1:4960
at &lt;ScriptBlock&gt;, &lt;No file&gt;:1</stack-trace>
                    </failure>
                  </test-case>
                  <test-case description="Should handle non-existent test path" name="TestingFramework Module - Core Functions.Invoke-PesterTests.Should handle non-existent test path" time="0.1333" asserts="0" success="False" result="Failure" executed="True">
                    <failure>
                      <message>RuntimeException: Should operator 'Be' is not registered
CmdletInvocationException: Should operator 'Be' is not registered
CommandNotFoundException: The 'Should' command was found in the module 'Pester', but the module could not be loaded due to the following error: [Should operator 'Be' is not registered]
For more information, run 'Import-Module Pester'.</message>
                      <stack-trace>at &lt;ScriptBlock&gt;, $env:PROJECT_ROOT\tests\unit\modules\TestingFramework\TestingFramework-Core.Tests.ps1:110
at &lt;ScriptBlock&gt;, C:\Users\alexa\OneDrive\Documents\PowerShell\Modules\Pester\5.7.1\Pester.psm1:2024
at &lt;ScriptBlock&gt;, C:\Users\alexa\OneDrive\Documents\PowerShell\Modules\Pester\5.7.1\Pester.psm1:1985
at Invoke-ScriptBlock, C:\Users\alexa\OneDrive\Documents\PowerShell\Modules\Pester\5.7.1\Pester.psm1:2157
at Invoke-TestItem, C:\Users\alexa\OneDrive\Documents\PowerShell\Modules\Pester\5.7.1\Pester.psm1:1199
at Invoke-Block, C:\Users\alexa\OneDrive\Documents\PowerShell\Modules\Pester\5.7.1\Pester.psm1:835
at &lt;ScriptBlock&gt;, C:\Users\alexa\OneDrive\Documents\PowerShell\Modules\Pester\5.7.1\Pester.psm1:893
at &lt;ScriptBlock&gt;, C:\Users\alexa\OneDrive\Documents\PowerShell\Modules\Pester\5.7.1\Pester.psm1:2024
at &lt;ScriptBlock&gt;, C:\Users\alexa\OneDrive\Documents\PowerShell\Modules\Pester\5.7.1\Pester.psm1:1985
at Invoke-ScriptBlock, C:\Users\alexa\OneDrive\Documents\PowerShell\Modules\Pester\5.7.1\Pester.psm1:2160
at Invoke-Block, C:\Users\alexa\OneDrive\Documents\PowerShell\Modules\Pester\5.7.1\Pester.psm1:940
at &lt;ScriptBlock&gt;, C:\Users\alexa\OneDrive\Documents\PowerShell\Modules\Pester\5.7.1\Pester.psm1:893
at &lt;ScriptBlock&gt;, C:\Users\alexa\OneDrive\Documents\PowerShell\Modules\Pester\5.7.1\Pester.psm1:2024
at &lt;ScriptBlock&gt;, C:\Users\alexa\OneDrive\Documents\PowerShell\Modules\Pester\5.7.1\Pester.psm1:1985
at Invoke-ScriptBlock, C:\Users\alexa\OneDrive\Documents\PowerShell\Modules\Pester\5.7.1\Pester.psm1:2160
at Invoke-Block, C:\Users\alexa\OneDrive\Documents\PowerShell\Modules\Pester\5.7.1\Pester.psm1:940
at &lt;ScriptBlock&gt;, C:\Users\alexa\OneDrive\Documents\PowerShell\Modules\Pester\5.7.1\Pester.psm1:893
at &lt;ScriptBlock&gt;, C:\Users\alexa\OneDrive\Documents\PowerShell\Modules\Pester\5.7.1\Pester.psm1:2024
at &lt;ScriptBlock&gt;, C:\Users\alexa\OneDrive\Documents\PowerShell\Modules\Pester\5.7.1\Pester.psm1:1985
at Invoke-ScriptBlock, C:\Users\alexa\OneDrive\Documents\PowerShell\Modules\Pester\5.7.1\Pester.psm1:2160
at Invoke-Block, C:\Users\alexa\OneDrive\Documents\PowerShell\Modules\Pester\5.7.1\Pester.psm1:940
at &lt;ScriptBlock&gt;, C:\Users\alexa\OneDrive\Documents\PowerShell\Modules\Pester\5.7.1\Pester.psm1:1688
at &lt;ScriptBlock&gt;, C:\Users\alexa\OneDrive\Documents\PowerShell\Modules\Pester\5.7.1\Pester.ps1:3
at &lt;ScriptBlock&gt;, C:\Users\alexa\OneDrive\Documents\PowerShell\Modules\Pester\5.7.1\Pester.psm1:3260
at Invoke-InNewScriptScope, C:\Users\alexa\OneDrive\Documents\PowerShell\Modules\Pester\5.7.1\Pester.psm1:3267
at Run-Test, C:\Users\alexa\OneDrive\Documents\PowerShell\Modules\Pester\5.7.1\Pester.psm1:1691
at Invoke-Test, C:\Users\alexa\OneDrive\Documents\PowerShell\Modules\Pester\5.7.1\Pester.psm1:2512
at Invoke-Pester&lt;End&gt;, C:\Users\alexa\OneDrive\Documents\PowerShell\Modules\Pester\5.7.1\Pester.psm1:4960
at &lt;ScriptBlock&gt;, &lt;No file&gt;:1</stack-trace>
                    </failure>
                  </test-case>
                </results>
              </test-suite>
              <test-suite type="TestFixture" name="TestingFramework Module - Core Functions.Invoke-SyntaxValidation" executed="True" result="Failure" success="False" time="2.8428" asserts="0" description="TestingFramework Module - Core Functions.Invoke-SyntaxValidation">
                <results>
                  <test-case description="Should validate syntax of valid PowerShell file" name="TestingFramework Module - Core Functions.Invoke-SyntaxValidation.Should validate syntax of valid PowerShell file" time="0.3082" asserts="0" success="False" result="Failure" executed="True">
                    <failure>
                      <message>RuntimeException: Should operator 'Be' is not registered
CmdletInvocationException: Should operator 'Be' is not registered
CommandNotFoundException: The 'Should' command was found in the module 'Pester', but the module could not be loaded due to the following error: [Should operator 'Be' is not registered]
For more information, run 'Import-Module Pester'.</message>
                      <stack-trace>at &lt;ScriptBlock&gt;, $env:PROJECT_ROOT\tests\unit\modules\TestingFramework\TestingFramework-Core.Tests.ps1:169
at &lt;ScriptBlock&gt;, C:\Users\alexa\OneDrive\Documents\PowerShell\Modules\Pester\5.7.1\Pester.psm1:2024
at &lt;ScriptBlock&gt;, C:\Users\alexa\OneDrive\Documents\PowerShell\Modules\Pester\5.7.1\Pester.psm1:1985
at Invoke-ScriptBlock, C:\Users\alexa\OneDrive\Documents\PowerShell\Modules\Pester\5.7.1\Pester.psm1:2157
at Invoke-TestItem, C:\Users\alexa\OneDrive\Documents\PowerShell\Modules\Pester\5.7.1\Pester.psm1:1199
at Invoke-Block, C:\Users\alexa\OneDrive\Documents\PowerShell\Modules\Pester\5.7.1\Pester.psm1:835
at &lt;ScriptBlock&gt;, C:\Users\alexa\OneDrive\Documents\PowerShell\Modules\Pester\5.7.1\Pester.psm1:893
at &lt;ScriptBlock&gt;, C:\Users\alexa\OneDrive\Documents\PowerShell\Modules\Pester\5.7.1\Pester.psm1:2024
at &lt;ScriptBlock&gt;, C:\Users\alexa\OneDrive\Documents\PowerShell\Modules\Pester\5.7.1\Pester.psm1:1985
at Invoke-ScriptBlock, C:\Users\alexa\OneDrive\Documents\PowerShell\Modules\Pester\5.7.1\Pester.psm1:2160
at Invoke-Block, C:\Users\alexa\OneDrive\Documents\PowerShell\Modules\Pester\5.7.1\Pester.psm1:940
at &lt;ScriptBlock&gt;, C:\Users\alexa\OneDrive\Documents\PowerShell\Modules\Pester\5.7.1\Pester.psm1:893
at &lt;ScriptBlock&gt;, C:\Users\alexa\OneDrive\Documents\PowerShell\Modules\Pester\5.7.1\Pester.psm1:2024
at &lt;ScriptBlock&gt;, C:\Users\alexa\OneDrive\Documents\PowerShell\Modules\Pester\5.7.1\Pester.psm1:1985
at Invoke-ScriptBlock, C:\Users\alexa\OneDrive\Documents\PowerShell\Modules\Pester\5.7.1\Pester.psm1:2160
at Invoke-Block, C:\Users\alexa\OneDrive\Documents\PowerShell\Modules\Pester\5.7.1\Pester.psm1:940
at &lt;ScriptBlock&gt;, C:\Users\alexa\OneDrive\Documents\PowerShell\Modules\Pester\5.7.1\Pester.psm1:893
at &lt;ScriptBlock&gt;, C:\Users\alexa\OneDrive\Documents\PowerShell\Modules\Pester\5.7.1\Pester.psm1:2024
at &lt;ScriptBlock&gt;, C:\Users\alexa\OneDrive\Documents\PowerShell\Modules\Pester\5.7.1\Pester.psm1:1985
at Invoke-ScriptBlock, C:\Users\alexa\OneDrive\Documents\PowerShell\Modules\Pester\5.7.1\Pester.psm1:2160
at Invoke-Block, C:\Users\alexa\OneDrive\Documents\PowerShell\Modules\Pester\5.7.1\Pester.psm1:940
at &lt;ScriptBlock&gt;, C:\Users\alexa\OneDrive\Documents\PowerShell\Modules\Pester\5.7.1\Pester.psm1:1688
at &lt;ScriptBlock&gt;, C:\Users\alexa\OneDrive\Documents\PowerShell\Modules\Pester\5.7.1\Pester.ps1:3
at &lt;ScriptBlock&gt;, C:\Users\alexa\OneDrive\Documents\PowerShell\Modules\Pester\5.7.1\Pester.psm1:3260
at Invoke-InNewScriptScope, C:\Users\alexa\OneDrive\Documents\PowerShell\Modules\Pester\5.7.1\Pester.psm1:3267
at Run-Test, C:\Users\alexa\OneDrive\Documents\PowerShell\Modules\Pester\5.7.1\Pester.psm1:1691
at Invoke-Test, C:\Users\alexa\OneDrive\Documents\PowerShell\Modules\Pester\5.7.1\Pester.psm1:2512
at Invoke-Pester&lt;End&gt;, C:\Users\alexa\OneDrive\Documents\PowerShell\Modules\Pester\5.7.1\Pester.psm1:4960
at &lt;ScriptBlock&gt;, &lt;No file&gt;:1</stack-trace>
                    </failure>
                  </test-case>
                  <test-case description="Should detect syntax errors in invalid PowerShell file" name="TestingFramework Module - Core Functions.Invoke-SyntaxValidation.Should detect syntax errors in invalid PowerShell file" time="0.3048" asserts="0" success="False" result="Failure" executed="True">
                    <failure>
                      <message>RuntimeException: Should operator 'Be' is not registered
CmdletInvocationException: Should operator 'Be' is not registered
CommandNotFoundException: The 'Should' command was found in the module 'Pester', but the module could not be loaded due to the following error: [Should operator 'Be' is not registered]
For more information, run 'Import-Module Pester'.</message>
                      <stack-trace>at &lt;ScriptBlock&gt;, $env:PROJECT_ROOT\tests\unit\modules\TestingFramework\TestingFramework-Core.Tests.ps1:176
at &lt;ScriptBlock&gt;, C:\Users\alexa\OneDrive\Documents\PowerShell\Modules\Pester\5.7.1\Pester.psm1:2024
at &lt;ScriptBlock&gt;, C:\Users\alexa\OneDrive\Documents\PowerShell\Modules\Pester\5.7.1\Pester.psm1:1985
at Invoke-ScriptBlock, C:\Users\alexa\OneDrive\Documents\PowerShell\Modules\Pester\5.7.1\Pester.psm1:2157
at Invoke-TestItem, C:\Users\alexa\OneDrive\Documents\PowerShell\Modules\Pester\5.7.1\Pester.psm1:1199
at Invoke-Block, C:\Users\alexa\OneDrive\Documents\PowerShell\Modules\Pester\5.7.1\Pester.psm1:835
at &lt;ScriptBlock&gt;, C:\Users\alexa\OneDrive\Documents\PowerShell\Modules\Pester\5.7.1\Pester.psm1:893
at &lt;ScriptBlock&gt;, C:\Users\alexa\OneDrive\Documents\PowerShell\Modules\Pester\5.7.1\Pester.psm1:2024
at &lt;ScriptBlock&gt;, C:\Users\alexa\OneDrive\Documents\PowerShell\Modules\Pester\5.7.1\Pester.psm1:1985
at Invoke-ScriptBlock, C:\Users\alexa\OneDrive\Documents\PowerShell\Modules\Pester\5.7.1\Pester.psm1:2160
at Invoke-Block, C:\Users\alexa\OneDrive\Documents\PowerShell\Modules\Pester\5.7.1\Pester.psm1:940
at &lt;ScriptBlock&gt;, C:\Users\alexa\OneDrive\Documents\PowerShell\Modules\Pester\5.7.1\Pester.psm1:893
at &lt;ScriptBlock&gt;, C:\Users\alexa\OneDrive\Documents\PowerShell\Modules\Pester\5.7.1\Pester.psm1:2024
at &lt;ScriptBlock&gt;, C:\Users\alexa\OneDrive\Documents\PowerShell\Modules\Pester\5.7.1\Pester.psm1:1985
at Invoke-ScriptBlock, C:\Users\alexa\OneDrive\Documents\PowerShell\Modules\Pester\5.7.1\Pester.psm1:2160
at Invoke-Block, C:\Users\alexa\OneDrive\Documents\PowerShell\Modules\Pester\5.7.1\Pester.psm1:940
at &lt;ScriptBlock&gt;, C:\Users\alexa\OneDrive\Documents\PowerShell\Modules\Pester\5.7.1\Pester.psm1:893
at &lt;ScriptBlock&gt;, C:\Users\alexa\OneDrive\Documents\PowerShell\Modules\Pester\5.7.1\Pester.psm1:2024
at &lt;ScriptBlock&gt;, C:\Users\alexa\OneDrive\Documents\PowerShell\Modules\Pester\5.7.1\Pester.psm1:1985
at Invoke-ScriptBlock, C:\Users\alexa\OneDrive\Documents\PowerShell\Modules\Pester\5.7.1\Pester.psm1:2160
at Invoke-Block, C:\Users\alexa\OneDrive\Documents\PowerShell\Modules\Pester\5.7.1\Pester.psm1:940
at &lt;ScriptBlock&gt;, C:\Users\alexa\OneDrive\Documents\PowerShell\Modules\Pester\5.7.1\Pester.psm1:1688
at &lt;ScriptBlock&gt;, C:\Users\alexa\OneDrive\Documents\PowerShell\Modules\Pester\5.7.1\Pester.ps1:3
at &lt;ScriptBlock&gt;, C:\Users\alexa\OneDrive\Documents\PowerShell\Modules\Pester\5.7.1\Pester.psm1:3260
at Invoke-InNewScriptScope, C:\Users\alexa\OneDrive\Documents\PowerShell\Modules\Pester\5.7.1\Pester.psm1:3267
at Run-Test, C:\Users\alexa\OneDrive\Documents\PowerShell\Modules\Pester\5.7.1\Pester.psm1:1691
at Invoke-Test, C:\Users\alexa\OneDrive\Documents\PowerShell\Modules\Pester\5.7.1\Pester.psm1:2512
at Invoke-Pester&lt;End&gt;, C:\Users\alexa\OneDrive\Documents\PowerShell\Modules\Pester\5.7.1\Pester.psm1:4960
at &lt;ScriptBlock&gt;, &lt;No file&gt;:1</stack-trace>
                    </failure>
                  </test-case>
                  <test-case description="Should validate syntax of directory containing PowerShell files" name="TestingFramework Module - Core Functions.Invoke-SyntaxValidation.Should validate syntax of directory containing PowerShell files" time="0.2827" asserts="0" success="False" result="Failure" executed="True">
                    <failure>
                      <message>RuntimeException: Should operator 'Be' is not registered
CmdletInvocationException: Should operator 'Be' is not registered
CommandNotFoundException: The 'Should' command was found in the module 'Pester', but the module could not be loaded due to the following error: [Should operator 'Be' is not registered]
For more information, run 'Import-Module Pester'.</message>
                      <stack-trace>at &lt;ScriptBlock&gt;, $env:PROJECT_ROOT\tests\unit\modules\TestingFramework\TestingFramework-Core.Tests.ps1:184
at &lt;ScriptBlock&gt;, C:\Users\alexa\OneDrive\Documents\PowerShell\Modules\Pester\5.7.1\Pester.psm1:2024
at &lt;ScriptBlock&gt;, C:\Users\alexa\OneDrive\Documents\PowerShell\Modules\Pester\5.7.1\Pester.psm1:1985
at Invoke-ScriptBlock, C:\Users\alexa\OneDrive\Documents\PowerShell\Modules\Pester\5.7.1\Pester.psm1:2157
at Invoke-TestItem, C:\Users\alexa\OneDrive\Documents\PowerShell\Modules\Pester\5.7.1\Pester.psm1:1199
at Invoke-Block, C:\Users\alexa\OneDrive\Documents\PowerShell\Modules\Pester\5.7.1\Pester.psm1:835
at &lt;ScriptBlock&gt;, C:\Users\alexa\OneDrive\Documents\PowerShell\Modules\Pester\5.7.1\Pester.psm1:893
at &lt;ScriptBlock&gt;, C:\Users\alexa\OneDrive\Documents\PowerShell\Modules\Pester\5.7.1\Pester.psm1:2024
at &lt;ScriptBlock&gt;, C:\Users\alexa\OneDrive\Documents\PowerShell\Modules\Pester\5.7.1\Pester.psm1:1985
at Invoke-ScriptBlock, C:\Users\alexa\OneDrive\Documents\PowerShell\Modules\Pester\5.7.1\Pester.psm1:2160
at Invoke-Block, C:\Users\alexa\OneDrive\Documents\PowerShell\Modules\Pester\5.7.1\Pester.psm1:940
at &lt;ScriptBlock&gt;, C:\Users\alexa\OneDrive\Documents\PowerShell\Modules\Pester\5.7.1\Pester.psm1:893
at &lt;ScriptBlock&gt;, C:\Users\alexa\OneDrive\Documents\PowerShell\Modules\Pester\5.7.1\Pester.psm1:2024
at &lt;ScriptBlock&gt;, C:\Users\alexa\OneDrive\Documents\PowerShell\Modules\Pester\5.7.1\Pester.psm1:1985
at Invoke-ScriptBlock, C:\Users\alexa\OneDrive\Documents\PowerShell\Modules\Pester\5.7.1\Pester.psm1:2160
at Invoke-Block, C:\Users\alexa\OneDrive\Documents\PowerShell\Modules\Pester\5.7.1\Pester.psm1:940
at &lt;ScriptBlock&gt;, C:\Users\alexa\OneDrive\Documents\PowerShell\Modules\Pester\5.7.1\Pester.psm1:893
at &lt;ScriptBlock&gt;, C:\Users\alexa\OneDrive\Documents\PowerShell\Modules\Pester\5.7.1\Pester.psm1:2024
at &lt;ScriptBlock&gt;, C:\Users\alexa\OneDrive\Documents\PowerShell\Modules\Pester\5.7.1\Pester.psm1:1985
at Invoke-ScriptBlock, C:\Users\alexa\OneDrive\Documents\PowerShell\Modules\Pester\5.7.1\Pester.psm1:2160
at Invoke-Block, C:\Users\alexa\OneDrive\Documents\PowerShell\Modules\Pester\5.7.1\Pester.psm1:940
at &lt;ScriptBlock&gt;, C:\Users\alexa\OneDrive\Documents\PowerShell\Modules\Pester\5.7.1\Pester.psm1:1688
at &lt;ScriptBlock&gt;, C:\Users\alexa\OneDrive\Documents\PowerShell\Modules\Pester\5.7.1\Pester.ps1:3
at &lt;ScriptBlock&gt;, C:\Users\alexa\OneDrive\Documents\PowerShell\Modules\Pester\5.7.1\Pester.psm1:3260
at Invoke-InNewScriptScope, C:\Users\alexa\OneDrive\Documents\PowerShell\Modules\Pester\5.7.1\Pester.psm1:3267
at Run-Test, C:\Users\alexa\OneDrive\Documents\PowerShell\Modules\Pester\5.7.1\Pester.psm1:1691
at Invoke-Test, C:\Users\alexa\OneDrive\Documents\PowerShell\Modules\Pester\5.7.1\Pester.psm1:2512
at Invoke-Pester&lt;End&gt;, C:\Users\alexa\OneDrive\Documents\PowerShell\Modules\Pester\5.7.1\Pester.psm1:4960
at &lt;ScriptBlock&gt;, &lt;No file&gt;:1</stack-trace>
                    </failure>
                  </test-case>
                  <test-case description="Should include PSScriptAnalyzer warnings when enabled" name="TestingFramework Module - Core Functions.Invoke-SyntaxValidation.Should include PSScriptAnalyzer warnings when enabled" time="0.2884" asserts="0" success="False" result="Failure" executed="True">
                    <failure>
                      <message>RuntimeException: Should operator 'Be' is not registered
CmdletInvocationException: Should operator 'Be' is not registered
CommandNotFoundException: The 'Should' command was found in the module 'Pester', but the module could not be loaded due to the following error: [Should operator 'Be' is not registered]
For more information, run 'Import-Module Pester'.</message>
                      <stack-trace>at &lt;ScriptBlock&gt;, $env:PROJECT_ROOT\tests\unit\modules\TestingFramework\TestingFramework-Core.Tests.ps1:191
at &lt;ScriptBlock&gt;, C:\Users\alexa\OneDrive\Documents\PowerShell\Modules\Pester\5.7.1\Pester.psm1:2024
at &lt;ScriptBlock&gt;, C:\Users\alexa\OneDrive\Documents\PowerShell\Modules\Pester\5.7.1\Pester.psm1:1985
at Invoke-ScriptBlock, C:\Users\alexa\OneDrive\Documents\PowerShell\Modules\Pester\5.7.1\Pester.psm1:2157
at Invoke-TestItem, C:\Users\alexa\OneDrive\Documents\PowerShell\Modules\Pester\5.7.1\Pester.psm1:1199
at Invoke-Block, C:\Users\alexa\OneDrive\Documents\PowerShell\Modules\Pester\5.7.1\Pester.psm1:835
at &lt;ScriptBlock&gt;, C:\Users\alexa\OneDrive\Documents\PowerShell\Modules\Pester\5.7.1\Pester.psm1:893
at &lt;ScriptBlock&gt;, C:\Users\alexa\OneDrive\Documents\PowerShell\Modules\Pester\5.7.1\Pester.psm1:2024
at &lt;ScriptBlock&gt;, C:\Users\alexa\OneDrive\Documents\PowerShell\Modules\Pester\5.7.1\Pester.psm1:1985
at Invoke-ScriptBlock, C:\Users\alexa\OneDrive\Documents\PowerShell\Modules\Pester\5.7.1\Pester.psm1:2160
at Invoke-Block, C:\Users\alexa\OneDrive\Documents\PowerShell\Modules\Pester\5.7.1\Pester.psm1:940
at &lt;ScriptBlock&gt;, C:\Users\alexa\OneDrive\Documents\PowerShell\Modules\Pester\5.7.1\Pester.psm1:893
at &lt;ScriptBlock&gt;, C:\Users\alexa\OneDrive\Documents\PowerShell\Modules\Pester\5.7.1\Pester.psm1:2024
at &lt;ScriptBlock&gt;, C:\Users\alexa\OneDrive\Documents\PowerShell\Modules\Pester\5.7.1\Pester.psm1:1985
at Invoke-ScriptBlock, C:\Users\alexa\OneDrive\Documents\PowerShell\Modules\Pester\5.7.1\Pester.psm1:2160
at Invoke-Block, C:\Users\alexa\OneDrive\Documents\PowerShell\Modules\Pester\5.7.1\Pester.psm1:940
at &lt;ScriptBlock&gt;, C:\Users\alexa\OneDrive\Documents\PowerShell\Modules\Pester\5.7.1\Pester.psm1:893
at &lt;ScriptBlock&gt;, C:\Users\alexa\OneDrive\Documents\PowerShell\Modules\Pester\5.7.1\Pester.psm1:2024
at &lt;ScriptBlock&gt;, C:\Users\alexa\OneDrive\Documents\PowerShell\Modules\Pester\5.7.1\Pester.psm1:1985
at Invoke-ScriptBlock, C:\Users\alexa\OneDrive\Documents\PowerShell\Modules\Pester\5.7.1\Pester.psm1:2160
at Invoke-Block, C:\Users\alexa\OneDrive\Documents\PowerShell\Modules\Pester\5.7.1\Pester.psm1:940
at &lt;ScriptBlock&gt;, C:\Users\alexa\OneDrive\Documents\PowerShell\Modules\Pester\5.7.1\Pester.psm1:1688
at &lt;ScriptBlock&gt;, C:\Users\alexa\OneDrive\Documents\PowerShell\Modules\Pester\5.7.1\Pester.ps1:3
at &lt;ScriptBlock&gt;, C:\Users\alexa\OneDrive\Documents\PowerShell\Modules\Pester\5.7.1\Pester.psm1:3260
at Invoke-InNewScriptScope, C:\Users\alexa\OneDrive\Documents\PowerShell\Modules\Pester\5.7.1\Pester.psm1:3267
at Run-Test, C:\Users\alexa\OneDrive\Documents\PowerShell\Modules\Pester\5.7.1\Pester.psm1:1691
at Invoke-Test, C:\Users\alexa\OneDrive\Documents\PowerShell\Modules\Pester\5.7.1\Pester.psm1:2512
at Invoke-Pester&lt;End&gt;, C:\Users\alexa\OneDrive\Documents\PowerShell\Modules\Pester\5.7.1\Pester.psm1:4960
at &lt;ScriptBlock&gt;, &lt;No file&gt;:1</stack-trace>
                    </failure>
                  </test-case>
                  <test-case description="Should handle non-PowerShell files gracefully" name="TestingFramework Module - Core Functions.Invoke-SyntaxValidation.Should handle non-PowerShell files gracefully" time="0.2815" asserts="0" success="False" result="Failure" executed="True">
                    <failure>
                      <message>RuntimeException: Should operator 'Be' is not registered
CmdletInvocationException: Should operator 'Be' is not registered
CommandNotFoundException: The 'Should' command was found in the module 'Pester', but the module could not be loaded due to the following error: [Should operator 'Be' is not registered]
For more information, run 'Import-Module Pester'.</message>
                      <stack-trace>at &lt;ScriptBlock&gt;, $env:PROJECT_ROOT\tests\unit\modules\TestingFramework\TestingFramework-Core.Tests.ps1:202
at &lt;ScriptBlock&gt;, C:\Users\alexa\OneDrive\Documents\PowerShell\Modules\Pester\5.7.1\Pester.psm1:2024
at &lt;ScriptBlock&gt;, C:\Users\alexa\OneDrive\Documents\PowerShell\Modules\Pester\5.7.1\Pester.psm1:1985
at Invoke-ScriptBlock, C:\Users\alexa\OneDrive\Documents\PowerShell\Modules\Pester\5.7.1\Pester.psm1:2157
at Invoke-TestItem, C:\Users\alexa\OneDrive\Documents\PowerShell\Modules\Pester\5.7.1\Pester.psm1:1199
at Invoke-Block, C:\Users\alexa\OneDrive\Documents\PowerShell\Modules\Pester\5.7.1\Pester.psm1:835
at &lt;ScriptBlock&gt;, C:\Users\alexa\OneDrive\Documents\PowerShell\Modules\Pester\5.7.1\Pester.psm1:893
at &lt;ScriptBlock&gt;, C:\Users\alexa\OneDrive\Documents\PowerShell\Modules\Pester\5.7.1\Pester.psm1:2024
at &lt;ScriptBlock&gt;, C:\Users\alexa\OneDrive\Documents\PowerShell\Modules\Pester\5.7.1\Pester.psm1:1985
at Invoke-ScriptBlock, C:\Users\alexa\OneDrive\Documents\PowerShell\Modules\Pester\5.7.1\Pester.psm1:2160
at Invoke-Block, C:\Users\alexa\OneDrive\Documents\PowerShell\Modules\Pester\5.7.1\Pester.psm1:940
at &lt;ScriptBlock&gt;, C:\Users\alexa\OneDrive\Documents\PowerShell\Modules\Pester\5.7.1\Pester.psm1:893
at &lt;ScriptBlock&gt;, C:\Users\alexa\OneDrive\Documents\PowerShell\Modules\Pester\5.7.1\Pester.psm1:2024
at &lt;ScriptBlock&gt;, C:\Users\alexa\OneDrive\Documents\PowerShell\Modules\Pester\5.7.1\Pester.psm1:1985
at Invoke-ScriptBlock, C:\Users\alexa\OneDrive\Documents\PowerShell\Modules\Pester\5.7.1\Pester.psm1:2160
at Invoke-Block, C:\Users\alexa\OneDrive\Documents\PowerShell\Modules\Pester\5.7.1\Pester.psm1:940
at &lt;ScriptBlock&gt;, C:\Users\alexa\OneDrive\Documents\PowerShell\Modules\Pester\5.7.1\Pester.psm1:893
at &lt;ScriptBlock&gt;, C:\Users\alexa\OneDrive\Documents\PowerShell\Modules\Pester\5.7.1\Pester.psm1:2024
at &lt;ScriptBlock&gt;, C:\Users\alexa\OneDrive\Documents\PowerShell\Modules\Pester\5.7.1\Pester.psm1:1985
at Invoke-ScriptBlock, C:\Users\alexa\OneDrive\Documents\PowerShell\Modules\Pester\5.7.1\Pester.psm1:2160
at Invoke-Block, C:\Users\alexa\OneDrive\Documents\PowerShell\Modules\Pester\5.7.1\Pester.psm1:940
at &lt;ScriptBlock&gt;, C:\Users\alexa\OneDrive\Documents\PowerShell\Modules\Pester\5.7.1\Pester.psm1:1688
at &lt;ScriptBlock&gt;, C:\Users\alexa\OneDrive\Documents\PowerShell\Modules\Pester\5.7.1\Pester.ps1:3
at &lt;ScriptBlock&gt;, C:\Users\alexa\OneDrive\Documents\PowerShell\Modules\Pester\5.7.1\Pester.psm1:3260
at Invoke-InNewScriptScope, C:\Users\alexa\OneDrive\Documents\PowerShell\Modules\Pester\5.7.1\Pester.psm1:3267
at Run-Test, C:\Users\alexa\OneDrive\Documents\PowerShell\Modules\Pester\5.7.1\Pester.psm1:1691
at Invoke-Test, C:\Users\alexa\OneDrive\Documents\PowerShell\Modules\Pester\5.7.1\Pester.psm1:2512
at Invoke-Pester&lt;End&gt;, C:\Users\alexa\OneDrive\Documents\PowerShell\Modules\Pester\5.7.1\Pester.psm1:4960
at &lt;ScriptBlock&gt;, &lt;No file&gt;:1</stack-trace>
                    </failure>
                  </test-case>
                  <test-case description="Should handle non-existent path" name="TestingFramework Module - Core Functions.Invoke-SyntaxValidation.Should handle non-existent path" time="0.1242" asserts="0" success="False" result="Failure" executed="True">
                    <failure>
                      <message>RuntimeException: Should operator 'Be' is not registered
CmdletInvocationException: Should operator 'Be' is not registered
CommandNotFoundException: The 'Should' command was found in the module 'Pester', but the module could not be loaded due to the following error: [Should operator 'Be' is not registered]
For more information, run 'Import-Module Pester'.</message>
                      <stack-trace>at &lt;ScriptBlock&gt;, $env:PROJECT_ROOT\tests\unit\modules\TestingFramework\TestingFramework-Core.Tests.ps1:208
at &lt;ScriptBlock&gt;, C:\Users\alexa\OneDrive\Documents\PowerShell\Modules\Pester\5.7.1\Pester.psm1:2024
at &lt;ScriptBlock&gt;, C:\Users\alexa\OneDrive\Documents\PowerShell\Modules\Pester\5.7.1\Pester.psm1:1985
at Invoke-ScriptBlock, C:\Users\alexa\OneDrive\Documents\PowerShell\Modules\Pester\5.7.1\Pester.psm1:2157
at Invoke-TestItem, C:\Users\alexa\OneDrive\Documents\PowerShell\Modules\Pester\5.7.1\Pester.psm1:1199
at Invoke-Block, C:\Users\alexa\OneDrive\Documents\PowerShell\Modules\Pester\5.7.1\Pester.psm1:835
at &lt;ScriptBlock&gt;, C:\Users\alexa\OneDrive\Documents\PowerShell\Modules\Pester\5.7.1\Pester.psm1:893
at &lt;ScriptBlock&gt;, C:\Users\alexa\OneDrive\Documents\PowerShell\Modules\Pester\5.7.1\Pester.psm1:2024
at &lt;ScriptBlock&gt;, C:\Users\alexa\OneDrive\Documents\PowerShell\Modules\Pester\5.7.1\Pester.psm1:1985
at Invoke-ScriptBlock, C:\Users\alexa\OneDrive\Documents\PowerShell\Modules\Pester\5.7.1\Pester.psm1:2160
at Invoke-Block, C:\Users\alexa\OneDrive\Documents\PowerShell\Modules\Pester\5.7.1\Pester.psm1:940
at &lt;ScriptBlock&gt;, C:\Users\alexa\OneDrive\Documents\PowerShell\Modules\Pester\5.7.1\Pester.psm1:893
at &lt;ScriptBlock&gt;, C:\Users\alexa\OneDrive\Documents\PowerShell\Modules\Pester\5.7.1\Pester.psm1:2024
at &lt;ScriptBlock&gt;, C:\Users\alexa\OneDrive\Documents\PowerShell\Modules\Pester\5.7.1\Pester.psm1:1985
at Invoke-ScriptBlock, C:\Users\alexa\OneDrive\Documents\PowerShell\Modules\Pester\5.7.1\Pester.psm1:2160
at Invoke-Block, C:\Users\alexa\OneDrive\Documents\PowerShell\Modules\Pester\5.7.1\Pester.psm1:940
at &lt;ScriptBlock&gt;, C:\Users\alexa\OneDrive\Documents\PowerShell\Modules\Pester\5.7.1\Pester.psm1:893
at &lt;ScriptBlock&gt;, C:\Users\alexa\OneDrive\Documents\PowerShell\Modules\Pester\5.7.1\Pester.psm1:2024
at &lt;ScriptBlock&gt;, C:\Users\alexa\OneDrive\Documents\PowerShell\Modules\Pester\5.7.1\Pester.psm1:1985
at Invoke-ScriptBlock, C:\Users\alexa\OneDrive\Documents\PowerShell\Modules\Pester\5.7.1\Pester.psm1:2160
at Invoke-Block, C:\Users\alexa\OneDrive\Documents\PowerShell\Modules\Pester\5.7.1\Pester.psm1:940
at &lt;ScriptBlock&gt;, C:\Users\alexa\OneDrive\Documents\PowerShell\Modules\Pester\5.7.1\Pester.psm1:1688
at &lt;ScriptBlock&gt;, C:\Users\alexa\OneDrive\Documents\PowerShell\Modules\Pester\5.7.1\Pester.ps1:3
at &lt;ScriptBlock&gt;, C:\Users\alexa\OneDrive\Documents\PowerShell\Modules\Pester\5.7.1\Pester.psm1:3260
at Invoke-InNewScriptScope, C:\Users\alexa\OneDrive\Documents\PowerShell\Modules\Pester\5.7.1\Pester.psm1:3267
at Run-Test, C:\Users\alexa\OneDrive\Documents\PowerShell\Modules\Pester\5.7.1\Pester.psm1:1691
at Invoke-Test, C:\Users\alexa\OneDrive\Documents\PowerShell\Modules\Pester\5.7.1\Pester.psm1:2512
at Invoke-Pester&lt;End&gt;, C:\Users\alexa\OneDrive\Documents\PowerShell\Modules\Pester\5.7.1\Pester.psm1:4960
at &lt;ScriptBlock&gt;, &lt;No file&gt;:1</stack-trace>
                    </failure>
                  </test-case>
                </results>
              </test-suite>
              <test-suite type="TestFixture" name="TestingFramework Module - Core Functions.Invoke-UnifiedTestExecution" executed="True" result="Failure" success="False" time="2.9429" asserts="0" description="TestingFramework Module - Core Functions.Invoke-UnifiedTestExecution">
                <results>
                  <test-case description="Should execute unified test suite" name="TestingFramework Module - Core Functions.Invoke-UnifiedTestExecution.Should execute unified test suite" time="0.0239" asserts="0" success="False" result="Failure" executed="True">
                    <failure>
                      <message>ParameterBindingException: A parameter cannot be found that matches parameter name 'TestPath'.</message>
                      <stack-trace>at &lt;ScriptBlock&gt;, $env:PROJECT_ROOT\tests\unit\modules\TestingFramework\TestingFramework-Core.Tests.ps1:243
at &lt;ScriptBlock&gt;, C:\Users\alexa\OneDrive\Documents\PowerShell\Modules\Pester\5.7.1\Pester.psm1:2024
at &lt;ScriptBlock&gt;, C:\Users\alexa\OneDrive\Documents\PowerShell\Modules\Pester\5.7.1\Pester.psm1:1985
at Invoke-ScriptBlock, C:\Users\alexa\OneDrive\Documents\PowerShell\Modules\Pester\5.7.1\Pester.psm1:2157
at Invoke-TestItem, C:\Users\alexa\OneDrive\Documents\PowerShell\Modules\Pester\5.7.1\Pester.psm1:1199
at Invoke-Block, C:\Users\alexa\OneDrive\Documents\PowerShell\Modules\Pester\5.7.1\Pester.psm1:835
at &lt;ScriptBlock&gt;, C:\Users\alexa\OneDrive\Documents\PowerShell\Modules\Pester\5.7.1\Pester.psm1:893
at &lt;ScriptBlock&gt;, C:\Users\alexa\OneDrive\Documents\PowerShell\Modules\Pester\5.7.1\Pester.psm1:2024
at &lt;ScriptBlock&gt;, C:\Users\alexa\OneDrive\Documents\PowerShell\Modules\Pester\5.7.1\Pester.psm1:1985
at Invoke-ScriptBlock, C:\Users\alexa\OneDrive\Documents\PowerShell\Modules\Pester\5.7.1\Pester.psm1:2160
at Invoke-Block, C:\Users\alexa\OneDrive\Documents\PowerShell\Modules\Pester\5.7.1\Pester.psm1:940
at &lt;ScriptBlock&gt;, C:\Users\alexa\OneDrive\Documents\PowerShell\Modules\Pester\5.7.1\Pester.psm1:893
at &lt;ScriptBlock&gt;, C:\Users\alexa\OneDrive\Documents\PowerShell\Modules\Pester\5.7.1\Pester.psm1:2024
at &lt;ScriptBlock&gt;, C:\Users\alexa\OneDrive\Documents\PowerShell\Modules\Pester\5.7.1\Pester.psm1:1985
at Invoke-ScriptBlock, C:\Users\alexa\OneDrive\Documents\PowerShell\Modules\Pester\5.7.1\Pester.psm1:2160
at Invoke-Block, C:\Users\alexa\OneDrive\Documents\PowerShell\Modules\Pester\5.7.1\Pester.psm1:940
at &lt;ScriptBlock&gt;, C:\Users\alexa\OneDrive\Documents\PowerShell\Modules\Pester\5.7.1\Pester.psm1:893
at &lt;ScriptBlock&gt;, C:\Users\alexa\OneDrive\Documents\PowerShell\Modules\Pester\5.7.1\Pester.psm1:2024
at &lt;ScriptBlock&gt;, C:\Users\alexa\OneDrive\Documents\PowerShell\Modules\Pester\5.7.1\Pester.psm1:1985
at Invoke-ScriptBlock, C:\Users\alexa\OneDrive\Documents\PowerShell\Modules\Pester\5.7.1\Pester.psm1:2160
at Invoke-Block, C:\Users\alexa\OneDrive\Documents\PowerShell\Modules\Pester\5.7.1\Pester.psm1:940
at &lt;ScriptBlock&gt;, C:\Users\alexa\OneDrive\Documents\PowerShell\Modules\Pester\5.7.1\Pester.psm1:1688
at &lt;ScriptBlock&gt;, C:\Users\alexa\OneDrive\Documents\PowerShell\Modules\Pester\5.7.1\Pester.ps1:3
at &lt;ScriptBlock&gt;, C:\Users\alexa\OneDrive\Documents\PowerShell\Modules\Pester\5.7.1\Pester.psm1:3260
at Invoke-InNewScriptScope, C:\Users\alexa\OneDrive\Documents\PowerShell\Modules\Pester\5.7.1\Pester.psm1:3267
at Run-Test, C:\Users\alexa\OneDrive\Documents\PowerShell\Modules\Pester\5.7.1\Pester.psm1:1691
at Invoke-Test, C:\Users\alexa\OneDrive\Documents\PowerShell\Modules\Pester\5.7.1\Pester.psm1:2512
at Invoke-Pester&lt;End&gt;, C:\Users\alexa\OneDrive\Documents\PowerShell\Modules\Pester\5.7.1\Pester.psm1:4960
at &lt;ScriptBlock&gt;, &lt;No file&gt;:1</stack-trace>
                    </failure>
                  </test-case>
                  <test-case description="Should include syntax validation in unified execution" name="TestingFramework Module - Core Functions.Invoke-UnifiedTestExecution.Should include syntax validation in unified execution" time="0.0148" asserts="0" success="False" result="Failure" executed="True">
                    <failure>
                      <message>ParameterBindingException: A parameter cannot be found that matches parameter name 'TestPath'.</message>
                      <stack-trace>at &lt;ScriptBlock&gt;, $env:PROJECT_ROOT\tests\unit\modules\TestingFramework\TestingFramework-Core.Tests.ps1:254
at &lt;ScriptBlock&gt;, C:\Users\alexa\OneDrive\Documents\PowerShell\Modules\Pester\5.7.1\Pester.psm1:2024
at &lt;ScriptBlock&gt;, C:\Users\alexa\OneDrive\Documents\PowerShell\Modules\Pester\5.7.1\Pester.psm1:1985
at Invoke-ScriptBlock, C:\Users\alexa\OneDrive\Documents\PowerShell\Modules\Pester\5.7.1\Pester.psm1:2157
at Invoke-TestItem, C:\Users\alexa\OneDrive\Documents\PowerShell\Modules\Pester\5.7.1\Pester.psm1:1199
at Invoke-Block, C:\Users\alexa\OneDrive\Documents\PowerShell\Modules\Pester\5.7.1\Pester.psm1:835
at &lt;ScriptBlock&gt;, C:\Users\alexa\OneDrive\Documents\PowerShell\Modules\Pester\5.7.1\Pester.psm1:893
at &lt;ScriptBlock&gt;, C:\Users\alexa\OneDrive\Documents\PowerShell\Modules\Pester\5.7.1\Pester.psm1:2024
at &lt;ScriptBlock&gt;, C:\Users\alexa\OneDrive\Documents\PowerShell\Modules\Pester\5.7.1\Pester.psm1:1985
at Invoke-ScriptBlock, C:\Users\alexa\OneDrive\Documents\PowerShell\Modules\Pester\5.7.1\Pester.psm1:2160
at Invoke-Block, C:\Users\alexa\OneDrive\Documents\PowerShell\Modules\Pester\5.7.1\Pester.psm1:940
at &lt;ScriptBlock&gt;, C:\Users\alexa\OneDrive\Documents\PowerShell\Modules\Pester\5.7.1\Pester.psm1:893
at &lt;ScriptBlock&gt;, C:\Users\alexa\OneDrive\Documents\PowerShell\Modules\Pester\5.7.1\Pester.psm1:2024
at &lt;ScriptBlock&gt;, C:\Users\alexa\OneDrive\Documents\PowerShell\Modules\Pester\5.7.1\Pester.psm1:1985
at Invoke-ScriptBlock, C:\Users\alexa\OneDrive\Documents\PowerShell\Modules\Pester\5.7.1\Pester.psm1:2160
at Invoke-Block, C:\Users\alexa\OneDrive\Documents\PowerShell\Modules\Pester\5.7.1\Pester.psm1:940
at &lt;ScriptBlock&gt;, C:\Users\alexa\OneDrive\Documents\PowerShell\Modules\Pester\5.7.1\Pester.psm1:893
at &lt;ScriptBlock&gt;, C:\Users\alexa\OneDrive\Documents\PowerShell\Modules\Pester\5.7.1\Pester.psm1:2024
at &lt;ScriptBlock&gt;, C:\Users\alexa\OneDrive\Documents\PowerShell\Modules\Pester\5.7.1\Pester.psm1:1985
at Invoke-ScriptBlock, C:\Users\alexa\OneDrive\Documents\PowerShell\Modules\Pester\5.7.1\Pester.psm1:2160
at Invoke-Block, C:\Users\alexa\OneDrive\Documents\PowerShell\Modules\Pester\5.7.1\Pester.psm1:940
at &lt;ScriptBlock&gt;, C:\Users\alexa\OneDrive\Documents\PowerShell\Modules\Pester\5.7.1\Pester.psm1:1688
at &lt;ScriptBlock&gt;, C:\Users\alexa\OneDrive\Documents\PowerShell\Modules\Pester\5.7.1\Pester.ps1:3
at &lt;ScriptBlock&gt;, C:\Users\alexa\OneDrive\Documents\PowerShell\Modules\Pester\5.7.1\Pester.psm1:3260
at Invoke-InNewScriptScope, C:\Users\alexa\OneDrive\Documents\PowerShell\Modules\Pester\5.7.1\Pester.psm1:3267
at Run-Test, C:\Users\alexa\OneDrive\Documents\PowerShell\Modules\Pester\5.7.1\Pester.psm1:1691
at Invoke-Test, C:\Users\alexa\OneDrive\Documents\PowerShell\Modules\Pester\5.7.1\Pester.psm1:2512
at Invoke-Pester&lt;End&gt;, C:\Users\alexa\OneDrive\Documents\PowerShell\Modules\Pester\5.7.1\Pester.psm1:4960
at &lt;ScriptBlock&gt;, &lt;No file&gt;:1</stack-trace>
                    </failure>
                  </test-case>
                  <test-case description="Should generate comprehensive report" name="TestingFramework Module - Core Functions.Invoke-UnifiedTestExecution.Should generate comprehensive report" time="0.0141" asserts="0" success="False" result="Failure" executed="True">
                    <failure>
                      <message>ParameterBindingException: A parameter cannot be found that matches parameter name 'TestPath'.</message>
                      <stack-trace>at &lt;ScriptBlock&gt;, $env:PROJECT_ROOT\tests\unit\modules\TestingFramework\TestingFramework-Core.Tests.ps1:262
at &lt;ScriptBlock&gt;, C:\Users\alexa\OneDrive\Documents\PowerShell\Modules\Pester\5.7.1\Pester.psm1:2024
at &lt;ScriptBlock&gt;, C:\Users\alexa\OneDrive\Documents\PowerShell\Modules\Pester\5.7.1\Pester.psm1:1985
at Invoke-ScriptBlock, C:\Users\alexa\OneDrive\Documents\PowerShell\Modules\Pester\5.7.1\Pester.psm1:2157
at Invoke-TestItem, C:\Users\alexa\OneDrive\Documents\PowerShell\Modules\Pester\5.7.1\Pester.psm1:1199
at Invoke-Block, C:\Users\alexa\OneDrive\Documents\PowerShell\Modules\Pester\5.7.1\Pester.psm1:835
at &lt;ScriptBlock&gt;, C:\Users\alexa\OneDrive\Documents\PowerShell\Modules\Pester\5.7.1\Pester.psm1:893
at &lt;ScriptBlock&gt;, C:\Users\alexa\OneDrive\Documents\PowerShell\Modules\Pester\5.7.1\Pester.psm1:2024
at &lt;ScriptBlock&gt;, C:\Users\alexa\OneDrive\Documents\PowerShell\Modules\Pester\5.7.1\Pester.psm1:1985
at Invoke-ScriptBlock, C:\Users\alexa\OneDrive\Documents\PowerShell\Modules\Pester\5.7.1\Pester.psm1:2160
at Invoke-Block, C:\Users\alexa\OneDrive\Documents\PowerShell\Modules\Pester\5.7.1\Pester.psm1:940
at &lt;ScriptBlock&gt;, C:\Users\alexa\OneDrive\Documents\PowerShell\Modules\Pester\5.7.1\Pester.psm1:893
at &lt;ScriptBlock&gt;, C:\Users\alexa\OneDrive\Documents\PowerShell\Modules\Pester\5.7.1\Pester.psm1:2024
at &lt;ScriptBlock&gt;, C:\Users\alexa\OneDrive\Documents\PowerShell\Modules\Pester\5.7.1\Pester.psm1:1985
at Invoke-ScriptBlock, C:\Users\alexa\OneDrive\Documents\PowerShell\Modules\Pester\5.7.1\Pester.psm1:2160
at Invoke-Block, C:\Users\alexa\OneDrive\Documents\PowerShell\Modules\Pester\5.7.1\Pester.psm1:940
at &lt;ScriptBlock&gt;, C:\Users\alexa\OneDrive\Documents\PowerShell\Modules\Pester\5.7.1\Pester.psm1:893
at &lt;ScriptBlock&gt;, C:\Users\alexa\OneDrive\Documents\PowerShell\Modules\Pester\5.7.1\Pester.psm1:2024
at &lt;ScriptBlock&gt;, C:\Users\alexa\OneDrive\Documents\PowerShell\Modules\Pester\5.7.1\Pester.psm1:1985
at Invoke-ScriptBlock, C:\Users\alexa\OneDrive\Documents\PowerShell\Modules\Pester\5.7.1\Pester.psm1:2160
at Invoke-Block, C:\Users\alexa\OneDrive\Documents\PowerShell\Modules\Pester\5.7.1\Pester.psm1:940
at &lt;ScriptBlock&gt;, C:\Users\alexa\OneDrive\Documents\PowerShell\Modules\Pester\5.7.1\Pester.psm1:1688
at &lt;ScriptBlock&gt;, C:\Users\alexa\OneDrive\Documents\PowerShell\Modules\Pester\5.7.1\Pester.ps1:3
at &lt;ScriptBlock&gt;, C:\Users\alexa\OneDrive\Documents\PowerShell\Modules\Pester\5.7.1\Pester.psm1:3260
at Invoke-InNewScriptScope, C:\Users\alexa\OneDrive\Documents\PowerShell\Modules\Pester\5.7.1\Pester.psm1:3267
at Run-Test, C:\Users\alexa\OneDrive\Documents\PowerShell\Modules\Pester\5.7.1\Pester.psm1:1691
at Invoke-Test, C:\Users\alexa\OneDrive\Documents\PowerShell\Modules\Pester\5.7.1\Pester.psm1:2512
at Invoke-Pester&lt;End&gt;, C:\Users\alexa\OneDrive\Documents\PowerShell\Modules\Pester\5.7.1\Pester.psm1:4960
at &lt;ScriptBlock&gt;, &lt;No file&gt;:1</stack-trace>
                    </failure>
                  </test-case>
                  <test-case description="Should handle empty test directory" name="TestingFramework Module - Core Functions.Invoke-UnifiedTestExecution.Should handle empty test directory" time="0.017" asserts="0" success="False" result="Failure" executed="True">
                    <failure>
                      <message>ParameterBindingException: A parameter cannot be found that matches parameter name 'TestPath'.</message>
                      <stack-trace>at &lt;ScriptBlock&gt;, $env:PROJECT_ROOT\tests\unit\modules\TestingFramework\TestingFramework-Core.Tests.ps1:272
at &lt;ScriptBlock&gt;, C:\Users\alexa\OneDrive\Documents\PowerShell\Modules\Pester\5.7.1\Pester.psm1:2024
at &lt;ScriptBlock&gt;, C:\Users\alexa\OneDrive\Documents\PowerShell\Modules\Pester\5.7.1\Pester.psm1:1985
at Invoke-ScriptBlock, C:\Users\alexa\OneDrive\Documents\PowerShell\Modules\Pester\5.7.1\Pester.psm1:2157
at Invoke-TestItem, C:\Users\alexa\OneDrive\Documents\PowerShell\Modules\Pester\5.7.1\Pester.psm1:1199
at Invoke-Block, C:\Users\alexa\OneDrive\Documents\PowerShell\Modules\Pester\5.7.1\Pester.psm1:835
at &lt;ScriptBlock&gt;, C:\Users\alexa\OneDrive\Documents\PowerShell\Modules\Pester\5.7.1\Pester.psm1:893
at &lt;ScriptBlock&gt;, C:\Users\alexa\OneDrive\Documents\PowerShell\Modules\Pester\5.7.1\Pester.psm1:2024
at &lt;ScriptBlock&gt;, C:\Users\alexa\OneDrive\Documents\PowerShell\Modules\Pester\5.7.1\Pester.psm1:1985
at Invoke-ScriptBlock, C:\Users\alexa\OneDrive\Documents\PowerShell\Modules\Pester\5.7.1\Pester.psm1:2160
at Invoke-Block, C:\Users\alexa\OneDrive\Documents\PowerShell\Modules\Pester\5.7.1\Pester.psm1:940
at &lt;ScriptBlock&gt;, C:\Users\alexa\OneDrive\Documents\PowerShell\Modules\Pester\5.7.1\Pester.psm1:893
at &lt;ScriptBlock&gt;, C:\Users\alexa\OneDrive\Documents\PowerShell\Modules\Pester\5.7.1\Pester.psm1:2024
at &lt;ScriptBlock&gt;, C:\Users\alexa\OneDrive\Documents\PowerShell\Modules\Pester\5.7.1\Pester.psm1:1985
at Invoke-ScriptBlock, C:\Users\alexa\OneDrive\Documents\PowerShell\Modules\Pester\5.7.1\Pester.psm1:2160
at Invoke-Block, C:\Users\alexa\OneDrive\Documents\PowerShell\Modules\Pester\5.7.1\Pester.psm1:940
at &lt;ScriptBlock&gt;, C:\Users\alexa\OneDrive\Documents\PowerShell\Modules\Pester\5.7.1\Pester.psm1:893
at &lt;ScriptBlock&gt;, C:\Users\alexa\OneDrive\Documents\PowerShell\Modules\Pester\5.7.1\Pester.psm1:2024
at &lt;ScriptBlock&gt;, C:\Users\alexa\OneDrive\Documents\PowerShell\Modules\Pester\5.7.1\Pester.psm1:1985
at Invoke-ScriptBlock, C:\Users\alexa\OneDrive\Documents\PowerShell\Modules\Pester\5.7.1\Pester.psm1:2160
at Invoke-Block, C:\Users\alexa\OneDrive\Documents\PowerShell\Modules\Pester\5.7.1\Pester.psm1:940
at &lt;ScriptBlock&gt;, C:\Users\alexa\OneDrive\Documents\PowerShell\Modules\Pester\5.7.1\Pester.psm1:1688
at &lt;ScriptBlock&gt;, C:\Users\alexa\OneDrive\Documents\PowerShell\Modules\Pester\5.7.1\Pester.ps1:3
at &lt;ScriptBlock&gt;, C:\Users\alexa\OneDrive\Documents\PowerShell\Modules\Pester\5.7.1\Pester.psm1:3260
at Invoke-InNewScriptScope, C:\Users\alexa\OneDrive\Documents\PowerShell\Modules\Pester\5.7.1\Pester.psm1:3267
at Run-Test, C:\Users\alexa\OneDrive\Documents\PowerShell\Modules\Pester\5.7.1\Pester.psm1:1691
at Invoke-Test, C:\Users\alexa\OneDrive\Documents\PowerShell\Modules\Pester\5.7.1\Pester.psm1:2512
at Invoke-Pester&lt;End&gt;, C:\Users\alexa\OneDrive\Documents\PowerShell\Modules\Pester\5.7.1\Pester.psm1:4960
at &lt;ScriptBlock&gt;, &lt;No file&gt;:1</stack-trace>
                    </failure>
                  </test-case>
                  <test-case description="Should support parallel execution" name="TestingFramework Module - Core Functions.Invoke-UnifiedTestExecution.Should support parallel execution" time="0.0145" asserts="0" success="False" result="Failure" executed="True">
                    <failure>
                      <message>ParameterBindingException: A parameter cannot be found that matches parameter name 'TestPath'.</message>
                      <stack-trace>at &lt;ScriptBlock&gt;, $env:PROJECT_ROOT\tests\unit\modules\TestingFramework\TestingFramework-Core.Tests.ps1:279
at &lt;ScriptBlock&gt;, C:\Users\alexa\OneDrive\Documents\PowerShell\Modules\Pester\5.7.1\Pester.psm1:2024
at &lt;ScriptBlock&gt;, C:\Users\alexa\OneDrive\Documents\PowerShell\Modules\Pester\5.7.1\Pester.psm1:1985
at Invoke-ScriptBlock, C:\Users\alexa\OneDrive\Documents\PowerShell\Modules\Pester\5.7.1\Pester.psm1:2157
at Invoke-TestItem, C:\Users\alexa\OneDrive\Documents\PowerShell\Modules\Pester\5.7.1\Pester.psm1:1199
at Invoke-Block, C:\Users\alexa\OneDrive\Documents\PowerShell\Modules\Pester\5.7.1\Pester.psm1:835
at &lt;ScriptBlock&gt;, C:\Users\alexa\OneDrive\Documents\PowerShell\Modules\Pester\5.7.1\Pester.psm1:893
at &lt;ScriptBlock&gt;, C:\Users\alexa\OneDrive\Documents\PowerShell\Modules\Pester\5.7.1\Pester.psm1:2024
at &lt;ScriptBlock&gt;, C:\Users\alexa\OneDrive\Documents\PowerShell\Modules\Pester\5.7.1\Pester.psm1:1985
at Invoke-ScriptBlock, C:\Users\alexa\OneDrive\Documents\PowerShell\Modules\Pester\5.7.1\Pester.psm1:2160
at Invoke-Block, C:\Users\alexa\OneDrive\Documents\PowerShell\Modules\Pester\5.7.1\Pester.psm1:940
at &lt;ScriptBlock&gt;, C:\Users\alexa\OneDrive\Documents\PowerShell\Modules\Pester\5.7.1\Pester.psm1:893
at &lt;ScriptBlock&gt;, C:\Users\alexa\OneDrive\Documents\PowerShell\Modules\Pester\5.7.1\Pester.psm1:2024
at &lt;ScriptBlock&gt;, C:\Users\alexa\OneDrive\Documents\PowerShell\Modules\Pester\5.7.1\Pester.psm1:1985
at Invoke-ScriptBlock, C:\Users\alexa\OneDrive\Documents\PowerShell\Modules\Pester\5.7.1\Pester.psm1:2160
at Invoke-Block, C:\Users\alexa\OneDrive\Documents\PowerShell\Modules\Pester\5.7.1\Pester.psm1:940
at &lt;ScriptBlock&gt;, C:\Users\alexa\OneDrive\Documents\PowerShell\Modules\Pester\5.7.1\Pester.psm1:893
at &lt;ScriptBlock&gt;, C:\Users\alexa\OneDrive\Documents\PowerShell\Modules\Pester\5.7.1\Pester.psm1:2024
at &lt;ScriptBlock&gt;, C:\Users\alexa\OneDrive\Documents\PowerShell\Modules\Pester\5.7.1\Pester.psm1:1985
at Invoke-ScriptBlock, C:\Users\alexa\OneDrive\Documents\PowerShell\Modules\Pester\5.7.1\Pester.psm1:2160
at Invoke-Block, C:\Users\alexa\OneDrive\Documents\PowerShell\Modules\Pester\5.7.1\Pester.psm1:940
at &lt;ScriptBlock&gt;, C:\Users\alexa\OneDrive\Documents\PowerShell\Modules\Pester\5.7.1\Pester.psm1:1688
at &lt;ScriptBlock&gt;, C:\Users\alexa\OneDrive\Documents\PowerShell\Modules\Pester\5.7.1\Pester.ps1:3
at &lt;ScriptBlock&gt;, C:\Users\alexa\OneDrive\Documents\PowerShell\Modules\Pester\5.7.1\Pester.psm1:3260
at Invoke-InNewScriptScope, C:\Users\alexa\OneDrive\Documents\PowerShell\Modules\Pester\5.7.1\Pester.psm1:3267
at Run-Test, C:\Users\alexa\OneDrive\Documents\PowerShell\Modules\Pester\5.7.1\Pester.psm1:1691
at Invoke-Test, C:\Users\alexa\OneDrive\Documents\PowerShell\Modules\Pester\5.7.1\Pester.psm1:2512
at Invoke-Pester&lt;End&gt;, C:\Users\alexa\OneDrive\Documents\PowerShell\Modules\Pester\5.7.1\Pester.psm1:4960
at &lt;ScriptBlock&gt;, &lt;No file&gt;:1</stack-trace>
                    </failure>
                  </test-case>
                </results>
              </test-suite>
            </results>
          </test-suite>
          <test-suite type="TestFixture" name="TestingFramework Module - Integration and Performance" executed="True" result="Failure" success="False" time="4.5945" asserts="0" description="TestingFramework Module - Integration and Performance">
            <results>
              <test-suite type="TestFixture" name="TestingFramework Module - Integration and Performance.Integration with Other Modules" executed="True" result="Failure" success="False" time="0.1404" asserts="0" description="TestingFramework Module - Integration and Performance.Integration with Other Modules">
                <results>
                  <test-case description="Should integrate with logging system" name="TestingFramework Module - Integration and Performance.Integration with Other Modules.Should integrate with logging system" time="0.1254" asserts="0" success="False" result="Failure" executed="True">
                    <failure>
                      <message>RuntimeException: Should operator 'Be' is not registered
CmdletInvocationException: Should operator 'Be' is not registered
CommandNotFoundException: The 'Mock' command was found in the module 'Pester', but the module could not be loaded due to the following error: [Should operator 'Be' is not registered]
For more information, run 'Import-Module Pester'.</message>
                      <stack-trace>at &lt;ScriptBlock&gt;, $env:PROJECT_ROOT\tests\unit\modules\TestingFramework\TestingFramework-Core.Tests.ps1:293
at &lt;ScriptBlock&gt;, C:\Users\alexa\OneDrive\Documents\PowerShell\Modules\Pester\5.7.1\Pester.psm1:2024
at &lt;ScriptBlock&gt;, C:\Users\alexa\OneDrive\Documents\PowerShell\Modules\Pester\5.7.1\Pester.psm1:1985
at Invoke-ScriptBlock, C:\Users\alexa\OneDrive\Documents\PowerShell\Modules\Pester\5.7.1\Pester.psm1:2157
at Invoke-TestItem, C:\Users\alexa\OneDrive\Documents\PowerShell\Modules\Pester\5.7.1\Pester.psm1:1199
at Invoke-Block, C:\Users\alexa\OneDrive\Documents\PowerShell\Modules\Pester\5.7.1\Pester.psm1:835
at &lt;ScriptBlock&gt;, C:\Users\alexa\OneDrive\Documents\PowerShell\Modules\Pester\5.7.1\Pester.psm1:893
at &lt;ScriptBlock&gt;, C:\Users\alexa\OneDrive\Documents\PowerShell\Modules\Pester\5.7.1\Pester.psm1:2024
at &lt;ScriptBlock&gt;, C:\Users\alexa\OneDrive\Documents\PowerShell\Modules\Pester\5.7.1\Pester.psm1:1985
at Invoke-ScriptBlock, C:\Users\alexa\OneDrive\Documents\PowerShell\Modules\Pester\5.7.1\Pester.psm1:2160
at Invoke-Block, C:\Users\alexa\OneDrive\Documents\PowerShell\Modules\Pester\5.7.1\Pester.psm1:940
at &lt;ScriptBlock&gt;, C:\Users\alexa\OneDrive\Documents\PowerShell\Modules\Pester\5.7.1\Pester.psm1:893
at &lt;ScriptBlock&gt;, C:\Users\alexa\OneDrive\Documents\PowerShell\Modules\Pester\5.7.1\Pester.psm1:2024
at &lt;ScriptBlock&gt;, C:\Users\alexa\OneDrive\Documents\PowerShell\Modules\Pester\5.7.1\Pester.psm1:1985
at Invoke-ScriptBlock, C:\Users\alexa\OneDrive\Documents\PowerShell\Modules\Pester\5.7.1\Pester.psm1:2160
at Invoke-Block, C:\Users\alexa\OneDrive\Documents\PowerShell\Modules\Pester\5.7.1\Pester.psm1:940
at &lt;ScriptBlock&gt;, C:\Users\alexa\OneDrive\Documents\PowerShell\Modules\Pester\5.7.1\Pester.psm1:893
at &lt;ScriptBlock&gt;, C:\Users\alexa\OneDrive\Documents\PowerShell\Modules\Pester\5.7.1\Pester.psm1:2024
at &lt;ScriptBlock&gt;, C:\Users\alexa\OneDrive\Documents\PowerShell\Modules\Pester\5.7.1\Pester.psm1:1985
at Invoke-ScriptBlock, C:\Users\alexa\OneDrive\Documents\PowerShell\Modules\Pester\5.7.1\Pester.psm1:2160
at Invoke-Block, C:\Users\alexa\OneDrive\Documents\PowerShell\Modules\Pester\5.7.1\Pester.psm1:940
at &lt;ScriptBlock&gt;, C:\Users\alexa\OneDrive\Documents\PowerShell\Modules\Pester\5.7.1\Pester.psm1:1688
at &lt;ScriptBlock&gt;, C:\Users\alexa\OneDrive\Documents\PowerShell\Modules\Pester\5.7.1\Pester.ps1:3
at &lt;ScriptBlock&gt;, C:\Users\alexa\OneDrive\Documents\PowerShell\Modules\Pester\5.7.1\Pester.psm1:3260
at Invoke-InNewScriptScope, C:\Users\alexa\OneDrive\Documents\PowerShell\Modules\Pester\5.7.1\Pester.psm1:3267
at Run-Test, C:\Users\alexa\OneDrive\Documents\PowerShell\Modules\Pester\5.7.1\Pester.psm1:1691
at Invoke-Test, C:\Users\alexa\OneDrive\Documents\PowerShell\Modules\Pester\5.7.1\Pester.psm1:2512
at Invoke-Pester&lt;End&gt;, C:\Users\alexa\OneDrive\Documents\PowerShell\Modules\Pester\5.7.1\Pester.psm1:4960
at &lt;ScriptBlock&gt;, &lt;No file&gt;:1</stack-trace>
                    </failure>
                  </test-case>
                  <test-case description="Should work with parallel execution module" name="TestingFramework Module - Integration and Performance.Integration with Other Modules.Should work with parallel execution module" time="0.0126" asserts="0" success="True" result="Success" executed="True" />
                </results>
              </test-suite>
              <test-suite type="TestFixture" name="TestingFramework Module - Integration and Performance.Performance and Reliability" executed="True" result="Failure" success="False" time="1.6465" asserts="0" description="TestingFramework Module - Integration and Performance.Performance and Reliability">
                <results>
                  <test-case description="Should handle large numbers of test files efficiently" name="TestingFramework Module - Integration and Performance.Performance and Reliability.Should handle large numbers of test files efficiently" time="0.2356" asserts="0" success="False" result="Failure" executed="True">
                    <failure>
                      <message>RuntimeException: Should operator 'Be' is not registered
CmdletInvocationException: Should operator 'Be' is not registered
CommandNotFoundException: The 'New-PesterConfiguration' command was found in the module 'Pester', but the module could not be loaded due to the following error: [Should operator 'Be' is not registered]
For more information, run 'Import-Module Pester'.</message>
                      <stack-trace>at Invoke-PesterTests, $env:PROJECT_ROOT\core-runner\modules\TestingFramework\TestingFramework.psm1:81
at &lt;ScriptBlock&gt;, $env:PROJECT_ROOT\tests\unit\modules\TestingFramework\TestingFramework-Core.Tests.ps1:334
at &lt;ScriptBlock&gt;, C:\Users\alexa\OneDrive\Documents\PowerShell\Modules\Pester\5.7.1\Pester.psm1:2024
at &lt;ScriptBlock&gt;, C:\Users\alexa\OneDrive\Documents\PowerShell\Modules\Pester\5.7.1\Pester.psm1:1985
at Invoke-ScriptBlock, C:\Users\alexa\OneDrive\Documents\PowerShell\Modules\Pester\5.7.1\Pester.psm1:2157
at Invoke-TestItem, C:\Users\alexa\OneDrive\Documents\PowerShell\Modules\Pester\5.7.1\Pester.psm1:1199
at Invoke-Block, C:\Users\alexa\OneDrive\Documents\PowerShell\Modules\Pester\5.7.1\Pester.psm1:835
at &lt;ScriptBlock&gt;, C:\Users\alexa\OneDrive\Documents\PowerShell\Modules\Pester\5.7.1\Pester.psm1:893
at &lt;ScriptBlock&gt;, C:\Users\alexa\OneDrive\Documents\PowerShell\Modules\Pester\5.7.1\Pester.psm1:2024
at &lt;ScriptBlock&gt;, C:\Users\alexa\OneDrive\Documents\PowerShell\Modules\Pester\5.7.1\Pester.psm1:1985
at Invoke-ScriptBlock, C:\Users\alexa\OneDrive\Documents\PowerShell\Modules\Pester\5.7.1\Pester.psm1:2160
at Invoke-Block, C:\Users\alexa\OneDrive\Documents\PowerShell\Modules\Pester\5.7.1\Pester.psm1:940
at &lt;ScriptBlock&gt;, C:\Users\alexa\OneDrive\Documents\PowerShell\Modules\Pester\5.7.1\Pester.psm1:893
at &lt;ScriptBlock&gt;, C:\Users\alexa\OneDrive\Documents\PowerShell\Modules\Pester\5.7.1\Pester.psm1:2024
at &lt;ScriptBlock&gt;, C:\Users\alexa\OneDrive\Documents\PowerShell\Modules\Pester\5.7.1\Pester.psm1:1985
at Invoke-ScriptBlock, C:\Users\alexa\OneDrive\Documents\PowerShell\Modules\Pester\5.7.1\Pester.psm1:2160
at Invoke-Block, C:\Users\alexa\OneDrive\Documents\PowerShell\Modules\Pester\5.7.1\Pester.psm1:940
at &lt;ScriptBlock&gt;, C:\Users\alexa\OneDrive\Documents\PowerShell\Modules\Pester\5.7.1\Pester.psm1:893
at &lt;ScriptBlock&gt;, C:\Users\alexa\OneDrive\Documents\PowerShell\Modules\Pester\5.7.1\Pester.psm1:2024
at &lt;ScriptBlock&gt;, C:\Users\alexa\OneDrive\Documents\PowerShell\Modules\Pester\5.7.1\Pester.psm1:1985
at Invoke-ScriptBlock, C:\Users\alexa\OneDrive\Documents\PowerShell\Modules\Pester\5.7.1\Pester.psm1:2160
at Invoke-Block, C:\Users\alexa\OneDrive\Documents\PowerShell\Modules\Pester\5.7.1\Pester.psm1:940
at &lt;ScriptBlock&gt;, C:\Users\alexa\OneDrive\Documents\PowerShell\Modules\Pester\5.7.1\Pester.psm1:1688
at &lt;ScriptBlock&gt;, C:\Users\alexa\OneDrive\Documents\PowerShell\Modules\Pester\5.7.1\Pester.ps1:3
at &lt;ScriptBlock&gt;, C:\Users\alexa\OneDrive\Documents\PowerShell\Modules\Pester\5.7.1\Pester.psm1:3260
at Invoke-InNewScriptScope, C:\Users\alexa\OneDrive\Documents\PowerShell\Modules\Pester\5.7.1\Pester.psm1:3267
at Run-Test, C:\Users\alexa\OneDrive\Documents\PowerShell\Modules\Pester\5.7.1\Pester.psm1:1691
at Invoke-Test, C:\Users\alexa\OneDrive\Documents\PowerShell\Modules\Pester\5.7.1\Pester.psm1:2512
at Invoke-Pester&lt;End&gt;, C:\Users\alexa\OneDrive\Documents\PowerShell\Modules\Pester\5.7.1\Pester.psm1:4960
at &lt;ScriptBlock&gt;, &lt;No file&gt;:1</stack-trace>
                    </failure>
                  </test-case>
                  <test-case description="Should handle concurrent test execution" name="TestingFramework Module - Integration and Performance.Performance and Reliability.Should handle concurrent test execution" time="1.0471" asserts="0" success="False" result="Failure" executed="True">
                    <failure>
                      <message>RuntimeException: Should operator 'Be' is not registered
CmdletInvocationException: Should operator 'Be' is not registered
CommandNotFoundException: The 'Should' command was found in the module 'Pester', but the module could not be loaded due to the following error: [Should operator 'Be' is not registered]
For more information, run 'Import-Module Pester'.</message>
                      <stack-trace>at &lt;ScriptBlock&gt;, $env:PROJECT_ROOT\tests\unit\modules\TestingFramework\TestingFramework-Core.Tests.ps1:355
at &lt;ScriptBlock&gt;, C:\Users\alexa\OneDrive\Documents\PowerShell\Modules\Pester\5.7.1\Pester.psm1:2024
at &lt;ScriptBlock&gt;, C:\Users\alexa\OneDrive\Documents\PowerShell\Modules\Pester\5.7.1\Pester.psm1:1985
at Invoke-ScriptBlock, C:\Users\alexa\OneDrive\Documents\PowerShell\Modules\Pester\5.7.1\Pester.psm1:2157
at Invoke-TestItem, C:\Users\alexa\OneDrive\Documents\PowerShell\Modules\Pester\5.7.1\Pester.psm1:1199
at Invoke-Block, C:\Users\alexa\OneDrive\Documents\PowerShell\Modules\Pester\5.7.1\Pester.psm1:835
at &lt;ScriptBlock&gt;, C:\Users\alexa\OneDrive\Documents\PowerShell\Modules\Pester\5.7.1\Pester.psm1:893
at &lt;ScriptBlock&gt;, C:\Users\alexa\OneDrive\Documents\PowerShell\Modules\Pester\5.7.1\Pester.psm1:2024
at &lt;ScriptBlock&gt;, C:\Users\alexa\OneDrive\Documents\PowerShell\Modules\Pester\5.7.1\Pester.psm1:1985
at Invoke-ScriptBlock, C:\Users\alexa\OneDrive\Documents\PowerShell\Modules\Pester\5.7.1\Pester.psm1:2160
at Invoke-Block, C:\Users\alexa\OneDrive\Documents\PowerShell\Modules\Pester\5.7.1\Pester.psm1:940
at &lt;ScriptBlock&gt;, C:\Users\alexa\OneDrive\Documents\PowerShell\Modules\Pester\5.7.1\Pester.psm1:893
at &lt;ScriptBlock&gt;, C:\Users\alexa\OneDrive\Documents\PowerShell\Modules\Pester\5.7.1\Pester.psm1:2024
at &lt;ScriptBlock&gt;, C:\Users\alexa\OneDrive\Documents\PowerShell\Modules\Pester\5.7.1\Pester.psm1:1985
at Invoke-ScriptBlock, C:\Users\alexa\OneDrive\Documents\PowerShell\Modules\Pester\5.7.1\Pester.psm1:2160
at Invoke-Block, C:\Users\alexa\OneDrive\Documents\PowerShell\Modules\Pester\5.7.1\Pester.psm1:940
at &lt;ScriptBlock&gt;, C:\Users\alexa\OneDrive\Documents\PowerShell\Modules\Pester\5.7.1\Pester.psm1:893
at &lt;ScriptBlock&gt;, C:\Users\alexa\OneDrive\Documents\PowerShell\Modules\Pester\5.7.1\Pester.psm1:2024
at &lt;ScriptBlock&gt;, C:\Users\alexa\OneDrive\Documents\PowerShell\Modules\Pester\5.7.1\Pester.psm1:1985
at Invoke-ScriptBlock, C:\Users\alexa\OneDrive\Documents\PowerShell\Modules\Pester\5.7.1\Pester.psm1:2160
at Invoke-Block, C:\Users\alexa\OneDrive\Documents\PowerShell\Modules\Pester\5.7.1\Pester.psm1:940
at &lt;ScriptBlock&gt;, C:\Users\alexa\OneDrive\Documents\PowerShell\Modules\Pester\5.7.1\Pester.psm1:1688
at &lt;ScriptBlock&gt;, C:\Users\alexa\OneDrive\Documents\PowerShell\Modules\Pester\5.7.1\Pester.ps1:3
at &lt;ScriptBlock&gt;, C:\Users\alexa\OneDrive\Documents\PowerShell\Modules\Pester\5.7.1\Pester.psm1:3260
at Invoke-InNewScriptScope, C:\Users\alexa\OneDrive\Documents\PowerShell\Modules\Pester\5.7.1\Pester.psm1:3267
at Run-Test, C:\Users\alexa\OneDrive\Documents\PowerShell\Modules\Pester\5.7.1\Pester.psm1:1691
at Invoke-Test, C:\Users\alexa\OneDrive\Documents\PowerShell\Modules\Pester\5.7.1\Pester.psm1:2512
at Invoke-Pester&lt;End&gt;, C:\Users\alexa\OneDrive\Documents\PowerShell\Modules\Pester\5.7.1\Pester.psm1:4960
at &lt;ScriptBlock&gt;, &lt;No file&gt;:1</stack-trace>
                    </failure>
                  </test-case>
                  <test-case description="Should recover gracefully from test failures" name="TestingFramework Module - Integration and Performance.Performance and Reliability.Should recover gracefully from test failures" time="0.2061" asserts="0" success="False" result="Failure" executed="True">
                    <failure>
                      <message>RuntimeException: Should operator 'Be' is not registered
CmdletInvocationException: Should operator 'Be' is not registered
CommandNotFoundException: The 'New-PesterConfiguration' command was found in the module 'Pester', but the module could not be loaded due to the following error: [Should operator 'Be' is not registered]
For more information, run 'Import-Module Pester'.</message>
                      <stack-trace>at Invoke-PesterTests, $env:PROJECT_ROOT\core-runner\modules\TestingFramework\TestingFramework.psm1:81
at &lt;ScriptBlock&gt;, $env:PROJECT_ROOT\tests\unit\modules\TestingFramework\TestingFramework-Core.Tests.ps1:374
at &lt;ScriptBlock&gt;, C:\Users\alexa\OneDrive\Documents\PowerShell\Modules\Pester\5.7.1\Pester.psm1:2024
at &lt;ScriptBlock&gt;, C:\Users\alexa\OneDrive\Documents\PowerShell\Modules\Pester\5.7.1\Pester.psm1:1985
at Invoke-ScriptBlock, C:\Users\alexa\OneDrive\Documents\PowerShell\Modules\Pester\5.7.1\Pester.psm1:2157
at Invoke-TestItem, C:\Users\alexa\OneDrive\Documents\PowerShell\Modules\Pester\5.7.1\Pester.psm1:1199
at Invoke-Block, C:\Users\alexa\OneDrive\Documents\PowerShell\Modules\Pester\5.7.1\Pester.psm1:835
at &lt;ScriptBlock&gt;, C:\Users\alexa\OneDrive\Documents\PowerShell\Modules\Pester\5.7.1\Pester.psm1:893
at &lt;ScriptBlock&gt;, C:\Users\alexa\OneDrive\Documents\PowerShell\Modules\Pester\5.7.1\Pester.psm1:2024
at &lt;ScriptBlock&gt;, C:\Users\alexa\OneDrive\Documents\PowerShell\Modules\Pester\5.7.1\Pester.psm1:1985
at Invoke-ScriptBlock, C:\Users\alexa\OneDrive\Documents\PowerShell\Modules\Pester\5.7.1\Pester.psm1:2160
at Invoke-Block, C:\Users\alexa\OneDrive\Documents\PowerShell\Modules\Pester\5.7.1\Pester.psm1:940
at &lt;ScriptBlock&gt;, C:\Users\alexa\OneDrive\Documents\PowerShell\Modules\Pester\5.7.1\Pester.psm1:893
at &lt;ScriptBlock&gt;, C:\Users\alexa\OneDrive\Documents\PowerShell\Modules\Pester\5.7.1\Pester.psm1:2024
at &lt;ScriptBlock&gt;, C:\Users\alexa\OneDrive\Documents\PowerShell\Modules\Pester\5.7.1\Pester.psm1:1985
at Invoke-ScriptBlock, C:\Users\alexa\OneDrive\Documents\PowerShell\Modules\Pester\5.7.1\Pester.psm1:2160
at Invoke-Block, C:\Users\alexa\OneDrive\Documents\PowerShell\Modules\Pester\5.7.1\Pester.psm1:940
at &lt;ScriptBlock&gt;, C:\Users\alexa\OneDrive\Documents\PowerShell\Modules\Pester\5.7.1\Pester.psm1:893
at &lt;ScriptBlock&gt;, C:\Users\alexa\OneDrive\Documents\PowerShell\Modules\Pester\5.7.1\Pester.psm1:2024
at &lt;ScriptBlock&gt;, C:\Users\alexa\OneDrive\Documents\PowerShell\Modules\Pester\5.7.1\Pester.psm1:1985
at Invoke-ScriptBlock, C:\Users\alexa\OneDrive\Documents\PowerShell\Modules\Pester\5.7.1\Pester.psm1:2160
at Invoke-Block, C:\Users\alexa\OneDrive\Documents\PowerShell\Modules\Pester\5.7.1\Pester.psm1:940
at &lt;ScriptBlock&gt;, C:\Users\alexa\OneDrive\Documents\PowerShell\Modules\Pester\5.7.1\Pester.psm1:1688
at &lt;ScriptBlock&gt;, C:\Users\alexa\OneDrive\Documents\PowerShell\Modules\Pester\5.7.1\Pester.ps1:3
at &lt;ScriptBlock&gt;, C:\Users\alexa\OneDrive\Documents\PowerShell\Modules\Pester\5.7.1\Pester.psm1:3260
at Invoke-InNewScriptScope, C:\Users\alexa\OneDrive\Documents\PowerShell\Modules\Pester\5.7.1\Pester.psm1:3267
at Run-Test, C:\Users\alexa\OneDrive\Documents\PowerShell\Modules\Pester\5.7.1\Pester.psm1:1691
at Invoke-Test, C:\Users\alexa\OneDrive\Documents\PowerShell\Modules\Pester\5.7.1\Pester.psm1:2512
at Invoke-Pester&lt;End&gt;, C:\Users\alexa\OneDrive\Documents\PowerShell\Modules\Pester\5.7.1\Pester.psm1:4960
at &lt;ScriptBlock&gt;, &lt;No file&gt;:1</stack-trace>
                    </failure>
                  </test-case>
                </results>
              </test-suite>
            </results>
          </test-suite>
          <test-suite type="TestFixture" name="TestingFramework Module - Error Handling" executed="True" result="Failure" success="False" time="5.8512" asserts="0" description="TestingFramework Module - Error Handling">
            <results>
              <test-suite type="TestFixture" name="TestingFramework Module - Error Handling.Invalid Inputs" executed="True" result="Failure" success="False" time="0.5548" asserts="0" description="TestingFramework Module - Error Handling.Invalid Inputs">
                <results>
                  <test-case description="Should handle null test path gracefully" name="TestingFramework Module - Error Handling.Invalid Inputs.Should handle null test path gracefully" time="0.1181" asserts="0" success="False" result="Failure" executed="True">
                    <failure>
                      <message>RuntimeException: Should operator 'Be' is not registered
CmdletInvocationException: Should operator 'Be' is not registered
CommandNotFoundException: The 'Should' command was found in the module 'Pester', but the module could not be loaded due to the following error: [Should operator 'Be' is not registered]
For more information, run 'Import-Module Pester'.</message>
                      <stack-trace>at &lt;ScriptBlock&gt;, $env:PROJECT_ROOT\tests\unit\modules\TestingFramework\TestingFramework-Core.Tests.ps1:388
at &lt;ScriptBlock&gt;, C:\Users\alexa\OneDrive\Documents\PowerShell\Modules\Pester\5.7.1\Pester.psm1:2024
at &lt;ScriptBlock&gt;, C:\Users\alexa\OneDrive\Documents\PowerShell\Modules\Pester\5.7.1\Pester.psm1:1985
at Invoke-ScriptBlock, C:\Users\alexa\OneDrive\Documents\PowerShell\Modules\Pester\5.7.1\Pester.psm1:2157
at Invoke-TestItem, C:\Users\alexa\OneDrive\Documents\PowerShell\Modules\Pester\5.7.1\Pester.psm1:1199
at Invoke-Block, C:\Users\alexa\OneDrive\Documents\PowerShell\Modules\Pester\5.7.1\Pester.psm1:835
at &lt;ScriptBlock&gt;, C:\Users\alexa\OneDrive\Documents\PowerShell\Modules\Pester\5.7.1\Pester.psm1:893
at &lt;ScriptBlock&gt;, C:\Users\alexa\OneDrive\Documents\PowerShell\Modules\Pester\5.7.1\Pester.psm1:2024
at &lt;ScriptBlock&gt;, C:\Users\alexa\OneDrive\Documents\PowerShell\Modules\Pester\5.7.1\Pester.psm1:1985
at Invoke-ScriptBlock, C:\Users\alexa\OneDrive\Documents\PowerShell\Modules\Pester\5.7.1\Pester.psm1:2160
at Invoke-Block, C:\Users\alexa\OneDrive\Documents\PowerShell\Modules\Pester\5.7.1\Pester.psm1:940
at &lt;ScriptBlock&gt;, C:\Users\alexa\OneDrive\Documents\PowerShell\Modules\Pester\5.7.1\Pester.psm1:893
at &lt;ScriptBlock&gt;, C:\Users\alexa\OneDrive\Documents\PowerShell\Modules\Pester\5.7.1\Pester.psm1:2024
at &lt;ScriptBlock&gt;, C:\Users\alexa\OneDrive\Documents\PowerShell\Modules\Pester\5.7.1\Pester.psm1:1985
at Invoke-ScriptBlock, C:\Users\alexa\OneDrive\Documents\PowerShell\Modules\Pester\5.7.1\Pester.psm1:2160
at Invoke-Block, C:\Users\alexa\OneDrive\Documents\PowerShell\Modules\Pester\5.7.1\Pester.psm1:940
at &lt;ScriptBlock&gt;, C:\Users\alexa\OneDrive\Documents\PowerShell\Modules\Pester\5.7.1\Pester.psm1:893
at &lt;ScriptBlock&gt;, C:\Users\alexa\OneDrive\Documents\PowerShell\Modules\Pester\5.7.1\Pester.psm1:2024
at &lt;ScriptBlock&gt;, C:\Users\alexa\OneDrive\Documents\PowerShell\Modules\Pester\5.7.1\Pester.psm1:1985
at Invoke-ScriptBlock, C:\Users\alexa\OneDrive\Documents\PowerShell\Modules\Pester\5.7.1\Pester.psm1:2160
at Invoke-Block, C:\Users\alexa\OneDrive\Documents\PowerShell\Modules\Pester\5.7.1\Pester.psm1:940
at &lt;ScriptBlock&gt;, C:\Users\alexa\OneDrive\Documents\PowerShell\Modules\Pester\5.7.1\Pester.psm1:1688
at &lt;ScriptBlock&gt;, C:\Users\alexa\OneDrive\Documents\PowerShell\Modules\Pester\5.7.1\Pester.ps1:3
at &lt;ScriptBlock&gt;, C:\Users\alexa\OneDrive\Documents\PowerShell\Modules\Pester\5.7.1\Pester.psm1:3260
at Invoke-InNewScriptScope, C:\Users\alexa\OneDrive\Documents\PowerShell\Modules\Pester\5.7.1\Pester.psm1:3267
at Run-Test, C:\Users\alexa\OneDrive\Documents\PowerShell\Modules\Pester\5.7.1\Pester.psm1:1691
at Invoke-Test, C:\Users\alexa\OneDrive\Documents\PowerShell\Modules\Pester\5.7.1\Pester.psm1:2512
at Invoke-Pester&lt;End&gt;, C:\Users\alexa\OneDrive\Documents\PowerShell\Modules\Pester\5.7.1\Pester.psm1:4960
at &lt;ScriptBlock&gt;, &lt;No file&gt;:1</stack-trace>
                    </failure>
                  </test-case>
                  <test-case description="Should handle empty test path gracefully" name="TestingFramework Module - Error Handling.Invalid Inputs.Should handle empty test path gracefully" time="0.1204" asserts="0" success="False" result="Failure" executed="True">
                    <failure>
                      <message>RuntimeException: Should operator 'Be' is not registered
CmdletInvocationException: Should operator 'Be' is not registered
CommandNotFoundException: The 'Should' command was found in the module 'Pester', but the module could not be loaded due to the following error: [Should operator 'Be' is not registered]
For more information, run 'Import-Module Pester'.</message>
                      <stack-trace>at &lt;ScriptBlock&gt;, $env:PROJECT_ROOT\tests\unit\modules\TestingFramework\TestingFramework-Core.Tests.ps1:392
at &lt;ScriptBlock&gt;, C:\Users\alexa\OneDrive\Documents\PowerShell\Modules\Pester\5.7.1\Pester.psm1:2024
at &lt;ScriptBlock&gt;, C:\Users\alexa\OneDrive\Documents\PowerShell\Modules\Pester\5.7.1\Pester.psm1:1985
at Invoke-ScriptBlock, C:\Users\alexa\OneDrive\Documents\PowerShell\Modules\Pester\5.7.1\Pester.psm1:2157
at Invoke-TestItem, C:\Users\alexa\OneDrive\Documents\PowerShell\Modules\Pester\5.7.1\Pester.psm1:1199
at Invoke-Block, C:\Users\alexa\OneDrive\Documents\PowerShell\Modules\Pester\5.7.1\Pester.psm1:835
at &lt;ScriptBlock&gt;, C:\Users\alexa\OneDrive\Documents\PowerShell\Modules\Pester\5.7.1\Pester.psm1:893
at &lt;ScriptBlock&gt;, C:\Users\alexa\OneDrive\Documents\PowerShell\Modules\Pester\5.7.1\Pester.psm1:2024
at &lt;ScriptBlock&gt;, C:\Users\alexa\OneDrive\Documents\PowerShell\Modules\Pester\5.7.1\Pester.psm1:1985
at Invoke-ScriptBlock, C:\Users\alexa\OneDrive\Documents\PowerShell\Modules\Pester\5.7.1\Pester.psm1:2160
at Invoke-Block, C:\Users\alexa\OneDrive\Documents\PowerShell\Modules\Pester\5.7.1\Pester.psm1:940
at &lt;ScriptBlock&gt;, C:\Users\alexa\OneDrive\Documents\PowerShell\Modules\Pester\5.7.1\Pester.psm1:893
at &lt;ScriptBlock&gt;, C:\Users\alexa\OneDrive\Documents\PowerShell\Modules\Pester\5.7.1\Pester.psm1:2024
at &lt;ScriptBlock&gt;, C:\Users\alexa\OneDrive\Documents\PowerShell\Modules\Pester\5.7.1\Pester.psm1:1985
at Invoke-ScriptBlock, C:\Users\alexa\OneDrive\Documents\PowerShell\Modules\Pester\5.7.1\Pester.psm1:2160
at Invoke-Block, C:\Users\alexa\OneDrive\Documents\PowerShell\Modules\Pester\5.7.1\Pester.psm1:940
at &lt;ScriptBlock&gt;, C:\Users\alexa\OneDrive\Documents\PowerShell\Modules\Pester\5.7.1\Pester.psm1:893
at &lt;ScriptBlock&gt;, C:\Users\alexa\OneDrive\Documents\PowerShell\Modules\Pester\5.7.1\Pester.psm1:2024
at &lt;ScriptBlock&gt;, C:\Users\alexa\OneDrive\Documents\PowerShell\Modules\Pester\5.7.1\Pester.psm1:1985
at Invoke-ScriptBlock, C:\Users\alexa\OneDrive\Documents\PowerShell\Modules\Pester\5.7.1\Pester.psm1:2160
at Invoke-Block, C:\Users\alexa\OneDrive\Documents\PowerShell\Modules\Pester\5.7.1\Pester.psm1:940
at &lt;ScriptBlock&gt;, C:\Users\alexa\OneDrive\Documents\PowerShell\Modules\Pester\5.7.1\Pester.psm1:1688
at &lt;ScriptBlock&gt;, C:\Users\alexa\OneDrive\Documents\PowerShell\Modules\Pester\5.7.1\Pester.ps1:3
at &lt;ScriptBlock&gt;, C:\Users\alexa\OneDrive\Documents\PowerShell\Modules\Pester\5.7.1\Pester.psm1:3260
at Invoke-InNewScriptScope, C:\Users\alexa\OneDrive\Documents\PowerShell\Modules\Pester\5.7.1\Pester.psm1:3267
at Run-Test, C:\Users\alexa\OneDrive\Documents\PowerShell\Modules\Pester\5.7.1\Pester.psm1:1691
at Invoke-Test, C:\Users\alexa\OneDrive\Documents\PowerShell\Modules\Pester\5.7.1\Pester.psm1:2512
at Invoke-Pester&lt;End&gt;, C:\Users\alexa\OneDrive\Documents\PowerShell\Modules\Pester\5.7.1\Pester.psm1:4960
at &lt;ScriptBlock&gt;, &lt;No file&gt;:1</stack-trace>
                    </failure>
                  </test-case>
                  <test-case description="Should handle invalid configuration objects" name="TestingFramework Module - Error Handling.Invalid Inputs.Should handle invalid configuration objects" time="0.3135" asserts="0" success="False" result="Failure" executed="True">
                    <failure>
                      <message>RuntimeException: Should operator 'Be' is not registered
CmdletInvocationException: Should operator 'Be' is not registered
CommandNotFoundException: The 'Should' command was found in the module 'Pester', but the module could not be loaded due to the following error: [Should operator 'Be' is not registered]
For more information, run 'Import-Module Pester'.</message>
                      <stack-trace>at &lt;ScriptBlock&gt;, $env:PROJECT_ROOT\tests\unit\modules\TestingFramework\TestingFramework-Core.Tests.ps1:403
at &lt;ScriptBlock&gt;, C:\Users\alexa\OneDrive\Documents\PowerShell\Modules\Pester\5.7.1\Pester.psm1:2024
at &lt;ScriptBlock&gt;, C:\Users\alexa\OneDrive\Documents\PowerShell\Modules\Pester\5.7.1\Pester.psm1:1985
at Invoke-ScriptBlock, C:\Users\alexa\OneDrive\Documents\PowerShell\Modules\Pester\5.7.1\Pester.psm1:2157
at Invoke-TestItem, C:\Users\alexa\OneDrive\Documents\PowerShell\Modules\Pester\5.7.1\Pester.psm1:1199
at Invoke-Block, C:\Users\alexa\OneDrive\Documents\PowerShell\Modules\Pester\5.7.1\Pester.psm1:835
at &lt;ScriptBlock&gt;, C:\Users\alexa\OneDrive\Documents\PowerShell\Modules\Pester\5.7.1\Pester.psm1:893
at &lt;ScriptBlock&gt;, C:\Users\alexa\OneDrive\Documents\PowerShell\Modules\Pester\5.7.1\Pester.psm1:2024
at &lt;ScriptBlock&gt;, C:\Users\alexa\OneDrive\Documents\PowerShell\Modules\Pester\5.7.1\Pester.psm1:1985
at Invoke-ScriptBlock, C:\Users\alexa\OneDrive\Documents\PowerShell\Modules\Pester\5.7.1\Pester.psm1:2160
at Invoke-Block, C:\Users\alexa\OneDrive\Documents\PowerShell\Modules\Pester\5.7.1\Pester.psm1:940
at &lt;ScriptBlock&gt;, C:\Users\alexa\OneDrive\Documents\PowerShell\Modules\Pester\5.7.1\Pester.psm1:893
at &lt;ScriptBlock&gt;, C:\Users\alexa\OneDrive\Documents\PowerShell\Modules\Pester\5.7.1\Pester.psm1:2024
at &lt;ScriptBlock&gt;, C:\Users\alexa\OneDrive\Documents\PowerShell\Modules\Pester\5.7.1\Pester.psm1:1985
at Invoke-ScriptBlock, C:\Users\alexa\OneDrive\Documents\PowerShell\Modules\Pester\5.7.1\Pester.psm1:2160
at Invoke-Block, C:\Users\alexa\OneDrive\Documents\PowerShell\Modules\Pester\5.7.1\Pester.psm1:940
at &lt;ScriptBlock&gt;, C:\Users\alexa\OneDrive\Documents\PowerShell\Modules\Pester\5.7.1\Pester.psm1:893
at &lt;ScriptBlock&gt;, C:\Users\alexa\OneDrive\Documents\PowerShell\Modules\Pester\5.7.1\Pester.psm1:2024
at &lt;ScriptBlock&gt;, C:\Users\alexa\OneDrive\Documents\PowerShell\Modules\Pester\5.7.1\Pester.psm1:1985
at Invoke-ScriptBlock, C:\Users\alexa\OneDrive\Documents\PowerShell\Modules\Pester\5.7.1\Pester.psm1:2160
at Invoke-Block, C:\Users\alexa\OneDrive\Documents\PowerShell\Modules\Pester\5.7.1\Pester.psm1:940
at &lt;ScriptBlock&gt;, C:\Users\alexa\OneDrive\Documents\PowerShell\Modules\Pester\5.7.1\Pester.psm1:1688
at &lt;ScriptBlock&gt;, C:\Users\alexa\OneDrive\Documents\PowerShell\Modules\Pester\5.7.1\Pester.ps1:3
at &lt;ScriptBlock&gt;, C:\Users\alexa\OneDrive\Documents\PowerShell\Modules\Pester\5.7.1\Pester.psm1:3260
at Invoke-InNewScriptScope, C:\Users\alexa\OneDrive\Documents\PowerShell\Modules\Pester\5.7.1\Pester.psm1:3267
at Run-Test, C:\Users\alexa\OneDrive\Documents\PowerShell\Modules\Pester\5.7.1\Pester.psm1:1691
at Invoke-Test, C:\Users\alexa\OneDrive\Documents\PowerShell\Modules\Pester\5.7.1\Pester.psm1:2512
at Invoke-Pester&lt;End&gt;, C:\Users\alexa\OneDrive\Documents\PowerShell\Modules\Pester\5.7.1\Pester.psm1:4960
at &lt;ScriptBlock&gt;, &lt;No file&gt;:1</stack-trace>
                    </failure>
                  </test-case>
                </results>
              </test-suite>
              <test-suite type="TestFixture" name="TestingFramework Module - Error Handling.File System Issues" executed="True" result="Failure" success="False" time="1.2541" asserts="0" description="TestingFramework Module - Error Handling.File System Issues">
                <results>
                  <test-case description="Should handle inaccessible directories" name="TestingFramework Module - Error Handling.File System Issues.Should handle inaccessible directories" time="0.385" asserts="0" success="False" result="Failure" executed="True">
                    <failure>
                      <message>RuntimeException: Should operator 'Be' is not registered
CmdletInvocationException: Should operator 'Be' is not registered
CommandNotFoundException: The 'Should' command was found in the module 'Pester', but the module could not be loaded due to the following error: [Should operator 'Be' is not registered]
For more information, run 'Import-Module Pester'.</message>
                      <stack-trace>at &lt;ScriptBlock&gt;, $env:PROJECT_ROOT\tests\unit\modules\TestingFramework\TestingFramework-Core.Tests.ps1:419
at &lt;ScriptBlock&gt;, C:\Users\alexa\OneDrive\Documents\PowerShell\Modules\Pester\5.7.1\Pester.psm1:2024
at &lt;ScriptBlock&gt;, C:\Users\alexa\OneDrive\Documents\PowerShell\Modules\Pester\5.7.1\Pester.psm1:1985
at Invoke-ScriptBlock, C:\Users\alexa\OneDrive\Documents\PowerShell\Modules\Pester\5.7.1\Pester.psm1:2157
at Invoke-TestItem, C:\Users\alexa\OneDrive\Documents\PowerShell\Modules\Pester\5.7.1\Pester.psm1:1199
at Invoke-Block, C:\Users\alexa\OneDrive\Documents\PowerShell\Modules\Pester\5.7.1\Pester.psm1:835
at &lt;ScriptBlock&gt;, C:\Users\alexa\OneDrive\Documents\PowerShell\Modules\Pester\5.7.1\Pester.psm1:893
at &lt;ScriptBlock&gt;, C:\Users\alexa\OneDrive\Documents\PowerShell\Modules\Pester\5.7.1\Pester.psm1:2024
at &lt;ScriptBlock&gt;, C:\Users\alexa\OneDrive\Documents\PowerShell\Modules\Pester\5.7.1\Pester.psm1:1985
at Invoke-ScriptBlock, C:\Users\alexa\OneDrive\Documents\PowerShell\Modules\Pester\5.7.1\Pester.psm1:2160
at Invoke-Block, C:\Users\alexa\OneDrive\Documents\PowerShell\Modules\Pester\5.7.1\Pester.psm1:940
at &lt;ScriptBlock&gt;, C:\Users\alexa\OneDrive\Documents\PowerShell\Modules\Pester\5.7.1\Pester.psm1:893
at &lt;ScriptBlock&gt;, C:\Users\alexa\OneDrive\Documents\PowerShell\Modules\Pester\5.7.1\Pester.psm1:2024
at &lt;ScriptBlock&gt;, C:\Users\alexa\OneDrive\Documents\PowerShell\Modules\Pester\5.7.1\Pester.psm1:1985
at Invoke-ScriptBlock, C:\Users\alexa\OneDrive\Documents\PowerShell\Modules\Pester\5.7.1\Pester.psm1:2160
at Invoke-Block, C:\Users\alexa\OneDrive\Documents\PowerShell\Modules\Pester\5.7.1\Pester.psm1:940
at &lt;ScriptBlock&gt;, C:\Users\alexa\OneDrive\Documents\PowerShell\Modules\Pester\5.7.1\Pester.psm1:893
at &lt;ScriptBlock&gt;, C:\Users\alexa\OneDrive\Documents\PowerShell\Modules\Pester\5.7.1\Pester.psm1:2024
at &lt;ScriptBlock&gt;, C:\Users\alexa\OneDrive\Documents\PowerShell\Modules\Pester\5.7.1\Pester.psm1:1985
at Invoke-ScriptBlock, C:\Users\alexa\OneDrive\Documents\PowerShell\Modules\Pester\5.7.1\Pester.psm1:2160
at Invoke-Block, C:\Users\alexa\OneDrive\Documents\PowerShell\Modules\Pester\5.7.1\Pester.psm1:940
at &lt;ScriptBlock&gt;, C:\Users\alexa\OneDrive\Documents\PowerShell\Modules\Pester\5.7.1\Pester.psm1:1688
at &lt;ScriptBlock&gt;, C:\Users\alexa\OneDrive\Documents\PowerShell\Modules\Pester\5.7.1\Pester.ps1:3
at &lt;ScriptBlock&gt;, C:\Users\alexa\OneDrive\Documents\PowerShell\Modules\Pester\5.7.1\Pester.psm1:3260
at Invoke-InNewScriptScope, C:\Users\alexa\OneDrive\Documents\PowerShell\Modules\Pester\5.7.1\Pester.psm1:3267
at Run-Test, C:\Users\alexa\OneDrive\Documents\PowerShell\Modules\Pester\5.7.1\Pester.psm1:1691
at Invoke-Test, C:\Users\alexa\OneDrive\Documents\PowerShell\Modules\Pester\5.7.1\Pester.psm1:2512
at Invoke-Pester&lt;End&gt;, C:\Users\alexa\OneDrive\Documents\PowerShell\Modules\Pester\5.7.1\Pester.psm1:4960
at &lt;ScriptBlock&gt;, &lt;No file&gt;:1</stack-trace>
                    </failure>
                  </test-case>
                  <test-case description="Should handle corrupted test files" name="TestingFramework Module - Error Handling.File System Issues.Should handle corrupted test files" time="0.3109" asserts="0" success="False" result="Failure" executed="True">
                    <failure>
                      <message>RuntimeException: Should operator 'Be' is not registered
CmdletInvocationException: Should operator 'Be' is not registered
CommandNotFoundException: The 'Should' command was found in the module 'Pester', but the module could not be loaded due to the following error: [Should operator 'Be' is not registered]
For more information, run 'Import-Module Pester'.</message>
                      <stack-trace>at &lt;ScriptBlock&gt;, $env:PROJECT_ROOT\tests\unit\modules\TestingFramework\TestingFramework-Core.Tests.ps1:433
at &lt;ScriptBlock&gt;, C:\Users\alexa\OneDrive\Documents\PowerShell\Modules\Pester\5.7.1\Pester.psm1:2024
at &lt;ScriptBlock&gt;, C:\Users\alexa\OneDrive\Documents\PowerShell\Modules\Pester\5.7.1\Pester.psm1:1985
at Invoke-ScriptBlock, C:\Users\alexa\OneDrive\Documents\PowerShell\Modules\Pester\5.7.1\Pester.psm1:2157
at Invoke-TestItem, C:\Users\alexa\OneDrive\Documents\PowerShell\Modules\Pester\5.7.1\Pester.psm1:1199
at Invoke-Block, C:\Users\alexa\OneDrive\Documents\PowerShell\Modules\Pester\5.7.1\Pester.psm1:835
at &lt;ScriptBlock&gt;, C:\Users\alexa\OneDrive\Documents\PowerShell\Modules\Pester\5.7.1\Pester.psm1:893
at &lt;ScriptBlock&gt;, C:\Users\alexa\OneDrive\Documents\PowerShell\Modules\Pester\5.7.1\Pester.psm1:2024
at &lt;ScriptBlock&gt;, C:\Users\alexa\OneDrive\Documents\PowerShell\Modules\Pester\5.7.1\Pester.psm1:1985
at Invoke-ScriptBlock, C:\Users\alexa\OneDrive\Documents\PowerShell\Modules\Pester\5.7.1\Pester.psm1:2160
at Invoke-Block, C:\Users\alexa\OneDrive\Documents\PowerShell\Modules\Pester\5.7.1\Pester.psm1:940
at &lt;ScriptBlock&gt;, C:\Users\alexa\OneDrive\Documents\PowerShell\Modules\Pester\5.7.1\Pester.psm1:893
at &lt;ScriptBlock&gt;, C:\Users\alexa\OneDrive\Documents\PowerShell\Modules\Pester\5.7.1\Pester.psm1:2024
at &lt;ScriptBlock&gt;, C:\Users\alexa\OneDrive\Documents\PowerShell\Modules\Pester\5.7.1\Pester.psm1:1985
at Invoke-ScriptBlock, C:\Users\alexa\OneDrive\Documents\PowerShell\Modules\Pester\5.7.1\Pester.psm1:2160
at Invoke-Block, C:\Users\alexa\OneDrive\Documents\PowerShell\Modules\Pester\5.7.1\Pester.psm1:940
at &lt;ScriptBlock&gt;, C:\Users\alexa\OneDrive\Documents\PowerShell\Modules\Pester\5.7.1\Pester.psm1:893
at &lt;ScriptBlock&gt;, C:\Users\alexa\OneDrive\Documents\PowerShell\Modules\Pester\5.7.1\Pester.psm1:2024
at &lt;ScriptBlock&gt;, C:\Users\alexa\OneDrive\Documents\PowerShell\Modules\Pester\5.7.1\Pester.psm1:1985
at Invoke-ScriptBlock, C:\Users\alexa\OneDrive\Documents\PowerShell\Modules\Pester\5.7.1\Pester.psm1:2160
at Invoke-Block, C:\Users\alexa\OneDrive\Documents\PowerShell\Modules\Pester\5.7.1\Pester.psm1:940
at &lt;ScriptBlock&gt;, C:\Users\alexa\OneDrive\Documents\PowerShell\Modules\Pester\5.7.1\Pester.psm1:1688
at &lt;ScriptBlock&gt;, C:\Users\alexa\OneDrive\Documents\PowerShell\Modules\Pester\5.7.1\Pester.ps1:3
at &lt;ScriptBlock&gt;, C:\Users\alexa\OneDrive\Documents\PowerShell\Modules\Pester\5.7.1\Pester.psm1:3260
at Invoke-InNewScriptScope, C:\Users\alexa\OneDrive\Documents\PowerShell\Modules\Pester\5.7.1\Pester.psm1:3267
at Run-Test, C:\Users\alexa\OneDrive\Documents\PowerShell\Modules\Pester\5.7.1\Pester.psm1:1691
at Invoke-Test, C:\Users\alexa\OneDrive\Documents\PowerShell\Modules\Pester\5.7.1\Pester.psm1:2512
at Invoke-Pester&lt;End&gt;, C:\Users\alexa\OneDrive\Documents\PowerShell\Modules\Pester\5.7.1\Pester.psm1:4960
at &lt;ScriptBlock&gt;, &lt;No file&gt;:1</stack-trace>
                    </failure>
                  </test-case>
                </results>
              </test-suite>
            </results>
          </test-suite>
        </results>
      </test-suite>
      <test-suite type="TestFixture" name="$env:PROJECT_ROOT\tests\unit\modules\UnifiedMaintenance\UnifiedMaintenance-Core.Tests.ps1" executed="True" result="Failure" success="False" time="0.0744" asserts="0" description="$env:PROJECT_ROOT\tests\unit\modules\UnifiedMaintenance\UnifiedMaintenance-Core.Tests.ps1">
        <results>
          <test-suite type="TestFixture" name="UnifiedMaintenance Module Tests" executed="True" result="Failure" success="False" time="0" asserts="0" description="UnifiedMaintenance Module Tests">
            <results>
              <test-suite type="TestFixture" name="UnifiedMaintenance Module Tests.Module Import" executed="True" result="Failure" success="False" time="0" asserts="0" description="UnifiedMaintenance Module Tests.Module Import">
                <results>
                  <test-case description="Should import without errors" name="UnifiedMaintenance Module Tests.Module Import.Should import without errors" time="0" asserts="0" success="False" result="Failure" executed="True">
                    <failure>
                      <message>This test should run but it did not. Most likely a setup in some parent block failed.</message>
                      <stack-trace />
                    </failure>
                  </test-case>
                </results>
              </test-suite>
              <test-suite type="TestFixture" name="UnifiedMaintenance Module Tests.Core Functions" executed="True" result="Failure" success="False" time="0" asserts="0" description="UnifiedMaintenance Module Tests.Core Functions">
                <results>
                  <test-case description="Should have exported functions available" name="UnifiedMaintenance Module Tests.Core Functions.Should have exported functions available" time="0" asserts="0" success="False" result="Failure" executed="True">
                    <failure>
                      <message>This test should run but it did not. Most likely a setup in some parent block failed.</message>
                      <stack-trace />
                    </failure>
                  </test-case>
                </results>
              </test-suite>
            </results>
          </test-suite>
        </results>
      </test-suite>
      <test-suite type="TestFixture" name="$env:PROJECT_ROOT\tests\unit\scripts\0000_Cleanup-Files.Tests.ps1" executed="True" result="Failure" success="False" time="1.7074" asserts="0" description="$env:PROJECT_ROOT\tests\unit\scripts\0000_Cleanup-Files.Tests.ps1">
        <results>
          <test-suite type="TestFixture" name="0000_Cleanup-Files Script Tests" executed="True" result="Failure" success="False" time="1.6584" asserts="0" description="0000_Cleanup-Files Script Tests">
            <results>
              <test-suite type="TestFixture" name="0000_Cleanup-Files Script Tests.Script Validation" executed="True" result="Failure" success="False" time="0.6174" asserts="0" description="0000_Cleanup-Files Script Tests.Script Validation">
                <results>
                  <test-case description="Should exist" name="0000_Cleanup-Files Script Tests.Script Validation.Should exist" time="0.1263" asserts="0" success="False" result="Failure" executed="True">
                    <failure>
                      <message>RuntimeException: Should operator 'Be' is not registered
CmdletInvocationException: Should operator 'Be' is not registered
CommandNotFoundException: The 'Should' command was found in the module 'Pester', but the module could not be loaded due to the following error: [Should operator 'Be' is not registered]
For more information, run 'Import-Module Pester'.</message>
                      <stack-trace>at &lt;ScriptBlock&gt;, $env:PROJECT_ROOT\tests\unit\scripts\0000_Cleanup-Files.Tests.ps1:46
at &lt;ScriptBlock&gt;, C:\Users\alexa\OneDrive\Documents\PowerShell\Modules\Pester\5.7.1\Pester.psm1:2024
at &lt;ScriptBlock&gt;, C:\Users\alexa\OneDrive\Documents\PowerShell\Modules\Pester\5.7.1\Pester.psm1:1985
at Invoke-ScriptBlock, C:\Users\alexa\OneDrive\Documents\PowerShell\Modules\Pester\5.7.1\Pester.psm1:2157
at Invoke-TestItem, C:\Users\alexa\OneDrive\Documents\PowerShell\Modules\Pester\5.7.1\Pester.psm1:1199
at Invoke-Block, C:\Users\alexa\OneDrive\Documents\PowerShell\Modules\Pester\5.7.1\Pester.psm1:835
at &lt;ScriptBlock&gt;, C:\Users\alexa\OneDrive\Documents\PowerShell\Modules\Pester\5.7.1\Pester.psm1:893
at &lt;ScriptBlock&gt;, C:\Users\alexa\OneDrive\Documents\PowerShell\Modules\Pester\5.7.1\Pester.psm1:2024
at &lt;ScriptBlock&gt;, C:\Users\alexa\OneDrive\Documents\PowerShell\Modules\Pester\5.7.1\Pester.psm1:1985
at Invoke-ScriptBlock, C:\Users\alexa\OneDrive\Documents\PowerShell\Modules\Pester\5.7.1\Pester.psm1:2160
at Invoke-Block, C:\Users\alexa\OneDrive\Documents\PowerShell\Modules\Pester\5.7.1\Pester.psm1:940
at &lt;ScriptBlock&gt;, C:\Users\alexa\OneDrive\Documents\PowerShell\Modules\Pester\5.7.1\Pester.psm1:893
at &lt;ScriptBlock&gt;, C:\Users\alexa\OneDrive\Documents\PowerShell\Modules\Pester\5.7.1\Pester.psm1:2024
at &lt;ScriptBlock&gt;, C:\Users\alexa\OneDrive\Documents\PowerShell\Modules\Pester\5.7.1\Pester.psm1:1985
at Invoke-ScriptBlock, C:\Users\alexa\OneDrive\Documents\PowerShell\Modules\Pester\5.7.1\Pester.psm1:2160
at Invoke-Block, C:\Users\alexa\OneDrive\Documents\PowerShell\Modules\Pester\5.7.1\Pester.psm1:940
at &lt;ScriptBlock&gt;, C:\Users\alexa\OneDrive\Documents\PowerShell\Modules\Pester\5.7.1\Pester.psm1:893
at &lt;ScriptBlock&gt;, C:\Users\alexa\OneDrive\Documents\PowerShell\Modules\Pester\5.7.1\Pester.psm1:2024
at &lt;ScriptBlock&gt;, C:\Users\alexa\OneDrive\Documents\PowerShell\Modules\Pester\5.7.1\Pester.psm1:1985
at Invoke-ScriptBlock, C:\Users\alexa\OneDrive\Documents\PowerShell\Modules\Pester\5.7.1\Pester.psm1:2160
at Invoke-Block, C:\Users\alexa\OneDrive\Documents\PowerShell\Modules\Pester\5.7.1\Pester.psm1:940
at &lt;ScriptBlock&gt;, C:\Users\alexa\OneDrive\Documents\PowerShell\Modules\Pester\5.7.1\Pester.psm1:1688
at &lt;ScriptBlock&gt;, C:\Users\alexa\OneDrive\Documents\PowerShell\Modules\Pester\5.7.1\Pester.ps1:3
at &lt;ScriptBlock&gt;, C:\Users\alexa\OneDrive\Documents\PowerShell\Modules\Pester\5.7.1\Pester.psm1:3260
at Invoke-InNewScriptScope, C:\Users\alexa\OneDrive\Documents\PowerShell\Modules\Pester\5.7.1\Pester.psm1:3267
at Run-Test, C:\Users\alexa\OneDrive\Documents\PowerShell\Modules\Pester\5.7.1\Pester.psm1:1691
at Invoke-Test, C:\Users\alexa\OneDrive\Documents\PowerShell\Modules\Pester\5.7.1\Pester.psm1:2512
at Invoke-Pester&lt;End&gt;, C:\Users\alexa\OneDrive\Documents\PowerShell\Modules\Pester\5.7.1\Pester.psm1:4960
at &lt;ScriptBlock&gt;, &lt;No file&gt;:1</stack-trace>
                    </failure>
                  </test-case>
                  <test-case description="Should have valid PowerShell syntax" name="0000_Cleanup-Files Script Tests.Script Validation.Should have valid PowerShell syntax" time="0.1286" asserts="0" success="False" result="Failure" executed="True">
                    <failure>
                      <message>RuntimeException: Should operator 'Be' is not registered
CmdletInvocationException: Should operator 'Be' is not registered
CommandNotFoundException: The 'Should' command was found in the module 'Pester', but the module could not be loaded due to the following error: [Should operator 'Be' is not registered]
For more information, run 'Import-Module Pester'.</message>
                      <stack-trace>at &lt;ScriptBlock&gt;, $env:PROJECT_ROOT\tests\unit\scripts\0000_Cleanup-Files.Tests.ps1:52
at &lt;ScriptBlock&gt;, C:\Users\alexa\OneDrive\Documents\PowerShell\Modules\Pester\5.7.1\Pester.psm1:2024
at &lt;ScriptBlock&gt;, C:\Users\alexa\OneDrive\Documents\PowerShell\Modules\Pester\5.7.1\Pester.psm1:1985
at Invoke-ScriptBlock, C:\Users\alexa\OneDrive\Documents\PowerShell\Modules\Pester\5.7.1\Pester.psm1:2157
at Invoke-TestItem, C:\Users\alexa\OneDrive\Documents\PowerShell\Modules\Pester\5.7.1\Pester.psm1:1199
at Invoke-Block, C:\Users\alexa\OneDrive\Documents\PowerShell\Modules\Pester\5.7.1\Pester.psm1:835
at &lt;ScriptBlock&gt;, C:\Users\alexa\OneDrive\Documents\PowerShell\Modules\Pester\5.7.1\Pester.psm1:893
at &lt;ScriptBlock&gt;, C:\Users\alexa\OneDrive\Documents\PowerShell\Modules\Pester\5.7.1\Pester.psm1:2024
at &lt;ScriptBlock&gt;, C:\Users\alexa\OneDrive\Documents\PowerShell\Modules\Pester\5.7.1\Pester.psm1:1985
at Invoke-ScriptBlock, C:\Users\alexa\OneDrive\Documents\PowerShell\Modules\Pester\5.7.1\Pester.psm1:2160
at Invoke-Block, C:\Users\alexa\OneDrive\Documents\PowerShell\Modules\Pester\5.7.1\Pester.psm1:940
at &lt;ScriptBlock&gt;, C:\Users\alexa\OneDrive\Documents\PowerShell\Modules\Pester\5.7.1\Pester.psm1:893
at &lt;ScriptBlock&gt;, C:\Users\alexa\OneDrive\Documents\PowerShell\Modules\Pester\5.7.1\Pester.psm1:2024
at &lt;ScriptBlock&gt;, C:\Users\alexa\OneDrive\Documents\PowerShell\Modules\Pester\5.7.1\Pester.psm1:1985
at Invoke-ScriptBlock, C:\Users\alexa\OneDrive\Documents\PowerShell\Modules\Pester\5.7.1\Pester.psm1:2160
at Invoke-Block, C:\Users\alexa\OneDrive\Documents\PowerShell\Modules\Pester\5.7.1\Pester.psm1:940
at &lt;ScriptBlock&gt;, C:\Users\alexa\OneDrive\Documents\PowerShell\Modules\Pester\5.7.1\Pester.psm1:893
at &lt;ScriptBlock&gt;, C:\Users\alexa\OneDrive\Documents\PowerShell\Modules\Pester\5.7.1\Pester.psm1:2024
at &lt;ScriptBlock&gt;, C:\Users\alexa\OneDrive\Documents\PowerShell\Modules\Pester\5.7.1\Pester.psm1:1985
at Invoke-ScriptBlock, C:\Users\alexa\OneDrive\Documents\PowerShell\Modules\Pester\5.7.1\Pester.psm1:2160
at Invoke-Block, C:\Users\alexa\OneDrive\Documents\PowerShell\Modules\Pester\5.7.1\Pester.psm1:940
at &lt;ScriptBlock&gt;, C:\Users\alexa\OneDrive\Documents\PowerShell\Modules\Pester\5.7.1\Pester.psm1:1688
at &lt;ScriptBlock&gt;, C:\Users\alexa\OneDrive\Documents\PowerShell\Modules\Pester\5.7.1\Pester.ps1:3
at &lt;ScriptBlock&gt;, C:\Users\alexa\OneDrive\Documents\PowerShell\Modules\Pester\5.7.1\Pester.psm1:3260
at Invoke-InNewScriptScope, C:\Users\alexa\OneDrive\Documents\PowerShell\Modules\Pester\5.7.1\Pester.psm1:3267
at Run-Test, C:\Users\alexa\OneDrive\Documents\PowerShell\Modules\Pester\5.7.1\Pester.psm1:1691
at Invoke-Test, C:\Users\alexa\OneDrive\Documents\PowerShell\Modules\Pester\5.7.1\Pester.psm1:2512
at Invoke-Pester&lt;End&gt;, C:\Users\alexa\OneDrive\Documents\PowerShell\Modules\Pester\5.7.1\Pester.psm1:4960
at &lt;ScriptBlock&gt;, &lt;No file&gt;:1</stack-trace>
                    </failure>
                  </test-case>
                  <test-case description="Should have required parameters" name="0000_Cleanup-Files Script Tests.Script Validation.Should have required parameters" time="0.1206" asserts="0" success="False" result="Failure" executed="True">
                    <failure>
                      <message>RuntimeException: Should operator 'Be' is not registered
CmdletInvocationException: Should operator 'Be' is not registered
CommandNotFoundException: The 'Should' command was found in the module 'Pester', but the module could not be loaded due to the following error: [Should operator 'Be' is not registered]
For more information, run 'Import-Module Pester'.</message>
                      <stack-trace>at &lt;ScriptBlock&gt;, $env:PROJECT_ROOT\tests\unit\scripts\0000_Cleanup-Files.Tests.ps1:57
at &lt;ScriptBlock&gt;, C:\Users\alexa\OneDrive\Documents\PowerShell\Modules\Pester\5.7.1\Pester.psm1:2024
at &lt;ScriptBlock&gt;, C:\Users\alexa\OneDrive\Documents\PowerShell\Modules\Pester\5.7.1\Pester.psm1:1985
at Invoke-ScriptBlock, C:\Users\alexa\OneDrive\Documents\PowerShell\Modules\Pester\5.7.1\Pester.psm1:2157
at Invoke-TestItem, C:\Users\alexa\OneDrive\Documents\PowerShell\Modules\Pester\5.7.1\Pester.psm1:1199
at Invoke-Block, C:\Users\alexa\OneDrive\Documents\PowerShell\Modules\Pester\5.7.1\Pester.psm1:835
at &lt;ScriptBlock&gt;, C:\Users\alexa\OneDrive\Documents\PowerShell\Modules\Pester\5.7.1\Pester.psm1:893
at &lt;ScriptBlock&gt;, C:\Users\alexa\OneDrive\Documents\PowerShell\Modules\Pester\5.7.1\Pester.psm1:2024
at &lt;ScriptBlock&gt;, C:\Users\alexa\OneDrive\Documents\PowerShell\Modules\Pester\5.7.1\Pester.psm1:1985
at Invoke-ScriptBlock, C:\Users\alexa\OneDrive\Documents\PowerShell\Modules\Pester\5.7.1\Pester.psm1:2160
at Invoke-Block, C:\Users\alexa\OneDrive\Documents\PowerShell\Modules\Pester\5.7.1\Pester.psm1:940
at &lt;ScriptBlock&gt;, C:\Users\alexa\OneDrive\Documents\PowerShell\Modules\Pester\5.7.1\Pester.psm1:893
at &lt;ScriptBlock&gt;, C:\Users\alexa\OneDrive\Documents\PowerShell\Modules\Pester\5.7.1\Pester.psm1:2024
at &lt;ScriptBlock&gt;, C:\Users\alexa\OneDrive\Documents\PowerShell\Modules\Pester\5.7.1\Pester.psm1:1985
at Invoke-ScriptBlock, C:\Users\alexa\OneDrive\Documents\PowerShell\Modules\Pester\5.7.1\Pester.psm1:2160
at Invoke-Block, C:\Users\alexa\OneDrive\Documents\PowerShell\Modules\Pester\5.7.1\Pester.psm1:940
at &lt;ScriptBlock&gt;, C:\Users\alexa\OneDrive\Documents\PowerShell\Modules\Pester\5.7.1\Pester.psm1:893
at &lt;ScriptBlock&gt;, C:\Users\alexa\OneDrive\Documents\PowerShell\Modules\Pester\5.7.1\Pester.psm1:2024
at &lt;ScriptBlock&gt;, C:\Users\alexa\OneDrive\Documents\PowerShell\Modules\Pester\5.7.1\Pester.psm1:1985
at Invoke-ScriptBlock, C:\Users\alexa\OneDrive\Documents\PowerShell\Modules\Pester\5.7.1\Pester.psm1:2160
at Invoke-Block, C:\Users\alexa\OneDrive\Documents\PowerShell\Modules\Pester\5.7.1\Pester.psm1:940
at &lt;ScriptBlock&gt;, C:\Users\alexa\OneDrive\Documents\PowerShell\Modules\Pester\5.7.1\Pester.psm1:1688
at &lt;ScriptBlock&gt;, C:\Users\alexa\OneDrive\Documents\PowerShell\Modules\Pester\5.7.1\Pester.ps1:3
at &lt;ScriptBlock&gt;, C:\Users\alexa\OneDrive\Documents\PowerShell\Modules\Pester\5.7.1\Pester.psm1:3260
at Invoke-InNewScriptScope, C:\Users\alexa\OneDrive\Documents\PowerShell\Modules\Pester\5.7.1\Pester.psm1:3267
at Run-Test, C:\Users\alexa\OneDrive\Documents\PowerShell\Modules\Pester\5.7.1\Pester.psm1:1691
at Invoke-Test, C:\Users\alexa\OneDrive\Documents\PowerShell\Modules\Pester\5.7.1\Pester.psm1:2512
at Invoke-Pester&lt;End&gt;, C:\Users\alexa\OneDrive\Documents\PowerShell\Modules\Pester\5.7.1\Pester.psm1:4960
at &lt;ScriptBlock&gt;, &lt;No file&gt;:1</stack-trace>
                    </failure>
                  </test-case>
                  <test-case description="Should import LabRunner module" name="0000_Cleanup-Files Script Tests.Script Validation.Should import LabRunner module" time="0.1181" asserts="0" success="False" result="Failure" executed="True">
                    <failure>
                      <message>RuntimeException: Should operator 'Be' is not registered
CmdletInvocationException: Should operator 'Be' is not registered
CommandNotFoundException: The 'Should' command was found in the module 'Pester', but the module could not be loaded due to the following error: [Should operator 'Be' is not registered]
For more information, run 'Import-Module Pester'.</message>
                      <stack-trace>at &lt;ScriptBlock&gt;, $env:PROJECT_ROOT\tests\unit\scripts\0000_Cleanup-Files.Tests.ps1:62
at &lt;ScriptBlock&gt;, C:\Users\alexa\OneDrive\Documents\PowerShell\Modules\Pester\5.7.1\Pester.psm1:2024
at &lt;ScriptBlock&gt;, C:\Users\alexa\OneDrive\Documents\PowerShell\Modules\Pester\5.7.1\Pester.psm1:1985
at Invoke-ScriptBlock, C:\Users\alexa\OneDrive\Documents\PowerShell\Modules\Pester\5.7.1\Pester.psm1:2157
at Invoke-TestItem, C:\Users\alexa\OneDrive\Documents\PowerShell\Modules\Pester\5.7.1\Pester.psm1:1199
at Invoke-Block, C:\Users\alexa\OneDrive\Documents\PowerShell\Modules\Pester\5.7.1\Pester.psm1:835
at &lt;ScriptBlock&gt;, C:\Users\alexa\OneDrive\Documents\PowerShell\Modules\Pester\5.7.1\Pester.psm1:893
at &lt;ScriptBlock&gt;, C:\Users\alexa\OneDrive\Documents\PowerShell\Modules\Pester\5.7.1\Pester.psm1:2024
at &lt;ScriptBlock&gt;, C:\Users\alexa\OneDrive\Documents\PowerShell\Modules\Pester\5.7.1\Pester.psm1:1985
at Invoke-ScriptBlock, C:\Users\alexa\OneDrive\Documents\PowerShell\Modules\Pester\5.7.1\Pester.psm1:2160
at Invoke-Block, C:\Users\alexa\OneDrive\Documents\PowerShell\Modules\Pester\5.7.1\Pester.psm1:940
at &lt;ScriptBlock&gt;, C:\Users\alexa\OneDrive\Documents\PowerShell\Modules\Pester\5.7.1\Pester.psm1:893
at &lt;ScriptBlock&gt;, C:\Users\alexa\OneDrive\Documents\PowerShell\Modules\Pester\5.7.1\Pester.psm1:2024
at &lt;ScriptBlock&gt;, C:\Users\alexa\OneDrive\Documents\PowerShell\Modules\Pester\5.7.1\Pester.psm1:1985
at Invoke-ScriptBlock, C:\Users\alexa\OneDrive\Documents\PowerShell\Modules\Pester\5.7.1\Pester.psm1:2160
at Invoke-Block, C:\Users\alexa\OneDrive\Documents\PowerShell\Modules\Pester\5.7.1\Pester.psm1:940
at &lt;ScriptBlock&gt;, C:\Users\alexa\OneDrive\Documents\PowerShell\Modules\Pester\5.7.1\Pester.psm1:893
at &lt;ScriptBlock&gt;, C:\Users\alexa\OneDrive\Documents\PowerShell\Modules\Pester\5.7.1\Pester.psm1:2024
at &lt;ScriptBlock&gt;, C:\Users\alexa\OneDrive\Documents\PowerShell\Modules\Pester\5.7.1\Pester.psm1:1985
at Invoke-ScriptBlock, C:\Users\alexa\OneDrive\Documents\PowerShell\Modules\Pester\5.7.1\Pester.psm1:2160
at Invoke-Block, C:\Users\alexa\OneDrive\Documents\PowerShell\Modules\Pester\5.7.1\Pester.psm1:940
at &lt;ScriptBlock&gt;, C:\Users\alexa\OneDrive\Documents\PowerShell\Modules\Pester\5.7.1\Pester.psm1:1688
at &lt;ScriptBlock&gt;, C:\Users\alexa\OneDrive\Documents\PowerShell\Modules\Pester\5.7.1\Pester.ps1:3
at &lt;ScriptBlock&gt;, C:\Users\alexa\OneDrive\Documents\PowerShell\Modules\Pester\5.7.1\Pester.psm1:3260
at Invoke-InNewScriptScope, C:\Users\alexa\OneDrive\Documents\PowerShell\Modules\Pester\5.7.1\Pester.psm1:3267
at Run-Test, C:\Users\alexa\OneDrive\Documents\PowerShell\Modules\Pester\5.7.1\Pester.psm1:1691
at Invoke-Test, C:\Users\alexa\OneDrive\Documents\PowerShell\Modules\Pester\5.7.1\Pester.psm1:2512
at Invoke-Pester&lt;End&gt;, C:\Users\alexa\OneDrive\Documents\PowerShell\Modules\Pester\5.7.1\Pester.psm1:4960
at &lt;ScriptBlock&gt;, &lt;No file&gt;:1</stack-trace>
                    </failure>
                  </test-case>
                  <test-case description="Should use Invoke-LabStep" name="0000_Cleanup-Files Script Tests.Script Validation.Should use Invoke-LabStep" time="0.1212" asserts="0" success="False" result="Failure" executed="True">
                    <failure>
                      <message>RuntimeException: Should operator 'Be' is not registered
CmdletInvocationException: Should operator 'Be' is not registered
CommandNotFoundException: The 'Should' command was found in the module 'Pester', but the module could not be loaded due to the following error: [Should operator 'Be' is not registered]
For more information, run 'Import-Module Pester'.</message>
                      <stack-trace>at &lt;ScriptBlock&gt;, $env:PROJECT_ROOT\tests\unit\scripts\0000_Cleanup-Files.Tests.ps1:67
at &lt;ScriptBlock&gt;, C:\Users\alexa\OneDrive\Documents\PowerShell\Modules\Pester\5.7.1\Pester.psm1:2024
at &lt;ScriptBlock&gt;, C:\Users\alexa\OneDrive\Documents\PowerShell\Modules\Pester\5.7.1\Pester.psm1:1985
at Invoke-ScriptBlock, C:\Users\alexa\OneDrive\Documents\PowerShell\Modules\Pester\5.7.1\Pester.psm1:2157
at Invoke-TestItem, C:\Users\alexa\OneDrive\Documents\PowerShell\Modules\Pester\5.7.1\Pester.psm1:1199
at Invoke-Block, C:\Users\alexa\OneDrive\Documents\PowerShell\Modules\Pester\5.7.1\Pester.psm1:835
at &lt;ScriptBlock&gt;, C:\Users\alexa\OneDrive\Documents\PowerShell\Modules\Pester\5.7.1\Pester.psm1:893
at &lt;ScriptBlock&gt;, C:\Users\alexa\OneDrive\Documents\PowerShell\Modules\Pester\5.7.1\Pester.psm1:2024
at &lt;ScriptBlock&gt;, C:\Users\alexa\OneDrive\Documents\PowerShell\Modules\Pester\5.7.1\Pester.psm1:1985
at Invoke-ScriptBlock, C:\Users\alexa\OneDrive\Documents\PowerShell\Modules\Pester\5.7.1\Pester.psm1:2160
at Invoke-Block, C:\Users\alexa\OneDrive\Documents\PowerShell\Modules\Pester\5.7.1\Pester.psm1:940
at &lt;ScriptBlock&gt;, C:\Users\alexa\OneDrive\Documents\PowerShell\Modules\Pester\5.7.1\Pester.psm1:893
at &lt;ScriptBlock&gt;, C:\Users\alexa\OneDrive\Documents\PowerShell\Modules\Pester\5.7.1\Pester.psm1:2024
at &lt;ScriptBlock&gt;, C:\Users\alexa\OneDrive\Documents\PowerShell\Modules\Pester\5.7.1\Pester.psm1:1985
at Invoke-ScriptBlock, C:\Users\alexa\OneDrive\Documents\PowerShell\Modules\Pester\5.7.1\Pester.psm1:2160
at Invoke-Block, C:\Users\alexa\OneDrive\Documents\PowerShell\Modules\Pester\5.7.1\Pester.psm1:940
at &lt;ScriptBlock&gt;, C:\Users\alexa\OneDrive\Documents\PowerShell\Modules\Pester\5.7.1\Pester.psm1:893
at &lt;ScriptBlock&gt;, C:\Users\alexa\OneDrive\Documents\PowerShell\Modules\Pester\5.7.1\Pester.psm1:2024
at &lt;ScriptBlock&gt;, C:\Users\alexa\OneDrive\Documents\PowerShell\Modules\Pester\5.7.1\Pester.psm1:1985
at Invoke-ScriptBlock, C:\Users\alexa\OneDrive\Documents\PowerShell\Modules\Pester\5.7.1\Pester.psm1:2160
at Invoke-Block, C:\Users\alexa\OneDrive\Documents\PowerShell\Modules\Pester\5.7.1\Pester.psm1:940
at &lt;ScriptBlock&gt;, C:\Users\alexa\OneDrive\Documents\PowerShell\Modules\Pester\5.7.1\Pester.psm1:1688
at &lt;ScriptBlock&gt;, C:\Users\alexa\OneDrive\Documents\PowerShell\Modules\Pester\5.7.1\Pester.ps1:3
at &lt;ScriptBlock&gt;, C:\Users\alexa\OneDrive\Documents\PowerShell\Modules\Pester\5.7.1\Pester.psm1:3260
at Invoke-InNewScriptScope, C:\Users\alexa\OneDrive\Documents\PowerShell\Modules\Pester\5.7.1\Pester.psm1:3267
at Run-Test, C:\Users\alexa\OneDrive\Documents\PowerShell\Modules\Pester\5.7.1\Pester.psm1:1691
at Invoke-Test, C:\Users\alexa\OneDrive\Documents\PowerShell\Modules\Pester\5.7.1\Pester.psm1:2512
at Invoke-Pester&lt;End&gt;, C:\Users\alexa\OneDrive\Documents\PowerShell\Modules\Pester\5.7.1\Pester.psm1:4960
at &lt;ScriptBlock&gt;, &lt;No file&gt;:1</stack-trace>
                    </failure>
                  </test-case>
                </results>
              </test-suite>
              <test-suite type="TestFixture" name="0000_Cleanup-Files Script Tests.Function Execution" executed="True" result="Failure" success="False" time="1.1693" asserts="0" description="0000_Cleanup-Files Script Tests.Function Execution">
                <results>
                  <test-case description="Should execute without errors with valid config" name="0000_Cleanup-Files Script Tests.Function Execution.Should execute without errors with valid config" time="0.1427" asserts="0" success="False" result="Failure" executed="True">
                    <failure>
                      <message>RuntimeException: Should operator 'Be' is not registered
CmdletInvocationException: Should operator 'Be' is not registered
CommandNotFoundException: The 'Should' command was found in the module 'Pester', but the module could not be loaded due to the following error: [Should operator 'Be' is not registered]
For more information, run 'Import-Module Pester'.</message>
                      <stack-trace>at &lt;ScriptBlock&gt;, $env:PROJECT_ROOT\tests\unit\scripts\0000_Cleanup-Files.Tests.ps1:87
at &lt;ScriptBlock&gt;, C:\Users\alexa\OneDrive\Documents\PowerShell\Modules\Pester\5.7.1\Pester.psm1:2024
at &lt;ScriptBlock&gt;, C:\Users\alexa\OneDrive\Documents\PowerShell\Modules\Pester\5.7.1\Pester.psm1:1985
at Invoke-ScriptBlock, C:\Users\alexa\OneDrive\Documents\PowerShell\Modules\Pester\5.7.1\Pester.psm1:2157
at Invoke-TestItem, C:\Users\alexa\OneDrive\Documents\PowerShell\Modules\Pester\5.7.1\Pester.psm1:1199
at Invoke-Block, C:\Users\alexa\OneDrive\Documents\PowerShell\Modules\Pester\5.7.1\Pester.psm1:835
at &lt;ScriptBlock&gt;, C:\Users\alexa\OneDrive\Documents\PowerShell\Modules\Pester\5.7.1\Pester.psm1:893
at &lt;ScriptBlock&gt;, C:\Users\alexa\OneDrive\Documents\PowerShell\Modules\Pester\5.7.1\Pester.psm1:2024
at &lt;ScriptBlock&gt;, C:\Users\alexa\OneDrive\Documents\PowerShell\Modules\Pester\5.7.1\Pester.psm1:1985
at Invoke-ScriptBlock, C:\Users\alexa\OneDrive\Documents\PowerShell\Modules\Pester\5.7.1\Pester.psm1:2160
at Invoke-Block, C:\Users\alexa\OneDrive\Documents\PowerShell\Modules\Pester\5.7.1\Pester.psm1:940
at &lt;ScriptBlock&gt;, C:\Users\alexa\OneDrive\Documents\PowerShell\Modules\Pester\5.7.1\Pester.psm1:893
at &lt;ScriptBlock&gt;, C:\Users\alexa\OneDrive\Documents\PowerShell\Modules\Pester\5.7.1\Pester.psm1:2024
at &lt;ScriptBlock&gt;, C:\Users\alexa\OneDrive\Documents\PowerShell\Modules\Pester\5.7.1\Pester.psm1:1985
at Invoke-ScriptBlock, C:\Users\alexa\OneDrive\Documents\PowerShell\Modules\Pester\5.7.1\Pester.psm1:2160
at Invoke-Block, C:\Users\alexa\OneDrive\Documents\PowerShell\Modules\Pester\5.7.1\Pester.psm1:940
at &lt;ScriptBlock&gt;, C:\Users\alexa\OneDrive\Documents\PowerShell\Modules\Pester\5.7.1\Pester.psm1:893
at &lt;ScriptBlock&gt;, C:\Users\alexa\OneDrive\Documents\PowerShell\Modules\Pester\5.7.1\Pester.psm1:2024
at &lt;ScriptBlock&gt;, C:\Users\alexa\OneDrive\Documents\PowerShell\Modules\Pester\5.7.1\Pester.psm1:1985
at Invoke-ScriptBlock, C:\Users\alexa\OneDrive\Documents\PowerShell\Modules\Pester\5.7.1\Pester.psm1:2160
at Invoke-Block, C:\Users\alexa\OneDrive\Documents\PowerShell\Modules\Pester\5.7.1\Pester.psm1:940
at &lt;ScriptBlock&gt;, C:\Users\alexa\OneDrive\Documents\PowerShell\Modules\Pester\5.7.1\Pester.psm1:1688
at &lt;ScriptBlock&gt;, C:\Users\alexa\OneDrive\Documents\PowerShell\Modules\Pester\5.7.1\Pester.ps1:3
at &lt;ScriptBlock&gt;, C:\Users\alexa\OneDrive\Documents\PowerShell\Modules\Pester\5.7.1\Pester.psm1:3260
at Invoke-InNewScriptScope, C:\Users\alexa\OneDrive\Documents\PowerShell\Modules\Pester\5.7.1\Pester.psm1:3267
at Run-Test, C:\Users\alexa\OneDrive\Documents\PowerShell\Modules\Pester\5.7.1\Pester.psm1:1691
at Invoke-Test, C:\Users\alexa\OneDrive\Documents\PowerShell\Modules\Pester\5.7.1\Pester.psm1:2512
at Invoke-Pester&lt;End&gt;, C:\Users\alexa\OneDrive\Documents\PowerShell\Modules\Pester\5.7.1\Pester.psm1:4960
at &lt;ScriptBlock&gt;, &lt;No file&gt;:1</stack-trace>
                    </failure>
                  </test-case>
                  <test-case description="Should handle missing directories gracefully" name="0000_Cleanup-Files Script Tests.Function Execution.Should handle missing directories gracefully" time="0.1364" asserts="0" success="False" result="Failure" executed="True">
                    <failure>
                      <message>RuntimeException: Should operator 'Be' is not registered
CmdletInvocationException: Should operator 'Be' is not registered
CommandNotFoundException: The 'Should' command was found in the module 'Pester', but the module could not be loaded due to the following error: [Should operator 'Be' is not registered]
For more information, run 'Import-Module Pester'.</message>
                      <stack-trace>at &lt;ScriptBlock&gt;, $env:PROJECT_ROOT\tests\unit\scripts\0000_Cleanup-Files.Tests.ps1:97
at &lt;ScriptBlock&gt;, C:\Users\alexa\OneDrive\Documents\PowerShell\Modules\Pester\5.7.1\Pester.psm1:2024
at &lt;ScriptBlock&gt;, C:\Users\alexa\OneDrive\Documents\PowerShell\Modules\Pester\5.7.1\Pester.psm1:1985
at Invoke-ScriptBlock, C:\Users\alexa\OneDrive\Documents\PowerShell\Modules\Pester\5.7.1\Pester.psm1:2157
at Invoke-TestItem, C:\Users\alexa\OneDrive\Documents\PowerShell\Modules\Pester\5.7.1\Pester.psm1:1199
at Invoke-Block, C:\Users\alexa\OneDrive\Documents\PowerShell\Modules\Pester\5.7.1\Pester.psm1:835
at &lt;ScriptBlock&gt;, C:\Users\alexa\OneDrive\Documents\PowerShell\Modules\Pester\5.7.1\Pester.psm1:893
at &lt;ScriptBlock&gt;, C:\Users\alexa\OneDrive\Documents\PowerShell\Modules\Pester\5.7.1\Pester.psm1:2024
at &lt;ScriptBlock&gt;, C:\Users\alexa\OneDrive\Documents\PowerShell\Modules\Pester\5.7.1\Pester.psm1:1985
at Invoke-ScriptBlock, C:\Users\alexa\OneDrive\Documents\PowerShell\Modules\Pester\5.7.1\Pester.psm1:2160
at Invoke-Block, C:\Users\alexa\OneDrive\Documents\PowerShell\Modules\Pester\5.7.1\Pester.psm1:940
at &lt;ScriptBlock&gt;, C:\Users\alexa\OneDrive\Documents\PowerShell\Modules\Pester\5.7.1\Pester.psm1:893
at &lt;ScriptBlock&gt;, C:\Users\alexa\OneDrive\Documents\PowerShell\Modules\Pester\5.7.1\Pester.psm1:2024
at &lt;ScriptBlock&gt;, C:\Users\alexa\OneDrive\Documents\PowerShell\Modules\Pester\5.7.1\Pester.psm1:1985
at Invoke-ScriptBlock, C:\Users\alexa\OneDrive\Documents\PowerShell\Modules\Pester\5.7.1\Pester.psm1:2160
at Invoke-Block, C:\Users\alexa\OneDrive\Documents\PowerShell\Modules\Pester\5.7.1\Pester.psm1:940
at &lt;ScriptBlock&gt;, C:\Users\alexa\OneDrive\Documents\PowerShell\Modules\Pester\5.7.1\Pester.psm1:893
at &lt;ScriptBlock&gt;, C:\Users\alexa\OneDrive\Documents\PowerShell\Modules\Pester\5.7.1\Pester.psm1:2024
at &lt;ScriptBlock&gt;, C:\Users\alexa\OneDrive\Documents\PowerShell\Modules\Pester\5.7.1\Pester.psm1:1985
at Invoke-ScriptBlock, C:\Users\alexa\OneDrive\Documents\PowerShell\Modules\Pester\5.7.1\Pester.psm1:2160
at Invoke-Block, C:\Users\alexa\OneDrive\Documents\PowerShell\Modules\Pester\5.7.1\Pester.psm1:940
at &lt;ScriptBlock&gt;, C:\Users\alexa\OneDrive\Documents\PowerShell\Modules\Pester\5.7.1\Pester.psm1:1688
at &lt;ScriptBlock&gt;, C:\Users\alexa\OneDrive\Documents\PowerShell\Modules\Pester\5.7.1\Pester.ps1:3
at &lt;ScriptBlock&gt;, C:\Users\alexa\OneDrive\Documents\PowerShell\Modules\Pester\5.7.1\Pester.psm1:3260
at Invoke-InNewScriptScope, C:\Users\alexa\OneDrive\Documents\PowerShell\Modules\Pester\5.7.1\Pester.psm1:3267
at Run-Test, C:\Users\alexa\OneDrive\Documents\PowerShell\Modules\Pester\5.7.1\Pester.psm1:1691
at Invoke-Test, C:\Users\alexa\OneDrive\Documents\PowerShell\Modules\Pester\5.7.1\Pester.psm1:2512
at Invoke-Pester&lt;End&gt;, C:\Users\alexa\OneDrive\Documents\PowerShell\Modules\Pester\5.7.1\Pester.psm1:4960
at &lt;ScriptBlock&gt;, &lt;No file&gt;:1</stack-trace>
                    </failure>
                  </test-case>
                  <test-case description="Should clean up test directories" name="0000_Cleanup-Files Script Tests.Function Execution.Should clean up test directories" time="0.2702" asserts="0" success="False" result="Failure" executed="True">
                    <failure>
                      <message>RuntimeException: Should operator 'Be' is not registered
CmdletInvocationException: Should operator 'Be' is not registered
CommandNotFoundException: The 'Should' command was found in the module 'Pester', but the module could not be loaded due to the following error: [Should operator 'Be' is not registered]
For more information, run 'Import-Module Pester'.</message>
                      <stack-trace>at &lt;ScriptBlock&gt;, $env:PROJECT_ROOT\tests\unit\scripts\0000_Cleanup-Files.Tests.ps1:112
at &lt;ScriptBlock&gt;, C:\Users\alexa\OneDrive\Documents\PowerShell\Modules\Pester\5.7.1\Pester.psm1:2024
at &lt;ScriptBlock&gt;, C:\Users\alexa\OneDrive\Documents\PowerShell\Modules\Pester\5.7.1\Pester.psm1:1985
at Invoke-ScriptBlock, C:\Users\alexa\OneDrive\Documents\PowerShell\Modules\Pester\5.7.1\Pester.psm1:2157
at Invoke-TestItem, C:\Users\alexa\OneDrive\Documents\PowerShell\Modules\Pester\5.7.1\Pester.psm1:1199
at Invoke-Block, C:\Users\alexa\OneDrive\Documents\PowerShell\Modules\Pester\5.7.1\Pester.psm1:835
at &lt;ScriptBlock&gt;, C:\Users\alexa\OneDrive\Documents\PowerShell\Modules\Pester\5.7.1\Pester.psm1:893
at &lt;ScriptBlock&gt;, C:\Users\alexa\OneDrive\Documents\PowerShell\Modules\Pester\5.7.1\Pester.psm1:2024
at &lt;ScriptBlock&gt;, C:\Users\alexa\OneDrive\Documents\PowerShell\Modules\Pester\5.7.1\Pester.psm1:1985
at Invoke-ScriptBlock, C:\Users\alexa\OneDrive\Documents\PowerShell\Modules\Pester\5.7.1\Pester.psm1:2160
at Invoke-Block, C:\Users\alexa\OneDrive\Documents\PowerShell\Modules\Pester\5.7.1\Pester.psm1:940
at &lt;ScriptBlock&gt;, C:\Users\alexa\OneDrive\Documents\PowerShell\Modules\Pester\5.7.1\Pester.psm1:893
at &lt;ScriptBlock&gt;, C:\Users\alexa\OneDrive\Documents\PowerShell\Modules\Pester\5.7.1\Pester.psm1:2024
at &lt;ScriptBlock&gt;, C:\Users\alexa\OneDrive\Documents\PowerShell\Modules\Pester\5.7.1\Pester.psm1:1985
at Invoke-ScriptBlock, C:\Users\alexa\OneDrive\Documents\PowerShell\Modules\Pester\5.7.1\Pester.psm1:2160
at Invoke-Block, C:\Users\alexa\OneDrive\Documents\PowerShell\Modules\Pester\5.7.1\Pester.psm1:940
at &lt;ScriptBlock&gt;, C:\Users\alexa\OneDrive\Documents\PowerShell\Modules\Pester\5.7.1\Pester.psm1:893
at &lt;ScriptBlock&gt;, C:\Users\alexa\OneDrive\Documents\PowerShell\Modules\Pester\5.7.1\Pester.psm1:2024
at &lt;ScriptBlock&gt;, C:\Users\alexa\OneDrive\Documents\PowerShell\Modules\Pester\5.7.1\Pester.psm1:1985
at Invoke-ScriptBlock, C:\Users\alexa\OneDrive\Documents\PowerShell\Modules\Pester\5.7.1\Pester.psm1:2160
at Invoke-Block, C:\Users\alexa\OneDrive\Documents\PowerShell\Modules\Pester\5.7.1\Pester.psm1:940
at &lt;ScriptBlock&gt;, C:\Users\alexa\OneDrive\Documents\PowerShell\Modules\Pester\5.7.1\Pester.psm1:1688
at &lt;ScriptBlock&gt;, C:\Users\alexa\OneDrive\Documents\PowerShell\Modules\Pester\5.7.1\Pester.ps1:3
at &lt;ScriptBlock&gt;, C:\Users\alexa\OneDrive\Documents\PowerShell\Modules\Pester\5.7.1\Pester.psm1:3260
at Invoke-InNewScriptScope, C:\Users\alexa\OneDrive\Documents\PowerShell\Modules\Pester\5.7.1\Pester.psm1:3267
at Run-Test, C:\Users\alexa\OneDrive\Documents\PowerShell\Modules\Pester\5.7.1\Pester.psm1:1691
at Invoke-Test, C:\Users\alexa\OneDrive\Documents\PowerShell\Modules\Pester\5.7.1\Pester.psm1:2512
at Invoke-Pester&lt;End&gt;, C:\Users\alexa\OneDrive\Documents\PowerShell\Modules\Pester\5.7.1\Pester.psm1:4960
at &lt;ScriptBlock&gt;, &lt;No file&gt;:1</stack-trace>
                    </failure>
                  </test-case>
                </results>
              </test-suite>
              <test-suite type="TestFixture" name="0000_Cleanup-Files Script Tests.Cross-Platform Compatibility" executed="True" result="Failure" success="False" time="1.2948" asserts="0" description="0000_Cleanup-Files Script Tests.Cross-Platform Compatibility">
                <results>
                  <test-case description="Should work on Windows" name="0000_Cleanup-Files Script Tests.Cross-Platform Compatibility.Should work on Windows" time="0.1215" asserts="0" success="False" result="Failure" executed="True">
                    <failure>
                      <message>RuntimeException: Should operator 'Be' is not registered
CmdletInvocationException: Should operator 'Be' is not registered
CommandNotFoundException: The 'Mock' command was found in the module 'Pester', but the module could not be loaded due to the following error: [Should operator 'Be' is not registered]
For more information, run 'Import-Module Pester'.</message>
                      <stack-trace>at &lt;ScriptBlock&gt;, $env:PROJECT_ROOT\tests\unit\scripts\0000_Cleanup-Files.Tests.ps1:119
at &lt;ScriptBlock&gt;, C:\Users\alexa\OneDrive\Documents\PowerShell\Modules\Pester\5.7.1\Pester.psm1:2024
at &lt;ScriptBlock&gt;, C:\Users\alexa\OneDrive\Documents\PowerShell\Modules\Pester\5.7.1\Pester.psm1:1985
at Invoke-ScriptBlock, C:\Users\alexa\OneDrive\Documents\PowerShell\Modules\Pester\5.7.1\Pester.psm1:2157
at Invoke-TestItem, C:\Users\alexa\OneDrive\Documents\PowerShell\Modules\Pester\5.7.1\Pester.psm1:1199
at Invoke-Block, C:\Users\alexa\OneDrive\Documents\PowerShell\Modules\Pester\5.7.1\Pester.psm1:835
at &lt;ScriptBlock&gt;, C:\Users\alexa\OneDrive\Documents\PowerShell\Modules\Pester\5.7.1\Pester.psm1:893
at &lt;ScriptBlock&gt;, C:\Users\alexa\OneDrive\Documents\PowerShell\Modules\Pester\5.7.1\Pester.psm1:2024
at &lt;ScriptBlock&gt;, C:\Users\alexa\OneDrive\Documents\PowerShell\Modules\Pester\5.7.1\Pester.psm1:1985
at Invoke-ScriptBlock, C:\Users\alexa\OneDrive\Documents\PowerShell\Modules\Pester\5.7.1\Pester.psm1:2160
at Invoke-Block, C:\Users\alexa\OneDrive\Documents\PowerShell\Modules\Pester\5.7.1\Pester.psm1:940
at &lt;ScriptBlock&gt;, C:\Users\alexa\OneDrive\Documents\PowerShell\Modules\Pester\5.7.1\Pester.psm1:893
at &lt;ScriptBlock&gt;, C:\Users\alexa\OneDrive\Documents\PowerShell\Modules\Pester\5.7.1\Pester.psm1:2024
at &lt;ScriptBlock&gt;, C:\Users\alexa\OneDrive\Documents\PowerShell\Modules\Pester\5.7.1\Pester.psm1:1985
at Invoke-ScriptBlock, C:\Users\alexa\OneDrive\Documents\PowerShell\Modules\Pester\5.7.1\Pester.psm1:2160
at Invoke-Block, C:\Users\alexa\OneDrive\Documents\PowerShell\Modules\Pester\5.7.1\Pester.psm1:940
at &lt;ScriptBlock&gt;, C:\Users\alexa\OneDrive\Documents\PowerShell\Modules\Pester\5.7.1\Pester.psm1:893
at &lt;ScriptBlock&gt;, C:\Users\alexa\OneDrive\Documents\PowerShell\Modules\Pester\5.7.1\Pester.psm1:2024
at &lt;ScriptBlock&gt;, C:\Users\alexa\OneDrive\Documents\PowerShell\Modules\Pester\5.7.1\Pester.psm1:1985
at Invoke-ScriptBlock, C:\Users\alexa\OneDrive\Documents\PowerShell\Modules\Pester\5.7.1\Pester.psm1:2160
at Invoke-Block, C:\Users\alexa\OneDrive\Documents\PowerShell\Modules\Pester\5.7.1\Pester.psm1:940
at &lt;ScriptBlock&gt;, C:\Users\alexa\OneDrive\Documents\PowerShell\Modules\Pester\5.7.1\Pester.psm1:1688
at &lt;ScriptBlock&gt;, C:\Users\alexa\OneDrive\Documents\PowerShell\Modules\Pester\5.7.1\Pester.ps1:3
at &lt;ScriptBlock&gt;, C:\Users\alexa\OneDrive\Documents\PowerShell\Modules\Pester\5.7.1\Pester.psm1:3260
at Invoke-InNewScriptScope, C:\Users\alexa\OneDrive\Documents\PowerShell\Modules\Pester\5.7.1\Pester.psm1:3267
at Run-Test, C:\Users\alexa\OneDrive\Documents\PowerShell\Modules\Pester\5.7.1\Pester.psm1:1691
at Invoke-Test, C:\Users\alexa\OneDrive\Documents\PowerShell\Modules\Pester\5.7.1\Pester.psm1:2512
at Invoke-Pester&lt;End&gt;, C:\Users\alexa\OneDrive\Documents\PowerShell\Modules\Pester\5.7.1\Pester.psm1:4960
at &lt;ScriptBlock&gt;, &lt;No file&gt;:1</stack-trace>
                    </failure>
                  </test-case>
                  <test-case description="Should work on Linux/macOS" name="0000_Cleanup-Files Script Tests.Cross-Platform Compatibility.Should work on Linux/macOS" time="0.0013" asserts="0" success="False" result="Ignored" executed="False" />
                </results>
              </test-suite>
              <test-suite type="TestFixture" name="0000_Cleanup-Files Script Tests.Error Handling" executed="True" result="Failure" success="False" time="1.6559" asserts="0" description="0000_Cleanup-Files Script Tests.Error Handling">
                <results>
                  <test-case description="Should handle null config gracefully" name="0000_Cleanup-Files Script Tests.Error Handling.Should handle null config gracefully" time="0.1164" asserts="0" success="False" result="Failure" executed="True">
                    <failure>
                      <message>RuntimeException: Should operator 'Be' is not registered
CmdletInvocationException: Should operator 'Be' is not registered
CommandNotFoundException: The 'Should' command was found in the module 'Pester', but the module could not be loaded due to the following error: [Should operator 'Be' is not registered]
For more information, run 'Import-Module Pester'.</message>
                      <stack-trace>at &lt;ScriptBlock&gt;, $env:PROJECT_ROOT\tests\unit\scripts\0000_Cleanup-Files.Tests.ps1:131
at &lt;ScriptBlock&gt;, C:\Users\alexa\OneDrive\Documents\PowerShell\Modules\Pester\5.7.1\Pester.psm1:2024
at &lt;ScriptBlock&gt;, C:\Users\alexa\OneDrive\Documents\PowerShell\Modules\Pester\5.7.1\Pester.psm1:1985
at Invoke-ScriptBlock, C:\Users\alexa\OneDrive\Documents\PowerShell\Modules\Pester\5.7.1\Pester.psm1:2157
at Invoke-TestItem, C:\Users\alexa\OneDrive\Documents\PowerShell\Modules\Pester\5.7.1\Pester.psm1:1199
at Invoke-Block, C:\Users\alexa\OneDrive\Documents\PowerShell\Modules\Pester\5.7.1\Pester.psm1:835
at &lt;ScriptBlock&gt;, C:\Users\alexa\OneDrive\Documents\PowerShell\Modules\Pester\5.7.1\Pester.psm1:893
at &lt;ScriptBlock&gt;, C:\Users\alexa\OneDrive\Documents\PowerShell\Modules\Pester\5.7.1\Pester.psm1:2024
at &lt;ScriptBlock&gt;, C:\Users\alexa\OneDrive\Documents\PowerShell\Modules\Pester\5.7.1\Pester.psm1:1985
at Invoke-ScriptBlock, C:\Users\alexa\OneDrive\Documents\PowerShell\Modules\Pester\5.7.1\Pester.psm1:2160
at Invoke-Block, C:\Users\alexa\OneDrive\Documents\PowerShell\Modules\Pester\5.7.1\Pester.psm1:940
at &lt;ScriptBlock&gt;, C:\Users\alexa\OneDrive\Documents\PowerShell\Modules\Pester\5.7.1\Pester.psm1:893
at &lt;ScriptBlock&gt;, C:\Users\alexa\OneDrive\Documents\PowerShell\Modules\Pester\5.7.1\Pester.psm1:2024
at &lt;ScriptBlock&gt;, C:\Users\alexa\OneDrive\Documents\PowerShell\Modules\Pester\5.7.1\Pester.psm1:1985
at Invoke-ScriptBlock, C:\Users\alexa\OneDrive\Documents\PowerShell\Modules\Pester\5.7.1\Pester.psm1:2160
at Invoke-Block, C:\Users\alexa\OneDrive\Documents\PowerShell\Modules\Pester\5.7.1\Pester.psm1:940
at &lt;ScriptBlock&gt;, C:\Users\alexa\OneDrive\Documents\PowerShell\Modules\Pester\5.7.1\Pester.psm1:893
at &lt;ScriptBlock&gt;, C:\Users\alexa\OneDrive\Documents\PowerShell\Modules\Pester\5.7.1\Pester.psm1:2024
at &lt;ScriptBlock&gt;, C:\Users\alexa\OneDrive\Documents\PowerShell\Modules\Pester\5.7.1\Pester.psm1:1985
at Invoke-ScriptBlock, C:\Users\alexa\OneDrive\Documents\PowerShell\Modules\Pester\5.7.1\Pester.psm1:2160
at Invoke-Block, C:\Users\alexa\OneDrive\Documents\PowerShell\Modules\Pester\5.7.1\Pester.psm1:940
at &lt;ScriptBlock&gt;, C:\Users\alexa\OneDrive\Documents\PowerShell\Modules\Pester\5.7.1\Pester.psm1:1688
at &lt;ScriptBlock&gt;, C:\Users\alexa\OneDrive\Documents\PowerShell\Modules\Pester\5.7.1\Pester.ps1:3
at &lt;ScriptBlock&gt;, C:\Users\alexa\OneDrive\Documents\PowerShell\Modules\Pester\5.7.1\Pester.psm1:3260
at Invoke-InNewScriptScope, C:\Users\alexa\OneDrive\Documents\PowerShell\Modules\Pester\5.7.1\Pester.psm1:3267
at Run-Test, C:\Users\alexa\OneDrive\Documents\PowerShell\Modules\Pester\5.7.1\Pester.psm1:1691
at Invoke-Test, C:\Users\alexa\OneDrive\Documents\PowerShell\Modules\Pester\5.7.1\Pester.psm1:2512
at Invoke-Pester&lt;End&gt;, C:\Users\alexa\OneDrive\Documents\PowerShell\Modules\Pester\5.7.1\Pester.psm1:4960
at &lt;ScriptBlock&gt;, &lt;No file&gt;:1</stack-trace>
                    </failure>
                  </test-case>
                  <test-case description="Should handle empty config gracefully" name="0000_Cleanup-Files Script Tests.Error Handling.Should handle empty config gracefully" time="0.1209" asserts="0" success="False" result="Failure" executed="True">
                    <failure>
                      <message>RuntimeException: Should operator 'Be' is not registered
CmdletInvocationException: Should operator 'Be' is not registered
CommandNotFoundException: The 'Should' command was found in the module 'Pester', but the module could not be loaded due to the following error: [Should operator 'Be' is not registered]
For more information, run 'Import-Module Pester'.</message>
                      <stack-trace>at &lt;ScriptBlock&gt;, $env:PROJECT_ROOT\tests\unit\scripts\0000_Cleanup-Files.Tests.ps1:135
at &lt;ScriptBlock&gt;, C:\Users\alexa\OneDrive\Documents\PowerShell\Modules\Pester\5.7.1\Pester.psm1:2024
at &lt;ScriptBlock&gt;, C:\Users\alexa\OneDrive\Documents\PowerShell\Modules\Pester\5.7.1\Pester.psm1:1985
at Invoke-ScriptBlock, C:\Users\alexa\OneDrive\Documents\PowerShell\Modules\Pester\5.7.1\Pester.psm1:2157
at Invoke-TestItem, C:\Users\alexa\OneDrive\Documents\PowerShell\Modules\Pester\5.7.1\Pester.psm1:1199
at Invoke-Block, C:\Users\alexa\OneDrive\Documents\PowerShell\Modules\Pester\5.7.1\Pester.psm1:835
at &lt;ScriptBlock&gt;, C:\Users\alexa\OneDrive\Documents\PowerShell\Modules\Pester\5.7.1\Pester.psm1:893
at &lt;ScriptBlock&gt;, C:\Users\alexa\OneDrive\Documents\PowerShell\Modules\Pester\5.7.1\Pester.psm1:2024
at &lt;ScriptBlock&gt;, C:\Users\alexa\OneDrive\Documents\PowerShell\Modules\Pester\5.7.1\Pester.psm1:1985
at Invoke-ScriptBlock, C:\Users\alexa\OneDrive\Documents\PowerShell\Modules\Pester\5.7.1\Pester.psm1:2160
at Invoke-Block, C:\Users\alexa\OneDrive\Documents\PowerShell\Modules\Pester\5.7.1\Pester.psm1:940
at &lt;ScriptBlock&gt;, C:\Users\alexa\OneDrive\Documents\PowerShell\Modules\Pester\5.7.1\Pester.psm1:893
at &lt;ScriptBlock&gt;, C:\Users\alexa\OneDrive\Documents\PowerShell\Modules\Pester\5.7.1\Pester.psm1:2024
at &lt;ScriptBlock&gt;, C:\Users\alexa\OneDrive\Documents\PowerShell\Modules\Pester\5.7.1\Pester.psm1:1985
at Invoke-ScriptBlock, C:\Users\alexa\OneDrive\Documents\PowerShell\Modules\Pester\5.7.1\Pester.psm1:2160
at Invoke-Block, C:\Users\alexa\OneDrive\Documents\PowerShell\Modules\Pester\5.7.1\Pester.psm1:940
at &lt;ScriptBlock&gt;, C:\Users\alexa\OneDrive\Documents\PowerShell\Modules\Pester\5.7.1\Pester.psm1:893
at &lt;ScriptBlock&gt;, C:\Users\alexa\OneDrive\Documents\PowerShell\Modules\Pester\5.7.1\Pester.psm1:2024
at &lt;ScriptBlock&gt;, C:\Users\alexa\OneDrive\Documents\PowerShell\Modules\Pester\5.7.1\Pester.psm1:1985
at Invoke-ScriptBlock, C:\Users\alexa\OneDrive\Documents\PowerShell\Modules\Pester\5.7.1\Pester.psm1:2160
at Invoke-Block, C:\Users\alexa\OneDrive\Documents\PowerShell\Modules\Pester\5.7.1\Pester.psm1:940
at &lt;ScriptBlock&gt;, C:\Users\alexa\OneDrive\Documents\PowerShell\Modules\Pester\5.7.1\Pester.psm1:1688
at &lt;ScriptBlock&gt;, C:\Users\alexa\OneDrive\Documents\PowerShell\Modules\Pester\5.7.1\Pester.ps1:3
at &lt;ScriptBlock&gt;, C:\Users\alexa\OneDrive\Documents\PowerShell\Modules\Pester\5.7.1\Pester.psm1:3260
at Invoke-InNewScriptScope, C:\Users\alexa\OneDrive\Documents\PowerShell\Modules\Pester\5.7.1\Pester.psm1:3267
at Run-Test, C:\Users\alexa\OneDrive\Documents\PowerShell\Modules\Pester\5.7.1\Pester.psm1:1691
at Invoke-Test, C:\Users\alexa\OneDrive\Documents\PowerShell\Modules\Pester\5.7.1\Pester.psm1:2512
at Invoke-Pester&lt;End&gt;, C:\Users\alexa\OneDrive\Documents\PowerShell\Modules\Pester\5.7.1\Pester.psm1:4960
at &lt;ScriptBlock&gt;, &lt;No file&gt;:1</stack-trace>
                    </failure>
                  </test-case>
                  <test-case description="Should handle invalid RepoUrl" name="0000_Cleanup-Files Script Tests.Error Handling.Should handle invalid RepoUrl" time="0.121" asserts="0" success="False" result="Failure" executed="True">
                    <failure>
                      <message>RuntimeException: Should operator 'Be' is not registered
CmdletInvocationException: Should operator 'Be' is not registered
CommandNotFoundException: The 'Should' command was found in the module 'Pester', but the module could not be loaded due to the following error: [Should operator 'Be' is not registered]
For more information, run 'Import-Module Pester'.</message>
                      <stack-trace>at &lt;ScriptBlock&gt;, $env:PROJECT_ROOT\tests\unit\scripts\0000_Cleanup-Files.Tests.ps1:145
at &lt;ScriptBlock&gt;, C:\Users\alexa\OneDrive\Documents\PowerShell\Modules\Pester\5.7.1\Pester.psm1:2024
at &lt;ScriptBlock&gt;, C:\Users\alexa\OneDrive\Documents\PowerShell\Modules\Pester\5.7.1\Pester.psm1:1985
at Invoke-ScriptBlock, C:\Users\alexa\OneDrive\Documents\PowerShell\Modules\Pester\5.7.1\Pester.psm1:2157
at Invoke-TestItem, C:\Users\alexa\OneDrive\Documents\PowerShell\Modules\Pester\5.7.1\Pester.psm1:1199
at Invoke-Block, C:\Users\alexa\OneDrive\Documents\PowerShell\Modules\Pester\5.7.1\Pester.psm1:835
at &lt;ScriptBlock&gt;, C:\Users\alexa\OneDrive\Documents\PowerShell\Modules\Pester\5.7.1\Pester.psm1:893
at &lt;ScriptBlock&gt;, C:\Users\alexa\OneDrive\Documents\PowerShell\Modules\Pester\5.7.1\Pester.psm1:2024
at &lt;ScriptBlock&gt;, C:\Users\alexa\OneDrive\Documents\PowerShell\Modules\Pester\5.7.1\Pester.psm1:1985
at Invoke-ScriptBlock, C:\Users\alexa\OneDrive\Documents\PowerShell\Modules\Pester\5.7.1\Pester.psm1:2160
at Invoke-Block, C:\Users\alexa\OneDrive\Documents\PowerShell\Modules\Pester\5.7.1\Pester.psm1:940
at &lt;ScriptBlock&gt;, C:\Users\alexa\OneDrive\Documents\PowerShell\Modules\Pester\5.7.1\Pester.psm1:893
at &lt;ScriptBlock&gt;, C:\Users\alexa\OneDrive\Documents\PowerShell\Modules\Pester\5.7.1\Pester.psm1:2024
at &lt;ScriptBlock&gt;, C:\Users\alexa\OneDrive\Documents\PowerShell\Modules\Pester\5.7.1\Pester.psm1:1985
at Invoke-ScriptBlock, C:\Users\alexa\OneDrive\Documents\PowerShell\Modules\Pester\5.7.1\Pester.psm1:2160
at Invoke-Block, C:\Users\alexa\OneDrive\Documents\PowerShell\Modules\Pester\5.7.1\Pester.psm1:940
at &lt;ScriptBlock&gt;, C:\Users\alexa\OneDrive\Documents\PowerShell\Modules\Pester\5.7.1\Pester.psm1:893
at &lt;ScriptBlock&gt;, C:\Users\alexa\OneDrive\Documents\PowerShell\Modules\Pester\5.7.1\Pester.psm1:2024
at &lt;ScriptBlock&gt;, C:\Users\alexa\OneDrive\Documents\PowerShell\Modules\Pester\5.7.1\Pester.psm1:1985
at Invoke-ScriptBlock, C:\Users\alexa\OneDrive\Documents\PowerShell\Modules\Pester\5.7.1\Pester.psm1:2160
at Invoke-Block, C:\Users\alexa\OneDrive\Documents\PowerShell\Modules\Pester\5.7.1\Pester.psm1:940
at &lt;ScriptBlock&gt;, C:\Users\alexa\OneDrive\Documents\PowerShell\Modules\Pester\5.7.1\Pester.psm1:1688
at &lt;ScriptBlock&gt;, C:\Users\alexa\OneDrive\Documents\PowerShell\Modules\Pester\5.7.1\Pester.ps1:3
at &lt;ScriptBlock&gt;, C:\Users\alexa\OneDrive\Documents\PowerShell\Modules\Pester\5.7.1\Pester.psm1:3260
at Invoke-InNewScriptScope, C:\Users\alexa\OneDrive\Documents\PowerShell\Modules\Pester\5.7.1\Pester.psm1:3267
at Run-Test, C:\Users\alexa\OneDrive\Documents\PowerShell\Modules\Pester\5.7.1\Pester.psm1:1691
at Invoke-Test, C:\Users\alexa\OneDrive\Documents\PowerShell\Modules\Pester\5.7.1\Pester.psm1:2512
at Invoke-Pester&lt;End&gt;, C:\Users\alexa\OneDrive\Documents\PowerShell\Modules\Pester\5.7.1\Pester.psm1:4960
at &lt;ScriptBlock&gt;, &lt;No file&gt;:1</stack-trace>
                    </failure>
                  </test-case>
                </results>
              </test-suite>
            </results>
          </test-suite>
        </results>
      </test-suite>
      <test-suite type="TestFixture" name="$env:PROJECT_ROOT\tests\unit\scripts\0001_Reset-Git.Tests.ps1" executed="True" result="Failure" success="False" time="0.3209" asserts="0" description="$env:PROJECT_ROOT\tests\unit\scripts\0001_Reset-Git.Tests.ps1">
        <results>
          <test-suite type="TestFixture" name="0001_Reset-Git Tests" executed="True" result="Failure" success="False" time="0.2781" asserts="0" description="0001_Reset-Git Tests">
            <results>
              <test-suite type="TestFixture" name="0001_Reset-Git Tests.Module Loading" executed="True" result="Failure" success="False" time="0.1261" asserts="0" description="0001_Reset-Git Tests.Module Loading">
                <results>
                  <test-case description="should load required modules" name="0001_Reset-Git Tests.Module Loading.should load required modules" time="0.1233" asserts="0" success="False" result="Failure" executed="True">
                    <failure>
                      <message>RuntimeException: Should operator 'Be' is not registered
CmdletInvocationException: Should operator 'Be' is not registered
CommandNotFoundException: The 'Should' command was found in the module 'Pester', but the module could not be loaded due to the following error: [Should operator 'Be' is not registered]
For more information, run 'Import-Module Pester'.</message>
                      <stack-trace>at &lt;ScriptBlock&gt;, $env:PROJECT_ROOT\tests\unit\scripts\0001_Reset-Git.Tests.ps1:11
at &lt;ScriptBlock&gt;, C:\Users\alexa\OneDrive\Documents\PowerShell\Modules\Pester\5.7.1\Pester.psm1:2024
at &lt;ScriptBlock&gt;, C:\Users\alexa\OneDrive\Documents\PowerShell\Modules\Pester\5.7.1\Pester.psm1:1985
at Invoke-ScriptBlock, C:\Users\alexa\OneDrive\Documents\PowerShell\Modules\Pester\5.7.1\Pester.psm1:2157
at Invoke-TestItem, C:\Users\alexa\OneDrive\Documents\PowerShell\Modules\Pester\5.7.1\Pester.psm1:1199
at Invoke-Block, C:\Users\alexa\OneDrive\Documents\PowerShell\Modules\Pester\5.7.1\Pester.psm1:835
at &lt;ScriptBlock&gt;, C:\Users\alexa\OneDrive\Documents\PowerShell\Modules\Pester\5.7.1\Pester.psm1:893
at &lt;ScriptBlock&gt;, C:\Users\alexa\OneDrive\Documents\PowerShell\Modules\Pester\5.7.1\Pester.psm1:2024
at &lt;ScriptBlock&gt;, C:\Users\alexa\OneDrive\Documents\PowerShell\Modules\Pester\5.7.1\Pester.psm1:1985
at Invoke-ScriptBlock, C:\Users\alexa\OneDrive\Documents\PowerShell\Modules\Pester\5.7.1\Pester.psm1:2160
at Invoke-Block, C:\Users\alexa\OneDrive\Documents\PowerShell\Modules\Pester\5.7.1\Pester.psm1:940
at &lt;ScriptBlock&gt;, C:\Users\alexa\OneDrive\Documents\PowerShell\Modules\Pester\5.7.1\Pester.psm1:893
at &lt;ScriptBlock&gt;, C:\Users\alexa\OneDrive\Documents\PowerShell\Modules\Pester\5.7.1\Pester.psm1:2024
at &lt;ScriptBlock&gt;, C:\Users\alexa\OneDrive\Documents\PowerShell\Modules\Pester\5.7.1\Pester.psm1:1985
at Invoke-ScriptBlock, C:\Users\alexa\OneDrive\Documents\PowerShell\Modules\Pester\5.7.1\Pester.psm1:2160
at Invoke-Block, C:\Users\alexa\OneDrive\Documents\PowerShell\Modules\Pester\5.7.1\Pester.psm1:940
at &lt;ScriptBlock&gt;, C:\Users\alexa\OneDrive\Documents\PowerShell\Modules\Pester\5.7.1\Pester.psm1:893
at &lt;ScriptBlock&gt;, C:\Users\alexa\OneDrive\Documents\PowerShell\Modules\Pester\5.7.1\Pester.psm1:2024
at &lt;ScriptBlock&gt;, C:\Users\alexa\OneDrive\Documents\PowerShell\Modules\Pester\5.7.1\Pester.psm1:1985
at Invoke-ScriptBlock, C:\Users\alexa\OneDrive\Documents\PowerShell\Modules\Pester\5.7.1\Pester.psm1:2160
at Invoke-Block, C:\Users\alexa\OneDrive\Documents\PowerShell\Modules\Pester\5.7.1\Pester.psm1:940
at &lt;ScriptBlock&gt;, C:\Users\alexa\OneDrive\Documents\PowerShell\Modules\Pester\5.7.1\Pester.psm1:1688
at &lt;ScriptBlock&gt;, C:\Users\alexa\OneDrive\Documents\PowerShell\Modules\Pester\5.7.1\Pester.ps1:3
at &lt;ScriptBlock&gt;, C:\Users\alexa\OneDrive\Documents\PowerShell\Modules\Pester\5.7.1\Pester.psm1:3260
at Invoke-InNewScriptScope, C:\Users\alexa\OneDrive\Documents\PowerShell\Modules\Pester\5.7.1\Pester.psm1:3267
at Run-Test, C:\Users\alexa\OneDrive\Documents\PowerShell\Modules\Pester\5.7.1\Pester.psm1:1691
at Invoke-Test, C:\Users\alexa\OneDrive\Documents\PowerShell\Modules\Pester\5.7.1\Pester.psm1:2512
at Invoke-Pester&lt;End&gt;, C:\Users\alexa\OneDrive\Documents\PowerShell\Modules\Pester\5.7.1\Pester.psm1:4960
at &lt;ScriptBlock&gt;, &lt;No file&gt;:1</stack-trace>
                    </failure>
                  </test-case>
                </results>
              </test-suite>
              <test-suite type="TestFixture" name="0001_Reset-Git Tests.Functionality Tests" executed="True" result="Failure" success="False" time="0.2491" asserts="0" description="0001_Reset-Git Tests.Functionality Tests">
                <results>
                  <test-case description="should execute without errors" name="0001_Reset-Git Tests.Functionality Tests.should execute without errors" time="0.1204" asserts="0" success="False" result="Failure" executed="True">
                    <failure>
                      <message>RuntimeException: Should operator 'Be' is not registered
CmdletInvocationException: Should operator 'Be' is not registered
CommandNotFoundException: The 'Should' command was found in the module 'Pester', but the module could not be loaded due to the following error: [Should operator 'Be' is not registered]
For more information, run 'Import-Module Pester'.</message>
                      <stack-trace>at &lt;ScriptBlock&gt;, $env:PROJECT_ROOT\tests\unit\scripts\0001_Reset-Git.Tests.ps1:18
at &lt;ScriptBlock&gt;, C:\Users\alexa\OneDrive\Documents\PowerShell\Modules\Pester\5.7.1\Pester.psm1:2024
at &lt;ScriptBlock&gt;, C:\Users\alexa\OneDrive\Documents\PowerShell\Modules\Pester\5.7.1\Pester.psm1:1985
at Invoke-ScriptBlock, C:\Users\alexa\OneDrive\Documents\PowerShell\Modules\Pester\5.7.1\Pester.psm1:2157
at Invoke-TestItem, C:\Users\alexa\OneDrive\Documents\PowerShell\Modules\Pester\5.7.1\Pester.psm1:1199
at Invoke-Block, C:\Users\alexa\OneDrive\Documents\PowerShell\Modules\Pester\5.7.1\Pester.psm1:835
at &lt;ScriptBlock&gt;, C:\Users\alexa\OneDrive\Documents\PowerShell\Modules\Pester\5.7.1\Pester.psm1:893
at &lt;ScriptBlock&gt;, C:\Users\alexa\OneDrive\Documents\PowerShell\Modules\Pester\5.7.1\Pester.psm1:2024
at &lt;ScriptBlock&gt;, C:\Users\alexa\OneDrive\Documents\PowerShell\Modules\Pester\5.7.1\Pester.psm1:1985
at Invoke-ScriptBlock, C:\Users\alexa\OneDrive\Documents\PowerShell\Modules\Pester\5.7.1\Pester.psm1:2160
at Invoke-Block, C:\Users\alexa\OneDrive\Documents\PowerShell\Modules\Pester\5.7.1\Pester.psm1:940
at &lt;ScriptBlock&gt;, C:\Users\alexa\OneDrive\Documents\PowerShell\Modules\Pester\5.7.1\Pester.psm1:893
at &lt;ScriptBlock&gt;, C:\Users\alexa\OneDrive\Documents\PowerShell\Modules\Pester\5.7.1\Pester.psm1:2024
at &lt;ScriptBlock&gt;, C:\Users\alexa\OneDrive\Documents\PowerShell\Modules\Pester\5.7.1\Pester.psm1:1985
at Invoke-ScriptBlock, C:\Users\alexa\OneDrive\Documents\PowerShell\Modules\Pester\5.7.1\Pester.psm1:2160
at Invoke-Block, C:\Users\alexa\OneDrive\Documents\PowerShell\Modules\Pester\5.7.1\Pester.psm1:940
at &lt;ScriptBlock&gt;, C:\Users\alexa\OneDrive\Documents\PowerShell\Modules\Pester\5.7.1\Pester.psm1:893
at &lt;ScriptBlock&gt;, C:\Users\alexa\OneDrive\Documents\PowerShell\Modules\Pester\5.7.1\Pester.psm1:2024
at &lt;ScriptBlock&gt;, C:\Users\alexa\OneDrive\Documents\PowerShell\Modules\Pester\5.7.1\Pester.psm1:1985
at Invoke-ScriptBlock, C:\Users\alexa\OneDrive\Documents\PowerShell\Modules\Pester\5.7.1\Pester.psm1:2160
at Invoke-Block, C:\Users\alexa\OneDrive\Documents\PowerShell\Modules\Pester\5.7.1\Pester.psm1:940
at &lt;ScriptBlock&gt;, C:\Users\alexa\OneDrive\Documents\PowerShell\Modules\Pester\5.7.1\Pester.psm1:1688
at &lt;ScriptBlock&gt;, C:\Users\alexa\OneDrive\Documents\PowerShell\Modules\Pester\5.7.1\Pester.ps1:3
at &lt;ScriptBlock&gt;, C:\Users\alexa\OneDrive\Documents\PowerShell\Modules\Pester\5.7.1\Pester.psm1:3260
at Invoke-InNewScriptScope, C:\Users\alexa\OneDrive\Documents\PowerShell\Modules\Pester\5.7.1\Pester.psm1:3267
at Run-Test, C:\Users\alexa\OneDrive\Documents\PowerShell\Modules\Pester\5.7.1\Pester.psm1:1691
at Invoke-Test, C:\Users\alexa\OneDrive\Documents\PowerShell\Modules\Pester\5.7.1\Pester.psm1:2512
at Invoke-Pester&lt;End&gt;, C:\Users\alexa\OneDrive\Documents\PowerShell\Modules\Pester\5.7.1\Pester.psm1:4960
at &lt;ScriptBlock&gt;, &lt;No file&gt;:1</stack-trace>
                    </failure>
                  </test-case>
                </results>
              </test-suite>
            </results>
          </test-suite>
        </results>
      </test-suite>
      <test-suite type="TestFixture" name="$env:PROJECT_ROOT\tests\unit\scripts\0002_Setup-Directories.Tests.ps1" executed="True" result="Failure" success="False" time="0.2918" asserts="0" description="$env:PROJECT_ROOT\tests\unit\scripts\0002_Setup-Directories.Tests.ps1">
        <results>
          <test-suite type="TestFixture" name="0002_Setup-Directories Tests" executed="True" result="Failure" success="False" time="0.2558" asserts="0" description="0002_Setup-Directories Tests">
            <results>
              <test-suite type="TestFixture" name="0002_Setup-Directories Tests.Module Loading" executed="True" result="Failure" success="False" time="0.1205" asserts="0" description="0002_Setup-Directories Tests.Module Loading">
                <results>
                  <test-case description="should load required modules" name="0002_Setup-Directories Tests.Module Loading.should load required modules" time="0.1179" asserts="0" success="False" result="Failure" executed="True">
                    <failure>
                      <message>RuntimeException: Should operator 'Be' is not registered
CmdletInvocationException: Should operator 'Be' is not registered
CommandNotFoundException: The 'Should' command was found in the module 'Pester', but the module could not be loaded due to the following error: [Should operator 'Be' is not registered]
For more information, run 'Import-Module Pester'.</message>
                      <stack-trace>at &lt;ScriptBlock&gt;, $env:PROJECT_ROOT\tests\unit\scripts\0002_Setup-Directories.Tests.ps1:11
at &lt;ScriptBlock&gt;, C:\Users\alexa\OneDrive\Documents\PowerShell\Modules\Pester\5.7.1\Pester.psm1:2024
at &lt;ScriptBlock&gt;, C:\Users\alexa\OneDrive\Documents\PowerShell\Modules\Pester\5.7.1\Pester.psm1:1985
at Invoke-ScriptBlock, C:\Users\alexa\OneDrive\Documents\PowerShell\Modules\Pester\5.7.1\Pester.psm1:2157
at Invoke-TestItem, C:\Users\alexa\OneDrive\Documents\PowerShell\Modules\Pester\5.7.1\Pester.psm1:1199
at Invoke-Block, C:\Users\alexa\OneDrive\Documents\PowerShell\Modules\Pester\5.7.1\Pester.psm1:835
at &lt;ScriptBlock&gt;, C:\Users\alexa\OneDrive\Documents\PowerShell\Modules\Pester\5.7.1\Pester.psm1:893
at &lt;ScriptBlock&gt;, C:\Users\alexa\OneDrive\Documents\PowerShell\Modules\Pester\5.7.1\Pester.psm1:2024
at &lt;ScriptBlock&gt;, C:\Users\alexa\OneDrive\Documents\PowerShell\Modules\Pester\5.7.1\Pester.psm1:1985
at Invoke-ScriptBlock, C:\Users\alexa\OneDrive\Documents\PowerShell\Modules\Pester\5.7.1\Pester.psm1:2160
at Invoke-Block, C:\Users\alexa\OneDrive\Documents\PowerShell\Modules\Pester\5.7.1\Pester.psm1:940
at &lt;ScriptBlock&gt;, C:\Users\alexa\OneDrive\Documents\PowerShell\Modules\Pester\5.7.1\Pester.psm1:893
at &lt;ScriptBlock&gt;, C:\Users\alexa\OneDrive\Documents\PowerShell\Modules\Pester\5.7.1\Pester.psm1:2024
at &lt;ScriptBlock&gt;, C:\Users\alexa\OneDrive\Documents\PowerShell\Modules\Pester\5.7.1\Pester.psm1:1985
at Invoke-ScriptBlock, C:\Users\alexa\OneDrive\Documents\PowerShell\Modules\Pester\5.7.1\Pester.psm1:2160
at Invoke-Block, C:\Users\alexa\OneDrive\Documents\PowerShell\Modules\Pester\5.7.1\Pester.psm1:940
at &lt;ScriptBlock&gt;, C:\Users\alexa\OneDrive\Documents\PowerShell\Modules\Pester\5.7.1\Pester.psm1:893
at &lt;ScriptBlock&gt;, C:\Users\alexa\OneDrive\Documents\PowerShell\Modules\Pester\5.7.1\Pester.psm1:2024
at &lt;ScriptBlock&gt;, C:\Users\alexa\OneDrive\Documents\PowerShell\Modules\Pester\5.7.1\Pester.psm1:1985
at Invoke-ScriptBlock, C:\Users\alexa\OneDrive\Documents\PowerShell\Modules\Pester\5.7.1\Pester.psm1:2160
at Invoke-Block, C:\Users\alexa\OneDrive\Documents\PowerShell\Modules\Pester\5.7.1\Pester.psm1:940
at &lt;ScriptBlock&gt;, C:\Users\alexa\OneDrive\Documents\PowerShell\Modules\Pester\5.7.1\Pester.psm1:1688
at &lt;ScriptBlock&gt;, C:\Users\alexa\OneDrive\Documents\PowerShell\Modules\Pester\5.7.1\Pester.ps1:3
at &lt;ScriptBlock&gt;, C:\Users\alexa\OneDrive\Documents\PowerShell\Modules\Pester\5.7.1\Pester.psm1:3260
at Invoke-InNewScriptScope, C:\Users\alexa\OneDrive\Documents\PowerShell\Modules\Pester\5.7.1\Pester.psm1:3267
at Run-Test, C:\Users\alexa\OneDrive\Documents\PowerShell\Modules\Pester\5.7.1\Pester.psm1:1691
at Invoke-Test, C:\Users\alexa\OneDrive\Documents\PowerShell\Modules\Pester\5.7.1\Pester.psm1:2512
at Invoke-Pester&lt;End&gt;, C:\Users\alexa\OneDrive\Documents\PowerShell\Modules\Pester\5.7.1\Pester.psm1:4960
at &lt;ScriptBlock&gt;, &lt;No file&gt;:1</stack-trace>
                    </failure>
                  </test-case>
                </results>
              </test-suite>
              <test-suite type="TestFixture" name="0002_Setup-Directories Tests.Functionality Tests" executed="True" result="Failure" success="False" time="0.2347" asserts="0" description="0002_Setup-Directories Tests.Functionality Tests">
                <results>
                  <test-case description="should execute without errors" name="0002_Setup-Directories Tests.Functionality Tests.should execute without errors" time="0.1118" asserts="0" success="False" result="Failure" executed="True">
                    <failure>
                      <message>RuntimeException: Should operator 'Be' is not registered
CmdletInvocationException: Should operator 'Be' is not registered
CommandNotFoundException: The 'Should' command was found in the module 'Pester', but the module could not be loaded due to the following error: [Should operator 'Be' is not registered]
For more information, run 'Import-Module Pester'.</message>
                      <stack-trace>at &lt;ScriptBlock&gt;, $env:PROJECT_ROOT\tests\unit\scripts\0002_Setup-Directories.Tests.ps1:18
at &lt;ScriptBlock&gt;, C:\Users\alexa\OneDrive\Documents\PowerShell\Modules\Pester\5.7.1\Pester.psm1:2024
at &lt;ScriptBlock&gt;, C:\Users\alexa\OneDrive\Documents\PowerShell\Modules\Pester\5.7.1\Pester.psm1:1985
at Invoke-ScriptBlock, C:\Users\alexa\OneDrive\Documents\PowerShell\Modules\Pester\5.7.1\Pester.psm1:2157
at Invoke-TestItem, C:\Users\alexa\OneDrive\Documents\PowerShell\Modules\Pester\5.7.1\Pester.psm1:1199
at Invoke-Block, C:\Users\alexa\OneDrive\Documents\PowerShell\Modules\Pester\5.7.1\Pester.psm1:835
at &lt;ScriptBlock&gt;, C:\Users\alexa\OneDrive\Documents\PowerShell\Modules\Pester\5.7.1\Pester.psm1:893
at &lt;ScriptBlock&gt;, C:\Users\alexa\OneDrive\Documents\PowerShell\Modules\Pester\5.7.1\Pester.psm1:2024
at &lt;ScriptBlock&gt;, C:\Users\alexa\OneDrive\Documents\PowerShell\Modules\Pester\5.7.1\Pester.psm1:1985
at Invoke-ScriptBlock, C:\Users\alexa\OneDrive\Documents\PowerShell\Modules\Pester\5.7.1\Pester.psm1:2160
at Invoke-Block, C:\Users\alexa\OneDrive\Documents\PowerShell\Modules\Pester\5.7.1\Pester.psm1:940
at &lt;ScriptBlock&gt;, C:\Users\alexa\OneDrive\Documents\PowerShell\Modules\Pester\5.7.1\Pester.psm1:893
at &lt;ScriptBlock&gt;, C:\Users\alexa\OneDrive\Documents\PowerShell\Modules\Pester\5.7.1\Pester.psm1:2024
at &lt;ScriptBlock&gt;, C:\Users\alexa\OneDrive\Documents\PowerShell\Modules\Pester\5.7.1\Pester.psm1:1985
at Invoke-ScriptBlock, C:\Users\alexa\OneDrive\Documents\PowerShell\Modules\Pester\5.7.1\Pester.psm1:2160
at Invoke-Block, C:\Users\alexa\OneDrive\Documents\PowerShell\Modules\Pester\5.7.1\Pester.psm1:940
at &lt;ScriptBlock&gt;, C:\Users\alexa\OneDrive\Documents\PowerShell\Modules\Pester\5.7.1\Pester.psm1:893
at &lt;ScriptBlock&gt;, C:\Users\alexa\OneDrive\Documents\PowerShell\Modules\Pester\5.7.1\Pester.psm1:2024
at &lt;ScriptBlock&gt;, C:\Users\alexa\OneDrive\Documents\PowerShell\Modules\Pester\5.7.1\Pester.psm1:1985
at Invoke-ScriptBlock, C:\Users\alexa\OneDrive\Documents\PowerShell\Modules\Pester\5.7.1\Pester.psm1:2160
at Invoke-Block, C:\Users\alexa\OneDrive\Documents\PowerShell\Modules\Pester\5.7.1\Pester.psm1:940
at &lt;ScriptBlock&gt;, C:\Users\alexa\OneDrive\Documents\PowerShell\Modules\Pester\5.7.1\Pester.psm1:1688
at &lt;ScriptBlock&gt;, C:\Users\alexa\OneDrive\Documents\PowerShell\Modules\Pester\5.7.1\Pester.ps1:3
at &lt;ScriptBlock&gt;, C:\Users\alexa\OneDrive\Documents\PowerShell\Modules\Pester\5.7.1\Pester.psm1:3260
at Invoke-InNewScriptScope, C:\Users\alexa\OneDrive\Documents\PowerShell\Modules\Pester\5.7.1\Pester.psm1:3267
at Run-Test, C:\Users\alexa\OneDrive\Documents\PowerShell\Modules\Pester\5.7.1\Pester.psm1:1691
at Invoke-Test, C:\Users\alexa\OneDrive\Documents\PowerShell\Modules\Pester\5.7.1\Pester.psm1:2512
at Invoke-Pester&lt;End&gt;, C:\Users\alexa\OneDrive\Documents\PowerShell\Modules\Pester\5.7.1\Pester.psm1:4960
at &lt;ScriptBlock&gt;, &lt;No file&gt;:1</stack-trace>
                    </failure>
                  </test-case>
                </results>
              </test-suite>
            </results>
          </test-suite>
        </results>
      </test-suite>
      <test-suite type="TestFixture" name="$env:PROJECT_ROOT\tests\unit\scripts\0006_Install-ValidationTools.Tests.ps1" executed="True" result="Failure" success="False" time="0.2861" asserts="0" description="$env:PROJECT_ROOT\tests\unit\scripts\0006_Install-ValidationTools.Tests.ps1">
        <results>
          <test-suite type="TestFixture" name="0006_Install-ValidationTools Tests" executed="True" result="Failure" success="False" time="0.2501" asserts="0" description="0006_Install-ValidationTools Tests">
            <results>
              <test-suite type="TestFixture" name="0006_Install-ValidationTools Tests.Module Loading" executed="True" result="Failure" success="False" time="0.1187" asserts="0" description="0006_Install-ValidationTools Tests.Module Loading">
                <results>
                  <test-case description="should load required modules" name="0006_Install-ValidationTools Tests.Module Loading.should load required modules" time="0.1161" asserts="0" success="False" result="Failure" executed="True">
                    <failure>
                      <message>RuntimeException: Should operator 'Be' is not registered
CmdletInvocationException: Should operator 'Be' is not registered
CommandNotFoundException: The 'Should' command was found in the module 'Pester', but the module could not be loaded due to the following error: [Should operator 'Be' is not registered]
For more information, run 'Import-Module Pester'.</message>
                      <stack-trace>at &lt;ScriptBlock&gt;, $env:PROJECT_ROOT\tests\unit\scripts\0006_Install-ValidationTools.Tests.ps1:10
at &lt;ScriptBlock&gt;, C:\Users\alexa\OneDrive\Documents\PowerShell\Modules\Pester\5.7.1\Pester.psm1:2024
at &lt;ScriptBlock&gt;, C:\Users\alexa\OneDrive\Documents\PowerShell\Modules\Pester\5.7.1\Pester.psm1:1985
at Invoke-ScriptBlock, C:\Users\alexa\OneDrive\Documents\PowerShell\Modules\Pester\5.7.1\Pester.psm1:2157
at Invoke-TestItem, C:\Users\alexa\OneDrive\Documents\PowerShell\Modules\Pester\5.7.1\Pester.psm1:1199
at Invoke-Block, C:\Users\alexa\OneDrive\Documents\PowerShell\Modules\Pester\5.7.1\Pester.psm1:835
at &lt;ScriptBlock&gt;, C:\Users\alexa\OneDrive\Documents\PowerShell\Modules\Pester\5.7.1\Pester.psm1:893
at &lt;ScriptBlock&gt;, C:\Users\alexa\OneDrive\Documents\PowerShell\Modules\Pester\5.7.1\Pester.psm1:2024
at &lt;ScriptBlock&gt;, C:\Users\alexa\OneDrive\Documents\PowerShell\Modules\Pester\5.7.1\Pester.psm1:1985
at Invoke-ScriptBlock, C:\Users\alexa\OneDrive\Documents\PowerShell\Modules\Pester\5.7.1\Pester.psm1:2160
at Invoke-Block, C:\Users\alexa\OneDrive\Documents\PowerShell\Modules\Pester\5.7.1\Pester.psm1:940
at &lt;ScriptBlock&gt;, C:\Users\alexa\OneDrive\Documents\PowerShell\Modules\Pester\5.7.1\Pester.psm1:893
at &lt;ScriptBlock&gt;, C:\Users\alexa\OneDrive\Documents\PowerShell\Modules\Pester\5.7.1\Pester.psm1:2024
at &lt;ScriptBlock&gt;, C:\Users\alexa\OneDrive\Documents\PowerShell\Modules\Pester\5.7.1\Pester.psm1:1985
at Invoke-ScriptBlock, C:\Users\alexa\OneDrive\Documents\PowerShell\Modules\Pester\5.7.1\Pester.psm1:2160
at Invoke-Block, C:\Users\alexa\OneDrive\Documents\PowerShell\Modules\Pester\5.7.1\Pester.psm1:940
at &lt;ScriptBlock&gt;, C:\Users\alexa\OneDrive\Documents\PowerShell\Modules\Pester\5.7.1\Pester.psm1:893
at &lt;ScriptBlock&gt;, C:\Users\alexa\OneDrive\Documents\PowerShell\Modules\Pester\5.7.1\Pester.psm1:2024
at &lt;ScriptBlock&gt;, C:\Users\alexa\OneDrive\Documents\PowerShell\Modules\Pester\5.7.1\Pester.psm1:1985
at Invoke-ScriptBlock, C:\Users\alexa\OneDrive\Documents\PowerShell\Modules\Pester\5.7.1\Pester.psm1:2160
at Invoke-Block, C:\Users\alexa\OneDrive\Documents\PowerShell\Modules\Pester\5.7.1\Pester.psm1:940
at &lt;ScriptBlock&gt;, C:\Users\alexa\OneDrive\Documents\PowerShell\Modules\Pester\5.7.1\Pester.psm1:1688
at &lt;ScriptBlock&gt;, C:\Users\alexa\OneDrive\Documents\PowerShell\Modules\Pester\5.7.1\Pester.ps1:3
at &lt;ScriptBlock&gt;, C:\Users\alexa\OneDrive\Documents\PowerShell\Modules\Pester\5.7.1\Pester.psm1:3260
at Invoke-InNewScriptScope, C:\Users\alexa\OneDrive\Documents\PowerShell\Modules\Pester\5.7.1\Pester.psm1:3267
at Run-Test, C:\Users\alexa\OneDrive\Documents\PowerShell\Modules\Pester\5.7.1\Pester.psm1:1691
at Invoke-Test, C:\Users\alexa\OneDrive\Documents\PowerShell\Modules\Pester\5.7.1\Pester.psm1:2512
at Invoke-Pester&lt;End&gt;, C:\Users\alexa\OneDrive\Documents\PowerShell\Modules\Pester\5.7.1\Pester.psm1:4960
at &lt;ScriptBlock&gt;, &lt;No file&gt;:1</stack-trace>
                    </failure>
                  </test-case>
                </results>
              </test-suite>
              <test-suite type="TestFixture" name="0006_Install-ValidationTools Tests.Functionality Tests" executed="True" result="Failure" success="False" time="0.2305" asserts="0" description="0006_Install-ValidationTools Tests.Functionality Tests">
                <results>
                  <test-case description="should execute without errors" name="0006_Install-ValidationTools Tests.Functionality Tests.should execute without errors" time="0.1095" asserts="0" success="False" result="Failure" executed="True">
                    <failure>
                      <message>RuntimeException: Should operator 'Be' is not registered
CmdletInvocationException: Should operator 'Be' is not registered
CommandNotFoundException: The 'Should' command was found in the module 'Pester', but the module could not be loaded due to the following error: [Should operator 'Be' is not registered]
For more information, run 'Import-Module Pester'.</message>
                      <stack-trace>at &lt;ScriptBlock&gt;, $env:PROJECT_ROOT\tests\unit\scripts\0006_Install-ValidationTools.Tests.ps1:17
at &lt;ScriptBlock&gt;, C:\Users\alexa\OneDrive\Documents\PowerShell\Modules\Pester\5.7.1\Pester.psm1:2024
at &lt;ScriptBlock&gt;, C:\Users\alexa\OneDrive\Documents\PowerShell\Modules\Pester\5.7.1\Pester.psm1:1985
at Invoke-ScriptBlock, C:\Users\alexa\OneDrive\Documents\PowerShell\Modules\Pester\5.7.1\Pester.psm1:2157
at Invoke-TestItem, C:\Users\alexa\OneDrive\Documents\PowerShell\Modules\Pester\5.7.1\Pester.psm1:1199
at Invoke-Block, C:\Users\alexa\OneDrive\Documents\PowerShell\Modules\Pester\5.7.1\Pester.psm1:835
at &lt;ScriptBlock&gt;, C:\Users\alexa\OneDrive\Documents\PowerShell\Modules\Pester\5.7.1\Pester.psm1:893
at &lt;ScriptBlock&gt;, C:\Users\alexa\OneDrive\Documents\PowerShell\Modules\Pester\5.7.1\Pester.psm1:2024
at &lt;ScriptBlock&gt;, C:\Users\alexa\OneDrive\Documents\PowerShell\Modules\Pester\5.7.1\Pester.psm1:1985
at Invoke-ScriptBlock, C:\Users\alexa\OneDrive\Documents\PowerShell\Modules\Pester\5.7.1\Pester.psm1:2160
at Invoke-Block, C:\Users\alexa\OneDrive\Documents\PowerShell\Modules\Pester\5.7.1\Pester.psm1:940
at &lt;ScriptBlock&gt;, C:\Users\alexa\OneDrive\Documents\PowerShell\Modules\Pester\5.7.1\Pester.psm1:893
at &lt;ScriptBlock&gt;, C:\Users\alexa\OneDrive\Documents\PowerShell\Modules\Pester\5.7.1\Pester.psm1:2024
at &lt;ScriptBlock&gt;, C:\Users\alexa\OneDrive\Documents\PowerShell\Modules\Pester\5.7.1\Pester.psm1:1985
at Invoke-ScriptBlock, C:\Users\alexa\OneDrive\Documents\PowerShell\Modules\Pester\5.7.1\Pester.psm1:2160
at Invoke-Block, C:\Users\alexa\OneDrive\Documents\PowerShell\Modules\Pester\5.7.1\Pester.psm1:940
at &lt;ScriptBlock&gt;, C:\Users\alexa\OneDrive\Documents\PowerShell\Modules\Pester\5.7.1\Pester.psm1:893
at &lt;ScriptBlock&gt;, C:\Users\alexa\OneDrive\Documents\PowerShell\Modules\Pester\5.7.1\Pester.psm1:2024
at &lt;ScriptBlock&gt;, C:\Users\alexa\OneDrive\Documents\PowerShell\Modules\Pester\5.7.1\Pester.psm1:1985
at Invoke-ScriptBlock, C:\Users\alexa\OneDrive\Documents\PowerShell\Modules\Pester\5.7.1\Pester.psm1:2160
at Invoke-Block, C:\Users\alexa\OneDrive\Documents\PowerShell\Modules\Pester\5.7.1\Pester.psm1:940
at &lt;ScriptBlock&gt;, C:\Users\alexa\OneDrive\Documents\PowerShell\Modules\Pester\5.7.1\Pester.psm1:1688
at &lt;ScriptBlock&gt;, C:\Users\alexa\OneDrive\Documents\PowerShell\Modules\Pester\5.7.1\Pester.ps1:3
at &lt;ScriptBlock&gt;, C:\Users\alexa\OneDrive\Documents\PowerShell\Modules\Pester\5.7.1\Pester.psm1:3260
at Invoke-InNewScriptScope, C:\Users\alexa\OneDrive\Documents\PowerShell\Modules\Pester\5.7.1\Pester.psm1:3267
at Run-Test, C:\Users\alexa\OneDrive\Documents\PowerShell\Modules\Pester\5.7.1\Pester.psm1:1691
at Invoke-Test, C:\Users\alexa\OneDrive\Documents\PowerShell\Modules\Pester\5.7.1\Pester.psm1:2512
at Invoke-Pester&lt;End&gt;, C:\Users\alexa\OneDrive\Documents\PowerShell\Modules\Pester\5.7.1\Pester.psm1:4960
at &lt;ScriptBlock&gt;, &lt;No file&gt;:1</stack-trace>
                    </failure>
                  </test-case>
                </results>
              </test-suite>
            </results>
          </test-suite>
        </results>
      </test-suite>
      <test-suite type="TestFixture" name="$env:PROJECT_ROOT\tests\unit\scripts\0007_Install-Go.Tests.ps1" executed="True" result="Failure" success="False" time="0.2829" asserts="0" description="$env:PROJECT_ROOT\tests\unit\scripts\0007_Install-Go.Tests.ps1">
        <results>
          <test-suite type="TestFixture" name="0007_Install-Go Tests" executed="True" result="Failure" success="False" time="0.2447" asserts="0" description="0007_Install-Go Tests">
            <results>
              <test-suite type="TestFixture" name="0007_Install-Go Tests.Module Loading" executed="True" result="Failure" success="False" time="0.1189" asserts="0" description="0007_Install-Go Tests.Module Loading">
                <results>
                  <test-case description="should load required modules" name="0007_Install-Go Tests.Module Loading.should load required modules" time="0.1162" asserts="0" success="False" result="Failure" executed="True">
                    <failure>
                      <message>RuntimeException: Should operator 'Be' is not registered
CmdletInvocationException: Should operator 'Be' is not registered
CommandNotFoundException: The 'Should' command was found in the module 'Pester', but the module could not be loaded due to the following error: [Should operator 'Be' is not registered]
For more information, run 'Import-Module Pester'.</message>
                      <stack-trace>at &lt;ScriptBlock&gt;, $env:PROJECT_ROOT\tests\unit\scripts\0007_Install-Go.Tests.ps1:10
at &lt;ScriptBlock&gt;, C:\Users\alexa\OneDrive\Documents\PowerShell\Modules\Pester\5.7.1\Pester.psm1:2024
at &lt;ScriptBlock&gt;, C:\Users\alexa\OneDrive\Documents\PowerShell\Modules\Pester\5.7.1\Pester.psm1:1985
at Invoke-ScriptBlock, C:\Users\alexa\OneDrive\Documents\PowerShell\Modules\Pester\5.7.1\Pester.psm1:2157
at Invoke-TestItem, C:\Users\alexa\OneDrive\Documents\PowerShell\Modules\Pester\5.7.1\Pester.psm1:1199
at Invoke-Block, C:\Users\alexa\OneDrive\Documents\PowerShell\Modules\Pester\5.7.1\Pester.psm1:835
at &lt;ScriptBlock&gt;, C:\Users\alexa\OneDrive\Documents\PowerShell\Modules\Pester\5.7.1\Pester.psm1:893
at &lt;ScriptBlock&gt;, C:\Users\alexa\OneDrive\Documents\PowerShell\Modules\Pester\5.7.1\Pester.psm1:2024
at &lt;ScriptBlock&gt;, C:\Users\alexa\OneDrive\Documents\PowerShell\Modules\Pester\5.7.1\Pester.psm1:1985
at Invoke-ScriptBlock, C:\Users\alexa\OneDrive\Documents\PowerShell\Modules\Pester\5.7.1\Pester.psm1:2160
at Invoke-Block, C:\Users\alexa\OneDrive\Documents\PowerShell\Modules\Pester\5.7.1\Pester.psm1:940
at &lt;ScriptBlock&gt;, C:\Users\alexa\OneDrive\Documents\PowerShell\Modules\Pester\5.7.1\Pester.psm1:893
at &lt;ScriptBlock&gt;, C:\Users\alexa\OneDrive\Documents\PowerShell\Modules\Pester\5.7.1\Pester.psm1:2024
at &lt;ScriptBlock&gt;, C:\Users\alexa\OneDrive\Documents\PowerShell\Modules\Pester\5.7.1\Pester.psm1:1985
at Invoke-ScriptBlock, C:\Users\alexa\OneDrive\Documents\PowerShell\Modules\Pester\5.7.1\Pester.psm1:2160
at Invoke-Block, C:\Users\alexa\OneDrive\Documents\PowerShell\Modules\Pester\5.7.1\Pester.psm1:940
at &lt;ScriptBlock&gt;, C:\Users\alexa\OneDrive\Documents\PowerShell\Modules\Pester\5.7.1\Pester.psm1:893
at &lt;ScriptBlock&gt;, C:\Users\alexa\OneDrive\Documents\PowerShell\Modules\Pester\5.7.1\Pester.psm1:2024
at &lt;ScriptBlock&gt;, C:\Users\alexa\OneDrive\Documents\PowerShell\Modules\Pester\5.7.1\Pester.psm1:1985
at Invoke-ScriptBlock, C:\Users\alexa\OneDrive\Documents\PowerShell\Modules\Pester\5.7.1\Pester.psm1:2160
at Invoke-Block, C:\Users\alexa\OneDrive\Documents\PowerShell\Modules\Pester\5.7.1\Pester.psm1:940
at &lt;ScriptBlock&gt;, C:\Users\alexa\OneDrive\Documents\PowerShell\Modules\Pester\5.7.1\Pester.psm1:1688
at &lt;ScriptBlock&gt;, C:\Users\alexa\OneDrive\Documents\PowerShell\Modules\Pester\5.7.1\Pester.ps1:3
at &lt;ScriptBlock&gt;, C:\Users\alexa\OneDrive\Documents\PowerShell\Modules\Pester\5.7.1\Pester.psm1:3260
at Invoke-InNewScriptScope, C:\Users\alexa\OneDrive\Documents\PowerShell\Modules\Pester\5.7.1\Pester.psm1:3267
at Run-Test, C:\Users\alexa\OneDrive\Documents\PowerShell\Modules\Pester\5.7.1\Pester.psm1:1691
at Invoke-Test, C:\Users\alexa\OneDrive\Documents\PowerShell\Modules\Pester\5.7.1\Pester.psm1:2512
at Invoke-Pester&lt;End&gt;, C:\Users\alexa\OneDrive\Documents\PowerShell\Modules\Pester\5.7.1\Pester.psm1:4960
at &lt;ScriptBlock&gt;, &lt;No file&gt;:1</stack-trace>
                    </failure>
                  </test-case>
                </results>
              </test-suite>
              <test-suite type="TestFixture" name="0007_Install-Go Tests.Functionality Tests" executed="True" result="Failure" success="False" time="0.2307" asserts="0" description="0007_Install-Go Tests.Functionality Tests">
                <results>
                  <test-case description="should execute without errors" name="0007_Install-Go Tests.Functionality Tests.should execute without errors" time="0.1093" asserts="0" success="False" result="Failure" executed="True">
                    <failure>
                      <message>RuntimeException: Should operator 'Be' is not registered
CmdletInvocationException: Should operator 'Be' is not registered
CommandNotFoundException: The 'Should' command was found in the module 'Pester', but the module could not be loaded due to the following error: [Should operator 'Be' is not registered]
For more information, run 'Import-Module Pester'.</message>
                      <stack-trace>at &lt;ScriptBlock&gt;, $env:PROJECT_ROOT\tests\unit\scripts\0007_Install-Go.Tests.ps1:17
at &lt;ScriptBlock&gt;, C:\Users\alexa\OneDrive\Documents\PowerShell\Modules\Pester\5.7.1\Pester.psm1:2024
at &lt;ScriptBlock&gt;, C:\Users\alexa\OneDrive\Documents\PowerShell\Modules\Pester\5.7.1\Pester.psm1:1985
at Invoke-ScriptBlock, C:\Users\alexa\OneDrive\Documents\PowerShell\Modules\Pester\5.7.1\Pester.psm1:2157
at Invoke-TestItem, C:\Users\alexa\OneDrive\Documents\PowerShell\Modules\Pester\5.7.1\Pester.psm1:1199
at Invoke-Block, C:\Users\alexa\OneDrive\Documents\PowerShell\Modules\Pester\5.7.1\Pester.psm1:835
at &lt;ScriptBlock&gt;, C:\Users\alexa\OneDrive\Documents\PowerShell\Modules\Pester\5.7.1\Pester.psm1:893
at &lt;ScriptBlock&gt;, C:\Users\alexa\OneDrive\Documents\PowerShell\Modules\Pester\5.7.1\Pester.psm1:2024
at &lt;ScriptBlock&gt;, C:\Users\alexa\OneDrive\Documents\PowerShell\Modules\Pester\5.7.1\Pester.psm1:1985
at Invoke-ScriptBlock, C:\Users\alexa\OneDrive\Documents\PowerShell\Modules\Pester\5.7.1\Pester.psm1:2160
at Invoke-Block, C:\Users\alexa\OneDrive\Documents\PowerShell\Modules\Pester\5.7.1\Pester.psm1:940
at &lt;ScriptBlock&gt;, C:\Users\alexa\OneDrive\Documents\PowerShell\Modules\Pester\5.7.1\Pester.psm1:893
at &lt;ScriptBlock&gt;, C:\Users\alexa\OneDrive\Documents\PowerShell\Modules\Pester\5.7.1\Pester.psm1:2024
at &lt;ScriptBlock&gt;, C:\Users\alexa\OneDrive\Documents\PowerShell\Modules\Pester\5.7.1\Pester.psm1:1985
at Invoke-ScriptBlock, C:\Users\alexa\OneDrive\Documents\PowerShell\Modules\Pester\5.7.1\Pester.psm1:2160
at Invoke-Block, C:\Users\alexa\OneDrive\Documents\PowerShell\Modules\Pester\5.7.1\Pester.psm1:940
at &lt;ScriptBlock&gt;, C:\Users\alexa\OneDrive\Documents\PowerShell\Modules\Pester\5.7.1\Pester.psm1:893
at &lt;ScriptBlock&gt;, C:\Users\alexa\OneDrive\Documents\PowerShell\Modules\Pester\5.7.1\Pester.psm1:2024
at &lt;ScriptBlock&gt;, C:\Users\alexa\OneDrive\Documents\PowerShell\Modules\Pester\5.7.1\Pester.psm1:1985
at Invoke-ScriptBlock, C:\Users\alexa\OneDrive\Documents\PowerShell\Modules\Pester\5.7.1\Pester.psm1:2160
at Invoke-Block, C:\Users\alexa\OneDrive\Documents\PowerShell\Modules\Pester\5.7.1\Pester.psm1:940
at &lt;ScriptBlock&gt;, C:\Users\alexa\OneDrive\Documents\PowerShell\Modules\Pester\5.7.1\Pester.psm1:1688
at &lt;ScriptBlock&gt;, C:\Users\alexa\OneDrive\Documents\PowerShell\Modules\Pester\5.7.1\Pester.ps1:3
at &lt;ScriptBlock&gt;, C:\Users\alexa\OneDrive\Documents\PowerShell\Modules\Pester\5.7.1\Pester.psm1:3260
at Invoke-InNewScriptScope, C:\Users\alexa\OneDrive\Documents\PowerShell\Modules\Pester\5.7.1\Pester.psm1:3267
at Run-Test, C:\Users\alexa\OneDrive\Documents\PowerShell\Modules\Pester\5.7.1\Pester.psm1:1691
at Invoke-Test, C:\Users\alexa\OneDrive\Documents\PowerShell\Modules\Pester\5.7.1\Pester.psm1:2512
at Invoke-Pester&lt;End&gt;, C:\Users\alexa\OneDrive\Documents\PowerShell\Modules\Pester\5.7.1\Pester.psm1:4960
at &lt;ScriptBlock&gt;, &lt;No file&gt;:1</stack-trace>
                    </failure>
                  </test-case>
                </results>
              </test-suite>
            </results>
          </test-suite>
        </results>
      </test-suite>
      <test-suite type="TestFixture" name="$env:PROJECT_ROOT\tests\unit\scripts\0008_Install-OpenTofu.Tests.ps1" executed="True" result="Failure" success="False" time="0.2792" asserts="0" description="$env:PROJECT_ROOT\tests\unit\scripts\0008_Install-OpenTofu.Tests.ps1">
        <results>
          <test-suite type="TestFixture" name="0008_Install-OpenTofu Tests" executed="True" result="Failure" success="False" time="0.2445" asserts="0" description="0008_Install-OpenTofu Tests">
            <results>
              <test-suite type="TestFixture" name="0008_Install-OpenTofu Tests.Module Loading" executed="True" result="Failure" success="False" time="0.1179" asserts="0" description="0008_Install-OpenTofu Tests.Module Loading">
                <results>
                  <test-case description="should load required modules" name="0008_Install-OpenTofu Tests.Module Loading.should load required modules" time="0.115" asserts="0" success="False" result="Failure" executed="True">
                    <failure>
                      <message>RuntimeException: Should operator 'Be' is not registered
CmdletInvocationException: Should operator 'Be' is not registered
CommandNotFoundException: The 'Should' command was found in the module 'Pester', but the module could not be loaded due to the following error: [Should operator 'Be' is not registered]
For more information, run 'Import-Module Pester'.</message>
                      <stack-trace>at &lt;ScriptBlock&gt;, $env:PROJECT_ROOT\tests\unit\scripts\0008_Install-OpenTofu.Tests.ps1:10
at &lt;ScriptBlock&gt;, C:\Users\alexa\OneDrive\Documents\PowerShell\Modules\Pester\5.7.1\Pester.psm1:2024
at &lt;ScriptBlock&gt;, C:\Users\alexa\OneDrive\Documents\PowerShell\Modules\Pester\5.7.1\Pester.psm1:1985
at Invoke-ScriptBlock, C:\Users\alexa\OneDrive\Documents\PowerShell\Modules\Pester\5.7.1\Pester.psm1:2157
at Invoke-TestItem, C:\Users\alexa\OneDrive\Documents\PowerShell\Modules\Pester\5.7.1\Pester.psm1:1199
at Invoke-Block, C:\Users\alexa\OneDrive\Documents\PowerShell\Modules\Pester\5.7.1\Pester.psm1:835
at &lt;ScriptBlock&gt;, C:\Users\alexa\OneDrive\Documents\PowerShell\Modules\Pester\5.7.1\Pester.psm1:893
at &lt;ScriptBlock&gt;, C:\Users\alexa\OneDrive\Documents\PowerShell\Modules\Pester\5.7.1\Pester.psm1:2024
at &lt;ScriptBlock&gt;, C:\Users\alexa\OneDrive\Documents\PowerShell\Modules\Pester\5.7.1\Pester.psm1:1985
at Invoke-ScriptBlock, C:\Users\alexa\OneDrive\Documents\PowerShell\Modules\Pester\5.7.1\Pester.psm1:2160
at Invoke-Block, C:\Users\alexa\OneDrive\Documents\PowerShell\Modules\Pester\5.7.1\Pester.psm1:940
at &lt;ScriptBlock&gt;, C:\Users\alexa\OneDrive\Documents\PowerShell\Modules\Pester\5.7.1\Pester.psm1:893
at &lt;ScriptBlock&gt;, C:\Users\alexa\OneDrive\Documents\PowerShell\Modules\Pester\5.7.1\Pester.psm1:2024
at &lt;ScriptBlock&gt;, C:\Users\alexa\OneDrive\Documents\PowerShell\Modules\Pester\5.7.1\Pester.psm1:1985
at Invoke-ScriptBlock, C:\Users\alexa\OneDrive\Documents\PowerShell\Modules\Pester\5.7.1\Pester.psm1:2160
at Invoke-Block, C:\Users\alexa\OneDrive\Documents\PowerShell\Modules\Pester\5.7.1\Pester.psm1:940
at &lt;ScriptBlock&gt;, C:\Users\alexa\OneDrive\Documents\PowerShell\Modules\Pester\5.7.1\Pester.psm1:893
at &lt;ScriptBlock&gt;, C:\Users\alexa\OneDrive\Documents\PowerShell\Modules\Pester\5.7.1\Pester.psm1:2024
at &lt;ScriptBlock&gt;, C:\Users\alexa\OneDrive\Documents\PowerShell\Modules\Pester\5.7.1\Pester.psm1:1985
at Invoke-ScriptBlock, C:\Users\alexa\OneDrive\Documents\PowerShell\Modules\Pester\5.7.1\Pester.psm1:2160
at Invoke-Block, C:\Users\alexa\OneDrive\Documents\PowerShell\Modules\Pester\5.7.1\Pester.psm1:940
at &lt;ScriptBlock&gt;, C:\Users\alexa\OneDrive\Documents\PowerShell\Modules\Pester\5.7.1\Pester.psm1:1688
at &lt;ScriptBlock&gt;, C:\Users\alexa\OneDrive\Documents\PowerShell\Modules\Pester\5.7.1\Pester.ps1:3
at &lt;ScriptBlock&gt;, C:\Users\alexa\OneDrive\Documents\PowerShell\Modules\Pester\5.7.1\Pester.psm1:3260
at Invoke-InNewScriptScope, C:\Users\alexa\OneDrive\Documents\PowerShell\Modules\Pester\5.7.1\Pester.psm1:3267
at Run-Test, C:\Users\alexa\OneDrive\Documents\PowerShell\Modules\Pester\5.7.1\Pester.psm1:1691
at Invoke-Test, C:\Users\alexa\OneDrive\Documents\PowerShell\Modules\Pester\5.7.1\Pester.psm1:2512
at Invoke-Pester&lt;End&gt;, C:\Users\alexa\OneDrive\Documents\PowerShell\Modules\Pester\5.7.1\Pester.psm1:4960
at &lt;ScriptBlock&gt;, &lt;No file&gt;:1</stack-trace>
                    </failure>
                  </test-case>
                </results>
              </test-suite>
              <test-suite type="TestFixture" name="0008_Install-OpenTofu Tests.Functionality Tests" executed="True" result="Failure" success="False" time="0.2308" asserts="0" description="0008_Install-OpenTofu Tests.Functionality Tests">
                <results>
                  <test-case description="should execute without errors" name="0008_Install-OpenTofu Tests.Functionality Tests.should execute without errors" time="0.1105" asserts="0" success="False" result="Failure" executed="True">
                    <failure>
                      <message>RuntimeException: Should operator 'Be' is not registered
CmdletInvocationException: Should operator 'Be' is not registered
CommandNotFoundException: The 'Should' command was found in the module 'Pester', but the module could not be loaded due to the following error: [Should operator 'Be' is not registered]
For more information, run 'Import-Module Pester'.</message>
                      <stack-trace>at &lt;ScriptBlock&gt;, $env:PROJECT_ROOT\tests\unit\scripts\0008_Install-OpenTofu.Tests.ps1:17
at &lt;ScriptBlock&gt;, C:\Users\alexa\OneDrive\Documents\PowerShell\Modules\Pester\5.7.1\Pester.psm1:2024
at &lt;ScriptBlock&gt;, C:\Users\alexa\OneDrive\Documents\PowerShell\Modules\Pester\5.7.1\Pester.psm1:1985
at Invoke-ScriptBlock, C:\Users\alexa\OneDrive\Documents\PowerShell\Modules\Pester\5.7.1\Pester.psm1:2157
at Invoke-TestItem, C:\Users\alexa\OneDrive\Documents\PowerShell\Modules\Pester\5.7.1\Pester.psm1:1199
at Invoke-Block, C:\Users\alexa\OneDrive\Documents\PowerShell\Modules\Pester\5.7.1\Pester.psm1:835
at &lt;ScriptBlock&gt;, C:\Users\alexa\OneDrive\Documents\PowerShell\Modules\Pester\5.7.1\Pester.psm1:893
at &lt;ScriptBlock&gt;, C:\Users\alexa\OneDrive\Documents\PowerShell\Modules\Pester\5.7.1\Pester.psm1:2024
at &lt;ScriptBlock&gt;, C:\Users\alexa\OneDrive\Documents\PowerShell\Modules\Pester\5.7.1\Pester.psm1:1985
at Invoke-ScriptBlock, C:\Users\alexa\OneDrive\Documents\PowerShell\Modules\Pester\5.7.1\Pester.psm1:2160
at Invoke-Block, C:\Users\alexa\OneDrive\Documents\PowerShell\Modules\Pester\5.7.1\Pester.psm1:940
at &lt;ScriptBlock&gt;, C:\Users\alexa\OneDrive\Documents\PowerShell\Modules\Pester\5.7.1\Pester.psm1:893
at &lt;ScriptBlock&gt;, C:\Users\alexa\OneDrive\Documents\PowerShell\Modules\Pester\5.7.1\Pester.psm1:2024
at &lt;ScriptBlock&gt;, C:\Users\alexa\OneDrive\Documents\PowerShell\Modules\Pester\5.7.1\Pester.psm1:1985
at Invoke-ScriptBlock, C:\Users\alexa\OneDrive\Documents\PowerShell\Modules\Pester\5.7.1\Pester.psm1:2160
at Invoke-Block, C:\Users\alexa\OneDrive\Documents\PowerShell\Modules\Pester\5.7.1\Pester.psm1:940
at &lt;ScriptBlock&gt;, C:\Users\alexa\OneDrive\Documents\PowerShell\Modules\Pester\5.7.1\Pester.psm1:893
at &lt;ScriptBlock&gt;, C:\Users\alexa\OneDrive\Documents\PowerShell\Modules\Pester\5.7.1\Pester.psm1:2024
at &lt;ScriptBlock&gt;, C:\Users\alexa\OneDrive\Documents\PowerShell\Modules\Pester\5.7.1\Pester.psm1:1985
at Invoke-ScriptBlock, C:\Users\alexa\OneDrive\Documents\PowerShell\Modules\Pester\5.7.1\Pester.psm1:2160
at Invoke-Block, C:\Users\alexa\OneDrive\Documents\PowerShell\Modules\Pester\5.7.1\Pester.psm1:940
at &lt;ScriptBlock&gt;, C:\Users\alexa\OneDrive\Documents\PowerShell\Modules\Pester\5.7.1\Pester.psm1:1688
at &lt;ScriptBlock&gt;, C:\Users\alexa\OneDrive\Documents\PowerShell\Modules\Pester\5.7.1\Pester.ps1:3
at &lt;ScriptBlock&gt;, C:\Users\alexa\OneDrive\Documents\PowerShell\Modules\Pester\5.7.1\Pester.psm1:3260
at Invoke-InNewScriptScope, C:\Users\alexa\OneDrive\Documents\PowerShell\Modules\Pester\5.7.1\Pester.psm1:3267
at Run-Test, C:\Users\alexa\OneDrive\Documents\PowerShell\Modules\Pester\5.7.1\Pester.psm1:1691
at Invoke-Test, C:\Users\alexa\OneDrive\Documents\PowerShell\Modules\Pester\5.7.1\Pester.psm1:2512
at Invoke-Pester&lt;End&gt;, C:\Users\alexa\OneDrive\Documents\PowerShell\Modules\Pester\5.7.1\Pester.psm1:4960
at &lt;ScriptBlock&gt;, &lt;No file&gt;:1</stack-trace>
                    </failure>
                  </test-case>
                </results>
              </test-suite>
            </results>
          </test-suite>
        </results>
      </test-suite>
      <test-suite type="TestFixture" name="$env:PROJECT_ROOT\tests\unit\scripts\0009_Initialize-OpenTofu.Tests.ps1" executed="True" result="Failure" success="False" time="0.278" asserts="0" description="$env:PROJECT_ROOT\tests\unit\scripts\0009_Initialize-OpenTofu.Tests.ps1">
        <results>
          <test-suite type="TestFixture" name="0009_Initialize-OpenTofu Tests" executed="True" result="Failure" success="False" time="0.2418" asserts="0" description="0009_Initialize-OpenTofu Tests">
            <results>
              <test-suite type="TestFixture" name="0009_Initialize-OpenTofu Tests.Module Loading" executed="True" result="Failure" success="False" time="0.1115" asserts="0" description="0009_Initialize-OpenTofu Tests.Module Loading">
                <results>
                  <test-case description="should load required modules" name="0009_Initialize-OpenTofu Tests.Module Loading.should load required modules" time="0.1089" asserts="0" success="False" result="Failure" executed="True">
                    <failure>
                      <message>RuntimeException: Should operator 'Be' is not registered
CmdletInvocationException: Should operator 'Be' is not registered
CommandNotFoundException: The 'Should' command was found in the module 'Pester', but the module could not be loaded due to the following error: [Should operator 'Be' is not registered]
For more information, run 'Import-Module Pester'.</message>
                      <stack-trace>at &lt;ScriptBlock&gt;, $env:PROJECT_ROOT\tests\unit\scripts\0009_Initialize-OpenTofu.Tests.ps1:10
at &lt;ScriptBlock&gt;, C:\Users\alexa\OneDrive\Documents\PowerShell\Modules\Pester\5.7.1\Pester.psm1:2024
at &lt;ScriptBlock&gt;, C:\Users\alexa\OneDrive\Documents\PowerShell\Modules\Pester\5.7.1\Pester.psm1:1985
at Invoke-ScriptBlock, C:\Users\alexa\OneDrive\Documents\PowerShell\Modules\Pester\5.7.1\Pester.psm1:2157
at Invoke-TestItem, C:\Users\alexa\OneDrive\Documents\PowerShell\Modules\Pester\5.7.1\Pester.psm1:1199
at Invoke-Block, C:\Users\alexa\OneDrive\Documents\PowerShell\Modules\Pester\5.7.1\Pester.psm1:835
at &lt;ScriptBlock&gt;, C:\Users\alexa\OneDrive\Documents\PowerShell\Modules\Pester\5.7.1\Pester.psm1:893
at &lt;ScriptBlock&gt;, C:\Users\alexa\OneDrive\Documents\PowerShell\Modules\Pester\5.7.1\Pester.psm1:2024
at &lt;ScriptBlock&gt;, C:\Users\alexa\OneDrive\Documents\PowerShell\Modules\Pester\5.7.1\Pester.psm1:1985
at Invoke-ScriptBlock, C:\Users\alexa\OneDrive\Documents\PowerShell\Modules\Pester\5.7.1\Pester.psm1:2160
at Invoke-Block, C:\Users\alexa\OneDrive\Documents\PowerShell\Modules\Pester\5.7.1\Pester.psm1:940
at &lt;ScriptBlock&gt;, C:\Users\alexa\OneDrive\Documents\PowerShell\Modules\Pester\5.7.1\Pester.psm1:893
at &lt;ScriptBlock&gt;, C:\Users\alexa\OneDrive\Documents\PowerShell\Modules\Pester\5.7.1\Pester.psm1:2024
at &lt;ScriptBlock&gt;, C:\Users\alexa\OneDrive\Documents\PowerShell\Modules\Pester\5.7.1\Pester.psm1:1985
at Invoke-ScriptBlock, C:\Users\alexa\OneDrive\Documents\PowerShell\Modules\Pester\5.7.1\Pester.psm1:2160
at Invoke-Block, C:\Users\alexa\OneDrive\Documents\PowerShell\Modules\Pester\5.7.1\Pester.psm1:940
at &lt;ScriptBlock&gt;, C:\Users\alexa\OneDrive\Documents\PowerShell\Modules\Pester\5.7.1\Pester.psm1:893
at &lt;ScriptBlock&gt;, C:\Users\alexa\OneDrive\Documents\PowerShell\Modules\Pester\5.7.1\Pester.psm1:2024
at &lt;ScriptBlock&gt;, C:\Users\alexa\OneDrive\Documents\PowerShell\Modules\Pester\5.7.1\Pester.psm1:1985
at Invoke-ScriptBlock, C:\Users\alexa\OneDrive\Documents\PowerShell\Modules\Pester\5.7.1\Pester.psm1:2160
at Invoke-Block, C:\Users\alexa\OneDrive\Documents\PowerShell\Modules\Pester\5.7.1\Pester.psm1:940
at &lt;ScriptBlock&gt;, C:\Users\alexa\OneDrive\Documents\PowerShell\Modules\Pester\5.7.1\Pester.psm1:1688
at &lt;ScriptBlock&gt;, C:\Users\alexa\OneDrive\Documents\PowerShell\Modules\Pester\5.7.1\Pester.ps1:3
at &lt;ScriptBlock&gt;, C:\Users\alexa\OneDrive\Documents\PowerShell\Modules\Pester\5.7.1\Pester.psm1:3260
at Invoke-InNewScriptScope, C:\Users\alexa\OneDrive\Documents\PowerShell\Modules\Pester\5.7.1\Pester.psm1:3267
at Run-Test, C:\Users\alexa\OneDrive\Documents\PowerShell\Modules\Pester\5.7.1\Pester.psm1:1691
at Invoke-Test, C:\Users\alexa\OneDrive\Documents\PowerShell\Modules\Pester\5.7.1\Pester.psm1:2512
at Invoke-Pester&lt;End&gt;, C:\Users\alexa\OneDrive\Documents\PowerShell\Modules\Pester\5.7.1\Pester.psm1:4960
at &lt;ScriptBlock&gt;, &lt;No file&gt;:1</stack-trace>
                    </failure>
                  </test-case>
                </results>
              </test-suite>
              <test-suite type="TestFixture" name="0009_Initialize-OpenTofu Tests.Functionality Tests" executed="True" result="Failure" success="False" time="0.2286" asserts="0" description="0009_Initialize-OpenTofu Tests.Functionality Tests">
                <results>
                  <test-case description="should execute without errors" name="0009_Initialize-OpenTofu Tests.Functionality Tests.should execute without errors" time="0.1092" asserts="0" success="False" result="Failure" executed="True">
                    <failure>
                      <message>RuntimeException: Should operator 'Be' is not registered
CmdletInvocationException: Should operator 'Be' is not registered
CommandNotFoundException: The 'Should' command was found in the module 'Pester', but the module could not be loaded due to the following error: [Should operator 'Be' is not registered]
For more information, run 'Import-Module Pester'.</message>
                      <stack-trace>at &lt;ScriptBlock&gt;, $env:PROJECT_ROOT\tests\unit\scripts\0009_Initialize-OpenTofu.Tests.ps1:17
at &lt;ScriptBlock&gt;, C:\Users\alexa\OneDrive\Documents\PowerShell\Modules\Pester\5.7.1\Pester.psm1:2024
at &lt;ScriptBlock&gt;, C:\Users\alexa\OneDrive\Documents\PowerShell\Modules\Pester\5.7.1\Pester.psm1:1985
at Invoke-ScriptBlock, C:\Users\alexa\OneDrive\Documents\PowerShell\Modules\Pester\5.7.1\Pester.psm1:2157
at Invoke-TestItem, C:\Users\alexa\OneDrive\Documents\PowerShell\Modules\Pester\5.7.1\Pester.psm1:1199
at Invoke-Block, C:\Users\alexa\OneDrive\Documents\PowerShell\Modules\Pester\5.7.1\Pester.psm1:835
at &lt;ScriptBlock&gt;, C:\Users\alexa\OneDrive\Documents\PowerShell\Modules\Pester\5.7.1\Pester.psm1:893
at &lt;ScriptBlock&gt;, C:\Users\alexa\OneDrive\Documents\PowerShell\Modules\Pester\5.7.1\Pester.psm1:2024
at &lt;ScriptBlock&gt;, C:\Users\alexa\OneDrive\Documents\PowerShell\Modules\Pester\5.7.1\Pester.psm1:1985
at Invoke-ScriptBlock, C:\Users\alexa\OneDrive\Documents\PowerShell\Modules\Pester\5.7.1\Pester.psm1:2160
at Invoke-Block, C:\Users\alexa\OneDrive\Documents\PowerShell\Modules\Pester\5.7.1\Pester.psm1:940
at &lt;ScriptBlock&gt;, C:\Users\alexa\OneDrive\Documents\PowerShell\Modules\Pester\5.7.1\Pester.psm1:893
at &lt;ScriptBlock&gt;, C:\Users\alexa\OneDrive\Documents\PowerShell\Modules\Pester\5.7.1\Pester.psm1:2024
at &lt;ScriptBlock&gt;, C:\Users\alexa\OneDrive\Documents\PowerShell\Modules\Pester\5.7.1\Pester.psm1:1985
at Invoke-ScriptBlock, C:\Users\alexa\OneDrive\Documents\PowerShell\Modules\Pester\5.7.1\Pester.psm1:2160
at Invoke-Block, C:\Users\alexa\OneDrive\Documents\PowerShell\Modules\Pester\5.7.1\Pester.psm1:940
at &lt;ScriptBlock&gt;, C:\Users\alexa\OneDrive\Documents\PowerShell\Modules\Pester\5.7.1\Pester.psm1:893
at &lt;ScriptBlock&gt;, C:\Users\alexa\OneDrive\Documents\PowerShell\Modules\Pester\5.7.1\Pester.psm1:2024
at &lt;ScriptBlock&gt;, C:\Users\alexa\OneDrive\Documents\PowerShell\Modules\Pester\5.7.1\Pester.psm1:1985
at Invoke-ScriptBlock, C:\Users\alexa\OneDrive\Documents\PowerShell\Modules\Pester\5.7.1\Pester.psm1:2160
at Invoke-Block, C:\Users\alexa\OneDrive\Documents\PowerShell\Modules\Pester\5.7.1\Pester.psm1:940
at &lt;ScriptBlock&gt;, C:\Users\alexa\OneDrive\Documents\PowerShell\Modules\Pester\5.7.1\Pester.psm1:1688
at &lt;ScriptBlock&gt;, C:\Users\alexa\OneDrive\Documents\PowerShell\Modules\Pester\5.7.1\Pester.ps1:3
at &lt;ScriptBlock&gt;, C:\Users\alexa\OneDrive\Documents\PowerShell\Modules\Pester\5.7.1\Pester.psm1:3260
at Invoke-InNewScriptScope, C:\Users\alexa\OneDrive\Documents\PowerShell\Modules\Pester\5.7.1\Pester.psm1:3267
at Run-Test, C:\Users\alexa\OneDrive\Documents\PowerShell\Modules\Pester\5.7.1\Pester.psm1:1691
at Invoke-Test, C:\Users\alexa\OneDrive\Documents\PowerShell\Modules\Pester\5.7.1\Pester.psm1:2512
at Invoke-Pester&lt;End&gt;, C:\Users\alexa\OneDrive\Documents\PowerShell\Modules\Pester\5.7.1\Pester.psm1:4960
at &lt;ScriptBlock&gt;, &lt;No file&gt;:1</stack-trace>
                    </failure>
                  </test-case>
                </results>
              </test-suite>
            </results>
          </test-suite>
        </results>
      </test-suite>
      <test-suite type="TestFixture" name="$env:PROJECT_ROOT\tests\unit\scripts\0010_Prepare-HyperVProvider.Tests.ps1" executed="True" result="Failure" success="False" time="0.317" asserts="0" description="$env:PROJECT_ROOT\tests\unit\scripts\0010_Prepare-HyperVProvider.Tests.ps1">
        <results>
          <test-suite type="TestFixture" name="0010_Prepare-HyperVProvider Tests" executed="True" result="Failure" success="False" time="0.2775" asserts="0" description="0010_Prepare-HyperVProvider Tests">
            <results>
              <test-suite type="TestFixture" name="0010_Prepare-HyperVProvider Tests.Module Loading" executed="True" result="Failure" success="False" time="0.1124" asserts="0" description="0010_Prepare-HyperVProvider Tests.Module Loading">
                <results>
                  <test-case description="should load required modules" name="0010_Prepare-HyperVProvider Tests.Module Loading.should load required modules" time="0.1097" asserts="0" success="False" result="Failure" executed="True">
                    <failure>
                      <message>RuntimeException: Should operator 'Be' is not registered
CmdletInvocationException: Should operator 'Be' is not registered
CommandNotFoundException: The 'Should' command was found in the module 'Pester', but the module could not be loaded due to the following error: [Should operator 'Be' is not registered]
For more information, run 'Import-Module Pester'.</message>
                      <stack-trace>at &lt;ScriptBlock&gt;, $env:PROJECT_ROOT\tests\unit\scripts\0010_Prepare-HyperVProvider.Tests.ps1:10
at &lt;ScriptBlock&gt;, C:\Users\alexa\OneDrive\Documents\PowerShell\Modules\Pester\5.7.1\Pester.psm1:2024
at &lt;ScriptBlock&gt;, C:\Users\alexa\OneDrive\Documents\PowerShell\Modules\Pester\5.7.1\Pester.psm1:1985
at Invoke-ScriptBlock, C:\Users\alexa\OneDrive\Documents\PowerShell\Modules\Pester\5.7.1\Pester.psm1:2157
at Invoke-TestItem, C:\Users\alexa\OneDrive\Documents\PowerShell\Modules\Pester\5.7.1\Pester.psm1:1199
at Invoke-Block, C:\Users\alexa\OneDrive\Documents\PowerShell\Modules\Pester\5.7.1\Pester.psm1:835
at &lt;ScriptBlock&gt;, C:\Users\alexa\OneDrive\Documents\PowerShell\Modules\Pester\5.7.1\Pester.psm1:893
at &lt;ScriptBlock&gt;, C:\Users\alexa\OneDrive\Documents\PowerShell\Modules\Pester\5.7.1\Pester.psm1:2024
at &lt;ScriptBlock&gt;, C:\Users\alexa\OneDrive\Documents\PowerShell\Modules\Pester\5.7.1\Pester.psm1:1985
at Invoke-ScriptBlock, C:\Users\alexa\OneDrive\Documents\PowerShell\Modules\Pester\5.7.1\Pester.psm1:2160
at Invoke-Block, C:\Users\alexa\OneDrive\Documents\PowerShell\Modules\Pester\5.7.1\Pester.psm1:940
at &lt;ScriptBlock&gt;, C:\Users\alexa\OneDrive\Documents\PowerShell\Modules\Pester\5.7.1\Pester.psm1:893
at &lt;ScriptBlock&gt;, C:\Users\alexa\OneDrive\Documents\PowerShell\Modules\Pester\5.7.1\Pester.psm1:2024
at &lt;ScriptBlock&gt;, C:\Users\alexa\OneDrive\Documents\PowerShell\Modules\Pester\5.7.1\Pester.psm1:1985
at Invoke-ScriptBlock, C:\Users\alexa\OneDrive\Documents\PowerShell\Modules\Pester\5.7.1\Pester.psm1:2160
at Invoke-Block, C:\Users\alexa\OneDrive\Documents\PowerShell\Modules\Pester\5.7.1\Pester.psm1:940
at &lt;ScriptBlock&gt;, C:\Users\alexa\OneDrive\Documents\PowerShell\Modules\Pester\5.7.1\Pester.psm1:893
at &lt;ScriptBlock&gt;, C:\Users\alexa\OneDrive\Documents\PowerShell\Modules\Pester\5.7.1\Pester.psm1:2024
at &lt;ScriptBlock&gt;, C:\Users\alexa\OneDrive\Documents\PowerShell\Modules\Pester\5.7.1\Pester.psm1:1985
at Invoke-ScriptBlock, C:\Users\alexa\OneDrive\Documents\PowerShell\Modules\Pester\5.7.1\Pester.psm1:2160
at Invoke-Block, C:\Users\alexa\OneDrive\Documents\PowerShell\Modules\Pester\5.7.1\Pester.psm1:940
at &lt;ScriptBlock&gt;, C:\Users\alexa\OneDrive\Documents\PowerShell\Modules\Pester\5.7.1\Pester.psm1:1688
at &lt;ScriptBlock&gt;, C:\Users\alexa\OneDrive\Documents\PowerShell\Modules\Pester\5.7.1\Pester.ps1:3
at &lt;ScriptBlock&gt;, C:\Users\alexa\OneDrive\Documents\PowerShell\Modules\Pester\5.7.1\Pester.psm1:3260
at Invoke-InNewScriptScope, C:\Users\alexa\OneDrive\Documents\PowerShell\Modules\Pester\5.7.1\Pester.psm1:3267
at Run-Test, C:\Users\alexa\OneDrive\Documents\PowerShell\Modules\Pester\5.7.1\Pester.psm1:1691
at Invoke-Test, C:\Users\alexa\OneDrive\Documents\PowerShell\Modules\Pester\5.7.1\Pester.psm1:2512
at Invoke-Pester&lt;End&gt;, C:\Users\alexa\OneDrive\Documents\PowerShell\Modules\Pester\5.7.1\Pester.psm1:4960
at &lt;ScriptBlock&gt;, &lt;No file&gt;:1</stack-trace>
                    </failure>
                  </test-case>
                </results>
              </test-suite>
              <test-suite type="TestFixture" name="0010_Prepare-HyperVProvider Tests.Functionality Tests" executed="True" result="Failure" success="False" time="0.2563" asserts="0" description="0010_Prepare-HyperVProvider Tests.Functionality Tests">
                <results>
                  <test-case description="should execute without errors" name="0010_Prepare-HyperVProvider Tests.Functionality Tests.should execute without errors" time="0.1411" asserts="0" success="False" result="Failure" executed="True">
                    <failure>
                      <message>RuntimeException: Should operator 'Be' is not registered
CmdletInvocationException: Should operator 'Be' is not registered
CommandNotFoundException: The 'Should' command was found in the module 'Pester', but the module could not be loaded due to the following error: [Should operator 'Be' is not registered]
For more information, run 'Import-Module Pester'.</message>
                      <stack-trace>at &lt;ScriptBlock&gt;, $env:PROJECT_ROOT\tests\unit\scripts\0010_Prepare-HyperVProvider.Tests.ps1:17
at &lt;ScriptBlock&gt;, C:\Users\alexa\OneDrive\Documents\PowerShell\Modules\Pester\5.7.1\Pester.psm1:2024
at &lt;ScriptBlock&gt;, C:\Users\alexa\OneDrive\Documents\PowerShell\Modules\Pester\5.7.1\Pester.psm1:1985
at Invoke-ScriptBlock, C:\Users\alexa\OneDrive\Documents\PowerShell\Modules\Pester\5.7.1\Pester.psm1:2157
at Invoke-TestItem, C:\Users\alexa\OneDrive\Documents\PowerShell\Modules\Pester\5.7.1\Pester.psm1:1199
at Invoke-Block, C:\Users\alexa\OneDrive\Documents\PowerShell\Modules\Pester\5.7.1\Pester.psm1:835
at &lt;ScriptBlock&gt;, C:\Users\alexa\OneDrive\Documents\PowerShell\Modules\Pester\5.7.1\Pester.psm1:893
at &lt;ScriptBlock&gt;, C:\Users\alexa\OneDrive\Documents\PowerShell\Modules\Pester\5.7.1\Pester.psm1:2024
at &lt;ScriptBlock&gt;, C:\Users\alexa\OneDrive\Documents\PowerShell\Modules\Pester\5.7.1\Pester.psm1:1985
at Invoke-ScriptBlock, C:\Users\alexa\OneDrive\Documents\PowerShell\Modules\Pester\5.7.1\Pester.psm1:2160
at Invoke-Block, C:\Users\alexa\OneDrive\Documents\PowerShell\Modules\Pester\5.7.1\Pester.psm1:940
at &lt;ScriptBlock&gt;, C:\Users\alexa\OneDrive\Documents\PowerShell\Modules\Pester\5.7.1\Pester.psm1:893
at &lt;ScriptBlock&gt;, C:\Users\alexa\OneDrive\Documents\PowerShell\Modules\Pester\5.7.1\Pester.psm1:2024
at &lt;ScriptBlock&gt;, C:\Users\alexa\OneDrive\Documents\PowerShell\Modules\Pester\5.7.1\Pester.psm1:1985
at Invoke-ScriptBlock, C:\Users\alexa\OneDrive\Documents\PowerShell\Modules\Pester\5.7.1\Pester.psm1:2160
at Invoke-Block, C:\Users\alexa\OneDrive\Documents\PowerShell\Modules\Pester\5.7.1\Pester.psm1:940
at &lt;ScriptBlock&gt;, C:\Users\alexa\OneDrive\Documents\PowerShell\Modules\Pester\5.7.1\Pester.psm1:893
at &lt;ScriptBlock&gt;, C:\Users\alexa\OneDrive\Documents\PowerShell\Modules\Pester\5.7.1\Pester.psm1:2024
at &lt;ScriptBlock&gt;, C:\Users\alexa\OneDrive\Documents\PowerShell\Modules\Pester\5.7.1\Pester.psm1:1985
at Invoke-ScriptBlock, C:\Users\alexa\OneDrive\Documents\PowerShell\Modules\Pester\5.7.1\Pester.psm1:2160
at Invoke-Block, C:\Users\alexa\OneDrive\Documents\PowerShell\Modules\Pester\5.7.1\Pester.psm1:940
at &lt;ScriptBlock&gt;, C:\Users\alexa\OneDrive\Documents\PowerShell\Modules\Pester\5.7.1\Pester.psm1:1688
at &lt;ScriptBlock&gt;, C:\Users\alexa\OneDrive\Documents\PowerShell\Modules\Pester\5.7.1\Pester.ps1:3
at &lt;ScriptBlock&gt;, C:\Users\alexa\OneDrive\Documents\PowerShell\Modules\Pester\5.7.1\Pester.psm1:3260
at Invoke-InNewScriptScope, C:\Users\alexa\OneDrive\Documents\PowerShell\Modules\Pester\5.7.1\Pester.psm1:3267
at Run-Test, C:\Users\alexa\OneDrive\Documents\PowerShell\Modules\Pester\5.7.1\Pester.psm1:1691
at Invoke-Test, C:\Users\alexa\OneDrive\Documents\PowerShell\Modules\Pester\5.7.1\Pester.psm1:2512
at Invoke-Pester&lt;End&gt;, C:\Users\alexa\OneDrive\Documents\PowerShell\Modules\Pester\5.7.1\Pester.psm1:4960
at &lt;ScriptBlock&gt;, &lt;No file&gt;:1</stack-trace>
                    </failure>
                  </test-case>
                </results>
              </test-suite>
            </results>
          </test-suite>
        </results>
      </test-suite>
      <test-suite type="TestFixture" name="$env:PROJECT_ROOT\tests\unit\scripts\0100_Enable-WinRM.Tests.ps1" executed="True" result="Failure" success="False" time="0.2861" asserts="0" description="$env:PROJECT_ROOT\tests\unit\scripts\0100_Enable-WinRM.Tests.ps1">
        <results>
          <test-suite type="TestFixture" name="0100_Enable-WinRM Tests" executed="True" result="Failure" success="False" time="0.2504" asserts="0" description="0100_Enable-WinRM Tests">
            <results>
              <test-suite type="TestFixture" name="0100_Enable-WinRM Tests.Module Loading" executed="True" result="Failure" success="False" time="0.1132" asserts="0" description="0100_Enable-WinRM Tests.Module Loading">
                <results>
                  <test-case description="should load required modules" name="0100_Enable-WinRM Tests.Module Loading.should load required modules" time="0.1104" asserts="0" success="False" result="Failure" executed="True">
                    <failure>
                      <message>RuntimeException: Should operator 'Be' is not registered
CmdletInvocationException: Should operator 'Be' is not registered
CommandNotFoundException: The 'Should' command was found in the module 'Pester', but the module could not be loaded due to the following error: [Should operator 'Be' is not registered]
For more information, run 'Import-Module Pester'.</message>
                      <stack-trace>at &lt;ScriptBlock&gt;, $env:PROJECT_ROOT\tests\unit\scripts\0100_Enable-WinRM.Tests.ps1:10
at &lt;ScriptBlock&gt;, C:\Users\alexa\OneDrive\Documents\PowerShell\Modules\Pester\5.7.1\Pester.psm1:2024
at &lt;ScriptBlock&gt;, C:\Users\alexa\OneDrive\Documents\PowerShell\Modules\Pester\5.7.1\Pester.psm1:1985
at Invoke-ScriptBlock, C:\Users\alexa\OneDrive\Documents\PowerShell\Modules\Pester\5.7.1\Pester.psm1:2157
at Invoke-TestItem, C:\Users\alexa\OneDrive\Documents\PowerShell\Modules\Pester\5.7.1\Pester.psm1:1199
at Invoke-Block, C:\Users\alexa\OneDrive\Documents\PowerShell\Modules\Pester\5.7.1\Pester.psm1:835
at &lt;ScriptBlock&gt;, C:\Users\alexa\OneDrive\Documents\PowerShell\Modules\Pester\5.7.1\Pester.psm1:893
at &lt;ScriptBlock&gt;, C:\Users\alexa\OneDrive\Documents\PowerShell\Modules\Pester\5.7.1\Pester.psm1:2024
at &lt;ScriptBlock&gt;, C:\Users\alexa\OneDrive\Documents\PowerShell\Modules\Pester\5.7.1\Pester.psm1:1985
at Invoke-ScriptBlock, C:\Users\alexa\OneDrive\Documents\PowerShell\Modules\Pester\5.7.1\Pester.psm1:2160
at Invoke-Block, C:\Users\alexa\OneDrive\Documents\PowerShell\Modules\Pester\5.7.1\Pester.psm1:940
at &lt;ScriptBlock&gt;, C:\Users\alexa\OneDrive\Documents\PowerShell\Modules\Pester\5.7.1\Pester.psm1:893
at &lt;ScriptBlock&gt;, C:\Users\alexa\OneDrive\Documents\PowerShell\Modules\Pester\5.7.1\Pester.psm1:2024
at &lt;ScriptBlock&gt;, C:\Users\alexa\OneDrive\Documents\PowerShell\Modules\Pester\5.7.1\Pester.psm1:1985
at Invoke-ScriptBlock, C:\Users\alexa\OneDrive\Documents\PowerShell\Modules\Pester\5.7.1\Pester.psm1:2160
at Invoke-Block, C:\Users\alexa\OneDrive\Documents\PowerShell\Modules\Pester\5.7.1\Pester.psm1:940
at &lt;ScriptBlock&gt;, C:\Users\alexa\OneDrive\Documents\PowerShell\Modules\Pester\5.7.1\Pester.psm1:893
at &lt;ScriptBlock&gt;, C:\Users\alexa\OneDrive\Documents\PowerShell\Modules\Pester\5.7.1\Pester.psm1:2024
at &lt;ScriptBlock&gt;, C:\Users\alexa\OneDrive\Documents\PowerShell\Modules\Pester\5.7.1\Pester.psm1:1985
at Invoke-ScriptBlock, C:\Users\alexa\OneDrive\Documents\PowerShell\Modules\Pester\5.7.1\Pester.psm1:2160
at Invoke-Block, C:\Users\alexa\OneDrive\Documents\PowerShell\Modules\Pester\5.7.1\Pester.psm1:940
at &lt;ScriptBlock&gt;, C:\Users\alexa\OneDrive\Documents\PowerShell\Modules\Pester\5.7.1\Pester.psm1:1688
at &lt;ScriptBlock&gt;, C:\Users\alexa\OneDrive\Documents\PowerShell\Modules\Pester\5.7.1\Pester.ps1:3
at &lt;ScriptBlock&gt;, C:\Users\alexa\OneDrive\Documents\PowerShell\Modules\Pester\5.7.1\Pester.psm1:3260
at Invoke-InNewScriptScope, C:\Users\alexa\OneDrive\Documents\PowerShell\Modules\Pester\5.7.1\Pester.psm1:3267
at Run-Test, C:\Users\alexa\OneDrive\Documents\PowerShell\Modules\Pester\5.7.1\Pester.psm1:1691
at Invoke-Test, C:\Users\alexa\OneDrive\Documents\PowerShell\Modules\Pester\5.7.1\Pester.psm1:2512
at Invoke-Pester&lt;End&gt;, C:\Users\alexa\OneDrive\Documents\PowerShell\Modules\Pester\5.7.1\Pester.psm1:4960
at &lt;ScriptBlock&gt;, &lt;No file&gt;:1</stack-trace>
                    </failure>
                  </test-case>
                </results>
              </test-suite>
              <test-suite type="TestFixture" name="0100_Enable-WinRM Tests.Functionality Tests" executed="True" result="Failure" success="False" time="0.2321" asserts="0" description="0100_Enable-WinRM Tests.Functionality Tests">
                <results>
                  <test-case description="should execute without errors" name="0100_Enable-WinRM Tests.Functionality Tests.should execute without errors" time="0.1161" asserts="0" success="False" result="Failure" executed="True">
                    <failure>
                      <message>RuntimeException: Should operator 'Be' is not registered
CmdletInvocationException: Should operator 'Be' is not registered
CommandNotFoundException: The 'Should' command was found in the module 'Pester', but the module could not be loaded due to the following error: [Should operator 'Be' is not registered]
For more information, run 'Import-Module Pester'.</message>
                      <stack-trace>at &lt;ScriptBlock&gt;, $env:PROJECT_ROOT\tests\unit\scripts\0100_Enable-WinRM.Tests.ps1:17
at &lt;ScriptBlock&gt;, C:\Users\alexa\OneDrive\Documents\PowerShell\Modules\Pester\5.7.1\Pester.psm1:2024
at &lt;ScriptBlock&gt;, C:\Users\alexa\OneDrive\Documents\PowerShell\Modules\Pester\5.7.1\Pester.psm1:1985
at Invoke-ScriptBlock, C:\Users\alexa\OneDrive\Documents\PowerShell\Modules\Pester\5.7.1\Pester.psm1:2157
at Invoke-TestItem, C:\Users\alexa\OneDrive\Documents\PowerShell\Modules\Pester\5.7.1\Pester.psm1:1199
at Invoke-Block, C:\Users\alexa\OneDrive\Documents\PowerShell\Modules\Pester\5.7.1\Pester.psm1:835
at &lt;ScriptBlock&gt;, C:\Users\alexa\OneDrive\Documents\PowerShell\Modules\Pester\5.7.1\Pester.psm1:893
at &lt;ScriptBlock&gt;, C:\Users\alexa\OneDrive\Documents\PowerShell\Modules\Pester\5.7.1\Pester.psm1:2024
at &lt;ScriptBlock&gt;, C:\Users\alexa\OneDrive\Documents\PowerShell\Modules\Pester\5.7.1\Pester.psm1:1985
at Invoke-ScriptBlock, C:\Users\alexa\OneDrive\Documents\PowerShell\Modules\Pester\5.7.1\Pester.psm1:2160
at Invoke-Block, C:\Users\alexa\OneDrive\Documents\PowerShell\Modules\Pester\5.7.1\Pester.psm1:940
at &lt;ScriptBlock&gt;, C:\Users\alexa\OneDrive\Documents\PowerShell\Modules\Pester\5.7.1\Pester.psm1:893
at &lt;ScriptBlock&gt;, C:\Users\alexa\OneDrive\Documents\PowerShell\Modules\Pester\5.7.1\Pester.psm1:2024
at &lt;ScriptBlock&gt;, C:\Users\alexa\OneDrive\Documents\PowerShell\Modules\Pester\5.7.1\Pester.psm1:1985
at Invoke-ScriptBlock, C:\Users\alexa\OneDrive\Documents\PowerShell\Modules\Pester\5.7.1\Pester.psm1:2160
at Invoke-Block, C:\Users\alexa\OneDrive\Documents\PowerShell\Modules\Pester\5.7.1\Pester.psm1:940
at &lt;ScriptBlock&gt;, C:\Users\alexa\OneDrive\Documents\PowerShell\Modules\Pester\5.7.1\Pester.psm1:893
at &lt;ScriptBlock&gt;, C:\Users\alexa\OneDrive\Documents\PowerShell\Modules\Pester\5.7.1\Pester.psm1:2024
at &lt;ScriptBlock&gt;, C:\Users\alexa\OneDrive\Documents\PowerShell\Modules\Pester\5.7.1\Pester.psm1:1985
at Invoke-ScriptBlock, C:\Users\alexa\OneDrive\Documents\PowerShell\Modules\Pester\5.7.1\Pester.psm1:2160
at Invoke-Block, C:\Users\alexa\OneDrive\Documents\PowerShell\Modules\Pester\5.7.1\Pester.psm1:940
at &lt;ScriptBlock&gt;, C:\Users\alexa\OneDrive\Documents\PowerShell\Modules\Pester\5.7.1\Pester.psm1:1688
at &lt;ScriptBlock&gt;, C:\Users\alexa\OneDrive\Documents\PowerShell\Modules\Pester\5.7.1\Pester.ps1:3
at &lt;ScriptBlock&gt;, C:\Users\alexa\OneDrive\Documents\PowerShell\Modules\Pester\5.7.1\Pester.psm1:3260
at Invoke-InNewScriptScope, C:\Users\alexa\OneDrive\Documents\PowerShell\Modules\Pester\5.7.1\Pester.psm1:3267
at Run-Test, C:\Users\alexa\OneDrive\Documents\PowerShell\Modules\Pester\5.7.1\Pester.psm1:1691
at Invoke-Test, C:\Users\alexa\OneDrive\Documents\PowerShell\Modules\Pester\5.7.1\Pester.psm1:2512
at Invoke-Pester&lt;End&gt;, C:\Users\alexa\OneDrive\Documents\PowerShell\Modules\Pester\5.7.1\Pester.psm1:4960
at &lt;ScriptBlock&gt;, &lt;No file&gt;:1</stack-trace>
                    </failure>
                  </test-case>
                </results>
              </test-suite>
            </results>
          </test-suite>
        </results>
      </test-suite>
      <test-suite type="TestFixture" name="$env:PROJECT_ROOT\tests\unit\scripts\0101_Enable-RemoteDesktop.Tests.ps1" executed="True" result="Failure" success="False" time="0.2931" asserts="0" description="$env:PROJECT_ROOT\tests\unit\scripts\0101_Enable-RemoteDesktop.Tests.ps1">
        <results>
          <test-suite type="TestFixture" name="0101_Enable-RemoteDesktop Tests" executed="True" result="Failure" success="False" time="0.2516" asserts="0" description="0101_Enable-RemoteDesktop Tests">
            <results>
              <test-suite type="TestFixture" name="0101_Enable-RemoteDesktop Tests.Module Loading" executed="True" result="Failure" success="False" time="0.1133" asserts="0" description="0101_Enable-RemoteDesktop Tests.Module Loading">
                <results>
                  <test-case description="should load required modules" name="0101_Enable-RemoteDesktop Tests.Module Loading.should load required modules" time="0.1104" asserts="0" success="False" result="Failure" executed="True">
                    <failure>
                      <message>RuntimeException: Should operator 'Be' is not registered
CmdletInvocationException: Should operator 'Be' is not registered
CommandNotFoundException: The 'Should' command was found in the module 'Pester', but the module could not be loaded due to the following error: [Should operator 'Be' is not registered]
For more information, run 'Import-Module Pester'.</message>
                      <stack-trace>at &lt;ScriptBlock&gt;, $env:PROJECT_ROOT\tests\unit\scripts\0101_Enable-RemoteDesktop.Tests.ps1:10
at &lt;ScriptBlock&gt;, C:\Users\alexa\OneDrive\Documents\PowerShell\Modules\Pester\5.7.1\Pester.psm1:2024
at &lt;ScriptBlock&gt;, C:\Users\alexa\OneDrive\Documents\PowerShell\Modules\Pester\5.7.1\Pester.psm1:1985
at Invoke-ScriptBlock, C:\Users\alexa\OneDrive\Documents\PowerShell\Modules\Pester\5.7.1\Pester.psm1:2157
at Invoke-TestItem, C:\Users\alexa\OneDrive\Documents\PowerShell\Modules\Pester\5.7.1\Pester.psm1:1199
at Invoke-Block, C:\Users\alexa\OneDrive\Documents\PowerShell\Modules\Pester\5.7.1\Pester.psm1:835
at &lt;ScriptBlock&gt;, C:\Users\alexa\OneDrive\Documents\PowerShell\Modules\Pester\5.7.1\Pester.psm1:893
at &lt;ScriptBlock&gt;, C:\Users\alexa\OneDrive\Documents\PowerShell\Modules\Pester\5.7.1\Pester.psm1:2024
at &lt;ScriptBlock&gt;, C:\Users\alexa\OneDrive\Documents\PowerShell\Modules\Pester\5.7.1\Pester.psm1:1985
at Invoke-ScriptBlock, C:\Users\alexa\OneDrive\Documents\PowerShell\Modules\Pester\5.7.1\Pester.psm1:2160
at Invoke-Block, C:\Users\alexa\OneDrive\Documents\PowerShell\Modules\Pester\5.7.1\Pester.psm1:940
at &lt;ScriptBlock&gt;, C:\Users\alexa\OneDrive\Documents\PowerShell\Modules\Pester\5.7.1\Pester.psm1:893
at &lt;ScriptBlock&gt;, C:\Users\alexa\OneDrive\Documents\PowerShell\Modules\Pester\5.7.1\Pester.psm1:2024
at &lt;ScriptBlock&gt;, C:\Users\alexa\OneDrive\Documents\PowerShell\Modules\Pester\5.7.1\Pester.psm1:1985
at Invoke-ScriptBlock, C:\Users\alexa\OneDrive\Documents\PowerShell\Modules\Pester\5.7.1\Pester.psm1:2160
at Invoke-Block, C:\Users\alexa\OneDrive\Documents\PowerShell\Modules\Pester\5.7.1\Pester.psm1:940
at &lt;ScriptBlock&gt;, C:\Users\alexa\OneDrive\Documents\PowerShell\Modules\Pester\5.7.1\Pester.psm1:893
at &lt;ScriptBlock&gt;, C:\Users\alexa\OneDrive\Documents\PowerShell\Modules\Pester\5.7.1\Pester.psm1:2024
at &lt;ScriptBlock&gt;, C:\Users\alexa\OneDrive\Documents\PowerShell\Modules\Pester\5.7.1\Pester.psm1:1985
at Invoke-ScriptBlock, C:\Users\alexa\OneDrive\Documents\PowerShell\Modules\Pester\5.7.1\Pester.psm1:2160
at Invoke-Block, C:\Users\alexa\OneDrive\Documents\PowerShell\Modules\Pester\5.7.1\Pester.psm1:940
at &lt;ScriptBlock&gt;, C:\Users\alexa\OneDrive\Documents\PowerShell\Modules\Pester\5.7.1\Pester.psm1:1688
at &lt;ScriptBlock&gt;, C:\Users\alexa\OneDrive\Documents\PowerShell\Modules\Pester\5.7.1\Pester.ps1:3
at &lt;ScriptBlock&gt;, C:\Users\alexa\OneDrive\Documents\PowerShell\Modules\Pester\5.7.1\Pester.psm1:3260
at Invoke-InNewScriptScope, C:\Users\alexa\OneDrive\Documents\PowerShell\Modules\Pester\5.7.1\Pester.psm1:3267
at Run-Test, C:\Users\alexa\OneDrive\Documents\PowerShell\Modules\Pester\5.7.1\Pester.psm1:1691
at Invoke-Test, C:\Users\alexa\OneDrive\Documents\PowerShell\Modules\Pester\5.7.1\Pester.psm1:2512
at Invoke-Pester&lt;End&gt;, C:\Users\alexa\OneDrive\Documents\PowerShell\Modules\Pester\5.7.1\Pester.psm1:4960
at &lt;ScriptBlock&gt;, &lt;No file&gt;:1</stack-trace>
                    </failure>
                  </test-case>
                </results>
              </test-suite>
              <test-suite type="TestFixture" name="0101_Enable-RemoteDesktop Tests.Functionality Tests" executed="True" result="Failure" success="False" time="0.2337" asserts="0" description="0101_Enable-RemoteDesktop Tests.Functionality Tests">
                <results>
                  <test-case description="should execute without errors" name="0101_Enable-RemoteDesktop Tests.Functionality Tests.should execute without errors" time="0.1176" asserts="0" success="False" result="Failure" executed="True">
                    <failure>
                      <message>RuntimeException: Should operator 'Be' is not registered
CmdletInvocationException: Should operator 'Be' is not registered
CommandNotFoundException: The 'Should' command was found in the module 'Pester', but the module could not be loaded due to the following error: [Should operator 'Be' is not registered]
For more information, run 'Import-Module Pester'.</message>
                      <stack-trace>at &lt;ScriptBlock&gt;, $env:PROJECT_ROOT\tests\unit\scripts\0101_Enable-RemoteDesktop.Tests.ps1:17
at &lt;ScriptBlock&gt;, C:\Users\alexa\OneDrive\Documents\PowerShell\Modules\Pester\5.7.1\Pester.psm1:2024
at &lt;ScriptBlock&gt;, C:\Users\alexa\OneDrive\Documents\PowerShell\Modules\Pester\5.7.1\Pester.psm1:1985
at Invoke-ScriptBlock, C:\Users\alexa\OneDrive\Documents\PowerShell\Modules\Pester\5.7.1\Pester.psm1:2157
at Invoke-TestItem, C:\Users\alexa\OneDrive\Documents\PowerShell\Modules\Pester\5.7.1\Pester.psm1:1199
at Invoke-Block, C:\Users\alexa\OneDrive\Documents\PowerShell\Modules\Pester\5.7.1\Pester.psm1:835
at &lt;ScriptBlock&gt;, C:\Users\alexa\OneDrive\Documents\PowerShell\Modules\Pester\5.7.1\Pester.psm1:893
at &lt;ScriptBlock&gt;, C:\Users\alexa\OneDrive\Documents\PowerShell\Modules\Pester\5.7.1\Pester.psm1:2024
at &lt;ScriptBlock&gt;, C:\Users\alexa\OneDrive\Documents\PowerShell\Modules\Pester\5.7.1\Pester.psm1:1985
at Invoke-ScriptBlock, C:\Users\alexa\OneDrive\Documents\PowerShell\Modules\Pester\5.7.1\Pester.psm1:2160
at Invoke-Block, C:\Users\alexa\OneDrive\Documents\PowerShell\Modules\Pester\5.7.1\Pester.psm1:940
at &lt;ScriptBlock&gt;, C:\Users\alexa\OneDrive\Documents\PowerShell\Modules\Pester\5.7.1\Pester.psm1:893
at &lt;ScriptBlock&gt;, C:\Users\alexa\OneDrive\Documents\PowerShell\Modules\Pester\5.7.1\Pester.psm1:2024
at &lt;ScriptBlock&gt;, C:\Users\alexa\OneDrive\Documents\PowerShell\Modules\Pester\5.7.1\Pester.psm1:1985
at Invoke-ScriptBlock, C:\Users\alexa\OneDrive\Documents\PowerShell\Modules\Pester\5.7.1\Pester.psm1:2160
at Invoke-Block, C:\Users\alexa\OneDrive\Documents\PowerShell\Modules\Pester\5.7.1\Pester.psm1:940
at &lt;ScriptBlock&gt;, C:\Users\alexa\OneDrive\Documents\PowerShell\Modules\Pester\5.7.1\Pester.psm1:893
at &lt;ScriptBlock&gt;, C:\Users\alexa\OneDrive\Documents\PowerShell\Modules\Pester\5.7.1\Pester.psm1:2024
at &lt;ScriptBlock&gt;, C:\Users\alexa\OneDrive\Documents\PowerShell\Modules\Pester\5.7.1\Pester.psm1:1985
at Invoke-ScriptBlock, C:\Users\alexa\OneDrive\Documents\PowerShell\Modules\Pester\5.7.1\Pester.psm1:2160
at Invoke-Block, C:\Users\alexa\OneDrive\Documents\PowerShell\Modules\Pester\5.7.1\Pester.psm1:940
at &lt;ScriptBlock&gt;, C:\Users\alexa\OneDrive\Documents\PowerShell\Modules\Pester\5.7.1\Pester.psm1:1688
at &lt;ScriptBlock&gt;, C:\Users\alexa\OneDrive\Documents\PowerShell\Modules\Pester\5.7.1\Pester.ps1:3
at &lt;ScriptBlock&gt;, C:\Users\alexa\OneDrive\Documents\PowerShell\Modules\Pester\5.7.1\Pester.psm1:3260
at Invoke-InNewScriptScope, C:\Users\alexa\OneDrive\Documents\PowerShell\Modules\Pester\5.7.1\Pester.psm1:3267
at Run-Test, C:\Users\alexa\OneDrive\Documents\PowerShell\Modules\Pester\5.7.1\Pester.psm1:1691
at Invoke-Test, C:\Users\alexa\OneDrive\Documents\PowerShell\Modules\Pester\5.7.1\Pester.psm1:2512
at Invoke-Pester&lt;End&gt;, C:\Users\alexa\OneDrive\Documents\PowerShell\Modules\Pester\5.7.1\Pester.psm1:4960
at &lt;ScriptBlock&gt;, &lt;No file&gt;:1</stack-trace>
                    </failure>
                  </test-case>
                </results>
              </test-suite>
            </results>
          </test-suite>
        </results>
      </test-suite>
      <test-suite type="TestFixture" name="$env:PROJECT_ROOT\tests\unit\scripts\0102_Configure-Firewall.Tests.ps1" executed="True" result="Failure" success="False" time="0.2822" asserts="0" description="$env:PROJECT_ROOT\tests\unit\scripts\0102_Configure-Firewall.Tests.ps1">
        <results>
          <test-suite type="TestFixture" name="0102_Configure-Firewall Tests" executed="True" result="Failure" success="False" time="0.2449" asserts="0" description="0102_Configure-Firewall Tests">
            <results>
              <test-suite type="TestFixture" name="0102_Configure-Firewall Tests.Module Loading" executed="True" result="Failure" success="False" time="0.1165" asserts="0" description="0102_Configure-Firewall Tests.Module Loading">
                <results>
                  <test-case description="should load required modules" name="0102_Configure-Firewall Tests.Module Loading.should load required modules" time="0.1139" asserts="0" success="False" result="Failure" executed="True">
                    <failure>
                      <message>RuntimeException: Should operator 'Be' is not registered
CmdletInvocationException: Should operator 'Be' is not registered
CommandNotFoundException: The 'Should' command was found in the module 'Pester', but the module could not be loaded due to the following error: [Should operator 'Be' is not registered]
For more information, run 'Import-Module Pester'.</message>
                      <stack-trace>at &lt;ScriptBlock&gt;, $env:PROJECT_ROOT\tests\unit\scripts\0102_Configure-Firewall.Tests.ps1:10
at &lt;ScriptBlock&gt;, C:\Users\alexa\OneDrive\Documents\PowerShell\Modules\Pester\5.7.1\Pester.psm1:2024
at &lt;ScriptBlock&gt;, C:\Users\alexa\OneDrive\Documents\PowerShell\Modules\Pester\5.7.1\Pester.psm1:1985
at Invoke-ScriptBlock, C:\Users\alexa\OneDrive\Documents\PowerShell\Modules\Pester\5.7.1\Pester.psm1:2157
at Invoke-TestItem, C:\Users\alexa\OneDrive\Documents\PowerShell\Modules\Pester\5.7.1\Pester.psm1:1199
at Invoke-Block, C:\Users\alexa\OneDrive\Documents\PowerShell\Modules\Pester\5.7.1\Pester.psm1:835
at &lt;ScriptBlock&gt;, C:\Users\alexa\OneDrive\Documents\PowerShell\Modules\Pester\5.7.1\Pester.psm1:893
at &lt;ScriptBlock&gt;, C:\Users\alexa\OneDrive\Documents\PowerShell\Modules\Pester\5.7.1\Pester.psm1:2024
at &lt;ScriptBlock&gt;, C:\Users\alexa\OneDrive\Documents\PowerShell\Modules\Pester\5.7.1\Pester.psm1:1985
at Invoke-ScriptBlock, C:\Users\alexa\OneDrive\Documents\PowerShell\Modules\Pester\5.7.1\Pester.psm1:2160
at Invoke-Block, C:\Users\alexa\OneDrive\Documents\PowerShell\Modules\Pester\5.7.1\Pester.psm1:940
at &lt;ScriptBlock&gt;, C:\Users\alexa\OneDrive\Documents\PowerShell\Modules\Pester\5.7.1\Pester.psm1:893
at &lt;ScriptBlock&gt;, C:\Users\alexa\OneDrive\Documents\PowerShell\Modules\Pester\5.7.1\Pester.psm1:2024
at &lt;ScriptBlock&gt;, C:\Users\alexa\OneDrive\Documents\PowerShell\Modules\Pester\5.7.1\Pester.psm1:1985
at Invoke-ScriptBlock, C:\Users\alexa\OneDrive\Documents\PowerShell\Modules\Pester\5.7.1\Pester.psm1:2160
at Invoke-Block, C:\Users\alexa\OneDrive\Documents\PowerShell\Modules\Pester\5.7.1\Pester.psm1:940
at &lt;ScriptBlock&gt;, C:\Users\alexa\OneDrive\Documents\PowerShell\Modules\Pester\5.7.1\Pester.psm1:893
at &lt;ScriptBlock&gt;, C:\Users\alexa\OneDrive\Documents\PowerShell\Modules\Pester\5.7.1\Pester.psm1:2024
at &lt;ScriptBlock&gt;, C:\Users\alexa\OneDrive\Documents\PowerShell\Modules\Pester\5.7.1\Pester.psm1:1985
at Invoke-ScriptBlock, C:\Users\alexa\OneDrive\Documents\PowerShell\Modules\Pester\5.7.1\Pester.psm1:2160
at Invoke-Block, C:\Users\alexa\OneDrive\Documents\PowerShell\Modules\Pester\5.7.1\Pester.psm1:940
at &lt;ScriptBlock&gt;, C:\Users\alexa\OneDrive\Documents\PowerShell\Modules\Pester\5.7.1\Pester.psm1:1688
at &lt;ScriptBlock&gt;, C:\Users\alexa\OneDrive\Documents\PowerShell\Modules\Pester\5.7.1\Pester.ps1:3
at &lt;ScriptBlock&gt;, C:\Users\alexa\OneDrive\Documents\PowerShell\Modules\Pester\5.7.1\Pester.psm1:3260
at Invoke-InNewScriptScope, C:\Users\alexa\OneDrive\Documents\PowerShell\Modules\Pester\5.7.1\Pester.psm1:3267
at Run-Test, C:\Users\alexa\OneDrive\Documents\PowerShell\Modules\Pester\5.7.1\Pester.psm1:1691
at Invoke-Test, C:\Users\alexa\OneDrive\Documents\PowerShell\Modules\Pester\5.7.1\Pester.psm1:2512
at Invoke-Pester&lt;End&gt;, C:\Users\alexa\OneDrive\Documents\PowerShell\Modules\Pester\5.7.1\Pester.psm1:4960
at &lt;ScriptBlock&gt;, &lt;No file&gt;:1</stack-trace>
                    </failure>
                  </test-case>
                </results>
              </test-suite>
              <test-suite type="TestFixture" name="0102_Configure-Firewall Tests.Functionality Tests" executed="True" result="Failure" success="False" time="0.2319" asserts="0" description="0102_Configure-Firewall Tests.Functionality Tests">
                <results>
                  <test-case description="should execute without errors" name="0102_Configure-Firewall Tests.Functionality Tests.should execute without errors" time="0.1129" asserts="0" success="False" result="Failure" executed="True">
                    <failure>
                      <message>RuntimeException: Should operator 'Be' is not registered
CmdletInvocationException: Should operator 'Be' is not registered
CommandNotFoundException: The 'Should' command was found in the module 'Pester', but the module could not be loaded due to the following error: [Should operator 'Be' is not registered]
For more information, run 'Import-Module Pester'.</message>
                      <stack-trace>at &lt;ScriptBlock&gt;, $env:PROJECT_ROOT\tests\unit\scripts\0102_Configure-Firewall.Tests.ps1:17
at &lt;ScriptBlock&gt;, C:\Users\alexa\OneDrive\Documents\PowerShell\Modules\Pester\5.7.1\Pester.psm1:2024
at &lt;ScriptBlock&gt;, C:\Users\alexa\OneDrive\Documents\PowerShell\Modules\Pester\5.7.1\Pester.psm1:1985
at Invoke-ScriptBlock, C:\Users\alexa\OneDrive\Documents\PowerShell\Modules\Pester\5.7.1\Pester.psm1:2157
at Invoke-TestItem, C:\Users\alexa\OneDrive\Documents\PowerShell\Modules\Pester\5.7.1\Pester.psm1:1199
at Invoke-Block, C:\Users\alexa\OneDrive\Documents\PowerShell\Modules\Pester\5.7.1\Pester.psm1:835
at &lt;ScriptBlock&gt;, C:\Users\alexa\OneDrive\Documents\PowerShell\Modules\Pester\5.7.1\Pester.psm1:893
at &lt;ScriptBlock&gt;, C:\Users\alexa\OneDrive\Documents\PowerShell\Modules\Pester\5.7.1\Pester.psm1:2024
at &lt;ScriptBlock&gt;, C:\Users\alexa\OneDrive\Documents\PowerShell\Modules\Pester\5.7.1\Pester.psm1:1985
at Invoke-ScriptBlock, C:\Users\alexa\OneDrive\Documents\PowerShell\Modules\Pester\5.7.1\Pester.psm1:2160
at Invoke-Block, C:\Users\alexa\OneDrive\Documents\PowerShell\Modules\Pester\5.7.1\Pester.psm1:940
at &lt;ScriptBlock&gt;, C:\Users\alexa\OneDrive\Documents\PowerShell\Modules\Pester\5.7.1\Pester.psm1:893
at &lt;ScriptBlock&gt;, C:\Users\alexa\OneDrive\Documents\PowerShell\Modules\Pester\5.7.1\Pester.psm1:2024
at &lt;ScriptBlock&gt;, C:\Users\alexa\OneDrive\Documents\PowerShell\Modules\Pester\5.7.1\Pester.psm1:1985
at Invoke-ScriptBlock, C:\Users\alexa\OneDrive\Documents\PowerShell\Modules\Pester\5.7.1\Pester.psm1:2160
at Invoke-Block, C:\Users\alexa\OneDrive\Documents\PowerShell\Modules\Pester\5.7.1\Pester.psm1:940
at &lt;ScriptBlock&gt;, C:\Users\alexa\OneDrive\Documents\PowerShell\Modules\Pester\5.7.1\Pester.psm1:893
at &lt;ScriptBlock&gt;, C:\Users\alexa\OneDrive\Documents\PowerShell\Modules\Pester\5.7.1\Pester.psm1:2024
at &lt;ScriptBlock&gt;, C:\Users\alexa\OneDrive\Documents\PowerShell\Modules\Pester\5.7.1\Pester.psm1:1985
at Invoke-ScriptBlock, C:\Users\alexa\OneDrive\Documents\PowerShell\Modules\Pester\5.7.1\Pester.psm1:2160
at Invoke-Block, C:\Users\alexa\OneDrive\Documents\PowerShell\Modules\Pester\5.7.1\Pester.psm1:940
at &lt;ScriptBlock&gt;, C:\Users\alexa\OneDrive\Documents\PowerShell\Modules\Pester\5.7.1\Pester.psm1:1688
at &lt;ScriptBlock&gt;, C:\Users\alexa\OneDrive\Documents\PowerShell\Modules\Pester\5.7.1\Pester.ps1:3
at &lt;ScriptBlock&gt;, C:\Users\alexa\OneDrive\Documents\PowerShell\Modules\Pester\5.7.1\Pester.psm1:3260
at Invoke-InNewScriptScope, C:\Users\alexa\OneDrive\Documents\PowerShell\Modules\Pester\5.7.1\Pester.psm1:3267
at Run-Test, C:\Users\alexa\OneDrive\Documents\PowerShell\Modules\Pester\5.7.1\Pester.psm1:1691
at Invoke-Test, C:\Users\alexa\OneDrive\Documents\PowerShell\Modules\Pester\5.7.1\Pester.psm1:2512
at Invoke-Pester&lt;End&gt;, C:\Users\alexa\OneDrive\Documents\PowerShell\Modules\Pester\5.7.1\Pester.psm1:4960
at &lt;ScriptBlock&gt;, &lt;No file&gt;:1</stack-trace>
                    </failure>
                  </test-case>
                </results>
              </test-suite>
            </results>
          </test-suite>
        </results>
      </test-suite>
      <test-suite type="TestFixture" name="$env:PROJECT_ROOT\tests\unit\scripts\0103_Change-ComputerName.Tests.ps1" executed="True" result="Failure" success="False" time="0.2841" asserts="0" description="$env:PROJECT_ROOT\tests\unit\scripts\0103_Change-ComputerName.Tests.ps1">
        <results>
          <test-suite type="TestFixture" name="0103_Change-ComputerName Tests" executed="True" result="Failure" success="False" time="0.2484" asserts="0" description="0103_Change-ComputerName Tests">
            <results>
              <test-suite type="TestFixture" name="0103_Change-ComputerName Tests.Module Loading" executed="True" result="Failure" success="False" time="0.1204" asserts="0" description="0103_Change-ComputerName Tests.Module Loading">
                <results>
                  <test-case description="should load required modules" name="0103_Change-ComputerName Tests.Module Loading.should load required modules" time="0.1179" asserts="0" success="False" result="Failure" executed="True">
                    <failure>
                      <message>RuntimeException: Should operator 'Be' is not registered
CmdletInvocationException: Should operator 'Be' is not registered
CommandNotFoundException: The 'Should' command was found in the module 'Pester', but the module could not be loaded due to the following error: [Should operator 'Be' is not registered]
For more information, run 'Import-Module Pester'.</message>
                      <stack-trace>at &lt;ScriptBlock&gt;, $env:PROJECT_ROOT\tests\unit\scripts\0103_Change-ComputerName.Tests.ps1:10
at &lt;ScriptBlock&gt;, C:\Users\alexa\OneDrive\Documents\PowerShell\Modules\Pester\5.7.1\Pester.psm1:2024
at &lt;ScriptBlock&gt;, C:\Users\alexa\OneDrive\Documents\PowerShell\Modules\Pester\5.7.1\Pester.psm1:1985
at Invoke-ScriptBlock, C:\Users\alexa\OneDrive\Documents\PowerShell\Modules\Pester\5.7.1\Pester.psm1:2157
at Invoke-TestItem, C:\Users\alexa\OneDrive\Documents\PowerShell\Modules\Pester\5.7.1\Pester.psm1:1199
at Invoke-Block, C:\Users\alexa\OneDrive\Documents\PowerShell\Modules\Pester\5.7.1\Pester.psm1:835
at &lt;ScriptBlock&gt;, C:\Users\alexa\OneDrive\Documents\PowerShell\Modules\Pester\5.7.1\Pester.psm1:893
at &lt;ScriptBlock&gt;, C:\Users\alexa\OneDrive\Documents\PowerShell\Modules\Pester\5.7.1\Pester.psm1:2024
at &lt;ScriptBlock&gt;, C:\Users\alexa\OneDrive\Documents\PowerShell\Modules\Pester\5.7.1\Pester.psm1:1985
at Invoke-ScriptBlock, C:\Users\alexa\OneDrive\Documents\PowerShell\Modules\Pester\5.7.1\Pester.psm1:2160
at Invoke-Block, C:\Users\alexa\OneDrive\Documents\PowerShell\Modules\Pester\5.7.1\Pester.psm1:940
at &lt;ScriptBlock&gt;, C:\Users\alexa\OneDrive\Documents\PowerShell\Modules\Pester\5.7.1\Pester.psm1:893
at &lt;ScriptBlock&gt;, C:\Users\alexa\OneDrive\Documents\PowerShell\Modules\Pester\5.7.1\Pester.psm1:2024
at &lt;ScriptBlock&gt;, C:\Users\alexa\OneDrive\Documents\PowerShell\Modules\Pester\5.7.1\Pester.psm1:1985
at Invoke-ScriptBlock, C:\Users\alexa\OneDrive\Documents\PowerShell\Modules\Pester\5.7.1\Pester.psm1:2160
at Invoke-Block, C:\Users\alexa\OneDrive\Documents\PowerShell\Modules\Pester\5.7.1\Pester.psm1:940
at &lt;ScriptBlock&gt;, C:\Users\alexa\OneDrive\Documents\PowerShell\Modules\Pester\5.7.1\Pester.psm1:893
at &lt;ScriptBlock&gt;, C:\Users\alexa\OneDrive\Documents\PowerShell\Modules\Pester\5.7.1\Pester.psm1:2024
at &lt;ScriptBlock&gt;, C:\Users\alexa\OneDrive\Documents\PowerShell\Modules\Pester\5.7.1\Pester.psm1:1985
at Invoke-ScriptBlock, C:\Users\alexa\OneDrive\Documents\PowerShell\Modules\Pester\5.7.1\Pester.psm1:2160
at Invoke-Block, C:\Users\alexa\OneDrive\Documents\PowerShell\Modules\Pester\5.7.1\Pester.psm1:940
at &lt;ScriptBlock&gt;, C:\Users\alexa\OneDrive\Documents\PowerShell\Modules\Pester\5.7.1\Pester.psm1:1688
at &lt;ScriptBlock&gt;, C:\Users\alexa\OneDrive\Documents\PowerShell\Modules\Pester\5.7.1\Pester.ps1:3
at &lt;ScriptBlock&gt;, C:\Users\alexa\OneDrive\Documents\PowerShell\Modules\Pester\5.7.1\Pester.psm1:3260
at Invoke-InNewScriptScope, C:\Users\alexa\OneDrive\Documents\PowerShell\Modules\Pester\5.7.1\Pester.psm1:3267
at Run-Test, C:\Users\alexa\OneDrive\Documents\PowerShell\Modules\Pester\5.7.1\Pester.psm1:1691
at Invoke-Test, C:\Users\alexa\OneDrive\Documents\PowerShell\Modules\Pester\5.7.1\Pester.psm1:2512
at Invoke-Pester&lt;End&gt;, C:\Users\alexa\OneDrive\Documents\PowerShell\Modules\Pester\5.7.1\Pester.psm1:4960
at &lt;ScriptBlock&gt;, &lt;No file&gt;:1</stack-trace>
                    </failure>
                  </test-case>
                </results>
              </test-suite>
              <test-suite type="TestFixture" name="0103_Change-ComputerName Tests.Functionality Tests" executed="True" result="Failure" success="False" time="0.2355" asserts="0" description="0103_Change-ComputerName Tests.Functionality Tests">
                <results>
                  <test-case description="should execute without errors" name="0103_Change-ComputerName Tests.Functionality Tests.should execute without errors" time="0.1126" asserts="0" success="False" result="Failure" executed="True">
                    <failure>
                      <message>RuntimeException: Should operator 'Be' is not registered
CmdletInvocationException: Should operator 'Be' is not registered
CommandNotFoundException: The 'Should' command was found in the module 'Pester', but the module could not be loaded due to the following error: [Should operator 'Be' is not registered]
For more information, run 'Import-Module Pester'.</message>
                      <stack-trace>at &lt;ScriptBlock&gt;, $env:PROJECT_ROOT\tests\unit\scripts\0103_Change-ComputerName.Tests.ps1:17
at &lt;ScriptBlock&gt;, C:\Users\alexa\OneDrive\Documents\PowerShell\Modules\Pester\5.7.1\Pester.psm1:2024
at &lt;ScriptBlock&gt;, C:\Users\alexa\OneDrive\Documents\PowerShell\Modules\Pester\5.7.1\Pester.psm1:1985
at Invoke-ScriptBlock, C:\Users\alexa\OneDrive\Documents\PowerShell\Modules\Pester\5.7.1\Pester.psm1:2157
at Invoke-TestItem, C:\Users\alexa\OneDrive\Documents\PowerShell\Modules\Pester\5.7.1\Pester.psm1:1199
at Invoke-Block, C:\Users\alexa\OneDrive\Documents\PowerShell\Modules\Pester\5.7.1\Pester.psm1:835
at &lt;ScriptBlock&gt;, C:\Users\alexa\OneDrive\Documents\PowerShell\Modules\Pester\5.7.1\Pester.psm1:893
at &lt;ScriptBlock&gt;, C:\Users\alexa\OneDrive\Documents\PowerShell\Modules\Pester\5.7.1\Pester.psm1:2024
at &lt;ScriptBlock&gt;, C:\Users\alexa\OneDrive\Documents\PowerShell\Modules\Pester\5.7.1\Pester.psm1:1985
at Invoke-ScriptBlock, C:\Users\alexa\OneDrive\Documents\PowerShell\Modules\Pester\5.7.1\Pester.psm1:2160
at Invoke-Block, C:\Users\alexa\OneDrive\Documents\PowerShell\Modules\Pester\5.7.1\Pester.psm1:940
at &lt;ScriptBlock&gt;, C:\Users\alexa\OneDrive\Documents\PowerShell\Modules\Pester\5.7.1\Pester.psm1:893
at &lt;ScriptBlock&gt;, C:\Users\alexa\OneDrive\Documents\PowerShell\Modules\Pester\5.7.1\Pester.psm1:2024
at &lt;ScriptBlock&gt;, C:\Users\alexa\OneDrive\Documents\PowerShell\Modules\Pester\5.7.1\Pester.psm1:1985
at Invoke-ScriptBlock, C:\Users\alexa\OneDrive\Documents\PowerShell\Modules\Pester\5.7.1\Pester.psm1:2160
at Invoke-Block, C:\Users\alexa\OneDrive\Documents\PowerShell\Modules\Pester\5.7.1\Pester.psm1:940
at &lt;ScriptBlock&gt;, C:\Users\alexa\OneDrive\Documents\PowerShell\Modules\Pester\5.7.1\Pester.psm1:893
at &lt;ScriptBlock&gt;, C:\Users\alexa\OneDrive\Documents\PowerShell\Modules\Pester\5.7.1\Pester.psm1:2024
at &lt;ScriptBlock&gt;, C:\Users\alexa\OneDrive\Documents\PowerShell\Modules\Pester\5.7.1\Pester.psm1:1985
at Invoke-ScriptBlock, C:\Users\alexa\OneDrive\Documents\PowerShell\Modules\Pester\5.7.1\Pester.psm1:2160
at Invoke-Block, C:\Users\alexa\OneDrive\Documents\PowerShell\Modules\Pester\5.7.1\Pester.psm1:940
at &lt;ScriptBlock&gt;, C:\Users\alexa\OneDrive\Documents\PowerShell\Modules\Pester\5.7.1\Pester.psm1:1688
at &lt;ScriptBlock&gt;, C:\Users\alexa\OneDrive\Documents\PowerShell\Modules\Pester\5.7.1\Pester.ps1:3
at &lt;ScriptBlock&gt;, C:\Users\alexa\OneDrive\Documents\PowerShell\Modules\Pester\5.7.1\Pester.psm1:3260
at Invoke-InNewScriptScope, C:\Users\alexa\OneDrive\Documents\PowerShell\Modules\Pester\5.7.1\Pester.psm1:3267
at Run-Test, C:\Users\alexa\OneDrive\Documents\PowerShell\Modules\Pester\5.7.1\Pester.psm1:1691
at Invoke-Test, C:\Users\alexa\OneDrive\Documents\PowerShell\Modules\Pester\5.7.1\Pester.psm1:2512
at Invoke-Pester&lt;End&gt;, C:\Users\alexa\OneDrive\Documents\PowerShell\Modules\Pester\5.7.1\Pester.psm1:4960
at &lt;ScriptBlock&gt;, &lt;No file&gt;:1</stack-trace>
                    </failure>
                  </test-case>
                </results>
              </test-suite>
            </results>
          </test-suite>
        </results>
      </test-suite>
      <test-suite type="TestFixture" name="$env:PROJECT_ROOT\tests\unit\scripts\0104_Install-CA.Tests.ps1" executed="True" result="Failure" success="False" time="0.2876" asserts="0" description="$env:PROJECT_ROOT\tests\unit\scripts\0104_Install-CA.Tests.ps1">
        <results>
          <test-suite type="TestFixture" name="0104_Install-CA Tests" executed="True" result="Failure" success="False" time="0.251" asserts="0" description="0104_Install-CA Tests">
            <results>
              <test-suite type="TestFixture" name="0104_Install-CA Tests.Module Loading" executed="True" result="Failure" success="False" time="0.121" asserts="0" description="0104_Install-CA Tests.Module Loading">
                <results>
                  <test-case description="should load required modules" name="0104_Install-CA Tests.Module Loading.should load required modules" time="0.1182" asserts="0" success="False" result="Failure" executed="True">
                    <failure>
                      <message>RuntimeException: Should operator 'Be' is not registered
CmdletInvocationException: Should operator 'Be' is not registered
CommandNotFoundException: The 'Should' command was found in the module 'Pester', but the module could not be loaded due to the following error: [Should operator 'Be' is not registered]
For more information, run 'Import-Module Pester'.</message>
                      <stack-trace>at &lt;ScriptBlock&gt;, $env:PROJECT_ROOT\tests\unit\scripts\0104_Install-CA.Tests.ps1:10
at &lt;ScriptBlock&gt;, C:\Users\alexa\OneDrive\Documents\PowerShell\Modules\Pester\5.7.1\Pester.psm1:2024
at &lt;ScriptBlock&gt;, C:\Users\alexa\OneDrive\Documents\PowerShell\Modules\Pester\5.7.1\Pester.psm1:1985
at Invoke-ScriptBlock, C:\Users\alexa\OneDrive\Documents\PowerShell\Modules\Pester\5.7.1\Pester.psm1:2157
at Invoke-TestItem, C:\Users\alexa\OneDrive\Documents\PowerShell\Modules\Pester\5.7.1\Pester.psm1:1199
at Invoke-Block, C:\Users\alexa\OneDrive\Documents\PowerShell\Modules\Pester\5.7.1\Pester.psm1:835
at &lt;ScriptBlock&gt;, C:\Users\alexa\OneDrive\Documents\PowerShell\Modules\Pester\5.7.1\Pester.psm1:893
at &lt;ScriptBlock&gt;, C:\Users\alexa\OneDrive\Documents\PowerShell\Modules\Pester\5.7.1\Pester.psm1:2024
at &lt;ScriptBlock&gt;, C:\Users\alexa\OneDrive\Documents\PowerShell\Modules\Pester\5.7.1\Pester.psm1:1985
at Invoke-ScriptBlock, C:\Users\alexa\OneDrive\Documents\PowerShell\Modules\Pester\5.7.1\Pester.psm1:2160
at Invoke-Block, C:\Users\alexa\OneDrive\Documents\PowerShell\Modules\Pester\5.7.1\Pester.psm1:940
at &lt;ScriptBlock&gt;, C:\Users\alexa\OneDrive\Documents\PowerShell\Modules\Pester\5.7.1\Pester.psm1:893
at &lt;ScriptBlock&gt;, C:\Users\alexa\OneDrive\Documents\PowerShell\Modules\Pester\5.7.1\Pester.psm1:2024
at &lt;ScriptBlock&gt;, C:\Users\alexa\OneDrive\Documents\PowerShell\Modules\Pester\5.7.1\Pester.psm1:1985
at Invoke-ScriptBlock, C:\Users\alexa\OneDrive\Documents\PowerShell\Modules\Pester\5.7.1\Pester.psm1:2160
at Invoke-Block, C:\Users\alexa\OneDrive\Documents\PowerShell\Modules\Pester\5.7.1\Pester.psm1:940
at &lt;ScriptBlock&gt;, C:\Users\alexa\OneDrive\Documents\PowerShell\Modules\Pester\5.7.1\Pester.psm1:893
at &lt;ScriptBlock&gt;, C:\Users\alexa\OneDrive\Documents\PowerShell\Modules\Pester\5.7.1\Pester.psm1:2024
at &lt;ScriptBlock&gt;, C:\Users\alexa\OneDrive\Documents\PowerShell\Modules\Pester\5.7.1\Pester.psm1:1985
at Invoke-ScriptBlock, C:\Users\alexa\OneDrive\Documents\PowerShell\Modules\Pester\5.7.1\Pester.psm1:2160
at Invoke-Block, C:\Users\alexa\OneDrive\Documents\PowerShell\Modules\Pester\5.7.1\Pester.psm1:940
at &lt;ScriptBlock&gt;, C:\Users\alexa\OneDrive\Documents\PowerShell\Modules\Pester\5.7.1\Pester.psm1:1688
at &lt;ScriptBlock&gt;, C:\Users\alexa\OneDrive\Documents\PowerShell\Modules\Pester\5.7.1\Pester.ps1:3
at &lt;ScriptBlock&gt;, C:\Users\alexa\OneDrive\Documents\PowerShell\Modules\Pester\5.7.1\Pester.psm1:3260
at Invoke-InNewScriptScope, C:\Users\alexa\OneDrive\Documents\PowerShell\Modules\Pester\5.7.1\Pester.psm1:3267
at Run-Test, C:\Users\alexa\OneDrive\Documents\PowerShell\Modules\Pester\5.7.1\Pester.psm1:1691
at Invoke-Test, C:\Users\alexa\OneDrive\Documents\PowerShell\Modules\Pester\5.7.1\Pester.psm1:2512
at Invoke-Pester&lt;End&gt;, C:\Users\alexa\OneDrive\Documents\PowerShell\Modules\Pester\5.7.1\Pester.psm1:4960
at &lt;ScriptBlock&gt;, &lt;No file&gt;:1</stack-trace>
                    </failure>
                  </test-case>
                </results>
              </test-suite>
              <test-suite type="TestFixture" name="0104_Install-CA Tests.Functionality Tests" executed="True" result="Failure" success="False" time="0.2374" asserts="0" description="0104_Install-CA Tests.Functionality Tests">
                <results>
                  <test-case description="should execute without errors" name="0104_Install-CA Tests.Functionality Tests.should execute without errors" time="0.114" asserts="0" success="False" result="Failure" executed="True">
                    <failure>
                      <message>RuntimeException: Should operator 'Be' is not registered
CmdletInvocationException: Should operator 'Be' is not registered
CommandNotFoundException: The 'Should' command was found in the module 'Pester', but the module could not be loaded due to the following error: [Should operator 'Be' is not registered]
For more information, run 'Import-Module Pester'.</message>
                      <stack-trace>at &lt;ScriptBlock&gt;, $env:PROJECT_ROOT\tests\unit\scripts\0104_Install-CA.Tests.ps1:17
at &lt;ScriptBlock&gt;, C:\Users\alexa\OneDrive\Documents\PowerShell\Modules\Pester\5.7.1\Pester.psm1:2024
at &lt;ScriptBlock&gt;, C:\Users\alexa\OneDrive\Documents\PowerShell\Modules\Pester\5.7.1\Pester.psm1:1985
at Invoke-ScriptBlock, C:\Users\alexa\OneDrive\Documents\PowerShell\Modules\Pester\5.7.1\Pester.psm1:2157
at Invoke-TestItem, C:\Users\alexa\OneDrive\Documents\PowerShell\Modules\Pester\5.7.1\Pester.psm1:1199
at Invoke-Block, C:\Users\alexa\OneDrive\Documents\PowerShell\Modules\Pester\5.7.1\Pester.psm1:835
at &lt;ScriptBlock&gt;, C:\Users\alexa\OneDrive\Documents\PowerShell\Modules\Pester\5.7.1\Pester.psm1:893
at &lt;ScriptBlock&gt;, C:\Users\alexa\OneDrive\Documents\PowerShell\Modules\Pester\5.7.1\Pester.psm1:2024
at &lt;ScriptBlock&gt;, C:\Users\alexa\OneDrive\Documents\PowerShell\Modules\Pester\5.7.1\Pester.psm1:1985
at Invoke-ScriptBlock, C:\Users\alexa\OneDrive\Documents\PowerShell\Modules\Pester\5.7.1\Pester.psm1:2160
at Invoke-Block, C:\Users\alexa\OneDrive\Documents\PowerShell\Modules\Pester\5.7.1\Pester.psm1:940
at &lt;ScriptBlock&gt;, C:\Users\alexa\OneDrive\Documents\PowerShell\Modules\Pester\5.7.1\Pester.psm1:893
at &lt;ScriptBlock&gt;, C:\Users\alexa\OneDrive\Documents\PowerShell\Modules\Pester\5.7.1\Pester.psm1:2024
at &lt;ScriptBlock&gt;, C:\Users\alexa\OneDrive\Documents\PowerShell\Modules\Pester\5.7.1\Pester.psm1:1985
at Invoke-ScriptBlock, C:\Users\alexa\OneDrive\Documents\PowerShell\Modules\Pester\5.7.1\Pester.psm1:2160
at Invoke-Block, C:\Users\alexa\OneDrive\Documents\PowerShell\Modules\Pester\5.7.1\Pester.psm1:940
at &lt;ScriptBlock&gt;, C:\Users\alexa\OneDrive\Documents\PowerShell\Modules\Pester\5.7.1\Pester.psm1:893
at &lt;ScriptBlock&gt;, C:\Users\alexa\OneDrive\Documents\PowerShell\Modules\Pester\5.7.1\Pester.psm1:2024
at &lt;ScriptBlock&gt;, C:\Users\alexa\OneDrive\Documents\PowerShell\Modules\Pester\5.7.1\Pester.psm1:1985
at Invoke-ScriptBlock, C:\Users\alexa\OneDrive\Documents\PowerShell\Modules\Pester\5.7.1\Pester.psm1:2160
at Invoke-Block, C:\Users\alexa\OneDrive\Documents\PowerShell\Modules\Pester\5.7.1\Pester.psm1:940
at &lt;ScriptBlock&gt;, C:\Users\alexa\OneDrive\Documents\PowerShell\Modules\Pester\5.7.1\Pester.psm1:1688
at &lt;ScriptBlock&gt;, C:\Users\alexa\OneDrive\Documents\PowerShell\Modules\Pester\5.7.1\Pester.ps1:3
at &lt;ScriptBlock&gt;, C:\Users\alexa\OneDrive\Documents\PowerShell\Modules\Pester\5.7.1\Pester.psm1:3260
at Invoke-InNewScriptScope, C:\Users\alexa\OneDrive\Documents\PowerShell\Modules\Pester\5.7.1\Pester.psm1:3267
at Run-Test, C:\Users\alexa\OneDrive\Documents\PowerShell\Modules\Pester\5.7.1\Pester.psm1:1691
at Invoke-Test, C:\Users\alexa\OneDrive\Documents\PowerShell\Modules\Pester\5.7.1\Pester.psm1:2512
at Invoke-Pester&lt;End&gt;, C:\Users\alexa\OneDrive\Documents\PowerShell\Modules\Pester\5.7.1\Pester.psm1:4960
at &lt;ScriptBlock&gt;, &lt;No file&gt;:1</stack-trace>
                    </failure>
                  </test-case>
                </results>
              </test-suite>
            </results>
          </test-suite>
        </results>
      </test-suite>
      <test-suite type="TestFixture" name="$env:PROJECT_ROOT\tests\unit\scripts\0105_Install-HyperV.Tests.ps1" executed="True" result="Failure" success="False" time="0.2888" asserts="0" description="$env:PROJECT_ROOT\tests\unit\scripts\0105_Install-HyperV.Tests.ps1">
        <results>
          <test-suite type="TestFixture" name="0105_Install-HyperV Tests" executed="True" result="Failure" success="False" time="0.2534" asserts="0" description="0105_Install-HyperV Tests">
            <results>
              <test-suite type="TestFixture" name="0105_Install-HyperV Tests.Module Loading" executed="True" result="Failure" success="False" time="0.1254" asserts="0" description="0105_Install-HyperV Tests.Module Loading">
                <results>
                  <test-case description="should load required modules" name="0105_Install-HyperV Tests.Module Loading.should load required modules" time="0.1227" asserts="0" success="False" result="Failure" executed="True">
                    <failure>
                      <message>RuntimeException: Should operator 'Be' is not registered
CmdletInvocationException: Should operator 'Be' is not registered
CommandNotFoundException: The 'Should' command was found in the module 'Pester', but the module could not be loaded due to the following error: [Should operator 'Be' is not registered]
For more information, run 'Import-Module Pester'.</message>
                      <stack-trace>at &lt;ScriptBlock&gt;, $env:PROJECT_ROOT\tests\unit\scripts\0105_Install-HyperV.Tests.ps1:10
at &lt;ScriptBlock&gt;, C:\Users\alexa\OneDrive\Documents\PowerShell\Modules\Pester\5.7.1\Pester.psm1:2024
at &lt;ScriptBlock&gt;, C:\Users\alexa\OneDrive\Documents\PowerShell\Modules\Pester\5.7.1\Pester.psm1:1985
at Invoke-ScriptBlock, C:\Users\alexa\OneDrive\Documents\PowerShell\Modules\Pester\5.7.1\Pester.psm1:2157
at Invoke-TestItem, C:\Users\alexa\OneDrive\Documents\PowerShell\Modules\Pester\5.7.1\Pester.psm1:1199
at Invoke-Block, C:\Users\alexa\OneDrive\Documents\PowerShell\Modules\Pester\5.7.1\Pester.psm1:835
at &lt;ScriptBlock&gt;, C:\Users\alexa\OneDrive\Documents\PowerShell\Modules\Pester\5.7.1\Pester.psm1:893
at &lt;ScriptBlock&gt;, C:\Users\alexa\OneDrive\Documents\PowerShell\Modules\Pester\5.7.1\Pester.psm1:2024
at &lt;ScriptBlock&gt;, C:\Users\alexa\OneDrive\Documents\PowerShell\Modules\Pester\5.7.1\Pester.psm1:1985
at Invoke-ScriptBlock, C:\Users\alexa\OneDrive\Documents\PowerShell\Modules\Pester\5.7.1\Pester.psm1:2160
at Invoke-Block, C:\Users\alexa\OneDrive\Documents\PowerShell\Modules\Pester\5.7.1\Pester.psm1:940
at &lt;ScriptBlock&gt;, C:\Users\alexa\OneDrive\Documents\PowerShell\Modules\Pester\5.7.1\Pester.psm1:893
at &lt;ScriptBlock&gt;, C:\Users\alexa\OneDrive\Documents\PowerShell\Modules\Pester\5.7.1\Pester.psm1:2024
at &lt;ScriptBlock&gt;, C:\Users\alexa\OneDrive\Documents\PowerShell\Modules\Pester\5.7.1\Pester.psm1:1985
at Invoke-ScriptBlock, C:\Users\alexa\OneDrive\Documents\PowerShell\Modules\Pester\5.7.1\Pester.psm1:2160
at Invoke-Block, C:\Users\alexa\OneDrive\Documents\PowerShell\Modules\Pester\5.7.1\Pester.psm1:940
at &lt;ScriptBlock&gt;, C:\Users\alexa\OneDrive\Documents\PowerShell\Modules\Pester\5.7.1\Pester.psm1:893
at &lt;ScriptBlock&gt;, C:\Users\alexa\OneDrive\Documents\PowerShell\Modules\Pester\5.7.1\Pester.psm1:2024
at &lt;ScriptBlock&gt;, C:\Users\alexa\OneDrive\Documents\PowerShell\Modules\Pester\5.7.1\Pester.psm1:1985
at Invoke-ScriptBlock, C:\Users\alexa\OneDrive\Documents\PowerShell\Modules\Pester\5.7.1\Pester.psm1:2160
at Invoke-Block, C:\Users\alexa\OneDrive\Documents\PowerShell\Modules\Pester\5.7.1\Pester.psm1:940
at &lt;ScriptBlock&gt;, C:\Users\alexa\OneDrive\Documents\PowerShell\Modules\Pester\5.7.1\Pester.psm1:1688
at &lt;ScriptBlock&gt;, C:\Users\alexa\OneDrive\Documents\PowerShell\Modules\Pester\5.7.1\Pester.ps1:3
at &lt;ScriptBlock&gt;, C:\Users\alexa\OneDrive\Documents\PowerShell\Modules\Pester\5.7.1\Pester.psm1:3260
at Invoke-InNewScriptScope, C:\Users\alexa\OneDrive\Documents\PowerShell\Modules\Pester\5.7.1\Pester.psm1:3267
at Run-Test, C:\Users\alexa\OneDrive\Documents\PowerShell\Modules\Pester\5.7.1\Pester.psm1:1691
at Invoke-Test, C:\Users\alexa\OneDrive\Documents\PowerShell\Modules\Pester\5.7.1\Pester.psm1:2512
at Invoke-Pester&lt;End&gt;, C:\Users\alexa\OneDrive\Documents\PowerShell\Modules\Pester\5.7.1\Pester.psm1:4960
at &lt;ScriptBlock&gt;, &lt;No file&gt;:1</stack-trace>
                    </failure>
                  </test-case>
                </results>
              </test-suite>
              <test-suite type="TestFixture" name="0105_Install-HyperV Tests.Functionality Tests" executed="True" result="Failure" success="False" time="0.2398" asserts="0" description="0105_Install-HyperV Tests.Functionality Tests">
                <results>
                  <test-case description="should execute without errors" name="0105_Install-HyperV Tests.Functionality Tests.should execute without errors" time="0.1118" asserts="0" success="False" result="Failure" executed="True">
                    <failure>
                      <message>RuntimeException: Should operator 'Be' is not registered
CmdletInvocationException: Should operator 'Be' is not registered
CommandNotFoundException: The 'Should' command was found in the module 'Pester', but the module could not be loaded due to the following error: [Should operator 'Be' is not registered]
For more information, run 'Import-Module Pester'.</message>
                      <stack-trace>at &lt;ScriptBlock&gt;, $env:PROJECT_ROOT\tests\unit\scripts\0105_Install-HyperV.Tests.ps1:17
at &lt;ScriptBlock&gt;, C:\Users\alexa\OneDrive\Documents\PowerShell\Modules\Pester\5.7.1\Pester.psm1:2024
at &lt;ScriptBlock&gt;, C:\Users\alexa\OneDrive\Documents\PowerShell\Modules\Pester\5.7.1\Pester.psm1:1985
at Invoke-ScriptBlock, C:\Users\alexa\OneDrive\Documents\PowerShell\Modules\Pester\5.7.1\Pester.psm1:2157
at Invoke-TestItem, C:\Users\alexa\OneDrive\Documents\PowerShell\Modules\Pester\5.7.1\Pester.psm1:1199
at Invoke-Block, C:\Users\alexa\OneDrive\Documents\PowerShell\Modules\Pester\5.7.1\Pester.psm1:835
at &lt;ScriptBlock&gt;, C:\Users\alexa\OneDrive\Documents\PowerShell\Modules\Pester\5.7.1\Pester.psm1:893
at &lt;ScriptBlock&gt;, C:\Users\alexa\OneDrive\Documents\PowerShell\Modules\Pester\5.7.1\Pester.psm1:2024
at &lt;ScriptBlock&gt;, C:\Users\alexa\OneDrive\Documents\PowerShell\Modules\Pester\5.7.1\Pester.psm1:1985
at Invoke-ScriptBlock, C:\Users\alexa\OneDrive\Documents\PowerShell\Modules\Pester\5.7.1\Pester.psm1:2160
at Invoke-Block, C:\Users\alexa\OneDrive\Documents\PowerShell\Modules\Pester\5.7.1\Pester.psm1:940
at &lt;ScriptBlock&gt;, C:\Users\alexa\OneDrive\Documents\PowerShell\Modules\Pester\5.7.1\Pester.psm1:893
at &lt;ScriptBlock&gt;, C:\Users\alexa\OneDrive\Documents\PowerShell\Modules\Pester\5.7.1\Pester.psm1:2024
at &lt;ScriptBlock&gt;, C:\Users\alexa\OneDrive\Documents\PowerShell\Modules\Pester\5.7.1\Pester.psm1:1985
at Invoke-ScriptBlock, C:\Users\alexa\OneDrive\Documents\PowerShell\Modules\Pester\5.7.1\Pester.psm1:2160
at Invoke-Block, C:\Users\alexa\OneDrive\Documents\PowerShell\Modules\Pester\5.7.1\Pester.psm1:940
at &lt;ScriptBlock&gt;, C:\Users\alexa\OneDrive\Documents\PowerShell\Modules\Pester\5.7.1\Pester.psm1:893
at &lt;ScriptBlock&gt;, C:\Users\alexa\OneDrive\Documents\PowerShell\Modules\Pester\5.7.1\Pester.psm1:2024
at &lt;ScriptBlock&gt;, C:\Users\alexa\OneDrive\Documents\PowerShell\Modules\Pester\5.7.1\Pester.psm1:1985
at Invoke-ScriptBlock, C:\Users\alexa\OneDrive\Documents\PowerShell\Modules\Pester\5.7.1\Pester.psm1:2160
at Invoke-Block, C:\Users\alexa\OneDrive\Documents\PowerShell\Modules\Pester\5.7.1\Pester.psm1:940
at &lt;ScriptBlock&gt;, C:\Users\alexa\OneDrive\Documents\PowerShell\Modules\Pester\5.7.1\Pester.psm1:1688
at &lt;ScriptBlock&gt;, C:\Users\alexa\OneDrive\Documents\PowerShell\Modules\Pester\5.7.1\Pester.ps1:3
at &lt;ScriptBlock&gt;, C:\Users\alexa\OneDrive\Documents\PowerShell\Modules\Pester\5.7.1\Pester.psm1:3260
at Invoke-InNewScriptScope, C:\Users\alexa\OneDrive\Documents\PowerShell\Modules\Pester\5.7.1\Pester.psm1:3267
at Run-Test, C:\Users\alexa\OneDrive\Documents\PowerShell\Modules\Pester\5.7.1\Pester.psm1:1691
at Invoke-Test, C:\Users\alexa\OneDrive\Documents\PowerShell\Modules\Pester\5.7.1\Pester.psm1:2512
at Invoke-Pester&lt;End&gt;, C:\Users\alexa\OneDrive\Documents\PowerShell\Modules\Pester\5.7.1\Pester.psm1:4960
at &lt;ScriptBlock&gt;, &lt;No file&gt;:1</stack-trace>
                    </failure>
                  </test-case>
                </results>
              </test-suite>
            </results>
          </test-suite>
        </results>
      </test-suite>
      <test-suite type="TestFixture" name="$env:PROJECT_ROOT\tests\unit\scripts\0106_Install-WAC.Tests.ps1" executed="True" result="Failure" success="False" time="0.308" asserts="0" description="$env:PROJECT_ROOT\tests\unit\scripts\0106_Install-WAC.Tests.ps1">
        <results>
          <test-suite type="TestFixture" name="0106_Install-WAC Tests" executed="True" result="Failure" success="False" time="0.2695" asserts="0" description="0106_Install-WAC Tests">
            <results>
              <test-suite type="TestFixture" name="0106_Install-WAC Tests.Module Loading" executed="True" result="Failure" success="False" time="0.1201" asserts="0" description="0106_Install-WAC Tests.Module Loading">
                <results>
                  <test-case description="should load required modules" name="0106_Install-WAC Tests.Module Loading.should load required modules" time="0.1175" asserts="0" success="False" result="Failure" executed="True">
                    <failure>
                      <message>RuntimeException: Should operator 'Be' is not registered
CmdletInvocationException: Should operator 'Be' is not registered
CommandNotFoundException: The 'Should' command was found in the module 'Pester', but the module could not be loaded due to the following error: [Should operator 'Be' is not registered]
For more information, run 'Import-Module Pester'.</message>
                      <stack-trace>at &lt;ScriptBlock&gt;, $env:PROJECT_ROOT\tests\unit\scripts\0106_Install-WAC.Tests.ps1:10
at &lt;ScriptBlock&gt;, C:\Users\alexa\OneDrive\Documents\PowerShell\Modules\Pester\5.7.1\Pester.psm1:2024
at &lt;ScriptBlock&gt;, C:\Users\alexa\OneDrive\Documents\PowerShell\Modules\Pester\5.7.1\Pester.psm1:1985
at Invoke-ScriptBlock, C:\Users\alexa\OneDrive\Documents\PowerShell\Modules\Pester\5.7.1\Pester.psm1:2157
at Invoke-TestItem, C:\Users\alexa\OneDrive\Documents\PowerShell\Modules\Pester\5.7.1\Pester.psm1:1199
at Invoke-Block, C:\Users\alexa\OneDrive\Documents\PowerShell\Modules\Pester\5.7.1\Pester.psm1:835
at &lt;ScriptBlock&gt;, C:\Users\alexa\OneDrive\Documents\PowerShell\Modules\Pester\5.7.1\Pester.psm1:893
at &lt;ScriptBlock&gt;, C:\Users\alexa\OneDrive\Documents\PowerShell\Modules\Pester\5.7.1\Pester.psm1:2024
at &lt;ScriptBlock&gt;, C:\Users\alexa\OneDrive\Documents\PowerShell\Modules\Pester\5.7.1\Pester.psm1:1985
at Invoke-ScriptBlock, C:\Users\alexa\OneDrive\Documents\PowerShell\Modules\Pester\5.7.1\Pester.psm1:2160
at Invoke-Block, C:\Users\alexa\OneDrive\Documents\PowerShell\Modules\Pester\5.7.1\Pester.psm1:940
at &lt;ScriptBlock&gt;, C:\Users\alexa\OneDrive\Documents\PowerShell\Modules\Pester\5.7.1\Pester.psm1:893
at &lt;ScriptBlock&gt;, C:\Users\alexa\OneDrive\Documents\PowerShell\Modules\Pester\5.7.1\Pester.psm1:2024
at &lt;ScriptBlock&gt;, C:\Users\alexa\OneDrive\Documents\PowerShell\Modules\Pester\5.7.1\Pester.psm1:1985
at Invoke-ScriptBlock, C:\Users\alexa\OneDrive\Documents\PowerShell\Modules\Pester\5.7.1\Pester.psm1:2160
at Invoke-Block, C:\Users\alexa\OneDrive\Documents\PowerShell\Modules\Pester\5.7.1\Pester.psm1:940
at &lt;ScriptBlock&gt;, C:\Users\alexa\OneDrive\Documents\PowerShell\Modules\Pester\5.7.1\Pester.psm1:893
at &lt;ScriptBlock&gt;, C:\Users\alexa\OneDrive\Documents\PowerShell\Modules\Pester\5.7.1\Pester.psm1:2024
at &lt;ScriptBlock&gt;, C:\Users\alexa\OneDrive\Documents\PowerShell\Modules\Pester\5.7.1\Pester.psm1:1985
at Invoke-ScriptBlock, C:\Users\alexa\OneDrive\Documents\PowerShell\Modules\Pester\5.7.1\Pester.psm1:2160
at Invoke-Block, C:\Users\alexa\OneDrive\Documents\PowerShell\Modules\Pester\5.7.1\Pester.psm1:940
at &lt;ScriptBlock&gt;, C:\Users\alexa\OneDrive\Documents\PowerShell\Modules\Pester\5.7.1\Pester.psm1:1688
at &lt;ScriptBlock&gt;, C:\Users\alexa\OneDrive\Documents\PowerShell\Modules\Pester\5.7.1\Pester.ps1:3
at &lt;ScriptBlock&gt;, C:\Users\alexa\OneDrive\Documents\PowerShell\Modules\Pester\5.7.1\Pester.psm1:3260
at Invoke-InNewScriptScope, C:\Users\alexa\OneDrive\Documents\PowerShell\Modules\Pester\5.7.1\Pester.psm1:3267
at Run-Test, C:\Users\alexa\OneDrive\Documents\PowerShell\Modules\Pester\5.7.1\Pester.psm1:1691
at Invoke-Test, C:\Users\alexa\OneDrive\Documents\PowerShell\Modules\Pester\5.7.1\Pester.psm1:2512
at Invoke-Pester&lt;End&gt;, C:\Users\alexa\OneDrive\Documents\PowerShell\Modules\Pester\5.7.1\Pester.psm1:4960
at &lt;ScriptBlock&gt;, &lt;No file&gt;:1</stack-trace>
                    </failure>
                  </test-case>
                </results>
              </test-suite>
              <test-suite type="TestFixture" name="0106_Install-WAC Tests.Functionality Tests" executed="True" result="Failure" success="False" time="0.2558" asserts="0" description="0106_Install-WAC Tests.Functionality Tests">
                <results>
                  <test-case description="should execute without errors" name="0106_Install-WAC Tests.Functionality Tests.should execute without errors" time="0.1331" asserts="0" success="False" result="Failure" executed="True">
                    <failure>
                      <message>RuntimeException: Should operator 'Be' is not registered
CmdletInvocationException: Should operator 'Be' is not registered
CommandNotFoundException: The 'Should' command was found in the module 'Pester', but the module could not be loaded due to the following error: [Should operator 'Be' is not registered]
For more information, run 'Import-Module Pester'.</message>
                      <stack-trace>at &lt;ScriptBlock&gt;, $env:PROJECT_ROOT\tests\unit\scripts\0106_Install-WAC.Tests.ps1:17
at &lt;ScriptBlock&gt;, C:\Users\alexa\OneDrive\Documents\PowerShell\Modules\Pester\5.7.1\Pester.psm1:2024
at &lt;ScriptBlock&gt;, C:\Users\alexa\OneDrive\Documents\PowerShell\Modules\Pester\5.7.1\Pester.psm1:1985
at Invoke-ScriptBlock, C:\Users\alexa\OneDrive\Documents\PowerShell\Modules\Pester\5.7.1\Pester.psm1:2157
at Invoke-TestItem, C:\Users\alexa\OneDrive\Documents\PowerShell\Modules\Pester\5.7.1\Pester.psm1:1199
at Invoke-Block, C:\Users\alexa\OneDrive\Documents\PowerShell\Modules\Pester\5.7.1\Pester.psm1:835
at &lt;ScriptBlock&gt;, C:\Users\alexa\OneDrive\Documents\PowerShell\Modules\Pester\5.7.1\Pester.psm1:893
at &lt;ScriptBlock&gt;, C:\Users\alexa\OneDrive\Documents\PowerShell\Modules\Pester\5.7.1\Pester.psm1:2024
at &lt;ScriptBlock&gt;, C:\Users\alexa\OneDrive\Documents\PowerShell\Modules\Pester\5.7.1\Pester.psm1:1985
at Invoke-ScriptBlock, C:\Users\alexa\OneDrive\Documents\PowerShell\Modules\Pester\5.7.1\Pester.psm1:2160
at Invoke-Block, C:\Users\alexa\OneDrive\Documents\PowerShell\Modules\Pester\5.7.1\Pester.psm1:940
at &lt;ScriptBlock&gt;, C:\Users\alexa\OneDrive\Documents\PowerShell\Modules\Pester\5.7.1\Pester.psm1:893
at &lt;ScriptBlock&gt;, C:\Users\alexa\OneDrive\Documents\PowerShell\Modules\Pester\5.7.1\Pester.psm1:2024
at &lt;ScriptBlock&gt;, C:\Users\alexa\OneDrive\Documents\PowerShell\Modules\Pester\5.7.1\Pester.psm1:1985
at Invoke-ScriptBlock, C:\Users\alexa\OneDrive\Documents\PowerShell\Modules\Pester\5.7.1\Pester.psm1:2160
at Invoke-Block, C:\Users\alexa\OneDrive\Documents\PowerShell\Modules\Pester\5.7.1\Pester.psm1:940
at &lt;ScriptBlock&gt;, C:\Users\alexa\OneDrive\Documents\PowerShell\Modules\Pester\5.7.1\Pester.psm1:893
at &lt;ScriptBlock&gt;, C:\Users\alexa\OneDrive\Documents\PowerShell\Modules\Pester\5.7.1\Pester.psm1:2024
at &lt;ScriptBlock&gt;, C:\Users\alexa\OneDrive\Documents\PowerShell\Modules\Pester\5.7.1\Pester.psm1:1985
at Invoke-ScriptBlock, C:\Users\alexa\OneDrive\Documents\PowerShell\Modules\Pester\5.7.1\Pester.psm1:2160
at Invoke-Block, C:\Users\alexa\OneDrive\Documents\PowerShell\Modules\Pester\5.7.1\Pester.psm1:940
at &lt;ScriptBlock&gt;, C:\Users\alexa\OneDrive\Documents\PowerShell\Modules\Pester\5.7.1\Pester.psm1:1688
at &lt;ScriptBlock&gt;, C:\Users\alexa\OneDrive\Documents\PowerShell\Modules\Pester\5.7.1\Pester.ps1:3
at &lt;ScriptBlock&gt;, C:\Users\alexa\OneDrive\Documents\PowerShell\Modules\Pester\5.7.1\Pester.psm1:3260
at Invoke-InNewScriptScope, C:\Users\alexa\OneDrive\Documents\PowerShell\Modules\Pester\5.7.1\Pester.psm1:3267
at Run-Test, C:\Users\alexa\OneDrive\Documents\PowerShell\Modules\Pester\5.7.1\Pester.psm1:1691
at Invoke-Test, C:\Users\alexa\OneDrive\Documents\PowerShell\Modules\Pester\5.7.1\Pester.psm1:2512
at Invoke-Pester&lt;End&gt;, C:\Users\alexa\OneDrive\Documents\PowerShell\Modules\Pester\5.7.1\Pester.psm1:4960
at &lt;ScriptBlock&gt;, &lt;No file&gt;:1</stack-trace>
                    </failure>
                  </test-case>
                </results>
              </test-suite>
            </results>
          </test-suite>
        </results>
      </test-suite>
      <test-suite type="TestFixture" name="$env:PROJECT_ROOT\tests\unit\scripts\0111_Disable-TCPIP6.Tests.ps1" executed="True" result="Failure" success="False" time="0.2871" asserts="0" description="$env:PROJECT_ROOT\tests\unit\scripts\0111_Disable-TCPIP6.Tests.ps1">
        <results>
          <test-suite type="TestFixture" name="0111_Disable-TCPIP6 Tests" executed="True" result="Failure" success="False" time="0.2473" asserts="0" description="0111_Disable-TCPIP6 Tests">
            <results>
              <test-suite type="TestFixture" name="0111_Disable-TCPIP6 Tests.Module Loading" executed="True" result="Failure" success="False" time="0.1214" asserts="0" description="0111_Disable-TCPIP6 Tests.Module Loading">
                <results>
                  <test-case description="should load required modules" name="0111_Disable-TCPIP6 Tests.Module Loading.should load required modules" time="0.1185" asserts="0" success="False" result="Failure" executed="True">
                    <failure>
                      <message>RuntimeException: Should operator 'Be' is not registered
CmdletInvocationException: Should operator 'Be' is not registered
CommandNotFoundException: The 'Should' command was found in the module 'Pester', but the module could not be loaded due to the following error: [Should operator 'Be' is not registered]
For more information, run 'Import-Module Pester'.</message>
                      <stack-trace>at &lt;ScriptBlock&gt;, $env:PROJECT_ROOT\tests\unit\scripts\0111_Disable-TCPIP6.Tests.ps1:10
at &lt;ScriptBlock&gt;, C:\Users\alexa\OneDrive\Documents\PowerShell\Modules\Pester\5.7.1\Pester.psm1:2024
at &lt;ScriptBlock&gt;, C:\Users\alexa\OneDrive\Documents\PowerShell\Modules\Pester\5.7.1\Pester.psm1:1985
at Invoke-ScriptBlock, C:\Users\alexa\OneDrive\Documents\PowerShell\Modules\Pester\5.7.1\Pester.psm1:2157
at Invoke-TestItem, C:\Users\alexa\OneDrive\Documents\PowerShell\Modules\Pester\5.7.1\Pester.psm1:1199
at Invoke-Block, C:\Users\alexa\OneDrive\Documents\PowerShell\Modules\Pester\5.7.1\Pester.psm1:835
at &lt;ScriptBlock&gt;, C:\Users\alexa\OneDrive\Documents\PowerShell\Modules\Pester\5.7.1\Pester.psm1:893
at &lt;ScriptBlock&gt;, C:\Users\alexa\OneDrive\Documents\PowerShell\Modules\Pester\5.7.1\Pester.psm1:2024
at &lt;ScriptBlock&gt;, C:\Users\alexa\OneDrive\Documents\PowerShell\Modules\Pester\5.7.1\Pester.psm1:1985
at Invoke-ScriptBlock, C:\Users\alexa\OneDrive\Documents\PowerShell\Modules\Pester\5.7.1\Pester.psm1:2160
at Invoke-Block, C:\Users\alexa\OneDrive\Documents\PowerShell\Modules\Pester\5.7.1\Pester.psm1:940
at &lt;ScriptBlock&gt;, C:\Users\alexa\OneDrive\Documents\PowerShell\Modules\Pester\5.7.1\Pester.psm1:893
at &lt;ScriptBlock&gt;, C:\Users\alexa\OneDrive\Documents\PowerShell\Modules\Pester\5.7.1\Pester.psm1:2024
at &lt;ScriptBlock&gt;, C:\Users\alexa\OneDrive\Documents\PowerShell\Modules\Pester\5.7.1\Pester.psm1:1985
at Invoke-ScriptBlock, C:\Users\alexa\OneDrive\Documents\PowerShell\Modules\Pester\5.7.1\Pester.psm1:2160
at Invoke-Block, C:\Users\alexa\OneDrive\Documents\PowerShell\Modules\Pester\5.7.1\Pester.psm1:940
at &lt;ScriptBlock&gt;, C:\Users\alexa\OneDrive\Documents\PowerShell\Modules\Pester\5.7.1\Pester.psm1:893
at &lt;ScriptBlock&gt;, C:\Users\alexa\OneDrive\Documents\PowerShell\Modules\Pester\5.7.1\Pester.psm1:2024
at &lt;ScriptBlock&gt;, C:\Users\alexa\OneDrive\Documents\PowerShell\Modules\Pester\5.7.1\Pester.psm1:1985
at Invoke-ScriptBlock, C:\Users\alexa\OneDrive\Documents\PowerShell\Modules\Pester\5.7.1\Pester.psm1:2160
at Invoke-Block, C:\Users\alexa\OneDrive\Documents\PowerShell\Modules\Pester\5.7.1\Pester.psm1:940
at &lt;ScriptBlock&gt;, C:\Users\alexa\OneDrive\Documents\PowerShell\Modules\Pester\5.7.1\Pester.psm1:1688
at &lt;ScriptBlock&gt;, C:\Users\alexa\OneDrive\Documents\PowerShell\Modules\Pester\5.7.1\Pester.ps1:3
at &lt;ScriptBlock&gt;, C:\Users\alexa\OneDrive\Documents\PowerShell\Modules\Pester\5.7.1\Pester.psm1:3260
at Invoke-InNewScriptScope, C:\Users\alexa\OneDrive\Documents\PowerShell\Modules\Pester\5.7.1\Pester.psm1:3267
at Run-Test, C:\Users\alexa\OneDrive\Documents\PowerShell\Modules\Pester\5.7.1\Pester.psm1:1691
at Invoke-Test, C:\Users\alexa\OneDrive\Documents\PowerShell\Modules\Pester\5.7.1\Pester.psm1:2512
at Invoke-Pester&lt;End&gt;, C:\Users\alexa\OneDrive\Documents\PowerShell\Modules\Pester\5.7.1\Pester.psm1:4960
at &lt;ScriptBlock&gt;, &lt;No file&gt;:1</stack-trace>
                    </failure>
                  </test-case>
                </results>
              </test-suite>
              <test-suite type="TestFixture" name="0111_Disable-TCPIP6 Tests.Functionality Tests" executed="True" result="Failure" success="False" time="0.2338" asserts="0" description="0111_Disable-TCPIP6 Tests.Functionality Tests">
                <results>
                  <test-case description="should execute without errors" name="0111_Disable-TCPIP6 Tests.Functionality Tests.should execute without errors" time="0.1099" asserts="0" success="False" result="Failure" executed="True">
                    <failure>
                      <message>RuntimeException: Should operator 'Be' is not registered
CmdletInvocationException: Should operator 'Be' is not registered
CommandNotFoundException: The 'Should' command was found in the module 'Pester', but the module could not be loaded due to the following error: [Should operator 'Be' is not registered]
For more information, run 'Import-Module Pester'.</message>
                      <stack-trace>at &lt;ScriptBlock&gt;, $env:PROJECT_ROOT\tests\unit\scripts\0111_Disable-TCPIP6.Tests.ps1:17
at &lt;ScriptBlock&gt;, C:\Users\alexa\OneDrive\Documents\PowerShell\Modules\Pester\5.7.1\Pester.psm1:2024
at &lt;ScriptBlock&gt;, C:\Users\alexa\OneDrive\Documents\PowerShell\Modules\Pester\5.7.1\Pester.psm1:1985
at Invoke-ScriptBlock, C:\Users\alexa\OneDrive\Documents\PowerShell\Modules\Pester\5.7.1\Pester.psm1:2157
at Invoke-TestItem, C:\Users\alexa\OneDrive\Documents\PowerShell\Modules\Pester\5.7.1\Pester.psm1:1199
at Invoke-Block, C:\Users\alexa\OneDrive\Documents\PowerShell\Modules\Pester\5.7.1\Pester.psm1:835
at &lt;ScriptBlock&gt;, C:\Users\alexa\OneDrive\Documents\PowerShell\Modules\Pester\5.7.1\Pester.psm1:893
at &lt;ScriptBlock&gt;, C:\Users\alexa\OneDrive\Documents\PowerShell\Modules\Pester\5.7.1\Pester.psm1:2024
at &lt;ScriptBlock&gt;, C:\Users\alexa\OneDrive\Documents\PowerShell\Modules\Pester\5.7.1\Pester.psm1:1985
at Invoke-ScriptBlock, C:\Users\alexa\OneDrive\Documents\PowerShell\Modules\Pester\5.7.1\Pester.psm1:2160
at Invoke-Block, C:\Users\alexa\OneDrive\Documents\PowerShell\Modules\Pester\5.7.1\Pester.psm1:940
at &lt;ScriptBlock&gt;, C:\Users\alexa\OneDrive\Documents\PowerShell\Modules\Pester\5.7.1\Pester.psm1:893
at &lt;ScriptBlock&gt;, C:\Users\alexa\OneDrive\Documents\PowerShell\Modules\Pester\5.7.1\Pester.psm1:2024
at &lt;ScriptBlock&gt;, C:\Users\alexa\OneDrive\Documents\PowerShell\Modules\Pester\5.7.1\Pester.psm1:1985
at Invoke-ScriptBlock, C:\Users\alexa\OneDrive\Documents\PowerShell\Modules\Pester\5.7.1\Pester.psm1:2160
at Invoke-Block, C:\Users\alexa\OneDrive\Documents\PowerShell\Modules\Pester\5.7.1\Pester.psm1:940
at &lt;ScriptBlock&gt;, C:\Users\alexa\OneDrive\Documents\PowerShell\Modules\Pester\5.7.1\Pester.psm1:893
at &lt;ScriptBlock&gt;, C:\Users\alexa\OneDrive\Documents\PowerShell\Modules\Pester\5.7.1\Pester.psm1:2024
at &lt;ScriptBlock&gt;, C:\Users\alexa\OneDrive\Documents\PowerShell\Modules\Pester\5.7.1\Pester.psm1:1985
at Invoke-ScriptBlock, C:\Users\alexa\OneDrive\Documents\PowerShell\Modules\Pester\5.7.1\Pester.psm1:2160
at Invoke-Block, C:\Users\alexa\OneDrive\Documents\PowerShell\Modules\Pester\5.7.1\Pester.psm1:940
at &lt;ScriptBlock&gt;, C:\Users\alexa\OneDrive\Documents\PowerShell\Modules\Pester\5.7.1\Pester.psm1:1688
at &lt;ScriptBlock&gt;, C:\Users\alexa\OneDrive\Documents\PowerShell\Modules\Pester\5.7.1\Pester.ps1:3
at &lt;ScriptBlock&gt;, C:\Users\alexa\OneDrive\Documents\PowerShell\Modules\Pester\5.7.1\Pester.psm1:3260
at Invoke-InNewScriptScope, C:\Users\alexa\OneDrive\Documents\PowerShell\Modules\Pester\5.7.1\Pester.psm1:3267
at Run-Test, C:\Users\alexa\OneDrive\Documents\PowerShell\Modules\Pester\5.7.1\Pester.psm1:1691
at Invoke-Test, C:\Users\alexa\OneDrive\Documents\PowerShell\Modules\Pester\5.7.1\Pester.psm1:2512
at Invoke-Pester&lt;End&gt;, C:\Users\alexa\OneDrive\Documents\PowerShell\Modules\Pester\5.7.1\Pester.psm1:4960
at &lt;ScriptBlock&gt;, &lt;No file&gt;:1</stack-trace>
                    </failure>
                  </test-case>
                </results>
              </test-suite>
            </results>
          </test-suite>
        </results>
      </test-suite>
      <test-suite type="TestFixture" name="$env:PROJECT_ROOT\tests\unit\scripts\0112_Enable-PXE.Tests.ps1" executed="True" result="Failure" success="False" time="0.2811" asserts="0" description="$env:PROJECT_ROOT\tests\unit\scripts\0112_Enable-PXE.Tests.ps1">
        <results>
          <test-suite type="TestFixture" name="0112_Enable-PXE Tests" executed="True" result="Failure" success="False" time="0.2438" asserts="0" description="0112_Enable-PXE Tests">
            <results>
              <test-suite type="TestFixture" name="0112_Enable-PXE Tests.Module Loading" executed="True" result="Failure" success="False" time="0.1177" asserts="0" description="0112_Enable-PXE Tests.Module Loading">
                <results>
                  <test-case description="should load required modules" name="0112_Enable-PXE Tests.Module Loading.should load required modules" time="0.1151" asserts="0" success="False" result="Failure" executed="True">
                    <failure>
                      <message>RuntimeException: Should operator 'Be' is not registered
CmdletInvocationException: Should operator 'Be' is not registered
CommandNotFoundException: The 'Should' command was found in the module 'Pester', but the module could not be loaded due to the following error: [Should operator 'Be' is not registered]
For more information, run 'Import-Module Pester'.</message>
                      <stack-trace>at &lt;ScriptBlock&gt;, $env:PROJECT_ROOT\tests\unit\scripts\0112_Enable-PXE.Tests.ps1:10
at &lt;ScriptBlock&gt;, C:\Users\alexa\OneDrive\Documents\PowerShell\Modules\Pester\5.7.1\Pester.psm1:2024
at &lt;ScriptBlock&gt;, C:\Users\alexa\OneDrive\Documents\PowerShell\Modules\Pester\5.7.1\Pester.psm1:1985
at Invoke-ScriptBlock, C:\Users\alexa\OneDrive\Documents\PowerShell\Modules\Pester\5.7.1\Pester.psm1:2157
at Invoke-TestItem, C:\Users\alexa\OneDrive\Documents\PowerShell\Modules\Pester\5.7.1\Pester.psm1:1199
at Invoke-Block, C:\Users\alexa\OneDrive\Documents\PowerShell\Modules\Pester\5.7.1\Pester.psm1:835
at &lt;ScriptBlock&gt;, C:\Users\alexa\OneDrive\Documents\PowerShell\Modules\Pester\5.7.1\Pester.psm1:893
at &lt;ScriptBlock&gt;, C:\Users\alexa\OneDrive\Documents\PowerShell\Modules\Pester\5.7.1\Pester.psm1:2024
at &lt;ScriptBlock&gt;, C:\Users\alexa\OneDrive\Documents\PowerShell\Modules\Pester\5.7.1\Pester.psm1:1985
at Invoke-ScriptBlock, C:\Users\alexa\OneDrive\Documents\PowerShell\Modules\Pester\5.7.1\Pester.psm1:2160
at Invoke-Block, C:\Users\alexa\OneDrive\Documents\PowerShell\Modules\Pester\5.7.1\Pester.psm1:940
at &lt;ScriptBlock&gt;, C:\Users\alexa\OneDrive\Documents\PowerShell\Modules\Pester\5.7.1\Pester.psm1:893
at &lt;ScriptBlock&gt;, C:\Users\alexa\OneDrive\Documents\PowerShell\Modules\Pester\5.7.1\Pester.psm1:2024
at &lt;ScriptBlock&gt;, C:\Users\alexa\OneDrive\Documents\PowerShell\Modules\Pester\5.7.1\Pester.psm1:1985
at Invoke-ScriptBlock, C:\Users\alexa\OneDrive\Documents\PowerShell\Modules\Pester\5.7.1\Pester.psm1:2160
at Invoke-Block, C:\Users\alexa\OneDrive\Documents\PowerShell\Modules\Pester\5.7.1\Pester.psm1:940
at &lt;ScriptBlock&gt;, C:\Users\alexa\OneDrive\Documents\PowerShell\Modules\Pester\5.7.1\Pester.psm1:893
at &lt;ScriptBlock&gt;, C:\Users\alexa\OneDrive\Documents\PowerShell\Modules\Pester\5.7.1\Pester.psm1:2024
at &lt;ScriptBlock&gt;, C:\Users\alexa\OneDrive\Documents\PowerShell\Modules\Pester\5.7.1\Pester.psm1:1985
at Invoke-ScriptBlock, C:\Users\alexa\OneDrive\Documents\PowerShell\Modules\Pester\5.7.1\Pester.psm1:2160
at Invoke-Block, C:\Users\alexa\OneDrive\Documents\PowerShell\Modules\Pester\5.7.1\Pester.psm1:940
at &lt;ScriptBlock&gt;, C:\Users\alexa\OneDrive\Documents\PowerShell\Modules\Pester\5.7.1\Pester.psm1:1688
at &lt;ScriptBlock&gt;, C:\Users\alexa\OneDrive\Documents\PowerShell\Modules\Pester\5.7.1\Pester.ps1:3
at &lt;ScriptBlock&gt;, C:\Users\alexa\OneDrive\Documents\PowerShell\Modules\Pester\5.7.1\Pester.psm1:3260
at Invoke-InNewScriptScope, C:\Users\alexa\OneDrive\Documents\PowerShell\Modules\Pester\5.7.1\Pester.psm1:3267
at Run-Test, C:\Users\alexa\OneDrive\Documents\PowerShell\Modules\Pester\5.7.1\Pester.psm1:1691
at Invoke-Test, C:\Users\alexa\OneDrive\Documents\PowerShell\Modules\Pester\5.7.1\Pester.psm1:2512
at Invoke-Pester&lt;End&gt;, C:\Users\alexa\OneDrive\Documents\PowerShell\Modules\Pester\5.7.1\Pester.psm1:4960
at &lt;ScriptBlock&gt;, &lt;No file&gt;:1</stack-trace>
                    </failure>
                  </test-case>
                </results>
              </test-suite>
              <test-suite type="TestFixture" name="0112_Enable-PXE Tests.Functionality Tests" executed="True" result="Failure" success="False" time="0.2305" asserts="0" description="0112_Enable-PXE Tests.Functionality Tests">
                <results>
                  <test-case description="should execute without errors" name="0112_Enable-PXE Tests.Functionality Tests.should execute without errors" time="0.1104" asserts="0" success="False" result="Failure" executed="True">
                    <failure>
                      <message>RuntimeException: Should operator 'Be' is not registered
CmdletInvocationException: Should operator 'Be' is not registered
CommandNotFoundException: The 'Should' command was found in the module 'Pester', but the module could not be loaded due to the following error: [Should operator 'Be' is not registered]
For more information, run 'Import-Module Pester'.</message>
                      <stack-trace>at &lt;ScriptBlock&gt;, $env:PROJECT_ROOT\tests\unit\scripts\0112_Enable-PXE.Tests.ps1:17
at &lt;ScriptBlock&gt;, C:\Users\alexa\OneDrive\Documents\PowerShell\Modules\Pester\5.7.1\Pester.psm1:2024
at &lt;ScriptBlock&gt;, C:\Users\alexa\OneDrive\Documents\PowerShell\Modules\Pester\5.7.1\Pester.psm1:1985
at Invoke-ScriptBlock, C:\Users\alexa\OneDrive\Documents\PowerShell\Modules\Pester\5.7.1\Pester.psm1:2157
at Invoke-TestItem, C:\Users\alexa\OneDrive\Documents\PowerShell\Modules\Pester\5.7.1\Pester.psm1:1199
at Invoke-Block, C:\Users\alexa\OneDrive\Documents\PowerShell\Modules\Pester\5.7.1\Pester.psm1:835
at &lt;ScriptBlock&gt;, C:\Users\alexa\OneDrive\Documents\PowerShell\Modules\Pester\5.7.1\Pester.psm1:893
at &lt;ScriptBlock&gt;, C:\Users\alexa\OneDrive\Documents\PowerShell\Modules\Pester\5.7.1\Pester.psm1:2024
at &lt;ScriptBlock&gt;, C:\Users\alexa\OneDrive\Documents\PowerShell\Modules\Pester\5.7.1\Pester.psm1:1985
at Invoke-ScriptBlock, C:\Users\alexa\OneDrive\Documents\PowerShell\Modules\Pester\5.7.1\Pester.psm1:2160
at Invoke-Block, C:\Users\alexa\OneDrive\Documents\PowerShell\Modules\Pester\5.7.1\Pester.psm1:940
at &lt;ScriptBlock&gt;, C:\Users\alexa\OneDrive\Documents\PowerShell\Modules\Pester\5.7.1\Pester.psm1:893
at &lt;ScriptBlock&gt;, C:\Users\alexa\OneDrive\Documents\PowerShell\Modules\Pester\5.7.1\Pester.psm1:2024
at &lt;ScriptBlock&gt;, C:\Users\alexa\OneDrive\Documents\PowerShell\Modules\Pester\5.7.1\Pester.psm1:1985
at Invoke-ScriptBlock, C:\Users\alexa\OneDrive\Documents\PowerShell\Modules\Pester\5.7.1\Pester.psm1:2160
at Invoke-Block, C:\Users\alexa\OneDrive\Documents\PowerShell\Modules\Pester\5.7.1\Pester.psm1:940
at &lt;ScriptBlock&gt;, C:\Users\alexa\OneDrive\Documents\PowerShell\Modules\Pester\5.7.1\Pester.psm1:893
at &lt;ScriptBlock&gt;, C:\Users\alexa\OneDrive\Documents\PowerShell\Modules\Pester\5.7.1\Pester.psm1:2024
at &lt;ScriptBlock&gt;, C:\Users\alexa\OneDrive\Documents\PowerShell\Modules\Pester\5.7.1\Pester.psm1:1985
at Invoke-ScriptBlock, C:\Users\alexa\OneDrive\Documents\PowerShell\Modules\Pester\5.7.1\Pester.psm1:2160
at Invoke-Block, C:\Users\alexa\OneDrive\Documents\PowerShell\Modules\Pester\5.7.1\Pester.psm1:940
at &lt;ScriptBlock&gt;, C:\Users\alexa\OneDrive\Documents\PowerShell\Modules\Pester\5.7.1\Pester.psm1:1688
at &lt;ScriptBlock&gt;, C:\Users\alexa\OneDrive\Documents\PowerShell\Modules\Pester\5.7.1\Pester.ps1:3
at &lt;ScriptBlock&gt;, C:\Users\alexa\OneDrive\Documents\PowerShell\Modules\Pester\5.7.1\Pester.psm1:3260
at Invoke-InNewScriptScope, C:\Users\alexa\OneDrive\Documents\PowerShell\Modules\Pester\5.7.1\Pester.psm1:3267
at Run-Test, C:\Users\alexa\OneDrive\Documents\PowerShell\Modules\Pester\5.7.1\Pester.psm1:1691
at Invoke-Test, C:\Users\alexa\OneDrive\Documents\PowerShell\Modules\Pester\5.7.1\Pester.psm1:2512
at Invoke-Pester&lt;End&gt;, C:\Users\alexa\OneDrive\Documents\PowerShell\Modules\Pester\5.7.1\Pester.psm1:4960
at &lt;ScriptBlock&gt;, &lt;No file&gt;:1</stack-trace>
                    </failure>
                  </test-case>
                </results>
              </test-suite>
            </results>
          </test-suite>
        </results>
      </test-suite>
      <test-suite type="TestFixture" name="$env:PROJECT_ROOT\tests\unit\scripts\0113_Config-DNS.Tests.ps1" executed="True" result="Failure" success="False" time="0.2931" asserts="0" description="$env:PROJECT_ROOT\tests\unit\scripts\0113_Config-DNS.Tests.ps1">
        <results>
          <test-suite type="TestFixture" name="0113_Config-DNS Tests" executed="True" result="Failure" success="False" time="0.2461" asserts="0" description="0113_Config-DNS Tests">
            <results>
              <test-suite type="TestFixture" name="0113_Config-DNS Tests.Module Loading" executed="True" result="Failure" success="False" time="0.1183" asserts="0" description="0113_Config-DNS Tests.Module Loading">
                <results>
                  <test-case description="should load required modules" name="0113_Config-DNS Tests.Module Loading.should load required modules" time="0.1158" asserts="0" success="False" result="Failure" executed="True">
                    <failure>
                      <message>RuntimeException: Should operator 'Be' is not registered
CmdletInvocationException: Should operator 'Be' is not registered
CommandNotFoundException: The 'Should' command was found in the module 'Pester', but the module could not be loaded due to the following error: [Should operator 'Be' is not registered]
For more information, run 'Import-Module Pester'.</message>
                      <stack-trace>at &lt;ScriptBlock&gt;, $env:PROJECT_ROOT\tests\unit\scripts\0113_Config-DNS.Tests.ps1:10
at &lt;ScriptBlock&gt;, C:\Users\alexa\OneDrive\Documents\PowerShell\Modules\Pester\5.7.1\Pester.psm1:2024
at &lt;ScriptBlock&gt;, C:\Users\alexa\OneDrive\Documents\PowerShell\Modules\Pester\5.7.1\Pester.psm1:1985
at Invoke-ScriptBlock, C:\Users\alexa\OneDrive\Documents\PowerShell\Modules\Pester\5.7.1\Pester.psm1:2157
at Invoke-TestItem, C:\Users\alexa\OneDrive\Documents\PowerShell\Modules\Pester\5.7.1\Pester.psm1:1199
at Invoke-Block, C:\Users\alexa\OneDrive\Documents\PowerShell\Modules\Pester\5.7.1\Pester.psm1:835
at &lt;ScriptBlock&gt;, C:\Users\alexa\OneDrive\Documents\PowerShell\Modules\Pester\5.7.1\Pester.psm1:893
at &lt;ScriptBlock&gt;, C:\Users\alexa\OneDrive\Documents\PowerShell\Modules\Pester\5.7.1\Pester.psm1:2024
at &lt;ScriptBlock&gt;, C:\Users\alexa\OneDrive\Documents\PowerShell\Modules\Pester\5.7.1\Pester.psm1:1985
at Invoke-ScriptBlock, C:\Users\alexa\OneDrive\Documents\PowerShell\Modules\Pester\5.7.1\Pester.psm1:2160
at Invoke-Block, C:\Users\alexa\OneDrive\Documents\PowerShell\Modules\Pester\5.7.1\Pester.psm1:940
at &lt;ScriptBlock&gt;, C:\Users\alexa\OneDrive\Documents\PowerShell\Modules\Pester\5.7.1\Pester.psm1:893
at &lt;ScriptBlock&gt;, C:\Users\alexa\OneDrive\Documents\PowerShell\Modules\Pester\5.7.1\Pester.psm1:2024
at &lt;ScriptBlock&gt;, C:\Users\alexa\OneDrive\Documents\PowerShell\Modules\Pester\5.7.1\Pester.psm1:1985
at Invoke-ScriptBlock, C:\Users\alexa\OneDrive\Documents\PowerShell\Modules\Pester\5.7.1\Pester.psm1:2160
at Invoke-Block, C:\Users\alexa\OneDrive\Documents\PowerShell\Modules\Pester\5.7.1\Pester.psm1:940
at &lt;ScriptBlock&gt;, C:\Users\alexa\OneDrive\Documents\PowerShell\Modules\Pester\5.7.1\Pester.psm1:893
at &lt;ScriptBlock&gt;, C:\Users\alexa\OneDrive\Documents\PowerShell\Modules\Pester\5.7.1\Pester.psm1:2024
at &lt;ScriptBlock&gt;, C:\Users\alexa\OneDrive\Documents\PowerShell\Modules\Pester\5.7.1\Pester.psm1:1985
at Invoke-ScriptBlock, C:\Users\alexa\OneDrive\Documents\PowerShell\Modules\Pester\5.7.1\Pester.psm1:2160
at Invoke-Block, C:\Users\alexa\OneDrive\Documents\PowerShell\Modules\Pester\5.7.1\Pester.psm1:940
at &lt;ScriptBlock&gt;, C:\Users\alexa\OneDrive\Documents\PowerShell\Modules\Pester\5.7.1\Pester.psm1:1688
at &lt;ScriptBlock&gt;, C:\Users\alexa\OneDrive\Documents\PowerShell\Modules\Pester\5.7.1\Pester.ps1:3
at &lt;ScriptBlock&gt;, C:\Users\alexa\OneDrive\Documents\PowerShell\Modules\Pester\5.7.1\Pester.psm1:3260
at Invoke-InNewScriptScope, C:\Users\alexa\OneDrive\Documents\PowerShell\Modules\Pester\5.7.1\Pester.psm1:3267
at Run-Test, C:\Users\alexa\OneDrive\Documents\PowerShell\Modules\Pester\5.7.1\Pester.psm1:1691
at Invoke-Test, C:\Users\alexa\OneDrive\Documents\PowerShell\Modules\Pester\5.7.1\Pester.psm1:2512
at Invoke-Pester&lt;End&gt;, C:\Users\alexa\OneDrive\Documents\PowerShell\Modules\Pester\5.7.1\Pester.psm1:4960
at &lt;ScriptBlock&gt;, &lt;No file&gt;:1</stack-trace>
                    </failure>
                  </test-case>
                </results>
              </test-suite>
              <test-suite type="TestFixture" name="0113_Config-DNS Tests.Functionality Tests" executed="True" result="Failure" success="False" time="0.2322" asserts="0" description="0113_Config-DNS Tests.Functionality Tests">
                <results>
                  <test-case description="should execute without errors" name="0113_Config-DNS Tests.Functionality Tests.should execute without errors" time="0.1109" asserts="0" success="False" result="Failure" executed="True">
                    <failure>
                      <message>RuntimeException: Should operator 'Be' is not registered
CmdletInvocationException: Should operator 'Be' is not registered
CommandNotFoundException: The 'Should' command was found in the module 'Pester', but the module could not be loaded due to the following error: [Should operator 'Be' is not registered]
For more information, run 'Import-Module Pester'.</message>
                      <stack-trace>at &lt;ScriptBlock&gt;, $env:PROJECT_ROOT\tests\unit\scripts\0113_Config-DNS.Tests.ps1:17
at &lt;ScriptBlock&gt;, C:\Users\alexa\OneDrive\Documents\PowerShell\Modules\Pester\5.7.1\Pester.psm1:2024
at &lt;ScriptBlock&gt;, C:\Users\alexa\OneDrive\Documents\PowerShell\Modules\Pester\5.7.1\Pester.psm1:1985
at Invoke-ScriptBlock, C:\Users\alexa\OneDrive\Documents\PowerShell\Modules\Pester\5.7.1\Pester.psm1:2157
at Invoke-TestItem, C:\Users\alexa\OneDrive\Documents\PowerShell\Modules\Pester\5.7.1\Pester.psm1:1199
at Invoke-Block, C:\Users\alexa\OneDrive\Documents\PowerShell\Modules\Pester\5.7.1\Pester.psm1:835
at &lt;ScriptBlock&gt;, C:\Users\alexa\OneDrive\Documents\PowerShell\Modules\Pester\5.7.1\Pester.psm1:893
at &lt;ScriptBlock&gt;, C:\Users\alexa\OneDrive\Documents\PowerShell\Modules\Pester\5.7.1\Pester.psm1:2024
at &lt;ScriptBlock&gt;, C:\Users\alexa\OneDrive\Documents\PowerShell\Modules\Pester\5.7.1\Pester.psm1:1985
at Invoke-ScriptBlock, C:\Users\alexa\OneDrive\Documents\PowerShell\Modules\Pester\5.7.1\Pester.psm1:2160
at Invoke-Block, C:\Users\alexa\OneDrive\Documents\PowerShell\Modules\Pester\5.7.1\Pester.psm1:940
at &lt;ScriptBlock&gt;, C:\Users\alexa\OneDrive\Documents\PowerShell\Modules\Pester\5.7.1\Pester.psm1:893
at &lt;ScriptBlock&gt;, C:\Users\alexa\OneDrive\Documents\PowerShell\Modules\Pester\5.7.1\Pester.psm1:2024
at &lt;ScriptBlock&gt;, C:\Users\alexa\OneDrive\Documents\PowerShell\Modules\Pester\5.7.1\Pester.psm1:1985
at Invoke-ScriptBlock, C:\Users\alexa\OneDrive\Documents\PowerShell\Modules\Pester\5.7.1\Pester.psm1:2160
at Invoke-Block, C:\Users\alexa\OneDrive\Documents\PowerShell\Modules\Pester\5.7.1\Pester.psm1:940
at &lt;ScriptBlock&gt;, C:\Users\alexa\OneDrive\Documents\PowerShell\Modules\Pester\5.7.1\Pester.psm1:893
at &lt;ScriptBlock&gt;, C:\Users\alexa\OneDrive\Documents\PowerShell\Modules\Pester\5.7.1\Pester.psm1:2024
at &lt;ScriptBlock&gt;, C:\Users\alexa\OneDrive\Documents\PowerShell\Modules\Pester\5.7.1\Pester.psm1:1985
at Invoke-ScriptBlock, C:\Users\alexa\OneDrive\Documents\PowerShell\Modules\Pester\5.7.1\Pester.psm1:2160
at Invoke-Block, C:\Users\alexa\OneDrive\Documents\PowerShell\Modules\Pester\5.7.1\Pester.psm1:940
at &lt;ScriptBlock&gt;, C:\Users\alexa\OneDrive\Documents\PowerShell\Modules\Pester\5.7.1\Pester.psm1:1688
at &lt;ScriptBlock&gt;, C:\Users\alexa\OneDrive\Documents\PowerShell\Modules\Pester\5.7.1\Pester.ps1:3
at &lt;ScriptBlock&gt;, C:\Users\alexa\OneDrive\Documents\PowerShell\Modules\Pester\5.7.1\Pester.psm1:3260
at Invoke-InNewScriptScope, C:\Users\alexa\OneDrive\Documents\PowerShell\Modules\Pester\5.7.1\Pester.psm1:3267
at Run-Test, C:\Users\alexa\OneDrive\Documents\PowerShell\Modules\Pester\5.7.1\Pester.psm1:1691
at Invoke-Test, C:\Users\alexa\OneDrive\Documents\PowerShell\Modules\Pester\5.7.1\Pester.psm1:2512
at Invoke-Pester&lt;End&gt;, C:\Users\alexa\OneDrive\Documents\PowerShell\Modules\Pester\5.7.1\Pester.psm1:4960
at &lt;ScriptBlock&gt;, &lt;No file&gt;:1</stack-trace>
                    </failure>
                  </test-case>
                </results>
              </test-suite>
            </results>
          </test-suite>
        </results>
      </test-suite>
      <test-suite type="TestFixture" name="$env:PROJECT_ROOT\tests\unit\scripts\0114_Config-TrustedHosts.Tests.ps1" executed="True" result="Failure" success="False" time="0.2875" asserts="0" description="$env:PROJECT_ROOT\tests\unit\scripts\0114_Config-TrustedHosts.Tests.ps1">
        <results>
          <test-suite type="TestFixture" name="0114_Config-TrustedHosts Tests" executed="True" result="Failure" success="False" time="0.2499" asserts="0" description="0114_Config-TrustedHosts Tests">
            <results>
              <test-suite type="TestFixture" name="0114_Config-TrustedHosts Tests.Module Loading" executed="True" result="Failure" success="False" time="0.1208" asserts="0" description="0114_Config-TrustedHosts Tests.Module Loading">
                <results>
                  <test-case description="should load required modules" name="0114_Config-TrustedHosts Tests.Module Loading.should load required modules" time="0.1174" asserts="0" success="False" result="Failure" executed="True">
                    <failure>
                      <message>RuntimeException: Should operator 'Be' is not registered
CmdletInvocationException: Should operator 'Be' is not registered
CommandNotFoundException: The 'Should' command was found in the module 'Pester', but the module could not be loaded due to the following error: [Should operator 'Be' is not registered]
For more information, run 'Import-Module Pester'.</message>
                      <stack-trace>at &lt;ScriptBlock&gt;, $env:PROJECT_ROOT\tests\unit\scripts\0114_Config-TrustedHosts.Tests.ps1:10
at &lt;ScriptBlock&gt;, C:\Users\alexa\OneDrive\Documents\PowerShell\Modules\Pester\5.7.1\Pester.psm1:2024
at &lt;ScriptBlock&gt;, C:\Users\alexa\OneDrive\Documents\PowerShell\Modules\Pester\5.7.1\Pester.psm1:1985
at Invoke-ScriptBlock, C:\Users\alexa\OneDrive\Documents\PowerShell\Modules\Pester\5.7.1\Pester.psm1:2157
at Invoke-TestItem, C:\Users\alexa\OneDrive\Documents\PowerShell\Modules\Pester\5.7.1\Pester.psm1:1199
at Invoke-Block, C:\Users\alexa\OneDrive\Documents\PowerShell\Modules\Pester\5.7.1\Pester.psm1:835
at &lt;ScriptBlock&gt;, C:\Users\alexa\OneDrive\Documents\PowerShell\Modules\Pester\5.7.1\Pester.psm1:893
at &lt;ScriptBlock&gt;, C:\Users\alexa\OneDrive\Documents\PowerShell\Modules\Pester\5.7.1\Pester.psm1:2024
at &lt;ScriptBlock&gt;, C:\Users\alexa\OneDrive\Documents\PowerShell\Modules\Pester\5.7.1\Pester.psm1:1985
at Invoke-ScriptBlock, C:\Users\alexa\OneDrive\Documents\PowerShell\Modules\Pester\5.7.1\Pester.psm1:2160
at Invoke-Block, C:\Users\alexa\OneDrive\Documents\PowerShell\Modules\Pester\5.7.1\Pester.psm1:940
at &lt;ScriptBlock&gt;, C:\Users\alexa\OneDrive\Documents\PowerShell\Modules\Pester\5.7.1\Pester.psm1:893
at &lt;ScriptBlock&gt;, C:\Users\alexa\OneDrive\Documents\PowerShell\Modules\Pester\5.7.1\Pester.psm1:2024
at &lt;ScriptBlock&gt;, C:\Users\alexa\OneDrive\Documents\PowerShell\Modules\Pester\5.7.1\Pester.psm1:1985
at Invoke-ScriptBlock, C:\Users\alexa\OneDrive\Documents\PowerShell\Modules\Pester\5.7.1\Pester.psm1:2160
at Invoke-Block, C:\Users\alexa\OneDrive\Documents\PowerShell\Modules\Pester\5.7.1\Pester.psm1:940
at &lt;ScriptBlock&gt;, C:\Users\alexa\OneDrive\Documents\PowerShell\Modules\Pester\5.7.1\Pester.psm1:893
at &lt;ScriptBlock&gt;, C:\Users\alexa\OneDrive\Documents\PowerShell\Modules\Pester\5.7.1\Pester.psm1:2024
at &lt;ScriptBlock&gt;, C:\Users\alexa\OneDrive\Documents\PowerShell\Modules\Pester\5.7.1\Pester.psm1:1985
at Invoke-ScriptBlock, C:\Users\alexa\OneDrive\Documents\PowerShell\Modules\Pester\5.7.1\Pester.psm1:2160
at Invoke-Block, C:\Users\alexa\OneDrive\Documents\PowerShell\Modules\Pester\5.7.1\Pester.psm1:940
at &lt;ScriptBlock&gt;, C:\Users\alexa\OneDrive\Documents\PowerShell\Modules\Pester\5.7.1\Pester.psm1:1688
at &lt;ScriptBlock&gt;, C:\Users\alexa\OneDrive\Documents\PowerShell\Modules\Pester\5.7.1\Pester.ps1:3
at &lt;ScriptBlock&gt;, C:\Users\alexa\OneDrive\Documents\PowerShell\Modules\Pester\5.7.1\Pester.psm1:3260
at Invoke-InNewScriptScope, C:\Users\alexa\OneDrive\Documents\PowerShell\Modules\Pester\5.7.1\Pester.psm1:3267
at Run-Test, C:\Users\alexa\OneDrive\Documents\PowerShell\Modules\Pester\5.7.1\Pester.psm1:1691
at Invoke-Test, C:\Users\alexa\OneDrive\Documents\PowerShell\Modules\Pester\5.7.1\Pester.psm1:2512
at Invoke-Pester&lt;End&gt;, C:\Users\alexa\OneDrive\Documents\PowerShell\Modules\Pester\5.7.1\Pester.psm1:4960
at &lt;ScriptBlock&gt;, &lt;No file&gt;:1</stack-trace>
                    </failure>
                  </test-case>
                </results>
              </test-suite>
              <test-suite type="TestFixture" name="0114_Config-TrustedHosts Tests.Functionality Tests" executed="True" result="Failure" success="False" time="0.2359" asserts="0" description="0114_Config-TrustedHosts Tests.Functionality Tests">
                <results>
                  <test-case description="should execute without errors" name="0114_Config-TrustedHosts Tests.Functionality Tests.should execute without errors" time="0.1118" asserts="0" success="False" result="Failure" executed="True">
                    <failure>
                      <message>RuntimeException: Should operator 'Be' is not registered
CmdletInvocationException: Should operator 'Be' is not registered
CommandNotFoundException: The 'Should' command was found in the module 'Pester', but the module could not be loaded due to the following error: [Should operator 'Be' is not registered]
For more information, run 'Import-Module Pester'.</message>
                      <stack-trace>at &lt;ScriptBlock&gt;, $env:PROJECT_ROOT\tests\unit\scripts\0114_Config-TrustedHosts.Tests.ps1:17
at &lt;ScriptBlock&gt;, C:\Users\alexa\OneDrive\Documents\PowerShell\Modules\Pester\5.7.1\Pester.psm1:2024
at &lt;ScriptBlock&gt;, C:\Users\alexa\OneDrive\Documents\PowerShell\Modules\Pester\5.7.1\Pester.psm1:1985
at Invoke-ScriptBlock, C:\Users\alexa\OneDrive\Documents\PowerShell\Modules\Pester\5.7.1\Pester.psm1:2157
at Invoke-TestItem, C:\Users\alexa\OneDrive\Documents\PowerShell\Modules\Pester\5.7.1\Pester.psm1:1199
at Invoke-Block, C:\Users\alexa\OneDrive\Documents\PowerShell\Modules\Pester\5.7.1\Pester.psm1:835
at &lt;ScriptBlock&gt;, C:\Users\alexa\OneDrive\Documents\PowerShell\Modules\Pester\5.7.1\Pester.psm1:893
at &lt;ScriptBlock&gt;, C:\Users\alexa\OneDrive\Documents\PowerShell\Modules\Pester\5.7.1\Pester.psm1:2024
at &lt;ScriptBlock&gt;, C:\Users\alexa\OneDrive\Documents\PowerShell\Modules\Pester\5.7.1\Pester.psm1:1985
at Invoke-ScriptBlock, C:\Users\alexa\OneDrive\Documents\PowerShell\Modules\Pester\5.7.1\Pester.psm1:2160
at Invoke-Block, C:\Users\alexa\OneDrive\Documents\PowerShell\Modules\Pester\5.7.1\Pester.psm1:940
at &lt;ScriptBlock&gt;, C:\Users\alexa\OneDrive\Documents\PowerShell\Modules\Pester\5.7.1\Pester.psm1:893
at &lt;ScriptBlock&gt;, C:\Users\alexa\OneDrive\Documents\PowerShell\Modules\Pester\5.7.1\Pester.psm1:2024
at &lt;ScriptBlock&gt;, C:\Users\alexa\OneDrive\Documents\PowerShell\Modules\Pester\5.7.1\Pester.psm1:1985
at Invoke-ScriptBlock, C:\Users\alexa\OneDrive\Documents\PowerShell\Modules\Pester\5.7.1\Pester.psm1:2160
at Invoke-Block, C:\Users\alexa\OneDrive\Documents\PowerShell\Modules\Pester\5.7.1\Pester.psm1:940
at &lt;ScriptBlock&gt;, C:\Users\alexa\OneDrive\Documents\PowerShell\Modules\Pester\5.7.1\Pester.psm1:893
at &lt;ScriptBlock&gt;, C:\Users\alexa\OneDrive\Documents\PowerShell\Modules\Pester\5.7.1\Pester.psm1:2024
at &lt;ScriptBlock&gt;, C:\Users\alexa\OneDrive\Documents\PowerShell\Modules\Pester\5.7.1\Pester.psm1:1985
at Invoke-ScriptBlock, C:\Users\alexa\OneDrive\Documents\PowerShell\Modules\Pester\5.7.1\Pester.psm1:2160
at Invoke-Block, C:\Users\alexa\OneDrive\Documents\PowerShell\Modules\Pester\5.7.1\Pester.psm1:940
at &lt;ScriptBlock&gt;, C:\Users\alexa\OneDrive\Documents\PowerShell\Modules\Pester\5.7.1\Pester.psm1:1688
at &lt;ScriptBlock&gt;, C:\Users\alexa\OneDrive\Documents\PowerShell\Modules\Pester\5.7.1\Pester.ps1:3
at &lt;ScriptBlock&gt;, C:\Users\alexa\OneDrive\Documents\PowerShell\Modules\Pester\5.7.1\Pester.psm1:3260
at Invoke-InNewScriptScope, C:\Users\alexa\OneDrive\Documents\PowerShell\Modules\Pester\5.7.1\Pester.psm1:3267
at Run-Test, C:\Users\alexa\OneDrive\Documents\PowerShell\Modules\Pester\5.7.1\Pester.psm1:1691
at Invoke-Test, C:\Users\alexa\OneDrive\Documents\PowerShell\Modules\Pester\5.7.1\Pester.psm1:2512
at Invoke-Pester&lt;End&gt;, C:\Users\alexa\OneDrive\Documents\PowerShell\Modules\Pester\5.7.1\Pester.psm1:4960
at &lt;ScriptBlock&gt;, &lt;No file&gt;:1</stack-trace>
                    </failure>
                  </test-case>
                </results>
              </test-suite>
            </results>
          </test-suite>
        </results>
      </test-suite>
      <test-suite type="TestFixture" name="$env:PROJECT_ROOT\tests\unit\scripts\0200_Get-SystemInfo.Tests.ps1" executed="True" result="Failure" success="False" time="0.2815" asserts="0" description="$env:PROJECT_ROOT\tests\unit\scripts\0200_Get-SystemInfo.Tests.ps1">
        <results>
          <test-suite type="TestFixture" name="0200_Get-SystemInfo Tests" executed="True" result="Failure" success="False" time="0.2413" asserts="0" description="0200_Get-SystemInfo Tests">
            <results>
              <test-suite type="TestFixture" name="0200_Get-SystemInfo Tests.Module Loading" executed="True" result="Failure" success="False" time="0.1122" asserts="0" description="0200_Get-SystemInfo Tests.Module Loading">
                <results>
                  <test-case description="should load required modules" name="0200_Get-SystemInfo Tests.Module Loading.should load required modules" time="0.1096" asserts="0" success="False" result="Failure" executed="True">
                    <failure>
                      <message>RuntimeException: Should operator 'Be' is not registered
CmdletInvocationException: Should operator 'Be' is not registered
CommandNotFoundException: The 'Should' command was found in the module 'Pester', but the module could not be loaded due to the following error: [Should operator 'Be' is not registered]
For more information, run 'Import-Module Pester'.</message>
                      <stack-trace>at &lt;ScriptBlock&gt;, $env:PROJECT_ROOT\tests\unit\scripts\0200_Get-SystemInfo.Tests.ps1:10
at &lt;ScriptBlock&gt;, C:\Users\alexa\OneDrive\Documents\PowerShell\Modules\Pester\5.7.1\Pester.psm1:2024
at &lt;ScriptBlock&gt;, C:\Users\alexa\OneDrive\Documents\PowerShell\Modules\Pester\5.7.1\Pester.psm1:1985
at Invoke-ScriptBlock, C:\Users\alexa\OneDrive\Documents\PowerShell\Modules\Pester\5.7.1\Pester.psm1:2157
at Invoke-TestItem, C:\Users\alexa\OneDrive\Documents\PowerShell\Modules\Pester\5.7.1\Pester.psm1:1199
at Invoke-Block, C:\Users\alexa\OneDrive\Documents\PowerShell\Modules\Pester\5.7.1\Pester.psm1:835
at &lt;ScriptBlock&gt;, C:\Users\alexa\OneDrive\Documents\PowerShell\Modules\Pester\5.7.1\Pester.psm1:893
at &lt;ScriptBlock&gt;, C:\Users\alexa\OneDrive\Documents\PowerShell\Modules\Pester\5.7.1\Pester.psm1:2024
at &lt;ScriptBlock&gt;, C:\Users\alexa\OneDrive\Documents\PowerShell\Modules\Pester\5.7.1\Pester.psm1:1985
at Invoke-ScriptBlock, C:\Users\alexa\OneDrive\Documents\PowerShell\Modules\Pester\5.7.1\Pester.psm1:2160
at Invoke-Block, C:\Users\alexa\OneDrive\Documents\PowerShell\Modules\Pester\5.7.1\Pester.psm1:940
at &lt;ScriptBlock&gt;, C:\Users\alexa\OneDrive\Documents\PowerShell\Modules\Pester\5.7.1\Pester.psm1:893
at &lt;ScriptBlock&gt;, C:\Users\alexa\OneDrive\Documents\PowerShell\Modules\Pester\5.7.1\Pester.psm1:2024
at &lt;ScriptBlock&gt;, C:\Users\alexa\OneDrive\Documents\PowerShell\Modules\Pester\5.7.1\Pester.psm1:1985
at Invoke-ScriptBlock, C:\Users\alexa\OneDrive\Documents\PowerShell\Modules\Pester\5.7.1\Pester.psm1:2160
at Invoke-Block, C:\Users\alexa\OneDrive\Documents\PowerShell\Modules\Pester\5.7.1\Pester.psm1:940
at &lt;ScriptBlock&gt;, C:\Users\alexa\OneDrive\Documents\PowerShell\Modules\Pester\5.7.1\Pester.psm1:893
at &lt;ScriptBlock&gt;, C:\Users\alexa\OneDrive\Documents\PowerShell\Modules\Pester\5.7.1\Pester.psm1:2024
at &lt;ScriptBlock&gt;, C:\Users\alexa\OneDrive\Documents\PowerShell\Modules\Pester\5.7.1\Pester.psm1:1985
at Invoke-ScriptBlock, C:\Users\alexa\OneDrive\Documents\PowerShell\Modules\Pester\5.7.1\Pester.psm1:2160
at Invoke-Block, C:\Users\alexa\OneDrive\Documents\PowerShell\Modules\Pester\5.7.1\Pester.psm1:940
at &lt;ScriptBlock&gt;, C:\Users\alexa\OneDrive\Documents\PowerShell\Modules\Pester\5.7.1\Pester.psm1:1688
at &lt;ScriptBlock&gt;, C:\Users\alexa\OneDrive\Documents\PowerShell\Modules\Pester\5.7.1\Pester.ps1:3
at &lt;ScriptBlock&gt;, C:\Users\alexa\OneDrive\Documents\PowerShell\Modules\Pester\5.7.1\Pester.psm1:3260
at Invoke-InNewScriptScope, C:\Users\alexa\OneDrive\Documents\PowerShell\Modules\Pester\5.7.1\Pester.psm1:3267
at Run-Test, C:\Users\alexa\OneDrive\Documents\PowerShell\Modules\Pester\5.7.1\Pester.psm1:1691
at Invoke-Test, C:\Users\alexa\OneDrive\Documents\PowerShell\Modules\Pester\5.7.1\Pester.psm1:2512
at Invoke-Pester&lt;End&gt;, C:\Users\alexa\OneDrive\Documents\PowerShell\Modules\Pester\5.7.1\Pester.psm1:4960
at &lt;ScriptBlock&gt;, &lt;No file&gt;:1</stack-trace>
                    </failure>
                  </test-case>
                </results>
              </test-suite>
              <test-suite type="TestFixture" name="0200_Get-SystemInfo Tests.Functionality Tests" executed="True" result="Failure" success="False" time="0.2282" asserts="0" description="0200_Get-SystemInfo Tests.Functionality Tests">
                <results>
                  <test-case description="should execute without errors" name="0200_Get-SystemInfo Tests.Functionality Tests.should execute without errors" time="0.1135" asserts="0" success="False" result="Failure" executed="True">
                    <failure>
                      <message>RuntimeException: Should operator 'Be' is not registered
CmdletInvocationException: Should operator 'Be' is not registered
CommandNotFoundException: The 'Should' command was found in the module 'Pester', but the module could not be loaded due to the following error: [Should operator 'Be' is not registered]
For more information, run 'Import-Module Pester'.</message>
                      <stack-trace>at &lt;ScriptBlock&gt;, $env:PROJECT_ROOT\tests\unit\scripts\0200_Get-SystemInfo.Tests.ps1:17
at &lt;ScriptBlock&gt;, C:\Users\alexa\OneDrive\Documents\PowerShell\Modules\Pester\5.7.1\Pester.psm1:2024
at &lt;ScriptBlock&gt;, C:\Users\alexa\OneDrive\Documents\PowerShell\Modules\Pester\5.7.1\Pester.psm1:1985
at Invoke-ScriptBlock, C:\Users\alexa\OneDrive\Documents\PowerShell\Modules\Pester\5.7.1\Pester.psm1:2157
at Invoke-TestItem, C:\Users\alexa\OneDrive\Documents\PowerShell\Modules\Pester\5.7.1\Pester.psm1:1199
at Invoke-Block, C:\Users\alexa\OneDrive\Documents\PowerShell\Modules\Pester\5.7.1\Pester.psm1:835
at &lt;ScriptBlock&gt;, C:\Users\alexa\OneDrive\Documents\PowerShell\Modules\Pester\5.7.1\Pester.psm1:893
at &lt;ScriptBlock&gt;, C:\Users\alexa\OneDrive\Documents\PowerShell\Modules\Pester\5.7.1\Pester.psm1:2024
at &lt;ScriptBlock&gt;, C:\Users\alexa\OneDrive\Documents\PowerShell\Modules\Pester\5.7.1\Pester.psm1:1985
at Invoke-ScriptBlock, C:\Users\alexa\OneDrive\Documents\PowerShell\Modules\Pester\5.7.1\Pester.psm1:2160
at Invoke-Block, C:\Users\alexa\OneDrive\Documents\PowerShell\Modules\Pester\5.7.1\Pester.psm1:940
at &lt;ScriptBlock&gt;, C:\Users\alexa\OneDrive\Documents\PowerShell\Modules\Pester\5.7.1\Pester.psm1:893
at &lt;ScriptBlock&gt;, C:\Users\alexa\OneDrive\Documents\PowerShell\Modules\Pester\5.7.1\Pester.psm1:2024
at &lt;ScriptBlock&gt;, C:\Users\alexa\OneDrive\Documents\PowerShell\Modules\Pester\5.7.1\Pester.psm1:1985
at Invoke-ScriptBlock, C:\Users\alexa\OneDrive\Documents\PowerShell\Modules\Pester\5.7.1\Pester.psm1:2160
at Invoke-Block, C:\Users\alexa\OneDrive\Documents\PowerShell\Modules\Pester\5.7.1\Pester.psm1:940
at &lt;ScriptBlock&gt;, C:\Users\alexa\OneDrive\Documents\PowerShell\Modules\Pester\5.7.1\Pester.psm1:893
at &lt;ScriptBlock&gt;, C:\Users\alexa\OneDrive\Documents\PowerShell\Modules\Pester\5.7.1\Pester.psm1:2024
at &lt;ScriptBlock&gt;, C:\Users\alexa\OneDrive\Documents\PowerShell\Modules\Pester\5.7.1\Pester.psm1:1985
at Invoke-ScriptBlock, C:\Users\alexa\OneDrive\Documents\PowerShell\Modules\Pester\5.7.1\Pester.psm1:2160
at Invoke-Block, C:\Users\alexa\OneDrive\Documents\PowerShell\Modules\Pester\5.7.1\Pester.psm1:940
at &lt;ScriptBlock&gt;, C:\Users\alexa\OneDrive\Documents\PowerShell\Modules\Pester\5.7.1\Pester.psm1:1688
at &lt;ScriptBlock&gt;, C:\Users\alexa\OneDrive\Documents\PowerShell\Modules\Pester\5.7.1\Pester.ps1:3
at &lt;ScriptBlock&gt;, C:\Users\alexa\OneDrive\Documents\PowerShell\Modules\Pester\5.7.1\Pester.psm1:3260
at Invoke-InNewScriptScope, C:\Users\alexa\OneDrive\Documents\PowerShell\Modules\Pester\5.7.1\Pester.psm1:3267
at Run-Test, C:\Users\alexa\OneDrive\Documents\PowerShell\Modules\Pester\5.7.1\Pester.psm1:1691
at Invoke-Test, C:\Users\alexa\OneDrive\Documents\PowerShell\Modules\Pester\5.7.1\Pester.psm1:2512
at Invoke-Pester&lt;End&gt;, C:\Users\alexa\OneDrive\Documents\PowerShell\Modules\Pester\5.7.1\Pester.psm1:4960
at &lt;ScriptBlock&gt;, &lt;No file&gt;:1</stack-trace>
                    </failure>
                  </test-case>
                </results>
              </test-suite>
            </results>
          </test-suite>
        </results>
      </test-suite>
      <test-suite type="TestFixture" name="$env:PROJECT_ROOT\tests\unit\scripts\0201_Install-NodeCore.Tests.ps1" executed="True" result="Failure" success="False" time="0.2856" asserts="0" description="$env:PROJECT_ROOT\tests\unit\scripts\0201_Install-NodeCore.Tests.ps1">
        <results>
          <test-suite type="TestFixture" name="0201_Install-NodeCore Tests" executed="True" result="Failure" success="False" time="0.2504" asserts="0" description="0201_Install-NodeCore Tests">
            <results>
              <test-suite type="TestFixture" name="0201_Install-NodeCore Tests.Module Loading" executed="True" result="Failure" success="False" time="0.1112" asserts="0" description="0201_Install-NodeCore Tests.Module Loading">
                <results>
                  <test-case description="should load required modules" name="0201_Install-NodeCore Tests.Module Loading.should load required modules" time="0.1087" asserts="0" success="False" result="Failure" executed="True">
                    <failure>
                      <message>RuntimeException: Should operator 'Be' is not registered
CmdletInvocationException: Should operator 'Be' is not registered
CommandNotFoundException: The 'Should' command was found in the module 'Pester', but the module could not be loaded due to the following error: [Should operator 'Be' is not registered]
For more information, run 'Import-Module Pester'.</message>
                      <stack-trace>at &lt;ScriptBlock&gt;, $env:PROJECT_ROOT\tests\unit\scripts\0201_Install-NodeCore.Tests.ps1:10
at &lt;ScriptBlock&gt;, C:\Users\alexa\OneDrive\Documents\PowerShell\Modules\Pester\5.7.1\Pester.psm1:2024
at &lt;ScriptBlock&gt;, C:\Users\alexa\OneDrive\Documents\PowerShell\Modules\Pester\5.7.1\Pester.psm1:1985
at Invoke-ScriptBlock, C:\Users\alexa\OneDrive\Documents\PowerShell\Modules\Pester\5.7.1\Pester.psm1:2157
at Invoke-TestItem, C:\Users\alexa\OneDrive\Documents\PowerShell\Modules\Pester\5.7.1\Pester.psm1:1199
at Invoke-Block, C:\Users\alexa\OneDrive\Documents\PowerShell\Modules\Pester\5.7.1\Pester.psm1:835
at &lt;ScriptBlock&gt;, C:\Users\alexa\OneDrive\Documents\PowerShell\Modules\Pester\5.7.1\Pester.psm1:893
at &lt;ScriptBlock&gt;, C:\Users\alexa\OneDrive\Documents\PowerShell\Modules\Pester\5.7.1\Pester.psm1:2024
at &lt;ScriptBlock&gt;, C:\Users\alexa\OneDrive\Documents\PowerShell\Modules\Pester\5.7.1\Pester.psm1:1985
at Invoke-ScriptBlock, C:\Users\alexa\OneDrive\Documents\PowerShell\Modules\Pester\5.7.1\Pester.psm1:2160
at Invoke-Block, C:\Users\alexa\OneDrive\Documents\PowerShell\Modules\Pester\5.7.1\Pester.psm1:940
at &lt;ScriptBlock&gt;, C:\Users\alexa\OneDrive\Documents\PowerShell\Modules\Pester\5.7.1\Pester.psm1:893
at &lt;ScriptBlock&gt;, C:\Users\alexa\OneDrive\Documents\PowerShell\Modules\Pester\5.7.1\Pester.psm1:2024
at &lt;ScriptBlock&gt;, C:\Users\alexa\OneDrive\Documents\PowerShell\Modules\Pester\5.7.1\Pester.psm1:1985
at Invoke-ScriptBlock, C:\Users\alexa\OneDrive\Documents\PowerShell\Modules\Pester\5.7.1\Pester.psm1:2160
at Invoke-Block, C:\Users\alexa\OneDrive\Documents\PowerShell\Modules\Pester\5.7.1\Pester.psm1:940
at &lt;ScriptBlock&gt;, C:\Users\alexa\OneDrive\Documents\PowerShell\Modules\Pester\5.7.1\Pester.psm1:893
at &lt;ScriptBlock&gt;, C:\Users\alexa\OneDrive\Documents\PowerShell\Modules\Pester\5.7.1\Pester.psm1:2024
at &lt;ScriptBlock&gt;, C:\Users\alexa\OneDrive\Documents\PowerShell\Modules\Pester\5.7.1\Pester.psm1:1985
at Invoke-ScriptBlock, C:\Users\alexa\OneDrive\Documents\PowerShell\Modules\Pester\5.7.1\Pester.psm1:2160
at Invoke-Block, C:\Users\alexa\OneDrive\Documents\PowerShell\Modules\Pester\5.7.1\Pester.psm1:940
at &lt;ScriptBlock&gt;, C:\Users\alexa\OneDrive\Documents\PowerShell\Modules\Pester\5.7.1\Pester.psm1:1688
at &lt;ScriptBlock&gt;, C:\Users\alexa\OneDrive\Documents\PowerShell\Modules\Pester\5.7.1\Pester.ps1:3
at &lt;ScriptBlock&gt;, C:\Users\alexa\OneDrive\Documents\PowerShell\Modules\Pester\5.7.1\Pester.psm1:3260
at Invoke-InNewScriptScope, C:\Users\alexa\OneDrive\Documents\PowerShell\Modules\Pester\5.7.1\Pester.psm1:3267
at Run-Test, C:\Users\alexa\OneDrive\Documents\PowerShell\Modules\Pester\5.7.1\Pester.psm1:1691
at Invoke-Test, C:\Users\alexa\OneDrive\Documents\PowerShell\Modules\Pester\5.7.1\Pester.psm1:2512
at Invoke-Pester&lt;End&gt;, C:\Users\alexa\OneDrive\Documents\PowerShell\Modules\Pester\5.7.1\Pester.psm1:4960
at &lt;ScriptBlock&gt;, &lt;No file&gt;:1</stack-trace>
                    </failure>
                  </test-case>
                </results>
              </test-suite>
              <test-suite type="TestFixture" name="0201_Install-NodeCore Tests.Functionality Tests" executed="True" result="Failure" success="False" time="0.2294" asserts="0" description="0201_Install-NodeCore Tests.Functionality Tests">
                <results>
                  <test-case description="should execute without errors" name="0201_Install-NodeCore Tests.Functionality Tests.should execute without errors" time="0.1157" asserts="0" success="False" result="Failure" executed="True">
                    <failure>
                      <message>RuntimeException: Should operator 'Be' is not registered
CmdletInvocationException: Should operator 'Be' is not registered
CommandNotFoundException: The 'Should' command was found in the module 'Pester', but the module could not be loaded due to the following error: [Should operator 'Be' is not registered]
For more information, run 'Import-Module Pester'.</message>
                      <stack-trace>at &lt;ScriptBlock&gt;, $env:PROJECT_ROOT\tests\unit\scripts\0201_Install-NodeCore.Tests.ps1:17
at &lt;ScriptBlock&gt;, C:\Users\alexa\OneDrive\Documents\PowerShell\Modules\Pester\5.7.1\Pester.psm1:2024
at &lt;ScriptBlock&gt;, C:\Users\alexa\OneDrive\Documents\PowerShell\Modules\Pester\5.7.1\Pester.psm1:1985
at Invoke-ScriptBlock, C:\Users\alexa\OneDrive\Documents\PowerShell\Modules\Pester\5.7.1\Pester.psm1:2157
at Invoke-TestItem, C:\Users\alexa\OneDrive\Documents\PowerShell\Modules\Pester\5.7.1\Pester.psm1:1199
at Invoke-Block, C:\Users\alexa\OneDrive\Documents\PowerShell\Modules\Pester\5.7.1\Pester.psm1:835
at &lt;ScriptBlock&gt;, C:\Users\alexa\OneDrive\Documents\PowerShell\Modules\Pester\5.7.1\Pester.psm1:893
at &lt;ScriptBlock&gt;, C:\Users\alexa\OneDrive\Documents\PowerShell\Modules\Pester\5.7.1\Pester.psm1:2024
at &lt;ScriptBlock&gt;, C:\Users\alexa\OneDrive\Documents\PowerShell\Modules\Pester\5.7.1\Pester.psm1:1985
at Invoke-ScriptBlock, C:\Users\alexa\OneDrive\Documents\PowerShell\Modules\Pester\5.7.1\Pester.psm1:2160
at Invoke-Block, C:\Users\alexa\OneDrive\Documents\PowerShell\Modules\Pester\5.7.1\Pester.psm1:940
at &lt;ScriptBlock&gt;, C:\Users\alexa\OneDrive\Documents\PowerShell\Modules\Pester\5.7.1\Pester.psm1:893
at &lt;ScriptBlock&gt;, C:\Users\alexa\OneDrive\Documents\PowerShell\Modules\Pester\5.7.1\Pester.psm1:2024
at &lt;ScriptBlock&gt;, C:\Users\alexa\OneDrive\Documents\PowerShell\Modules\Pester\5.7.1\Pester.psm1:1985
at Invoke-ScriptBlock, C:\Users\alexa\OneDrive\Documents\PowerShell\Modules\Pester\5.7.1\Pester.psm1:2160
at Invoke-Block, C:\Users\alexa\OneDrive\Documents\PowerShell\Modules\Pester\5.7.1\Pester.psm1:940
at &lt;ScriptBlock&gt;, C:\Users\alexa\OneDrive\Documents\PowerShell\Modules\Pester\5.7.1\Pester.psm1:893
at &lt;ScriptBlock&gt;, C:\Users\alexa\OneDrive\Documents\PowerShell\Modules\Pester\5.7.1\Pester.psm1:2024
at &lt;ScriptBlock&gt;, C:\Users\alexa\OneDrive\Documents\PowerShell\Modules\Pester\5.7.1\Pester.psm1:1985
at Invoke-ScriptBlock, C:\Users\alexa\OneDrive\Documents\PowerShell\Modules\Pester\5.7.1\Pester.psm1:2160
at Invoke-Block, C:\Users\alexa\OneDrive\Documents\PowerShell\Modules\Pester\5.7.1\Pester.psm1:940
at &lt;ScriptBlock&gt;, C:\Users\alexa\OneDrive\Documents\PowerShell\Modules\Pester\5.7.1\Pester.psm1:1688
at &lt;ScriptBlock&gt;, C:\Users\alexa\OneDrive\Documents\PowerShell\Modules\Pester\5.7.1\Pester.ps1:3
at &lt;ScriptBlock&gt;, C:\Users\alexa\OneDrive\Documents\PowerShell\Modules\Pester\5.7.1\Pester.psm1:3260
at Invoke-InNewScriptScope, C:\Users\alexa\OneDrive\Documents\PowerShell\Modules\Pester\5.7.1\Pester.psm1:3267
at Run-Test, C:\Users\alexa\OneDrive\Documents\PowerShell\Modules\Pester\5.7.1\Pester.psm1:1691
at Invoke-Test, C:\Users\alexa\OneDrive\Documents\PowerShell\Modules\Pester\5.7.1\Pester.psm1:2512
at Invoke-Pester&lt;End&gt;, C:\Users\alexa\OneDrive\Documents\PowerShell\Modules\Pester\5.7.1\Pester.psm1:4960
at &lt;ScriptBlock&gt;, &lt;No file&gt;:1</stack-trace>
                    </failure>
                  </test-case>
                </results>
              </test-suite>
            </results>
          </test-suite>
        </results>
      </test-suite>
      <test-suite type="TestFixture" name="$env:PROJECT_ROOT\tests\unit\scripts\0202_Install-NodeGlobalPackages.Tests.ps1" executed="True" result="Failure" success="False" time="0.2865" asserts="0" description="$env:PROJECT_ROOT\tests\unit\scripts\0202_Install-NodeGlobalPackages.Tests.ps1">
        <results>
          <test-suite type="TestFixture" name="0202_Install-NodeGlobalPackages Tests" executed="True" result="Failure" success="False" time="0.2512" asserts="0" description="0202_Install-NodeGlobalPackages Tests">
            <results>
              <test-suite type="TestFixture" name="0202_Install-NodeGlobalPackages Tests.Module Loading" executed="True" result="Failure" success="False" time="0.1131" asserts="0" description="0202_Install-NodeGlobalPackages Tests.Module Loading">
                <results>
                  <test-case description="should load required modules" name="0202_Install-NodeGlobalPackages Tests.Module Loading.should load required modules" time="0.1102" asserts="0" success="False" result="Failure" executed="True">
                    <failure>
                      <message>RuntimeException: Should operator 'Be' is not registered
CmdletInvocationException: Should operator 'Be' is not registered
CommandNotFoundException: The 'Should' command was found in the module 'Pester', but the module could not be loaded due to the following error: [Should operator 'Be' is not registered]
For more information, run 'Import-Module Pester'.</message>
                      <stack-trace>at &lt;ScriptBlock&gt;, $env:PROJECT_ROOT\tests\unit\scripts\0202_Install-NodeGlobalPackages.Tests.ps1:10
at &lt;ScriptBlock&gt;, C:\Users\alexa\OneDrive\Documents\PowerShell\Modules\Pester\5.7.1\Pester.psm1:2024
at &lt;ScriptBlock&gt;, C:\Users\alexa\OneDrive\Documents\PowerShell\Modules\Pester\5.7.1\Pester.psm1:1985
at Invoke-ScriptBlock, C:\Users\alexa\OneDrive\Documents\PowerShell\Modules\Pester\5.7.1\Pester.psm1:2157
at Invoke-TestItem, C:\Users\alexa\OneDrive\Documents\PowerShell\Modules\Pester\5.7.1\Pester.psm1:1199
at Invoke-Block, C:\Users\alexa\OneDrive\Documents\PowerShell\Modules\Pester\5.7.1\Pester.psm1:835
at &lt;ScriptBlock&gt;, C:\Users\alexa\OneDrive\Documents\PowerShell\Modules\Pester\5.7.1\Pester.psm1:893
at &lt;ScriptBlock&gt;, C:\Users\alexa\OneDrive\Documents\PowerShell\Modules\Pester\5.7.1\Pester.psm1:2024
at &lt;ScriptBlock&gt;, C:\Users\alexa\OneDrive\Documents\PowerShell\Modules\Pester\5.7.1\Pester.psm1:1985
at Invoke-ScriptBlock, C:\Users\alexa\OneDrive\Documents\PowerShell\Modules\Pester\5.7.1\Pester.psm1:2160
at Invoke-Block, C:\Users\alexa\OneDrive\Documents\PowerShell\Modules\Pester\5.7.1\Pester.psm1:940
at &lt;ScriptBlock&gt;, C:\Users\alexa\OneDrive\Documents\PowerShell\Modules\Pester\5.7.1\Pester.psm1:893
at &lt;ScriptBlock&gt;, C:\Users\alexa\OneDrive\Documents\PowerShell\Modules\Pester\5.7.1\Pester.psm1:2024
at &lt;ScriptBlock&gt;, C:\Users\alexa\OneDrive\Documents\PowerShell\Modules\Pester\5.7.1\Pester.psm1:1985
at Invoke-ScriptBlock, C:\Users\alexa\OneDrive\Documents\PowerShell\Modules\Pester\5.7.1\Pester.psm1:2160
at Invoke-Block, C:\Users\alexa\OneDrive\Documents\PowerShell\Modules\Pester\5.7.1\Pester.psm1:940
at &lt;ScriptBlock&gt;, C:\Users\alexa\OneDrive\Documents\PowerShell\Modules\Pester\5.7.1\Pester.psm1:893
at &lt;ScriptBlock&gt;, C:\Users\alexa\OneDrive\Documents\PowerShell\Modules\Pester\5.7.1\Pester.psm1:2024
at &lt;ScriptBlock&gt;, C:\Users\alexa\OneDrive\Documents\PowerShell\Modules\Pester\5.7.1\Pester.psm1:1985
at Invoke-ScriptBlock, C:\Users\alexa\OneDrive\Documents\PowerShell\Modules\Pester\5.7.1\Pester.psm1:2160
at Invoke-Block, C:\Users\alexa\OneDrive\Documents\PowerShell\Modules\Pester\5.7.1\Pester.psm1:940
at &lt;ScriptBlock&gt;, C:\Users\alexa\OneDrive\Documents\PowerShell\Modules\Pester\5.7.1\Pester.psm1:1688
at &lt;ScriptBlock&gt;, C:\Users\alexa\OneDrive\Documents\PowerShell\Modules\Pester\5.7.1\Pester.ps1:3
at &lt;ScriptBlock&gt;, C:\Users\alexa\OneDrive\Documents\PowerShell\Modules\Pester\5.7.1\Pester.psm1:3260
at Invoke-InNewScriptScope, C:\Users\alexa\OneDrive\Documents\PowerShell\Modules\Pester\5.7.1\Pester.psm1:3267
at Run-Test, C:\Users\alexa\OneDrive\Documents\PowerShell\Modules\Pester\5.7.1\Pester.psm1:1691
at Invoke-Test, C:\Users\alexa\OneDrive\Documents\PowerShell\Modules\Pester\5.7.1\Pester.psm1:2512
at Invoke-Pester&lt;End&gt;, C:\Users\alexa\OneDrive\Documents\PowerShell\Modules\Pester\5.7.1\Pester.psm1:4960
at &lt;ScriptBlock&gt;, &lt;No file&gt;:1</stack-trace>
                    </failure>
                  </test-case>
                </results>
              </test-suite>
              <test-suite type="TestFixture" name="0202_Install-NodeGlobalPackages Tests.Functionality Tests" executed="True" result="Failure" success="False" time="0.2325" asserts="0" description="0202_Install-NodeGlobalPackages Tests.Functionality Tests">
                <results>
                  <test-case description="should execute without errors" name="0202_Install-NodeGlobalPackages Tests.Functionality Tests.should execute without errors" time="0.1168" asserts="0" success="False" result="Failure" executed="True">
                    <failure>
                      <message>RuntimeException: Should operator 'Be' is not registered
CmdletInvocationException: Should operator 'Be' is not registered
CommandNotFoundException: The 'Should' command was found in the module 'Pester', but the module could not be loaded due to the following error: [Should operator 'Be' is not registered]
For more information, run 'Import-Module Pester'.</message>
                      <stack-trace>at &lt;ScriptBlock&gt;, $env:PROJECT_ROOT\tests\unit\scripts\0202_Install-NodeGlobalPackages.Tests.ps1:17
at &lt;ScriptBlock&gt;, C:\Users\alexa\OneDrive\Documents\PowerShell\Modules\Pester\5.7.1\Pester.psm1:2024
at &lt;ScriptBlock&gt;, C:\Users\alexa\OneDrive\Documents\PowerShell\Modules\Pester\5.7.1\Pester.psm1:1985
at Invoke-ScriptBlock, C:\Users\alexa\OneDrive\Documents\PowerShell\Modules\Pester\5.7.1\Pester.psm1:2157
at Invoke-TestItem, C:\Users\alexa\OneDrive\Documents\PowerShell\Modules\Pester\5.7.1\Pester.psm1:1199
at Invoke-Block, C:\Users\alexa\OneDrive\Documents\PowerShell\Modules\Pester\5.7.1\Pester.psm1:835
at &lt;ScriptBlock&gt;, C:\Users\alexa\OneDrive\Documents\PowerShell\Modules\Pester\5.7.1\Pester.psm1:893
at &lt;ScriptBlock&gt;, C:\Users\alexa\OneDrive\Documents\PowerShell\Modules\Pester\5.7.1\Pester.psm1:2024
at &lt;ScriptBlock&gt;, C:\Users\alexa\OneDrive\Documents\PowerShell\Modules\Pester\5.7.1\Pester.psm1:1985
at Invoke-ScriptBlock, C:\Users\alexa\OneDrive\Documents\PowerShell\Modules\Pester\5.7.1\Pester.psm1:2160
at Invoke-Block, C:\Users\alexa\OneDrive\Documents\PowerShell\Modules\Pester\5.7.1\Pester.psm1:940
at &lt;ScriptBlock&gt;, C:\Users\alexa\OneDrive\Documents\PowerShell\Modules\Pester\5.7.1\Pester.psm1:893
at &lt;ScriptBlock&gt;, C:\Users\alexa\OneDrive\Documents\PowerShell\Modules\Pester\5.7.1\Pester.psm1:2024
at &lt;ScriptBlock&gt;, C:\Users\alexa\OneDrive\Documents\PowerShell\Modules\Pester\5.7.1\Pester.psm1:1985
at Invoke-ScriptBlock, C:\Users\alexa\OneDrive\Documents\PowerShell\Modules\Pester\5.7.1\Pester.psm1:2160
at Invoke-Block, C:\Users\alexa\OneDrive\Documents\PowerShell\Modules\Pester\5.7.1\Pester.psm1:940
at &lt;ScriptBlock&gt;, C:\Users\alexa\OneDrive\Documents\PowerShell\Modules\Pester\5.7.1\Pester.psm1:893
at &lt;ScriptBlock&gt;, C:\Users\alexa\OneDrive\Documents\PowerShell\Modules\Pester\5.7.1\Pester.psm1:2024
at &lt;ScriptBlock&gt;, C:\Users\alexa\OneDrive\Documents\PowerShell\Modules\Pester\5.7.1\Pester.psm1:1985
at Invoke-ScriptBlock, C:\Users\alexa\OneDrive\Documents\PowerShell\Modules\Pester\5.7.1\Pester.psm1:2160
at Invoke-Block, C:\Users\alexa\OneDrive\Documents\PowerShell\Modules\Pester\5.7.1\Pester.psm1:940
at &lt;ScriptBlock&gt;, C:\Users\alexa\OneDrive\Documents\PowerShell\Modules\Pester\5.7.1\Pester.psm1:1688
at &lt;ScriptBlock&gt;, C:\Users\alexa\OneDrive\Documents\PowerShell\Modules\Pester\5.7.1\Pester.ps1:3
at &lt;ScriptBlock&gt;, C:\Users\alexa\OneDrive\Documents\PowerShell\Modules\Pester\5.7.1\Pester.psm1:3260
at Invoke-InNewScriptScope, C:\Users\alexa\OneDrive\Documents\PowerShell\Modules\Pester\5.7.1\Pester.psm1:3267
at Run-Test, C:\Users\alexa\OneDrive\Documents\PowerShell\Modules\Pester\5.7.1\Pester.psm1:1691
at Invoke-Test, C:\Users\alexa\OneDrive\Documents\PowerShell\Modules\Pester\5.7.1\Pester.psm1:2512
at Invoke-Pester&lt;End&gt;, C:\Users\alexa\OneDrive\Documents\PowerShell\Modules\Pester\5.7.1\Pester.psm1:4960
at &lt;ScriptBlock&gt;, &lt;No file&gt;:1</stack-trace>
                    </failure>
                  </test-case>
                </results>
              </test-suite>
            </results>
          </test-suite>
        </results>
      </test-suite>
      <test-suite type="TestFixture" name="$env:PROJECT_ROOT\tests\unit\scripts\0203_Install-npm.Tests.ps1" executed="True" result="Failure" success="False" time="0.2884" asserts="0" description="$env:PROJECT_ROOT\tests\unit\scripts\0203_Install-npm.Tests.ps1">
        <results>
          <test-suite type="TestFixture" name="0203_Install-npm Tests" executed="True" result="Failure" success="False" time="0.2519" asserts="0" description="0203_Install-npm Tests">
            <results>
              <test-suite type="TestFixture" name="0203_Install-npm Tests.Module Loading" executed="True" result="Failure" success="False" time="0.1177" asserts="0" description="0203_Install-npm Tests.Module Loading">
                <results>
                  <test-case description="should load required modules" name="0203_Install-npm Tests.Module Loading.should load required modules" time="0.1152" asserts="0" success="False" result="Failure" executed="True">
                    <failure>
                      <message>RuntimeException: Should operator 'Be' is not registered
CmdletInvocationException: Should operator 'Be' is not registered
CommandNotFoundException: The 'Should' command was found in the module 'Pester', but the module could not be loaded due to the following error: [Should operator 'Be' is not registered]
For more information, run 'Import-Module Pester'.</message>
                      <stack-trace>at &lt;ScriptBlock&gt;, $env:PROJECT_ROOT\tests\unit\scripts\0203_Install-npm.Tests.ps1:10
at &lt;ScriptBlock&gt;, C:\Users\alexa\OneDrive\Documents\PowerShell\Modules\Pester\5.7.1\Pester.psm1:2024
at &lt;ScriptBlock&gt;, C:\Users\alexa\OneDrive\Documents\PowerShell\Modules\Pester\5.7.1\Pester.psm1:1985
at Invoke-ScriptBlock, C:\Users\alexa\OneDrive\Documents\PowerShell\Modules\Pester\5.7.1\Pester.psm1:2157
at Invoke-TestItem, C:\Users\alexa\OneDrive\Documents\PowerShell\Modules\Pester\5.7.1\Pester.psm1:1199
at Invoke-Block, C:\Users\alexa\OneDrive\Documents\PowerShell\Modules\Pester\5.7.1\Pester.psm1:835
at &lt;ScriptBlock&gt;, C:\Users\alexa\OneDrive\Documents\PowerShell\Modules\Pester\5.7.1\Pester.psm1:893
at &lt;ScriptBlock&gt;, C:\Users\alexa\OneDrive\Documents\PowerShell\Modules\Pester\5.7.1\Pester.psm1:2024
at &lt;ScriptBlock&gt;, C:\Users\alexa\OneDrive\Documents\PowerShell\Modules\Pester\5.7.1\Pester.psm1:1985
at Invoke-ScriptBlock, C:\Users\alexa\OneDrive\Documents\PowerShell\Modules\Pester\5.7.1\Pester.psm1:2160
at Invoke-Block, C:\Users\alexa\OneDrive\Documents\PowerShell\Modules\Pester\5.7.1\Pester.psm1:940
at &lt;ScriptBlock&gt;, C:\Users\alexa\OneDrive\Documents\PowerShell\Modules\Pester\5.7.1\Pester.psm1:893
at &lt;ScriptBlock&gt;, C:\Users\alexa\OneDrive\Documents\PowerShell\Modules\Pester\5.7.1\Pester.psm1:2024
at &lt;ScriptBlock&gt;, C:\Users\alexa\OneDrive\Documents\PowerShell\Modules\Pester\5.7.1\Pester.psm1:1985
at Invoke-ScriptBlock, C:\Users\alexa\OneDrive\Documents\PowerShell\Modules\Pester\5.7.1\Pester.psm1:2160
at Invoke-Block, C:\Users\alexa\OneDrive\Documents\PowerShell\Modules\Pester\5.7.1\Pester.psm1:940
at &lt;ScriptBlock&gt;, C:\Users\alexa\OneDrive\Documents\PowerShell\Modules\Pester\5.7.1\Pester.psm1:893
at &lt;ScriptBlock&gt;, C:\Users\alexa\OneDrive\Documents\PowerShell\Modules\Pester\5.7.1\Pester.psm1:2024
at &lt;ScriptBlock&gt;, C:\Users\alexa\OneDrive\Documents\PowerShell\Modules\Pester\5.7.1\Pester.psm1:1985
at Invoke-ScriptBlock, C:\Users\alexa\OneDrive\Documents\PowerShell\Modules\Pester\5.7.1\Pester.psm1:2160
at Invoke-Block, C:\Users\alexa\OneDrive\Documents\PowerShell\Modules\Pester\5.7.1\Pester.psm1:940
at &lt;ScriptBlock&gt;, C:\Users\alexa\OneDrive\Documents\PowerShell\Modules\Pester\5.7.1\Pester.psm1:1688
at &lt;ScriptBlock&gt;, C:\Users\alexa\OneDrive\Documents\PowerShell\Modules\Pester\5.7.1\Pester.ps1:3
at &lt;ScriptBlock&gt;, C:\Users\alexa\OneDrive\Documents\PowerShell\Modules\Pester\5.7.1\Pester.psm1:3260
at Invoke-InNewScriptScope, C:\Users\alexa\OneDrive\Documents\PowerShell\Modules\Pester\5.7.1\Pester.psm1:3267
at Run-Test, C:\Users\alexa\OneDrive\Documents\PowerShell\Modules\Pester\5.7.1\Pester.psm1:1691
at Invoke-Test, C:\Users\alexa\OneDrive\Documents\PowerShell\Modules\Pester\5.7.1\Pester.psm1:2512
at Invoke-Pester&lt;End&gt;, C:\Users\alexa\OneDrive\Documents\PowerShell\Modules\Pester\5.7.1\Pester.psm1:4960
at &lt;ScriptBlock&gt;, &lt;No file&gt;:1</stack-trace>
                    </failure>
                  </test-case>
                </results>
              </test-suite>
              <test-suite type="TestFixture" name="0203_Install-npm Tests.Functionality Tests" executed="True" result="Failure" success="False" time="0.2364" asserts="0" description="0203_Install-npm Tests.Functionality Tests">
                <results>
                  <test-case description="should execute without errors" name="0203_Install-npm Tests.Functionality Tests.should execute without errors" time="0.1163" asserts="0" success="False" result="Failure" executed="True">
                    <failure>
                      <message>RuntimeException: Should operator 'Be' is not registered
CmdletInvocationException: Should operator 'Be' is not registered
CommandNotFoundException: The 'Should' command was found in the module 'Pester', but the module could not be loaded due to the following error: [Should operator 'Be' is not registered]
For more information, run 'Import-Module Pester'.</message>
                      <stack-trace>at &lt;ScriptBlock&gt;, $env:PROJECT_ROOT\tests\unit\scripts\0203_Install-npm.Tests.ps1:17
at &lt;ScriptBlock&gt;, C:\Users\alexa\OneDrive\Documents\PowerShell\Modules\Pester\5.7.1\Pester.psm1:2024
at &lt;ScriptBlock&gt;, C:\Users\alexa\OneDrive\Documents\PowerShell\Modules\Pester\5.7.1\Pester.psm1:1985
at Invoke-ScriptBlock, C:\Users\alexa\OneDrive\Documents\PowerShell\Modules\Pester\5.7.1\Pester.psm1:2157
at Invoke-TestItem, C:\Users\alexa\OneDrive\Documents\PowerShell\Modules\Pester\5.7.1\Pester.psm1:1199
at Invoke-Block, C:\Users\alexa\OneDrive\Documents\PowerShell\Modules\Pester\5.7.1\Pester.psm1:835
at &lt;ScriptBlock&gt;, C:\Users\alexa\OneDrive\Documents\PowerShell\Modules\Pester\5.7.1\Pester.psm1:893
at &lt;ScriptBlock&gt;, C:\Users\alexa\OneDrive\Documents\PowerShell\Modules\Pester\5.7.1\Pester.psm1:2024
at &lt;ScriptBlock&gt;, C:\Users\alexa\OneDrive\Documents\PowerShell\Modules\Pester\5.7.1\Pester.psm1:1985
at Invoke-ScriptBlock, C:\Users\alexa\OneDrive\Documents\PowerShell\Modules\Pester\5.7.1\Pester.psm1:2160
at Invoke-Block, C:\Users\alexa\OneDrive\Documents\PowerShell\Modules\Pester\5.7.1\Pester.psm1:940
at &lt;ScriptBlock&gt;, C:\Users\alexa\OneDrive\Documents\PowerShell\Modules\Pester\5.7.1\Pester.psm1:893
at &lt;ScriptBlock&gt;, C:\Users\alexa\OneDrive\Documents\PowerShell\Modules\Pester\5.7.1\Pester.psm1:2024
at &lt;ScriptBlock&gt;, C:\Users\alexa\OneDrive\Documents\PowerShell\Modules\Pester\5.7.1\Pester.psm1:1985
at Invoke-ScriptBlock, C:\Users\alexa\OneDrive\Documents\PowerShell\Modules\Pester\5.7.1\Pester.psm1:2160
at Invoke-Block, C:\Users\alexa\OneDrive\Documents\PowerShell\Modules\Pester\5.7.1\Pester.psm1:940
at &lt;ScriptBlock&gt;, C:\Users\alexa\OneDrive\Documents\PowerShell\Modules\Pester\5.7.1\Pester.psm1:893
at &lt;ScriptBlock&gt;, C:\Users\alexa\OneDrive\Documents\PowerShell\Modules\Pester\5.7.1\Pester.psm1:2024
at &lt;ScriptBlock&gt;, C:\Users\alexa\OneDrive\Documents\PowerShell\Modules\Pester\5.7.1\Pester.psm1:1985
at Invoke-ScriptBlock, C:\Users\alexa\OneDrive\Documents\PowerShell\Modules\Pester\5.7.1\Pester.psm1:2160
at Invoke-Block, C:\Users\alexa\OneDrive\Documents\PowerShell\Modules\Pester\5.7.1\Pester.psm1:940
at &lt;ScriptBlock&gt;, C:\Users\alexa\OneDrive\Documents\PowerShell\Modules\Pester\5.7.1\Pester.psm1:1688
at &lt;ScriptBlock&gt;, C:\Users\alexa\OneDrive\Documents\PowerShell\Modules\Pester\5.7.1\Pester.ps1:3
at &lt;ScriptBlock&gt;, C:\Users\alexa\OneDrive\Documents\PowerShell\Modules\Pester\5.7.1\Pester.psm1:3260
at Invoke-InNewScriptScope, C:\Users\alexa\OneDrive\Documents\PowerShell\Modules\Pester\5.7.1\Pester.psm1:3267
at Run-Test, C:\Users\alexa\OneDrive\Documents\PowerShell\Modules\Pester\5.7.1\Pester.psm1:1691
at Invoke-Test, C:\Users\alexa\OneDrive\Documents\PowerShell\Modules\Pester\5.7.1\Pester.psm1:2512
at Invoke-Pester&lt;End&gt;, C:\Users\alexa\OneDrive\Documents\PowerShell\Modules\Pester\5.7.1\Pester.psm1:4960
at &lt;ScriptBlock&gt;, &lt;No file&gt;:1</stack-trace>
                    </failure>
                  </test-case>
                </results>
              </test-suite>
            </results>
          </test-suite>
        </results>
      </test-suite>
      <test-suite type="TestFixture" name="$env:PROJECT_ROOT\tests\unit\scripts\0204_Install-Poetry.Tests.ps1" executed="True" result="Failure" success="False" time="0.2832" asserts="0" description="$env:PROJECT_ROOT\tests\unit\scripts\0204_Install-Poetry.Tests.ps1">
        <results>
          <test-suite type="TestFixture" name="0204_Install-Poetry Tests" executed="True" result="Failure" success="False" time="0.2475" asserts="0" description="0204_Install-Poetry Tests">
            <results>
              <test-suite type="TestFixture" name="0204_Install-Poetry Tests.Module Loading" executed="True" result="Failure" success="False" time="0.1182" asserts="0" description="0204_Install-Poetry Tests.Module Loading">
                <results>
                  <test-case description="should load required modules" name="0204_Install-Poetry Tests.Module Loading.should load required modules" time="0.1157" asserts="0" success="False" result="Failure" executed="True">
                    <failure>
                      <message>RuntimeException: Should operator 'Be' is not registered
CmdletInvocationException: Should operator 'Be' is not registered
CommandNotFoundException: The 'Should' command was found in the module 'Pester', but the module could not be loaded due to the following error: [Should operator 'Be' is not registered]
For more information, run 'Import-Module Pester'.</message>
                      <stack-trace>at &lt;ScriptBlock&gt;, $env:PROJECT_ROOT\tests\unit\scripts\0204_Install-Poetry.Tests.ps1:10
at &lt;ScriptBlock&gt;, C:\Users\alexa\OneDrive\Documents\PowerShell\Modules\Pester\5.7.1\Pester.psm1:2024
at &lt;ScriptBlock&gt;, C:\Users\alexa\OneDrive\Documents\PowerShell\Modules\Pester\5.7.1\Pester.psm1:1985
at Invoke-ScriptBlock, C:\Users\alexa\OneDrive\Documents\PowerShell\Modules\Pester\5.7.1\Pester.psm1:2157
at Invoke-TestItem, C:\Users\alexa\OneDrive\Documents\PowerShell\Modules\Pester\5.7.1\Pester.psm1:1199
at Invoke-Block, C:\Users\alexa\OneDrive\Documents\PowerShell\Modules\Pester\5.7.1\Pester.psm1:835
at &lt;ScriptBlock&gt;, C:\Users\alexa\OneDrive\Documents\PowerShell\Modules\Pester\5.7.1\Pester.psm1:893
at &lt;ScriptBlock&gt;, C:\Users\alexa\OneDrive\Documents\PowerShell\Modules\Pester\5.7.1\Pester.psm1:2024
at &lt;ScriptBlock&gt;, C:\Users\alexa\OneDrive\Documents\PowerShell\Modules\Pester\5.7.1\Pester.psm1:1985
at Invoke-ScriptBlock, C:\Users\alexa\OneDrive\Documents\PowerShell\Modules\Pester\5.7.1\Pester.psm1:2160
at Invoke-Block, C:\Users\alexa\OneDrive\Documents\PowerShell\Modules\Pester\5.7.1\Pester.psm1:940
at &lt;ScriptBlock&gt;, C:\Users\alexa\OneDrive\Documents\PowerShell\Modules\Pester\5.7.1\Pester.psm1:893
at &lt;ScriptBlock&gt;, C:\Users\alexa\OneDrive\Documents\PowerShell\Modules\Pester\5.7.1\Pester.psm1:2024
at &lt;ScriptBlock&gt;, C:\Users\alexa\OneDrive\Documents\PowerShell\Modules\Pester\5.7.1\Pester.psm1:1985
at Invoke-ScriptBlock, C:\Users\alexa\OneDrive\Documents\PowerShell\Modules\Pester\5.7.1\Pester.psm1:2160
at Invoke-Block, C:\Users\alexa\OneDrive\Documents\PowerShell\Modules\Pester\5.7.1\Pester.psm1:940
at &lt;ScriptBlock&gt;, C:\Users\alexa\OneDrive\Documents\PowerShell\Modules\Pester\5.7.1\Pester.psm1:893
at &lt;ScriptBlock&gt;, C:\Users\alexa\OneDrive\Documents\PowerShell\Modules\Pester\5.7.1\Pester.psm1:2024
at &lt;ScriptBlock&gt;, C:\Users\alexa\OneDrive\Documents\PowerShell\Modules\Pester\5.7.1\Pester.psm1:1985
at Invoke-ScriptBlock, C:\Users\alexa\OneDrive\Documents\PowerShell\Modules\Pester\5.7.1\Pester.psm1:2160
at Invoke-Block, C:\Users\alexa\OneDrive\Documents\PowerShell\Modules\Pester\5.7.1\Pester.psm1:940
at &lt;ScriptBlock&gt;, C:\Users\alexa\OneDrive\Documents\PowerShell\Modules\Pester\5.7.1\Pester.psm1:1688
at &lt;ScriptBlock&gt;, C:\Users\alexa\OneDrive\Documents\PowerShell\Modules\Pester\5.7.1\Pester.ps1:3
at &lt;ScriptBlock&gt;, C:\Users\alexa\OneDrive\Documents\PowerShell\Modules\Pester\5.7.1\Pester.psm1:3260
at Invoke-InNewScriptScope, C:\Users\alexa\OneDrive\Documents\PowerShell\Modules\Pester\5.7.1\Pester.psm1:3267
at Run-Test, C:\Users\alexa\OneDrive\Documents\PowerShell\Modules\Pester\5.7.1\Pester.psm1:1691
at Invoke-Test, C:\Users\alexa\OneDrive\Documents\PowerShell\Modules\Pester\5.7.1\Pester.psm1:2512
at Invoke-Pester&lt;End&gt;, C:\Users\alexa\OneDrive\Documents\PowerShell\Modules\Pester\5.7.1\Pester.psm1:4960
at &lt;ScriptBlock&gt;, &lt;No file&gt;:1</stack-trace>
                    </failure>
                  </test-case>
                </results>
              </test-suite>
              <test-suite type="TestFixture" name="0204_Install-Poetry Tests.Functionality Tests" executed="True" result="Failure" success="False" time="0.2339" asserts="0" description="0204_Install-Poetry Tests.Functionality Tests">
                <results>
                  <test-case description="should execute without errors" name="0204_Install-Poetry Tests.Functionality Tests.should execute without errors" time="0.1127" asserts="0" success="False" result="Failure" executed="True">
                    <failure>
                      <message>RuntimeException: Should operator 'Be' is not registered
CmdletInvocationException: Should operator 'Be' is not registered
CommandNotFoundException: The 'Should' command was found in the module 'Pester', but the module could not be loaded due to the following error: [Should operator 'Be' is not registered]
For more information, run 'Import-Module Pester'.</message>
                      <stack-trace>at &lt;ScriptBlock&gt;, $env:PROJECT_ROOT\tests\unit\scripts\0204_Install-Poetry.Tests.ps1:17
at &lt;ScriptBlock&gt;, C:\Users\alexa\OneDrive\Documents\PowerShell\Modules\Pester\5.7.1\Pester.psm1:2024
at &lt;ScriptBlock&gt;, C:\Users\alexa\OneDrive\Documents\PowerShell\Modules\Pester\5.7.1\Pester.psm1:1985
at Invoke-ScriptBlock, C:\Users\alexa\OneDrive\Documents\PowerShell\Modules\Pester\5.7.1\Pester.psm1:2157
at Invoke-TestItem, C:\Users\alexa\OneDrive\Documents\PowerShell\Modules\Pester\5.7.1\Pester.psm1:1199
at Invoke-Block, C:\Users\alexa\OneDrive\Documents\PowerShell\Modules\Pester\5.7.1\Pester.psm1:835
at &lt;ScriptBlock&gt;, C:\Users\alexa\OneDrive\Documents\PowerShell\Modules\Pester\5.7.1\Pester.psm1:893
at &lt;ScriptBlock&gt;, C:\Users\alexa\OneDrive\Documents\PowerShell\Modules\Pester\5.7.1\Pester.psm1:2024
at &lt;ScriptBlock&gt;, C:\Users\alexa\OneDrive\Documents\PowerShell\Modules\Pester\5.7.1\Pester.psm1:1985
at Invoke-ScriptBlock, C:\Users\alexa\OneDrive\Documents\PowerShell\Modules\Pester\5.7.1\Pester.psm1:2160
at Invoke-Block, C:\Users\alexa\OneDrive\Documents\PowerShell\Modules\Pester\5.7.1\Pester.psm1:940
at &lt;ScriptBlock&gt;, C:\Users\alexa\OneDrive\Documents\PowerShell\Modules\Pester\5.7.1\Pester.psm1:893
at &lt;ScriptBlock&gt;, C:\Users\alexa\OneDrive\Documents\PowerShell\Modules\Pester\5.7.1\Pester.psm1:2024
at &lt;ScriptBlock&gt;, C:\Users\alexa\OneDrive\Documents\PowerShell\Modules\Pester\5.7.1\Pester.psm1:1985
at Invoke-ScriptBlock, C:\Users\alexa\OneDrive\Documents\PowerShell\Modules\Pester\5.7.1\Pester.psm1:2160
at Invoke-Block, C:\Users\alexa\OneDrive\Documents\PowerShell\Modules\Pester\5.7.1\Pester.psm1:940
at &lt;ScriptBlock&gt;, C:\Users\alexa\OneDrive\Documents\PowerShell\Modules\Pester\5.7.1\Pester.psm1:893
at &lt;ScriptBlock&gt;, C:\Users\alexa\OneDrive\Documents\PowerShell\Modules\Pester\5.7.1\Pester.psm1:2024
at &lt;ScriptBlock&gt;, C:\Users\alexa\OneDrive\Documents\PowerShell\Modules\Pester\5.7.1\Pester.psm1:1985
at Invoke-ScriptBlock, C:\Users\alexa\OneDrive\Documents\PowerShell\Modules\Pester\5.7.1\Pester.psm1:2160
at Invoke-Block, C:\Users\alexa\OneDrive\Documents\PowerShell\Modules\Pester\5.7.1\Pester.psm1:940
at &lt;ScriptBlock&gt;, C:\Users\alexa\OneDrive\Documents\PowerShell\Modules\Pester\5.7.1\Pester.psm1:1688
at &lt;ScriptBlock&gt;, C:\Users\alexa\OneDrive\Documents\PowerShell\Modules\Pester\5.7.1\Pester.ps1:3
at &lt;ScriptBlock&gt;, C:\Users\alexa\OneDrive\Documents\PowerShell\Modules\Pester\5.7.1\Pester.psm1:3260
at Invoke-InNewScriptScope, C:\Users\alexa\OneDrive\Documents\PowerShell\Modules\Pester\5.7.1\Pester.psm1:3267
at Run-Test, C:\Users\alexa\OneDrive\Documents\PowerShell\Modules\Pester\5.7.1\Pester.psm1:1691
at Invoke-Test, C:\Users\alexa\OneDrive\Documents\PowerShell\Modules\Pester\5.7.1\Pester.psm1:2512
at Invoke-Pester&lt;End&gt;, C:\Users\alexa\OneDrive\Documents\PowerShell\Modules\Pester\5.7.1\Pester.psm1:4960
at &lt;ScriptBlock&gt;, &lt;No file&gt;:1</stack-trace>
                    </failure>
                  </test-case>
                </results>
              </test-suite>
            </results>
          </test-suite>
        </results>
      </test-suite>
      <test-suite type="TestFixture" name="$env:PROJECT_ROOT\tests\unit\scripts\0205_Install-Sysinternals.Tests.ps1" executed="True" result="Failure" success="False" time="0.2853" asserts="0" description="$env:PROJECT_ROOT\tests\unit\scripts\0205_Install-Sysinternals.Tests.ps1">
        <results>
          <test-suite type="TestFixture" name="0205_Install-Sysinternals Tests" executed="True" result="Failure" success="False" time="0.2504" asserts="0" description="0205_Install-Sysinternals Tests">
            <results>
              <test-suite type="TestFixture" name="0205_Install-Sysinternals Tests.Module Loading" executed="True" result="Failure" success="False" time="0.1176" asserts="0" description="0205_Install-Sysinternals Tests.Module Loading">
                <results>
                  <test-case description="should load required modules" name="0205_Install-Sysinternals Tests.Module Loading.should load required modules" time="0.115" asserts="0" success="False" result="Failure" executed="True">
                    <failure>
                      <message>RuntimeException: Should operator 'Be' is not registered
CmdletInvocationException: Should operator 'Be' is not registered
CommandNotFoundException: The 'Should' command was found in the module 'Pester', but the module could not be loaded due to the following error: [Should operator 'Be' is not registered]
For more information, run 'Import-Module Pester'.</message>
                      <stack-trace>at &lt;ScriptBlock&gt;, $env:PROJECT_ROOT\tests\unit\scripts\0205_Install-Sysinternals.Tests.ps1:10
at &lt;ScriptBlock&gt;, C:\Users\alexa\OneDrive\Documents\PowerShell\Modules\Pester\5.7.1\Pester.psm1:2024
at &lt;ScriptBlock&gt;, C:\Users\alexa\OneDrive\Documents\PowerShell\Modules\Pester\5.7.1\Pester.psm1:1985
at Invoke-ScriptBlock, C:\Users\alexa\OneDrive\Documents\PowerShell\Modules\Pester\5.7.1\Pester.psm1:2157
at Invoke-TestItem, C:\Users\alexa\OneDrive\Documents\PowerShell\Modules\Pester\5.7.1\Pester.psm1:1199
at Invoke-Block, C:\Users\alexa\OneDrive\Documents\PowerShell\Modules\Pester\5.7.1\Pester.psm1:835
at &lt;ScriptBlock&gt;, C:\Users\alexa\OneDrive\Documents\PowerShell\Modules\Pester\5.7.1\Pester.psm1:893
at &lt;ScriptBlock&gt;, C:\Users\alexa\OneDrive\Documents\PowerShell\Modules\Pester\5.7.1\Pester.psm1:2024
at &lt;ScriptBlock&gt;, C:\Users\alexa\OneDrive\Documents\PowerShell\Modules\Pester\5.7.1\Pester.psm1:1985
at Invoke-ScriptBlock, C:\Users\alexa\OneDrive\Documents\PowerShell\Modules\Pester\5.7.1\Pester.psm1:2160
at Invoke-Block, C:\Users\alexa\OneDrive\Documents\PowerShell\Modules\Pester\5.7.1\Pester.psm1:940
at &lt;ScriptBlock&gt;, C:\Users\alexa\OneDrive\Documents\PowerShell\Modules\Pester\5.7.1\Pester.psm1:893
at &lt;ScriptBlock&gt;, C:\Users\alexa\OneDrive\Documents\PowerShell\Modules\Pester\5.7.1\Pester.psm1:2024
at &lt;ScriptBlock&gt;, C:\Users\alexa\OneDrive\Documents\PowerShell\Modules\Pester\5.7.1\Pester.psm1:1985
at Invoke-ScriptBlock, C:\Users\alexa\OneDrive\Documents\PowerShell\Modules\Pester\5.7.1\Pester.psm1:2160
at Invoke-Block, C:\Users\alexa\OneDrive\Documents\PowerShell\Modules\Pester\5.7.1\Pester.psm1:940
at &lt;ScriptBlock&gt;, C:\Users\alexa\OneDrive\Documents\PowerShell\Modules\Pester\5.7.1\Pester.psm1:893
at &lt;ScriptBlock&gt;, C:\Users\alexa\OneDrive\Documents\PowerShell\Modules\Pester\5.7.1\Pester.psm1:2024
at &lt;ScriptBlock&gt;, C:\Users\alexa\OneDrive\Documents\PowerShell\Modules\Pester\5.7.1\Pester.psm1:1985
at Invoke-ScriptBlock, C:\Users\alexa\OneDrive\Documents\PowerShell\Modules\Pester\5.7.1\Pester.psm1:2160
at Invoke-Block, C:\Users\alexa\OneDrive\Documents\PowerShell\Modules\Pester\5.7.1\Pester.psm1:940
at &lt;ScriptBlock&gt;, C:\Users\alexa\OneDrive\Documents\PowerShell\Modules\Pester\5.7.1\Pester.psm1:1688
at &lt;ScriptBlock&gt;, C:\Users\alexa\OneDrive\Documents\PowerShell\Modules\Pester\5.7.1\Pester.ps1:3
at &lt;ScriptBlock&gt;, C:\Users\alexa\OneDrive\Documents\PowerShell\Modules\Pester\5.7.1\Pester.psm1:3260
at Invoke-InNewScriptScope, C:\Users\alexa\OneDrive\Documents\PowerShell\Modules\Pester\5.7.1\Pester.psm1:3267
at Run-Test, C:\Users\alexa\OneDrive\Documents\PowerShell\Modules\Pester\5.7.1\Pester.psm1:1691
at Invoke-Test, C:\Users\alexa\OneDrive\Documents\PowerShell\Modules\Pester\5.7.1\Pester.psm1:2512
at Invoke-Pester&lt;End&gt;, C:\Users\alexa\OneDrive\Documents\PowerShell\Modules\Pester\5.7.1\Pester.psm1:4960
at &lt;ScriptBlock&gt;, &lt;No file&gt;:1</stack-trace>
                    </failure>
                  </test-case>
                </results>
              </test-suite>
              <test-suite type="TestFixture" name="0205_Install-Sysinternals Tests.Functionality Tests" executed="True" result="Failure" success="False" time="0.237" asserts="0" description="0205_Install-Sysinternals Tests.Functionality Tests">
                <results>
                  <test-case description="should execute without errors" name="0205_Install-Sysinternals Tests.Functionality Tests.should execute without errors" time="0.1163" asserts="0" success="False" result="Failure" executed="True">
                    <failure>
                      <message>RuntimeException: Should operator 'Be' is not registered
CmdletInvocationException: Should operator 'Be' is not registered
CommandNotFoundException: The 'Should' command was found in the module 'Pester', but the module could not be loaded due to the following error: [Should operator 'Be' is not registered]
For more information, run 'Import-Module Pester'.</message>
                      <stack-trace>at &lt;ScriptBlock&gt;, $env:PROJECT_ROOT\tests\unit\scripts\0205_Install-Sysinternals.Tests.ps1:17
at &lt;ScriptBlock&gt;, C:\Users\alexa\OneDrive\Documents\PowerShell\Modules\Pester\5.7.1\Pester.psm1:2024
at &lt;ScriptBlock&gt;, C:\Users\alexa\OneDrive\Documents\PowerShell\Modules\Pester\5.7.1\Pester.psm1:1985
at Invoke-ScriptBlock, C:\Users\alexa\OneDrive\Documents\PowerShell\Modules\Pester\5.7.1\Pester.psm1:2157
at Invoke-TestItem, C:\Users\alexa\OneDrive\Documents\PowerShell\Modules\Pester\5.7.1\Pester.psm1:1199
at Invoke-Block, C:\Users\alexa\OneDrive\Documents\PowerShell\Modules\Pester\5.7.1\Pester.psm1:835
at &lt;ScriptBlock&gt;, C:\Users\alexa\OneDrive\Documents\PowerShell\Modules\Pester\5.7.1\Pester.psm1:893
at &lt;ScriptBlock&gt;, C:\Users\alexa\OneDrive\Documents\PowerShell\Modules\Pester\5.7.1\Pester.psm1:2024
at &lt;ScriptBlock&gt;, C:\Users\alexa\OneDrive\Documents\PowerShell\Modules\Pester\5.7.1\Pester.psm1:1985
at Invoke-ScriptBlock, C:\Users\alexa\OneDrive\Documents\PowerShell\Modules\Pester\5.7.1\Pester.psm1:2160
at Invoke-Block, C:\Users\alexa\OneDrive\Documents\PowerShell\Modules\Pester\5.7.1\Pester.psm1:940
at &lt;ScriptBlock&gt;, C:\Users\alexa\OneDrive\Documents\PowerShell\Modules\Pester\5.7.1\Pester.psm1:893
at &lt;ScriptBlock&gt;, C:\Users\alexa\OneDrive\Documents\PowerShell\Modules\Pester\5.7.1\Pester.psm1:2024
at &lt;ScriptBlock&gt;, C:\Users\alexa\OneDrive\Documents\PowerShell\Modules\Pester\5.7.1\Pester.psm1:1985
at Invoke-ScriptBlock, C:\Users\alexa\OneDrive\Documents\PowerShell\Modules\Pester\5.7.1\Pester.psm1:2160
at Invoke-Block, C:\Users\alexa\OneDrive\Documents\PowerShell\Modules\Pester\5.7.1\Pester.psm1:940
at &lt;ScriptBlock&gt;, C:\Users\alexa\OneDrive\Documents\PowerShell\Modules\Pester\5.7.1\Pester.psm1:893
at &lt;ScriptBlock&gt;, C:\Users\alexa\OneDrive\Documents\PowerShell\Modules\Pester\5.7.1\Pester.psm1:2024
at &lt;ScriptBlock&gt;, C:\Users\alexa\OneDrive\Documents\PowerShell\Modules\Pester\5.7.1\Pester.psm1:1985
at Invoke-ScriptBlock, C:\Users\alexa\OneDrive\Documents\PowerShell\Modules\Pester\5.7.1\Pester.psm1:2160
at Invoke-Block, C:\Users\alexa\OneDrive\Documents\PowerShell\Modules\Pester\5.7.1\Pester.psm1:940
at &lt;ScriptBlock&gt;, C:\Users\alexa\OneDrive\Documents\PowerShell\Modules\Pester\5.7.1\Pester.psm1:1688
at &lt;ScriptBlock&gt;, C:\Users\alexa\OneDrive\Documents\PowerShell\Modules\Pester\5.7.1\Pester.ps1:3
at &lt;ScriptBlock&gt;, C:\Users\alexa\OneDrive\Documents\PowerShell\Modules\Pester\5.7.1\Pester.psm1:3260
at Invoke-InNewScriptScope, C:\Users\alexa\OneDrive\Documents\PowerShell\Modules\Pester\5.7.1\Pester.psm1:3267
at Run-Test, C:\Users\alexa\OneDrive\Documents\PowerShell\Modules\Pester\5.7.1\Pester.psm1:1691
at Invoke-Test, C:\Users\alexa\OneDrive\Documents\PowerShell\Modules\Pester\5.7.1\Pester.psm1:2512
at Invoke-Pester&lt;End&gt;, C:\Users\alexa\OneDrive\Documents\PowerShell\Modules\Pester\5.7.1\Pester.psm1:4960
at &lt;ScriptBlock&gt;, &lt;No file&gt;:1</stack-trace>
                    </failure>
                  </test-case>
                </results>
              </test-suite>
            </results>
          </test-suite>
        </results>
      </test-suite>
      <test-suite type="TestFixture" name="$env:PROJECT_ROOT\tests\unit\scripts\0206_Install-Python.Tests.ps1" executed="True" result="Failure" success="False" time="0.2875" asserts="0" description="$env:PROJECT_ROOT\tests\unit\scripts\0206_Install-Python.Tests.ps1">
        <results>
          <test-suite type="TestFixture" name="0206_Install-Python Tests" executed="True" result="Failure" success="False" time="0.2518" asserts="0" description="0206_Install-Python Tests">
            <results>
              <test-suite type="TestFixture" name="0206_Install-Python Tests.Module Loading" executed="True" result="Failure" success="False" time="0.1192" asserts="0" description="0206_Install-Python Tests.Module Loading">
                <results>
                  <test-case description="should load required modules" name="0206_Install-Python Tests.Module Loading.should load required modules" time="0.1163" asserts="0" success="False" result="Failure" executed="True">
                    <failure>
                      <message>RuntimeException: Should operator 'Be' is not registered
CmdletInvocationException: Should operator 'Be' is not registered
CommandNotFoundException: The 'Should' command was found in the module 'Pester', but the module could not be loaded due to the following error: [Should operator 'Be' is not registered]
For more information, run 'Import-Module Pester'.</message>
                      <stack-trace>at &lt;ScriptBlock&gt;, $env:PROJECT_ROOT\tests\unit\scripts\0206_Install-Python.Tests.ps1:10
at &lt;ScriptBlock&gt;, C:\Users\alexa\OneDrive\Documents\PowerShell\Modules\Pester\5.7.1\Pester.psm1:2024
at &lt;ScriptBlock&gt;, C:\Users\alexa\OneDrive\Documents\PowerShell\Modules\Pester\5.7.1\Pester.psm1:1985
at Invoke-ScriptBlock, C:\Users\alexa\OneDrive\Documents\PowerShell\Modules\Pester\5.7.1\Pester.psm1:2157
at Invoke-TestItem, C:\Users\alexa\OneDrive\Documents\PowerShell\Modules\Pester\5.7.1\Pester.psm1:1199
at Invoke-Block, C:\Users\alexa\OneDrive\Documents\PowerShell\Modules\Pester\5.7.1\Pester.psm1:835
at &lt;ScriptBlock&gt;, C:\Users\alexa\OneDrive\Documents\PowerShell\Modules\Pester\5.7.1\Pester.psm1:893
at &lt;ScriptBlock&gt;, C:\Users\alexa\OneDrive\Documents\PowerShell\Modules\Pester\5.7.1\Pester.psm1:2024
at &lt;ScriptBlock&gt;, C:\Users\alexa\OneDrive\Documents\PowerShell\Modules\Pester\5.7.1\Pester.psm1:1985
at Invoke-ScriptBlock, C:\Users\alexa\OneDrive\Documents\PowerShell\Modules\Pester\5.7.1\Pester.psm1:2160
at Invoke-Block, C:\Users\alexa\OneDrive\Documents\PowerShell\Modules\Pester\5.7.1\Pester.psm1:940
at &lt;ScriptBlock&gt;, C:\Users\alexa\OneDrive\Documents\PowerShell\Modules\Pester\5.7.1\Pester.psm1:893
at &lt;ScriptBlock&gt;, C:\Users\alexa\OneDrive\Documents\PowerShell\Modules\Pester\5.7.1\Pester.psm1:2024
at &lt;ScriptBlock&gt;, C:\Users\alexa\OneDrive\Documents\PowerShell\Modules\Pester\5.7.1\Pester.psm1:1985
at Invoke-ScriptBlock, C:\Users\alexa\OneDrive\Documents\PowerShell\Modules\Pester\5.7.1\Pester.psm1:2160
at Invoke-Block, C:\Users\alexa\OneDrive\Documents\PowerShell\Modules\Pester\5.7.1\Pester.psm1:940
at &lt;ScriptBlock&gt;, C:\Users\alexa\OneDrive\Documents\PowerShell\Modules\Pester\5.7.1\Pester.psm1:893
at &lt;ScriptBlock&gt;, C:\Users\alexa\OneDrive\Documents\PowerShell\Modules\Pester\5.7.1\Pester.psm1:2024
at &lt;ScriptBlock&gt;, C:\Users\alexa\OneDrive\Documents\PowerShell\Modules\Pester\5.7.1\Pester.psm1:1985
at Invoke-ScriptBlock, C:\Users\alexa\OneDrive\Documents\PowerShell\Modules\Pester\5.7.1\Pester.psm1:2160
at Invoke-Block, C:\Users\alexa\OneDrive\Documents\PowerShell\Modules\Pester\5.7.1\Pester.psm1:940
at &lt;ScriptBlock&gt;, C:\Users\alexa\OneDrive\Documents\PowerShell\Modules\Pester\5.7.1\Pester.psm1:1688
at &lt;ScriptBlock&gt;, C:\Users\alexa\OneDrive\Documents\PowerShell\Modules\Pester\5.7.1\Pester.ps1:3
at &lt;ScriptBlock&gt;, C:\Users\alexa\OneDrive\Documents\PowerShell\Modules\Pester\5.7.1\Pester.psm1:3260
at Invoke-InNewScriptScope, C:\Users\alexa\OneDrive\Documents\PowerShell\Modules\Pester\5.7.1\Pester.psm1:3267
at Run-Test, C:\Users\alexa\OneDrive\Documents\PowerShell\Modules\Pester\5.7.1\Pester.psm1:1691
at Invoke-Test, C:\Users\alexa\OneDrive\Documents\PowerShell\Modules\Pester\5.7.1\Pester.psm1:2512
at Invoke-Pester&lt;End&gt;, C:\Users\alexa\OneDrive\Documents\PowerShell\Modules\Pester\5.7.1\Pester.psm1:4960
at &lt;ScriptBlock&gt;, &lt;No file&gt;:1</stack-trace>
                    </failure>
                  </test-case>
                </results>
              </test-suite>
              <test-suite type="TestFixture" name="0206_Install-Python Tests.Functionality Tests" executed="True" result="Failure" success="False" time="0.2385" asserts="0" description="0206_Install-Python Tests.Functionality Tests">
                <results>
                  <test-case description="should execute without errors" name="0206_Install-Python Tests.Functionality Tests.should execute without errors" time="0.1165" asserts="0" success="False" result="Failure" executed="True">
                    <failure>
                      <message>RuntimeException: Should operator 'Be' is not registered
CmdletInvocationException: Should operator 'Be' is not registered
CommandNotFoundException: The 'Should' command was found in the module 'Pester', but the module could not be loaded due to the following error: [Should operator 'Be' is not registered]
For more information, run 'Import-Module Pester'.</message>
                      <stack-trace>at &lt;ScriptBlock&gt;, $env:PROJECT_ROOT\tests\unit\scripts\0206_Install-Python.Tests.ps1:17
at &lt;ScriptBlock&gt;, C:\Users\alexa\OneDrive\Documents\PowerShell\Modules\Pester\5.7.1\Pester.psm1:2024
at &lt;ScriptBlock&gt;, C:\Users\alexa\OneDrive\Documents\PowerShell\Modules\Pester\5.7.1\Pester.psm1:1985
at Invoke-ScriptBlock, C:\Users\alexa\OneDrive\Documents\PowerShell\Modules\Pester\5.7.1\Pester.psm1:2157
at Invoke-TestItem, C:\Users\alexa\OneDrive\Documents\PowerShell\Modules\Pester\5.7.1\Pester.psm1:1199
at Invoke-Block, C:\Users\alexa\OneDrive\Documents\PowerShell\Modules\Pester\5.7.1\Pester.psm1:835
at &lt;ScriptBlock&gt;, C:\Users\alexa\OneDrive\Documents\PowerShell\Modules\Pester\5.7.1\Pester.psm1:893
at &lt;ScriptBlock&gt;, C:\Users\alexa\OneDrive\Documents\PowerShell\Modules\Pester\5.7.1\Pester.psm1:2024
at &lt;ScriptBlock&gt;, C:\Users\alexa\OneDrive\Documents\PowerShell\Modules\Pester\5.7.1\Pester.psm1:1985
at Invoke-ScriptBlock, C:\Users\alexa\OneDrive\Documents\PowerShell\Modules\Pester\5.7.1\Pester.psm1:2160
at Invoke-Block, C:\Users\alexa\OneDrive\Documents\PowerShell\Modules\Pester\5.7.1\Pester.psm1:940
at &lt;ScriptBlock&gt;, C:\Users\alexa\OneDrive\Documents\PowerShell\Modules\Pester\5.7.1\Pester.psm1:893
at &lt;ScriptBlock&gt;, C:\Users\alexa\OneDrive\Documents\PowerShell\Modules\Pester\5.7.1\Pester.psm1:2024
at &lt;ScriptBlock&gt;, C:\Users\alexa\OneDrive\Documents\PowerShell\Modules\Pester\5.7.1\Pester.psm1:1985
at Invoke-ScriptBlock, C:\Users\alexa\OneDrive\Documents\PowerShell\Modules\Pester\5.7.1\Pester.psm1:2160
at Invoke-Block, C:\Users\alexa\OneDrive\Documents\PowerShell\Modules\Pester\5.7.1\Pester.psm1:940
at &lt;ScriptBlock&gt;, C:\Users\alexa\OneDrive\Documents\PowerShell\Modules\Pester\5.7.1\Pester.psm1:893
at &lt;ScriptBlock&gt;, C:\Users\alexa\OneDrive\Documents\PowerShell\Modules\Pester\5.7.1\Pester.psm1:2024
at &lt;ScriptBlock&gt;, C:\Users\alexa\OneDrive\Documents\PowerShell\Modules\Pester\5.7.1\Pester.psm1:1985
at Invoke-ScriptBlock, C:\Users\alexa\OneDrive\Documents\PowerShell\Modules\Pester\5.7.1\Pester.psm1:2160
at Invoke-Block, C:\Users\alexa\OneDrive\Documents\PowerShell\Modules\Pester\5.7.1\Pester.psm1:940
at &lt;ScriptBlock&gt;, C:\Users\alexa\OneDrive\Documents\PowerShell\Modules\Pester\5.7.1\Pester.psm1:1688
at &lt;ScriptBlock&gt;, C:\Users\alexa\OneDrive\Documents\PowerShell\Modules\Pester\5.7.1\Pester.ps1:3
at &lt;ScriptBlock&gt;, C:\Users\alexa\OneDrive\Documents\PowerShell\Modules\Pester\5.7.1\Pester.psm1:3260
at Invoke-InNewScriptScope, C:\Users\alexa\OneDrive\Documents\PowerShell\Modules\Pester\5.7.1\Pester.psm1:3267
at Run-Test, C:\Users\alexa\OneDrive\Documents\PowerShell\Modules\Pester\5.7.1\Pester.psm1:1691
at Invoke-Test, C:\Users\alexa\OneDrive\Documents\PowerShell\Modules\Pester\5.7.1\Pester.psm1:2512
at Invoke-Pester&lt;End&gt;, C:\Users\alexa\OneDrive\Documents\PowerShell\Modules\Pester\5.7.1\Pester.psm1:4960
at &lt;ScriptBlock&gt;, &lt;No file&gt;:1</stack-trace>
                    </failure>
                  </test-case>
                </results>
              </test-suite>
            </results>
          </test-suite>
        </results>
      </test-suite>
      <test-suite type="TestFixture" name="$env:PROJECT_ROOT\tests\unit\scripts\0207_Install-Git.Tests.ps1" executed="True" result="Failure" success="False" time="0.2875" asserts="0" description="$env:PROJECT_ROOT\tests\unit\scripts\0207_Install-Git.Tests.ps1">
        <results>
          <test-suite type="TestFixture" name="0207_Install-Git Tests" executed="True" result="Failure" success="False" time="0.249" asserts="0" description="0207_Install-Git Tests">
            <results>
              <test-suite type="TestFixture" name="0207_Install-Git Tests.Module Loading" executed="True" result="Failure" success="False" time="0.1221" asserts="0" description="0207_Install-Git Tests.Module Loading">
                <results>
                  <test-case description="should load required modules" name="0207_Install-Git Tests.Module Loading.should load required modules" time="0.1188" asserts="0" success="False" result="Failure" executed="True">
                    <failure>
                      <message>RuntimeException: Should operator 'Be' is not registered
CmdletInvocationException: Should operator 'Be' is not registered
CommandNotFoundException: The 'Should' command was found in the module 'Pester', but the module could not be loaded due to the following error: [Should operator 'Be' is not registered]
For more information, run 'Import-Module Pester'.</message>
                      <stack-trace>at &lt;ScriptBlock&gt;, $env:PROJECT_ROOT\tests\unit\scripts\0207_Install-Git.Tests.ps1:10
at &lt;ScriptBlock&gt;, C:\Users\alexa\OneDrive\Documents\PowerShell\Modules\Pester\5.7.1\Pester.psm1:2024
at &lt;ScriptBlock&gt;, C:\Users\alexa\OneDrive\Documents\PowerShell\Modules\Pester\5.7.1\Pester.psm1:1985
at Invoke-ScriptBlock, C:\Users\alexa\OneDrive\Documents\PowerShell\Modules\Pester\5.7.1\Pester.psm1:2157
at Invoke-TestItem, C:\Users\alexa\OneDrive\Documents\PowerShell\Modules\Pester\5.7.1\Pester.psm1:1199
at Invoke-Block, C:\Users\alexa\OneDrive\Documents\PowerShell\Modules\Pester\5.7.1\Pester.psm1:835
at &lt;ScriptBlock&gt;, C:\Users\alexa\OneDrive\Documents\PowerShell\Modules\Pester\5.7.1\Pester.psm1:893
at &lt;ScriptBlock&gt;, C:\Users\alexa\OneDrive\Documents\PowerShell\Modules\Pester\5.7.1\Pester.psm1:2024
at &lt;ScriptBlock&gt;, C:\Users\alexa\OneDrive\Documents\PowerShell\Modules\Pester\5.7.1\Pester.psm1:1985
at Invoke-ScriptBlock, C:\Users\alexa\OneDrive\Documents\PowerShell\Modules\Pester\5.7.1\Pester.psm1:2160
at Invoke-Block, C:\Users\alexa\OneDrive\Documents\PowerShell\Modules\Pester\5.7.1\Pester.psm1:940
at &lt;ScriptBlock&gt;, C:\Users\alexa\OneDrive\Documents\PowerShell\Modules\Pester\5.7.1\Pester.psm1:893
at &lt;ScriptBlock&gt;, C:\Users\alexa\OneDrive\Documents\PowerShell\Modules\Pester\5.7.1\Pester.psm1:2024
at &lt;ScriptBlock&gt;, C:\Users\alexa\OneDrive\Documents\PowerShell\Modules\Pester\5.7.1\Pester.psm1:1985
at Invoke-ScriptBlock, C:\Users\alexa\OneDrive\Documents\PowerShell\Modules\Pester\5.7.1\Pester.psm1:2160
at Invoke-Block, C:\Users\alexa\OneDrive\Documents\PowerShell\Modules\Pester\5.7.1\Pester.psm1:940
at &lt;ScriptBlock&gt;, C:\Users\alexa\OneDrive\Documents\PowerShell\Modules\Pester\5.7.1\Pester.psm1:893
at &lt;ScriptBlock&gt;, C:\Users\alexa\OneDrive\Documents\PowerShell\Modules\Pester\5.7.1\Pester.psm1:2024
at &lt;ScriptBlock&gt;, C:\Users\alexa\OneDrive\Documents\PowerShell\Modules\Pester\5.7.1\Pester.psm1:1985
at Invoke-ScriptBlock, C:\Users\alexa\OneDrive\Documents\PowerShell\Modules\Pester\5.7.1\Pester.psm1:2160
at Invoke-Block, C:\Users\alexa\OneDrive\Documents\PowerShell\Modules\Pester\5.7.1\Pester.psm1:940
at &lt;ScriptBlock&gt;, C:\Users\alexa\OneDrive\Documents\PowerShell\Modules\Pester\5.7.1\Pester.psm1:1688
at &lt;ScriptBlock&gt;, C:\Users\alexa\OneDrive\Documents\PowerShell\Modules\Pester\5.7.1\Pester.ps1:3
at &lt;ScriptBlock&gt;, C:\Users\alexa\OneDrive\Documents\PowerShell\Modules\Pester\5.7.1\Pester.psm1:3260
at Invoke-InNewScriptScope, C:\Users\alexa\OneDrive\Documents\PowerShell\Modules\Pester\5.7.1\Pester.psm1:3267
at Run-Test, C:\Users\alexa\OneDrive\Documents\PowerShell\Modules\Pester\5.7.1\Pester.psm1:1691
at Invoke-Test, C:\Users\alexa\OneDrive\Documents\PowerShell\Modules\Pester\5.7.1\Pester.psm1:2512
at Invoke-Pester&lt;End&gt;, C:\Users\alexa\OneDrive\Documents\PowerShell\Modules\Pester\5.7.1\Pester.psm1:4960
at &lt;ScriptBlock&gt;, &lt;No file&gt;:1</stack-trace>
                    </failure>
                  </test-case>
                </results>
              </test-suite>
              <test-suite type="TestFixture" name="0207_Install-Git Tests.Functionality Tests" executed="True" result="Failure" success="False" time="0.2334" asserts="0" description="0207_Install-Git Tests.Functionality Tests">
                <results>
                  <test-case description="should execute without errors" name="0207_Install-Git Tests.Functionality Tests.should execute without errors" time="0.1087" asserts="0" success="False" result="Failure" executed="True">
                    <failure>
                      <message>RuntimeException: Should operator 'Be' is not registered
CmdletInvocationException: Should operator 'Be' is not registered
CommandNotFoundException: The 'Should' command was found in the module 'Pester', but the module could not be loaded due to the following error: [Should operator 'Be' is not registered]
For more information, run 'Import-Module Pester'.</message>
                      <stack-trace>at &lt;ScriptBlock&gt;, $env:PROJECT_ROOT\tests\unit\scripts\0207_Install-Git.Tests.ps1:17
at &lt;ScriptBlock&gt;, C:\Users\alexa\OneDrive\Documents\PowerShell\Modules\Pester\5.7.1\Pester.psm1:2024
at &lt;ScriptBlock&gt;, C:\Users\alexa\OneDrive\Documents\PowerShell\Modules\Pester\5.7.1\Pester.psm1:1985
at Invoke-ScriptBlock, C:\Users\alexa\OneDrive\Documents\PowerShell\Modules\Pester\5.7.1\Pester.psm1:2157
at Invoke-TestItem, C:\Users\alexa\OneDrive\Documents\PowerShell\Modules\Pester\5.7.1\Pester.psm1:1199
at Invoke-Block, C:\Users\alexa\OneDrive\Documents\PowerShell\Modules\Pester\5.7.1\Pester.psm1:835
at &lt;ScriptBlock&gt;, C:\Users\alexa\OneDrive\Documents\PowerShell\Modules\Pester\5.7.1\Pester.psm1:893
at &lt;ScriptBlock&gt;, C:\Users\alexa\OneDrive\Documents\PowerShell\Modules\Pester\5.7.1\Pester.psm1:2024
at &lt;ScriptBlock&gt;, C:\Users\alexa\OneDrive\Documents\PowerShell\Modules\Pester\5.7.1\Pester.psm1:1985
at Invoke-ScriptBlock, C:\Users\alexa\OneDrive\Documents\PowerShell\Modules\Pester\5.7.1\Pester.psm1:2160
at Invoke-Block, C:\Users\alexa\OneDrive\Documents\PowerShell\Modules\Pester\5.7.1\Pester.psm1:940
at &lt;ScriptBlock&gt;, C:\Users\alexa\OneDrive\Documents\PowerShell\Modules\Pester\5.7.1\Pester.psm1:893
at &lt;ScriptBlock&gt;, C:\Users\alexa\OneDrive\Documents\PowerShell\Modules\Pester\5.7.1\Pester.psm1:2024
at &lt;ScriptBlock&gt;, C:\Users\alexa\OneDrive\Documents\PowerShell\Modules\Pester\5.7.1\Pester.psm1:1985
at Invoke-ScriptBlock, C:\Users\alexa\OneDrive\Documents\PowerShell\Modules\Pester\5.7.1\Pester.psm1:2160
at Invoke-Block, C:\Users\alexa\OneDrive\Documents\PowerShell\Modules\Pester\5.7.1\Pester.psm1:940
at &lt;ScriptBlock&gt;, C:\Users\alexa\OneDrive\Documents\PowerShell\Modules\Pester\5.7.1\Pester.psm1:893
at &lt;ScriptBlock&gt;, C:\Users\alexa\OneDrive\Documents\PowerShell\Modules\Pester\5.7.1\Pester.psm1:2024
at &lt;ScriptBlock&gt;, C:\Users\alexa\OneDrive\Documents\PowerShell\Modules\Pester\5.7.1\Pester.psm1:1985
at Invoke-ScriptBlock, C:\Users\alexa\OneDrive\Documents\PowerShell\Modules\Pester\5.7.1\Pester.psm1:2160
at Invoke-Block, C:\Users\alexa\OneDrive\Documents\PowerShell\Modules\Pester\5.7.1\Pester.psm1:940
at &lt;ScriptBlock&gt;, C:\Users\alexa\OneDrive\Documents\PowerShell\Modules\Pester\5.7.1\Pester.psm1:1688
at &lt;ScriptBlock&gt;, C:\Users\alexa\OneDrive\Documents\PowerShell\Modules\Pester\5.7.1\Pester.ps1:3
at &lt;ScriptBlock&gt;, C:\Users\alexa\OneDrive\Documents\PowerShell\Modules\Pester\5.7.1\Pester.psm1:3260
at Invoke-InNewScriptScope, C:\Users\alexa\OneDrive\Documents\PowerShell\Modules\Pester\5.7.1\Pester.psm1:3267
at Run-Test, C:\Users\alexa\OneDrive\Documents\PowerShell\Modules\Pester\5.7.1\Pester.psm1:1691
at Invoke-Test, C:\Users\alexa\OneDrive\Documents\PowerShell\Modules\Pester\5.7.1\Pester.psm1:2512
at Invoke-Pester&lt;End&gt;, C:\Users\alexa\OneDrive\Documents\PowerShell\Modules\Pester\5.7.1\Pester.psm1:4960
at &lt;ScriptBlock&gt;, &lt;No file&gt;:1</stack-trace>
                    </failure>
                  </test-case>
                </results>
              </test-suite>
            </results>
          </test-suite>
        </results>
      </test-suite>
      <test-suite type="TestFixture" name="$env:PROJECT_ROOT\tests\unit\scripts\0208_Install-DockerDesktop.Tests.ps1" executed="True" result="Failure" success="False" time="0.2827" asserts="0" description="$env:PROJECT_ROOT\tests\unit\scripts\0208_Install-DockerDesktop.Tests.ps1">
        <results>
          <test-suite type="TestFixture" name="0208_Install-DockerDesktop Tests" executed="True" result="Failure" success="False" time="0.2439" asserts="0" description="0208_Install-DockerDesktop Tests">
            <results>
              <test-suite type="TestFixture" name="0208_Install-DockerDesktop Tests.Module Loading" executed="True" result="Failure" success="False" time="0.1184" asserts="0" description="0208_Install-DockerDesktop Tests.Module Loading">
                <results>
                  <test-case description="should load required modules" name="0208_Install-DockerDesktop Tests.Module Loading.should load required modules" time="0.1159" asserts="0" success="False" result="Failure" executed="True">
                    <failure>
                      <message>RuntimeException: Should operator 'Be' is not registered
CmdletInvocationException: Should operator 'Be' is not registered
CommandNotFoundException: The 'Should' command was found in the module 'Pester', but the module could not be loaded due to the following error: [Should operator 'Be' is not registered]
For more information, run 'Import-Module Pester'.</message>
                      <stack-trace>at &lt;ScriptBlock&gt;, $env:PROJECT_ROOT\tests\unit\scripts\0208_Install-DockerDesktop.Tests.ps1:10
at &lt;ScriptBlock&gt;, C:\Users\alexa\OneDrive\Documents\PowerShell\Modules\Pester\5.7.1\Pester.psm1:2024
at &lt;ScriptBlock&gt;, C:\Users\alexa\OneDrive\Documents\PowerShell\Modules\Pester\5.7.1\Pester.psm1:1985
at Invoke-ScriptBlock, C:\Users\alexa\OneDrive\Documents\PowerShell\Modules\Pester\5.7.1\Pester.psm1:2157
at Invoke-TestItem, C:\Users\alexa\OneDrive\Documents\PowerShell\Modules\Pester\5.7.1\Pester.psm1:1199
at Invoke-Block, C:\Users\alexa\OneDrive\Documents\PowerShell\Modules\Pester\5.7.1\Pester.psm1:835
at &lt;ScriptBlock&gt;, C:\Users\alexa\OneDrive\Documents\PowerShell\Modules\Pester\5.7.1\Pester.psm1:893
at &lt;ScriptBlock&gt;, C:\Users\alexa\OneDrive\Documents\PowerShell\Modules\Pester\5.7.1\Pester.psm1:2024
at &lt;ScriptBlock&gt;, C:\Users\alexa\OneDrive\Documents\PowerShell\Modules\Pester\5.7.1\Pester.psm1:1985
at Invoke-ScriptBlock, C:\Users\alexa\OneDrive\Documents\PowerShell\Modules\Pester\5.7.1\Pester.psm1:2160
at Invoke-Block, C:\Users\alexa\OneDrive\Documents\PowerShell\Modules\Pester\5.7.1\Pester.psm1:940
at &lt;ScriptBlock&gt;, C:\Users\alexa\OneDrive\Documents\PowerShell\Modules\Pester\5.7.1\Pester.psm1:893
at &lt;ScriptBlock&gt;, C:\Users\alexa\OneDrive\Documents\PowerShell\Modules\Pester\5.7.1\Pester.psm1:2024
at &lt;ScriptBlock&gt;, C:\Users\alexa\OneDrive\Documents\PowerShell\Modules\Pester\5.7.1\Pester.psm1:1985
at Invoke-ScriptBlock, C:\Users\alexa\OneDrive\Documents\PowerShell\Modules\Pester\5.7.1\Pester.psm1:2160
at Invoke-Block, C:\Users\alexa\OneDrive\Documents\PowerShell\Modules\Pester\5.7.1\Pester.psm1:940
at &lt;ScriptBlock&gt;, C:\Users\alexa\OneDrive\Documents\PowerShell\Modules\Pester\5.7.1\Pester.psm1:893
at &lt;ScriptBlock&gt;, C:\Users\alexa\OneDrive\Documents\PowerShell\Modules\Pester\5.7.1\Pester.psm1:2024
at &lt;ScriptBlock&gt;, C:\Users\alexa\OneDrive\Documents\PowerShell\Modules\Pester\5.7.1\Pester.psm1:1985
at Invoke-ScriptBlock, C:\Users\alexa\OneDrive\Documents\PowerShell\Modules\Pester\5.7.1\Pester.psm1:2160
at Invoke-Block, C:\Users\alexa\OneDrive\Documents\PowerShell\Modules\Pester\5.7.1\Pester.psm1:940
at &lt;ScriptBlock&gt;, C:\Users\alexa\OneDrive\Documents\PowerShell\Modules\Pester\5.7.1\Pester.psm1:1688
at &lt;ScriptBlock&gt;, C:\Users\alexa\OneDrive\Documents\PowerShell\Modules\Pester\5.7.1\Pester.ps1:3
at &lt;ScriptBlock&gt;, C:\Users\alexa\OneDrive\Documents\PowerShell\Modules\Pester\5.7.1\Pester.psm1:3260
at Invoke-InNewScriptScope, C:\Users\alexa\OneDrive\Documents\PowerShell\Modules\Pester\5.7.1\Pester.psm1:3267
at Run-Test, C:\Users\alexa\OneDrive\Documents\PowerShell\Modules\Pester\5.7.1\Pester.psm1:1691
at Invoke-Test, C:\Users\alexa\OneDrive\Documents\PowerShell\Modules\Pester\5.7.1\Pester.psm1:2512
at Invoke-Pester&lt;End&gt;, C:\Users\alexa\OneDrive\Documents\PowerShell\Modules\Pester\5.7.1\Pester.psm1:4960
at &lt;ScriptBlock&gt;, &lt;No file&gt;:1</stack-trace>
                    </failure>
                  </test-case>
                </results>
              </test-suite>
              <test-suite type="TestFixture" name="0208_Install-DockerDesktop Tests.Functionality Tests" executed="True" result="Failure" success="False" time="0.2305" asserts="0" description="0208_Install-DockerDesktop Tests.Functionality Tests">
                <results>
                  <test-case description="should execute without errors" name="0208_Install-DockerDesktop Tests.Functionality Tests.should execute without errors" time="0.1098" asserts="0" success="False" result="Failure" executed="True">
                    <failure>
                      <message>RuntimeException: Should operator 'Be' is not registered
CmdletInvocationException: Should operator 'Be' is not registered
CommandNotFoundException: The 'Should' command was found in the module 'Pester', but the module could not be loaded due to the following error: [Should operator 'Be' is not registered]
For more information, run 'Import-Module Pester'.</message>
                      <stack-trace>at &lt;ScriptBlock&gt;, $env:PROJECT_ROOT\tests\unit\scripts\0208_Install-DockerDesktop.Tests.ps1:17
at &lt;ScriptBlock&gt;, C:\Users\alexa\OneDrive\Documents\PowerShell\Modules\Pester\5.7.1\Pester.psm1:2024
at &lt;ScriptBlock&gt;, C:\Users\alexa\OneDrive\Documents\PowerShell\Modules\Pester\5.7.1\Pester.psm1:1985
at Invoke-ScriptBlock, C:\Users\alexa\OneDrive\Documents\PowerShell\Modules\Pester\5.7.1\Pester.psm1:2157
at Invoke-TestItem, C:\Users\alexa\OneDrive\Documents\PowerShell\Modules\Pester\5.7.1\Pester.psm1:1199
at Invoke-Block, C:\Users\alexa\OneDrive\Documents\PowerShell\Modules\Pester\5.7.1\Pester.psm1:835
at &lt;ScriptBlock&gt;, C:\Users\alexa\OneDrive\Documents\PowerShell\Modules\Pester\5.7.1\Pester.psm1:893
at &lt;ScriptBlock&gt;, C:\Users\alexa\OneDrive\Documents\PowerShell\Modules\Pester\5.7.1\Pester.psm1:2024
at &lt;ScriptBlock&gt;, C:\Users\alexa\OneDrive\Documents\PowerShell\Modules\Pester\5.7.1\Pester.psm1:1985
at Invoke-ScriptBlock, C:\Users\alexa\OneDrive\Documents\PowerShell\Modules\Pester\5.7.1\Pester.psm1:2160
at Invoke-Block, C:\Users\alexa\OneDrive\Documents\PowerShell\Modules\Pester\5.7.1\Pester.psm1:940
at &lt;ScriptBlock&gt;, C:\Users\alexa\OneDrive\Documents\PowerShell\Modules\Pester\5.7.1\Pester.psm1:893
at &lt;ScriptBlock&gt;, C:\Users\alexa\OneDrive\Documents\PowerShell\Modules\Pester\5.7.1\Pester.psm1:2024
at &lt;ScriptBlock&gt;, C:\Users\alexa\OneDrive\Documents\PowerShell\Modules\Pester\5.7.1\Pester.psm1:1985
at Invoke-ScriptBlock, C:\Users\alexa\OneDrive\Documents\PowerShell\Modules\Pester\5.7.1\Pester.psm1:2160
at Invoke-Block, C:\Users\alexa\OneDrive\Documents\PowerShell\Modules\Pester\5.7.1\Pester.psm1:940
at &lt;ScriptBlock&gt;, C:\Users\alexa\OneDrive\Documents\PowerShell\Modules\Pester\5.7.1\Pester.psm1:893
at &lt;ScriptBlock&gt;, C:\Users\alexa\OneDrive\Documents\PowerShell\Modules\Pester\5.7.1\Pester.psm1:2024
at &lt;ScriptBlock&gt;, C:\Users\alexa\OneDrive\Documents\PowerShell\Modules\Pester\5.7.1\Pester.psm1:1985
at Invoke-ScriptBlock, C:\Users\alexa\OneDrive\Documents\PowerShell\Modules\Pester\5.7.1\Pester.psm1:2160
at Invoke-Block, C:\Users\alexa\OneDrive\Documents\PowerShell\Modules\Pester\5.7.1\Pester.psm1:940
at &lt;ScriptBlock&gt;, C:\Users\alexa\OneDrive\Documents\PowerShell\Modules\Pester\5.7.1\Pester.psm1:1688
at &lt;ScriptBlock&gt;, C:\Users\alexa\OneDrive\Documents\PowerShell\Modules\Pester\5.7.1\Pester.ps1:3
at &lt;ScriptBlock&gt;, C:\Users\alexa\OneDrive\Documents\PowerShell\Modules\Pester\5.7.1\Pester.psm1:3260
at Invoke-InNewScriptScope, C:\Users\alexa\OneDrive\Documents\PowerShell\Modules\Pester\5.7.1\Pester.psm1:3267
at Run-Test, C:\Users\alexa\OneDrive\Documents\PowerShell\Modules\Pester\5.7.1\Pester.psm1:1691
at Invoke-Test, C:\Users\alexa\OneDrive\Documents\PowerShell\Modules\Pester\5.7.1\Pester.psm1:2512
at Invoke-Pester&lt;End&gt;, C:\Users\alexa\OneDrive\Documents\PowerShell\Modules\Pester\5.7.1\Pester.psm1:4960
at &lt;ScriptBlock&gt;, &lt;No file&gt;:1</stack-trace>
                    </failure>
                  </test-case>
                </results>
              </test-suite>
            </results>
          </test-suite>
        </results>
      </test-suite>
      <test-suite type="TestFixture" name="$env:PROJECT_ROOT\tests\unit\scripts\0209_Install-7Zip.Tests.ps1" executed="True" result="Failure" success="False" time="0.2839" asserts="0" description="$env:PROJECT_ROOT\tests\unit\scripts\0209_Install-7Zip.Tests.ps1">
        <results>
          <test-suite type="TestFixture" name="0209_Install-7Zip Tests" executed="True" result="Failure" success="False" time="0.2456" asserts="0" description="0209_Install-7Zip Tests">
            <results>
              <test-suite type="TestFixture" name="0209_Install-7Zip Tests.Module Loading" executed="True" result="Failure" success="False" time="0.1201" asserts="0" description="0209_Install-7Zip Tests.Module Loading">
                <results>
                  <test-case description="should load required modules" name="0209_Install-7Zip Tests.Module Loading.should load required modules" time="0.1175" asserts="0" success="False" result="Failure" executed="True">
                    <failure>
                      <message>RuntimeException: Should operator 'Be' is not registered
CmdletInvocationException: Should operator 'Be' is not registered
CommandNotFoundException: The 'Should' command was found in the module 'Pester', but the module could not be loaded due to the following error: [Should operator 'Be' is not registered]
For more information, run 'Import-Module Pester'.</message>
                      <stack-trace>at &lt;ScriptBlock&gt;, $env:PROJECT_ROOT\tests\unit\scripts\0209_Install-7Zip.Tests.ps1:10
at &lt;ScriptBlock&gt;, C:\Users\alexa\OneDrive\Documents\PowerShell\Modules\Pester\5.7.1\Pester.psm1:2024
at &lt;ScriptBlock&gt;, C:\Users\alexa\OneDrive\Documents\PowerShell\Modules\Pester\5.7.1\Pester.psm1:1985
at Invoke-ScriptBlock, C:\Users\alexa\OneDrive\Documents\PowerShell\Modules\Pester\5.7.1\Pester.psm1:2157
at Invoke-TestItem, C:\Users\alexa\OneDrive\Documents\PowerShell\Modules\Pester\5.7.1\Pester.psm1:1199
at Invoke-Block, C:\Users\alexa\OneDrive\Documents\PowerShell\Modules\Pester\5.7.1\Pester.psm1:835
at &lt;ScriptBlock&gt;, C:\Users\alexa\OneDrive\Documents\PowerShell\Modules\Pester\5.7.1\Pester.psm1:893
at &lt;ScriptBlock&gt;, C:\Users\alexa\OneDrive\Documents\PowerShell\Modules\Pester\5.7.1\Pester.psm1:2024
at &lt;ScriptBlock&gt;, C:\Users\alexa\OneDrive\Documents\PowerShell\Modules\Pester\5.7.1\Pester.psm1:1985
at Invoke-ScriptBlock, C:\Users\alexa\OneDrive\Documents\PowerShell\Modules\Pester\5.7.1\Pester.psm1:2160
at Invoke-Block, C:\Users\alexa\OneDrive\Documents\PowerShell\Modules\Pester\5.7.1\Pester.psm1:940
at &lt;ScriptBlock&gt;, C:\Users\alexa\OneDrive\Documents\PowerShell\Modules\Pester\5.7.1\Pester.psm1:893
at &lt;ScriptBlock&gt;, C:\Users\alexa\OneDrive\Documents\PowerShell\Modules\Pester\5.7.1\Pester.psm1:2024
at &lt;ScriptBlock&gt;, C:\Users\alexa\OneDrive\Documents\PowerShell\Modules\Pester\5.7.1\Pester.psm1:1985
at Invoke-ScriptBlock, C:\Users\alexa\OneDrive\Documents\PowerShell\Modules\Pester\5.7.1\Pester.psm1:2160
at Invoke-Block, C:\Users\alexa\OneDrive\Documents\PowerShell\Modules\Pester\5.7.1\Pester.psm1:940
at &lt;ScriptBlock&gt;, C:\Users\alexa\OneDrive\Documents\PowerShell\Modules\Pester\5.7.1\Pester.psm1:893
at &lt;ScriptBlock&gt;, C:\Users\alexa\OneDrive\Documents\PowerShell\Modules\Pester\5.7.1\Pester.psm1:2024
at &lt;ScriptBlock&gt;, C:\Users\alexa\OneDrive\Documents\PowerShell\Modules\Pester\5.7.1\Pester.psm1:1985
at Invoke-ScriptBlock, C:\Users\alexa\OneDrive\Documents\PowerShell\Modules\Pester\5.7.1\Pester.psm1:2160
at Invoke-Block, C:\Users\alexa\OneDrive\Documents\PowerShell\Modules\Pester\5.7.1\Pester.psm1:940
at &lt;ScriptBlock&gt;, C:\Users\alexa\OneDrive\Documents\PowerShell\Modules\Pester\5.7.1\Pester.psm1:1688
at &lt;ScriptBlock&gt;, C:\Users\alexa\OneDrive\Documents\PowerShell\Modules\Pester\5.7.1\Pester.ps1:3
at &lt;ScriptBlock&gt;, C:\Users\alexa\OneDrive\Documents\PowerShell\Modules\Pester\5.7.1\Pester.psm1:3260
at Invoke-InNewScriptScope, C:\Users\alexa\OneDrive\Documents\PowerShell\Modules\Pester\5.7.1\Pester.psm1:3267
at Run-Test, C:\Users\alexa\OneDrive\Documents\PowerShell\Modules\Pester\5.7.1\Pester.psm1:1691
at Invoke-Test, C:\Users\alexa\OneDrive\Documents\PowerShell\Modules\Pester\5.7.1\Pester.psm1:2512
at Invoke-Pester&lt;End&gt;, C:\Users\alexa\OneDrive\Documents\PowerShell\Modules\Pester\5.7.1\Pester.psm1:4960
at &lt;ScriptBlock&gt;, &lt;No file&gt;:1</stack-trace>
                    </failure>
                  </test-case>
                </results>
              </test-suite>
              <test-suite type="TestFixture" name="0209_Install-7Zip Tests.Functionality Tests" executed="True" result="Failure" success="False" time="0.2319" asserts="0" description="0209_Install-7Zip Tests.Functionality Tests">
                <results>
                  <test-case description="should execute without errors" name="0209_Install-7Zip Tests.Functionality Tests.should execute without errors" time="0.1093" asserts="0" success="False" result="Failure" executed="True">
                    <failure>
                      <message>RuntimeException: Should operator 'Be' is not registered
CmdletInvocationException: Should operator 'Be' is not registered
CommandNotFoundException: The 'Should' command was found in the module 'Pester', but the module could not be loaded due to the following error: [Should operator 'Be' is not registered]
For more information, run 'Import-Module Pester'.</message>
                      <stack-trace>at &lt;ScriptBlock&gt;, $env:PROJECT_ROOT\tests\unit\scripts\0209_Install-7Zip.Tests.ps1:17
at &lt;ScriptBlock&gt;, C:\Users\alexa\OneDrive\Documents\PowerShell\Modules\Pester\5.7.1\Pester.psm1:2024
at &lt;ScriptBlock&gt;, C:\Users\alexa\OneDrive\Documents\PowerShell\Modules\Pester\5.7.1\Pester.psm1:1985
at Invoke-ScriptBlock, C:\Users\alexa\OneDrive\Documents\PowerShell\Modules\Pester\5.7.1\Pester.psm1:2157
at Invoke-TestItem, C:\Users\alexa\OneDrive\Documents\PowerShell\Modules\Pester\5.7.1\Pester.psm1:1199
at Invoke-Block, C:\Users\alexa\OneDrive\Documents\PowerShell\Modules\Pester\5.7.1\Pester.psm1:835
at &lt;ScriptBlock&gt;, C:\Users\alexa\OneDrive\Documents\PowerShell\Modules\Pester\5.7.1\Pester.psm1:893
at &lt;ScriptBlock&gt;, C:\Users\alexa\OneDrive\Documents\PowerShell\Modules\Pester\5.7.1\Pester.psm1:2024
at &lt;ScriptBlock&gt;, C:\Users\alexa\OneDrive\Documents\PowerShell\Modules\Pester\5.7.1\Pester.psm1:1985
at Invoke-ScriptBlock, C:\Users\alexa\OneDrive\Documents\PowerShell\Modules\Pester\5.7.1\Pester.psm1:2160
at Invoke-Block, C:\Users\alexa\OneDrive\Documents\PowerShell\Modules\Pester\5.7.1\Pester.psm1:940
at &lt;ScriptBlock&gt;, C:\Users\alexa\OneDrive\Documents\PowerShell\Modules\Pester\5.7.1\Pester.psm1:893
at &lt;ScriptBlock&gt;, C:\Users\alexa\OneDrive\Documents\PowerShell\Modules\Pester\5.7.1\Pester.psm1:2024
at &lt;ScriptBlock&gt;, C:\Users\alexa\OneDrive\Documents\PowerShell\Modules\Pester\5.7.1\Pester.psm1:1985
at Invoke-ScriptBlock, C:\Users\alexa\OneDrive\Documents\PowerShell\Modules\Pester\5.7.1\Pester.psm1:2160
at Invoke-Block, C:\Users\alexa\OneDrive\Documents\PowerShell\Modules\Pester\5.7.1\Pester.psm1:940
at &lt;ScriptBlock&gt;, C:\Users\alexa\OneDrive\Documents\PowerShell\Modules\Pester\5.7.1\Pester.psm1:893
at &lt;ScriptBlock&gt;, C:\Users\alexa\OneDrive\Documents\PowerShell\Modules\Pester\5.7.1\Pester.psm1:2024
at &lt;ScriptBlock&gt;, C:\Users\alexa\OneDrive\Documents\PowerShell\Modules\Pester\5.7.1\Pester.psm1:1985
at Invoke-ScriptBlock, C:\Users\alexa\OneDrive\Documents\PowerShell\Modules\Pester\5.7.1\Pester.psm1:2160
at Invoke-Block, C:\Users\alexa\OneDrive\Documents\PowerShell\Modules\Pester\5.7.1\Pester.psm1:940
at &lt;ScriptBlock&gt;, C:\Users\alexa\OneDrive\Documents\PowerShell\Modules\Pester\5.7.1\Pester.psm1:1688
at &lt;ScriptBlock&gt;, C:\Users\alexa\OneDrive\Documents\PowerShell\Modules\Pester\5.7.1\Pester.ps1:3
at &lt;ScriptBlock&gt;, C:\Users\alexa\OneDrive\Documents\PowerShell\Modules\Pester\5.7.1\Pester.psm1:3260
at Invoke-InNewScriptScope, C:\Users\alexa\OneDrive\Documents\PowerShell\Modules\Pester\5.7.1\Pester.psm1:3267
at Run-Test, C:\Users\alexa\OneDrive\Documents\PowerShell\Modules\Pester\5.7.1\Pester.psm1:1691
at Invoke-Test, C:\Users\alexa\OneDrive\Documents\PowerShell\Modules\Pester\5.7.1\Pester.psm1:2512
at Invoke-Pester&lt;End&gt;, C:\Users\alexa\OneDrive\Documents\PowerShell\Modules\Pester\5.7.1\Pester.psm1:4960
at &lt;ScriptBlock&gt;, &lt;No file&gt;:1</stack-trace>
                    </failure>
                  </test-case>
                </results>
              </test-suite>
            </results>
          </test-suite>
        </results>
      </test-suite>
      <test-suite type="TestFixture" name="$env:PROJECT_ROOT\tests\unit\scripts\0210_Install-VSCode.Tests.ps1" executed="True" result="Failure" success="False" time="0.2777" asserts="0" description="$env:PROJECT_ROOT\tests\unit\scripts\0210_Install-VSCode.Tests.ps1">
        <results>
          <test-suite type="TestFixture" name="0210_Install-VSCode Tests" executed="True" result="Failure" success="False" time="0.2429" asserts="0" description="0210_Install-VSCode Tests">
            <results>
              <test-suite type="TestFixture" name="0210_Install-VSCode Tests.Module Loading" executed="True" result="Failure" success="False" time="0.1166" asserts="0" description="0210_Install-VSCode Tests.Module Loading">
                <results>
                  <test-case description="should load required modules" name="0210_Install-VSCode Tests.Module Loading.should load required modules" time="0.1086" asserts="0" success="False" result="Failure" executed="True">
                    <failure>
                      <message>RuntimeException: Should operator 'Be' is not registered
CmdletInvocationException: Should operator 'Be' is not registered
CommandNotFoundException: The 'Should' command was found in the module 'Pester', but the module could not be loaded due to the following error: [Should operator 'Be' is not registered]
For more information, run 'Import-Module Pester'.</message>
                      <stack-trace>at &lt;ScriptBlock&gt;, $env:PROJECT_ROOT\tests\unit\scripts\0210_Install-VSCode.Tests.ps1:10
at &lt;ScriptBlock&gt;, C:\Users\alexa\OneDrive\Documents\PowerShell\Modules\Pester\5.7.1\Pester.psm1:2024
at &lt;ScriptBlock&gt;, C:\Users\alexa\OneDrive\Documents\PowerShell\Modules\Pester\5.7.1\Pester.psm1:1985
at Invoke-ScriptBlock, C:\Users\alexa\OneDrive\Documents\PowerShell\Modules\Pester\5.7.1\Pester.psm1:2157
at Invoke-TestItem, C:\Users\alexa\OneDrive\Documents\PowerShell\Modules\Pester\5.7.1\Pester.psm1:1199
at Invoke-Block, C:\Users\alexa\OneDrive\Documents\PowerShell\Modules\Pester\5.7.1\Pester.psm1:835
at &lt;ScriptBlock&gt;, C:\Users\alexa\OneDrive\Documents\PowerShell\Modules\Pester\5.7.1\Pester.psm1:893
at &lt;ScriptBlock&gt;, C:\Users\alexa\OneDrive\Documents\PowerShell\Modules\Pester\5.7.1\Pester.psm1:2024
at &lt;ScriptBlock&gt;, C:\Users\alexa\OneDrive\Documents\PowerShell\Modules\Pester\5.7.1\Pester.psm1:1985
at Invoke-ScriptBlock, C:\Users\alexa\OneDrive\Documents\PowerShell\Modules\Pester\5.7.1\Pester.psm1:2160
at Invoke-Block, C:\Users\alexa\OneDrive\Documents\PowerShell\Modules\Pester\5.7.1\Pester.psm1:940
at &lt;ScriptBlock&gt;, C:\Users\alexa\OneDrive\Documents\PowerShell\Modules\Pester\5.7.1\Pester.psm1:893
at &lt;ScriptBlock&gt;, C:\Users\alexa\OneDrive\Documents\PowerShell\Modules\Pester\5.7.1\Pester.psm1:2024
at &lt;ScriptBlock&gt;, C:\Users\alexa\OneDrive\Documents\PowerShell\Modules\Pester\5.7.1\Pester.psm1:1985
at Invoke-ScriptBlock, C:\Users\alexa\OneDrive\Documents\PowerShell\Modules\Pester\5.7.1\Pester.psm1:2160
at Invoke-Block, C:\Users\alexa\OneDrive\Documents\PowerShell\Modules\Pester\5.7.1\Pester.psm1:940
at &lt;ScriptBlock&gt;, C:\Users\alexa\OneDrive\Documents\PowerShell\Modules\Pester\5.7.1\Pester.psm1:893
at &lt;ScriptBlock&gt;, C:\Users\alexa\OneDrive\Documents\PowerShell\Modules\Pester\5.7.1\Pester.psm1:2024
at &lt;ScriptBlock&gt;, C:\Users\alexa\OneDrive\Documents\PowerShell\Modules\Pester\5.7.1\Pester.psm1:1985
at Invoke-ScriptBlock, C:\Users\alexa\OneDrive\Documents\PowerShell\Modules\Pester\5.7.1\Pester.psm1:2160
at Invoke-Block, C:\Users\alexa\OneDrive\Documents\PowerShell\Modules\Pester\5.7.1\Pester.psm1:940
at &lt;ScriptBlock&gt;, C:\Users\alexa\OneDrive\Documents\PowerShell\Modules\Pester\5.7.1\Pester.psm1:1688
at &lt;ScriptBlock&gt;, C:\Users\alexa\OneDrive\Documents\PowerShell\Modules\Pester\5.7.1\Pester.ps1:3
at &lt;ScriptBlock&gt;, C:\Users\alexa\OneDrive\Documents\PowerShell\Modules\Pester\5.7.1\Pester.psm1:3260
at Invoke-InNewScriptScope, C:\Users\alexa\OneDrive\Documents\PowerShell\Modules\Pester\5.7.1\Pester.psm1:3267
at Run-Test, C:\Users\alexa\OneDrive\Documents\PowerShell\Modules\Pester\5.7.1\Pester.psm1:1691
at Invoke-Test, C:\Users\alexa\OneDrive\Documents\PowerShell\Modules\Pester\5.7.1\Pester.psm1:2512
at Invoke-Pester&lt;End&gt;, C:\Users\alexa\OneDrive\Documents\PowerShell\Modules\Pester\5.7.1\Pester.psm1:4960
at &lt;ScriptBlock&gt;, &lt;No file&gt;:1</stack-trace>
                    </failure>
                  </test-case>
                </results>
              </test-suite>
              <test-suite type="TestFixture" name="0210_Install-VSCode Tests.Functionality Tests" executed="True" result="Failure" success="False" time="0.2287" asserts="0" description="0210_Install-VSCode Tests.Functionality Tests">
                <results>
                  <test-case description="should execute without errors" name="0210_Install-VSCode Tests.Functionality Tests.should execute without errors" time="0.1095" asserts="0" success="False" result="Failure" executed="True">
                    <failure>
                      <message>RuntimeException: Should operator 'Be' is not registered
CmdletInvocationException: Should operator 'Be' is not registered
CommandNotFoundException: The 'Should' command was found in the module 'Pester', but the module could not be loaded due to the following error: [Should operator 'Be' is not registered]
For more information, run 'Import-Module Pester'.</message>
                      <stack-trace>at &lt;ScriptBlock&gt;, $env:PROJECT_ROOT\tests\unit\scripts\0210_Install-VSCode.Tests.ps1:17
at &lt;ScriptBlock&gt;, C:\Users\alexa\OneDrive\Documents\PowerShell\Modules\Pester\5.7.1\Pester.psm1:2024
at &lt;ScriptBlock&gt;, C:\Users\alexa\OneDrive\Documents\PowerShell\Modules\Pester\5.7.1\Pester.psm1:1985
at Invoke-ScriptBlock, C:\Users\alexa\OneDrive\Documents\PowerShell\Modules\Pester\5.7.1\Pester.psm1:2157
at Invoke-TestItem, C:\Users\alexa\OneDrive\Documents\PowerShell\Modules\Pester\5.7.1\Pester.psm1:1199
at Invoke-Block, C:\Users\alexa\OneDrive\Documents\PowerShell\Modules\Pester\5.7.1\Pester.psm1:835
at &lt;ScriptBlock&gt;, C:\Users\alexa\OneDrive\Documents\PowerShell\Modules\Pester\5.7.1\Pester.psm1:893
at &lt;ScriptBlock&gt;, C:\Users\alexa\OneDrive\Documents\PowerShell\Modules\Pester\5.7.1\Pester.psm1:2024
at &lt;ScriptBlock&gt;, C:\Users\alexa\OneDrive\Documents\PowerShell\Modules\Pester\5.7.1\Pester.psm1:1985
at Invoke-ScriptBlock, C:\Users\alexa\OneDrive\Documents\PowerShell\Modules\Pester\5.7.1\Pester.psm1:2160
at Invoke-Block, C:\Users\alexa\OneDrive\Documents\PowerShell\Modules\Pester\5.7.1\Pester.psm1:940
at &lt;ScriptBlock&gt;, C:\Users\alexa\OneDrive\Documents\PowerShell\Modules\Pester\5.7.1\Pester.psm1:893
at &lt;ScriptBlock&gt;, C:\Users\alexa\OneDrive\Documents\PowerShell\Modules\Pester\5.7.1\Pester.psm1:2024
at &lt;ScriptBlock&gt;, C:\Users\alexa\OneDrive\Documents\PowerShell\Modules\Pester\5.7.1\Pester.psm1:1985
at Invoke-ScriptBlock, C:\Users\alexa\OneDrive\Documents\PowerShell\Modules\Pester\5.7.1\Pester.psm1:2160
at Invoke-Block, C:\Users\alexa\OneDrive\Documents\PowerShell\Modules\Pester\5.7.1\Pester.psm1:940
at &lt;ScriptBlock&gt;, C:\Users\alexa\OneDrive\Documents\PowerShell\Modules\Pester\5.7.1\Pester.psm1:893
at &lt;ScriptBlock&gt;, C:\Users\alexa\OneDrive\Documents\PowerShell\Modules\Pester\5.7.1\Pester.psm1:2024
at &lt;ScriptBlock&gt;, C:\Users\alexa\OneDrive\Documents\PowerShell\Modules\Pester\5.7.1\Pester.psm1:1985
at Invoke-ScriptBlock, C:\Users\alexa\OneDrive\Documents\PowerShell\Modules\Pester\5.7.1\Pester.psm1:2160
at Invoke-Block, C:\Users\alexa\OneDrive\Documents\PowerShell\Modules\Pester\5.7.1\Pester.psm1:940
at &lt;ScriptBlock&gt;, C:\Users\alexa\OneDrive\Documents\PowerShell\Modules\Pester\5.7.1\Pester.psm1:1688
at &lt;ScriptBlock&gt;, C:\Users\alexa\OneDrive\Documents\PowerShell\Modules\Pester\5.7.1\Pester.ps1:3
at &lt;ScriptBlock&gt;, C:\Users\alexa\OneDrive\Documents\PowerShell\Modules\Pester\5.7.1\Pester.psm1:3260
at Invoke-InNewScriptScope, C:\Users\alexa\OneDrive\Documents\PowerShell\Modules\Pester\5.7.1\Pester.psm1:3267
at Run-Test, C:\Users\alexa\OneDrive\Documents\PowerShell\Modules\Pester\5.7.1\Pester.psm1:1691
at Invoke-Test, C:\Users\alexa\OneDrive\Documents\PowerShell\Modules\Pester\5.7.1\Pester.psm1:2512
at Invoke-Pester&lt;End&gt;, C:\Users\alexa\OneDrive\Documents\PowerShell\Modules\Pester\5.7.1\Pester.psm1:4960
at &lt;ScriptBlock&gt;, &lt;No file&gt;:1</stack-trace>
                    </failure>
                  </test-case>
                </results>
              </test-suite>
            </results>
          </test-suite>
        </results>
      </test-suite>
      <test-suite type="TestFixture" name="$env:PROJECT_ROOT\tests\unit\scripts\0211_Install-VSBuildTools.Tests.ps1" executed="True" result="Failure" success="False" time="0.2781" asserts="0" description="$env:PROJECT_ROOT\tests\unit\scripts\0211_Install-VSBuildTools.Tests.ps1">
        <results>
          <test-suite type="TestFixture" name="0211_Install-VSBuildTools Tests" executed="True" result="Failure" success="False" time="0.2432" asserts="0" description="0211_Install-VSBuildTools Tests">
            <results>
              <test-suite type="TestFixture" name="0211_Install-VSBuildTools Tests.Module Loading" executed="True" result="Failure" success="False" time="0.111" asserts="0" description="0211_Install-VSBuildTools Tests.Module Loading">
                <results>
                  <test-case description="should load required modules" name="0211_Install-VSBuildTools Tests.Module Loading.should load required modules" time="0.1085" asserts="0" success="False" result="Failure" executed="True">
                    <failure>
                      <message>RuntimeException: Should operator 'Be' is not registered
CmdletInvocationException: Should operator 'Be' is not registered
CommandNotFoundException: The 'Should' command was found in the module 'Pester', but the module could not be loaded due to the following error: [Should operator 'Be' is not registered]
For more information, run 'Import-Module Pester'.</message>
                      <stack-trace>at &lt;ScriptBlock&gt;, $env:PROJECT_ROOT\tests\unit\scripts\0211_Install-VSBuildTools.Tests.ps1:10
at &lt;ScriptBlock&gt;, C:\Users\alexa\OneDrive\Documents\PowerShell\Modules\Pester\5.7.1\Pester.psm1:2024
at &lt;ScriptBlock&gt;, C:\Users\alexa\OneDrive\Documents\PowerShell\Modules\Pester\5.7.1\Pester.psm1:1985
at Invoke-ScriptBlock, C:\Users\alexa\OneDrive\Documents\PowerShell\Modules\Pester\5.7.1\Pester.psm1:2157
at Invoke-TestItem, C:\Users\alexa\OneDrive\Documents\PowerShell\Modules\Pester\5.7.1\Pester.psm1:1199
at Invoke-Block, C:\Users\alexa\OneDrive\Documents\PowerShell\Modules\Pester\5.7.1\Pester.psm1:835
at &lt;ScriptBlock&gt;, C:\Users\alexa\OneDrive\Documents\PowerShell\Modules\Pester\5.7.1\Pester.psm1:893
at &lt;ScriptBlock&gt;, C:\Users\alexa\OneDrive\Documents\PowerShell\Modules\Pester\5.7.1\Pester.psm1:2024
at &lt;ScriptBlock&gt;, C:\Users\alexa\OneDrive\Documents\PowerShell\Modules\Pester\5.7.1\Pester.psm1:1985
at Invoke-ScriptBlock, C:\Users\alexa\OneDrive\Documents\PowerShell\Modules\Pester\5.7.1\Pester.psm1:2160
at Invoke-Block, C:\Users\alexa\OneDrive\Documents\PowerShell\Modules\Pester\5.7.1\Pester.psm1:940
at &lt;ScriptBlock&gt;, C:\Users\alexa\OneDrive\Documents\PowerShell\Modules\Pester\5.7.1\Pester.psm1:893
at &lt;ScriptBlock&gt;, C:\Users\alexa\OneDrive\Documents\PowerShell\Modules\Pester\5.7.1\Pester.psm1:2024
at &lt;ScriptBlock&gt;, C:\Users\alexa\OneDrive\Documents\PowerShell\Modules\Pester\5.7.1\Pester.psm1:1985
at Invoke-ScriptBlock, C:\Users\alexa\OneDrive\Documents\PowerShell\Modules\Pester\5.7.1\Pester.psm1:2160
at Invoke-Block, C:\Users\alexa\OneDrive\Documents\PowerShell\Modules\Pester\5.7.1\Pester.psm1:940
at &lt;ScriptBlock&gt;, C:\Users\alexa\OneDrive\Documents\PowerShell\Modules\Pester\5.7.1\Pester.psm1:893
at &lt;ScriptBlock&gt;, C:\Users\alexa\OneDrive\Documents\PowerShell\Modules\Pester\5.7.1\Pester.psm1:2024
at &lt;ScriptBlock&gt;, C:\Users\alexa\OneDrive\Documents\PowerShell\Modules\Pester\5.7.1\Pester.psm1:1985
at Invoke-ScriptBlock, C:\Users\alexa\OneDrive\Documents\PowerShell\Modules\Pester\5.7.1\Pester.psm1:2160
at Invoke-Block, C:\Users\alexa\OneDrive\Documents\PowerShell\Modules\Pester\5.7.1\Pester.psm1:940
at &lt;ScriptBlock&gt;, C:\Users\alexa\OneDrive\Documents\PowerShell\Modules\Pester\5.7.1\Pester.psm1:1688
at &lt;ScriptBlock&gt;, C:\Users\alexa\OneDrive\Documents\PowerShell\Modules\Pester\5.7.1\Pester.ps1:3
at &lt;ScriptBlock&gt;, C:\Users\alexa\OneDrive\Documents\PowerShell\Modules\Pester\5.7.1\Pester.psm1:3260
at Invoke-InNewScriptScope, C:\Users\alexa\OneDrive\Documents\PowerShell\Modules\Pester\5.7.1\Pester.psm1:3267
at Run-Test, C:\Users\alexa\OneDrive\Documents\PowerShell\Modules\Pester\5.7.1\Pester.psm1:1691
at Invoke-Test, C:\Users\alexa\OneDrive\Documents\PowerShell\Modules\Pester\5.7.1\Pester.psm1:2512
at Invoke-Pester&lt;End&gt;, C:\Users\alexa\OneDrive\Documents\PowerShell\Modules\Pester\5.7.1\Pester.psm1:4960
at &lt;ScriptBlock&gt;, &lt;No file&gt;:1</stack-trace>
                    </failure>
                  </test-case>
                </results>
              </test-suite>
              <test-suite type="TestFixture" name="0211_Install-VSBuildTools Tests.Functionality Tests" executed="True" result="Failure" success="False" time="0.228" asserts="0" description="0211_Install-VSBuildTools Tests.Functionality Tests">
                <results>
                  <test-case description="should execute without errors" name="0211_Install-VSBuildTools Tests.Functionality Tests.should execute without errors" time="0.1145" asserts="0" success="False" result="Failure" executed="True">
                    <failure>
                      <message>RuntimeException: Should operator 'Be' is not registered
CmdletInvocationException: Should operator 'Be' is not registered
CommandNotFoundException: The 'Should' command was found in the module 'Pester', but the module could not be loaded due to the following error: [Should operator 'Be' is not registered]
For more information, run 'Import-Module Pester'.</message>
                      <stack-trace>at &lt;ScriptBlock&gt;, $env:PROJECT_ROOT\tests\unit\scripts\0211_Install-VSBuildTools.Tests.ps1:17
at &lt;ScriptBlock&gt;, C:\Users\alexa\OneDrive\Documents\PowerShell\Modules\Pester\5.7.1\Pester.psm1:2024
at &lt;ScriptBlock&gt;, C:\Users\alexa\OneDrive\Documents\PowerShell\Modules\Pester\5.7.1\Pester.psm1:1985
at Invoke-ScriptBlock, C:\Users\alexa\OneDrive\Documents\PowerShell\Modules\Pester\5.7.1\Pester.psm1:2157
at Invoke-TestItem, C:\Users\alexa\OneDrive\Documents\PowerShell\Modules\Pester\5.7.1\Pester.psm1:1199
at Invoke-Block, C:\Users\alexa\OneDrive\Documents\PowerShell\Modules\Pester\5.7.1\Pester.psm1:835
at &lt;ScriptBlock&gt;, C:\Users\alexa\OneDrive\Documents\PowerShell\Modules\Pester\5.7.1\Pester.psm1:893
at &lt;ScriptBlock&gt;, C:\Users\alexa\OneDrive\Documents\PowerShell\Modules\Pester\5.7.1\Pester.psm1:2024
at &lt;ScriptBlock&gt;, C:\Users\alexa\OneDrive\Documents\PowerShell\Modules\Pester\5.7.1\Pester.psm1:1985
at Invoke-ScriptBlock, C:\Users\alexa\OneDrive\Documents\PowerShell\Modules\Pester\5.7.1\Pester.psm1:2160
at Invoke-Block, C:\Users\alexa\OneDrive\Documents\PowerShell\Modules\Pester\5.7.1\Pester.psm1:940
at &lt;ScriptBlock&gt;, C:\Users\alexa\OneDrive\Documents\PowerShell\Modules\Pester\5.7.1\Pester.psm1:893
at &lt;ScriptBlock&gt;, C:\Users\alexa\OneDrive\Documents\PowerShell\Modules\Pester\5.7.1\Pester.psm1:2024
at &lt;ScriptBlock&gt;, C:\Users\alexa\OneDrive\Documents\PowerShell\Modules\Pester\5.7.1\Pester.psm1:1985
at Invoke-ScriptBlock, C:\Users\alexa\OneDrive\Documents\PowerShell\Modules\Pester\5.7.1\Pester.psm1:2160
at Invoke-Block, C:\Users\alexa\OneDrive\Documents\PowerShell\Modules\Pester\5.7.1\Pester.psm1:940
at &lt;ScriptBlock&gt;, C:\Users\alexa\OneDrive\Documents\PowerShell\Modules\Pester\5.7.1\Pester.psm1:893
at &lt;ScriptBlock&gt;, C:\Users\alexa\OneDrive\Documents\PowerShell\Modules\Pester\5.7.1\Pester.psm1:2024
at &lt;ScriptBlock&gt;, C:\Users\alexa\OneDrive\Documents\PowerShell\Modules\Pester\5.7.1\Pester.psm1:1985
at Invoke-ScriptBlock, C:\Users\alexa\OneDrive\Documents\PowerShell\Modules\Pester\5.7.1\Pester.psm1:2160
at Invoke-Block, C:\Users\alexa\OneDrive\Documents\PowerShell\Modules\Pester\5.7.1\Pester.psm1:940
at &lt;ScriptBlock&gt;, C:\Users\alexa\OneDrive\Documents\PowerShell\Modules\Pester\5.7.1\Pester.psm1:1688
at &lt;ScriptBlock&gt;, C:\Users\alexa\OneDrive\Documents\PowerShell\Modules\Pester\5.7.1\Pester.ps1:3
at &lt;ScriptBlock&gt;, C:\Users\alexa\OneDrive\Documents\PowerShell\Modules\Pester\5.7.1\Pester.psm1:3260
at Invoke-InNewScriptScope, C:\Users\alexa\OneDrive\Documents\PowerShell\Modules\Pester\5.7.1\Pester.psm1:3267
at Run-Test, C:\Users\alexa\OneDrive\Documents\PowerShell\Modules\Pester\5.7.1\Pester.psm1:1691
at Invoke-Test, C:\Users\alexa\OneDrive\Documents\PowerShell\Modules\Pester\5.7.1\Pester.psm1:2512
at Invoke-Pester&lt;End&gt;, C:\Users\alexa\OneDrive\Documents\PowerShell\Modules\Pester\5.7.1\Pester.psm1:4960
at &lt;ScriptBlock&gt;, &lt;No file&gt;:1</stack-trace>
                    </failure>
                  </test-case>
                </results>
              </test-suite>
            </results>
          </test-suite>
        </results>
      </test-suite>
      <test-suite type="TestFixture" name="$env:PROJECT_ROOT\tests\unit\scripts\0212_Install-AzureCLI.Tests.ps1" executed="True" result="Failure" success="False" time="0.2867" asserts="0" description="$env:PROJECT_ROOT\tests\unit\scripts\0212_Install-AzureCLI.Tests.ps1">
        <results>
          <test-suite type="TestFixture" name="0212_Install-AzureCLI Tests" executed="True" result="Failure" success="False" time="0.2515" asserts="0" description="0212_Install-AzureCLI Tests">
            <results>
              <test-suite type="TestFixture" name="0212_Install-AzureCLI Tests.Module Loading" executed="True" result="Failure" success="False" time="0.1121" asserts="0" description="0212_Install-AzureCLI Tests.Module Loading">
                <results>
                  <test-case description="should load required modules" name="0212_Install-AzureCLI Tests.Module Loading.should load required modules" time="0.1095" asserts="0" success="False" result="Failure" executed="True">
                    <failure>
                      <message>RuntimeException: Should operator 'Be' is not registered
CmdletInvocationException: Should operator 'Be' is not registered
CommandNotFoundException: The 'Should' command was found in the module 'Pester', but the module could not be loaded due to the following error: [Should operator 'Be' is not registered]
For more information, run 'Import-Module Pester'.</message>
                      <stack-trace>at &lt;ScriptBlock&gt;, $env:PROJECT_ROOT\tests\unit\scripts\0212_Install-AzureCLI.Tests.ps1:10
at &lt;ScriptBlock&gt;, C:\Users\alexa\OneDrive\Documents\PowerShell\Modules\Pester\5.7.1\Pester.psm1:2024
at &lt;ScriptBlock&gt;, C:\Users\alexa\OneDrive\Documents\PowerShell\Modules\Pester\5.7.1\Pester.psm1:1985
at Invoke-ScriptBlock, C:\Users\alexa\OneDrive\Documents\PowerShell\Modules\Pester\5.7.1\Pester.psm1:2157
at Invoke-TestItem, C:\Users\alexa\OneDrive\Documents\PowerShell\Modules\Pester\5.7.1\Pester.psm1:1199
at Invoke-Block, C:\Users\alexa\OneDrive\Documents\PowerShell\Modules\Pester\5.7.1\Pester.psm1:835
at &lt;ScriptBlock&gt;, C:\Users\alexa\OneDrive\Documents\PowerShell\Modules\Pester\5.7.1\Pester.psm1:893
at &lt;ScriptBlock&gt;, C:\Users\alexa\OneDrive\Documents\PowerShell\Modules\Pester\5.7.1\Pester.psm1:2024
at &lt;ScriptBlock&gt;, C:\Users\alexa\OneDrive\Documents\PowerShell\Modules\Pester\5.7.1\Pester.psm1:1985
at Invoke-ScriptBlock, C:\Users\alexa\OneDrive\Documents\PowerShell\Modules\Pester\5.7.1\Pester.psm1:2160
at Invoke-Block, C:\Users\alexa\OneDrive\Documents\PowerShell\Modules\Pester\5.7.1\Pester.psm1:940
at &lt;ScriptBlock&gt;, C:\Users\alexa\OneDrive\Documents\PowerShell\Modules\Pester\5.7.1\Pester.psm1:893
at &lt;ScriptBlock&gt;, C:\Users\alexa\OneDrive\Documents\PowerShell\Modules\Pester\5.7.1\Pester.psm1:2024
at &lt;ScriptBlock&gt;, C:\Users\alexa\OneDrive\Documents\PowerShell\Modules\Pester\5.7.1\Pester.psm1:1985
at Invoke-ScriptBlock, C:\Users\alexa\OneDrive\Documents\PowerShell\Modules\Pester\5.7.1\Pester.psm1:2160
at Invoke-Block, C:\Users\alexa\OneDrive\Documents\PowerShell\Modules\Pester\5.7.1\Pester.psm1:940
at &lt;ScriptBlock&gt;, C:\Users\alexa\OneDrive\Documents\PowerShell\Modules\Pester\5.7.1\Pester.psm1:893
at &lt;ScriptBlock&gt;, C:\Users\alexa\OneDrive\Documents\PowerShell\Modules\Pester\5.7.1\Pester.psm1:2024
at &lt;ScriptBlock&gt;, C:\Users\alexa\OneDrive\Documents\PowerShell\Modules\Pester\5.7.1\Pester.psm1:1985
at Invoke-ScriptBlock, C:\Users\alexa\OneDrive\Documents\PowerShell\Modules\Pester\5.7.1\Pester.psm1:2160
at Invoke-Block, C:\Users\alexa\OneDrive\Documents\PowerShell\Modules\Pester\5.7.1\Pester.psm1:940
at &lt;ScriptBlock&gt;, C:\Users\alexa\OneDrive\Documents\PowerShell\Modules\Pester\5.7.1\Pester.psm1:1688
at &lt;ScriptBlock&gt;, C:\Users\alexa\OneDrive\Documents\PowerShell\Modules\Pester\5.7.1\Pester.ps1:3
at &lt;ScriptBlock&gt;, C:\Users\alexa\OneDrive\Documents\PowerShell\Modules\Pester\5.7.1\Pester.psm1:3260
at Invoke-InNewScriptScope, C:\Users\alexa\OneDrive\Documents\PowerShell\Modules\Pester\5.7.1\Pester.psm1:3267
at Run-Test, C:\Users\alexa\OneDrive\Documents\PowerShell\Modules\Pester\5.7.1\Pester.psm1:1691
at Invoke-Test, C:\Users\alexa\OneDrive\Documents\PowerShell\Modules\Pester\5.7.1\Pester.psm1:2512
at Invoke-Pester&lt;End&gt;, C:\Users\alexa\OneDrive\Documents\PowerShell\Modules\Pester\5.7.1\Pester.psm1:4960
at &lt;ScriptBlock&gt;, &lt;No file&gt;:1</stack-trace>
                    </failure>
                  </test-case>
                </results>
              </test-suite>
              <test-suite type="TestFixture" name="0212_Install-AzureCLI Tests.Functionality Tests" executed="True" result="Failure" success="False" time="0.2305" asserts="0" description="0212_Install-AzureCLI Tests.Functionality Tests">
                <results>
                  <test-case description="should execute without errors" name="0212_Install-AzureCLI Tests.Functionality Tests.should execute without errors" time="0.116" asserts="0" success="False" result="Failure" executed="True">
                    <failure>
                      <message>RuntimeException: Should operator 'Be' is not registered
CmdletInvocationException: Should operator 'Be' is not registered
CommandNotFoundException: The 'Should' command was found in the module 'Pester', but the module could not be loaded due to the following error: [Should operator 'Be' is not registered]
For more information, run 'Import-Module Pester'.</message>
                      <stack-trace>at &lt;ScriptBlock&gt;, $env:PROJECT_ROOT\tests\unit\scripts\0212_Install-AzureCLI.Tests.ps1:17
at &lt;ScriptBlock&gt;, C:\Users\alexa\OneDrive\Documents\PowerShell\Modules\Pester\5.7.1\Pester.psm1:2024
at &lt;ScriptBlock&gt;, C:\Users\alexa\OneDrive\Documents\PowerShell\Modules\Pester\5.7.1\Pester.psm1:1985
at Invoke-ScriptBlock, C:\Users\alexa\OneDrive\Documents\PowerShell\Modules\Pester\5.7.1\Pester.psm1:2157
at Invoke-TestItem, C:\Users\alexa\OneDrive\Documents\PowerShell\Modules\Pester\5.7.1\Pester.psm1:1199
at Invoke-Block, C:\Users\alexa\OneDrive\Documents\PowerShell\Modules\Pester\5.7.1\Pester.psm1:835
at &lt;ScriptBlock&gt;, C:\Users\alexa\OneDrive\Documents\PowerShell\Modules\Pester\5.7.1\Pester.psm1:893
at &lt;ScriptBlock&gt;, C:\Users\alexa\OneDrive\Documents\PowerShell\Modules\Pester\5.7.1\Pester.psm1:2024
at &lt;ScriptBlock&gt;, C:\Users\alexa\OneDrive\Documents\PowerShell\Modules\Pester\5.7.1\Pester.psm1:1985
at Invoke-ScriptBlock, C:\Users\alexa\OneDrive\Documents\PowerShell\Modules\Pester\5.7.1\Pester.psm1:2160
at Invoke-Block, C:\Users\alexa\OneDrive\Documents\PowerShell\Modules\Pester\5.7.1\Pester.psm1:940
at &lt;ScriptBlock&gt;, C:\Users\alexa\OneDrive\Documents\PowerShell\Modules\Pester\5.7.1\Pester.psm1:893
at &lt;ScriptBlock&gt;, C:\Users\alexa\OneDrive\Documents\PowerShell\Modules\Pester\5.7.1\Pester.psm1:2024
at &lt;ScriptBlock&gt;, C:\Users\alexa\OneDrive\Documents\PowerShell\Modules\Pester\5.7.1\Pester.psm1:1985
at Invoke-ScriptBlock, C:\Users\alexa\OneDrive\Documents\PowerShell\Modules\Pester\5.7.1\Pester.psm1:2160
at Invoke-Block, C:\Users\alexa\OneDrive\Documents\PowerShell\Modules\Pester\5.7.1\Pester.psm1:940
at &lt;ScriptBlock&gt;, C:\Users\alexa\OneDrive\Documents\PowerShell\Modules\Pester\5.7.1\Pester.psm1:893
at &lt;ScriptBlock&gt;, C:\Users\alexa\OneDrive\Documents\PowerShell\Modules\Pester\5.7.1\Pester.psm1:2024
at &lt;ScriptBlock&gt;, C:\Users\alexa\OneDrive\Documents\PowerShell\Modules\Pester\5.7.1\Pester.psm1:1985
at Invoke-ScriptBlock, C:\Users\alexa\OneDrive\Documents\PowerShell\Modules\Pester\5.7.1\Pester.psm1:2160
at Invoke-Block, C:\Users\alexa\OneDrive\Documents\PowerShell\Modules\Pester\5.7.1\Pester.psm1:940
at &lt;ScriptBlock&gt;, C:\Users\alexa\OneDrive\Documents\PowerShell\Modules\Pester\5.7.1\Pester.psm1:1688
at &lt;ScriptBlock&gt;, C:\Users\alexa\OneDrive\Documents\PowerShell\Modules\Pester\5.7.1\Pester.ps1:3
at &lt;ScriptBlock&gt;, C:\Users\alexa\OneDrive\Documents\PowerShell\Modules\Pester\5.7.1\Pester.psm1:3260
at Invoke-InNewScriptScope, C:\Users\alexa\OneDrive\Documents\PowerShell\Modules\Pester\5.7.1\Pester.psm1:3267
at Run-Test, C:\Users\alexa\OneDrive\Documents\PowerShell\Modules\Pester\5.7.1\Pester.psm1:1691
at Invoke-Test, C:\Users\alexa\OneDrive\Documents\PowerShell\Modules\Pester\5.7.1\Pester.psm1:2512
at Invoke-Pester&lt;End&gt;, C:\Users\alexa\OneDrive\Documents\PowerShell\Modules\Pester\5.7.1\Pester.psm1:4960
at &lt;ScriptBlock&gt;, &lt;No file&gt;:1</stack-trace>
                    </failure>
                  </test-case>
                </results>
              </test-suite>
            </results>
          </test-suite>
        </results>
      </test-suite>
      <test-suite type="TestFixture" name="$env:PROJECT_ROOT\tests\unit\scripts\0213_Install-AWSCLI.Tests.ps1" executed="True" result="Failure" success="False" time="0.3116" asserts="0" description="$env:PROJECT_ROOT\tests\unit\scripts\0213_Install-AWSCLI.Tests.ps1">
        <results>
          <test-suite type="TestFixture" name="0213_Install-AWSCLI Tests" executed="True" result="Failure" success="False" time="0.2762" asserts="0" description="0213_Install-AWSCLI Tests">
            <results>
              <test-suite type="TestFixture" name="0213_Install-AWSCLI Tests.Module Loading" executed="True" result="Failure" success="False" time="0.1415" asserts="0" description="0213_Install-AWSCLI Tests.Module Loading">
                <results>
                  <test-case description="should load required modules" name="0213_Install-AWSCLI Tests.Module Loading.should load required modules" time="0.1387" asserts="0" success="False" result="Failure" executed="True">
                    <failure>
                      <message>RuntimeException: Should operator 'Be' is not registered
CmdletInvocationException: Should operator 'Be' is not registered
CommandNotFoundException: The 'Should' command was found in the module 'Pester', but the module could not be loaded due to the following error: [Should operator 'Be' is not registered]
For more information, run 'Import-Module Pester'.</message>
                      <stack-trace>at &lt;ScriptBlock&gt;, $env:PROJECT_ROOT\tests\unit\scripts\0213_Install-AWSCLI.Tests.ps1:10
at &lt;ScriptBlock&gt;, C:\Users\alexa\OneDrive\Documents\PowerShell\Modules\Pester\5.7.1\Pester.psm1:2024
at &lt;ScriptBlock&gt;, C:\Users\alexa\OneDrive\Documents\PowerShell\Modules\Pester\5.7.1\Pester.psm1:1985
at Invoke-ScriptBlock, C:\Users\alexa\OneDrive\Documents\PowerShell\Modules\Pester\5.7.1\Pester.psm1:2157
at Invoke-TestItem, C:\Users\alexa\OneDrive\Documents\PowerShell\Modules\Pester\5.7.1\Pester.psm1:1199
at Invoke-Block, C:\Users\alexa\OneDrive\Documents\PowerShell\Modules\Pester\5.7.1\Pester.psm1:835
at &lt;ScriptBlock&gt;, C:\Users\alexa\OneDrive\Documents\PowerShell\Modules\Pester\5.7.1\Pester.psm1:893
at &lt;ScriptBlock&gt;, C:\Users\alexa\OneDrive\Documents\PowerShell\Modules\Pester\5.7.1\Pester.psm1:2024
at &lt;ScriptBlock&gt;, C:\Users\alexa\OneDrive\Documents\PowerShell\Modules\Pester\5.7.1\Pester.psm1:1985
at Invoke-ScriptBlock, C:\Users\alexa\OneDrive\Documents\PowerShell\Modules\Pester\5.7.1\Pester.psm1:2160
at Invoke-Block, C:\Users\alexa\OneDrive\Documents\PowerShell\Modules\Pester\5.7.1\Pester.psm1:940
at &lt;ScriptBlock&gt;, C:\Users\alexa\OneDrive\Documents\PowerShell\Modules\Pester\5.7.1\Pester.psm1:893
at &lt;ScriptBlock&gt;, C:\Users\alexa\OneDrive\Documents\PowerShell\Modules\Pester\5.7.1\Pester.psm1:2024
at &lt;ScriptBlock&gt;, C:\Users\alexa\OneDrive\Documents\PowerShell\Modules\Pester\5.7.1\Pester.psm1:1985
at Invoke-ScriptBlock, C:\Users\alexa\OneDrive\Documents\PowerShell\Modules\Pester\5.7.1\Pester.psm1:2160
at Invoke-Block, C:\Users\alexa\OneDrive\Documents\PowerShell\Modules\Pester\5.7.1\Pester.psm1:940
at &lt;ScriptBlock&gt;, C:\Users\alexa\OneDrive\Documents\PowerShell\Modules\Pester\5.7.1\Pester.psm1:893
at &lt;ScriptBlock&gt;, C:\Users\alexa\OneDrive\Documents\PowerShell\Modules\Pester\5.7.1\Pester.psm1:2024
at &lt;ScriptBlock&gt;, C:\Users\alexa\OneDrive\Documents\PowerShell\Modules\Pester\5.7.1\Pester.psm1:1985
at Invoke-ScriptBlock, C:\Users\alexa\OneDrive\Documents\PowerShell\Modules\Pester\5.7.1\Pester.psm1:2160
at Invoke-Block, C:\Users\alexa\OneDrive\Documents\PowerShell\Modules\Pester\5.7.1\Pester.psm1:940
at &lt;ScriptBlock&gt;, C:\Users\alexa\OneDrive\Documents\PowerShell\Modules\Pester\5.7.1\Pester.psm1:1688
at &lt;ScriptBlock&gt;, C:\Users\alexa\OneDrive\Documents\PowerShell\Modules\Pester\5.7.1\Pester.ps1:3
at &lt;ScriptBlock&gt;, C:\Users\alexa\OneDrive\Documents\PowerShell\Modules\Pester\5.7.1\Pester.psm1:3260
at Invoke-InNewScriptScope, C:\Users\alexa\OneDrive\Documents\PowerShell\Modules\Pester\5.7.1\Pester.psm1:3267
at Run-Test, C:\Users\alexa\OneDrive\Documents\PowerShell\Modules\Pester\5.7.1\Pester.psm1:1691
at Invoke-Test, C:\Users\alexa\OneDrive\Documents\PowerShell\Modules\Pester\5.7.1\Pester.psm1:2512
at Invoke-Pester&lt;End&gt;, C:\Users\alexa\OneDrive\Documents\PowerShell\Modules\Pester\5.7.1\Pester.psm1:4960
at &lt;ScriptBlock&gt;, &lt;No file&gt;:1</stack-trace>
                    </failure>
                  </test-case>
                </results>
              </test-suite>
              <test-suite type="TestFixture" name="0213_Install-AWSCLI Tests.Functionality Tests" executed="True" result="Failure" success="False" time="0.2571" asserts="0" description="0213_Install-AWSCLI Tests.Functionality Tests">
                <results>
                  <test-case description="should execute without errors" name="0213_Install-AWSCLI Tests.Functionality Tests.should execute without errors" time="0.113" asserts="0" success="False" result="Failure" executed="True">
                    <failure>
                      <message>RuntimeException: Should operator 'Be' is not registered
CmdletInvocationException: Should operator 'Be' is not registered
CommandNotFoundException: The 'Should' command was found in the module 'Pester', but the module could not be loaded due to the following error: [Should operator 'Be' is not registered]
For more information, run 'Import-Module Pester'.</message>
                      <stack-trace>at &lt;ScriptBlock&gt;, $env:PROJECT_ROOT\tests\unit\scripts\0213_Install-AWSCLI.Tests.ps1:17
at &lt;ScriptBlock&gt;, C:\Users\alexa\OneDrive\Documents\PowerShell\Modules\Pester\5.7.1\Pester.psm1:2024
at &lt;ScriptBlock&gt;, C:\Users\alexa\OneDrive\Documents\PowerShell\Modules\Pester\5.7.1\Pester.psm1:1985
at Invoke-ScriptBlock, C:\Users\alexa\OneDrive\Documents\PowerShell\Modules\Pester\5.7.1\Pester.psm1:2157
at Invoke-TestItem, C:\Users\alexa\OneDrive\Documents\PowerShell\Modules\Pester\5.7.1\Pester.psm1:1199
at Invoke-Block, C:\Users\alexa\OneDrive\Documents\PowerShell\Modules\Pester\5.7.1\Pester.psm1:835
at &lt;ScriptBlock&gt;, C:\Users\alexa\OneDrive\Documents\PowerShell\Modules\Pester\5.7.1\Pester.psm1:893
at &lt;ScriptBlock&gt;, C:\Users\alexa\OneDrive\Documents\PowerShell\Modules\Pester\5.7.1\Pester.psm1:2024
at &lt;ScriptBlock&gt;, C:\Users\alexa\OneDrive\Documents\PowerShell\Modules\Pester\5.7.1\Pester.psm1:1985
at Invoke-ScriptBlock, C:\Users\alexa\OneDrive\Documents\PowerShell\Modules\Pester\5.7.1\Pester.psm1:2160
at Invoke-Block, C:\Users\alexa\OneDrive\Documents\PowerShell\Modules\Pester\5.7.1\Pester.psm1:940
at &lt;ScriptBlock&gt;, C:\Users\alexa\OneDrive\Documents\PowerShell\Modules\Pester\5.7.1\Pester.psm1:893
at &lt;ScriptBlock&gt;, C:\Users\alexa\OneDrive\Documents\PowerShell\Modules\Pester\5.7.1\Pester.psm1:2024
at &lt;ScriptBlock&gt;, C:\Users\alexa\OneDrive\Documents\PowerShell\Modules\Pester\5.7.1\Pester.psm1:1985
at Invoke-ScriptBlock, C:\Users\alexa\OneDrive\Documents\PowerShell\Modules\Pester\5.7.1\Pester.psm1:2160
at Invoke-Block, C:\Users\alexa\OneDrive\Documents\PowerShell\Modules\Pester\5.7.1\Pester.psm1:940
at &lt;ScriptBlock&gt;, C:\Users\alexa\OneDrive\Documents\PowerShell\Modules\Pester\5.7.1\Pester.psm1:893
at &lt;ScriptBlock&gt;, C:\Users\alexa\OneDrive\Documents\PowerShell\Modules\Pester\5.7.1\Pester.psm1:2024
at &lt;ScriptBlock&gt;, C:\Users\alexa\OneDrive\Documents\PowerShell\Modules\Pester\5.7.1\Pester.psm1:1985
at Invoke-ScriptBlock, C:\Users\alexa\OneDrive\Documents\PowerShell\Modules\Pester\5.7.1\Pester.psm1:2160
at Invoke-Block, C:\Users\alexa\OneDrive\Documents\PowerShell\Modules\Pester\5.7.1\Pester.psm1:940
at &lt;ScriptBlock&gt;, C:\Users\alexa\OneDrive\Documents\PowerShell\Modules\Pester\5.7.1\Pester.psm1:1688
at &lt;ScriptBlock&gt;, C:\Users\alexa\OneDrive\Documents\PowerShell\Modules\Pester\5.7.1\Pester.ps1:3
at &lt;ScriptBlock&gt;, C:\Users\alexa\OneDrive\Documents\PowerShell\Modules\Pester\5.7.1\Pester.psm1:3260
at Invoke-InNewScriptScope, C:\Users\alexa\OneDrive\Documents\PowerShell\Modules\Pester\5.7.1\Pester.psm1:3267
at Run-Test, C:\Users\alexa\OneDrive\Documents\PowerShell\Modules\Pester\5.7.1\Pester.psm1:1691
at Invoke-Test, C:\Users\alexa\OneDrive\Documents\PowerShell\Modules\Pester\5.7.1\Pester.psm1:2512
at Invoke-Pester&lt;End&gt;, C:\Users\alexa\OneDrive\Documents\PowerShell\Modules\Pester\5.7.1\Pester.psm1:4960
at &lt;ScriptBlock&gt;, &lt;No file&gt;:1</stack-trace>
                    </failure>
                  </test-case>
                </results>
              </test-suite>
            </results>
          </test-suite>
        </results>
      </test-suite>
      <test-suite type="TestFixture" name="$env:PROJECT_ROOT\tests\unit\scripts\0214_Install-Packer.Tests.ps1" executed="True" result="Failure" success="False" time="0.2897" asserts="0" description="$env:PROJECT_ROOT\tests\unit\scripts\0214_Install-Packer.Tests.ps1">
        <results>
          <test-suite type="TestFixture" name="0214_Install-Packer Tests" executed="True" result="Failure" success="False" time="0.255" asserts="0" description="0214_Install-Packer Tests">
            <results>
              <test-suite type="TestFixture" name="0214_Install-Packer Tests.Module Loading" executed="True" result="Failure" success="False" time="0.1202" asserts="0" description="0214_Install-Packer Tests.Module Loading">
                <results>
                  <test-case description="should load required modules" name="0214_Install-Packer Tests.Module Loading.should load required modules" time="0.1174" asserts="0" success="False" result="Failure" executed="True">
                    <failure>
                      <message>RuntimeException: Should operator 'Be' is not registered
CmdletInvocationException: Should operator 'Be' is not registered
CommandNotFoundException: The 'Should' command was found in the module 'Pester', but the module could not be loaded due to the following error: [Should operator 'Be' is not registered]
For more information, run 'Import-Module Pester'.</message>
                      <stack-trace>at &lt;ScriptBlock&gt;, $env:PROJECT_ROOT\tests\unit\scripts\0214_Install-Packer.Tests.ps1:10
at &lt;ScriptBlock&gt;, C:\Users\alexa\OneDrive\Documents\PowerShell\Modules\Pester\5.7.1\Pester.psm1:2024
at &lt;ScriptBlock&gt;, C:\Users\alexa\OneDrive\Documents\PowerShell\Modules\Pester\5.7.1\Pester.psm1:1985
at Invoke-ScriptBlock, C:\Users\alexa\OneDrive\Documents\PowerShell\Modules\Pester\5.7.1\Pester.psm1:2157
at Invoke-TestItem, C:\Users\alexa\OneDrive\Documents\PowerShell\Modules\Pester\5.7.1\Pester.psm1:1199
at Invoke-Block, C:\Users\alexa\OneDrive\Documents\PowerShell\Modules\Pester\5.7.1\Pester.psm1:835
at &lt;ScriptBlock&gt;, C:\Users\alexa\OneDrive\Documents\PowerShell\Modules\Pester\5.7.1\Pester.psm1:893
at &lt;ScriptBlock&gt;, C:\Users\alexa\OneDrive\Documents\PowerShell\Modules\Pester\5.7.1\Pester.psm1:2024
at &lt;ScriptBlock&gt;, C:\Users\alexa\OneDrive\Documents\PowerShell\Modules\Pester\5.7.1\Pester.psm1:1985
at Invoke-ScriptBlock, C:\Users\alexa\OneDrive\Documents\PowerShell\Modules\Pester\5.7.1\Pester.psm1:2160
at Invoke-Block, C:\Users\alexa\OneDrive\Documents\PowerShell\Modules\Pester\5.7.1\Pester.psm1:940
at &lt;ScriptBlock&gt;, C:\Users\alexa\OneDrive\Documents\PowerShell\Modules\Pester\5.7.1\Pester.psm1:893
at &lt;ScriptBlock&gt;, C:\Users\alexa\OneDrive\Documents\PowerShell\Modules\Pester\5.7.1\Pester.psm1:2024
at &lt;ScriptBlock&gt;, C:\Users\alexa\OneDrive\Documents\PowerShell\Modules\Pester\5.7.1\Pester.psm1:1985
at Invoke-ScriptBlock, C:\Users\alexa\OneDrive\Documents\PowerShell\Modules\Pester\5.7.1\Pester.psm1:2160
at Invoke-Block, C:\Users\alexa\OneDrive\Documents\PowerShell\Modules\Pester\5.7.1\Pester.psm1:940
at &lt;ScriptBlock&gt;, C:\Users\alexa\OneDrive\Documents\PowerShell\Modules\Pester\5.7.1\Pester.psm1:893
at &lt;ScriptBlock&gt;, C:\Users\alexa\OneDrive\Documents\PowerShell\Modules\Pester\5.7.1\Pester.psm1:2024
at &lt;ScriptBlock&gt;, C:\Users\alexa\OneDrive\Documents\PowerShell\Modules\Pester\5.7.1\Pester.psm1:1985
at Invoke-ScriptBlock, C:\Users\alexa\OneDrive\Documents\PowerShell\Modules\Pester\5.7.1\Pester.psm1:2160
at Invoke-Block, C:\Users\alexa\OneDrive\Documents\PowerShell\Modules\Pester\5.7.1\Pester.psm1:940
at &lt;ScriptBlock&gt;, C:\Users\alexa\OneDrive\Documents\PowerShell\Modules\Pester\5.7.1\Pester.psm1:1688
at &lt;ScriptBlock&gt;, C:\Users\alexa\OneDrive\Documents\PowerShell\Modules\Pester\5.7.1\Pester.ps1:3
at &lt;ScriptBlock&gt;, C:\Users\alexa\OneDrive\Documents\PowerShell\Modules\Pester\5.7.1\Pester.psm1:3260
at Invoke-InNewScriptScope, C:\Users\alexa\OneDrive\Documents\PowerShell\Modules\Pester\5.7.1\Pester.psm1:3267
at Run-Test, C:\Users\alexa\OneDrive\Documents\PowerShell\Modules\Pester\5.7.1\Pester.psm1:1691
at Invoke-Test, C:\Users\alexa\OneDrive\Documents\PowerShell\Modules\Pester\5.7.1\Pester.psm1:2512
at Invoke-Pester&lt;End&gt;, C:\Users\alexa\OneDrive\Documents\PowerShell\Modules\Pester\5.7.1\Pester.psm1:4960
at &lt;ScriptBlock&gt;, &lt;No file&gt;:1</stack-trace>
                    </failure>
                  </test-case>
                </results>
              </test-suite>
              <test-suite type="TestFixture" name="0214_Install-Packer Tests.Functionality Tests" executed="True" result="Failure" success="False" time="0.2414" asserts="0" description="0214_Install-Packer Tests.Functionality Tests">
                <results>
                  <test-case description="should execute without errors" name="0214_Install-Packer Tests.Functionality Tests.should execute without errors" time="0.1187" asserts="0" success="False" result="Failure" executed="True">
                    <failure>
                      <message>RuntimeException: Should operator 'Be' is not registered
CmdletInvocationException: Should operator 'Be' is not registered
CommandNotFoundException: The 'Should' command was found in the module 'Pester', but the module could not be loaded due to the following error: [Should operator 'Be' is not registered]
For more information, run 'Import-Module Pester'.</message>
                      <stack-trace>at &lt;ScriptBlock&gt;, $env:PROJECT_ROOT\tests\unit\scripts\0214_Install-Packer.Tests.ps1:17
at &lt;ScriptBlock&gt;, C:\Users\alexa\OneDrive\Documents\PowerShell\Modules\Pester\5.7.1\Pester.psm1:2024
at &lt;ScriptBlock&gt;, C:\Users\alexa\OneDrive\Documents\PowerShell\Modules\Pester\5.7.1\Pester.psm1:1985
at Invoke-ScriptBlock, C:\Users\alexa\OneDrive\Documents\PowerShell\Modules\Pester\5.7.1\Pester.psm1:2157
at Invoke-TestItem, C:\Users\alexa\OneDrive\Documents\PowerShell\Modules\Pester\5.7.1\Pester.psm1:1199
at Invoke-Block, C:\Users\alexa\OneDrive\Documents\PowerShell\Modules\Pester\5.7.1\Pester.psm1:835
at &lt;ScriptBlock&gt;, C:\Users\alexa\OneDrive\Documents\PowerShell\Modules\Pester\5.7.1\Pester.psm1:893
at &lt;ScriptBlock&gt;, C:\Users\alexa\OneDrive\Documents\PowerShell\Modules\Pester\5.7.1\Pester.psm1:2024
at &lt;ScriptBlock&gt;, C:\Users\alexa\OneDrive\Documents\PowerShell\Modules\Pester\5.7.1\Pester.psm1:1985
at Invoke-ScriptBlock, C:\Users\alexa\OneDrive\Documents\PowerShell\Modules\Pester\5.7.1\Pester.psm1:2160
at Invoke-Block, C:\Users\alexa\OneDrive\Documents\PowerShell\Modules\Pester\5.7.1\Pester.psm1:940
at &lt;ScriptBlock&gt;, C:\Users\alexa\OneDrive\Documents\PowerShell\Modules\Pester\5.7.1\Pester.psm1:893
at &lt;ScriptBlock&gt;, C:\Users\alexa\OneDrive\Documents\PowerShell\Modules\Pester\5.7.1\Pester.psm1:2024
at &lt;ScriptBlock&gt;, C:\Users\alexa\OneDrive\Documents\PowerShell\Modules\Pester\5.7.1\Pester.psm1:1985
at Invoke-ScriptBlock, C:\Users\alexa\OneDrive\Documents\PowerShell\Modules\Pester\5.7.1\Pester.psm1:2160
at Invoke-Block, C:\Users\alexa\OneDrive\Documents\PowerShell\Modules\Pester\5.7.1\Pester.psm1:940
at &lt;ScriptBlock&gt;, C:\Users\alexa\OneDrive\Documents\PowerShell\Modules\Pester\5.7.1\Pester.psm1:893
at &lt;ScriptBlock&gt;, C:\Users\alexa\OneDrive\Documents\PowerShell\Modules\Pester\5.7.1\Pester.psm1:2024
at &lt;ScriptBlock&gt;, C:\Users\alexa\OneDrive\Documents\PowerShell\Modules\Pester\5.7.1\Pester.psm1:1985
at Invoke-ScriptBlock, C:\Users\alexa\OneDrive\Documents\PowerShell\Modules\Pester\5.7.1\Pester.psm1:2160
at Invoke-Block, C:\Users\alexa\OneDrive\Documents\PowerShell\Modules\Pester\5.7.1\Pester.psm1:940
at &lt;ScriptBlock&gt;, C:\Users\alexa\OneDrive\Documents\PowerShell\Modules\Pester\5.7.1\Pester.psm1:1688
at &lt;ScriptBlock&gt;, C:\Users\alexa\OneDrive\Documents\PowerShell\Modules\Pester\5.7.1\Pester.ps1:3
at &lt;ScriptBlock&gt;, C:\Users\alexa\OneDrive\Documents\PowerShell\Modules\Pester\5.7.1\Pester.psm1:3260
at Invoke-InNewScriptScope, C:\Users\alexa\OneDrive\Documents\PowerShell\Modules\Pester\5.7.1\Pester.psm1:3267
at Run-Test, C:\Users\alexa\OneDrive\Documents\PowerShell\Modules\Pester\5.7.1\Pester.psm1:1691
at Invoke-Test, C:\Users\alexa\OneDrive\Documents\PowerShell\Modules\Pester\5.7.1\Pester.psm1:2512
at Invoke-Pester&lt;End&gt;, C:\Users\alexa\OneDrive\Documents\PowerShell\Modules\Pester\5.7.1\Pester.psm1:4960
at &lt;ScriptBlock&gt;, &lt;No file&gt;:1</stack-trace>
                    </failure>
                  </test-case>
                </results>
              </test-suite>
            </results>
          </test-suite>
        </results>
      </test-suite>
      <test-suite type="TestFixture" name="$env:PROJECT_ROOT\tests\unit\scripts\0215_Install-Chocolatey.Tests.ps1" executed="True" result="Failure" success="False" time="0.2836" asserts="0" description="$env:PROJECT_ROOT\tests\unit\scripts\0215_Install-Chocolatey.Tests.ps1">
        <results>
          <test-suite type="TestFixture" name="0215_Install-Chocolatey Tests" executed="True" result="Failure" success="False" time="0.2465" asserts="0" description="0215_Install-Chocolatey Tests">
            <results>
              <test-suite type="TestFixture" name="0215_Install-Chocolatey Tests.Module Loading" executed="True" result="Failure" success="False" time="0.1192" asserts="0" description="0215_Install-Chocolatey Tests.Module Loading">
                <results>
                  <test-case description="should load required modules" name="0215_Install-Chocolatey Tests.Module Loading.should load required modules" time="0.1166" asserts="0" success="False" result="Failure" executed="True">
                    <failure>
                      <message>RuntimeException: Should operator 'Be' is not registered
CmdletInvocationException: Should operator 'Be' is not registered
CommandNotFoundException: The 'Should' command was found in the module 'Pester', but the module could not be loaded due to the following error: [Should operator 'Be' is not registered]
For more information, run 'Import-Module Pester'.</message>
                      <stack-trace>at &lt;ScriptBlock&gt;, $env:PROJECT_ROOT\tests\unit\scripts\0215_Install-Chocolatey.Tests.ps1:10
at &lt;ScriptBlock&gt;, C:\Users\alexa\OneDrive\Documents\PowerShell\Modules\Pester\5.7.1\Pester.psm1:2024
at &lt;ScriptBlock&gt;, C:\Users\alexa\OneDrive\Documents\PowerShell\Modules\Pester\5.7.1\Pester.psm1:1985
at Invoke-ScriptBlock, C:\Users\alexa\OneDrive\Documents\PowerShell\Modules\Pester\5.7.1\Pester.psm1:2157
at Invoke-TestItem, C:\Users\alexa\OneDrive\Documents\PowerShell\Modules\Pester\5.7.1\Pester.psm1:1199
at Invoke-Block, C:\Users\alexa\OneDrive\Documents\PowerShell\Modules\Pester\5.7.1\Pester.psm1:835
at &lt;ScriptBlock&gt;, C:\Users\alexa\OneDrive\Documents\PowerShell\Modules\Pester\5.7.1\Pester.psm1:893
at &lt;ScriptBlock&gt;, C:\Users\alexa\OneDrive\Documents\PowerShell\Modules\Pester\5.7.1\Pester.psm1:2024
at &lt;ScriptBlock&gt;, C:\Users\alexa\OneDrive\Documents\PowerShell\Modules\Pester\5.7.1\Pester.psm1:1985
at Invoke-ScriptBlock, C:\Users\alexa\OneDrive\Documents\PowerShell\Modules\Pester\5.7.1\Pester.psm1:2160
at Invoke-Block, C:\Users\alexa\OneDrive\Documents\PowerShell\Modules\Pester\5.7.1\Pester.psm1:940
at &lt;ScriptBlock&gt;, C:\Users\alexa\OneDrive\Documents\PowerShell\Modules\Pester\5.7.1\Pester.psm1:893
at &lt;ScriptBlock&gt;, C:\Users\alexa\OneDrive\Documents\PowerShell\Modules\Pester\5.7.1\Pester.psm1:2024
at &lt;ScriptBlock&gt;, C:\Users\alexa\OneDrive\Documents\PowerShell\Modules\Pester\5.7.1\Pester.psm1:1985
at Invoke-ScriptBlock, C:\Users\alexa\OneDrive\Documents\PowerShell\Modules\Pester\5.7.1\Pester.psm1:2160
at Invoke-Block, C:\Users\alexa\OneDrive\Documents\PowerShell\Modules\Pester\5.7.1\Pester.psm1:940
at &lt;ScriptBlock&gt;, C:\Users\alexa\OneDrive\Documents\PowerShell\Modules\Pester\5.7.1\Pester.psm1:893
at &lt;ScriptBlock&gt;, C:\Users\alexa\OneDrive\Documents\PowerShell\Modules\Pester\5.7.1\Pester.psm1:2024
at &lt;ScriptBlock&gt;, C:\Users\alexa\OneDrive\Documents\PowerShell\Modules\Pester\5.7.1\Pester.psm1:1985
at Invoke-ScriptBlock, C:\Users\alexa\OneDrive\Documents\PowerShell\Modules\Pester\5.7.1\Pester.psm1:2160
at Invoke-Block, C:\Users\alexa\OneDrive\Documents\PowerShell\Modules\Pester\5.7.1\Pester.psm1:940
at &lt;ScriptBlock&gt;, C:\Users\alexa\OneDrive\Documents\PowerShell\Modules\Pester\5.7.1\Pester.psm1:1688
at &lt;ScriptBlock&gt;, C:\Users\alexa\OneDrive\Documents\PowerShell\Modules\Pester\5.7.1\Pester.ps1:3
at &lt;ScriptBlock&gt;, C:\Users\alexa\OneDrive\Documents\PowerShell\Modules\Pester\5.7.1\Pester.psm1:3260
at Invoke-InNewScriptScope, C:\Users\alexa\OneDrive\Documents\PowerShell\Modules\Pester\5.7.1\Pester.psm1:3267
at Run-Test, C:\Users\alexa\OneDrive\Documents\PowerShell\Modules\Pester\5.7.1\Pester.psm1:1691
at Invoke-Test, C:\Users\alexa\OneDrive\Documents\PowerShell\Modules\Pester\5.7.1\Pester.psm1:2512
at Invoke-Pester&lt;End&gt;, C:\Users\alexa\OneDrive\Documents\PowerShell\Modules\Pester\5.7.1\Pester.psm1:4960
at &lt;ScriptBlock&gt;, &lt;No file&gt;:1</stack-trace>
                    </failure>
                  </test-case>
                </results>
              </test-suite>
              <test-suite type="TestFixture" name="0215_Install-Chocolatey Tests.Functionality Tests" executed="True" result="Failure" success="False" time="0.2332" asserts="0" description="0215_Install-Chocolatey Tests.Functionality Tests">
                <results>
                  <test-case description="should execute without errors" name="0215_Install-Chocolatey Tests.Functionality Tests.should execute without errors" time="0.1116" asserts="0" success="False" result="Failure" executed="True">
                    <failure>
                      <message>RuntimeException: Should operator 'Be' is not registered
CmdletInvocationException: Should operator 'Be' is not registered
CommandNotFoundException: The 'Should' command was found in the module 'Pester', but the module could not be loaded due to the following error: [Should operator 'Be' is not registered]
For more information, run 'Import-Module Pester'.</message>
                      <stack-trace>at &lt;ScriptBlock&gt;, $env:PROJECT_ROOT\tests\unit\scripts\0215_Install-Chocolatey.Tests.ps1:17
at &lt;ScriptBlock&gt;, C:\Users\alexa\OneDrive\Documents\PowerShell\Modules\Pester\5.7.1\Pester.psm1:2024
at &lt;ScriptBlock&gt;, C:\Users\alexa\OneDrive\Documents\PowerShell\Modules\Pester\5.7.1\Pester.psm1:1985
at Invoke-ScriptBlock, C:\Users\alexa\OneDrive\Documents\PowerShell\Modules\Pester\5.7.1\Pester.psm1:2157
at Invoke-TestItem, C:\Users\alexa\OneDrive\Documents\PowerShell\Modules\Pester\5.7.1\Pester.psm1:1199
at Invoke-Block, C:\Users\alexa\OneDrive\Documents\PowerShell\Modules\Pester\5.7.1\Pester.psm1:835
at &lt;ScriptBlock&gt;, C:\Users\alexa\OneDrive\Documents\PowerShell\Modules\Pester\5.7.1\Pester.psm1:893
at &lt;ScriptBlock&gt;, C:\Users\alexa\OneDrive\Documents\PowerShell\Modules\Pester\5.7.1\Pester.psm1:2024
at &lt;ScriptBlock&gt;, C:\Users\alexa\OneDrive\Documents\PowerShell\Modules\Pester\5.7.1\Pester.psm1:1985
at Invoke-ScriptBlock, C:\Users\alexa\OneDrive\Documents\PowerShell\Modules\Pester\5.7.1\Pester.psm1:2160
at Invoke-Block, C:\Users\alexa\OneDrive\Documents\PowerShell\Modules\Pester\5.7.1\Pester.psm1:940
at &lt;ScriptBlock&gt;, C:\Users\alexa\OneDrive\Documents\PowerShell\Modules\Pester\5.7.1\Pester.psm1:893
at &lt;ScriptBlock&gt;, C:\Users\alexa\OneDrive\Documents\PowerShell\Modules\Pester\5.7.1\Pester.psm1:2024
at &lt;ScriptBlock&gt;, C:\Users\alexa\OneDrive\Documents\PowerShell\Modules\Pester\5.7.1\Pester.psm1:1985
at Invoke-ScriptBlock, C:\Users\alexa\OneDrive\Documents\PowerShell\Modules\Pester\5.7.1\Pester.psm1:2160
at Invoke-Block, C:\Users\alexa\OneDrive\Documents\PowerShell\Modules\Pester\5.7.1\Pester.psm1:940
at &lt;ScriptBlock&gt;, C:\Users\alexa\OneDrive\Documents\PowerShell\Modules\Pester\5.7.1\Pester.psm1:893
at &lt;ScriptBlock&gt;, C:\Users\alexa\OneDrive\Documents\PowerShell\Modules\Pester\5.7.1\Pester.psm1:2024
at &lt;ScriptBlock&gt;, C:\Users\alexa\OneDrive\Documents\PowerShell\Modules\Pester\5.7.1\Pester.psm1:1985
at Invoke-ScriptBlock, C:\Users\alexa\OneDrive\Documents\PowerShell\Modules\Pester\5.7.1\Pester.psm1:2160
at Invoke-Block, C:\Users\alexa\OneDrive\Documents\PowerShell\Modules\Pester\5.7.1\Pester.psm1:940
at &lt;ScriptBlock&gt;, C:\Users\alexa\OneDrive\Documents\PowerShell\Modules\Pester\5.7.1\Pester.psm1:1688
at &lt;ScriptBlock&gt;, C:\Users\alexa\OneDrive\Documents\PowerShell\Modules\Pester\5.7.1\Pester.ps1:3
at &lt;ScriptBlock&gt;, C:\Users\alexa\OneDrive\Documents\PowerShell\Modules\Pester\5.7.1\Pester.psm1:3260
at Invoke-InNewScriptScope, C:\Users\alexa\OneDrive\Documents\PowerShell\Modules\Pester\5.7.1\Pester.psm1:3267
at Run-Test, C:\Users\alexa\OneDrive\Documents\PowerShell\Modules\Pester\5.7.1\Pester.psm1:1691
at Invoke-Test, C:\Users\alexa\OneDrive\Documents\PowerShell\Modules\Pester\5.7.1\Pester.psm1:2512
at Invoke-Pester&lt;End&gt;, C:\Users\alexa\OneDrive\Documents\PowerShell\Modules\Pester\5.7.1\Pester.psm1:4960
at &lt;ScriptBlock&gt;, &lt;No file&gt;:1</stack-trace>
                    </failure>
                  </test-case>
                </results>
              </test-suite>
            </results>
          </test-suite>
        </results>
      </test-suite>
      <test-suite type="TestFixture" name="$env:PROJECT_ROOT\tests\unit\scripts\0216_Set-LabProfile.Tests.ps1" executed="True" result="Failure" success="False" time="0.2878" asserts="0" description="$env:PROJECT_ROOT\tests\unit\scripts\0216_Set-LabProfile.Tests.ps1">
        <results>
          <test-suite type="TestFixture" name="0216_Set-LabProfile Tests" executed="True" result="Failure" success="False" time="0.2532" asserts="0" description="0216_Set-LabProfile Tests">
            <results>
              <test-suite type="TestFixture" name="0216_Set-LabProfile Tests.Module Loading" executed="True" result="Failure" success="False" time="0.121" asserts="0" description="0216_Set-LabProfile Tests.Module Loading">
                <results>
                  <test-case description="should load required modules" name="0216_Set-LabProfile Tests.Module Loading.should load required modules" time="0.1184" asserts="0" success="False" result="Failure" executed="True">
                    <failure>
                      <message>RuntimeException: Should operator 'Be' is not registered
CmdletInvocationException: Should operator 'Be' is not registered
CommandNotFoundException: The 'Should' command was found in the module 'Pester', but the module could not be loaded due to the following error: [Should operator 'Be' is not registered]
For more information, run 'Import-Module Pester'.</message>
                      <stack-trace>at &lt;ScriptBlock&gt;, $env:PROJECT_ROOT\tests\unit\scripts\0216_Set-LabProfile.Tests.ps1:10
at &lt;ScriptBlock&gt;, C:\Users\alexa\OneDrive\Documents\PowerShell\Modules\Pester\5.7.1\Pester.psm1:2024
at &lt;ScriptBlock&gt;, C:\Users\alexa\OneDrive\Documents\PowerShell\Modules\Pester\5.7.1\Pester.psm1:1985
at Invoke-ScriptBlock, C:\Users\alexa\OneDrive\Documents\PowerShell\Modules\Pester\5.7.1\Pester.psm1:2157
at Invoke-TestItem, C:\Users\alexa\OneDrive\Documents\PowerShell\Modules\Pester\5.7.1\Pester.psm1:1199
at Invoke-Block, C:\Users\alexa\OneDrive\Documents\PowerShell\Modules\Pester\5.7.1\Pester.psm1:835
at &lt;ScriptBlock&gt;, C:\Users\alexa\OneDrive\Documents\PowerShell\Modules\Pester\5.7.1\Pester.psm1:893
at &lt;ScriptBlock&gt;, C:\Users\alexa\OneDrive\Documents\PowerShell\Modules\Pester\5.7.1\Pester.psm1:2024
at &lt;ScriptBlock&gt;, C:\Users\alexa\OneDrive\Documents\PowerShell\Modules\Pester\5.7.1\Pester.psm1:1985
at Invoke-ScriptBlock, C:\Users\alexa\OneDrive\Documents\PowerShell\Modules\Pester\5.7.1\Pester.psm1:2160
at Invoke-Block, C:\Users\alexa\OneDrive\Documents\PowerShell\Modules\Pester\5.7.1\Pester.psm1:940
at &lt;ScriptBlock&gt;, C:\Users\alexa\OneDrive\Documents\PowerShell\Modules\Pester\5.7.1\Pester.psm1:893
at &lt;ScriptBlock&gt;, C:\Users\alexa\OneDrive\Documents\PowerShell\Modules\Pester\5.7.1\Pester.psm1:2024
at &lt;ScriptBlock&gt;, C:\Users\alexa\OneDrive\Documents\PowerShell\Modules\Pester\5.7.1\Pester.psm1:1985
at Invoke-ScriptBlock, C:\Users\alexa\OneDrive\Documents\PowerShell\Modules\Pester\5.7.1\Pester.psm1:2160
at Invoke-Block, C:\Users\alexa\OneDrive\Documents\PowerShell\Modules\Pester\5.7.1\Pester.psm1:940
at &lt;ScriptBlock&gt;, C:\Users\alexa\OneDrive\Documents\PowerShell\Modules\Pester\5.7.1\Pester.psm1:893
at &lt;ScriptBlock&gt;, C:\Users\alexa\OneDrive\Documents\PowerShell\Modules\Pester\5.7.1\Pester.psm1:2024
at &lt;ScriptBlock&gt;, C:\Users\alexa\OneDrive\Documents\PowerShell\Modules\Pester\5.7.1\Pester.psm1:1985
at Invoke-ScriptBlock, C:\Users\alexa\OneDrive\Documents\PowerShell\Modules\Pester\5.7.1\Pester.psm1:2160
at Invoke-Block, C:\Users\alexa\OneDrive\Documents\PowerShell\Modules\Pester\5.7.1\Pester.psm1:940
at &lt;ScriptBlock&gt;, C:\Users\alexa\OneDrive\Documents\PowerShell\Modules\Pester\5.7.1\Pester.psm1:1688
at &lt;ScriptBlock&gt;, C:\Users\alexa\OneDrive\Documents\PowerShell\Modules\Pester\5.7.1\Pester.ps1:3
at &lt;ScriptBlock&gt;, C:\Users\alexa\OneDrive\Documents\PowerShell\Modules\Pester\5.7.1\Pester.psm1:3260
at Invoke-InNewScriptScope, C:\Users\alexa\OneDrive\Documents\PowerShell\Modules\Pester\5.7.1\Pester.psm1:3267
at Run-Test, C:\Users\alexa\OneDrive\Documents\PowerShell\Modules\Pester\5.7.1\Pester.psm1:1691
at Invoke-Test, C:\Users\alexa\OneDrive\Documents\PowerShell\Modules\Pester\5.7.1\Pester.psm1:2512
at Invoke-Pester&lt;End&gt;, C:\Users\alexa\OneDrive\Documents\PowerShell\Modules\Pester\5.7.1\Pester.psm1:4960
at &lt;ScriptBlock&gt;, &lt;No file&gt;:1</stack-trace>
                    </failure>
                  </test-case>
                </results>
              </test-suite>
              <test-suite type="TestFixture" name="0216_Set-LabProfile Tests.Functionality Tests" executed="True" result="Failure" success="False" time="0.2401" asserts="0" description="0216_Set-LabProfile Tests.Functionality Tests">
                <results>
                  <test-case description="should execute without errors" name="0216_Set-LabProfile Tests.Functionality Tests.should execute without errors" time="0.1167" asserts="0" success="False" result="Failure" executed="True">
                    <failure>
                      <message>RuntimeException: Should operator 'Be' is not registered
CmdletInvocationException: Should operator 'Be' is not registered
CommandNotFoundException: The 'Should' command was found in the module 'Pester', but the module could not be loaded due to the following error: [Should operator 'Be' is not registered]
For more information, run 'Import-Module Pester'.</message>
                      <stack-trace>at &lt;ScriptBlock&gt;, $env:PROJECT_ROOT\tests\unit\scripts\0216_Set-LabProfile.Tests.ps1:17
at &lt;ScriptBlock&gt;, C:\Users\alexa\OneDrive\Documents\PowerShell\Modules\Pester\5.7.1\Pester.psm1:2024
at &lt;ScriptBlock&gt;, C:\Users\alexa\OneDrive\Documents\PowerShell\Modules\Pester\5.7.1\Pester.psm1:1985
at Invoke-ScriptBlock, C:\Users\alexa\OneDrive\Documents\PowerShell\Modules\Pester\5.7.1\Pester.psm1:2157
at Invoke-TestItem, C:\Users\alexa\OneDrive\Documents\PowerShell\Modules\Pester\5.7.1\Pester.psm1:1199
at Invoke-Block, C:\Users\alexa\OneDrive\Documents\PowerShell\Modules\Pester\5.7.1\Pester.psm1:835
at &lt;ScriptBlock&gt;, C:\Users\alexa\OneDrive\Documents\PowerShell\Modules\Pester\5.7.1\Pester.psm1:893
at &lt;ScriptBlock&gt;, C:\Users\alexa\OneDrive\Documents\PowerShell\Modules\Pester\5.7.1\Pester.psm1:2024
at &lt;ScriptBlock&gt;, C:\Users\alexa\OneDrive\Documents\PowerShell\Modules\Pester\5.7.1\Pester.psm1:1985
at Invoke-ScriptBlock, C:\Users\alexa\OneDrive\Documents\PowerShell\Modules\Pester\5.7.1\Pester.psm1:2160
at Invoke-Block, C:\Users\alexa\OneDrive\Documents\PowerShell\Modules\Pester\5.7.1\Pester.psm1:940
at &lt;ScriptBlock&gt;, C:\Users\alexa\OneDrive\Documents\PowerShell\Modules\Pester\5.7.1\Pester.psm1:893
at &lt;ScriptBlock&gt;, C:\Users\alexa\OneDrive\Documents\PowerShell\Modules\Pester\5.7.1\Pester.psm1:2024
at &lt;ScriptBlock&gt;, C:\Users\alexa\OneDrive\Documents\PowerShell\Modules\Pester\5.7.1\Pester.psm1:1985
at Invoke-ScriptBlock, C:\Users\alexa\OneDrive\Documents\PowerShell\Modules\Pester\5.7.1\Pester.psm1:2160
at Invoke-Block, C:\Users\alexa\OneDrive\Documents\PowerShell\Modules\Pester\5.7.1\Pester.psm1:940
at &lt;ScriptBlock&gt;, C:\Users\alexa\OneDrive\Documents\PowerShell\Modules\Pester\5.7.1\Pester.psm1:893
at &lt;ScriptBlock&gt;, C:\Users\alexa\OneDrive\Documents\PowerShell\Modules\Pester\5.7.1\Pester.psm1:2024
at &lt;ScriptBlock&gt;, C:\Users\alexa\OneDrive\Documents\PowerShell\Modules\Pester\5.7.1\Pester.psm1:1985
at Invoke-ScriptBlock, C:\Users\alexa\OneDrive\Documents\PowerShell\Modules\Pester\5.7.1\Pester.psm1:2160
at Invoke-Block, C:\Users\alexa\OneDrive\Documents\PowerShell\Modules\Pester\5.7.1\Pester.psm1:940
at &lt;ScriptBlock&gt;, C:\Users\alexa\OneDrive\Documents\PowerShell\Modules\Pester\5.7.1\Pester.psm1:1688
at &lt;ScriptBlock&gt;, C:\Users\alexa\OneDrive\Documents\PowerShell\Modules\Pester\5.7.1\Pester.ps1:3
at &lt;ScriptBlock&gt;, C:\Users\alexa\OneDrive\Documents\PowerShell\Modules\Pester\5.7.1\Pester.psm1:3260
at Invoke-InNewScriptScope, C:\Users\alexa\OneDrive\Documents\PowerShell\Modules\Pester\5.7.1\Pester.psm1:3267
at Run-Test, C:\Users\alexa\OneDrive\Documents\PowerShell\Modules\Pester\5.7.1\Pester.psm1:1691
at Invoke-Test, C:\Users\alexa\OneDrive\Documents\PowerShell\Modules\Pester\5.7.1\Pester.psm1:2512
at Invoke-Pester&lt;End&gt;, C:\Users\alexa\OneDrive\Documents\PowerShell\Modules\Pester\5.7.1\Pester.psm1:4960
at &lt;ScriptBlock&gt;, &lt;No file&gt;:1</stack-trace>
                    </failure>
                  </test-case>
                </results>
              </test-suite>
            </results>
          </test-suite>
        </results>
      </test-suite>
      <test-suite type="TestFixture" name="$env:PROJECT_ROOT\tests\unit\scripts\9999_Reset-Machine.Tests.ps1" executed="True" result="Failure" success="False" time="0.2835" asserts="0" description="$env:PROJECT_ROOT\tests\unit\scripts\9999_Reset-Machine.Tests.ps1">
        <results>
          <test-suite type="TestFixture" name="9999_Reset-Machine Tests" executed="True" result="Failure" success="False" time="0.2483" asserts="0" description="9999_Reset-Machine Tests">
            <results>
              <test-suite type="TestFixture" name="9999_Reset-Machine Tests.Module Loading" executed="True" result="Failure" success="False" time="0.1195" asserts="0" description="9999_Reset-Machine Tests.Module Loading">
                <results>
                  <test-case description="should load required modules" name="9999_Reset-Machine Tests.Module Loading.should load required modules" time="0.1169" asserts="0" success="False" result="Failure" executed="True">
                    <failure>
                      <message>RuntimeException: Should operator 'Be' is not registered
CmdletInvocationException: Should operator 'Be' is not registered
CommandNotFoundException: The 'Should' command was found in the module 'Pester', but the module could not be loaded due to the following error: [Should operator 'Be' is not registered]
For more information, run 'Import-Module Pester'.</message>
                      <stack-trace>at &lt;ScriptBlock&gt;, $env:PROJECT_ROOT\tests\unit\scripts\9999_Reset-Machine.Tests.ps1:10
at &lt;ScriptBlock&gt;, C:\Users\alexa\OneDrive\Documents\PowerShell\Modules\Pester\5.7.1\Pester.psm1:2024
at &lt;ScriptBlock&gt;, C:\Users\alexa\OneDrive\Documents\PowerShell\Modules\Pester\5.7.1\Pester.psm1:1985
at Invoke-ScriptBlock, C:\Users\alexa\OneDrive\Documents\PowerShell\Modules\Pester\5.7.1\Pester.psm1:2157
at Invoke-TestItem, C:\Users\alexa\OneDrive\Documents\PowerShell\Modules\Pester\5.7.1\Pester.psm1:1199
at Invoke-Block, C:\Users\alexa\OneDrive\Documents\PowerShell\Modules\Pester\5.7.1\Pester.psm1:835
at &lt;ScriptBlock&gt;, C:\Users\alexa\OneDrive\Documents\PowerShell\Modules\Pester\5.7.1\Pester.psm1:893
at &lt;ScriptBlock&gt;, C:\Users\alexa\OneDrive\Documents\PowerShell\Modules\Pester\5.7.1\Pester.psm1:2024
at &lt;ScriptBlock&gt;, C:\Users\alexa\OneDrive\Documents\PowerShell\Modules\Pester\5.7.1\Pester.psm1:1985
at Invoke-ScriptBlock, C:\Users\alexa\OneDrive\Documents\PowerShell\Modules\Pester\5.7.1\Pester.psm1:2160
at Invoke-Block, C:\Users\alexa\OneDrive\Documents\PowerShell\Modules\Pester\5.7.1\Pester.psm1:940
at &lt;ScriptBlock&gt;, C:\Users\alexa\OneDrive\Documents\PowerShell\Modules\Pester\5.7.1\Pester.psm1:893
at &lt;ScriptBlock&gt;, C:\Users\alexa\OneDrive\Documents\PowerShell\Modules\Pester\5.7.1\Pester.psm1:2024
at &lt;ScriptBlock&gt;, C:\Users\alexa\OneDrive\Documents\PowerShell\Modules\Pester\5.7.1\Pester.psm1:1985
at Invoke-ScriptBlock, C:\Users\alexa\OneDrive\Documents\PowerShell\Modules\Pester\5.7.1\Pester.psm1:2160
at Invoke-Block, C:\Users\alexa\OneDrive\Documents\PowerShell\Modules\Pester\5.7.1\Pester.psm1:940
at &lt;ScriptBlock&gt;, C:\Users\alexa\OneDrive\Documents\PowerShell\Modules\Pester\5.7.1\Pester.psm1:893
at &lt;ScriptBlock&gt;, C:\Users\alexa\OneDrive\Documents\PowerShell\Modules\Pester\5.7.1\Pester.psm1:2024
at &lt;ScriptBlock&gt;, C:\Users\alexa\OneDrive\Documents\PowerShell\Modules\Pester\5.7.1\Pester.psm1:1985
at Invoke-ScriptBlock, C:\Users\alexa\OneDrive\Documents\PowerShell\Modules\Pester\5.7.1\Pester.psm1:2160
at Invoke-Block, C:\Users\alexa\OneDrive\Documents\PowerShell\Modules\Pester\5.7.1\Pester.psm1:940
at &lt;ScriptBlock&gt;, C:\Users\alexa\OneDrive\Documents\PowerShell\Modules\Pester\5.7.1\Pester.psm1:1688
at &lt;ScriptBlock&gt;, C:\Users\alexa\OneDrive\Documents\PowerShell\Modules\Pester\5.7.1\Pester.ps1:3
at &lt;ScriptBlock&gt;, C:\Users\alexa\OneDrive\Documents\PowerShell\Modules\Pester\5.7.1\Pester.psm1:3260
at Invoke-InNewScriptScope, C:\Users\alexa\OneDrive\Documents\PowerShell\Modules\Pester\5.7.1\Pester.psm1:3267
at Run-Test, C:\Users\alexa\OneDrive\Documents\PowerShell\Modules\Pester\5.7.1\Pester.psm1:1691
at Invoke-Test, C:\Users\alexa\OneDrive\Documents\PowerShell\Modules\Pester\5.7.1\Pester.psm1:2512
at Invoke-Pester&lt;End&gt;, C:\Users\alexa\OneDrive\Documents\PowerShell\Modules\Pester\5.7.1\Pester.psm1:4960
at &lt;ScriptBlock&gt;, &lt;No file&gt;:1</stack-trace>
                    </failure>
                  </test-case>
                </results>
              </test-suite>
              <test-suite type="TestFixture" name="9999_Reset-Machine Tests.Functionality Tests" executed="True" result="Failure" success="False" time="0.2344" asserts="0" description="9999_Reset-Machine Tests.Functionality Tests">
                <results>
                  <test-case description="should execute without errors" name="9999_Reset-Machine Tests.Functionality Tests.should execute without errors" time="0.1123" asserts="0" success="False" result="Failure" executed="True">
                    <failure>
                      <message>RuntimeException: Should operator 'Be' is not registered
CmdletInvocationException: Should operator 'Be' is not registered
CommandNotFoundException: The 'Should' command was found in the module 'Pester', but the module could not be loaded due to the following error: [Should operator 'Be' is not registered]
For more information, run 'Import-Module Pester'.</message>
                      <stack-trace>at &lt;ScriptBlock&gt;, $env:PROJECT_ROOT\tests\unit\scripts\9999_Reset-Machine.Tests.ps1:17
at &lt;ScriptBlock&gt;, C:\Users\alexa\OneDrive\Documents\PowerShell\Modules\Pester\5.7.1\Pester.psm1:2024
at &lt;ScriptBlock&gt;, C:\Users\alexa\OneDrive\Documents\PowerShell\Modules\Pester\5.7.1\Pester.psm1:1985
at Invoke-ScriptBlock, C:\Users\alexa\OneDrive\Documents\PowerShell\Modules\Pester\5.7.1\Pester.psm1:2157
at Invoke-TestItem, C:\Users\alexa\OneDrive\Documents\PowerShell\Modules\Pester\5.7.1\Pester.psm1:1199
at Invoke-Block, C:\Users\alexa\OneDrive\Documents\PowerShell\Modules\Pester\5.7.1\Pester.psm1:835
at &lt;ScriptBlock&gt;, C:\Users\alexa\OneDrive\Documents\PowerShell\Modules\Pester\5.7.1\Pester.psm1:893
at &lt;ScriptBlock&gt;, C:\Users\alexa\OneDrive\Documents\PowerShell\Modules\Pester\5.7.1\Pester.psm1:2024
at &lt;ScriptBlock&gt;, C:\Users\alexa\OneDrive\Documents\PowerShell\Modules\Pester\5.7.1\Pester.psm1:1985
at Invoke-ScriptBlock, C:\Users\alexa\OneDrive\Documents\PowerShell\Modules\Pester\5.7.1\Pester.psm1:2160
at Invoke-Block, C:\Users\alexa\OneDrive\Documents\PowerShell\Modules\Pester\5.7.1\Pester.psm1:940
at &lt;ScriptBlock&gt;, C:\Users\alexa\OneDrive\Documents\PowerShell\Modules\Pester\5.7.1\Pester.psm1:893
at &lt;ScriptBlock&gt;, C:\Users\alexa\OneDrive\Documents\PowerShell\Modules\Pester\5.7.1\Pester.psm1:2024
at &lt;ScriptBlock&gt;, C:\Users\alexa\OneDrive\Documents\PowerShell\Modules\Pester\5.7.1\Pester.psm1:1985
at Invoke-ScriptBlock, C:\Users\alexa\OneDrive\Documents\PowerShell\Modules\Pester\5.7.1\Pester.psm1:2160
at Invoke-Block, C:\Users\alexa\OneDrive\Documents\PowerShell\Modules\Pester\5.7.1\Pester.psm1:940
at &lt;ScriptBlock&gt;, C:\Users\alexa\OneDrive\Documents\PowerShell\Modules\Pester\5.7.1\Pester.psm1:893
at &lt;ScriptBlock&gt;, C:\Users\alexa\OneDrive\Documents\PowerShell\Modules\Pester\5.7.1\Pester.psm1:2024
at &lt;ScriptBlock&gt;, C:\Users\alexa\OneDrive\Documents\PowerShell\Modules\Pester\5.7.1\Pester.psm1:1985
at Invoke-ScriptBlock, C:\Users\alexa\OneDrive\Documents\PowerShell\Modules\Pester\5.7.1\Pester.psm1:2160
at Invoke-Block, C:\Users\alexa\OneDrive\Documents\PowerShell\Modules\Pester\5.7.1\Pester.psm1:940
at &lt;ScriptBlock&gt;, C:\Users\alexa\OneDrive\Documents\PowerShell\Modules\Pester\5.7.1\Pester.psm1:1688
at &lt;ScriptBlock&gt;, C:\Users\alexa\OneDrive\Documents\PowerShell\Modules\Pester\5.7.1\Pester.ps1:3
at &lt;ScriptBlock&gt;, C:\Users\alexa\OneDrive\Documents\PowerShell\Modules\Pester\5.7.1\Pester.psm1:3260
at Invoke-InNewScriptScope, C:\Users\alexa\OneDrive\Documents\PowerShell\Modules\Pester\5.7.1\Pester.psm1:3267
at Run-Test, C:\Users\alexa\OneDrive\Documents\PowerShell\Modules\Pester\5.7.1\Pester.psm1:1691
at Invoke-Test, C:\Users\alexa\OneDrive\Documents\PowerShell\Modules\Pester\5.7.1\Pester.psm1:2512
at Invoke-Pester&lt;End&gt;, C:\Users\alexa\OneDrive\Documents\PowerShell\Modules\Pester\5.7.1\Pester.psm1:4960
at &lt;ScriptBlock&gt;, &lt;No file&gt;:1</stack-trace>
                    </failure>
                  </test-case>
                </results>
              </test-suite>
            </results>
          </test-suite>
        </results>
      </test-suite>
      <test-suite type="TestFixture" name="$env:PROJECT_ROOT\tests\unit\scripts\Configure-Firewall.Tests.ps1" executed="True" result="Failure" success="False" time="0.288" asserts="0" description="$env:PROJECT_ROOT\tests\unit\scripts\Configure-Firewall.Tests.ps1">
        <results>
          <test-suite type="TestFixture" name="Configure-Firewall Tests" executed="True" result="Failure" success="False" time="0.2457" asserts="0" description="Configure-Firewall Tests">
            <results>
              <test-suite type="TestFixture" name="Configure-Firewall Tests.Module Loading" executed="True" result="Failure" success="False" time="0.1189" asserts="0" description="Configure-Firewall Tests.Module Loading">
                <results>
                  <test-case description="should load required modules" name="Configure-Firewall Tests.Module Loading.should load required modules" time="0.1161" asserts="0" success="False" result="Failure" executed="True">
                    <failure>
                      <message>RuntimeException: Should operator 'Be' is not registered
CmdletInvocationException: Should operator 'Be' is not registered
CommandNotFoundException: The 'Should' command was found in the module 'Pester', but the module could not be loaded due to the following error: [Should operator 'Be' is not registered]
For more information, run 'Import-Module Pester'.</message>
                      <stack-trace>at &lt;ScriptBlock&gt;, $env:PROJECT_ROOT\tests\unit\scripts\Configure-Firewall.Tests.ps1:10
at &lt;ScriptBlock&gt;, C:\Users\alexa\OneDrive\Documents\PowerShell\Modules\Pester\5.7.1\Pester.psm1:2024
at &lt;ScriptBlock&gt;, C:\Users\alexa\OneDrive\Documents\PowerShell\Modules\Pester\5.7.1\Pester.psm1:1985
at Invoke-ScriptBlock, C:\Users\alexa\OneDrive\Documents\PowerShell\Modules\Pester\5.7.1\Pester.psm1:2157
at Invoke-TestItem, C:\Users\alexa\OneDrive\Documents\PowerShell\Modules\Pester\5.7.1\Pester.psm1:1199
at Invoke-Block, C:\Users\alexa\OneDrive\Documents\PowerShell\Modules\Pester\5.7.1\Pester.psm1:835
at &lt;ScriptBlock&gt;, C:\Users\alexa\OneDrive\Documents\PowerShell\Modules\Pester\5.7.1\Pester.psm1:893
at &lt;ScriptBlock&gt;, C:\Users\alexa\OneDrive\Documents\PowerShell\Modules\Pester\5.7.1\Pester.psm1:2024
at &lt;ScriptBlock&gt;, C:\Users\alexa\OneDrive\Documents\PowerShell\Modules\Pester\5.7.1\Pester.psm1:1985
at Invoke-ScriptBlock, C:\Users\alexa\OneDrive\Documents\PowerShell\Modules\Pester\5.7.1\Pester.psm1:2160
at Invoke-Block, C:\Users\alexa\OneDrive\Documents\PowerShell\Modules\Pester\5.7.1\Pester.psm1:940
at &lt;ScriptBlock&gt;, C:\Users\alexa\OneDrive\Documents\PowerShell\Modules\Pester\5.7.1\Pester.psm1:893
at &lt;ScriptBlock&gt;, C:\Users\alexa\OneDrive\Documents\PowerShell\Modules\Pester\5.7.1\Pester.psm1:2024
at &lt;ScriptBlock&gt;, C:\Users\alexa\OneDrive\Documents\PowerShell\Modules\Pester\5.7.1\Pester.psm1:1985
at Invoke-ScriptBlock, C:\Users\alexa\OneDrive\Documents\PowerShell\Modules\Pester\5.7.1\Pester.psm1:2160
at Invoke-Block, C:\Users\alexa\OneDrive\Documents\PowerShell\Modules\Pester\5.7.1\Pester.psm1:940
at &lt;ScriptBlock&gt;, C:\Users\alexa\OneDrive\Documents\PowerShell\Modules\Pester\5.7.1\Pester.psm1:893
at &lt;ScriptBlock&gt;, C:\Users\alexa\OneDrive\Documents\PowerShell\Modules\Pester\5.7.1\Pester.psm1:2024
at &lt;ScriptBlock&gt;, C:\Users\alexa\OneDrive\Documents\PowerShell\Modules\Pester\5.7.1\Pester.psm1:1985
at Invoke-ScriptBlock, C:\Users\alexa\OneDrive\Documents\PowerShell\Modules\Pester\5.7.1\Pester.psm1:2160
at Invoke-Block, C:\Users\alexa\OneDrive\Documents\PowerShell\Modules\Pester\5.7.1\Pester.psm1:940
at &lt;ScriptBlock&gt;, C:\Users\alexa\OneDrive\Documents\PowerShell\Modules\Pester\5.7.1\Pester.psm1:1688
at &lt;ScriptBlock&gt;, C:\Users\alexa\OneDrive\Documents\PowerShell\Modules\Pester\5.7.1\Pester.ps1:3
at &lt;ScriptBlock&gt;, C:\Users\alexa\OneDrive\Documents\PowerShell\Modules\Pester\5.7.1\Pester.psm1:3260
at Invoke-InNewScriptScope, C:\Users\alexa\OneDrive\Documents\PowerShell\Modules\Pester\5.7.1\Pester.psm1:3267
at Run-Test, C:\Users\alexa\OneDrive\Documents\PowerShell\Modules\Pester\5.7.1\Pester.psm1:1691
at Invoke-Test, C:\Users\alexa\OneDrive\Documents\PowerShell\Modules\Pester\5.7.1\Pester.psm1:2512
at Invoke-Pester&lt;End&gt;, C:\Users\alexa\OneDrive\Documents\PowerShell\Modules\Pester\5.7.1\Pester.psm1:4960
at &lt;ScriptBlock&gt;, &lt;No file&gt;:1</stack-trace>
                    </failure>
                  </test-case>
                </results>
              </test-suite>
              <test-suite type="TestFixture" name="Configure-Firewall Tests.Functionality Tests" executed="True" result="Failure" success="False" time="0.2322" asserts="0" description="Configure-Firewall Tests.Functionality Tests">
                <results>
                  <test-case description="should execute without errors" name="Configure-Firewall Tests.Functionality Tests.should execute without errors" time="0.1104" asserts="0" success="False" result="Failure" executed="True">
                    <failure>
                      <message>RuntimeException: Should operator 'Be' is not registered
CmdletInvocationException: Should operator 'Be' is not registered
CommandNotFoundException: The 'Should' command was found in the module 'Pester', but the module could not be loaded due to the following error: [Should operator 'Be' is not registered]
For more information, run 'Import-Module Pester'.</message>
                      <stack-trace>at &lt;ScriptBlock&gt;, $env:PROJECT_ROOT\tests\unit\scripts\Configure-Firewall.Tests.ps1:17
at &lt;ScriptBlock&gt;, C:\Users\alexa\OneDrive\Documents\PowerShell\Modules\Pester\5.7.1\Pester.psm1:2024
at &lt;ScriptBlock&gt;, C:\Users\alexa\OneDrive\Documents\PowerShell\Modules\Pester\5.7.1\Pester.psm1:1985
at Invoke-ScriptBlock, C:\Users\alexa\OneDrive\Documents\PowerShell\Modules\Pester\5.7.1\Pester.psm1:2157
at Invoke-TestItem, C:\Users\alexa\OneDrive\Documents\PowerShell\Modules\Pester\5.7.1\Pester.psm1:1199
at Invoke-Block, C:\Users\alexa\OneDrive\Documents\PowerShell\Modules\Pester\5.7.1\Pester.psm1:835
at &lt;ScriptBlock&gt;, C:\Users\alexa\OneDrive\Documents\PowerShell\Modules\Pester\5.7.1\Pester.psm1:893
at &lt;ScriptBlock&gt;, C:\Users\alexa\OneDrive\Documents\PowerShell\Modules\Pester\5.7.1\Pester.psm1:2024
at &lt;ScriptBlock&gt;, C:\Users\alexa\OneDrive\Documents\PowerShell\Modules\Pester\5.7.1\Pester.psm1:1985
at Invoke-ScriptBlock, C:\Users\alexa\OneDrive\Documents\PowerShell\Modules\Pester\5.7.1\Pester.psm1:2160
at Invoke-Block, C:\Users\alexa\OneDrive\Documents\PowerShell\Modules\Pester\5.7.1\Pester.psm1:940
at &lt;ScriptBlock&gt;, C:\Users\alexa\OneDrive\Documents\PowerShell\Modules\Pester\5.7.1\Pester.psm1:893
at &lt;ScriptBlock&gt;, C:\Users\alexa\OneDrive\Documents\PowerShell\Modules\Pester\5.7.1\Pester.psm1:2024
at &lt;ScriptBlock&gt;, C:\Users\alexa\OneDrive\Documents\PowerShell\Modules\Pester\5.7.1\Pester.psm1:1985
at Invoke-ScriptBlock, C:\Users\alexa\OneDrive\Documents\PowerShell\Modules\Pester\5.7.1\Pester.psm1:2160
at Invoke-Block, C:\Users\alexa\OneDrive\Documents\PowerShell\Modules\Pester\5.7.1\Pester.psm1:940
at &lt;ScriptBlock&gt;, C:\Users\alexa\OneDrive\Documents\PowerShell\Modules\Pester\5.7.1\Pester.psm1:893
at &lt;ScriptBlock&gt;, C:\Users\alexa\OneDrive\Documents\PowerShell\Modules\Pester\5.7.1\Pester.psm1:2024
at &lt;ScriptBlock&gt;, C:\Users\alexa\OneDrive\Documents\PowerShell\Modules\Pester\5.7.1\Pester.psm1:1985
at Invoke-ScriptBlock, C:\Users\alexa\OneDrive\Documents\PowerShell\Modules\Pester\5.7.1\Pester.psm1:2160
at Invoke-Block, C:\Users\alexa\OneDrive\Documents\PowerShell\Modules\Pester\5.7.1\Pester.psm1:940
at &lt;ScriptBlock&gt;, C:\Users\alexa\OneDrive\Documents\PowerShell\Modules\Pester\5.7.1\Pester.psm1:1688
at &lt;ScriptBlock&gt;, C:\Users\alexa\OneDrive\Documents\PowerShell\Modules\Pester\5.7.1\Pester.ps1:3
at &lt;ScriptBlock&gt;, C:\Users\alexa\OneDrive\Documents\PowerShell\Modules\Pester\5.7.1\Pester.psm1:3260
at Invoke-InNewScriptScope, C:\Users\alexa\OneDrive\Documents\PowerShell\Modules\Pester\5.7.1\Pester.psm1:3267
at Run-Test, C:\Users\alexa\OneDrive\Documents\PowerShell\Modules\Pester\5.7.1\Pester.psm1:1691
at Invoke-Test, C:\Users\alexa\OneDrive\Documents\PowerShell\Modules\Pester\5.7.1\Pester.psm1:2512
at Invoke-Pester&lt;End&gt;, C:\Users\alexa\OneDrive\Documents\PowerShell\Modules\Pester\5.7.1\Pester.psm1:4960
at &lt;ScriptBlock&gt;, &lt;No file&gt;:1</stack-trace>
                    </failure>
                  </test-case>
                </results>
              </test-suite>
            </results>
          </test-suite>
        </results>
      </test-suite>
      <test-suite type="TestFixture" name="$env:PROJECT_ROOT\tests\unit\scripts\Enable-PXE.Tests.ps1" executed="True" result="Failure" success="False" time="0.2838" asserts="0" description="$env:PROJECT_ROOT\tests\unit\scripts\Enable-PXE.Tests.ps1">
        <results>
          <test-suite type="TestFixture" name="Enable-PXE Tests" executed="True" result="Failure" success="False" time="0.2457" asserts="0" description="Enable-PXE Tests">
            <results>
              <test-suite type="TestFixture" name="Enable-PXE Tests.Module Loading" executed="True" result="Failure" success="False" time="0.119" asserts="0" description="Enable-PXE Tests.Module Loading">
                <results>
                  <test-case description="should load required modules" name="Enable-PXE Tests.Module Loading.should load required modules" time="0.1159" asserts="0" success="False" result="Failure" executed="True">
                    <failure>
                      <message>RuntimeException: Should operator 'Be' is not registered
CmdletInvocationException: Should operator 'Be' is not registered
CommandNotFoundException: The 'Should' command was found in the module 'Pester', but the module could not be loaded due to the following error: [Should operator 'Be' is not registered]
For more information, run 'Import-Module Pester'.</message>
                      <stack-trace>at &lt;ScriptBlock&gt;, $env:PROJECT_ROOT\tests\unit\scripts\Enable-PXE.Tests.ps1:10
at &lt;ScriptBlock&gt;, C:\Users\alexa\OneDrive\Documents\PowerShell\Modules\Pester\5.7.1\Pester.psm1:2024
at &lt;ScriptBlock&gt;, C:\Users\alexa\OneDrive\Documents\PowerShell\Modules\Pester\5.7.1\Pester.psm1:1985
at Invoke-ScriptBlock, C:\Users\alexa\OneDrive\Documents\PowerShell\Modules\Pester\5.7.1\Pester.psm1:2157
at Invoke-TestItem, C:\Users\alexa\OneDrive\Documents\PowerShell\Modules\Pester\5.7.1\Pester.psm1:1199
at Invoke-Block, C:\Users\alexa\OneDrive\Documents\PowerShell\Modules\Pester\5.7.1\Pester.psm1:835
at &lt;ScriptBlock&gt;, C:\Users\alexa\OneDrive\Documents\PowerShell\Modules\Pester\5.7.1\Pester.psm1:893
at &lt;ScriptBlock&gt;, C:\Users\alexa\OneDrive\Documents\PowerShell\Modules\Pester\5.7.1\Pester.psm1:2024
at &lt;ScriptBlock&gt;, C:\Users\alexa\OneDrive\Documents\PowerShell\Modules\Pester\5.7.1\Pester.psm1:1985
at Invoke-ScriptBlock, C:\Users\alexa\OneDrive\Documents\PowerShell\Modules\Pester\5.7.1\Pester.psm1:2160
at Invoke-Block, C:\Users\alexa\OneDrive\Documents\PowerShell\Modules\Pester\5.7.1\Pester.psm1:940
at &lt;ScriptBlock&gt;, C:\Users\alexa\OneDrive\Documents\PowerShell\Modules\Pester\5.7.1\Pester.psm1:893
at &lt;ScriptBlock&gt;, C:\Users\alexa\OneDrive\Documents\PowerShell\Modules\Pester\5.7.1\Pester.psm1:2024
at &lt;ScriptBlock&gt;, C:\Users\alexa\OneDrive\Documents\PowerShell\Modules\Pester\5.7.1\Pester.psm1:1985
at Invoke-ScriptBlock, C:\Users\alexa\OneDrive\Documents\PowerShell\Modules\Pester\5.7.1\Pester.psm1:2160
at Invoke-Block, C:\Users\alexa\OneDrive\Documents\PowerShell\Modules\Pester\5.7.1\Pester.psm1:940
at &lt;ScriptBlock&gt;, C:\Users\alexa\OneDrive\Documents\PowerShell\Modules\Pester\5.7.1\Pester.psm1:893
at &lt;ScriptBlock&gt;, C:\Users\alexa\OneDrive\Documents\PowerShell\Modules\Pester\5.7.1\Pester.psm1:2024
at &lt;ScriptBlock&gt;, C:\Users\alexa\OneDrive\Documents\PowerShell\Modules\Pester\5.7.1\Pester.psm1:1985
at Invoke-ScriptBlock, C:\Users\alexa\OneDrive\Documents\PowerShell\Modules\Pester\5.7.1\Pester.psm1:2160
at Invoke-Block, C:\Users\alexa\OneDrive\Documents\PowerShell\Modules\Pester\5.7.1\Pester.psm1:940
at &lt;ScriptBlock&gt;, C:\Users\alexa\OneDrive\Documents\PowerShell\Modules\Pester\5.7.1\Pester.psm1:1688
at &lt;ScriptBlock&gt;, C:\Users\alexa\OneDrive\Documents\PowerShell\Modules\Pester\5.7.1\Pester.ps1:3
at &lt;ScriptBlock&gt;, C:\Users\alexa\OneDrive\Documents\PowerShell\Modules\Pester\5.7.1\Pester.psm1:3260
at Invoke-InNewScriptScope, C:\Users\alexa\OneDrive\Documents\PowerShell\Modules\Pester\5.7.1\Pester.psm1:3267
at Run-Test, C:\Users\alexa\OneDrive\Documents\PowerShell\Modules\Pester\5.7.1\Pester.psm1:1691
at Invoke-Test, C:\Users\alexa\OneDrive\Documents\PowerShell\Modules\Pester\5.7.1\Pester.psm1:2512
at Invoke-Pester&lt;End&gt;, C:\Users\alexa\OneDrive\Documents\PowerShell\Modules\Pester\5.7.1\Pester.psm1:4960
at &lt;ScriptBlock&gt;, &lt;No file&gt;:1</stack-trace>
                    </failure>
                  </test-case>
                </results>
              </test-suite>
              <test-suite type="TestFixture" name="Enable-PXE Tests.Functionality Tests" executed="True" result="Failure" success="False" time="0.2325" asserts="0" description="Enable-PXE Tests.Functionality Tests">
                <results>
                  <test-case description="should execute without errors" name="Enable-PXE Tests.Functionality Tests.should execute without errors" time="0.1111" asserts="0" success="False" result="Failure" executed="True">
                    <failure>
                      <message>RuntimeException: Should operator 'Be' is not registered
CmdletInvocationException: Should operator 'Be' is not registered
CommandNotFoundException: The 'Should' command was found in the module 'Pester', but the module could not be loaded due to the following error: [Should operator 'Be' is not registered]
For more information, run 'Import-Module Pester'.</message>
                      <stack-trace>at &lt;ScriptBlock&gt;, $env:PROJECT_ROOT\tests\unit\scripts\Enable-PXE.Tests.ps1:17
at &lt;ScriptBlock&gt;, C:\Users\alexa\OneDrive\Documents\PowerShell\Modules\Pester\5.7.1\Pester.psm1:2024
at &lt;ScriptBlock&gt;, C:\Users\alexa\OneDrive\Documents\PowerShell\Modules\Pester\5.7.1\Pester.psm1:1985
at Invoke-ScriptBlock, C:\Users\alexa\OneDrive\Documents\PowerShell\Modules\Pester\5.7.1\Pester.psm1:2157
at Invoke-TestItem, C:\Users\alexa\OneDrive\Documents\PowerShell\Modules\Pester\5.7.1\Pester.psm1:1199
at Invoke-Block, C:\Users\alexa\OneDrive\Documents\PowerShell\Modules\Pester\5.7.1\Pester.psm1:835
at &lt;ScriptBlock&gt;, C:\Users\alexa\OneDrive\Documents\PowerShell\Modules\Pester\5.7.1\Pester.psm1:893
at &lt;ScriptBlock&gt;, C:\Users\alexa\OneDrive\Documents\PowerShell\Modules\Pester\5.7.1\Pester.psm1:2024
at &lt;ScriptBlock&gt;, C:\Users\alexa\OneDrive\Documents\PowerShell\Modules\Pester\5.7.1\Pester.psm1:1985
at Invoke-ScriptBlock, C:\Users\alexa\OneDrive\Documents\PowerShell\Modules\Pester\5.7.1\Pester.psm1:2160
at Invoke-Block, C:\Users\alexa\OneDrive\Documents\PowerShell\Modules\Pester\5.7.1\Pester.psm1:940
at &lt;ScriptBlock&gt;, C:\Users\alexa\OneDrive\Documents\PowerShell\Modules\Pester\5.7.1\Pester.psm1:893
at &lt;ScriptBlock&gt;, C:\Users\alexa\OneDrive\Documents\PowerShell\Modules\Pester\5.7.1\Pester.psm1:2024
at &lt;ScriptBlock&gt;, C:\Users\alexa\OneDrive\Documents\PowerShell\Modules\Pester\5.7.1\Pester.psm1:1985
at Invoke-ScriptBlock, C:\Users\alexa\OneDrive\Documents\PowerShell\Modules\Pester\5.7.1\Pester.psm1:2160
at Invoke-Block, C:\Users\alexa\OneDrive\Documents\PowerShell\Modules\Pester\5.7.1\Pester.psm1:940
at &lt;ScriptBlock&gt;, C:\Users\alexa\OneDrive\Documents\PowerShell\Modules\Pester\5.7.1\Pester.psm1:893
at &lt;ScriptBlock&gt;, C:\Users\alexa\OneDrive\Documents\PowerShell\Modules\Pester\5.7.1\Pester.psm1:2024
at &lt;ScriptBlock&gt;, C:\Users\alexa\OneDrive\Documents\PowerShell\Modules\Pester\5.7.1\Pester.psm1:1985
at Invoke-ScriptBlock, C:\Users\alexa\OneDrive\Documents\PowerShell\Modules\Pester\5.7.1\Pester.psm1:2160
at Invoke-Block, C:\Users\alexa\OneDrive\Documents\PowerShell\Modules\Pester\5.7.1\Pester.psm1:940
at &lt;ScriptBlock&gt;, C:\Users\alexa\OneDrive\Documents\PowerShell\Modules\Pester\5.7.1\Pester.psm1:1688
at &lt;ScriptBlock&gt;, C:\Users\alexa\OneDrive\Documents\PowerShell\Modules\Pester\5.7.1\Pester.ps1:3
at &lt;ScriptBlock&gt;, C:\Users\alexa\OneDrive\Documents\PowerShell\Modules\Pester\5.7.1\Pester.psm1:3260
at Invoke-InNewScriptScope, C:\Users\alexa\OneDrive\Documents\PowerShell\Modules\Pester\5.7.1\Pester.psm1:3267
at Run-Test, C:\Users\alexa\OneDrive\Documents\PowerShell\Modules\Pester\5.7.1\Pester.psm1:1691
at Invoke-Test, C:\Users\alexa\OneDrive\Documents\PowerShell\Modules\Pester\5.7.1\Pester.psm1:2512
at Invoke-Pester&lt;End&gt;, C:\Users\alexa\OneDrive\Documents\PowerShell\Modules\Pester\5.7.1\Pester.psm1:4960
at &lt;ScriptBlock&gt;, &lt;No file&gt;:1</stack-trace>
                    </failure>
                  </test-case>
                </results>
              </test-suite>
            </results>
          </test-suite>
        </results>
      </test-suite>
      <test-suite type="TestFixture" name="$env:PROJECT_ROOT\tests\unit\scripts\Enable-RemoteDesktop.Tests.ps1" executed="True" result="Failure" success="False" time="0.2782" asserts="0" description="$env:PROJECT_ROOT\tests\unit\scripts\Enable-RemoteDesktop.Tests.ps1">
        <results>
          <test-suite type="TestFixture" name="Enable-RemoteDesktop Tests" executed="True" result="Failure" success="False" time="0.2436" asserts="0" description="Enable-RemoteDesktop Tests">
            <results>
              <test-suite type="TestFixture" name="Enable-RemoteDesktop Tests.Module Loading" executed="True" result="Failure" success="False" time="0.1174" asserts="0" description="Enable-RemoteDesktop Tests.Module Loading">
                <results>
                  <test-case description="should load required modules" name="Enable-RemoteDesktop Tests.Module Loading.should load required modules" time="0.1149" asserts="0" success="False" result="Failure" executed="True">
                    <failure>
                      <message>RuntimeException: Should operator 'Be' is not registered
CmdletInvocationException: Should operator 'Be' is not registered
CommandNotFoundException: The 'Should' command was found in the module 'Pester', but the module could not be loaded due to the following error: [Should operator 'Be' is not registered]
For more information, run 'Import-Module Pester'.</message>
                      <stack-trace>at &lt;ScriptBlock&gt;, $env:PROJECT_ROOT\tests\unit\scripts\Enable-RemoteDesktop.Tests.ps1:10
at &lt;ScriptBlock&gt;, C:\Users\alexa\OneDrive\Documents\PowerShell\Modules\Pester\5.7.1\Pester.psm1:2024
at &lt;ScriptBlock&gt;, C:\Users\alexa\OneDrive\Documents\PowerShell\Modules\Pester\5.7.1\Pester.psm1:1985
at Invoke-ScriptBlock, C:\Users\alexa\OneDrive\Documents\PowerShell\Modules\Pester\5.7.1\Pester.psm1:2157
at Invoke-TestItem, C:\Users\alexa\OneDrive\Documents\PowerShell\Modules\Pester\5.7.1\Pester.psm1:1199
at Invoke-Block, C:\Users\alexa\OneDrive\Documents\PowerShell\Modules\Pester\5.7.1\Pester.psm1:835
at &lt;ScriptBlock&gt;, C:\Users\alexa\OneDrive\Documents\PowerShell\Modules\Pester\5.7.1\Pester.psm1:893
at &lt;ScriptBlock&gt;, C:\Users\alexa\OneDrive\Documents\PowerShell\Modules\Pester\5.7.1\Pester.psm1:2024
at &lt;ScriptBlock&gt;, C:\Users\alexa\OneDrive\Documents\PowerShell\Modules\Pester\5.7.1\Pester.psm1:1985
at Invoke-ScriptBlock, C:\Users\alexa\OneDrive\Documents\PowerShell\Modules\Pester\5.7.1\Pester.psm1:2160
at Invoke-Block, C:\Users\alexa\OneDrive\Documents\PowerShell\Modules\Pester\5.7.1\Pester.psm1:940
at &lt;ScriptBlock&gt;, C:\Users\alexa\OneDrive\Documents\PowerShell\Modules\Pester\5.7.1\Pester.psm1:893
at &lt;ScriptBlock&gt;, C:\Users\alexa\OneDrive\Documents\PowerShell\Modules\Pester\5.7.1\Pester.psm1:2024
at &lt;ScriptBlock&gt;, C:\Users\alexa\OneDrive\Documents\PowerShell\Modules\Pester\5.7.1\Pester.psm1:1985
at Invoke-ScriptBlock, C:\Users\alexa\OneDrive\Documents\PowerShell\Modules\Pester\5.7.1\Pester.psm1:2160
at Invoke-Block, C:\Users\alexa\OneDrive\Documents\PowerShell\Modules\Pester\5.7.1\Pester.psm1:940
at &lt;ScriptBlock&gt;, C:\Users\alexa\OneDrive\Documents\PowerShell\Modules\Pester\5.7.1\Pester.psm1:893
at &lt;ScriptBlock&gt;, C:\Users\alexa\OneDrive\Documents\PowerShell\Modules\Pester\5.7.1\Pester.psm1:2024
at &lt;ScriptBlock&gt;, C:\Users\alexa\OneDrive\Documents\PowerShell\Modules\Pester\5.7.1\Pester.psm1:1985
at Invoke-ScriptBlock, C:\Users\alexa\OneDrive\Documents\PowerShell\Modules\Pester\5.7.1\Pester.psm1:2160
at Invoke-Block, C:\Users\alexa\OneDrive\Documents\PowerShell\Modules\Pester\5.7.1\Pester.psm1:940
at &lt;ScriptBlock&gt;, C:\Users\alexa\OneDrive\Documents\PowerShell\Modules\Pester\5.7.1\Pester.psm1:1688
at &lt;ScriptBlock&gt;, C:\Users\alexa\OneDrive\Documents\PowerShell\Modules\Pester\5.7.1\Pester.ps1:3
at &lt;ScriptBlock&gt;, C:\Users\alexa\OneDrive\Documents\PowerShell\Modules\Pester\5.7.1\Pester.psm1:3260
at Invoke-InNewScriptScope, C:\Users\alexa\OneDrive\Documents\PowerShell\Modules\Pester\5.7.1\Pester.psm1:3267
at Run-Test, C:\Users\alexa\OneDrive\Documents\PowerShell\Modules\Pester\5.7.1\Pester.psm1:1691
at Invoke-Test, C:\Users\alexa\OneDrive\Documents\PowerShell\Modules\Pester\5.7.1\Pester.psm1:2512
at Invoke-Pester&lt;End&gt;, C:\Users\alexa\OneDrive\Documents\PowerShell\Modules\Pester\5.7.1\Pester.psm1:4960
at &lt;ScriptBlock&gt;, &lt;No file&gt;:1</stack-trace>
                    </failure>
                  </test-case>
                </results>
              </test-suite>
              <test-suite type="TestFixture" name="Enable-RemoteDesktop Tests.Functionality Tests" executed="True" result="Failure" success="False" time="0.2297" asserts="0" description="Enable-RemoteDesktop Tests.Functionality Tests">
                <results>
                  <test-case description="should execute without errors" name="Enable-RemoteDesktop Tests.Functionality Tests.should execute without errors" time="0.1099" asserts="0" success="False" result="Failure" executed="True">
                    <failure>
                      <message>RuntimeException: Should operator 'Be' is not registered
CmdletInvocationException: Should operator 'Be' is not registered
CommandNotFoundException: The 'Should' command was found in the module 'Pester', but the module could not be loaded due to the following error: [Should operator 'Be' is not registered]
For more information, run 'Import-Module Pester'.</message>
                      <stack-trace>at &lt;ScriptBlock&gt;, $env:PROJECT_ROOT\tests\unit\scripts\Enable-RemoteDesktop.Tests.ps1:17
at &lt;ScriptBlock&gt;, C:\Users\alexa\OneDrive\Documents\PowerShell\Modules\Pester\5.7.1\Pester.psm1:2024
at &lt;ScriptBlock&gt;, C:\Users\alexa\OneDrive\Documents\PowerShell\Modules\Pester\5.7.1\Pester.psm1:1985
at Invoke-ScriptBlock, C:\Users\alexa\OneDrive\Documents\PowerShell\Modules\Pester\5.7.1\Pester.psm1:2157
at Invoke-TestItem, C:\Users\alexa\OneDrive\Documents\PowerShell\Modules\Pester\5.7.1\Pester.psm1:1199
at Invoke-Block, C:\Users\alexa\OneDrive\Documents\PowerShell\Modules\Pester\5.7.1\Pester.psm1:835
at &lt;ScriptBlock&gt;, C:\Users\alexa\OneDrive\Documents\PowerShell\Modules\Pester\5.7.1\Pester.psm1:893
at &lt;ScriptBlock&gt;, C:\Users\alexa\OneDrive\Documents\PowerShell\Modules\Pester\5.7.1\Pester.psm1:2024
at &lt;ScriptBlock&gt;, C:\Users\alexa\OneDrive\Documents\PowerShell\Modules\Pester\5.7.1\Pester.psm1:1985
at Invoke-ScriptBlock, C:\Users\alexa\OneDrive\Documents\PowerShell\Modules\Pester\5.7.1\Pester.psm1:2160
at Invoke-Block, C:\Users\alexa\OneDrive\Documents\PowerShell\Modules\Pester\5.7.1\Pester.psm1:940
at &lt;ScriptBlock&gt;, C:\Users\alexa\OneDrive\Documents\PowerShell\Modules\Pester\5.7.1\Pester.psm1:893
at &lt;ScriptBlock&gt;, C:\Users\alexa\OneDrive\Documents\PowerShell\Modules\Pester\5.7.1\Pester.psm1:2024
at &lt;ScriptBlock&gt;, C:\Users\alexa\OneDrive\Documents\PowerShell\Modules\Pester\5.7.1\Pester.psm1:1985
at Invoke-ScriptBlock, C:\Users\alexa\OneDrive\Documents\PowerShell\Modules\Pester\5.7.1\Pester.psm1:2160
at Invoke-Block, C:\Users\alexa\OneDrive\Documents\PowerShell\Modules\Pester\5.7.1\Pester.psm1:940
at &lt;ScriptBlock&gt;, C:\Users\alexa\OneDrive\Documents\PowerShell\Modules\Pester\5.7.1\Pester.psm1:893
at &lt;ScriptBlock&gt;, C:\Users\alexa\OneDrive\Documents\PowerShell\Modules\Pester\5.7.1\Pester.psm1:2024
at &lt;ScriptBlock&gt;, C:\Users\alexa\OneDrive\Documents\PowerShell\Modules\Pester\5.7.1\Pester.psm1:1985
at Invoke-ScriptBlock, C:\Users\alexa\OneDrive\Documents\PowerShell\Modules\Pester\5.7.1\Pester.psm1:2160
at Invoke-Block, C:\Users\alexa\OneDrive\Documents\PowerShell\Modules\Pester\5.7.1\Pester.psm1:940
at &lt;ScriptBlock&gt;, C:\Users\alexa\OneDrive\Documents\PowerShell\Modules\Pester\5.7.1\Pester.psm1:1688
at &lt;ScriptBlock&gt;, C:\Users\alexa\OneDrive\Documents\PowerShell\Modules\Pester\5.7.1\Pester.ps1:3
at &lt;ScriptBlock&gt;, C:\Users\alexa\OneDrive\Documents\PowerShell\Modules\Pester\5.7.1\Pester.psm1:3260
at Invoke-InNewScriptScope, C:\Users\alexa\OneDrive\Documents\PowerShell\Modules\Pester\5.7.1\Pester.psm1:3267
at Run-Test, C:\Users\alexa\OneDrive\Documents\PowerShell\Modules\Pester\5.7.1\Pester.psm1:1691
at Invoke-Test, C:\Users\alexa\OneDrive\Documents\PowerShell\Modules\Pester\5.7.1\Pester.psm1:2512
at Invoke-Pester&lt;End&gt;, C:\Users\alexa\OneDrive\Documents\PowerShell\Modules\Pester\5.7.1\Pester.psm1:4960
at &lt;ScriptBlock&gt;, &lt;No file&gt;:1</stack-trace>
                    </failure>
                  </test-case>
                </results>
              </test-suite>
            </results>
          </test-suite>
        </results>
      </test-suite>
      <test-suite type="TestFixture" name="$env:PROJECT_ROOT\tests\unit\scripts\Enable-WinRM.Tests.ps1" executed="True" result="Failure" success="False" time="0.2811" asserts="0" description="$env:PROJECT_ROOT\tests\unit\scripts\Enable-WinRM.Tests.ps1">
        <results>
          <test-suite type="TestFixture" name="Enable-WinRM Tests" executed="True" result="Failure" success="False" time="0.2446" asserts="0" description="Enable-WinRM Tests">
            <results>
              <test-suite type="TestFixture" name="Enable-WinRM Tests.Module Loading" executed="True" result="Failure" success="False" time="0.1135" asserts="0" description="Enable-WinRM Tests.Module Loading">
                <results>
                  <test-case description="should load required modules" name="Enable-WinRM Tests.Module Loading.should load required modules" time="0.1105" asserts="0" success="False" result="Failure" executed="True">
                    <failure>
                      <message>RuntimeException: Should operator 'Be' is not registered
CmdletInvocationException: Should operator 'Be' is not registered
CommandNotFoundException: The 'Should' command was found in the module 'Pester', but the module could not be loaded due to the following error: [Should operator 'Be' is not registered]
For more information, run 'Import-Module Pester'.</message>
                      <stack-trace>at &lt;ScriptBlock&gt;, $env:PROJECT_ROOT\tests\unit\scripts\Enable-WinRM.Tests.ps1:10
at &lt;ScriptBlock&gt;, C:\Users\alexa\OneDrive\Documents\PowerShell\Modules\Pester\5.7.1\Pester.psm1:2024
at &lt;ScriptBlock&gt;, C:\Users\alexa\OneDrive\Documents\PowerShell\Modules\Pester\5.7.1\Pester.psm1:1985
at Invoke-ScriptBlock, C:\Users\alexa\OneDrive\Documents\PowerShell\Modules\Pester\5.7.1\Pester.psm1:2157
at Invoke-TestItem, C:\Users\alexa\OneDrive\Documents\PowerShell\Modules\Pester\5.7.1\Pester.psm1:1199
at Invoke-Block, C:\Users\alexa\OneDrive\Documents\PowerShell\Modules\Pester\5.7.1\Pester.psm1:835
at &lt;ScriptBlock&gt;, C:\Users\alexa\OneDrive\Documents\PowerShell\Modules\Pester\5.7.1\Pester.psm1:893
at &lt;ScriptBlock&gt;, C:\Users\alexa\OneDrive\Documents\PowerShell\Modules\Pester\5.7.1\Pester.psm1:2024
at &lt;ScriptBlock&gt;, C:\Users\alexa\OneDrive\Documents\PowerShell\Modules\Pester\5.7.1\Pester.psm1:1985
at Invoke-ScriptBlock, C:\Users\alexa\OneDrive\Documents\PowerShell\Modules\Pester\5.7.1\Pester.psm1:2160
at Invoke-Block, C:\Users\alexa\OneDrive\Documents\PowerShell\Modules\Pester\5.7.1\Pester.psm1:940
at &lt;ScriptBlock&gt;, C:\Users\alexa\OneDrive\Documents\PowerShell\Modules\Pester\5.7.1\Pester.psm1:893
at &lt;ScriptBlock&gt;, C:\Users\alexa\OneDrive\Documents\PowerShell\Modules\Pester\5.7.1\Pester.psm1:2024
at &lt;ScriptBlock&gt;, C:\Users\alexa\OneDrive\Documents\PowerShell\Modules\Pester\5.7.1\Pester.psm1:1985
at Invoke-ScriptBlock, C:\Users\alexa\OneDrive\Documents\PowerShell\Modules\Pester\5.7.1\Pester.psm1:2160
at Invoke-Block, C:\Users\alexa\OneDrive\Documents\PowerShell\Modules\Pester\5.7.1\Pester.psm1:940
at &lt;ScriptBlock&gt;, C:\Users\alexa\OneDrive\Documents\PowerShell\Modules\Pester\5.7.1\Pester.psm1:893
at &lt;ScriptBlock&gt;, C:\Users\alexa\OneDrive\Documents\PowerShell\Modules\Pester\5.7.1\Pester.psm1:2024
at &lt;ScriptBlock&gt;, C:\Users\alexa\OneDrive\Documents\PowerShell\Modules\Pester\5.7.1\Pester.psm1:1985
at Invoke-ScriptBlock, C:\Users\alexa\OneDrive\Documents\PowerShell\Modules\Pester\5.7.1\Pester.psm1:2160
at Invoke-Block, C:\Users\alexa\OneDrive\Documents\PowerShell\Modules\Pester\5.7.1\Pester.psm1:940
at &lt;ScriptBlock&gt;, C:\Users\alexa\OneDrive\Documents\PowerShell\Modules\Pester\5.7.1\Pester.psm1:1688
at &lt;ScriptBlock&gt;, C:\Users\alexa\OneDrive\Documents\PowerShell\Modules\Pester\5.7.1\Pester.ps1:3
at &lt;ScriptBlock&gt;, C:\Users\alexa\OneDrive\Documents\PowerShell\Modules\Pester\5.7.1\Pester.psm1:3260
at Invoke-InNewScriptScope, C:\Users\alexa\OneDrive\Documents\PowerShell\Modules\Pester\5.7.1\Pester.psm1:3267
at Run-Test, C:\Users\alexa\OneDrive\Documents\PowerShell\Modules\Pester\5.7.1\Pester.psm1:1691
at Invoke-Test, C:\Users\alexa\OneDrive\Documents\PowerShell\Modules\Pester\5.7.1\Pester.psm1:2512
at Invoke-Pester&lt;End&gt;, C:\Users\alexa\OneDrive\Documents\PowerShell\Modules\Pester\5.7.1\Pester.psm1:4960
at &lt;ScriptBlock&gt;, &lt;No file&gt;:1</stack-trace>
                    </failure>
                  </test-case>
                </results>
              </test-suite>
              <test-suite type="TestFixture" name="Enable-WinRM Tests.Functionality Tests" executed="True" result="Failure" success="False" time="0.2313" asserts="0" description="Enable-WinRM Tests.Functionality Tests">
                <results>
                  <test-case description="should execute without errors" name="Enable-WinRM Tests.Functionality Tests.should execute without errors" time="0.115" asserts="0" success="False" result="Failure" executed="True">
                    <failure>
                      <message>RuntimeException: Should operator 'Be' is not registered
CmdletInvocationException: Should operator 'Be' is not registered
CommandNotFoundException: The 'Should' command was found in the module 'Pester', but the module could not be loaded due to the following error: [Should operator 'Be' is not registered]
For more information, run 'Import-Module Pester'.</message>
                      <stack-trace>at &lt;ScriptBlock&gt;, $env:PROJECT_ROOT\tests\unit\scripts\Enable-WinRM.Tests.ps1:17
at &lt;ScriptBlock&gt;, C:\Users\alexa\OneDrive\Documents\PowerShell\Modules\Pester\5.7.1\Pester.psm1:2024
at &lt;ScriptBlock&gt;, C:\Users\alexa\OneDrive\Documents\PowerShell\Modules\Pester\5.7.1\Pester.psm1:1985
at Invoke-ScriptBlock, C:\Users\alexa\OneDrive\Documents\PowerShell\Modules\Pester\5.7.1\Pester.psm1:2157
at Invoke-TestItem, C:\Users\alexa\OneDrive\Documents\PowerShell\Modules\Pester\5.7.1\Pester.psm1:1199
at Invoke-Block, C:\Users\alexa\OneDrive\Documents\PowerShell\Modules\Pester\5.7.1\Pester.psm1:835
at &lt;ScriptBlock&gt;, C:\Users\alexa\OneDrive\Documents\PowerShell\Modules\Pester\5.7.1\Pester.psm1:893
at &lt;ScriptBlock&gt;, C:\Users\alexa\OneDrive\Documents\PowerShell\Modules\Pester\5.7.1\Pester.psm1:2024
at &lt;ScriptBlock&gt;, C:\Users\alexa\OneDrive\Documents\PowerShell\Modules\Pester\5.7.1\Pester.psm1:1985
at Invoke-ScriptBlock, C:\Users\alexa\OneDrive\Documents\PowerShell\Modules\Pester\5.7.1\Pester.psm1:2160
at Invoke-Block, C:\Users\alexa\OneDrive\Documents\PowerShell\Modules\Pester\5.7.1\Pester.psm1:940
at &lt;ScriptBlock&gt;, C:\Users\alexa\OneDrive\Documents\PowerShell\Modules\Pester\5.7.1\Pester.psm1:893
at &lt;ScriptBlock&gt;, C:\Users\alexa\OneDrive\Documents\PowerShell\Modules\Pester\5.7.1\Pester.psm1:2024
at &lt;ScriptBlock&gt;, C:\Users\alexa\OneDrive\Documents\PowerShell\Modules\Pester\5.7.1\Pester.psm1:1985
at Invoke-ScriptBlock, C:\Users\alexa\OneDrive\Documents\PowerShell\Modules\Pester\5.7.1\Pester.psm1:2160
at Invoke-Block, C:\Users\alexa\OneDrive\Documents\PowerShell\Modules\Pester\5.7.1\Pester.psm1:940
at &lt;ScriptBlock&gt;, C:\Users\alexa\OneDrive\Documents\PowerShell\Modules\Pester\5.7.1\Pester.psm1:893
at &lt;ScriptBlock&gt;, C:\Users\alexa\OneDrive\Documents\PowerShell\Modules\Pester\5.7.1\Pester.psm1:2024
at &lt;ScriptBlock&gt;, C:\Users\alexa\OneDrive\Documents\PowerShell\Modules\Pester\5.7.1\Pester.psm1:1985
at Invoke-ScriptBlock, C:\Users\alexa\OneDrive\Documents\PowerShell\Modules\Pester\5.7.1\Pester.psm1:2160
at Invoke-Block, C:\Users\alexa\OneDrive\Documents\PowerShell\Modules\Pester\5.7.1\Pester.psm1:940
at &lt;ScriptBlock&gt;, C:\Users\alexa\OneDrive\Documents\PowerShell\Modules\Pester\5.7.1\Pester.psm1:1688
at &lt;ScriptBlock&gt;, C:\Users\alexa\OneDrive\Documents\PowerShell\Modules\Pester\5.7.1\Pester.ps1:3
at &lt;ScriptBlock&gt;, C:\Users\alexa\OneDrive\Documents\PowerShell\Modules\Pester\5.7.1\Pester.psm1:3260
at Invoke-InNewScriptScope, C:\Users\alexa\OneDrive\Documents\PowerShell\Modules\Pester\5.7.1\Pester.psm1:3267
at Run-Test, C:\Users\alexa\OneDrive\Documents\PowerShell\Modules\Pester\5.7.1\Pester.psm1:1691
at Invoke-Test, C:\Users\alexa\OneDrive\Documents\PowerShell\Modules\Pester\5.7.1\Pester.psm1:2512
at Invoke-Pester&lt;End&gt;, C:\Users\alexa\OneDrive\Documents\PowerShell\Modules\Pester\5.7.1\Pester.psm1:4960
at &lt;ScriptBlock&gt;, &lt;No file&gt;:1</stack-trace>
                    </failure>
                  </test-case>
                </results>
              </test-suite>
            </results>
          </test-suite>
        </results>
      </test-suite>
      <test-suite type="TestFixture" name="$env:PROJECT_ROOT\tests\unit\scripts\Get-HyperVProviderVersion.Tests.ps1" executed="True" result="Failure" success="False" time="0.2857" asserts="0" description="$env:PROJECT_ROOT\tests\unit\scripts\Get-HyperVProviderVersion.Tests.ps1">
        <results>
          <test-suite type="TestFixture" name="Get-HyperVProviderVersion Tests" executed="True" result="Failure" success="False" time="0.2513" asserts="0" description="Get-HyperVProviderVersion Tests">
            <results>
              <test-suite type="TestFixture" name="Get-HyperVProviderVersion Tests.Module Loading" executed="True" result="Failure" success="False" time="0.1131" asserts="0" description="Get-HyperVProviderVersion Tests.Module Loading">
                <results>
                  <test-case description="should load required modules" name="Get-HyperVProviderVersion Tests.Module Loading.should load required modules" time="0.1104" asserts="0" success="False" result="Failure" executed="True">
                    <failure>
                      <message>RuntimeException: Should operator 'Be' is not registered
CmdletInvocationException: Should operator 'Be' is not registered
CommandNotFoundException: The 'Should' command was found in the module 'Pester', but the module could not be loaded due to the following error: [Should operator 'Be' is not registered]
For more information, run 'Import-Module Pester'.</message>
                      <stack-trace>at &lt;ScriptBlock&gt;, $env:PROJECT_ROOT\tests\unit\scripts\Get-HyperVProviderVersion.Tests.ps1:10
at &lt;ScriptBlock&gt;, C:\Users\alexa\OneDrive\Documents\PowerShell\Modules\Pester\5.7.1\Pester.psm1:2024
at &lt;ScriptBlock&gt;, C:\Users\alexa\OneDrive\Documents\PowerShell\Modules\Pester\5.7.1\Pester.psm1:1985
at Invoke-ScriptBlock, C:\Users\alexa\OneDrive\Documents\PowerShell\Modules\Pester\5.7.1\Pester.psm1:2157
at Invoke-TestItem, C:\Users\alexa\OneDrive\Documents\PowerShell\Modules\Pester\5.7.1\Pester.psm1:1199
at Invoke-Block, C:\Users\alexa\OneDrive\Documents\PowerShell\Modules\Pester\5.7.1\Pester.psm1:835
at &lt;ScriptBlock&gt;, C:\Users\alexa\OneDrive\Documents\PowerShell\Modules\Pester\5.7.1\Pester.psm1:893
at &lt;ScriptBlock&gt;, C:\Users\alexa\OneDrive\Documents\PowerShell\Modules\Pester\5.7.1\Pester.psm1:2024
at &lt;ScriptBlock&gt;, C:\Users\alexa\OneDrive\Documents\PowerShell\Modules\Pester\5.7.1\Pester.psm1:1985
at Invoke-ScriptBlock, C:\Users\alexa\OneDrive\Documents\PowerShell\Modules\Pester\5.7.1\Pester.psm1:2160
at Invoke-Block, C:\Users\alexa\OneDrive\Documents\PowerShell\Modules\Pester\5.7.1\Pester.psm1:940
at &lt;ScriptBlock&gt;, C:\Users\alexa\OneDrive\Documents\PowerShell\Modules\Pester\5.7.1\Pester.psm1:893
at &lt;ScriptBlock&gt;, C:\Users\alexa\OneDrive\Documents\PowerShell\Modules\Pester\5.7.1\Pester.psm1:2024
at &lt;ScriptBlock&gt;, C:\Users\alexa\OneDrive\Documents\PowerShell\Modules\Pester\5.7.1\Pester.psm1:1985
at Invoke-ScriptBlock, C:\Users\alexa\OneDrive\Documents\PowerShell\Modules\Pester\5.7.1\Pester.psm1:2160
at Invoke-Block, C:\Users\alexa\OneDrive\Documents\PowerShell\Modules\Pester\5.7.1\Pester.psm1:940
at &lt;ScriptBlock&gt;, C:\Users\alexa\OneDrive\Documents\PowerShell\Modules\Pester\5.7.1\Pester.psm1:893
at &lt;ScriptBlock&gt;, C:\Users\alexa\OneDrive\Documents\PowerShell\Modules\Pester\5.7.1\Pester.psm1:2024
at &lt;ScriptBlock&gt;, C:\Users\alexa\OneDrive\Documents\PowerShell\Modules\Pester\5.7.1\Pester.psm1:1985
at Invoke-ScriptBlock, C:\Users\alexa\OneDrive\Documents\PowerShell\Modules\Pester\5.7.1\Pester.psm1:2160
at Invoke-Block, C:\Users\alexa\OneDrive\Documents\PowerShell\Modules\Pester\5.7.1\Pester.psm1:940
at &lt;ScriptBlock&gt;, C:\Users\alexa\OneDrive\Documents\PowerShell\Modules\Pester\5.7.1\Pester.psm1:1688
at &lt;ScriptBlock&gt;, C:\Users\alexa\OneDrive\Documents\PowerShell\Modules\Pester\5.7.1\Pester.ps1:3
at &lt;ScriptBlock&gt;, C:\Users\alexa\OneDrive\Documents\PowerShell\Modules\Pester\5.7.1\Pester.psm1:3260
at Invoke-InNewScriptScope, C:\Users\alexa\OneDrive\Documents\PowerShell\Modules\Pester\5.7.1\Pester.psm1:3267
at Run-Test, C:\Users\alexa\OneDrive\Documents\PowerShell\Modules\Pester\5.7.1\Pester.psm1:1691
at Invoke-Test, C:\Users\alexa\OneDrive\Documents\PowerShell\Modules\Pester\5.7.1\Pester.psm1:2512
at Invoke-Pester&lt;End&gt;, C:\Users\alexa\OneDrive\Documents\PowerShell\Modules\Pester\5.7.1\Pester.psm1:4960
at &lt;ScriptBlock&gt;, &lt;No file&gt;:1</stack-trace>
                    </failure>
                  </test-case>
                </results>
              </test-suite>
              <test-suite type="TestFixture" name="Get-HyperVProviderVersion Tests.Functionality Tests" executed="True" result="Failure" success="False" time="0.2306" asserts="0" description="Get-HyperVProviderVersion Tests.Functionality Tests">
                <results>
                  <test-case description="should execute without errors" name="Get-HyperVProviderVersion Tests.Functionality Tests.should execute without errors" time="0.1149" asserts="0" success="False" result="Failure" executed="True">
                    <failure>
                      <message>RuntimeException: Should operator 'Be' is not registered
CmdletInvocationException: Should operator 'Be' is not registered
CommandNotFoundException: The 'Should' command was found in the module 'Pester', but the module could not be loaded due to the following error: [Should operator 'Be' is not registered]
For more information, run 'Import-Module Pester'.</message>
                      <stack-trace>at &lt;ScriptBlock&gt;, $env:PROJECT_ROOT\tests\unit\scripts\Get-HyperVProviderVersion.Tests.ps1:17
at &lt;ScriptBlock&gt;, C:\Users\alexa\OneDrive\Documents\PowerShell\Modules\Pester\5.7.1\Pester.psm1:2024
at &lt;ScriptBlock&gt;, C:\Users\alexa\OneDrive\Documents\PowerShell\Modules\Pester\5.7.1\Pester.psm1:1985
at Invoke-ScriptBlock, C:\Users\alexa\OneDrive\Documents\PowerShell\Modules\Pester\5.7.1\Pester.psm1:2157
at Invoke-TestItem, C:\Users\alexa\OneDrive\Documents\PowerShell\Modules\Pester\5.7.1\Pester.psm1:1199
at Invoke-Block, C:\Users\alexa\OneDrive\Documents\PowerShell\Modules\Pester\5.7.1\Pester.psm1:835
at &lt;ScriptBlock&gt;, C:\Users\alexa\OneDrive\Documents\PowerShell\Modules\Pester\5.7.1\Pester.psm1:893
at &lt;ScriptBlock&gt;, C:\Users\alexa\OneDrive\Documents\PowerShell\Modules\Pester\5.7.1\Pester.psm1:2024
at &lt;ScriptBlock&gt;, C:\Users\alexa\OneDrive\Documents\PowerShell\Modules\Pester\5.7.1\Pester.psm1:1985
at Invoke-ScriptBlock, C:\Users\alexa\OneDrive\Documents\PowerShell\Modules\Pester\5.7.1\Pester.psm1:2160
at Invoke-Block, C:\Users\alexa\OneDrive\Documents\PowerShell\Modules\Pester\5.7.1\Pester.psm1:940
at &lt;ScriptBlock&gt;, C:\Users\alexa\OneDrive\Documents\PowerShell\Modules\Pester\5.7.1\Pester.psm1:893
at &lt;ScriptBlock&gt;, C:\Users\alexa\OneDrive\Documents\PowerShell\Modules\Pester\5.7.1\Pester.psm1:2024
at &lt;ScriptBlock&gt;, C:\Users\alexa\OneDrive\Documents\PowerShell\Modules\Pester\5.7.1\Pester.psm1:1985
at Invoke-ScriptBlock, C:\Users\alexa\OneDrive\Documents\PowerShell\Modules\Pester\5.7.1\Pester.psm1:2160
at Invoke-Block, C:\Users\alexa\OneDrive\Documents\PowerShell\Modules\Pester\5.7.1\Pester.psm1:940
at &lt;ScriptBlock&gt;, C:\Users\alexa\OneDrive\Documents\PowerShell\Modules\Pester\5.7.1\Pester.psm1:893
at &lt;ScriptBlock&gt;, C:\Users\alexa\OneDrive\Documents\PowerShell\Modules\Pester\5.7.1\Pester.psm1:2024
at &lt;ScriptBlock&gt;, C:\Users\alexa\OneDrive\Documents\PowerShell\Modules\Pester\5.7.1\Pester.psm1:1985
at Invoke-ScriptBlock, C:\Users\alexa\OneDrive\Documents\PowerShell\Modules\Pester\5.7.1\Pester.psm1:2160
at Invoke-Block, C:\Users\alexa\OneDrive\Documents\PowerShell\Modules\Pester\5.7.1\Pester.psm1:940
at &lt;ScriptBlock&gt;, C:\Users\alexa\OneDrive\Documents\PowerShell\Modules\Pester\5.7.1\Pester.psm1:1688
at &lt;ScriptBlock&gt;, C:\Users\alexa\OneDrive\Documents\PowerShell\Modules\Pester\5.7.1\Pester.ps1:3
at &lt;ScriptBlock&gt;, C:\Users\alexa\OneDrive\Documents\PowerShell\Modules\Pester\5.7.1\Pester.psm1:3260
at Invoke-InNewScriptScope, C:\Users\alexa\OneDrive\Documents\PowerShell\Modules\Pester\5.7.1\Pester.psm1:3267
at Run-Test, C:\Users\alexa\OneDrive\Documents\PowerShell\Modules\Pester\5.7.1\Pester.psm1:1691
at Invoke-Test, C:\Users\alexa\OneDrive\Documents\PowerShell\Modules\Pester\5.7.1\Pester.psm1:2512
at Invoke-Pester&lt;End&gt;, C:\Users\alexa\OneDrive\Documents\PowerShell\Modules\Pester\5.7.1\Pester.psm1:4960
at &lt;ScriptBlock&gt;, &lt;No file&gt;:1</stack-trace>
                    </failure>
                  </test-case>
                </results>
              </test-suite>
            </results>
          </test-suite>
        </results>
      </test-suite>
      <test-suite type="TestFixture" name="$env:PROJECT_ROOT\tests\unit\scripts\Get-LabConfig.Tests.ps1" executed="True" result="Failure" success="False" time="0.2846" asserts="0" description="$env:PROJECT_ROOT\tests\unit\scripts\Get-LabConfig.Tests.ps1">
        <results>
          <test-suite type="TestFixture" name="Get-LabConfig Tests" executed="True" result="Failure" success="False" time="0.2494" asserts="0" description="Get-LabConfig Tests">
            <results>
              <test-suite type="TestFixture" name="Get-LabConfig Tests.Module Loading" executed="True" result="Failure" success="False" time="0.1124" asserts="0" description="Get-LabConfig Tests.Module Loading">
                <results>
                  <test-case description="should load required modules" name="Get-LabConfig Tests.Module Loading.should load required modules" time="0.1095" asserts="0" success="False" result="Failure" executed="True">
                    <failure>
                      <message>RuntimeException: Should operator 'Be' is not registered
CmdletInvocationException: Should operator 'Be' is not registered
CommandNotFoundException: The 'Should' command was found in the module 'Pester', but the module could not be loaded due to the following error: [Should operator 'Be' is not registered]
For more information, run 'Import-Module Pester'.</message>
                      <stack-trace>at &lt;ScriptBlock&gt;, $env:PROJECT_ROOT\tests\unit\scripts\Get-LabConfig.Tests.ps1:10
at &lt;ScriptBlock&gt;, C:\Users\alexa\OneDrive\Documents\PowerShell\Modules\Pester\5.7.1\Pester.psm1:2024
at &lt;ScriptBlock&gt;, C:\Users\alexa\OneDrive\Documents\PowerShell\Modules\Pester\5.7.1\Pester.psm1:1985
at Invoke-ScriptBlock, C:\Users\alexa\OneDrive\Documents\PowerShell\Modules\Pester\5.7.1\Pester.psm1:2157
at Invoke-TestItem, C:\Users\alexa\OneDrive\Documents\PowerShell\Modules\Pester\5.7.1\Pester.psm1:1199
at Invoke-Block, C:\Users\alexa\OneDrive\Documents\PowerShell\Modules\Pester\5.7.1\Pester.psm1:835
at &lt;ScriptBlock&gt;, C:\Users\alexa\OneDrive\Documents\PowerShell\Modules\Pester\5.7.1\Pester.psm1:893
at &lt;ScriptBlock&gt;, C:\Users\alexa\OneDrive\Documents\PowerShell\Modules\Pester\5.7.1\Pester.psm1:2024
at &lt;ScriptBlock&gt;, C:\Users\alexa\OneDrive\Documents\PowerShell\Modules\Pester\5.7.1\Pester.psm1:1985
at Invoke-ScriptBlock, C:\Users\alexa\OneDrive\Documents\PowerShell\Modules\Pester\5.7.1\Pester.psm1:2160
at Invoke-Block, C:\Users\alexa\OneDrive\Documents\PowerShell\Modules\Pester\5.7.1\Pester.psm1:940
at &lt;ScriptBlock&gt;, C:\Users\alexa\OneDrive\Documents\PowerShell\Modules\Pester\5.7.1\Pester.psm1:893
at &lt;ScriptBlock&gt;, C:\Users\alexa\OneDrive\Documents\PowerShell\Modules\Pester\5.7.1\Pester.psm1:2024
at &lt;ScriptBlock&gt;, C:\Users\alexa\OneDrive\Documents\PowerShell\Modules\Pester\5.7.1\Pester.psm1:1985
at Invoke-ScriptBlock, C:\Users\alexa\OneDrive\Documents\PowerShell\Modules\Pester\5.7.1\Pester.psm1:2160
at Invoke-Block, C:\Users\alexa\OneDrive\Documents\PowerShell\Modules\Pester\5.7.1\Pester.psm1:940
at &lt;ScriptBlock&gt;, C:\Users\alexa\OneDrive\Documents\PowerShell\Modules\Pester\5.7.1\Pester.psm1:893
at &lt;ScriptBlock&gt;, C:\Users\alexa\OneDrive\Documents\PowerShell\Modules\Pester\5.7.1\Pester.psm1:2024
at &lt;ScriptBlock&gt;, C:\Users\alexa\OneDrive\Documents\PowerShell\Modules\Pester\5.7.1\Pester.psm1:1985
at Invoke-ScriptBlock, C:\Users\alexa\OneDrive\Documents\PowerShell\Modules\Pester\5.7.1\Pester.psm1:2160
at Invoke-Block, C:\Users\alexa\OneDrive\Documents\PowerShell\Modules\Pester\5.7.1\Pester.psm1:940
at &lt;ScriptBlock&gt;, C:\Users\alexa\OneDrive\Documents\PowerShell\Modules\Pester\5.7.1\Pester.psm1:1688
at &lt;ScriptBlock&gt;, C:\Users\alexa\OneDrive\Documents\PowerShell\Modules\Pester\5.7.1\Pester.ps1:3
at &lt;ScriptBlock&gt;, C:\Users\alexa\OneDrive\Documents\PowerShell\Modules\Pester\5.7.1\Pester.psm1:3260
at Invoke-InNewScriptScope, C:\Users\alexa\OneDrive\Documents\PowerShell\Modules\Pester\5.7.1\Pester.psm1:3267
at Run-Test, C:\Users\alexa\OneDrive\Documents\PowerShell\Modules\Pester\5.7.1\Pester.psm1:1691
at Invoke-Test, C:\Users\alexa\OneDrive\Documents\PowerShell\Modules\Pester\5.7.1\Pester.psm1:2512
at Invoke-Pester&lt;End&gt;, C:\Users\alexa\OneDrive\Documents\PowerShell\Modules\Pester\5.7.1\Pester.psm1:4960
at &lt;ScriptBlock&gt;, &lt;No file&gt;:1</stack-trace>
                    </failure>
                  </test-case>
                </results>
              </test-suite>
              <test-suite type="TestFixture" name="Get-LabConfig Tests.Functionality Tests" executed="True" result="Failure" success="False" time="0.2312" asserts="0" description="Get-LabConfig Tests.Functionality Tests">
                <results>
                  <test-case description="should execute without errors" name="Get-LabConfig Tests.Functionality Tests.should execute without errors" time="0.1163" asserts="0" success="False" result="Failure" executed="True">
                    <failure>
                      <message>RuntimeException: Should operator 'Be' is not registered
CmdletInvocationException: Should operator 'Be' is not registered
CommandNotFoundException: The 'Should' command was found in the module 'Pester', but the module could not be loaded due to the following error: [Should operator 'Be' is not registered]
For more information, run 'Import-Module Pester'.</message>
                      <stack-trace>at &lt;ScriptBlock&gt;, $env:PROJECT_ROOT\tests\unit\scripts\Get-LabConfig.Tests.ps1:17
at &lt;ScriptBlock&gt;, C:\Users\alexa\OneDrive\Documents\PowerShell\Modules\Pester\5.7.1\Pester.psm1:2024
at &lt;ScriptBlock&gt;, C:\Users\alexa\OneDrive\Documents\PowerShell\Modules\Pester\5.7.1\Pester.psm1:1985
at Invoke-ScriptBlock, C:\Users\alexa\OneDrive\Documents\PowerShell\Modules\Pester\5.7.1\Pester.psm1:2157
at Invoke-TestItem, C:\Users\alexa\OneDrive\Documents\PowerShell\Modules\Pester\5.7.1\Pester.psm1:1199
at Invoke-Block, C:\Users\alexa\OneDrive\Documents\PowerShell\Modules\Pester\5.7.1\Pester.psm1:835
at &lt;ScriptBlock&gt;, C:\Users\alexa\OneDrive\Documents\PowerShell\Modules\Pester\5.7.1\Pester.psm1:893
at &lt;ScriptBlock&gt;, C:\Users\alexa\OneDrive\Documents\PowerShell\Modules\Pester\5.7.1\Pester.psm1:2024
at &lt;ScriptBlock&gt;, C:\Users\alexa\OneDrive\Documents\PowerShell\Modules\Pester\5.7.1\Pester.psm1:1985
at Invoke-ScriptBlock, C:\Users\alexa\OneDrive\Documents\PowerShell\Modules\Pester\5.7.1\Pester.psm1:2160
at Invoke-Block, C:\Users\alexa\OneDrive\Documents\PowerShell\Modules\Pester\5.7.1\Pester.psm1:940
at &lt;ScriptBlock&gt;, C:\Users\alexa\OneDrive\Documents\PowerShell\Modules\Pester\5.7.1\Pester.psm1:893
at &lt;ScriptBlock&gt;, C:\Users\alexa\OneDrive\Documents\PowerShell\Modules\Pester\5.7.1\Pester.psm1:2024
at &lt;ScriptBlock&gt;, C:\Users\alexa\OneDrive\Documents\PowerShell\Modules\Pester\5.7.1\Pester.psm1:1985
at Invoke-ScriptBlock, C:\Users\alexa\OneDrive\Documents\PowerShell\Modules\Pester\5.7.1\Pester.psm1:2160
at Invoke-Block, C:\Users\alexa\OneDrive\Documents\PowerShell\Modules\Pester\5.7.1\Pester.psm1:940
at &lt;ScriptBlock&gt;, C:\Users\alexa\OneDrive\Documents\PowerShell\Modules\Pester\5.7.1\Pester.psm1:893
at &lt;ScriptBlock&gt;, C:\Users\alexa\OneDrive\Documents\PowerShell\Modules\Pester\5.7.1\Pester.psm1:2024
at &lt;ScriptBlock&gt;, C:\Users\alexa\OneDrive\Documents\PowerShell\Modules\Pester\5.7.1\Pester.psm1:1985
at Invoke-ScriptBlock, C:\Users\alexa\OneDrive\Documents\PowerShell\Modules\Pester\5.7.1\Pester.psm1:2160
at Invoke-Block, C:\Users\alexa\OneDrive\Documents\PowerShell\Modules\Pester\5.7.1\Pester.psm1:940
at &lt;ScriptBlock&gt;, C:\Users\alexa\OneDrive\Documents\PowerShell\Modules\Pester\5.7.1\Pester.psm1:1688
at &lt;ScriptBlock&gt;, C:\Users\alexa\OneDrive\Documents\PowerShell\Modules\Pester\5.7.1\Pester.ps1:3
at &lt;ScriptBlock&gt;, C:\Users\alexa\OneDrive\Documents\PowerShell\Modules\Pester\5.7.1\Pester.psm1:3260
at Invoke-InNewScriptScope, C:\Users\alexa\OneDrive\Documents\PowerShell\Modules\Pester\5.7.1\Pester.psm1:3267
at Run-Test, C:\Users\alexa\OneDrive\Documents\PowerShell\Modules\Pester\5.7.1\Pester.psm1:1691
at Invoke-Test, C:\Users\alexa\OneDrive\Documents\PowerShell\Modules\Pester\5.7.1\Pester.psm1:2512
at Invoke-Pester&lt;End&gt;, C:\Users\alexa\OneDrive\Documents\PowerShell\Modules\Pester\5.7.1\Pester.psm1:4960
at &lt;ScriptBlock&gt;, &lt;No file&gt;:1</stack-trace>
                    </failure>
                  </test-case>
                </results>
              </test-suite>
            </results>
          </test-suite>
        </results>
      </test-suite>
      <test-suite type="TestFixture" name="$env:PROJECT_ROOT\tests\unit\scripts\Get-Platform.Tests.ps1" executed="True" result="Failure" success="False" time="0.2873" asserts="0" description="$env:PROJECT_ROOT\tests\unit\scripts\Get-Platform.Tests.ps1">
        <results>
          <test-suite type="TestFixture" name="Get-Platform Tests" executed="True" result="Failure" success="False" time="0.2525" asserts="0" description="Get-Platform Tests">
            <results>
              <test-suite type="TestFixture" name="Get-Platform Tests.Module Loading" executed="True" result="Failure" success="False" time="0.118" asserts="0" description="Get-Platform Tests.Module Loading">
                <results>
                  <test-case description="should load required modules" name="Get-Platform Tests.Module Loading.should load required modules" time="0.1104" asserts="0" success="False" result="Failure" executed="True">
                    <failure>
                      <message>RuntimeException: Should operator 'Be' is not registered
CmdletInvocationException: Should operator 'Be' is not registered
CommandNotFoundException: The 'Should' command was found in the module 'Pester', but the module could not be loaded due to the following error: [Should operator 'Be' is not registered]
For more information, run 'Import-Module Pester'.</message>
                      <stack-trace>at &lt;ScriptBlock&gt;, $env:PROJECT_ROOT\tests\unit\scripts\Get-Platform.Tests.ps1:10
at &lt;ScriptBlock&gt;, C:\Users\alexa\OneDrive\Documents\PowerShell\Modules\Pester\5.7.1\Pester.psm1:2024
at &lt;ScriptBlock&gt;, C:\Users\alexa\OneDrive\Documents\PowerShell\Modules\Pester\5.7.1\Pester.psm1:1985
at Invoke-ScriptBlock, C:\Users\alexa\OneDrive\Documents\PowerShell\Modules\Pester\5.7.1\Pester.psm1:2157
at Invoke-TestItem, C:\Users\alexa\OneDrive\Documents\PowerShell\Modules\Pester\5.7.1\Pester.psm1:1199
at Invoke-Block, C:\Users\alexa\OneDrive\Documents\PowerShell\Modules\Pester\5.7.1\Pester.psm1:835
at &lt;ScriptBlock&gt;, C:\Users\alexa\OneDrive\Documents\PowerShell\Modules\Pester\5.7.1\Pester.psm1:893
at &lt;ScriptBlock&gt;, C:\Users\alexa\OneDrive\Documents\PowerShell\Modules\Pester\5.7.1\Pester.psm1:2024
at &lt;ScriptBlock&gt;, C:\Users\alexa\OneDrive\Documents\PowerShell\Modules\Pester\5.7.1\Pester.psm1:1985
at Invoke-ScriptBlock, C:\Users\alexa\OneDrive\Documents\PowerShell\Modules\Pester\5.7.1\Pester.psm1:2160
at Invoke-Block, C:\Users\alexa\OneDrive\Documents\PowerShell\Modules\Pester\5.7.1\Pester.psm1:940
at &lt;ScriptBlock&gt;, C:\Users\alexa\OneDrive\Documents\PowerShell\Modules\Pester\5.7.1\Pester.psm1:893
at &lt;ScriptBlock&gt;, C:\Users\alexa\OneDrive\Documents\PowerShell\Modules\Pester\5.7.1\Pester.psm1:2024
at &lt;ScriptBlock&gt;, C:\Users\alexa\OneDrive\Documents\PowerShell\Modules\Pester\5.7.1\Pester.psm1:1985
at Invoke-ScriptBlock, C:\Users\alexa\OneDrive\Documents\PowerShell\Modules\Pester\5.7.1\Pester.psm1:2160
at Invoke-Block, C:\Users\alexa\OneDrive\Documents\PowerShell\Modules\Pester\5.7.1\Pester.psm1:940
at &lt;ScriptBlock&gt;, C:\Users\alexa\OneDrive\Documents\PowerShell\Modules\Pester\5.7.1\Pester.psm1:893
at &lt;ScriptBlock&gt;, C:\Users\alexa\OneDrive\Documents\PowerShell\Modules\Pester\5.7.1\Pester.psm1:2024
at &lt;ScriptBlock&gt;, C:\Users\alexa\OneDrive\Documents\PowerShell\Modules\Pester\5.7.1\Pester.psm1:1985
at Invoke-ScriptBlock, C:\Users\alexa\OneDrive\Documents\PowerShell\Modules\Pester\5.7.1\Pester.psm1:2160
at Invoke-Block, C:\Users\alexa\OneDrive\Documents\PowerShell\Modules\Pester\5.7.1\Pester.psm1:940
at &lt;ScriptBlock&gt;, C:\Users\alexa\OneDrive\Documents\PowerShell\Modules\Pester\5.7.1\Pester.psm1:1688
at &lt;ScriptBlock&gt;, C:\Users\alexa\OneDrive\Documents\PowerShell\Modules\Pester\5.7.1\Pester.ps1:3
at &lt;ScriptBlock&gt;, C:\Users\alexa\OneDrive\Documents\PowerShell\Modules\Pester\5.7.1\Pester.psm1:3260
at Invoke-InNewScriptScope, C:\Users\alexa\OneDrive\Documents\PowerShell\Modules\Pester\5.7.1\Pester.psm1:3267
at Run-Test, C:\Users\alexa\OneDrive\Documents\PowerShell\Modules\Pester\5.7.1\Pester.psm1:1691
at Invoke-Test, C:\Users\alexa\OneDrive\Documents\PowerShell\Modules\Pester\5.7.1\Pester.psm1:2512
at Invoke-Pester&lt;End&gt;, C:\Users\alexa\OneDrive\Documents\PowerShell\Modules\Pester\5.7.1\Pester.psm1:4960
at &lt;ScriptBlock&gt;, &lt;No file&gt;:1</stack-trace>
                    </failure>
                  </test-case>
                </results>
              </test-suite>
              <test-suite type="TestFixture" name="Get-Platform Tests.Functionality Tests" executed="True" result="Failure" success="False" time="0.2383" asserts="0" description="Get-Platform Tests.Functionality Tests">
                <results>
                  <test-case description="should execute without errors" name="Get-Platform Tests.Functionality Tests.should execute without errors" time="0.1179" asserts="0" success="False" result="Failure" executed="True">
                    <failure>
                      <message>RuntimeException: Should operator 'Be' is not registered
CmdletInvocationException: Should operator 'Be' is not registered
CommandNotFoundException: The 'Should' command was found in the module 'Pester', but the module could not be loaded due to the following error: [Should operator 'Be' is not registered]
For more information, run 'Import-Module Pester'.</message>
                      <stack-trace>at &lt;ScriptBlock&gt;, $env:PROJECT_ROOT\tests\unit\scripts\Get-Platform.Tests.ps1:17
at &lt;ScriptBlock&gt;, C:\Users\alexa\OneDrive\Documents\PowerShell\Modules\Pester\5.7.1\Pester.psm1:2024
at &lt;ScriptBlock&gt;, C:\Users\alexa\OneDrive\Documents\PowerShell\Modules\Pester\5.7.1\Pester.psm1:1985
at Invoke-ScriptBlock, C:\Users\alexa\OneDrive\Documents\PowerShell\Modules\Pester\5.7.1\Pester.psm1:2157
at Invoke-TestItem, C:\Users\alexa\OneDrive\Documents\PowerShell\Modules\Pester\5.7.1\Pester.psm1:1199
at Invoke-Block, C:\Users\alexa\OneDrive\Documents\PowerShell\Modules\Pester\5.7.1\Pester.psm1:835
at &lt;ScriptBlock&gt;, C:\Users\alexa\OneDrive\Documents\PowerShell\Modules\Pester\5.7.1\Pester.psm1:893
at &lt;ScriptBlock&gt;, C:\Users\alexa\OneDrive\Documents\PowerShell\Modules\Pester\5.7.1\Pester.psm1:2024
at &lt;ScriptBlock&gt;, C:\Users\alexa\OneDrive\Documents\PowerShell\Modules\Pester\5.7.1\Pester.psm1:1985
at Invoke-ScriptBlock, C:\Users\alexa\OneDrive\Documents\PowerShell\Modules\Pester\5.7.1\Pester.psm1:2160
at Invoke-Block, C:\Users\alexa\OneDrive\Documents\PowerShell\Modules\Pester\5.7.1\Pester.psm1:940
at &lt;ScriptBlock&gt;, C:\Users\alexa\OneDrive\Documents\PowerShell\Modules\Pester\5.7.1\Pester.psm1:893
at &lt;ScriptBlock&gt;, C:\Users\alexa\OneDrive\Documents\PowerShell\Modules\Pester\5.7.1\Pester.psm1:2024
at &lt;ScriptBlock&gt;, C:\Users\alexa\OneDrive\Documents\PowerShell\Modules\Pester\5.7.1\Pester.psm1:1985
at Invoke-ScriptBlock, C:\Users\alexa\OneDrive\Documents\PowerShell\Modules\Pester\5.7.1\Pester.psm1:2160
at Invoke-Block, C:\Users\alexa\OneDrive\Documents\PowerShell\Modules\Pester\5.7.1\Pester.psm1:940
at &lt;ScriptBlock&gt;, C:\Users\alexa\OneDrive\Documents\PowerShell\Modules\Pester\5.7.1\Pester.psm1:893
at &lt;ScriptBlock&gt;, C:\Users\alexa\OneDrive\Documents\PowerShell\Modules\Pester\5.7.1\Pester.psm1:2024
at &lt;ScriptBlock&gt;, C:\Users\alexa\OneDrive\Documents\PowerShell\Modules\Pester\5.7.1\Pester.psm1:1985
at Invoke-ScriptBlock, C:\Users\alexa\OneDrive\Documents\PowerShell\Modules\Pester\5.7.1\Pester.psm1:2160
at Invoke-Block, C:\Users\alexa\OneDrive\Documents\PowerShell\Modules\Pester\5.7.1\Pester.psm1:940
at &lt;ScriptBlock&gt;, C:\Users\alexa\OneDrive\Documents\PowerShell\Modules\Pester\5.7.1\Pester.psm1:1688
at &lt;ScriptBlock&gt;, C:\Users\alexa\OneDrive\Documents\PowerShell\Modules\Pester\5.7.1\Pester.ps1:3
at &lt;ScriptBlock&gt;, C:\Users\alexa\OneDrive\Documents\PowerShell\Modules\Pester\5.7.1\Pester.psm1:3260
at Invoke-InNewScriptScope, C:\Users\alexa\OneDrive\Documents\PowerShell\Modules\Pester\5.7.1\Pester.psm1:3267
at Run-Test, C:\Users\alexa\OneDrive\Documents\PowerShell\Modules\Pester\5.7.1\Pester.psm1:1691
at Invoke-Test, C:\Users\alexa\OneDrive\Documents\PowerShell\Modules\Pester\5.7.1\Pester.psm1:2512
at Invoke-Pester&lt;End&gt;, C:\Users\alexa\OneDrive\Documents\PowerShell\Modules\Pester\5.7.1\Pester.psm1:4960
at &lt;ScriptBlock&gt;, &lt;No file&gt;:1</stack-trace>
                    </failure>
                  </test-case>
                </results>
              </test-suite>
            </results>
          </test-suite>
        </results>
      </test-suite>
      <test-suite type="TestFixture" name="$env:PROJECT_ROOT\tests\unit\scripts\Get-SystemInfo.Tests.ps1" executed="True" result="Failure" success="False" time="0.2877" asserts="0" description="$env:PROJECT_ROOT\tests\unit\scripts\Get-SystemInfo.Tests.ps1">
        <results>
          <test-suite type="TestFixture" name="Get-SystemInfo Tests" executed="True" result="Failure" success="False" time="0.2488" asserts="0" description="Get-SystemInfo Tests">
            <results>
              <test-suite type="TestFixture" name="Get-SystemInfo Tests.Module Loading" executed="True" result="Failure" success="False" time="0.119" asserts="0" description="Get-SystemInfo Tests.Module Loading">
                <results>
                  <test-case description="should load required modules" name="Get-SystemInfo Tests.Module Loading.should load required modules" time="0.1164" asserts="0" success="False" result="Failure" executed="True">
                    <failure>
                      <message>RuntimeException: Should operator 'Be' is not registered
CmdletInvocationException: Should operator 'Be' is not registered
CommandNotFoundException: The 'Should' command was found in the module 'Pester', but the module could not be loaded due to the following error: [Should operator 'Be' is not registered]
For more information, run 'Import-Module Pester'.</message>
                      <stack-trace>at &lt;ScriptBlock&gt;, $env:PROJECT_ROOT\tests\unit\scripts\Get-SystemInfo.Tests.ps1:10
at &lt;ScriptBlock&gt;, C:\Users\alexa\OneDrive\Documents\PowerShell\Modules\Pester\5.7.1\Pester.psm1:2024
at &lt;ScriptBlock&gt;, C:\Users\alexa\OneDrive\Documents\PowerShell\Modules\Pester\5.7.1\Pester.psm1:1985
at Invoke-ScriptBlock, C:\Users\alexa\OneDrive\Documents\PowerShell\Modules\Pester\5.7.1\Pester.psm1:2157
at Invoke-TestItem, C:\Users\alexa\OneDrive\Documents\PowerShell\Modules\Pester\5.7.1\Pester.psm1:1199
at Invoke-Block, C:\Users\alexa\OneDrive\Documents\PowerShell\Modules\Pester\5.7.1\Pester.psm1:835
at &lt;ScriptBlock&gt;, C:\Users\alexa\OneDrive\Documents\PowerShell\Modules\Pester\5.7.1\Pester.psm1:893
at &lt;ScriptBlock&gt;, C:\Users\alexa\OneDrive\Documents\PowerShell\Modules\Pester\5.7.1\Pester.psm1:2024
at &lt;ScriptBlock&gt;, C:\Users\alexa\OneDrive\Documents\PowerShell\Modules\Pester\5.7.1\Pester.psm1:1985
at Invoke-ScriptBlock, C:\Users\alexa\OneDrive\Documents\PowerShell\Modules\Pester\5.7.1\Pester.psm1:2160
at Invoke-Block, C:\Users\alexa\OneDrive\Documents\PowerShell\Modules\Pester\5.7.1\Pester.psm1:940
at &lt;ScriptBlock&gt;, C:\Users\alexa\OneDrive\Documents\PowerShell\Modules\Pester\5.7.1\Pester.psm1:893
at &lt;ScriptBlock&gt;, C:\Users\alexa\OneDrive\Documents\PowerShell\Modules\Pester\5.7.1\Pester.psm1:2024
at &lt;ScriptBlock&gt;, C:\Users\alexa\OneDrive\Documents\PowerShell\Modules\Pester\5.7.1\Pester.psm1:1985
at Invoke-ScriptBlock, C:\Users\alexa\OneDrive\Documents\PowerShell\Modules\Pester\5.7.1\Pester.psm1:2160
at Invoke-Block, C:\Users\alexa\OneDrive\Documents\PowerShell\Modules\Pester\5.7.1\Pester.psm1:940
at &lt;ScriptBlock&gt;, C:\Users\alexa\OneDrive\Documents\PowerShell\Modules\Pester\5.7.1\Pester.psm1:893
at &lt;ScriptBlock&gt;, C:\Users\alexa\OneDrive\Documents\PowerShell\Modules\Pester\5.7.1\Pester.psm1:2024
at &lt;ScriptBlock&gt;, C:\Users\alexa\OneDrive\Documents\PowerShell\Modules\Pester\5.7.1\Pester.psm1:1985
at Invoke-ScriptBlock, C:\Users\alexa\OneDrive\Documents\PowerShell\Modules\Pester\5.7.1\Pester.psm1:2160
at Invoke-Block, C:\Users\alexa\OneDrive\Documents\PowerShell\Modules\Pester\5.7.1\Pester.psm1:940
at &lt;ScriptBlock&gt;, C:\Users\alexa\OneDrive\Documents\PowerShell\Modules\Pester\5.7.1\Pester.psm1:1688
at &lt;ScriptBlock&gt;, C:\Users\alexa\OneDrive\Documents\PowerShell\Modules\Pester\5.7.1\Pester.ps1:3
at &lt;ScriptBlock&gt;, C:\Users\alexa\OneDrive\Documents\PowerShell\Modules\Pester\5.7.1\Pester.psm1:3260
at Invoke-InNewScriptScope, C:\Users\alexa\OneDrive\Documents\PowerShell\Modules\Pester\5.7.1\Pester.psm1:3267
at Run-Test, C:\Users\alexa\OneDrive\Documents\PowerShell\Modules\Pester\5.7.1\Pester.psm1:1691
at Invoke-Test, C:\Users\alexa\OneDrive\Documents\PowerShell\Modules\Pester\5.7.1\Pester.psm1:2512
at Invoke-Pester&lt;End&gt;, C:\Users\alexa\OneDrive\Documents\PowerShell\Modules\Pester\5.7.1\Pester.psm1:4960
at &lt;ScriptBlock&gt;, &lt;No file&gt;:1</stack-trace>
                    </failure>
                  </test-case>
                </results>
              </test-suite>
              <test-suite type="TestFixture" name="Get-SystemInfo Tests.Functionality Tests" executed="True" result="Failure" success="False" time="0.2358" asserts="0" description="Get-SystemInfo Tests.Functionality Tests">
                <results>
                  <test-case description="should execute without errors" name="Get-SystemInfo Tests.Functionality Tests.should execute without errors" time="0.1144" asserts="0" success="False" result="Failure" executed="True">
                    <failure>
                      <message>RuntimeException: Should operator 'Be' is not registered
CmdletInvocationException: Should operator 'Be' is not registered
CommandNotFoundException: The 'Should' command was found in the module 'Pester', but the module could not be loaded due to the following error: [Should operator 'Be' is not registered]
For more information, run 'Import-Module Pester'.</message>
                      <stack-trace>at &lt;ScriptBlock&gt;, $env:PROJECT_ROOT\tests\unit\scripts\Get-SystemInfo.Tests.ps1:17
at &lt;ScriptBlock&gt;, C:\Users\alexa\OneDrive\Documents\PowerShell\Modules\Pester\5.7.1\Pester.psm1:2024
at &lt;ScriptBlock&gt;, C:\Users\alexa\OneDrive\Documents\PowerShell\Modules\Pester\5.7.1\Pester.psm1:1985
at Invoke-ScriptBlock, C:\Users\alexa\OneDrive\Documents\PowerShell\Modules\Pester\5.7.1\Pester.psm1:2157
at Invoke-TestItem, C:\Users\alexa\OneDrive\Documents\PowerShell\Modules\Pester\5.7.1\Pester.psm1:1199
at Invoke-Block, C:\Users\alexa\OneDrive\Documents\PowerShell\Modules\Pester\5.7.1\Pester.psm1:835
at &lt;ScriptBlock&gt;, C:\Users\alexa\OneDrive\Documents\PowerShell\Modules\Pester\5.7.1\Pester.psm1:893
at &lt;ScriptBlock&gt;, C:\Users\alexa\OneDrive\Documents\PowerShell\Modules\Pester\5.7.1\Pester.psm1:2024
at &lt;ScriptBlock&gt;, C:\Users\alexa\OneDrive\Documents\PowerShell\Modules\Pester\5.7.1\Pester.psm1:1985
at Invoke-ScriptBlock, C:\Users\alexa\OneDrive\Documents\PowerShell\Modules\Pester\5.7.1\Pester.psm1:2160
at Invoke-Block, C:\Users\alexa\OneDrive\Documents\PowerShell\Modules\Pester\5.7.1\Pester.psm1:940
at &lt;ScriptBlock&gt;, C:\Users\alexa\OneDrive\Documents\PowerShell\Modules\Pester\5.7.1\Pester.psm1:893
at &lt;ScriptBlock&gt;, C:\Users\alexa\OneDrive\Documents\PowerShell\Modules\Pester\5.7.1\Pester.psm1:2024
at &lt;ScriptBlock&gt;, C:\Users\alexa\OneDrive\Documents\PowerShell\Modules\Pester\5.7.1\Pester.psm1:1985
at Invoke-ScriptBlock, C:\Users\alexa\OneDrive\Documents\PowerShell\Modules\Pester\5.7.1\Pester.psm1:2160
at Invoke-Block, C:\Users\alexa\OneDrive\Documents\PowerShell\Modules\Pester\5.7.1\Pester.psm1:940
at &lt;ScriptBlock&gt;, C:\Users\alexa\OneDrive\Documents\PowerShell\Modules\Pester\5.7.1\Pester.psm1:893
at &lt;ScriptBlock&gt;, C:\Users\alexa\OneDrive\Documents\PowerShell\Modules\Pester\5.7.1\Pester.psm1:2024
at &lt;ScriptBlock&gt;, C:\Users\alexa\OneDrive\Documents\PowerShell\Modules\Pester\5.7.1\Pester.psm1:1985
at Invoke-ScriptBlock, C:\Users\alexa\OneDrive\Documents\PowerShell\Modules\Pester\5.7.1\Pester.psm1:2160
at Invoke-Block, C:\Users\alexa\OneDrive\Documents\PowerShell\Modules\Pester\5.7.1\Pester.psm1:940
at &lt;ScriptBlock&gt;, C:\Users\alexa\OneDrive\Documents\PowerShell\Modules\Pester\5.7.1\Pester.psm1:1688
at &lt;ScriptBlock&gt;, C:\Users\alexa\OneDrive\Documents\PowerShell\Modules\Pester\5.7.1\Pester.ps1:3
at &lt;ScriptBlock&gt;, C:\Users\alexa\OneDrive\Documents\PowerShell\Modules\Pester\5.7.1\Pester.psm1:3260
at Invoke-InNewScriptScope, C:\Users\alexa\OneDrive\Documents\PowerShell\Modules\Pester\5.7.1\Pester.psm1:3267
at Run-Test, C:\Users\alexa\OneDrive\Documents\PowerShell\Modules\Pester\5.7.1\Pester.psm1:1691
at Invoke-Test, C:\Users\alexa\OneDrive\Documents\PowerShell\Modules\Pester\5.7.1\Pester.psm1:2512
at Invoke-Pester&lt;End&gt;, C:\Users\alexa\OneDrive\Documents\PowerShell\Modules\Pester\5.7.1\Pester.psm1:4960
at &lt;ScriptBlock&gt;, &lt;No file&gt;:1</stack-trace>
                    </failure>
                  </test-case>
                </results>
              </test-suite>
            </results>
          </test-suite>
        </results>
      </test-suite>
      <test-suite type="TestFixture" name="$env:PROJECT_ROOT\tests\unit\scripts\Get-WindowsJobArtifacts.Tests.ps1" executed="True" result="Failure" success="False" time="0.3007" asserts="0" description="$env:PROJECT_ROOT\tests\unit\scripts\Get-WindowsJobArtifacts.Tests.ps1">
        <results>
          <test-suite type="TestFixture" name="Get-WindowsJobArtifacts Tests" executed="True" result="Failure" success="False" time="0.2521" asserts="0" description="Get-WindowsJobArtifacts Tests">
            <results>
              <test-suite type="TestFixture" name="Get-WindowsJobArtifacts Tests.Module Loading" executed="True" result="Failure" success="False" time="0.1195" asserts="0" description="Get-WindowsJobArtifacts Tests.Module Loading">
                <results>
                  <test-case description="should load required modules" name="Get-WindowsJobArtifacts Tests.Module Loading.should load required modules" time="0.1169" asserts="0" success="False" result="Failure" executed="True">
                    <failure>
                      <message>RuntimeException: Should operator 'Be' is not registered
CmdletInvocationException: Should operator 'Be' is not registered
CommandNotFoundException: The 'Should' command was found in the module 'Pester', but the module could not be loaded due to the following error: [Should operator 'Be' is not registered]
For more information, run 'Import-Module Pester'.</message>
                      <stack-trace>at &lt;ScriptBlock&gt;, $env:PROJECT_ROOT\tests\unit\scripts\Get-WindowsJobArtifacts.Tests.ps1:10
at &lt;ScriptBlock&gt;, C:\Users\alexa\OneDrive\Documents\PowerShell\Modules\Pester\5.7.1\Pester.psm1:2024
at &lt;ScriptBlock&gt;, C:\Users\alexa\OneDrive\Documents\PowerShell\Modules\Pester\5.7.1\Pester.psm1:1985
at Invoke-ScriptBlock, C:\Users\alexa\OneDrive\Documents\PowerShell\Modules\Pester\5.7.1\Pester.psm1:2157
at Invoke-TestItem, C:\Users\alexa\OneDrive\Documents\PowerShell\Modules\Pester\5.7.1\Pester.psm1:1199
at Invoke-Block, C:\Users\alexa\OneDrive\Documents\PowerShell\Modules\Pester\5.7.1\Pester.psm1:835
at &lt;ScriptBlock&gt;, C:\Users\alexa\OneDrive\Documents\PowerShell\Modules\Pester\5.7.1\Pester.psm1:893
at &lt;ScriptBlock&gt;, C:\Users\alexa\OneDrive\Documents\PowerShell\Modules\Pester\5.7.1\Pester.psm1:2024
at &lt;ScriptBlock&gt;, C:\Users\alexa\OneDrive\Documents\PowerShell\Modules\Pester\5.7.1\Pester.psm1:1985
at Invoke-ScriptBlock, C:\Users\alexa\OneDrive\Documents\PowerShell\Modules\Pester\5.7.1\Pester.psm1:2160
at Invoke-Block, C:\Users\alexa\OneDrive\Documents\PowerShell\Modules\Pester\5.7.1\Pester.psm1:940
at &lt;ScriptBlock&gt;, C:\Users\alexa\OneDrive\Documents\PowerShell\Modules\Pester\5.7.1\Pester.psm1:893
at &lt;ScriptBlock&gt;, C:\Users\alexa\OneDrive\Documents\PowerShell\Modules\Pester\5.7.1\Pester.psm1:2024
at &lt;ScriptBlock&gt;, C:\Users\alexa\OneDrive\Documents\PowerShell\Modules\Pester\5.7.1\Pester.psm1:1985
at Invoke-ScriptBlock, C:\Users\alexa\OneDrive\Documents\PowerShell\Modules\Pester\5.7.1\Pester.psm1:2160
at Invoke-Block, C:\Users\alexa\OneDrive\Documents\PowerShell\Modules\Pester\5.7.1\Pester.psm1:940
at &lt;ScriptBlock&gt;, C:\Users\alexa\OneDrive\Documents\PowerShell\Modules\Pester\5.7.1\Pester.psm1:893
at &lt;ScriptBlock&gt;, C:\Users\alexa\OneDrive\Documents\PowerShell\Modules\Pester\5.7.1\Pester.psm1:2024
at &lt;ScriptBlock&gt;, C:\Users\alexa\OneDrive\Documents\PowerShell\Modules\Pester\5.7.1\Pester.psm1:1985
at Invoke-ScriptBlock, C:\Users\alexa\OneDrive\Documents\PowerShell\Modules\Pester\5.7.1\Pester.psm1:2160
at Invoke-Block, C:\Users\alexa\OneDrive\Documents\PowerShell\Modules\Pester\5.7.1\Pester.psm1:940
at &lt;ScriptBlock&gt;, C:\Users\alexa\OneDrive\Documents\PowerShell\Modules\Pester\5.7.1\Pester.psm1:1688
at &lt;ScriptBlock&gt;, C:\Users\alexa\OneDrive\Documents\PowerShell\Modules\Pester\5.7.1\Pester.ps1:3
at &lt;ScriptBlock&gt;, C:\Users\alexa\OneDrive\Documents\PowerShell\Modules\Pester\5.7.1\Pester.psm1:3260
at Invoke-InNewScriptScope, C:\Users\alexa\OneDrive\Documents\PowerShell\Modules\Pester\5.7.1\Pester.psm1:3267
at Run-Test, C:\Users\alexa\OneDrive\Documents\PowerShell\Modules\Pester\5.7.1\Pester.psm1:1691
at Invoke-Test, C:\Users\alexa\OneDrive\Documents\PowerShell\Modules\Pester\5.7.1\Pester.psm1:2512
at Invoke-Pester&lt;End&gt;, C:\Users\alexa\OneDrive\Documents\PowerShell\Modules\Pester\5.7.1\Pester.psm1:4960
at &lt;ScriptBlock&gt;, &lt;No file&gt;:1</stack-trace>
                    </failure>
                  </test-case>
                </results>
              </test-suite>
              <test-suite type="TestFixture" name="Get-WindowsJobArtifacts Tests.Functionality Tests" executed="True" result="Failure" success="False" time="0.238" asserts="0" description="Get-WindowsJobArtifacts Tests.Functionality Tests">
                <results>
                  <test-case description="should execute without errors" name="Get-WindowsJobArtifacts Tests.Functionality Tests.should execute without errors" time="0.1161" asserts="0" success="False" result="Failure" executed="True">
                    <failure>
                      <message>RuntimeException: Should operator 'Be' is not registered
CmdletInvocationException: Should operator 'Be' is not registered
CommandNotFoundException: The 'Should' command was found in the module 'Pester', but the module could not be loaded due to the following error: [Should operator 'Be' is not registered]
For more information, run 'Import-Module Pester'.</message>
                      <stack-trace>at &lt;ScriptBlock&gt;, $env:PROJECT_ROOT\tests\unit\scripts\Get-WindowsJobArtifacts.Tests.ps1:17
at &lt;ScriptBlock&gt;, C:\Users\alexa\OneDrive\Documents\PowerShell\Modules\Pester\5.7.1\Pester.psm1:2024
at &lt;ScriptBlock&gt;, C:\Users\alexa\OneDrive\Documents\PowerShell\Modules\Pester\5.7.1\Pester.psm1:1985
at Invoke-ScriptBlock, C:\Users\alexa\OneDrive\Documents\PowerShell\Modules\Pester\5.7.1\Pester.psm1:2157
at Invoke-TestItem, C:\Users\alexa\OneDrive\Documents\PowerShell\Modules\Pester\5.7.1\Pester.psm1:1199
at Invoke-Block, C:\Users\alexa\OneDrive\Documents\PowerShell\Modules\Pester\5.7.1\Pester.psm1:835
at &lt;ScriptBlock&gt;, C:\Users\alexa\OneDrive\Documents\PowerShell\Modules\Pester\5.7.1\Pester.psm1:893
at &lt;ScriptBlock&gt;, C:\Users\alexa\OneDrive\Documents\PowerShell\Modules\Pester\5.7.1\Pester.psm1:2024
at &lt;ScriptBlock&gt;, C:\Users\alexa\OneDrive\Documents\PowerShell\Modules\Pester\5.7.1\Pester.psm1:1985
at Invoke-ScriptBlock, C:\Users\alexa\OneDrive\Documents\PowerShell\Modules\Pester\5.7.1\Pester.psm1:2160
at Invoke-Block, C:\Users\alexa\OneDrive\Documents\PowerShell\Modules\Pester\5.7.1\Pester.psm1:940
at &lt;ScriptBlock&gt;, C:\Users\alexa\OneDrive\Documents\PowerShell\Modules\Pester\5.7.1\Pester.psm1:893
at &lt;ScriptBlock&gt;, C:\Users\alexa\OneDrive\Documents\PowerShell\Modules\Pester\5.7.1\Pester.psm1:2024
at &lt;ScriptBlock&gt;, C:\Users\alexa\OneDrive\Documents\PowerShell\Modules\Pester\5.7.1\Pester.psm1:1985
at Invoke-ScriptBlock, C:\Users\alexa\OneDrive\Documents\PowerShell\Modules\Pester\5.7.1\Pester.psm1:2160
at Invoke-Block, C:\Users\alexa\OneDrive\Documents\PowerShell\Modules\Pester\5.7.1\Pester.psm1:940
at &lt;ScriptBlock&gt;, C:\Users\alexa\OneDrive\Documents\PowerShell\Modules\Pester\5.7.1\Pester.psm1:893
at &lt;ScriptBlock&gt;, C:\Users\alexa\OneDrive\Documents\PowerShell\Modules\Pester\5.7.1\Pester.psm1:2024
at &lt;ScriptBlock&gt;, C:\Users\alexa\OneDrive\Documents\PowerShell\Modules\Pester\5.7.1\Pester.psm1:1985
at Invoke-ScriptBlock, C:\Users\alexa\OneDrive\Documents\PowerShell\Modules\Pester\5.7.1\Pester.psm1:2160
at Invoke-Block, C:\Users\alexa\OneDrive\Documents\PowerShell\Modules\Pester\5.7.1\Pester.psm1:940
at &lt;ScriptBlock&gt;, C:\Users\alexa\OneDrive\Documents\PowerShell\Modules\Pester\5.7.1\Pester.psm1:1688
at &lt;ScriptBlock&gt;, C:\Users\alexa\OneDrive\Documents\PowerShell\Modules\Pester\5.7.1\Pester.ps1:3
at &lt;ScriptBlock&gt;, C:\Users\alexa\OneDrive\Documents\PowerShell\Modules\Pester\5.7.1\Pester.psm1:3260
at Invoke-InNewScriptScope, C:\Users\alexa\OneDrive\Documents\PowerShell\Modules\Pester\5.7.1\Pester.psm1:3267
at Run-Test, C:\Users\alexa\OneDrive\Documents\PowerShell\Modules\Pester\5.7.1\Pester.psm1:1691
at Invoke-Test, C:\Users\alexa\OneDrive\Documents\PowerShell\Modules\Pester\5.7.1\Pester.psm1:2512
at Invoke-Pester&lt;End&gt;, C:\Users\alexa\OneDrive\Documents\PowerShell\Modules\Pester\5.7.1\Pester.psm1:4960
at &lt;ScriptBlock&gt;, &lt;No file&gt;:1</stack-trace>
                    </failure>
                  </test-case>
                </results>
              </test-suite>
            </results>
          </test-suite>
        </results>
      </test-suite>
      <test-suite type="TestFixture" name="$env:PROJECT_ROOT\tests\unit\scripts\Install-CA.Tests.ps1" executed="True" result="Failure" success="False" time="0.2841" asserts="0" description="$env:PROJECT_ROOT\tests\unit\scripts\Install-CA.Tests.ps1">
        <results>
          <test-suite type="TestFixture" name="Install-CA Tests" executed="True" result="Failure" success="False" time="0.2483" asserts="0" description="Install-CA Tests">
            <results>
              <test-suite type="TestFixture" name="Install-CA Tests.Module Loading" executed="True" result="Failure" success="False" time="0.1191" asserts="0" description="Install-CA Tests.Module Loading">
                <results>
                  <test-case description="should load required modules" name="Install-CA Tests.Module Loading.should load required modules" time="0.1165" asserts="0" success="False" result="Failure" executed="True">
                    <failure>
                      <message>RuntimeException: Should operator 'Be' is not registered
CmdletInvocationException: Should operator 'Be' is not registered
CommandNotFoundException: The 'Should' command was found in the module 'Pester', but the module could not be loaded due to the following error: [Should operator 'Be' is not registered]
For more information, run 'Import-Module Pester'.</message>
                      <stack-trace>at &lt;ScriptBlock&gt;, $env:PROJECT_ROOT\tests\unit\scripts\Install-CA.Tests.ps1:10
at &lt;ScriptBlock&gt;, C:\Users\alexa\OneDrive\Documents\PowerShell\Modules\Pester\5.7.1\Pester.psm1:2024
at &lt;ScriptBlock&gt;, C:\Users\alexa\OneDrive\Documents\PowerShell\Modules\Pester\5.7.1\Pester.psm1:1985
at Invoke-ScriptBlock, C:\Users\alexa\OneDrive\Documents\PowerShell\Modules\Pester\5.7.1\Pester.psm1:2157
at Invoke-TestItem, C:\Users\alexa\OneDrive\Documents\PowerShell\Modules\Pester\5.7.1\Pester.psm1:1199
at Invoke-Block, C:\Users\alexa\OneDrive\Documents\PowerShell\Modules\Pester\5.7.1\Pester.psm1:835
at &lt;ScriptBlock&gt;, C:\Users\alexa\OneDrive\Documents\PowerShell\Modules\Pester\5.7.1\Pester.psm1:893
at &lt;ScriptBlock&gt;, C:\Users\alexa\OneDrive\Documents\PowerShell\Modules\Pester\5.7.1\Pester.psm1:2024
at &lt;ScriptBlock&gt;, C:\Users\alexa\OneDrive\Documents\PowerShell\Modules\Pester\5.7.1\Pester.psm1:1985
at Invoke-ScriptBlock, C:\Users\alexa\OneDrive\Documents\PowerShell\Modules\Pester\5.7.1\Pester.psm1:2160
at Invoke-Block, C:\Users\alexa\OneDrive\Documents\PowerShell\Modules\Pester\5.7.1\Pester.psm1:940
at &lt;ScriptBlock&gt;, C:\Users\alexa\OneDrive\Documents\PowerShell\Modules\Pester\5.7.1\Pester.psm1:893
at &lt;ScriptBlock&gt;, C:\Users\alexa\OneDrive\Documents\PowerShell\Modules\Pester\5.7.1\Pester.psm1:2024
at &lt;ScriptBlock&gt;, C:\Users\alexa\OneDrive\Documents\PowerShell\Modules\Pester\5.7.1\Pester.psm1:1985
at Invoke-ScriptBlock, C:\Users\alexa\OneDrive\Documents\PowerShell\Modules\Pester\5.7.1\Pester.psm1:2160
at Invoke-Block, C:\Users\alexa\OneDrive\Documents\PowerShell\Modules\Pester\5.7.1\Pester.psm1:940
at &lt;ScriptBlock&gt;, C:\Users\alexa\OneDrive\Documents\PowerShell\Modules\Pester\5.7.1\Pester.psm1:893
at &lt;ScriptBlock&gt;, C:\Users\alexa\OneDrive\Documents\PowerShell\Modules\Pester\5.7.1\Pester.psm1:2024
at &lt;ScriptBlock&gt;, C:\Users\alexa\OneDrive\Documents\PowerShell\Modules\Pester\5.7.1\Pester.psm1:1985
at Invoke-ScriptBlock, C:\Users\alexa\OneDrive\Documents\PowerShell\Modules\Pester\5.7.1\Pester.psm1:2160
at Invoke-Block, C:\Users\alexa\OneDrive\Documents\PowerShell\Modules\Pester\5.7.1\Pester.psm1:940
at &lt;ScriptBlock&gt;, C:\Users\alexa\OneDrive\Documents\PowerShell\Modules\Pester\5.7.1\Pester.psm1:1688
at &lt;ScriptBlock&gt;, C:\Users\alexa\OneDrive\Documents\PowerShell\Modules\Pester\5.7.1\Pester.ps1:3
at &lt;ScriptBlock&gt;, C:\Users\alexa\OneDrive\Documents\PowerShell\Modules\Pester\5.7.1\Pester.psm1:3260
at Invoke-InNewScriptScope, C:\Users\alexa\OneDrive\Documents\PowerShell\Modules\Pester\5.7.1\Pester.psm1:3267
at Run-Test, C:\Users\alexa\OneDrive\Documents\PowerShell\Modules\Pester\5.7.1\Pester.psm1:1691
at Invoke-Test, C:\Users\alexa\OneDrive\Documents\PowerShell\Modules\Pester\5.7.1\Pester.psm1:2512
at Invoke-Pester&lt;End&gt;, C:\Users\alexa\OneDrive\Documents\PowerShell\Modules\Pester\5.7.1\Pester.psm1:4960
at &lt;ScriptBlock&gt;, &lt;No file&gt;:1</stack-trace>
                    </failure>
                  </test-case>
                </results>
              </test-suite>
              <test-suite type="TestFixture" name="Install-CA Tests.Functionality Tests" executed="True" result="Failure" success="False" time="0.2344" asserts="0" description="Install-CA Tests.Functionality Tests">
                <results>
                  <test-case description="should execute without errors" name="Install-CA Tests.Functionality Tests.should execute without errors" time="0.1123" asserts="0" success="False" result="Failure" executed="True">
                    <failure>
                      <message>RuntimeException: Should operator 'Be' is not registered
CmdletInvocationException: Should operator 'Be' is not registered
CommandNotFoundException: The 'Should' command was found in the module 'Pester', but the module could not be loaded due to the following error: [Should operator 'Be' is not registered]
For more information, run 'Import-Module Pester'.</message>
                      <stack-trace>at &lt;ScriptBlock&gt;, $env:PROJECT_ROOT\tests\unit\scripts\Install-CA.Tests.ps1:17
at &lt;ScriptBlock&gt;, C:\Users\alexa\OneDrive\Documents\PowerShell\Modules\Pester\5.7.1\Pester.psm1:2024
at &lt;ScriptBlock&gt;, C:\Users\alexa\OneDrive\Documents\PowerShell\Modules\Pester\5.7.1\Pester.psm1:1985
at Invoke-ScriptBlock, C:\Users\alexa\OneDrive\Documents\PowerShell\Modules\Pester\5.7.1\Pester.psm1:2157
at Invoke-TestItem, C:\Users\alexa\OneDrive\Documents\PowerShell\Modules\Pester\5.7.1\Pester.psm1:1199
at Invoke-Block, C:\Users\alexa\OneDrive\Documents\PowerShell\Modules\Pester\5.7.1\Pester.psm1:835
at &lt;ScriptBlock&gt;, C:\Users\alexa\OneDrive\Documents\PowerShell\Modules\Pester\5.7.1\Pester.psm1:893
at &lt;ScriptBlock&gt;, C:\Users\alexa\OneDrive\Documents\PowerShell\Modules\Pester\5.7.1\Pester.psm1:2024
at &lt;ScriptBlock&gt;, C:\Users\alexa\OneDrive\Documents\PowerShell\Modules\Pester\5.7.1\Pester.psm1:1985
at Invoke-ScriptBlock, C:\Users\alexa\OneDrive\Documents\PowerShell\Modules\Pester\5.7.1\Pester.psm1:2160
at Invoke-Block, C:\Users\alexa\OneDrive\Documents\PowerShell\Modules\Pester\5.7.1\Pester.psm1:940
at &lt;ScriptBlock&gt;, C:\Users\alexa\OneDrive\Documents\PowerShell\Modules\Pester\5.7.1\Pester.psm1:893
at &lt;ScriptBlock&gt;, C:\Users\alexa\OneDrive\Documents\PowerShell\Modules\Pester\5.7.1\Pester.psm1:2024
at &lt;ScriptBlock&gt;, C:\Users\alexa\OneDrive\Documents\PowerShell\Modules\Pester\5.7.1\Pester.psm1:1985
at Invoke-ScriptBlock, C:\Users\alexa\OneDrive\Documents\PowerShell\Modules\Pester\5.7.1\Pester.psm1:2160
at Invoke-Block, C:\Users\alexa\OneDrive\Documents\PowerShell\Modules\Pester\5.7.1\Pester.psm1:940
at &lt;ScriptBlock&gt;, C:\Users\alexa\OneDrive\Documents\PowerShell\Modules\Pester\5.7.1\Pester.psm1:893
at &lt;ScriptBlock&gt;, C:\Users\alexa\OneDrive\Documents\PowerShell\Modules\Pester\5.7.1\Pester.psm1:2024
at &lt;ScriptBlock&gt;, C:\Users\alexa\OneDrive\Documents\PowerShell\Modules\Pester\5.7.1\Pester.psm1:1985
at Invoke-ScriptBlock, C:\Users\alexa\OneDrive\Documents\PowerShell\Modules\Pester\5.7.1\Pester.psm1:2160
at Invoke-Block, C:\Users\alexa\OneDrive\Documents\PowerShell\Modules\Pester\5.7.1\Pester.psm1:940
at &lt;ScriptBlock&gt;, C:\Users\alexa\OneDrive\Documents\PowerShell\Modules\Pester\5.7.1\Pester.psm1:1688
at &lt;ScriptBlock&gt;, C:\Users\alexa\OneDrive\Documents\PowerShell\Modules\Pester\5.7.1\Pester.ps1:3
at &lt;ScriptBlock&gt;, C:\Users\alexa\OneDrive\Documents\PowerShell\Modules\Pester\5.7.1\Pester.psm1:3260
at Invoke-InNewScriptScope, C:\Users\alexa\OneDrive\Documents\PowerShell\Modules\Pester\5.7.1\Pester.psm1:3267
at Run-Test, C:\Users\alexa\OneDrive\Documents\PowerShell\Modules\Pester\5.7.1\Pester.psm1:1691
at Invoke-Test, C:\Users\alexa\OneDrive\Documents\PowerShell\Modules\Pester\5.7.1\Pester.psm1:2512
at Invoke-Pester&lt;End&gt;, C:\Users\alexa\OneDrive\Documents\PowerShell\Modules\Pester\5.7.1\Pester.psm1:4960
at &lt;ScriptBlock&gt;, &lt;No file&gt;:1</stack-trace>
                    </failure>
                  </test-case>
                </results>
              </test-suite>
            </results>
          </test-suite>
        </results>
      </test-suite>
      <test-suite type="TestFixture" name="$env:PROJECT_ROOT\tests\unit\scripts\Install-Go.Tests.ps1" executed="True" result="Failure" success="False" time="0.289" asserts="0" description="$env:PROJECT_ROOT\tests\unit\scripts\Install-Go.Tests.ps1">
        <results>
          <test-suite type="TestFixture" name="Install-Go Tests" executed="True" result="Failure" success="False" time="0.2506" asserts="0" description="Install-Go Tests">
            <results>
              <test-suite type="TestFixture" name="Install-Go Tests.Module Loading" executed="True" result="Failure" success="False" time="0.1184" asserts="0" description="Install-Go Tests.Module Loading">
                <results>
                  <test-case description="should load required modules" name="Install-Go Tests.Module Loading.should load required modules" time="0.1155" asserts="0" success="False" result="Failure" executed="True">
                    <failure>
                      <message>RuntimeException: Should operator 'Be' is not registered
CmdletInvocationException: Should operator 'Be' is not registered
CommandNotFoundException: The 'Should' command was found in the module 'Pester', but the module could not be loaded due to the following error: [Should operator 'Be' is not registered]
For more information, run 'Import-Module Pester'.</message>
                      <stack-trace>at &lt;ScriptBlock&gt;, $env:PROJECT_ROOT\tests\unit\scripts\Install-Go.Tests.ps1:10
at &lt;ScriptBlock&gt;, C:\Users\alexa\OneDrive\Documents\PowerShell\Modules\Pester\5.7.1\Pester.psm1:2024
at &lt;ScriptBlock&gt;, C:\Users\alexa\OneDrive\Documents\PowerShell\Modules\Pester\5.7.1\Pester.psm1:1985
at Invoke-ScriptBlock, C:\Users\alexa\OneDrive\Documents\PowerShell\Modules\Pester\5.7.1\Pester.psm1:2157
at Invoke-TestItem, C:\Users\alexa\OneDrive\Documents\PowerShell\Modules\Pester\5.7.1\Pester.psm1:1199
at Invoke-Block, C:\Users\alexa\OneDrive\Documents\PowerShell\Modules\Pester\5.7.1\Pester.psm1:835
at &lt;ScriptBlock&gt;, C:\Users\alexa\OneDrive\Documents\PowerShell\Modules\Pester\5.7.1\Pester.psm1:893
at &lt;ScriptBlock&gt;, C:\Users\alexa\OneDrive\Documents\PowerShell\Modules\Pester\5.7.1\Pester.psm1:2024
at &lt;ScriptBlock&gt;, C:\Users\alexa\OneDrive\Documents\PowerShell\Modules\Pester\5.7.1\Pester.psm1:1985
at Invoke-ScriptBlock, C:\Users\alexa\OneDrive\Documents\PowerShell\Modules\Pester\5.7.1\Pester.psm1:2160
at Invoke-Block, C:\Users\alexa\OneDrive\Documents\PowerShell\Modules\Pester\5.7.1\Pester.psm1:940
at &lt;ScriptBlock&gt;, C:\Users\alexa\OneDrive\Documents\PowerShell\Modules\Pester\5.7.1\Pester.psm1:893
at &lt;ScriptBlock&gt;, C:\Users\alexa\OneDrive\Documents\PowerShell\Modules\Pester\5.7.1\Pester.psm1:2024
at &lt;ScriptBlock&gt;, C:\Users\alexa\OneDrive\Documents\PowerShell\Modules\Pester\5.7.1\Pester.psm1:1985
at Invoke-ScriptBlock, C:\Users\alexa\OneDrive\Documents\PowerShell\Modules\Pester\5.7.1\Pester.psm1:2160
at Invoke-Block, C:\Users\alexa\OneDrive\Documents\PowerShell\Modules\Pester\5.7.1\Pester.psm1:940
at &lt;ScriptBlock&gt;, C:\Users\alexa\OneDrive\Documents\PowerShell\Modules\Pester\5.7.1\Pester.psm1:893
at &lt;ScriptBlock&gt;, C:\Users\alexa\OneDrive\Documents\PowerShell\Modules\Pester\5.7.1\Pester.psm1:2024
at &lt;ScriptBlock&gt;, C:\Users\alexa\OneDrive\Documents\PowerShell\Modules\Pester\5.7.1\Pester.psm1:1985
at Invoke-ScriptBlock, C:\Users\alexa\OneDrive\Documents\PowerShell\Modules\Pester\5.7.1\Pester.psm1:2160
at Invoke-Block, C:\Users\alexa\OneDrive\Documents\PowerShell\Modules\Pester\5.7.1\Pester.psm1:940
at &lt;ScriptBlock&gt;, C:\Users\alexa\OneDrive\Documents\PowerShell\Modules\Pester\5.7.1\Pester.psm1:1688
at &lt;ScriptBlock&gt;, C:\Users\alexa\OneDrive\Documents\PowerShell\Modules\Pester\5.7.1\Pester.ps1:3
at &lt;ScriptBlock&gt;, C:\Users\alexa\OneDrive\Documents\PowerShell\Modules\Pester\5.7.1\Pester.psm1:3260
at Invoke-InNewScriptScope, C:\Users\alexa\OneDrive\Documents\PowerShell\Modules\Pester\5.7.1\Pester.psm1:3267
at Run-Test, C:\Users\alexa\OneDrive\Documents\PowerShell\Modules\Pester\5.7.1\Pester.psm1:1691
at Invoke-Test, C:\Users\alexa\OneDrive\Documents\PowerShell\Modules\Pester\5.7.1\Pester.psm1:2512
at Invoke-Pester&lt;End&gt;, C:\Users\alexa\OneDrive\Documents\PowerShell\Modules\Pester\5.7.1\Pester.psm1:4960
at &lt;ScriptBlock&gt;, &lt;No file&gt;:1</stack-trace>
                    </failure>
                  </test-case>
                </results>
              </test-suite>
              <test-suite type="TestFixture" name="Install-Go Tests.Functionality Tests" executed="True" result="Failure" success="False" time="0.2376" asserts="0" description="Install-Go Tests.Functionality Tests">
                <results>
                  <test-case description="should execute without errors" name="Install-Go Tests.Functionality Tests.should execute without errors" time="0.1099" asserts="0" success="False" result="Failure" executed="True">
                    <failure>
                      <message>RuntimeException: Should operator 'Be' is not registered
CmdletInvocationException: Should operator 'Be' is not registered
CommandNotFoundException: The 'Should' command was found in the module 'Pester', but the module could not be loaded due to the following error: [Should operator 'Be' is not registered]
For more information, run 'Import-Module Pester'.</message>
                      <stack-trace>at &lt;ScriptBlock&gt;, $env:PROJECT_ROOT\tests\unit\scripts\Install-Go.Tests.ps1:17
at &lt;ScriptBlock&gt;, C:\Users\alexa\OneDrive\Documents\PowerShell\Modules\Pester\5.7.1\Pester.psm1:2024
at &lt;ScriptBlock&gt;, C:\Users\alexa\OneDrive\Documents\PowerShell\Modules\Pester\5.7.1\Pester.psm1:1985
at Invoke-ScriptBlock, C:\Users\alexa\OneDrive\Documents\PowerShell\Modules\Pester\5.7.1\Pester.psm1:2157
at Invoke-TestItem, C:\Users\alexa\OneDrive\Documents\PowerShell\Modules\Pester\5.7.1\Pester.psm1:1199
at Invoke-Block, C:\Users\alexa\OneDrive\Documents\PowerShell\Modules\Pester\5.7.1\Pester.psm1:835
at &lt;ScriptBlock&gt;, C:\Users\alexa\OneDrive\Documents\PowerShell\Modules\Pester\5.7.1\Pester.psm1:893
at &lt;ScriptBlock&gt;, C:\Users\alexa\OneDrive\Documents\PowerShell\Modules\Pester\5.7.1\Pester.psm1:2024
at &lt;ScriptBlock&gt;, C:\Users\alexa\OneDrive\Documents\PowerShell\Modules\Pester\5.7.1\Pester.psm1:1985
at Invoke-ScriptBlock, C:\Users\alexa\OneDrive\Documents\PowerShell\Modules\Pester\5.7.1\Pester.psm1:2160
at Invoke-Block, C:\Users\alexa\OneDrive\Documents\PowerShell\Modules\Pester\5.7.1\Pester.psm1:940
at &lt;ScriptBlock&gt;, C:\Users\alexa\OneDrive\Documents\PowerShell\Modules\Pester\5.7.1\Pester.psm1:893
at &lt;ScriptBlock&gt;, C:\Users\alexa\OneDrive\Documents\PowerShell\Modules\Pester\5.7.1\Pester.psm1:2024
at &lt;ScriptBlock&gt;, C:\Users\alexa\OneDrive\Documents\PowerShell\Modules\Pester\5.7.1\Pester.psm1:1985
at Invoke-ScriptBlock, C:\Users\alexa\OneDrive\Documents\PowerShell\Modules\Pester\5.7.1\Pester.psm1:2160
at Invoke-Block, C:\Users\alexa\OneDrive\Documents\PowerShell\Modules\Pester\5.7.1\Pester.psm1:940
at &lt;ScriptBlock&gt;, C:\Users\alexa\OneDrive\Documents\PowerShell\Modules\Pester\5.7.1\Pester.psm1:893
at &lt;ScriptBlock&gt;, C:\Users\alexa\OneDrive\Documents\PowerShell\Modules\Pester\5.7.1\Pester.psm1:2024
at &lt;ScriptBlock&gt;, C:\Users\alexa\OneDrive\Documents\PowerShell\Modules\Pester\5.7.1\Pester.psm1:1985
at Invoke-ScriptBlock, C:\Users\alexa\OneDrive\Documents\PowerShell\Modules\Pester\5.7.1\Pester.psm1:2160
at Invoke-Block, C:\Users\alexa\OneDrive\Documents\PowerShell\Modules\Pester\5.7.1\Pester.psm1:940
at &lt;ScriptBlock&gt;, C:\Users\alexa\OneDrive\Documents\PowerShell\Modules\Pester\5.7.1\Pester.psm1:1688
at &lt;ScriptBlock&gt;, C:\Users\alexa\OneDrive\Documents\PowerShell\Modules\Pester\5.7.1\Pester.ps1:3
at &lt;ScriptBlock&gt;, C:\Users\alexa\OneDrive\Documents\PowerShell\Modules\Pester\5.7.1\Pester.psm1:3260
at Invoke-InNewScriptScope, C:\Users\alexa\OneDrive\Documents\PowerShell\Modules\Pester\5.7.1\Pester.psm1:3267
at Run-Test, C:\Users\alexa\OneDrive\Documents\PowerShell\Modules\Pester\5.7.1\Pester.psm1:1691
at Invoke-Test, C:\Users\alexa\OneDrive\Documents\PowerShell\Modules\Pester\5.7.1\Pester.psm1:2512
at Invoke-Pester&lt;End&gt;, C:\Users\alexa\OneDrive\Documents\PowerShell\Modules\Pester\5.7.1\Pester.psm1:4960
at &lt;ScriptBlock&gt;, &lt;No file&gt;:1</stack-trace>
                    </failure>
                  </test-case>
                </results>
              </test-suite>
            </results>
          </test-suite>
        </results>
      </test-suite>
      <test-suite type="TestFixture" name="$env:PROJECT_ROOT\tests\unit\scripts\Install-npm.Tests.ps1" executed="True" result="Failure" success="False" time="0.2839" asserts="0" description="$env:PROJECT_ROOT\tests\unit\scripts\Install-npm.Tests.ps1">
        <results>
          <test-suite type="TestFixture" name="Install-npm Tests" executed="True" result="Failure" success="False" time="0.2457" asserts="0" description="Install-npm Tests">
            <results>
              <test-suite type="TestFixture" name="Install-npm Tests.Module Loading" executed="True" result="Failure" success="False" time="0.119" asserts="0" description="Install-npm Tests.Module Loading">
                <results>
                  <test-case description="should load required modules" name="Install-npm Tests.Module Loading.should load required modules" time="0.1162" asserts="0" success="False" result="Failure" executed="True">
                    <failure>
                      <message>RuntimeException: Should operator 'Be' is not registered
CmdletInvocationException: Should operator 'Be' is not registered
CommandNotFoundException: The 'Should' command was found in the module 'Pester', but the module could not be loaded due to the following error: [Should operator 'Be' is not registered]
For more information, run 'Import-Module Pester'.</message>
                      <stack-trace>at &lt;ScriptBlock&gt;, $env:PROJECT_ROOT\tests\unit\scripts\Install-npm.Tests.ps1:10
at &lt;ScriptBlock&gt;, C:\Users\alexa\OneDrive\Documents\PowerShell\Modules\Pester\5.7.1\Pester.psm1:2024
at &lt;ScriptBlock&gt;, C:\Users\alexa\OneDrive\Documents\PowerShell\Modules\Pester\5.7.1\Pester.psm1:1985
at Invoke-ScriptBlock, C:\Users\alexa\OneDrive\Documents\PowerShell\Modules\Pester\5.7.1\Pester.psm1:2157
at Invoke-TestItem, C:\Users\alexa\OneDrive\Documents\PowerShell\Modules\Pester\5.7.1\Pester.psm1:1199
at Invoke-Block, C:\Users\alexa\OneDrive\Documents\PowerShell\Modules\Pester\5.7.1\Pester.psm1:835
at &lt;ScriptBlock&gt;, C:\Users\alexa\OneDrive\Documents\PowerShell\Modules\Pester\5.7.1\Pester.psm1:893
at &lt;ScriptBlock&gt;, C:\Users\alexa\OneDrive\Documents\PowerShell\Modules\Pester\5.7.1\Pester.psm1:2024
at &lt;ScriptBlock&gt;, C:\Users\alexa\OneDrive\Documents\PowerShell\Modules\Pester\5.7.1\Pester.psm1:1985
at Invoke-ScriptBlock, C:\Users\alexa\OneDrive\Documents\PowerShell\Modules\Pester\5.7.1\Pester.psm1:2160
at Invoke-Block, C:\Users\alexa\OneDrive\Documents\PowerShell\Modules\Pester\5.7.1\Pester.psm1:940
at &lt;ScriptBlock&gt;, C:\Users\alexa\OneDrive\Documents\PowerShell\Modules\Pester\5.7.1\Pester.psm1:893
at &lt;ScriptBlock&gt;, C:\Users\alexa\OneDrive\Documents\PowerShell\Modules\Pester\5.7.1\Pester.psm1:2024
at &lt;ScriptBlock&gt;, C:\Users\alexa\OneDrive\Documents\PowerShell\Modules\Pester\5.7.1\Pester.psm1:1985
at Invoke-ScriptBlock, C:\Users\alexa\OneDrive\Documents\PowerShell\Modules\Pester\5.7.1\Pester.psm1:2160
at Invoke-Block, C:\Users\alexa\OneDrive\Documents\PowerShell\Modules\Pester\5.7.1\Pester.psm1:940
at &lt;ScriptBlock&gt;, C:\Users\alexa\OneDrive\Documents\PowerShell\Modules\Pester\5.7.1\Pester.psm1:893
at &lt;ScriptBlock&gt;, C:\Users\alexa\OneDrive\Documents\PowerShell\Modules\Pester\5.7.1\Pester.psm1:2024
at &lt;ScriptBlock&gt;, C:\Users\alexa\OneDrive\Documents\PowerShell\Modules\Pester\5.7.1\Pester.psm1:1985
at Invoke-ScriptBlock, C:\Users\alexa\OneDrive\Documents\PowerShell\Modules\Pester\5.7.1\Pester.psm1:2160
at Invoke-Block, C:\Users\alexa\OneDrive\Documents\PowerShell\Modules\Pester\5.7.1\Pester.psm1:940
at &lt;ScriptBlock&gt;, C:\Users\alexa\OneDrive\Documents\PowerShell\Modules\Pester\5.7.1\Pester.psm1:1688
at &lt;ScriptBlock&gt;, C:\Users\alexa\OneDrive\Documents\PowerShell\Modules\Pester\5.7.1\Pester.ps1:3
at &lt;ScriptBlock&gt;, C:\Users\alexa\OneDrive\Documents\PowerShell\Modules\Pester\5.7.1\Pester.psm1:3260
at Invoke-InNewScriptScope, C:\Users\alexa\OneDrive\Documents\PowerShell\Modules\Pester\5.7.1\Pester.psm1:3267
at Run-Test, C:\Users\alexa\OneDrive\Documents\PowerShell\Modules\Pester\5.7.1\Pester.psm1:1691
at Invoke-Test, C:\Users\alexa\OneDrive\Documents\PowerShell\Modules\Pester\5.7.1\Pester.psm1:2512
at Invoke-Pester&lt;End&gt;, C:\Users\alexa\OneDrive\Documents\PowerShell\Modules\Pester\5.7.1\Pester.psm1:4960
at &lt;ScriptBlock&gt;, &lt;No file&gt;:1</stack-trace>
                    </failure>
                  </test-case>
                </results>
              </test-suite>
              <test-suite type="TestFixture" name="Install-npm Tests.Functionality Tests" executed="True" result="Failure" success="False" time="0.2319" asserts="0" description="Install-npm Tests.Functionality Tests">
                <results>
                  <test-case description="should execute without errors" name="Install-npm Tests.Functionality Tests.should execute without errors" time="0.1105" asserts="0" success="False" result="Failure" executed="True">
                    <failure>
                      <message>RuntimeException: Should operator 'Be' is not registered
CmdletInvocationException: Should operator 'Be' is not registered
CommandNotFoundException: The 'Should' command was found in the module 'Pester', but the module could not be loaded due to the following error: [Should operator 'Be' is not registered]
For more information, run 'Import-Module Pester'.</message>
                      <stack-trace>at &lt;ScriptBlock&gt;, $env:PROJECT_ROOT\tests\unit\scripts\Install-npm.Tests.ps1:17
at &lt;ScriptBlock&gt;, C:\Users\alexa\OneDrive\Documents\PowerShell\Modules\Pester\5.7.1\Pester.psm1:2024
at &lt;ScriptBlock&gt;, C:\Users\alexa\OneDrive\Documents\PowerShell\Modules\Pester\5.7.1\Pester.psm1:1985
at Invoke-ScriptBlock, C:\Users\alexa\OneDrive\Documents\PowerShell\Modules\Pester\5.7.1\Pester.psm1:2157
at Invoke-TestItem, C:\Users\alexa\OneDrive\Documents\PowerShell\Modules\Pester\5.7.1\Pester.psm1:1199
at Invoke-Block, C:\Users\alexa\OneDrive\Documents\PowerShell\Modules\Pester\5.7.1\Pester.psm1:835
at &lt;ScriptBlock&gt;, C:\Users\alexa\OneDrive\Documents\PowerShell\Modules\Pester\5.7.1\Pester.psm1:893
at &lt;ScriptBlock&gt;, C:\Users\alexa\OneDrive\Documents\PowerShell\Modules\Pester\5.7.1\Pester.psm1:2024
at &lt;ScriptBlock&gt;, C:\Users\alexa\OneDrive\Documents\PowerShell\Modules\Pester\5.7.1\Pester.psm1:1985
at Invoke-ScriptBlock, C:\Users\alexa\OneDrive\Documents\PowerShell\Modules\Pester\5.7.1\Pester.psm1:2160
at Invoke-Block, C:\Users\alexa\OneDrive\Documents\PowerShell\Modules\Pester\5.7.1\Pester.psm1:940
at &lt;ScriptBlock&gt;, C:\Users\alexa\OneDrive\Documents\PowerShell\Modules\Pester\5.7.1\Pester.psm1:893
at &lt;ScriptBlock&gt;, C:\Users\alexa\OneDrive\Documents\PowerShell\Modules\Pester\5.7.1\Pester.psm1:2024
at &lt;ScriptBlock&gt;, C:\Users\alexa\OneDrive\Documents\PowerShell\Modules\Pester\5.7.1\Pester.psm1:1985
at Invoke-ScriptBlock, C:\Users\alexa\OneDrive\Documents\PowerShell\Modules\Pester\5.7.1\Pester.psm1:2160
at Invoke-Block, C:\Users\alexa\OneDrive\Documents\PowerShell\Modules\Pester\5.7.1\Pester.psm1:940
at &lt;ScriptBlock&gt;, C:\Users\alexa\OneDrive\Documents\PowerShell\Modules\Pester\5.7.1\Pester.psm1:893
at &lt;ScriptBlock&gt;, C:\Users\alexa\OneDrive\Documents\PowerShell\Modules\Pester\5.7.1\Pester.psm1:2024
at &lt;ScriptBlock&gt;, C:\Users\alexa\OneDrive\Documents\PowerShell\Modules\Pester\5.7.1\Pester.psm1:1985
at Invoke-ScriptBlock, C:\Users\alexa\OneDrive\Documents\PowerShell\Modules\Pester\5.7.1\Pester.psm1:2160
at Invoke-Block, C:\Users\alexa\OneDrive\Documents\PowerShell\Modules\Pester\5.7.1\Pester.psm1:940
at &lt;ScriptBlock&gt;, C:\Users\alexa\OneDrive\Documents\PowerShell\Modules\Pester\5.7.1\Pester.psm1:1688
at &lt;ScriptBlock&gt;, C:\Users\alexa\OneDrive\Documents\PowerShell\Modules\Pester\5.7.1\Pester.ps1:3
at &lt;ScriptBlock&gt;, C:\Users\alexa\OneDrive\Documents\PowerShell\Modules\Pester\5.7.1\Pester.psm1:3260
at Invoke-InNewScriptScope, C:\Users\alexa\OneDrive\Documents\PowerShell\Modules\Pester\5.7.1\Pester.psm1:3267
at Run-Test, C:\Users\alexa\OneDrive\Documents\PowerShell\Modules\Pester\5.7.1\Pester.psm1:1691
at Invoke-Test, C:\Users\alexa\OneDrive\Documents\PowerShell\Modules\Pester\5.7.1\Pester.psm1:2512
at Invoke-Pester&lt;End&gt;, C:\Users\alexa\OneDrive\Documents\PowerShell\Modules\Pester\5.7.1\Pester.psm1:4960
at &lt;ScriptBlock&gt;, &lt;No file&gt;:1</stack-trace>
                    </failure>
                  </test-case>
                </results>
              </test-suite>
            </results>
          </test-suite>
        </results>
      </test-suite>
      <test-suite type="TestFixture" name="$env:PROJECT_ROOT\tests\unit\scripts\Install-OpenTofu.Tests.ps1" executed="True" result="Failure" success="False" time="0.2846" asserts="0" description="$env:PROJECT_ROOT\tests\unit\scripts\Install-OpenTofu.Tests.ps1">
        <results>
          <test-suite type="TestFixture" name="Install-OpenTofu Tests" executed="True" result="Failure" success="False" time="0.2459" asserts="0" description="Install-OpenTofu Tests">
            <results>
              <test-suite type="TestFixture" name="Install-OpenTofu Tests.Module Loading" executed="True" result="Failure" success="False" time="0.1197" asserts="0" description="Install-OpenTofu Tests.Module Loading">
                <results>
                  <test-case description="should load required modules" name="Install-OpenTofu Tests.Module Loading.should load required modules" time="0.1171" asserts="0" success="False" result="Failure" executed="True">
                    <failure>
                      <message>RuntimeException: Should operator 'Be' is not registered
CmdletInvocationException: Should operator 'Be' is not registered
CommandNotFoundException: The 'Should' command was found in the module 'Pester', but the module could not be loaded due to the following error: [Should operator 'Be' is not registered]
For more information, run 'Import-Module Pester'.</message>
                      <stack-trace>at &lt;ScriptBlock&gt;, $env:PROJECT_ROOT\tests\unit\scripts\Install-OpenTofu.Tests.ps1:10
at &lt;ScriptBlock&gt;, C:\Users\alexa\OneDrive\Documents\PowerShell\Modules\Pester\5.7.1\Pester.psm1:2024
at &lt;ScriptBlock&gt;, C:\Users\alexa\OneDrive\Documents\PowerShell\Modules\Pester\5.7.1\Pester.psm1:1985
at Invoke-ScriptBlock, C:\Users\alexa\OneDrive\Documents\PowerShell\Modules\Pester\5.7.1\Pester.psm1:2157
at Invoke-TestItem, C:\Users\alexa\OneDrive\Documents\PowerShell\Modules\Pester\5.7.1\Pester.psm1:1199
at Invoke-Block, C:\Users\alexa\OneDrive\Documents\PowerShell\Modules\Pester\5.7.1\Pester.psm1:835
at &lt;ScriptBlock&gt;, C:\Users\alexa\OneDrive\Documents\PowerShell\Modules\Pester\5.7.1\Pester.psm1:893
at &lt;ScriptBlock&gt;, C:\Users\alexa\OneDrive\Documents\PowerShell\Modules\Pester\5.7.1\Pester.psm1:2024
at &lt;ScriptBlock&gt;, C:\Users\alexa\OneDrive\Documents\PowerShell\Modules\Pester\5.7.1\Pester.psm1:1985
at Invoke-ScriptBlock, C:\Users\alexa\OneDrive\Documents\PowerShell\Modules\Pester\5.7.1\Pester.psm1:2160
at Invoke-Block, C:\Users\alexa\OneDrive\Documents\PowerShell\Modules\Pester\5.7.1\Pester.psm1:940
at &lt;ScriptBlock&gt;, C:\Users\alexa\OneDrive\Documents\PowerShell\Modules\Pester\5.7.1\Pester.psm1:893
at &lt;ScriptBlock&gt;, C:\Users\alexa\OneDrive\Documents\PowerShell\Modules\Pester\5.7.1\Pester.psm1:2024
at &lt;ScriptBlock&gt;, C:\Users\alexa\OneDrive\Documents\PowerShell\Modules\Pester\5.7.1\Pester.psm1:1985
at Invoke-ScriptBlock, C:\Users\alexa\OneDrive\Documents\PowerShell\Modules\Pester\5.7.1\Pester.psm1:2160
at Invoke-Block, C:\Users\alexa\OneDrive\Documents\PowerShell\Modules\Pester\5.7.1\Pester.psm1:940
at &lt;ScriptBlock&gt;, C:\Users\alexa\OneDrive\Documents\PowerShell\Modules\Pester\5.7.1\Pester.psm1:893
at &lt;ScriptBlock&gt;, C:\Users\alexa\OneDrive\Documents\PowerShell\Modules\Pester\5.7.1\Pester.psm1:2024
at &lt;ScriptBlock&gt;, C:\Users\alexa\OneDrive\Documents\PowerShell\Modules\Pester\5.7.1\Pester.psm1:1985
at Invoke-ScriptBlock, C:\Users\alexa\OneDrive\Documents\PowerShell\Modules\Pester\5.7.1\Pester.psm1:2160
at Invoke-Block, C:\Users\alexa\OneDrive\Documents\PowerShell\Modules\Pester\5.7.1\Pester.psm1:940
at &lt;ScriptBlock&gt;, C:\Users\alexa\OneDrive\Documents\PowerShell\Modules\Pester\5.7.1\Pester.psm1:1688
at &lt;ScriptBlock&gt;, C:\Users\alexa\OneDrive\Documents\PowerShell\Modules\Pester\5.7.1\Pester.ps1:3
at &lt;ScriptBlock&gt;, C:\Users\alexa\OneDrive\Documents\PowerShell\Modules\Pester\5.7.1\Pester.psm1:3260
at Invoke-InNewScriptScope, C:\Users\alexa\OneDrive\Documents\PowerShell\Modules\Pester\5.7.1\Pester.psm1:3267
at Run-Test, C:\Users\alexa\OneDrive\Documents\PowerShell\Modules\Pester\5.7.1\Pester.psm1:1691
at Invoke-Test, C:\Users\alexa\OneDrive\Documents\PowerShell\Modules\Pester\5.7.1\Pester.psm1:2512
at Invoke-Pester&lt;End&gt;, C:\Users\alexa\OneDrive\Documents\PowerShell\Modules\Pester\5.7.1\Pester.psm1:4960
at &lt;ScriptBlock&gt;, &lt;No file&gt;:1</stack-trace>
                    </failure>
                  </test-case>
                </results>
              </test-suite>
              <test-suite type="TestFixture" name="Install-OpenTofu Tests.Functionality Tests" executed="True" result="Failure" success="False" time="0.2325" asserts="0" description="Install-OpenTofu Tests.Functionality Tests">
                <results>
                  <test-case description="should execute without errors" name="Install-OpenTofu Tests.Functionality Tests.should execute without errors" time="0.1101" asserts="0" success="False" result="Failure" executed="True">
                    <failure>
                      <message>RuntimeException: Should operator 'Be' is not registered
CmdletInvocationException: Should operator 'Be' is not registered
CommandNotFoundException: The 'Should' command was found in the module 'Pester', but the module could not be loaded due to the following error: [Should operator 'Be' is not registered]
For more information, run 'Import-Module Pester'.</message>
                      <stack-trace>at &lt;ScriptBlock&gt;, $env:PROJECT_ROOT\tests\unit\scripts\Install-OpenTofu.Tests.ps1:17
at &lt;ScriptBlock&gt;, C:\Users\alexa\OneDrive\Documents\PowerShell\Modules\Pester\5.7.1\Pester.psm1:2024
at &lt;ScriptBlock&gt;, C:\Users\alexa\OneDrive\Documents\PowerShell\Modules\Pester\5.7.1\Pester.psm1:1985
at Invoke-ScriptBlock, C:\Users\alexa\OneDrive\Documents\PowerShell\Modules\Pester\5.7.1\Pester.psm1:2157
at Invoke-TestItem, C:\Users\alexa\OneDrive\Documents\PowerShell\Modules\Pester\5.7.1\Pester.psm1:1199
at Invoke-Block, C:\Users\alexa\OneDrive\Documents\PowerShell\Modules\Pester\5.7.1\Pester.psm1:835
at &lt;ScriptBlock&gt;, C:\Users\alexa\OneDrive\Documents\PowerShell\Modules\Pester\5.7.1\Pester.psm1:893
at &lt;ScriptBlock&gt;, C:\Users\alexa\OneDrive\Documents\PowerShell\Modules\Pester\5.7.1\Pester.psm1:2024
at &lt;ScriptBlock&gt;, C:\Users\alexa\OneDrive\Documents\PowerShell\Modules\Pester\5.7.1\Pester.psm1:1985
at Invoke-ScriptBlock, C:\Users\alexa\OneDrive\Documents\PowerShell\Modules\Pester\5.7.1\Pester.psm1:2160
at Invoke-Block, C:\Users\alexa\OneDrive\Documents\PowerShell\Modules\Pester\5.7.1\Pester.psm1:940
at &lt;ScriptBlock&gt;, C:\Users\alexa\OneDrive\Documents\PowerShell\Modules\Pester\5.7.1\Pester.psm1:893
at &lt;ScriptBlock&gt;, C:\Users\alexa\OneDrive\Documents\PowerShell\Modules\Pester\5.7.1\Pester.psm1:2024
at &lt;ScriptBlock&gt;, C:\Users\alexa\OneDrive\Documents\PowerShell\Modules\Pester\5.7.1\Pester.psm1:1985
at Invoke-ScriptBlock, C:\Users\alexa\OneDrive\Documents\PowerShell\Modules\Pester\5.7.1\Pester.psm1:2160
at Invoke-Block, C:\Users\alexa\OneDrive\Documents\PowerShell\Modules\Pester\5.7.1\Pester.psm1:940
at &lt;ScriptBlock&gt;, C:\Users\alexa\OneDrive\Documents\PowerShell\Modules\Pester\5.7.1\Pester.psm1:893
at &lt;ScriptBlock&gt;, C:\Users\alexa\OneDrive\Documents\PowerShell\Modules\Pester\5.7.1\Pester.psm1:2024
at &lt;ScriptBlock&gt;, C:\Users\alexa\OneDrive\Documents\PowerShell\Modules\Pester\5.7.1\Pester.psm1:1985
at Invoke-ScriptBlock, C:\Users\alexa\OneDrive\Documents\PowerShell\Modules\Pester\5.7.1\Pester.psm1:2160
at Invoke-Block, C:\Users\alexa\OneDrive\Documents\PowerShell\Modules\Pester\5.7.1\Pester.psm1:940
at &lt;ScriptBlock&gt;, C:\Users\alexa\OneDrive\Documents\PowerShell\Modules\Pester\5.7.1\Pester.psm1:1688
at &lt;ScriptBlock&gt;, C:\Users\alexa\OneDrive\Documents\PowerShell\Modules\Pester\5.7.1\Pester.ps1:3
at &lt;ScriptBlock&gt;, C:\Users\alexa\OneDrive\Documents\PowerShell\Modules\Pester\5.7.1\Pester.psm1:3260
at Invoke-InNewScriptScope, C:\Users\alexa\OneDrive\Documents\PowerShell\Modules\Pester\5.7.1\Pester.psm1:3267
at Run-Test, C:\Users\alexa\OneDrive\Documents\PowerShell\Modules\Pester\5.7.1\Pester.psm1:1691
at Invoke-Test, C:\Users\alexa\OneDrive\Documents\PowerShell\Modules\Pester\5.7.1\Pester.psm1:2512
at Invoke-Pester&lt;End&gt;, C:\Users\alexa\OneDrive\Documents\PowerShell\Modules\Pester\5.7.1\Pester.psm1:4960
at &lt;ScriptBlock&gt;, &lt;No file&gt;:1</stack-trace>
                    </failure>
                  </test-case>
                </results>
              </test-suite>
            </results>
          </test-suite>
        </results>
      </test-suite>
      <test-suite type="TestFixture" name="$env:PROJECT_ROOT\tests\unit\scripts\Install-Poetry.Tests.ps1" executed="True" result="Failure" success="False" time="0.2824" asserts="0" description="$env:PROJECT_ROOT\tests\unit\scripts\Install-Poetry.Tests.ps1">
        <results>
          <test-suite type="TestFixture" name="Install-Poetry Tests" executed="True" result="Failure" success="False" time="0.2452" asserts="0" description="Install-Poetry Tests">
            <results>
              <test-suite type="TestFixture" name="Install-Poetry Tests.Module Loading" executed="True" result="Failure" success="False" time="0.1192" asserts="0" description="Install-Poetry Tests.Module Loading">
                <results>
                  <test-case description="should load required modules" name="Install-Poetry Tests.Module Loading.should load required modules" time="0.1124" asserts="0" success="False" result="Failure" executed="True">
                    <failure>
                      <message>RuntimeException: Should operator 'Be' is not registered
CmdletInvocationException: Should operator 'Be' is not registered
CommandNotFoundException: The 'Should' command was found in the module 'Pester', but the module could not be loaded due to the following error: [Should operator 'Be' is not registered]
For more information, run 'Import-Module Pester'.</message>
                      <stack-trace>at &lt;ScriptBlock&gt;, $env:PROJECT_ROOT\tests\unit\scripts\Install-Poetry.Tests.ps1:10
at &lt;ScriptBlock&gt;, C:\Users\alexa\OneDrive\Documents\PowerShell\Modules\Pester\5.7.1\Pester.psm1:2024
at &lt;ScriptBlock&gt;, C:\Users\alexa\OneDrive\Documents\PowerShell\Modules\Pester\5.7.1\Pester.psm1:1985
at Invoke-ScriptBlock, C:\Users\alexa\OneDrive\Documents\PowerShell\Modules\Pester\5.7.1\Pester.psm1:2157
at Invoke-TestItem, C:\Users\alexa\OneDrive\Documents\PowerShell\Modules\Pester\5.7.1\Pester.psm1:1199
at Invoke-Block, C:\Users\alexa\OneDrive\Documents\PowerShell\Modules\Pester\5.7.1\Pester.psm1:835
at &lt;ScriptBlock&gt;, C:\Users\alexa\OneDrive\Documents\PowerShell\Modules\Pester\5.7.1\Pester.psm1:893
at &lt;ScriptBlock&gt;, C:\Users\alexa\OneDrive\Documents\PowerShell\Modules\Pester\5.7.1\Pester.psm1:2024
at &lt;ScriptBlock&gt;, C:\Users\alexa\OneDrive\Documents\PowerShell\Modules\Pester\5.7.1\Pester.psm1:1985
at Invoke-ScriptBlock, C:\Users\alexa\OneDrive\Documents\PowerShell\Modules\Pester\5.7.1\Pester.psm1:2160
at Invoke-Block, C:\Users\alexa\OneDrive\Documents\PowerShell\Modules\Pester\5.7.1\Pester.psm1:940
at &lt;ScriptBlock&gt;, C:\Users\alexa\OneDrive\Documents\PowerShell\Modules\Pester\5.7.1\Pester.psm1:893
at &lt;ScriptBlock&gt;, C:\Users\alexa\OneDrive\Documents\PowerShell\Modules\Pester\5.7.1\Pester.psm1:2024
at &lt;ScriptBlock&gt;, C:\Users\alexa\OneDrive\Documents\PowerShell\Modules\Pester\5.7.1\Pester.psm1:1985
at Invoke-ScriptBlock, C:\Users\alexa\OneDrive\Documents\PowerShell\Modules\Pester\5.7.1\Pester.psm1:2160
at Invoke-Block, C:\Users\alexa\OneDrive\Documents\PowerShell\Modules\Pester\5.7.1\Pester.psm1:940
at &lt;ScriptBlock&gt;, C:\Users\alexa\OneDrive\Documents\PowerShell\Modules\Pester\5.7.1\Pester.psm1:893
at &lt;ScriptBlock&gt;, C:\Users\alexa\OneDrive\Documents\PowerShell\Modules\Pester\5.7.1\Pester.psm1:2024
at &lt;ScriptBlock&gt;, C:\Users\alexa\OneDrive\Documents\PowerShell\Modules\Pester\5.7.1\Pester.psm1:1985
at Invoke-ScriptBlock, C:\Users\alexa\OneDrive\Documents\PowerShell\Modules\Pester\5.7.1\Pester.psm1:2160
at Invoke-Block, C:\Users\alexa\OneDrive\Documents\PowerShell\Modules\Pester\5.7.1\Pester.psm1:940
at &lt;ScriptBlock&gt;, C:\Users\alexa\OneDrive\Documents\PowerShell\Modules\Pester\5.7.1\Pester.psm1:1688
at &lt;ScriptBlock&gt;, C:\Users\alexa\OneDrive\Documents\PowerShell\Modules\Pester\5.7.1\Pester.ps1:3
at &lt;ScriptBlock&gt;, C:\Users\alexa\OneDrive\Documents\PowerShell\Modules\Pester\5.7.1\Pester.psm1:3260
at Invoke-InNewScriptScope, C:\Users\alexa\OneDrive\Documents\PowerShell\Modules\Pester\5.7.1\Pester.psm1:3267
at Run-Test, C:\Users\alexa\OneDrive\Documents\PowerShell\Modules\Pester\5.7.1\Pester.psm1:1691
at Invoke-Test, C:\Users\alexa\OneDrive\Documents\PowerShell\Modules\Pester\5.7.1\Pester.psm1:2512
at Invoke-Pester&lt;End&gt;, C:\Users\alexa\OneDrive\Documents\PowerShell\Modules\Pester\5.7.1\Pester.psm1:4960
at &lt;ScriptBlock&gt;, &lt;No file&gt;:1</stack-trace>
                    </failure>
                  </test-case>
                </results>
              </test-suite>
              <test-suite type="TestFixture" name="Install-Poetry Tests.Functionality Tests" executed="True" result="Failure" success="False" time="0.2316" asserts="0" description="Install-Poetry Tests.Functionality Tests">
                <results>
                  <test-case description="should execute without errors" name="Install-Poetry Tests.Functionality Tests.should execute without errors" time="0.1099" asserts="0" success="False" result="Failure" executed="True">
                    <failure>
                      <message>RuntimeException: Should operator 'Be' is not registered
CmdletInvocationException: Should operator 'Be' is not registered
CommandNotFoundException: The 'Should' command was found in the module 'Pester', but the module could not be loaded due to the following error: [Should operator 'Be' is not registered]
For more information, run 'Import-Module Pester'.</message>
                      <stack-trace>at &lt;ScriptBlock&gt;, $env:PROJECT_ROOT\tests\unit\scripts\Install-Poetry.Tests.ps1:17
at &lt;ScriptBlock&gt;, C:\Users\alexa\OneDrive\Documents\PowerShell\Modules\Pester\5.7.1\Pester.psm1:2024
at &lt;ScriptBlock&gt;, C:\Users\alexa\OneDrive\Documents\PowerShell\Modules\Pester\5.7.1\Pester.psm1:1985
at Invoke-ScriptBlock, C:\Users\alexa\OneDrive\Documents\PowerShell\Modules\Pester\5.7.1\Pester.psm1:2157
at Invoke-TestItem, C:\Users\alexa\OneDrive\Documents\PowerShell\Modules\Pester\5.7.1\Pester.psm1:1199
at Invoke-Block, C:\Users\alexa\OneDrive\Documents\PowerShell\Modules\Pester\5.7.1\Pester.psm1:835
at &lt;ScriptBlock&gt;, C:\Users\alexa\OneDrive\Documents\PowerShell\Modules\Pester\5.7.1\Pester.psm1:893
at &lt;ScriptBlock&gt;, C:\Users\alexa\OneDrive\Documents\PowerShell\Modules\Pester\5.7.1\Pester.psm1:2024
at &lt;ScriptBlock&gt;, C:\Users\alexa\OneDrive\Documents\PowerShell\Modules\Pester\5.7.1\Pester.psm1:1985
at Invoke-ScriptBlock, C:\Users\alexa\OneDrive\Documents\PowerShell\Modules\Pester\5.7.1\Pester.psm1:2160
at Invoke-Block, C:\Users\alexa\OneDrive\Documents\PowerShell\Modules\Pester\5.7.1\Pester.psm1:940
at &lt;ScriptBlock&gt;, C:\Users\alexa\OneDrive\Documents\PowerShell\Modules\Pester\5.7.1\Pester.psm1:893
at &lt;ScriptBlock&gt;, C:\Users\alexa\OneDrive\Documents\PowerShell\Modules\Pester\5.7.1\Pester.psm1:2024
at &lt;ScriptBlock&gt;, C:\Users\alexa\OneDrive\Documents\PowerShell\Modules\Pester\5.7.1\Pester.psm1:1985
at Invoke-ScriptBlock, C:\Users\alexa\OneDrive\Documents\PowerShell\Modules\Pester\5.7.1\Pester.psm1:2160
at Invoke-Block, C:\Users\alexa\OneDrive\Documents\PowerShell\Modules\Pester\5.7.1\Pester.psm1:940
at &lt;ScriptBlock&gt;, C:\Users\alexa\OneDrive\Documents\PowerShell\Modules\Pester\5.7.1\Pester.psm1:893
at &lt;ScriptBlock&gt;, C:\Users\alexa\OneDrive\Documents\PowerShell\Modules\Pester\5.7.1\Pester.psm1:2024
at &lt;ScriptBlock&gt;, C:\Users\alexa\OneDrive\Documents\PowerShell\Modules\Pester\5.7.1\Pester.psm1:1985
at Invoke-ScriptBlock, C:\Users\alexa\OneDrive\Documents\PowerShell\Modules\Pester\5.7.1\Pester.psm1:2160
at Invoke-Block, C:\Users\alexa\OneDrive\Documents\PowerShell\Modules\Pester\5.7.1\Pester.psm1:940
at &lt;ScriptBlock&gt;, C:\Users\alexa\OneDrive\Documents\PowerShell\Modules\Pester\5.7.1\Pester.psm1:1688
at &lt;ScriptBlock&gt;, C:\Users\alexa\OneDrive\Documents\PowerShell\Modules\Pester\5.7.1\Pester.ps1:3
at &lt;ScriptBlock&gt;, C:\Users\alexa\OneDrive\Documents\PowerShell\Modules\Pester\5.7.1\Pester.psm1:3260
at Invoke-InNewScriptScope, C:\Users\alexa\OneDrive\Documents\PowerShell\Modules\Pester\5.7.1\Pester.psm1:3267
at Run-Test, C:\Users\alexa\OneDrive\Documents\PowerShell\Modules\Pester\5.7.1\Pester.psm1:1691
at Invoke-Test, C:\Users\alexa\OneDrive\Documents\PowerShell\Modules\Pester\5.7.1\Pester.psm1:2512
at Invoke-Pester&lt;End&gt;, C:\Users\alexa\OneDrive\Documents\PowerShell\Modules\Pester\5.7.1\Pester.psm1:4960
at &lt;ScriptBlock&gt;, &lt;No file&gt;:1</stack-trace>
                    </failure>
                  </test-case>
                </results>
              </test-suite>
            </results>
          </test-suite>
        </results>
      </test-suite>
      <test-suite type="TestFixture" name="$env:PROJECT_ROOT\tests\unit\scripts\Install-Sysinternals.Tests.ps1" executed="True" result="Failure" success="False" time="0.3013" asserts="0" description="$env:PROJECT_ROOT\tests\unit\scripts\Install-Sysinternals.Tests.ps1">
        <results>
          <test-suite type="TestFixture" name="Install-Sysinternals Tests" executed="True" result="Failure" success="False" time="0.2576" asserts="0" description="Install-Sysinternals Tests">
            <results>
              <test-suite type="TestFixture" name="Install-Sysinternals Tests.Module Loading" executed="True" result="Failure" success="False" time="0.1115" asserts="0" description="Install-Sysinternals Tests.Module Loading">
                <results>
                  <test-case description="should load required modules" name="Install-Sysinternals Tests.Module Loading.should load required modules" time="0.109" asserts="0" success="False" result="Failure" executed="True">
                    <failure>
                      <message>RuntimeException: Should operator 'Be' is not registered
CmdletInvocationException: Should operator 'Be' is not registered
CommandNotFoundException: The 'Should' command was found in the module 'Pester', but the module could not be loaded due to the following error: [Should operator 'Be' is not registered]
For more information, run 'Import-Module Pester'.</message>
                      <stack-trace>at &lt;ScriptBlock&gt;, $env:PROJECT_ROOT\tests\unit\scripts\Install-Sysinternals.Tests.ps1:10
at &lt;ScriptBlock&gt;, C:\Users\alexa\OneDrive\Documents\PowerShell\Modules\Pester\5.7.1\Pester.psm1:2024
at &lt;ScriptBlock&gt;, C:\Users\alexa\OneDrive\Documents\PowerShell\Modules\Pester\5.7.1\Pester.psm1:1985
at Invoke-ScriptBlock, C:\Users\alexa\OneDrive\Documents\PowerShell\Modules\Pester\5.7.1\Pester.psm1:2157
at Invoke-TestItem, C:\Users\alexa\OneDrive\Documents\PowerShell\Modules\Pester\5.7.1\Pester.psm1:1199
at Invoke-Block, C:\Users\alexa\OneDrive\Documents\PowerShell\Modules\Pester\5.7.1\Pester.psm1:835
at &lt;ScriptBlock&gt;, C:\Users\alexa\OneDrive\Documents\PowerShell\Modules\Pester\5.7.1\Pester.psm1:893
at &lt;ScriptBlock&gt;, C:\Users\alexa\OneDrive\Documents\PowerShell\Modules\Pester\5.7.1\Pester.psm1:2024
at &lt;ScriptBlock&gt;, C:\Users\alexa\OneDrive\Documents\PowerShell\Modules\Pester\5.7.1\Pester.psm1:1985
at Invoke-ScriptBlock, C:\Users\alexa\OneDrive\Documents\PowerShell\Modules\Pester\5.7.1\Pester.psm1:2160
at Invoke-Block, C:\Users\alexa\OneDrive\Documents\PowerShell\Modules\Pester\5.7.1\Pester.psm1:940
at &lt;ScriptBlock&gt;, C:\Users\alexa\OneDrive\Documents\PowerShell\Modules\Pester\5.7.1\Pester.psm1:893
at &lt;ScriptBlock&gt;, C:\Users\alexa\OneDrive\Documents\PowerShell\Modules\Pester\5.7.1\Pester.psm1:2024
at &lt;ScriptBlock&gt;, C:\Users\alexa\OneDrive\Documents\PowerShell\Modules\Pester\5.7.1\Pester.psm1:1985
at Invoke-ScriptBlock, C:\Users\alexa\OneDrive\Documents\PowerShell\Modules\Pester\5.7.1\Pester.psm1:2160
at Invoke-Block, C:\Users\alexa\OneDrive\Documents\PowerShell\Modules\Pester\5.7.1\Pester.psm1:940
at &lt;ScriptBlock&gt;, C:\Users\alexa\OneDrive\Documents\PowerShell\Modules\Pester\5.7.1\Pester.psm1:893
at &lt;ScriptBlock&gt;, C:\Users\alexa\OneDrive\Documents\PowerShell\Modules\Pester\5.7.1\Pester.psm1:2024
at &lt;ScriptBlock&gt;, C:\Users\alexa\OneDrive\Documents\PowerShell\Modules\Pester\5.7.1\Pester.psm1:1985
at Invoke-ScriptBlock, C:\Users\alexa\OneDrive\Documents\PowerShell\Modules\Pester\5.7.1\Pester.psm1:2160
at Invoke-Block, C:\Users\alexa\OneDrive\Documents\PowerShell\Modules\Pester\5.7.1\Pester.psm1:940
at &lt;ScriptBlock&gt;, C:\Users\alexa\OneDrive\Documents\PowerShell\Modules\Pester\5.7.1\Pester.psm1:1688
at &lt;ScriptBlock&gt;, C:\Users\alexa\OneDrive\Documents\PowerShell\Modules\Pester\5.7.1\Pester.ps1:3
at &lt;ScriptBlock&gt;, C:\Users\alexa\OneDrive\Documents\PowerShell\Modules\Pester\5.7.1\Pester.psm1:3260
at Invoke-InNewScriptScope, C:\Users\alexa\OneDrive\Documents\PowerShell\Modules\Pester\5.7.1\Pester.psm1:3267
at Run-Test, C:\Users\alexa\OneDrive\Documents\PowerShell\Modules\Pester\5.7.1\Pester.psm1:1691
at Invoke-Test, C:\Users\alexa\OneDrive\Documents\PowerShell\Modules\Pester\5.7.1\Pester.psm1:2512
at Invoke-Pester&lt;End&gt;, C:\Users\alexa\OneDrive\Documents\PowerShell\Modules\Pester\5.7.1\Pester.psm1:4960
at &lt;ScriptBlock&gt;, &lt;No file&gt;:1</stack-trace>
                    </failure>
                  </test-case>
                </results>
              </test-suite>
              <test-suite type="TestFixture" name="Install-Sysinternals Tests.Functionality Tests" executed="True" result="Failure" success="False" time="0.2441" asserts="0" description="Install-Sysinternals Tests.Functionality Tests">
                <results>
                  <test-case description="should execute without errors" name="Install-Sysinternals Tests.Functionality Tests.should execute without errors" time="0.1301" asserts="0" success="False" result="Failure" executed="True">
                    <failure>
                      <message>RuntimeException: Should operator 'Be' is not registered
CmdletInvocationException: Should operator 'Be' is not registered
CommandNotFoundException: The 'Should' command was found in the module 'Pester', but the module could not be loaded due to the following error: [Should operator 'Be' is not registered]
For more information, run 'Import-Module Pester'.</message>
                      <stack-trace>at &lt;ScriptBlock&gt;, $env:PROJECT_ROOT\tests\unit\scripts\Install-Sysinternals.Tests.ps1:17
at &lt;ScriptBlock&gt;, C:\Users\alexa\OneDrive\Documents\PowerShell\Modules\Pester\5.7.1\Pester.psm1:2024
at &lt;ScriptBlock&gt;, C:\Users\alexa\OneDrive\Documents\PowerShell\Modules\Pester\5.7.1\Pester.psm1:1985
at Invoke-ScriptBlock, C:\Users\alexa\OneDrive\Documents\PowerShell\Modules\Pester\5.7.1\Pester.psm1:2157
at Invoke-TestItem, C:\Users\alexa\OneDrive\Documents\PowerShell\Modules\Pester\5.7.1\Pester.psm1:1199
at Invoke-Block, C:\Users\alexa\OneDrive\Documents\PowerShell\Modules\Pester\5.7.1\Pester.psm1:835
at &lt;ScriptBlock&gt;, C:\Users\alexa\OneDrive\Documents\PowerShell\Modules\Pester\5.7.1\Pester.psm1:893
at &lt;ScriptBlock&gt;, C:\Users\alexa\OneDrive\Documents\PowerShell\Modules\Pester\5.7.1\Pester.psm1:2024
at &lt;ScriptBlock&gt;, C:\Users\alexa\OneDrive\Documents\PowerShell\Modules\Pester\5.7.1\Pester.psm1:1985
at Invoke-ScriptBlock, C:\Users\alexa\OneDrive\Documents\PowerShell\Modules\Pester\5.7.1\Pester.psm1:2160
at Invoke-Block, C:\Users\alexa\OneDrive\Documents\PowerShell\Modules\Pester\5.7.1\Pester.psm1:940
at &lt;ScriptBlock&gt;, C:\Users\alexa\OneDrive\Documents\PowerShell\Modules\Pester\5.7.1\Pester.psm1:893
at &lt;ScriptBlock&gt;, C:\Users\alexa\OneDrive\Documents\PowerShell\Modules\Pester\5.7.1\Pester.psm1:2024
at &lt;ScriptBlock&gt;, C:\Users\alexa\OneDrive\Documents\PowerShell\Modules\Pester\5.7.1\Pester.psm1:1985
at Invoke-ScriptBlock, C:\Users\alexa\OneDrive\Documents\PowerShell\Modules\Pester\5.7.1\Pester.psm1:2160
at Invoke-Block, C:\Users\alexa\OneDrive\Documents\PowerShell\Modules\Pester\5.7.1\Pester.psm1:940
at &lt;ScriptBlock&gt;, C:\Users\alexa\OneDrive\Documents\PowerShell\Modules\Pester\5.7.1\Pester.psm1:893
at &lt;ScriptBlock&gt;, C:\Users\alexa\OneDrive\Documents\PowerShell\Modules\Pester\5.7.1\Pester.psm1:2024
at &lt;ScriptBlock&gt;, C:\Users\alexa\OneDrive\Documents\PowerShell\Modules\Pester\5.7.1\Pester.psm1:1985
at Invoke-ScriptBlock, C:\Users\alexa\OneDrive\Documents\PowerShell\Modules\Pester\5.7.1\Pester.psm1:2160
at Invoke-Block, C:\Users\alexa\OneDrive\Documents\PowerShell\Modules\Pester\5.7.1\Pester.psm1:940
at &lt;ScriptBlock&gt;, C:\Users\alexa\OneDrive\Documents\PowerShell\Modules\Pester\5.7.1\Pester.psm1:1688
at &lt;ScriptBlock&gt;, C:\Users\alexa\OneDrive\Documents\PowerShell\Modules\Pester\5.7.1\Pester.ps1:3
at &lt;ScriptBlock&gt;, C:\Users\alexa\OneDrive\Documents\PowerShell\Modules\Pester\5.7.1\Pester.psm1:3260
at Invoke-InNewScriptScope, C:\Users\alexa\OneDrive\Documents\PowerShell\Modules\Pester\5.7.1\Pester.psm1:3267
at Run-Test, C:\Users\alexa\OneDrive\Documents\PowerShell\Modules\Pester\5.7.1\Pester.psm1:1691
at Invoke-Test, C:\Users\alexa\OneDrive\Documents\PowerShell\Modules\Pester\5.7.1\Pester.psm1:2512
at Invoke-Pester&lt;End&gt;, C:\Users\alexa\OneDrive\Documents\PowerShell\Modules\Pester\5.7.1\Pester.psm1:4960
at &lt;ScriptBlock&gt;, &lt;No file&gt;:1</stack-trace>
                    </failure>
                  </test-case>
                </results>
              </test-suite>
            </results>
          </test-suite>
        </results>
      </test-suite>
      <test-suite type="TestFixture" name="$env:PROJECT_ROOT\tests\unit\scripts\Install-ValidationTools.Tests.ps1" executed="True" result="Failure" success="False" time="0.2865" asserts="0" description="$env:PROJECT_ROOT\tests\unit\scripts\Install-ValidationTools.Tests.ps1">
        <results>
          <test-suite type="TestFixture" name="Install-ValidationTools Tests" executed="True" result="Failure" success="False" time="0.2496" asserts="0" description="Install-ValidationTools Tests">
            <results>
              <test-suite type="TestFixture" name="Install-ValidationTools Tests.Module Loading" executed="True" result="Failure" success="False" time="0.1148" asserts="0" description="Install-ValidationTools Tests.Module Loading">
                <results>
                  <test-case description="should load required modules" name="Install-ValidationTools Tests.Module Loading.should load required modules" time="0.1122" asserts="0" success="False" result="Failure" executed="True">
                    <failure>
                      <message>RuntimeException: Should operator 'Be' is not registered
CmdletInvocationException: Should operator 'Be' is not registered
CommandNotFoundException: The 'Should' command was found in the module 'Pester', but the module could not be loaded due to the following error: [Should operator 'Be' is not registered]
For more information, run 'Import-Module Pester'.</message>
                      <stack-trace>at &lt;ScriptBlock&gt;, $env:PROJECT_ROOT\tests\unit\scripts\Install-ValidationTools.Tests.ps1:10
at &lt;ScriptBlock&gt;, C:\Users\alexa\OneDrive\Documents\PowerShell\Modules\Pester\5.7.1\Pester.psm1:2024
at &lt;ScriptBlock&gt;, C:\Users\alexa\OneDrive\Documents\PowerShell\Modules\Pester\5.7.1\Pester.psm1:1985
at Invoke-ScriptBlock, C:\Users\alexa\OneDrive\Documents\PowerShell\Modules\Pester\5.7.1\Pester.psm1:2157
at Invoke-TestItem, C:\Users\alexa\OneDrive\Documents\PowerShell\Modules\Pester\5.7.1\Pester.psm1:1199
at Invoke-Block, C:\Users\alexa\OneDrive\Documents\PowerShell\Modules\Pester\5.7.1\Pester.psm1:835
at &lt;ScriptBlock&gt;, C:\Users\alexa\OneDrive\Documents\PowerShell\Modules\Pester\5.7.1\Pester.psm1:893
at &lt;ScriptBlock&gt;, C:\Users\alexa\OneDrive\Documents\PowerShell\Modules\Pester\5.7.1\Pester.psm1:2024
at &lt;ScriptBlock&gt;, C:\Users\alexa\OneDrive\Documents\PowerShell\Modules\Pester\5.7.1\Pester.psm1:1985
at Invoke-ScriptBlock, C:\Users\alexa\OneDrive\Documents\PowerShell\Modules\Pester\5.7.1\Pester.psm1:2160
at Invoke-Block, C:\Users\alexa\OneDrive\Documents\PowerShell\Modules\Pester\5.7.1\Pester.psm1:940
at &lt;ScriptBlock&gt;, C:\Users\alexa\OneDrive\Documents\PowerShell\Modules\Pester\5.7.1\Pester.psm1:893
at &lt;ScriptBlock&gt;, C:\Users\alexa\OneDrive\Documents\PowerShell\Modules\Pester\5.7.1\Pester.psm1:2024
at &lt;ScriptBlock&gt;, C:\Users\alexa\OneDrive\Documents\PowerShell\Modules\Pester\5.7.1\Pester.psm1:1985
at Invoke-ScriptBlock, C:\Users\alexa\OneDrive\Documents\PowerShell\Modules\Pester\5.7.1\Pester.psm1:2160
at Invoke-Block, C:\Users\alexa\OneDrive\Documents\PowerShell\Modules\Pester\5.7.1\Pester.psm1:940
at &lt;ScriptBlock&gt;, C:\Users\alexa\OneDrive\Documents\PowerShell\Modules\Pester\5.7.1\Pester.psm1:893
at &lt;ScriptBlock&gt;, C:\Users\alexa\OneDrive\Documents\PowerShell\Modules\Pester\5.7.1\Pester.psm1:2024
at &lt;ScriptBlock&gt;, C:\Users\alexa\OneDrive\Documents\PowerShell\Modules\Pester\5.7.1\Pester.psm1:1985
at Invoke-ScriptBlock, C:\Users\alexa\OneDrive\Documents\PowerShell\Modules\Pester\5.7.1\Pester.psm1:2160
at Invoke-Block, C:\Users\alexa\OneDrive\Documents\PowerShell\Modules\Pester\5.7.1\Pester.psm1:940
at &lt;ScriptBlock&gt;, C:\Users\alexa\OneDrive\Documents\PowerShell\Modules\Pester\5.7.1\Pester.psm1:1688
at &lt;ScriptBlock&gt;, C:\Users\alexa\OneDrive\Documents\PowerShell\Modules\Pester\5.7.1\Pester.ps1:3
at &lt;ScriptBlock&gt;, C:\Users\alexa\OneDrive\Documents\PowerShell\Modules\Pester\5.7.1\Pester.psm1:3260
at Invoke-InNewScriptScope, C:\Users\alexa\OneDrive\Documents\PowerShell\Modules\Pester\5.7.1\Pester.psm1:3267
at Run-Test, C:\Users\alexa\OneDrive\Documents\PowerShell\Modules\Pester\5.7.1\Pester.psm1:1691
at Invoke-Test, C:\Users\alexa\OneDrive\Documents\PowerShell\Modules\Pester\5.7.1\Pester.psm1:2512
at Invoke-Pester&lt;End&gt;, C:\Users\alexa\OneDrive\Documents\PowerShell\Modules\Pester\5.7.1\Pester.psm1:4960
at &lt;ScriptBlock&gt;, &lt;No file&gt;:1</stack-trace>
                    </failure>
                  </test-case>
                </results>
              </test-suite>
              <test-suite type="TestFixture" name="Install-ValidationTools Tests.Functionality Tests" executed="True" result="Failure" success="False" time="0.2337" asserts="0" description="Install-ValidationTools Tests.Functionality Tests">
                <results>
                  <test-case description="should execute without errors" name="Install-ValidationTools Tests.Functionality Tests.should execute without errors" time="0.1165" asserts="0" success="False" result="Failure" executed="True">
                    <failure>
                      <message>RuntimeException: Should operator 'Be' is not registered
CmdletInvocationException: Should operator 'Be' is not registered
CommandNotFoundException: The 'Should' command was found in the module 'Pester', but the module could not be loaded due to the following error: [Should operator 'Be' is not registered]
For more information, run 'Import-Module Pester'.</message>
                      <stack-trace>at &lt;ScriptBlock&gt;, $env:PROJECT_ROOT\tests\unit\scripts\Install-ValidationTools.Tests.ps1:17
at &lt;ScriptBlock&gt;, C:\Users\alexa\OneDrive\Documents\PowerShell\Modules\Pester\5.7.1\Pester.psm1:2024
at &lt;ScriptBlock&gt;, C:\Users\alexa\OneDrive\Documents\PowerShell\Modules\Pester\5.7.1\Pester.psm1:1985
at Invoke-ScriptBlock, C:\Users\alexa\OneDrive\Documents\PowerShell\Modules\Pester\5.7.1\Pester.psm1:2157
at Invoke-TestItem, C:\Users\alexa\OneDrive\Documents\PowerShell\Modules\Pester\5.7.1\Pester.psm1:1199
at Invoke-Block, C:\Users\alexa\OneDrive\Documents\PowerShell\Modules\Pester\5.7.1\Pester.psm1:835
at &lt;ScriptBlock&gt;, C:\Users\alexa\OneDrive\Documents\PowerShell\Modules\Pester\5.7.1\Pester.psm1:893
at &lt;ScriptBlock&gt;, C:\Users\alexa\OneDrive\Documents\PowerShell\Modules\Pester\5.7.1\Pester.psm1:2024
at &lt;ScriptBlock&gt;, C:\Users\alexa\OneDrive\Documents\PowerShell\Modules\Pester\5.7.1\Pester.psm1:1985
at Invoke-ScriptBlock, C:\Users\alexa\OneDrive\Documents\PowerShell\Modules\Pester\5.7.1\Pester.psm1:2160
at Invoke-Block, C:\Users\alexa\OneDrive\Documents\PowerShell\Modules\Pester\5.7.1\Pester.psm1:940
at &lt;ScriptBlock&gt;, C:\Users\alexa\OneDrive\Documents\PowerShell\Modules\Pester\5.7.1\Pester.psm1:893
at &lt;ScriptBlock&gt;, C:\Users\alexa\OneDrive\Documents\PowerShell\Modules\Pester\5.7.1\Pester.psm1:2024
at &lt;ScriptBlock&gt;, C:\Users\alexa\OneDrive\Documents\PowerShell\Modules\Pester\5.7.1\Pester.psm1:1985
at Invoke-ScriptBlock, C:\Users\alexa\OneDrive\Documents\PowerShell\Modules\Pester\5.7.1\Pester.psm1:2160
at Invoke-Block, C:\Users\alexa\OneDrive\Documents\PowerShell\Modules\Pester\5.7.1\Pester.psm1:940
at &lt;ScriptBlock&gt;, C:\Users\alexa\OneDrive\Documents\PowerShell\Modules\Pester\5.7.1\Pester.psm1:893
at &lt;ScriptBlock&gt;, C:\Users\alexa\OneDrive\Documents\PowerShell\Modules\Pester\5.7.1\Pester.psm1:2024
at &lt;ScriptBlock&gt;, C:\Users\alexa\OneDrive\Documents\PowerShell\Modules\Pester\5.7.1\Pester.psm1:1985
at Invoke-ScriptBlock, C:\Users\alexa\OneDrive\Documents\PowerShell\Modules\Pester\5.7.1\Pester.psm1:2160
at Invoke-Block, C:\Users\alexa\OneDrive\Documents\PowerShell\Modules\Pester\5.7.1\Pester.psm1:940
at &lt;ScriptBlock&gt;, C:\Users\alexa\OneDrive\Documents\PowerShell\Modules\Pester\5.7.1\Pester.psm1:1688
at &lt;ScriptBlock&gt;, C:\Users\alexa\OneDrive\Documents\PowerShell\Modules\Pester\5.7.1\Pester.ps1:3
at &lt;ScriptBlock&gt;, C:\Users\alexa\OneDrive\Documents\PowerShell\Modules\Pester\5.7.1\Pester.psm1:3260
at Invoke-InNewScriptScope, C:\Users\alexa\OneDrive\Documents\PowerShell\Modules\Pester\5.7.1\Pester.psm1:3267
at Run-Test, C:\Users\alexa\OneDrive\Documents\PowerShell\Modules\Pester\5.7.1\Pester.psm1:1691
at Invoke-Test, C:\Users\alexa\OneDrive\Documents\PowerShell\Modules\Pester\5.7.1\Pester.psm1:2512
at Invoke-Pester&lt;End&gt;, C:\Users\alexa\OneDrive\Documents\PowerShell\Modules\Pester\5.7.1\Pester.psm1:4960
at &lt;ScriptBlock&gt;, &lt;No file&gt;:1</stack-trace>
                    </failure>
                  </test-case>
                </results>
              </test-suite>
            </results>
          </test-suite>
        </results>
      </test-suite>
      <test-suite type="TestFixture" name="$env:PROJECT_ROOT\tests\unit\scripts\Invoke-CoreApplication.Tests.ps1" executed="True" result="Failure" success="False" time="1.7439" asserts="0" description="$env:PROJECT_ROOT\tests\unit\scripts\Invoke-CoreApplication.Tests.ps1">
        <results>
          <test-suite type="TestFixture" name="Invoke-CoreApplication.ps1 Tests" executed="True" result="Failure" success="False" time="1.511" asserts="0" description="Invoke-CoreApplication.ps1 Tests">
            <results>
              <test-suite type="TestFixture" name="Invoke-CoreApplication.ps1 Tests.Script Validation" executed="True" result="Failure" success="False" time="0.4926" asserts="0" description="Invoke-CoreApplication.ps1 Tests.Script Validation">
                <results>
                  <test-case description="Should exist and be readable" name="Invoke-CoreApplication.ps1 Tests.Script Validation.Should exist and be readable" time="0.1223" asserts="0" success="False" result="Failure" executed="True">
                    <failure>
                      <message>RuntimeException: Should operator 'Be' is not registered
CmdletInvocationException: Should operator 'Be' is not registered
CommandNotFoundException: The 'Should' command was found in the module 'Pester', but the module could not be loaded due to the following error: [Should operator 'Be' is not registered]
For more information, run 'Import-Module Pester'.</message>
                      <stack-trace>at &lt;ScriptBlock&gt;, $env:PROJECT_ROOT\tests\unit\scripts\Invoke-CoreApplication.Tests.ps1:47
at &lt;ScriptBlock&gt;, C:\Users\alexa\OneDrive\Documents\PowerShell\Modules\Pester\5.7.1\Pester.psm1:2024
at &lt;ScriptBlock&gt;, C:\Users\alexa\OneDrive\Documents\PowerShell\Modules\Pester\5.7.1\Pester.psm1:1985
at Invoke-ScriptBlock, C:\Users\alexa\OneDrive\Documents\PowerShell\Modules\Pester\5.7.1\Pester.psm1:2157
at Invoke-TestItem, C:\Users\alexa\OneDrive\Documents\PowerShell\Modules\Pester\5.7.1\Pester.psm1:1199
at Invoke-Block, C:\Users\alexa\OneDrive\Documents\PowerShell\Modules\Pester\5.7.1\Pester.psm1:835
at &lt;ScriptBlock&gt;, C:\Users\alexa\OneDrive\Documents\PowerShell\Modules\Pester\5.7.1\Pester.psm1:893
at &lt;ScriptBlock&gt;, C:\Users\alexa\OneDrive\Documents\PowerShell\Modules\Pester\5.7.1\Pester.psm1:2024
at &lt;ScriptBlock&gt;, C:\Users\alexa\OneDrive\Documents\PowerShell\Modules\Pester\5.7.1\Pester.psm1:1985
at Invoke-ScriptBlock, C:\Users\alexa\OneDrive\Documents\PowerShell\Modules\Pester\5.7.1\Pester.psm1:2160
at Invoke-Block, C:\Users\alexa\OneDrive\Documents\PowerShell\Modules\Pester\5.7.1\Pester.psm1:940
at &lt;ScriptBlock&gt;, C:\Users\alexa\OneDrive\Documents\PowerShell\Modules\Pester\5.7.1\Pester.psm1:893
at &lt;ScriptBlock&gt;, C:\Users\alexa\OneDrive\Documents\PowerShell\Modules\Pester\5.7.1\Pester.psm1:2024
at &lt;ScriptBlock&gt;, C:\Users\alexa\OneDrive\Documents\PowerShell\Modules\Pester\5.7.1\Pester.psm1:1985
at Invoke-ScriptBlock, C:\Users\alexa\OneDrive\Documents\PowerShell\Modules\Pester\5.7.1\Pester.psm1:2160
at Invoke-Block, C:\Users\alexa\OneDrive\Documents\PowerShell\Modules\Pester\5.7.1\Pester.psm1:940
at &lt;ScriptBlock&gt;, C:\Users\alexa\OneDrive\Documents\PowerShell\Modules\Pester\5.7.1\Pester.psm1:893
at &lt;ScriptBlock&gt;, C:\Users\alexa\OneDrive\Documents\PowerShell\Modules\Pester\5.7.1\Pester.psm1:2024
at &lt;ScriptBlock&gt;, C:\Users\alexa\OneDrive\Documents\PowerShell\Modules\Pester\5.7.1\Pester.psm1:1985
at Invoke-ScriptBlock, C:\Users\alexa\OneDrive\Documents\PowerShell\Modules\Pester\5.7.1\Pester.psm1:2160
at Invoke-Block, C:\Users\alexa\OneDrive\Documents\PowerShell\Modules\Pester\5.7.1\Pester.psm1:940
at &lt;ScriptBlock&gt;, C:\Users\alexa\OneDrive\Documents\PowerShell\Modules\Pester\5.7.1\Pester.psm1:1688
at &lt;ScriptBlock&gt;, C:\Users\alexa\OneDrive\Documents\PowerShell\Modules\Pester\5.7.1\Pester.ps1:3
at &lt;ScriptBlock&gt;, C:\Users\alexa\OneDrive\Documents\PowerShell\Modules\Pester\5.7.1\Pester.psm1:3260
at Invoke-InNewScriptScope, C:\Users\alexa\OneDrive\Documents\PowerShell\Modules\Pester\5.7.1\Pester.psm1:3267
at Run-Test, C:\Users\alexa\OneDrive\Documents\PowerShell\Modules\Pester\5.7.1\Pester.psm1:1691
at Invoke-Test, C:\Users\alexa\OneDrive\Documents\PowerShell\Modules\Pester\5.7.1\Pester.psm1:2512
at Invoke-Pester&lt;End&gt;, C:\Users\alexa\OneDrive\Documents\PowerShell\Modules\Pester\5.7.1\Pester.psm1:4960
at &lt;ScriptBlock&gt;, &lt;No file&gt;:1</stack-trace>
                    </failure>
                  </test-case>
                  <test-case description="Should have valid PowerShell syntax" name="Invoke-CoreApplication.ps1 Tests.Script Validation.Should have valid PowerShell syntax" time="0.1208" asserts="0" success="False" result="Failure" executed="True">
                    <failure>
                      <message>RuntimeException: Should operator 'Be' is not registered
CmdletInvocationException: Should operator 'Be' is not registered
CommandNotFoundException: The 'Should' command was found in the module 'Pester', but the module could not be loaded due to the following error: [Should operator 'Be' is not registered]
For more information, run 'Import-Module Pester'.</message>
                      <stack-trace>at &lt;ScriptBlock&gt;, $env:PROJECT_ROOT\tests\unit\scripts\Invoke-CoreApplication.Tests.ps1:53
at &lt;ScriptBlock&gt;, C:\Users\alexa\OneDrive\Documents\PowerShell\Modules\Pester\5.7.1\Pester.psm1:2024
at &lt;ScriptBlock&gt;, C:\Users\alexa\OneDrive\Documents\PowerShell\Modules\Pester\5.7.1\Pester.psm1:1985
at Invoke-ScriptBlock, C:\Users\alexa\OneDrive\Documents\PowerShell\Modules\Pester\5.7.1\Pester.psm1:2157
at Invoke-TestItem, C:\Users\alexa\OneDrive\Documents\PowerShell\Modules\Pester\5.7.1\Pester.psm1:1199
at Invoke-Block, C:\Users\alexa\OneDrive\Documents\PowerShell\Modules\Pester\5.7.1\Pester.psm1:835
at &lt;ScriptBlock&gt;, C:\Users\alexa\OneDrive\Documents\PowerShell\Modules\Pester\5.7.1\Pester.psm1:893
at &lt;ScriptBlock&gt;, C:\Users\alexa\OneDrive\Documents\PowerShell\Modules\Pester\5.7.1\Pester.psm1:2024
at &lt;ScriptBlock&gt;, C:\Users\alexa\OneDrive\Documents\PowerShell\Modules\Pester\5.7.1\Pester.psm1:1985
at Invoke-ScriptBlock, C:\Users\alexa\OneDrive\Documents\PowerShell\Modules\Pester\5.7.1\Pester.psm1:2160
at Invoke-Block, C:\Users\alexa\OneDrive\Documents\PowerShell\Modules\Pester\5.7.1\Pester.psm1:940
at &lt;ScriptBlock&gt;, C:\Users\alexa\OneDrive\Documents\PowerShell\Modules\Pester\5.7.1\Pester.psm1:893
at &lt;ScriptBlock&gt;, C:\Users\alexa\OneDrive\Documents\PowerShell\Modules\Pester\5.7.1\Pester.psm1:2024
at &lt;ScriptBlock&gt;, C:\Users\alexa\OneDrive\Documents\PowerShell\Modules\Pester\5.7.1\Pester.psm1:1985
at Invoke-ScriptBlock, C:\Users\alexa\OneDrive\Documents\PowerShell\Modules\Pester\5.7.1\Pester.psm1:2160
at Invoke-Block, C:\Users\alexa\OneDrive\Documents\PowerShell\Modules\Pester\5.7.1\Pester.psm1:940
at &lt;ScriptBlock&gt;, C:\Users\alexa\OneDrive\Documents\PowerShell\Modules\Pester\5.7.1\Pester.psm1:893
at &lt;ScriptBlock&gt;, C:\Users\alexa\OneDrive\Documents\PowerShell\Modules\Pester\5.7.1\Pester.psm1:2024
at &lt;ScriptBlock&gt;, C:\Users\alexa\OneDrive\Documents\PowerShell\Modules\Pester\5.7.1\Pester.psm1:1985
at Invoke-ScriptBlock, C:\Users\alexa\OneDrive\Documents\PowerShell\Modules\Pester\5.7.1\Pester.psm1:2160
at Invoke-Block, C:\Users\alexa\OneDrive\Documents\PowerShell\Modules\Pester\5.7.1\Pester.psm1:940
at &lt;ScriptBlock&gt;, C:\Users\alexa\OneDrive\Documents\PowerShell\Modules\Pester\5.7.1\Pester.psm1:1688
at &lt;ScriptBlock&gt;, C:\Users\alexa\OneDrive\Documents\PowerShell\Modules\Pester\5.7.1\Pester.ps1:3
at &lt;ScriptBlock&gt;, C:\Users\alexa\OneDrive\Documents\PowerShell\Modules\Pester\5.7.1\Pester.psm1:3260
at Invoke-InNewScriptScope, C:\Users\alexa\OneDrive\Documents\PowerShell\Modules\Pester\5.7.1\Pester.psm1:3267
at Run-Test, C:\Users\alexa\OneDrive\Documents\PowerShell\Modules\Pester\5.7.1\Pester.psm1:1691
at Invoke-Test, C:\Users\alexa\OneDrive\Documents\PowerShell\Modules\Pester\5.7.1\Pester.psm1:2512
at Invoke-Pester&lt;End&gt;, C:\Users\alexa\OneDrive\Documents\PowerShell\Modules\Pester\5.7.1\Pester.psm1:4960
at &lt;ScriptBlock&gt;, &lt;No file&gt;:1</stack-trace>
                    </failure>
                  </test-case>
                  <test-case description="Should have mandatory parameter ConfigPath" name="Invoke-CoreApplication.ps1 Tests.Script Validation.Should have mandatory parameter ConfigPath" time="0.1204" asserts="0" success="False" result="Failure" executed="True">
                    <failure>
                      <message>RuntimeException: Should operator 'Be' is not registered
CmdletInvocationException: Should operator 'Be' is not registered
CommandNotFoundException: The 'Should' command was found in the module 'Pester', but the module could not be loaded due to the following error: [Should operator 'Be' is not registered]
For more information, run 'Import-Module Pester'.</message>
                      <stack-trace>at &lt;ScriptBlock&gt;, $env:PROJECT_ROOT\tests\unit\scripts\Invoke-CoreApplication.Tests.ps1:64
at &lt;ScriptBlock&gt;, C:\Users\alexa\OneDrive\Documents\PowerShell\Modules\Pester\5.7.1\Pester.psm1:2024
at &lt;ScriptBlock&gt;, C:\Users\alexa\OneDrive\Documents\PowerShell\Modules\Pester\5.7.1\Pester.psm1:1985
at Invoke-ScriptBlock, C:\Users\alexa\OneDrive\Documents\PowerShell\Modules\Pester\5.7.1\Pester.psm1:2157
at Invoke-TestItem, C:\Users\alexa\OneDrive\Documents\PowerShell\Modules\Pester\5.7.1\Pester.psm1:1199
at Invoke-Block, C:\Users\alexa\OneDrive\Documents\PowerShell\Modules\Pester\5.7.1\Pester.psm1:835
at &lt;ScriptBlock&gt;, C:\Users\alexa\OneDrive\Documents\PowerShell\Modules\Pester\5.7.1\Pester.psm1:893
at &lt;ScriptBlock&gt;, C:\Users\alexa\OneDrive\Documents\PowerShell\Modules\Pester\5.7.1\Pester.psm1:2024
at &lt;ScriptBlock&gt;, C:\Users\alexa\OneDrive\Documents\PowerShell\Modules\Pester\5.7.1\Pester.psm1:1985
at Invoke-ScriptBlock, C:\Users\alexa\OneDrive\Documents\PowerShell\Modules\Pester\5.7.1\Pester.psm1:2160
at Invoke-Block, C:\Users\alexa\OneDrive\Documents\PowerShell\Modules\Pester\5.7.1\Pester.psm1:940
at &lt;ScriptBlock&gt;, C:\Users\alexa\OneDrive\Documents\PowerShell\Modules\Pester\5.7.1\Pester.psm1:893
at &lt;ScriptBlock&gt;, C:\Users\alexa\OneDrive\Documents\PowerShell\Modules\Pester\5.7.1\Pester.psm1:2024
at &lt;ScriptBlock&gt;, C:\Users\alexa\OneDrive\Documents\PowerShell\Modules\Pester\5.7.1\Pester.psm1:1985
at Invoke-ScriptBlock, C:\Users\alexa\OneDrive\Documents\PowerShell\Modules\Pester\5.7.1\Pester.psm1:2160
at Invoke-Block, C:\Users\alexa\OneDrive\Documents\PowerShell\Modules\Pester\5.7.1\Pester.psm1:940
at &lt;ScriptBlock&gt;, C:\Users\alexa\OneDrive\Documents\PowerShell\Modules\Pester\5.7.1\Pester.psm1:893
at &lt;ScriptBlock&gt;, C:\Users\alexa\OneDrive\Documents\PowerShell\Modules\Pester\5.7.1\Pester.psm1:2024
at &lt;ScriptBlock&gt;, C:\Users\alexa\OneDrive\Documents\PowerShell\Modules\Pester\5.7.1\Pester.psm1:1985
at Invoke-ScriptBlock, C:\Users\alexa\OneDrive\Documents\PowerShell\Modules\Pester\5.7.1\Pester.psm1:2160
at Invoke-Block, C:\Users\alexa\OneDrive\Documents\PowerShell\Modules\Pester\5.7.1\Pester.psm1:940
at &lt;ScriptBlock&gt;, C:\Users\alexa\OneDrive\Documents\PowerShell\Modules\Pester\5.7.1\Pester.psm1:1688
at &lt;ScriptBlock&gt;, C:\Users\alexa\OneDrive\Documents\PowerShell\Modules\Pester\5.7.1\Pester.ps1:3
at &lt;ScriptBlock&gt;, C:\Users\alexa\OneDrive\Documents\PowerShell\Modules\Pester\5.7.1\Pester.psm1:3260
at Invoke-InNewScriptScope, C:\Users\alexa\OneDrive\Documents\PowerShell\Modules\Pester\5.7.1\Pester.psm1:3267
at Run-Test, C:\Users\alexa\OneDrive\Documents\PowerShell\Modules\Pester\5.7.1\Pester.psm1:1691
at Invoke-Test, C:\Users\alexa\OneDrive\Documents\PowerShell\Modules\Pester\5.7.1\Pester.psm1:2512
at Invoke-Pester&lt;End&gt;, C:\Users\alexa\OneDrive\Documents\PowerShell\Modules\Pester\5.7.1\Pester.psm1:4960
at &lt;ScriptBlock&gt;, &lt;No file&gt;:1</stack-trace>
                    </failure>
                  </test-case>
                  <test-case description="Should import required modules" name="Invoke-CoreApplication.ps1 Tests.Script Validation.Should import required modules" time="0.1263" asserts="0" success="False" result="Failure" executed="True">
                    <failure>
                      <message>RuntimeException: Should operator 'Be' is not registered
CmdletInvocationException: Should operator 'Be' is not registered
CommandNotFoundException: The 'Should' command was found in the module 'Pester', but the module could not be loaded due to the following error: [Should operator 'Be' is not registered]
For more information, run 'Import-Module Pester'.</message>
                      <stack-trace>at &lt;ScriptBlock&gt;, $env:PROJECT_ROOT\tests\unit\scripts\Invoke-CoreApplication.Tests.ps1:70
at &lt;ScriptBlock&gt;, C:\Users\alexa\OneDrive\Documents\PowerShell\Modules\Pester\5.7.1\Pester.psm1:2024
at &lt;ScriptBlock&gt;, C:\Users\alexa\OneDrive\Documents\PowerShell\Modules\Pester\5.7.1\Pester.psm1:1985
at Invoke-ScriptBlock, C:\Users\alexa\OneDrive\Documents\PowerShell\Modules\Pester\5.7.1\Pester.psm1:2157
at Invoke-TestItem, C:\Users\alexa\OneDrive\Documents\PowerShell\Modules\Pester\5.7.1\Pester.psm1:1199
at Invoke-Block, C:\Users\alexa\OneDrive\Documents\PowerShell\Modules\Pester\5.7.1\Pester.psm1:835
at &lt;ScriptBlock&gt;, C:\Users\alexa\OneDrive\Documents\PowerShell\Modules\Pester\5.7.1\Pester.psm1:893
at &lt;ScriptBlock&gt;, C:\Users\alexa\OneDrive\Documents\PowerShell\Modules\Pester\5.7.1\Pester.psm1:2024
at &lt;ScriptBlock&gt;, C:\Users\alexa\OneDrive\Documents\PowerShell\Modules\Pester\5.7.1\Pester.psm1:1985
at Invoke-ScriptBlock, C:\Users\alexa\OneDrive\Documents\PowerShell\Modules\Pester\5.7.1\Pester.psm1:2160
at Invoke-Block, C:\Users\alexa\OneDrive\Documents\PowerShell\Modules\Pester\5.7.1\Pester.psm1:940
at &lt;ScriptBlock&gt;, C:\Users\alexa\OneDrive\Documents\PowerShell\Modules\Pester\5.7.1\Pester.psm1:893
at &lt;ScriptBlock&gt;, C:\Users\alexa\OneDrive\Documents\PowerShell\Modules\Pester\5.7.1\Pester.psm1:2024
at &lt;ScriptBlock&gt;, C:\Users\alexa\OneDrive\Documents\PowerShell\Modules\Pester\5.7.1\Pester.psm1:1985
at Invoke-ScriptBlock, C:\Users\alexa\OneDrive\Documents\PowerShell\Modules\Pester\5.7.1\Pester.psm1:2160
at Invoke-Block, C:\Users\alexa\OneDrive\Documents\PowerShell\Modules\Pester\5.7.1\Pester.psm1:940
at &lt;ScriptBlock&gt;, C:\Users\alexa\OneDrive\Documents\PowerShell\Modules\Pester\5.7.1\Pester.psm1:893
at &lt;ScriptBlock&gt;, C:\Users\alexa\OneDrive\Documents\PowerShell\Modules\Pester\5.7.1\Pester.psm1:2024
at &lt;ScriptBlock&gt;, C:\Users\alexa\OneDrive\Documents\PowerShell\Modules\Pester\5.7.1\Pester.psm1:1985
at Invoke-ScriptBlock, C:\Users\alexa\OneDrive\Documents\PowerShell\Modules\Pester\5.7.1\Pester.psm1:2160
at Invoke-Block, C:\Users\alexa\OneDrive\Documents\PowerShell\Modules\Pester\5.7.1\Pester.psm1:940
at &lt;ScriptBlock&gt;, C:\Users\alexa\OneDrive\Documents\PowerShell\Modules\Pester\5.7.1\Pester.psm1:1688
at &lt;ScriptBlock&gt;, C:\Users\alexa\OneDrive\Documents\PowerShell\Modules\Pester\5.7.1\Pester.ps1:3
at &lt;ScriptBlock&gt;, C:\Users\alexa\OneDrive\Documents\PowerShell\Modules\Pester\5.7.1\Pester.psm1:3260
at Invoke-InNewScriptScope, C:\Users\alexa\OneDrive\Documents\PowerShell\Modules\Pester\5.7.1\Pester.psm1:3267
at Run-Test, C:\Users\alexa\OneDrive\Documents\PowerShell\Modules\Pester\5.7.1\Pester.psm1:1691
at Invoke-Test, C:\Users\alexa\OneDrive\Documents\PowerShell\Modules\Pester\5.7.1\Pester.psm1:2512
at Invoke-Pester&lt;End&gt;, C:\Users\alexa\OneDrive\Documents\PowerShell\Modules\Pester\5.7.1\Pester.psm1:4960
at &lt;ScriptBlock&gt;, &lt;No file&gt;:1</stack-trace>
                    </failure>
                  </test-case>
                </results>
              </test-suite>
              <test-suite type="TestFixture" name="Invoke-CoreApplication.ps1 Tests.Parameter Validation" executed="True" result="Failure" success="False" time="0.7355" asserts="0" description="Invoke-CoreApplication.ps1 Tests.Parameter Validation">
                <results>
                  <test-case description="Should have proper error handling for missing config file" name="Invoke-CoreApplication.ps1 Tests.Parameter Validation.Should have proper error handling for missing config file" time="0.1228" asserts="0" success="False" result="Failure" executed="True">
                    <failure>
                      <message>RuntimeException: Should operator 'Be' is not registered
CmdletInvocationException: Should operator 'Be' is not registered
CommandNotFoundException: The 'Should' command was found in the module 'Pester', but the module could not be loaded due to the following error: [Should operator 'Be' is not registered]
For more information, run 'Import-Module Pester'.</message>
                      <stack-trace>at &lt;ScriptBlock&gt;, $env:PROJECT_ROOT\tests\unit\scripts\Invoke-CoreApplication.Tests.ps1:77
at &lt;ScriptBlock&gt;, C:\Users\alexa\OneDrive\Documents\PowerShell\Modules\Pester\5.7.1\Pester.psm1:2024
at &lt;ScriptBlock&gt;, C:\Users\alexa\OneDrive\Documents\PowerShell\Modules\Pester\5.7.1\Pester.psm1:1985
at Invoke-ScriptBlock, C:\Users\alexa\OneDrive\Documents\PowerShell\Modules\Pester\5.7.1\Pester.psm1:2157
at Invoke-TestItem, C:\Users\alexa\OneDrive\Documents\PowerShell\Modules\Pester\5.7.1\Pester.psm1:1199
at Invoke-Block, C:\Users\alexa\OneDrive\Documents\PowerShell\Modules\Pester\5.7.1\Pester.psm1:835
at &lt;ScriptBlock&gt;, C:\Users\alexa\OneDrive\Documents\PowerShell\Modules\Pester\5.7.1\Pester.psm1:893
at &lt;ScriptBlock&gt;, C:\Users\alexa\OneDrive\Documents\PowerShell\Modules\Pester\5.7.1\Pester.psm1:2024
at &lt;ScriptBlock&gt;, C:\Users\alexa\OneDrive\Documents\PowerShell\Modules\Pester\5.7.1\Pester.psm1:1985
at Invoke-ScriptBlock, C:\Users\alexa\OneDrive\Documents\PowerShell\Modules\Pester\5.7.1\Pester.psm1:2160
at Invoke-Block, C:\Users\alexa\OneDrive\Documents\PowerShell\Modules\Pester\5.7.1\Pester.psm1:940
at &lt;ScriptBlock&gt;, C:\Users\alexa\OneDrive\Documents\PowerShell\Modules\Pester\5.7.1\Pester.psm1:893
at &lt;ScriptBlock&gt;, C:\Users\alexa\OneDrive\Documents\PowerShell\Modules\Pester\5.7.1\Pester.psm1:2024
at &lt;ScriptBlock&gt;, C:\Users\alexa\OneDrive\Documents\PowerShell\Modules\Pester\5.7.1\Pester.psm1:1985
at Invoke-ScriptBlock, C:\Users\alexa\OneDrive\Documents\PowerShell\Modules\Pester\5.7.1\Pester.psm1:2160
at Invoke-Block, C:\Users\alexa\OneDrive\Documents\PowerShell\Modules\Pester\5.7.1\Pester.psm1:940
at &lt;ScriptBlock&gt;, C:\Users\alexa\OneDrive\Documents\PowerShell\Modules\Pester\5.7.1\Pester.psm1:893
at &lt;ScriptBlock&gt;, C:\Users\alexa\OneDrive\Documents\PowerShell\Modules\Pester\5.7.1\Pester.psm1:2024
at &lt;ScriptBlock&gt;, C:\Users\alexa\OneDrive\Documents\PowerShell\Modules\Pester\5.7.1\Pester.psm1:1985
at Invoke-ScriptBlock, C:\Users\alexa\OneDrive\Documents\PowerShell\Modules\Pester\5.7.1\Pester.psm1:2160
at Invoke-Block, C:\Users\alexa\OneDrive\Documents\PowerShell\Modules\Pester\5.7.1\Pester.psm1:940
at &lt;ScriptBlock&gt;, C:\Users\alexa\OneDrive\Documents\PowerShell\Modules\Pester\5.7.1\Pester.psm1:1688
at &lt;ScriptBlock&gt;, C:\Users\alexa\OneDrive\Documents\PowerShell\Modules\Pester\5.7.1\Pester.ps1:3
at &lt;ScriptBlock&gt;, C:\Users\alexa\OneDrive\Documents\PowerShell\Modules\Pester\5.7.1\Pester.psm1:3260
at Invoke-InNewScriptScope, C:\Users\alexa\OneDrive\Documents\PowerShell\Modules\Pester\5.7.1\Pester.psm1:3267
at Run-Test, C:\Users\alexa\OneDrive\Documents\PowerShell\Modules\Pester\5.7.1\Pester.psm1:1691
at Invoke-Test, C:\Users\alexa\OneDrive\Documents\PowerShell\Modules\Pester\5.7.1\Pester.psm1:2512
at Invoke-Pester&lt;End&gt;, C:\Users\alexa\OneDrive\Documents\PowerShell\Modules\Pester\5.7.1\Pester.psm1:4960
at &lt;ScriptBlock&gt;, &lt;No file&gt;:1</stack-trace>
                    </failure>
                  </test-case>
                  <test-case description="Should use ErrorActionPreference Stop" name="Invoke-CoreApplication.ps1 Tests.Parameter Validation.Should use ErrorActionPreference Stop" time="0.1177" asserts="0" success="False" result="Failure" executed="True">
                    <failure>
                      <message>RuntimeException: Should operator 'Be' is not registered
CmdletInvocationException: Should operator 'Be' is not registered
CommandNotFoundException: The 'Should' command was found in the module 'Pester', but the module could not be loaded due to the following error: [Should operator 'Be' is not registered]
For more information, run 'Import-Module Pester'.</message>
                      <stack-trace>at &lt;ScriptBlock&gt;, $env:PROJECT_ROOT\tests\unit\scripts\Invoke-CoreApplication.Tests.ps1:83
at &lt;ScriptBlock&gt;, C:\Users\alexa\OneDrive\Documents\PowerShell\Modules\Pester\5.7.1\Pester.psm1:2024
at &lt;ScriptBlock&gt;, C:\Users\alexa\OneDrive\Documents\PowerShell\Modules\Pester\5.7.1\Pester.psm1:1985
at Invoke-ScriptBlock, C:\Users\alexa\OneDrive\Documents\PowerShell\Modules\Pester\5.7.1\Pester.psm1:2157
at Invoke-TestItem, C:\Users\alexa\OneDrive\Documents\PowerShell\Modules\Pester\5.7.1\Pester.psm1:1199
at Invoke-Block, C:\Users\alexa\OneDrive\Documents\PowerShell\Modules\Pester\5.7.1\Pester.psm1:835
at &lt;ScriptBlock&gt;, C:\Users\alexa\OneDrive\Documents\PowerShell\Modules\Pester\5.7.1\Pester.psm1:893
at &lt;ScriptBlock&gt;, C:\Users\alexa\OneDrive\Documents\PowerShell\Modules\Pester\5.7.1\Pester.psm1:2024
at &lt;ScriptBlock&gt;, C:\Users\alexa\OneDrive\Documents\PowerShell\Modules\Pester\5.7.1\Pester.psm1:1985
at Invoke-ScriptBlock, C:\Users\alexa\OneDrive\Documents\PowerShell\Modules\Pester\5.7.1\Pester.psm1:2160
at Invoke-Block, C:\Users\alexa\OneDrive\Documents\PowerShell\Modules\Pester\5.7.1\Pester.psm1:940
at &lt;ScriptBlock&gt;, C:\Users\alexa\OneDrive\Documents\PowerShell\Modules\Pester\5.7.1\Pester.psm1:893
at &lt;ScriptBlock&gt;, C:\Users\alexa\OneDrive\Documents\PowerShell\Modules\Pester\5.7.1\Pester.psm1:2024
at &lt;ScriptBlock&gt;, C:\Users\alexa\OneDrive\Documents\PowerShell\Modules\Pester\5.7.1\Pester.psm1:1985
at Invoke-ScriptBlock, C:\Users\alexa\OneDrive\Documents\PowerShell\Modules\Pester\5.7.1\Pester.psm1:2160
at Invoke-Block, C:\Users\alexa\OneDrive\Documents\PowerShell\Modules\Pester\5.7.1\Pester.psm1:940
at &lt;ScriptBlock&gt;, C:\Users\alexa\OneDrive\Documents\PowerShell\Modules\Pester\5.7.1\Pester.psm1:893
at &lt;ScriptBlock&gt;, C:\Users\alexa\OneDrive\Documents\PowerShell\Modules\Pester\5.7.1\Pester.psm1:2024
at &lt;ScriptBlock&gt;, C:\Users\alexa\OneDrive\Documents\PowerShell\Modules\Pester\5.7.1\Pester.psm1:1985
at Invoke-ScriptBlock, C:\Users\alexa\OneDrive\Documents\PowerShell\Modules\Pester\5.7.1\Pester.psm1:2160
at Invoke-Block, C:\Users\alexa\OneDrive\Documents\PowerShell\Modules\Pester\5.7.1\Pester.psm1:940
at &lt;ScriptBlock&gt;, C:\Users\alexa\OneDrive\Documents\PowerShell\Modules\Pester\5.7.1\Pester.psm1:1688
at &lt;ScriptBlock&gt;, C:\Users\alexa\OneDrive\Documents\PowerShell\Modules\Pester\5.7.1\Pester.ps1:3
at &lt;ScriptBlock&gt;, C:\Users\alexa\OneDrive\Documents\PowerShell\Modules\Pester\5.7.1\Pester.psm1:3260
at Invoke-InNewScriptScope, C:\Users\alexa\OneDrive\Documents\PowerShell\Modules\Pester\5.7.1\Pester.psm1:3267
at Run-Test, C:\Users\alexa\OneDrive\Documents\PowerShell\Modules\Pester\5.7.1\Pester.psm1:1691
at Invoke-Test, C:\Users\alexa\OneDrive\Documents\PowerShell\Modules\Pester\5.7.1\Pester.psm1:2512
at Invoke-Pester&lt;End&gt;, C:\Users\alexa\OneDrive\Documents\PowerShell\Modules\Pester\5.7.1\Pester.psm1:4960
at &lt;ScriptBlock&gt;, &lt;No file&gt;:1</stack-trace>
                    </failure>
                  </test-case>
                </results>
              </test-suite>
              <test-suite type="TestFixture" name="Invoke-CoreApplication.ps1 Tests.Functionality Tests" executed="True" result="Failure" success="False" time="1.2153" asserts="0" description="Invoke-CoreApplication.ps1 Tests.Functionality Tests">
                <results>
                  <test-case description="Should contain Invoke-LabStep usage" name="Invoke-CoreApplication.ps1 Tests.Functionality Tests.Should contain Invoke-LabStep usage" time="0.12" asserts="0" success="False" result="Failure" executed="True">
                    <failure>
                      <message>RuntimeException: Should operator 'Be' is not registered
CmdletInvocationException: Should operator 'Be' is not registered
CommandNotFoundException: The 'Should' command was found in the module 'Pester', but the module could not be loaded due to the following error: [Should operator 'Be' is not registered]
For more information, run 'Import-Module Pester'.</message>
                      <stack-trace>at &lt;ScriptBlock&gt;, $env:PROJECT_ROOT\tests\unit\scripts\Invoke-CoreApplication.Tests.ps1:90
at &lt;ScriptBlock&gt;, C:\Users\alexa\OneDrive\Documents\PowerShell\Modules\Pester\5.7.1\Pester.psm1:2024
at &lt;ScriptBlock&gt;, C:\Users\alexa\OneDrive\Documents\PowerShell\Modules\Pester\5.7.1\Pester.psm1:1985
at Invoke-ScriptBlock, C:\Users\alexa\OneDrive\Documents\PowerShell\Modules\Pester\5.7.1\Pester.psm1:2157
at Invoke-TestItem, C:\Users\alexa\OneDrive\Documents\PowerShell\Modules\Pester\5.7.1\Pester.psm1:1199
at Invoke-Block, C:\Users\alexa\OneDrive\Documents\PowerShell\Modules\Pester\5.7.1\Pester.psm1:835
at &lt;ScriptBlock&gt;, C:\Users\alexa\OneDrive\Documents\PowerShell\Modules\Pester\5.7.1\Pester.psm1:893
at &lt;ScriptBlock&gt;, C:\Users\alexa\OneDrive\Documents\PowerShell\Modules\Pester\5.7.1\Pester.psm1:2024
at &lt;ScriptBlock&gt;, C:\Users\alexa\OneDrive\Documents\PowerShell\Modules\Pester\5.7.1\Pester.psm1:1985
at Invoke-ScriptBlock, C:\Users\alexa\OneDrive\Documents\PowerShell\Modules\Pester\5.7.1\Pester.psm1:2160
at Invoke-Block, C:\Users\alexa\OneDrive\Documents\PowerShell\Modules\Pester\5.7.1\Pester.psm1:940
at &lt;ScriptBlock&gt;, C:\Users\alexa\OneDrive\Documents\PowerShell\Modules\Pester\5.7.1\Pester.psm1:893
at &lt;ScriptBlock&gt;, C:\Users\alexa\OneDrive\Documents\PowerShell\Modules\Pester\5.7.1\Pester.psm1:2024
at &lt;ScriptBlock&gt;, C:\Users\alexa\OneDrive\Documents\PowerShell\Modules\Pester\5.7.1\Pester.psm1:1985
at Invoke-ScriptBlock, C:\Users\alexa\OneDrive\Documents\PowerShell\Modules\Pester\5.7.1\Pester.psm1:2160
at Invoke-Block, C:\Users\alexa\OneDrive\Documents\PowerShell\Modules\Pester\5.7.1\Pester.psm1:940
at &lt;ScriptBlock&gt;, C:\Users\alexa\OneDrive\Documents\PowerShell\Modules\Pester\5.7.1\Pester.psm1:893
at &lt;ScriptBlock&gt;, C:\Users\alexa\OneDrive\Documents\PowerShell\Modules\Pester\5.7.1\Pester.psm1:2024
at &lt;ScriptBlock&gt;, C:\Users\alexa\OneDrive\Documents\PowerShell\Modules\Pester\5.7.1\Pester.psm1:1985
at Invoke-ScriptBlock, C:\Users\alexa\OneDrive\Documents\PowerShell\Modules\Pester\5.7.1\Pester.psm1:2160
at Invoke-Block, C:\Users\alexa\OneDrive\Documents\PowerShell\Modules\Pester\5.7.1\Pester.psm1:940
at &lt;ScriptBlock&gt;, C:\Users\alexa\OneDrive\Documents\PowerShell\Modules\Pester\5.7.1\Pester.psm1:1688
at &lt;ScriptBlock&gt;, C:\Users\alexa\OneDrive\Documents\PowerShell\Modules\Pester\5.7.1\Pester.ps1:3
at &lt;ScriptBlock&gt;, C:\Users\alexa\OneDrive\Documents\PowerShell\Modules\Pester\5.7.1\Pester.psm1:3260
at Invoke-InNewScriptScope, C:\Users\alexa\OneDrive\Documents\PowerShell\Modules\Pester\5.7.1\Pester.psm1:3267
at Run-Test, C:\Users\alexa\OneDrive\Documents\PowerShell\Modules\Pester\5.7.1\Pester.psm1:1691
at Invoke-Test, C:\Users\alexa\OneDrive\Documents\PowerShell\Modules\Pester\5.7.1\Pester.psm1:2512
at Invoke-Pester&lt;End&gt;, C:\Users\alexa\OneDrive\Documents\PowerShell\Modules\Pester\5.7.1\Pester.psm1:4960
at &lt;ScriptBlock&gt;, &lt;No file&gt;:1</stack-trace>
                    </failure>
                  </test-case>
                  <test-case description="Should contain proper logging statements" name="Invoke-CoreApplication.ps1 Tests.Functionality Tests.Should contain proper logging statements" time="0.1195" asserts="0" success="False" result="Failure" executed="True">
                    <failure>
                      <message>RuntimeException: Should operator 'Be' is not registered
CmdletInvocationException: Should operator 'Be' is not registered
CommandNotFoundException: The 'Should' command was found in the module 'Pester', but the module could not be loaded due to the following error: [Should operator 'Be' is not registered]
For more information, run 'Import-Module Pester'.</message>
                      <stack-trace>at &lt;ScriptBlock&gt;, $env:PROJECT_ROOT\tests\unit\scripts\Invoke-CoreApplication.Tests.ps1:95
at &lt;ScriptBlock&gt;, C:\Users\alexa\OneDrive\Documents\PowerShell\Modules\Pester\5.7.1\Pester.psm1:2024
at &lt;ScriptBlock&gt;, C:\Users\alexa\OneDrive\Documents\PowerShell\Modules\Pester\5.7.1\Pester.psm1:1985
at Invoke-ScriptBlock, C:\Users\alexa\OneDrive\Documents\PowerShell\Modules\Pester\5.7.1\Pester.psm1:2157
at Invoke-TestItem, C:\Users\alexa\OneDrive\Documents\PowerShell\Modules\Pester\5.7.1\Pester.psm1:1199
at Invoke-Block, C:\Users\alexa\OneDrive\Documents\PowerShell\Modules\Pester\5.7.1\Pester.psm1:835
at &lt;ScriptBlock&gt;, C:\Users\alexa\OneDrive\Documents\PowerShell\Modules\Pester\5.7.1\Pester.psm1:893
at &lt;ScriptBlock&gt;, C:\Users\alexa\OneDrive\Documents\PowerShell\Modules\Pester\5.7.1\Pester.psm1:2024
at &lt;ScriptBlock&gt;, C:\Users\alexa\OneDrive\Documents\PowerShell\Modules\Pester\5.7.1\Pester.psm1:1985
at Invoke-ScriptBlock, C:\Users\alexa\OneDrive\Documents\PowerShell\Modules\Pester\5.7.1\Pester.psm1:2160
at Invoke-Block, C:\Users\alexa\OneDrive\Documents\PowerShell\Modules\Pester\5.7.1\Pester.psm1:940
at &lt;ScriptBlock&gt;, C:\Users\alexa\OneDrive\Documents\PowerShell\Modules\Pester\5.7.1\Pester.psm1:893
at &lt;ScriptBlock&gt;, C:\Users\alexa\OneDrive\Documents\PowerShell\Modules\Pester\5.7.1\Pester.psm1:2024
at &lt;ScriptBlock&gt;, C:\Users\alexa\OneDrive\Documents\PowerShell\Modules\Pester\5.7.1\Pester.psm1:1985
at Invoke-ScriptBlock, C:\Users\alexa\OneDrive\Documents\PowerShell\Modules\Pester\5.7.1\Pester.psm1:2160
at Invoke-Block, C:\Users\alexa\OneDrive\Documents\PowerShell\Modules\Pester\5.7.1\Pester.psm1:940
at &lt;ScriptBlock&gt;, C:\Users\alexa\OneDrive\Documents\PowerShell\Modules\Pester\5.7.1\Pester.psm1:893
at &lt;ScriptBlock&gt;, C:\Users\alexa\OneDrive\Documents\PowerShell\Modules\Pester\5.7.1\Pester.psm1:2024
at &lt;ScriptBlock&gt;, C:\Users\alexa\OneDrive\Documents\PowerShell\Modules\Pester\5.7.1\Pester.psm1:1985
at Invoke-ScriptBlock, C:\Users\alexa\OneDrive\Documents\PowerShell\Modules\Pester\5.7.1\Pester.psm1:2160
at Invoke-Block, C:\Users\alexa\OneDrive\Documents\PowerShell\Modules\Pester\5.7.1\Pester.psm1:940
at &lt;ScriptBlock&gt;, C:\Users\alexa\OneDrive\Documents\PowerShell\Modules\Pester\5.7.1\Pester.psm1:1688
at &lt;ScriptBlock&gt;, C:\Users\alexa\OneDrive\Documents\PowerShell\Modules\Pester\5.7.1\Pester.ps1:3
at &lt;ScriptBlock&gt;, C:\Users\alexa\OneDrive\Documents\PowerShell\Modules\Pester\5.7.1\Pester.psm1:3260
at Invoke-InNewScriptScope, C:\Users\alexa\OneDrive\Documents\PowerShell\Modules\Pester\5.7.1\Pester.psm1:3267
at Run-Test, C:\Users\alexa\OneDrive\Documents\PowerShell\Modules\Pester\5.7.1\Pester.psm1:1691
at Invoke-Test, C:\Users\alexa\OneDrive\Documents\PowerShell\Modules\Pester\5.7.1\Pester.psm1:2512
at Invoke-Pester&lt;End&gt;, C:\Users\alexa\OneDrive\Documents\PowerShell\Modules\Pester\5.7.1\Pester.psm1:4960
at &lt;ScriptBlock&gt;, &lt;No file&gt;:1</stack-trace>
                    </failure>
                  </test-case>
                  <test-case description="Should handle JSON configuration loading" name="Invoke-CoreApplication.ps1 Tests.Functionality Tests.Should handle JSON configuration loading" time="0.1178" asserts="0" success="False" result="Failure" executed="True">
                    <failure>
                      <message>RuntimeException: Should operator 'Be' is not registered
CmdletInvocationException: Should operator 'Be' is not registered
CommandNotFoundException: The 'Should' command was found in the module 'Pester', but the module could not be loaded due to the following error: [Should operator 'Be' is not registered]
For more information, run 'Import-Module Pester'.</message>
                      <stack-trace>at &lt;ScriptBlock&gt;, $env:PROJECT_ROOT\tests\unit\scripts\Invoke-CoreApplication.Tests.ps1:100
at &lt;ScriptBlock&gt;, C:\Users\alexa\OneDrive\Documents\PowerShell\Modules\Pester\5.7.1\Pester.psm1:2024
at &lt;ScriptBlock&gt;, C:\Users\alexa\OneDrive\Documents\PowerShell\Modules\Pester\5.7.1\Pester.psm1:1985
at Invoke-ScriptBlock, C:\Users\alexa\OneDrive\Documents\PowerShell\Modules\Pester\5.7.1\Pester.psm1:2157
at Invoke-TestItem, C:\Users\alexa\OneDrive\Documents\PowerShell\Modules\Pester\5.7.1\Pester.psm1:1199
at Invoke-Block, C:\Users\alexa\OneDrive\Documents\PowerShell\Modules\Pester\5.7.1\Pester.psm1:835
at &lt;ScriptBlock&gt;, C:\Users\alexa\OneDrive\Documents\PowerShell\Modules\Pester\5.7.1\Pester.psm1:893
at &lt;ScriptBlock&gt;, C:\Users\alexa\OneDrive\Documents\PowerShell\Modules\Pester\5.7.1\Pester.psm1:2024
at &lt;ScriptBlock&gt;, C:\Users\alexa\OneDrive\Documents\PowerShell\Modules\Pester\5.7.1\Pester.psm1:1985
at Invoke-ScriptBlock, C:\Users\alexa\OneDrive\Documents\PowerShell\Modules\Pester\5.7.1\Pester.psm1:2160
at Invoke-Block, C:\Users\alexa\OneDrive\Documents\PowerShell\Modules\Pester\5.7.1\Pester.psm1:940
at &lt;ScriptBlock&gt;, C:\Users\alexa\OneDrive\Documents\PowerShell\Modules\Pester\5.7.1\Pester.psm1:893
at &lt;ScriptBlock&gt;, C:\Users\alexa\OneDrive\Documents\PowerShell\Modules\Pester\5.7.1\Pester.psm1:2024
at &lt;ScriptBlock&gt;, C:\Users\alexa\OneDrive\Documents\PowerShell\Modules\Pester\5.7.1\Pester.psm1:1985
at Invoke-ScriptBlock, C:\Users\alexa\OneDrive\Documents\PowerShell\Modules\Pester\5.7.1\Pester.psm1:2160
at Invoke-Block, C:\Users\alexa\OneDrive\Documents\PowerShell\Modules\Pester\5.7.1\Pester.psm1:940
at &lt;ScriptBlock&gt;, C:\Users\alexa\OneDrive\Documents\PowerShell\Modules\Pester\5.7.1\Pester.psm1:893
at &lt;ScriptBlock&gt;, C:\Users\alexa\OneDrive\Documents\PowerShell\Modules\Pester\5.7.1\Pester.psm1:2024
at &lt;ScriptBlock&gt;, C:\Users\alexa\OneDrive\Documents\PowerShell\Modules\Pester\5.7.1\Pester.psm1:1985
at Invoke-ScriptBlock, C:\Users\alexa\OneDrive\Documents\PowerShell\Modules\Pester\5.7.1\Pester.psm1:2160
at Invoke-Block, C:\Users\alexa\OneDrive\Documents\PowerShell\Modules\Pester\5.7.1\Pester.psm1:940
at &lt;ScriptBlock&gt;, C:\Users\alexa\OneDrive\Documents\PowerShell\Modules\Pester\5.7.1\Pester.psm1:1688
at &lt;ScriptBlock&gt;, C:\Users\alexa\OneDrive\Documents\PowerShell\Modules\Pester\5.7.1\Pester.ps1:3
at &lt;ScriptBlock&gt;, C:\Users\alexa\OneDrive\Documents\PowerShell\Modules\Pester\5.7.1\Pester.psm1:3260
at Invoke-InNewScriptScope, C:\Users\alexa\OneDrive\Documents\PowerShell\Modules\Pester\5.7.1\Pester.psm1:3267
at Run-Test, C:\Users\alexa\OneDrive\Documents\PowerShell\Modules\Pester\5.7.1\Pester.psm1:1691
at Invoke-Test, C:\Users\alexa\OneDrive\Documents\PowerShell\Modules\Pester\5.7.1\Pester.psm1:2512
at Invoke-Pester&lt;End&gt;, C:\Users\alexa\OneDrive\Documents\PowerShell\Modules\Pester\5.7.1\Pester.psm1:4960
at &lt;ScriptBlock&gt;, &lt;No file&gt;:1</stack-trace>
                    </failure>
                  </test-case>
                  <test-case description="Should have try-catch error handling" name="Invoke-CoreApplication.ps1 Tests.Functionality Tests.Should have try-catch error handling" time="0.1199" asserts="0" success="False" result="Failure" executed="True">
                    <failure>
                      <message>RuntimeException: Should operator 'Be' is not registered
CmdletInvocationException: Should operator 'Be' is not registered
CommandNotFoundException: The 'Should' command was found in the module 'Pester', but the module could not be loaded due to the following error: [Should operator 'Be' is not registered]
For more information, run 'Import-Module Pester'.</message>
                      <stack-trace>at &lt;ScriptBlock&gt;, $env:PROJECT_ROOT\tests\unit\scripts\Invoke-CoreApplication.Tests.ps1:105
at &lt;ScriptBlock&gt;, C:\Users\alexa\OneDrive\Documents\PowerShell\Modules\Pester\5.7.1\Pester.psm1:2024
at &lt;ScriptBlock&gt;, C:\Users\alexa\OneDrive\Documents\PowerShell\Modules\Pester\5.7.1\Pester.psm1:1985
at Invoke-ScriptBlock, C:\Users\alexa\OneDrive\Documents\PowerShell\Modules\Pester\5.7.1\Pester.psm1:2157
at Invoke-TestItem, C:\Users\alexa\OneDrive\Documents\PowerShell\Modules\Pester\5.7.1\Pester.psm1:1199
at Invoke-Block, C:\Users\alexa\OneDrive\Documents\PowerShell\Modules\Pester\5.7.1\Pester.psm1:835
at &lt;ScriptBlock&gt;, C:\Users\alexa\OneDrive\Documents\PowerShell\Modules\Pester\5.7.1\Pester.psm1:893
at &lt;ScriptBlock&gt;, C:\Users\alexa\OneDrive\Documents\PowerShell\Modules\Pester\5.7.1\Pester.psm1:2024
at &lt;ScriptBlock&gt;, C:\Users\alexa\OneDrive\Documents\PowerShell\Modules\Pester\5.7.1\Pester.psm1:1985
at Invoke-ScriptBlock, C:\Users\alexa\OneDrive\Documents\PowerShell\Modules\Pester\5.7.1\Pester.psm1:2160
at Invoke-Block, C:\Users\alexa\OneDrive\Documents\PowerShell\Modules\Pester\5.7.1\Pester.psm1:940
at &lt;ScriptBlock&gt;, C:\Users\alexa\OneDrive\Documents\PowerShell\Modules\Pester\5.7.1\Pester.psm1:893
at &lt;ScriptBlock&gt;, C:\Users\alexa\OneDrive\Documents\PowerShell\Modules\Pester\5.7.1\Pester.psm1:2024
at &lt;ScriptBlock&gt;, C:\Users\alexa\OneDrive\Documents\PowerShell\Modules\Pester\5.7.1\Pester.psm1:1985
at Invoke-ScriptBlock, C:\Users\alexa\OneDrive\Documents\PowerShell\Modules\Pester\5.7.1\Pester.psm1:2160
at Invoke-Block, C:\Users\alexa\OneDrive\Documents\PowerShell\Modules\Pester\5.7.1\Pester.psm1:940
at &lt;ScriptBlock&gt;, C:\Users\alexa\OneDrive\Documents\PowerShell\Modules\Pester\5.7.1\Pester.psm1:893
at &lt;ScriptBlock&gt;, C:\Users\alexa\OneDrive\Documents\PowerShell\Modules\Pester\5.7.1\Pester.psm1:2024
at &lt;ScriptBlock&gt;, C:\Users\alexa\OneDrive\Documents\PowerShell\Modules\Pester\5.7.1\Pester.psm1:1985
at Invoke-ScriptBlock, C:\Users\alexa\OneDrive\Documents\PowerShell\Modules\Pester\5.7.1\Pester.psm1:2160
at Invoke-Block, C:\Users\alexa\OneDrive\Documents\PowerShell\Modules\Pester\5.7.1\Pester.psm1:940
at &lt;ScriptBlock&gt;, C:\Users\alexa\OneDrive\Documents\PowerShell\Modules\Pester\5.7.1\Pester.psm1:1688
at &lt;ScriptBlock&gt;, C:\Users\alexa\OneDrive\Documents\PowerShell\Modules\Pester\5.7.1\Pester.ps1:3
at &lt;ScriptBlock&gt;, C:\Users\alexa\OneDrive\Documents\PowerShell\Modules\Pester\5.7.1\Pester.psm1:3260
at Invoke-InNewScriptScope, C:\Users\alexa\OneDrive\Documents\PowerShell\Modules\Pester\5.7.1\Pester.psm1:3267
at Run-Test, C:\Users\alexa\OneDrive\Documents\PowerShell\Modules\Pester\5.7.1\Pester.psm1:1691
at Invoke-Test, C:\Users\alexa\OneDrive\Documents\PowerShell\Modules\Pester\5.7.1\Pester.psm1:2512
at Invoke-Pester&lt;End&gt;, C:\Users\alexa\OneDrive\Documents\PowerShell\Modules\Pester\5.7.1\Pester.psm1:4960
at &lt;ScriptBlock&gt;, &lt;No file&gt;:1</stack-trace>
                    </failure>
                  </test-case>
                </results>
              </test-suite>
              <test-suite type="TestFixture" name="Invoke-CoreApplication.ps1 Tests.Integration Tests" executed="True" result="Failure" success="False" time="1.4628" asserts="0" description="Invoke-CoreApplication.ps1 Tests.Integration Tests">
                <results>
                  <test-case description="Should validate test config file creation" name="Invoke-CoreApplication.ps1 Tests.Integration Tests.Should validate test config file creation" time="0.1196" asserts="0" success="False" result="Failure" executed="True">
                    <failure>
                      <message>RuntimeException: Should operator 'Be' is not registered
CmdletInvocationException: Should operator 'Be' is not registered
CommandNotFoundException: The 'Should' command was found in the module 'Pester', but the module could not be loaded due to the following error: [Should operator 'Be' is not registered]
For more information, run 'Import-Module Pester'.</message>
                      <stack-trace>at &lt;ScriptBlock&gt;, $env:PROJECT_ROOT\tests\unit\scripts\Invoke-CoreApplication.Tests.ps1:114
at &lt;ScriptBlock&gt;, C:\Users\alexa\OneDrive\Documents\PowerShell\Modules\Pester\5.7.1\Pester.psm1:2024
at &lt;ScriptBlock&gt;, C:\Users\alexa\OneDrive\Documents\PowerShell\Modules\Pester\5.7.1\Pester.psm1:1985
at Invoke-ScriptBlock, C:\Users\alexa\OneDrive\Documents\PowerShell\Modules\Pester\5.7.1\Pester.psm1:2157
at Invoke-TestItem, C:\Users\alexa\OneDrive\Documents\PowerShell\Modules\Pester\5.7.1\Pester.psm1:1199
at Invoke-Block, C:\Users\alexa\OneDrive\Documents\PowerShell\Modules\Pester\5.7.1\Pester.psm1:835
at &lt;ScriptBlock&gt;, C:\Users\alexa\OneDrive\Documents\PowerShell\Modules\Pester\5.7.1\Pester.psm1:893
at &lt;ScriptBlock&gt;, C:\Users\alexa\OneDrive\Documents\PowerShell\Modules\Pester\5.7.1\Pester.psm1:2024
at &lt;ScriptBlock&gt;, C:\Users\alexa\OneDrive\Documents\PowerShell\Modules\Pester\5.7.1\Pester.psm1:1985
at Invoke-ScriptBlock, C:\Users\alexa\OneDrive\Documents\PowerShell\Modules\Pester\5.7.1\Pester.psm1:2160
at Invoke-Block, C:\Users\alexa\OneDrive\Documents\PowerShell\Modules\Pester\5.7.1\Pester.psm1:940
at &lt;ScriptBlock&gt;, C:\Users\alexa\OneDrive\Documents\PowerShell\Modules\Pester\5.7.1\Pester.psm1:893
at &lt;ScriptBlock&gt;, C:\Users\alexa\OneDrive\Documents\PowerShell\Modules\Pester\5.7.1\Pester.psm1:2024
at &lt;ScriptBlock&gt;, C:\Users\alexa\OneDrive\Documents\PowerShell\Modules\Pester\5.7.1\Pester.psm1:1985
at Invoke-ScriptBlock, C:\Users\alexa\OneDrive\Documents\PowerShell\Modules\Pester\5.7.1\Pester.psm1:2160
at Invoke-Block, C:\Users\alexa\OneDrive\Documents\PowerShell\Modules\Pester\5.7.1\Pester.psm1:940
at &lt;ScriptBlock&gt;, C:\Users\alexa\OneDrive\Documents\PowerShell\Modules\Pester\5.7.1\Pester.psm1:893
at &lt;ScriptBlock&gt;, C:\Users\alexa\OneDrive\Documents\PowerShell\Modules\Pester\5.7.1\Pester.psm1:2024
at &lt;ScriptBlock&gt;, C:\Users\alexa\OneDrive\Documents\PowerShell\Modules\Pester\5.7.1\Pester.psm1:1985
at Invoke-ScriptBlock, C:\Users\alexa\OneDrive\Documents\PowerShell\Modules\Pester\5.7.1\Pester.psm1:2160
at Invoke-Block, C:\Users\alexa\OneDrive\Documents\PowerShell\Modules\Pester\5.7.1\Pester.psm1:940
at &lt;ScriptBlock&gt;, C:\Users\alexa\OneDrive\Documents\PowerShell\Modules\Pester\5.7.1\Pester.psm1:1688
at &lt;ScriptBlock&gt;, C:\Users\alexa\OneDrive\Documents\PowerShell\Modules\Pester\5.7.1\Pester.ps1:3
at &lt;ScriptBlock&gt;, C:\Users\alexa\OneDrive\Documents\PowerShell\Modules\Pester\5.7.1\Pester.psm1:3260
at Invoke-InNewScriptScope, C:\Users\alexa\OneDrive\Documents\PowerShell\Modules\Pester\5.7.1\Pester.psm1:3267
at Run-Test, C:\Users\alexa\OneDrive\Documents\PowerShell\Modules\Pester\5.7.1\Pester.psm1:1691
at Invoke-Test, C:\Users\alexa\OneDrive\Documents\PowerShell\Modules\Pester\5.7.1\Pester.psm1:2512
at Invoke-Pester&lt;End&gt;, C:\Users\alexa\OneDrive\Documents\PowerShell\Modules\Pester\5.7.1\Pester.psm1:4960
at &lt;ScriptBlock&gt;, &lt;No file&gt;:1</stack-trace>
                    </failure>
                  </test-case>
                  <test-case description="Should properly handle valid configuration" name="Invoke-CoreApplication.ps1 Tests.Integration Tests.Should properly handle valid configuration" time="0.1247" asserts="0" success="False" result="Failure" executed="True">
                    <failure>
                      <message>RuntimeException: Should operator 'Be' is not registered
CmdletInvocationException: Should operator 'Be' is not registered
CommandNotFoundException: The 'Should' command was found in the module 'Pester', but the module could not be loaded due to the following error: [Should operator 'Be' is not registered]
For more information, run 'Import-Module Pester'.</message>
                      <stack-trace>at &lt;ScriptBlock&gt;, $env:PROJECT_ROOT\tests\unit\scripts\Invoke-CoreApplication.Tests.ps1:123
at &lt;ScriptBlock&gt;, C:\Users\alexa\OneDrive\Documents\PowerShell\Modules\Pester\5.7.1\Pester.psm1:2024
at &lt;ScriptBlock&gt;, C:\Users\alexa\OneDrive\Documents\PowerShell\Modules\Pester\5.7.1\Pester.psm1:1985
at Invoke-ScriptBlock, C:\Users\alexa\OneDrive\Documents\PowerShell\Modules\Pester\5.7.1\Pester.psm1:2157
at Invoke-TestItem, C:\Users\alexa\OneDrive\Documents\PowerShell\Modules\Pester\5.7.1\Pester.psm1:1199
at Invoke-Block, C:\Users\alexa\OneDrive\Documents\PowerShell\Modules\Pester\5.7.1\Pester.psm1:835
at &lt;ScriptBlock&gt;, C:\Users\alexa\OneDrive\Documents\PowerShell\Modules\Pester\5.7.1\Pester.psm1:893
at &lt;ScriptBlock&gt;, C:\Users\alexa\OneDrive\Documents\PowerShell\Modules\Pester\5.7.1\Pester.psm1:2024
at &lt;ScriptBlock&gt;, C:\Users\alexa\OneDrive\Documents\PowerShell\Modules\Pester\5.7.1\Pester.psm1:1985
at Invoke-ScriptBlock, C:\Users\alexa\OneDrive\Documents\PowerShell\Modules\Pester\5.7.1\Pester.psm1:2160
at Invoke-Block, C:\Users\alexa\OneDrive\Documents\PowerShell\Modules\Pester\5.7.1\Pester.psm1:940
at &lt;ScriptBlock&gt;, C:\Users\alexa\OneDrive\Documents\PowerShell\Modules\Pester\5.7.1\Pester.psm1:893
at &lt;ScriptBlock&gt;, C:\Users\alexa\OneDrive\Documents\PowerShell\Modules\Pester\5.7.1\Pester.psm1:2024
at &lt;ScriptBlock&gt;, C:\Users\alexa\OneDrive\Documents\PowerShell\Modules\Pester\5.7.1\Pester.psm1:1985
at Invoke-ScriptBlock, C:\Users\alexa\OneDrive\Documents\PowerShell\Modules\Pester\5.7.1\Pester.psm1:2160
at Invoke-Block, C:\Users\alexa\OneDrive\Documents\PowerShell\Modules\Pester\5.7.1\Pester.psm1:940
at &lt;ScriptBlock&gt;, C:\Users\alexa\OneDrive\Documents\PowerShell\Modules\Pester\5.7.1\Pester.psm1:893
at &lt;ScriptBlock&gt;, C:\Users\alexa\OneDrive\Documents\PowerShell\Modules\Pester\5.7.1\Pester.psm1:2024
at &lt;ScriptBlock&gt;, C:\Users\alexa\OneDrive\Documents\PowerShell\Modules\Pester\5.7.1\Pester.psm1:1985
at Invoke-ScriptBlock, C:\Users\alexa\OneDrive\Documents\PowerShell\Modules\Pester\5.7.1\Pester.psm1:2160
at Invoke-Block, C:\Users\alexa\OneDrive\Documents\PowerShell\Modules\Pester\5.7.1\Pester.psm1:940
at &lt;ScriptBlock&gt;, C:\Users\alexa\OneDrive\Documents\PowerShell\Modules\Pester\5.7.1\Pester.psm1:1688
at &lt;ScriptBlock&gt;, C:\Users\alexa\OneDrive\Documents\PowerShell\Modules\Pester\5.7.1\Pester.ps1:3
at &lt;ScriptBlock&gt;, C:\Users\alexa\OneDrive\Documents\PowerShell\Modules\Pester\5.7.1\Pester.psm1:3260
at Invoke-InNewScriptScope, C:\Users\alexa\OneDrive\Documents\PowerShell\Modules\Pester\5.7.1\Pester.psm1:3267
at Run-Test, C:\Users\alexa\OneDrive\Documents\PowerShell\Modules\Pester\5.7.1\Pester.psm1:1691
at Invoke-Test, C:\Users\alexa\OneDrive\Documents\PowerShell\Modules\Pester\5.7.1\Pester.psm1:2512
at Invoke-Pester&lt;End&gt;, C:\Users\alexa\OneDrive\Documents\PowerShell\Modules\Pester\5.7.1\Pester.psm1:4960
at &lt;ScriptBlock&gt;, &lt;No file&gt;:1</stack-trace>
                    </failure>
                  </test-case>
                </results>
              </test-suite>
            </results>
          </test-suite>
        </results>
      </test-suite>
      <test-suite type="TestFixture" name="$env:PROJECT_ROOT\tests\unit\scripts\Reset-Git.Tests.ps1" executed="True" result="Failure" success="False" time="0.2794" asserts="0" description="$env:PROJECT_ROOT\tests\unit\scripts\Reset-Git.Tests.ps1">
        <results>
          <test-suite type="TestFixture" name="Reset-Git Tests" executed="True" result="Failure" success="False" time="0.2457" asserts="0" description="Reset-Git Tests">
            <results>
              <test-suite type="TestFixture" name="Reset-Git Tests.Module Loading" executed="True" result="Failure" success="False" time="0.1185" asserts="0" description="Reset-Git Tests.Module Loading">
                <results>
                  <test-case description="should load required modules" name="Reset-Git Tests.Module Loading.should load required modules" time="0.1158" asserts="0" success="False" result="Failure" executed="True">
                    <failure>
                      <message>RuntimeException: Should operator 'Be' is not registered
CmdletInvocationException: Should operator 'Be' is not registered
CommandNotFoundException: The 'Should' command was found in the module 'Pester', but the module could not be loaded due to the following error: [Should operator 'Be' is not registered]
For more information, run 'Import-Module Pester'.</message>
                      <stack-trace>at &lt;ScriptBlock&gt;, $env:PROJECT_ROOT\tests\unit\scripts\Reset-Git.Tests.ps1:10
at &lt;ScriptBlock&gt;, C:\Users\alexa\OneDrive\Documents\PowerShell\Modules\Pester\5.7.1\Pester.psm1:2024
at &lt;ScriptBlock&gt;, C:\Users\alexa\OneDrive\Documents\PowerShell\Modules\Pester\5.7.1\Pester.psm1:1985
at Invoke-ScriptBlock, C:\Users\alexa\OneDrive\Documents\PowerShell\Modules\Pester\5.7.1\Pester.psm1:2157
at Invoke-TestItem, C:\Users\alexa\OneDrive\Documents\PowerShell\Modules\Pester\5.7.1\Pester.psm1:1199
at Invoke-Block, C:\Users\alexa\OneDrive\Documents\PowerShell\Modules\Pester\5.7.1\Pester.psm1:835
at &lt;ScriptBlock&gt;, C:\Users\alexa\OneDrive\Documents\PowerShell\Modules\Pester\5.7.1\Pester.psm1:893
at &lt;ScriptBlock&gt;, C:\Users\alexa\OneDrive\Documents\PowerShell\Modules\Pester\5.7.1\Pester.psm1:2024
at &lt;ScriptBlock&gt;, C:\Users\alexa\OneDrive\Documents\PowerShell\Modules\Pester\5.7.1\Pester.psm1:1985
at Invoke-ScriptBlock, C:\Users\alexa\OneDrive\Documents\PowerShell\Modules\Pester\5.7.1\Pester.psm1:2160
at Invoke-Block, C:\Users\alexa\OneDrive\Documents\PowerShell\Modules\Pester\5.7.1\Pester.psm1:940
at &lt;ScriptBlock&gt;, C:\Users\alexa\OneDrive\Documents\PowerShell\Modules\Pester\5.7.1\Pester.psm1:893
at &lt;ScriptBlock&gt;, C:\Users\alexa\OneDrive\Documents\PowerShell\Modules\Pester\5.7.1\Pester.psm1:2024
at &lt;ScriptBlock&gt;, C:\Users\alexa\OneDrive\Documents\PowerShell\Modules\Pester\5.7.1\Pester.psm1:1985
at Invoke-ScriptBlock, C:\Users\alexa\OneDrive\Documents\PowerShell\Modules\Pester\5.7.1\Pester.psm1:2160
at Invoke-Block, C:\Users\alexa\OneDrive\Documents\PowerShell\Modules\Pester\5.7.1\Pester.psm1:940
at &lt;ScriptBlock&gt;, C:\Users\alexa\OneDrive\Documents\PowerShell\Modules\Pester\5.7.1\Pester.psm1:893
at &lt;ScriptBlock&gt;, C:\Users\alexa\OneDrive\Documents\PowerShell\Modules\Pester\5.7.1\Pester.psm1:2024
at &lt;ScriptBlock&gt;, C:\Users\alexa\OneDrive\Documents\PowerShell\Modules\Pester\5.7.1\Pester.psm1:1985
at Invoke-ScriptBlock, C:\Users\alexa\OneDrive\Documents\PowerShell\Modules\Pester\5.7.1\Pester.psm1:2160
at Invoke-Block, C:\Users\alexa\OneDrive\Documents\PowerShell\Modules\Pester\5.7.1\Pester.psm1:940
at &lt;ScriptBlock&gt;, C:\Users\alexa\OneDrive\Documents\PowerShell\Modules\Pester\5.7.1\Pester.psm1:1688
at &lt;ScriptBlock&gt;, C:\Users\alexa\OneDrive\Documents\PowerShell\Modules\Pester\5.7.1\Pester.ps1:3
at &lt;ScriptBlock&gt;, C:\Users\alexa\OneDrive\Documents\PowerShell\Modules\Pester\5.7.1\Pester.psm1:3260
at Invoke-InNewScriptScope, C:\Users\alexa\OneDrive\Documents\PowerShell\Modules\Pester\5.7.1\Pester.psm1:3267
at Run-Test, C:\Users\alexa\OneDrive\Documents\PowerShell\Modules\Pester\5.7.1\Pester.psm1:1691
at Invoke-Test, C:\Users\alexa\OneDrive\Documents\PowerShell\Modules\Pester\5.7.1\Pester.psm1:2512
at Invoke-Pester&lt;End&gt;, C:\Users\alexa\OneDrive\Documents\PowerShell\Modules\Pester\5.7.1\Pester.psm1:4960
at &lt;ScriptBlock&gt;, &lt;No file&gt;:1</stack-trace>
                    </failure>
                  </test-case>
                </results>
              </test-suite>
              <test-suite type="TestFixture" name="Reset-Git Tests.Functionality Tests" executed="True" result="Failure" success="False" time="0.2305" asserts="0" description="Reset-Git Tests.Functionality Tests">
                <results>
                  <test-case description="should execute without errors" name="Reset-Git Tests.Functionality Tests.should execute without errors" time="0.1096" asserts="0" success="False" result="Failure" executed="True">
                    <failure>
                      <message>RuntimeException: Should operator 'Be' is not registered
CmdletInvocationException: Should operator 'Be' is not registered
CommandNotFoundException: The 'Should' command was found in the module 'Pester', but the module could not be loaded due to the following error: [Should operator 'Be' is not registered]
For more information, run 'Import-Module Pester'.</message>
                      <stack-trace>at &lt;ScriptBlock&gt;, $env:PROJECT_ROOT\tests\unit\scripts\Reset-Git.Tests.ps1:17
at &lt;ScriptBlock&gt;, C:\Users\alexa\OneDrive\Documents\PowerShell\Modules\Pester\5.7.1\Pester.psm1:2024
at &lt;ScriptBlock&gt;, C:\Users\alexa\OneDrive\Documents\PowerShell\Modules\Pester\5.7.1\Pester.psm1:1985
at Invoke-ScriptBlock, C:\Users\alexa\OneDrive\Documents\PowerShell\Modules\Pester\5.7.1\Pester.psm1:2157
at Invoke-TestItem, C:\Users\alexa\OneDrive\Documents\PowerShell\Modules\Pester\5.7.1\Pester.psm1:1199
at Invoke-Block, C:\Users\alexa\OneDrive\Documents\PowerShell\Modules\Pester\5.7.1\Pester.psm1:835
at &lt;ScriptBlock&gt;, C:\Users\alexa\OneDrive\Documents\PowerShell\Modules\Pester\5.7.1\Pester.psm1:893
at &lt;ScriptBlock&gt;, C:\Users\alexa\OneDrive\Documents\PowerShell\Modules\Pester\5.7.1\Pester.psm1:2024
at &lt;ScriptBlock&gt;, C:\Users\alexa\OneDrive\Documents\PowerShell\Modules\Pester\5.7.1\Pester.psm1:1985
at Invoke-ScriptBlock, C:\Users\alexa\OneDrive\Documents\PowerShell\Modules\Pester\5.7.1\Pester.psm1:2160
at Invoke-Block, C:\Users\alexa\OneDrive\Documents\PowerShell\Modules\Pester\5.7.1\Pester.psm1:940
at &lt;ScriptBlock&gt;, C:\Users\alexa\OneDrive\Documents\PowerShell\Modules\Pester\5.7.1\Pester.psm1:893
at &lt;ScriptBlock&gt;, C:\Users\alexa\OneDrive\Documents\PowerShell\Modules\Pester\5.7.1\Pester.psm1:2024
at &lt;ScriptBlock&gt;, C:\Users\alexa\OneDrive\Documents\PowerShell\Modules\Pester\5.7.1\Pester.psm1:1985
at Invoke-ScriptBlock, C:\Users\alexa\OneDrive\Documents\PowerShell\Modules\Pester\5.7.1\Pester.psm1:2160
at Invoke-Block, C:\Users\alexa\OneDrive\Documents\PowerShell\Modules\Pester\5.7.1\Pester.psm1:940
at &lt;ScriptBlock&gt;, C:\Users\alexa\OneDrive\Documents\PowerShell\Modules\Pester\5.7.1\Pester.psm1:893
at &lt;ScriptBlock&gt;, C:\Users\alexa\OneDrive\Documents\PowerShell\Modules\Pester\5.7.1\Pester.psm1:2024
at &lt;ScriptBlock&gt;, C:\Users\alexa\OneDrive\Documents\PowerShell\Modules\Pester\5.7.1\Pester.psm1:1985
at Invoke-ScriptBlock, C:\Users\alexa\OneDrive\Documents\PowerShell\Modules\Pester\5.7.1\Pester.psm1:2160
at Invoke-Block, C:\Users\alexa\OneDrive\Documents\PowerShell\Modules\Pester\5.7.1\Pester.psm1:940
at &lt;ScriptBlock&gt;, C:\Users\alexa\OneDrive\Documents\PowerShell\Modules\Pester\5.7.1\Pester.psm1:1688
at &lt;ScriptBlock&gt;, C:\Users\alexa\OneDrive\Documents\PowerShell\Modules\Pester\5.7.1\Pester.ps1:3
at &lt;ScriptBlock&gt;, C:\Users\alexa\OneDrive\Documents\PowerShell\Modules\Pester\5.7.1\Pester.psm1:3260
at Invoke-InNewScriptScope, C:\Users\alexa\OneDrive\Documents\PowerShell\Modules\Pester\5.7.1\Pester.psm1:3267
at Run-Test, C:\Users\alexa\OneDrive\Documents\PowerShell\Modules\Pester\5.7.1\Pester.psm1:1691
at Invoke-Test, C:\Users\alexa\OneDrive\Documents\PowerShell\Modules\Pester\5.7.1\Pester.psm1:2512
at Invoke-Pester&lt;End&gt;, C:\Users\alexa\OneDrive\Documents\PowerShell\Modules\Pester\5.7.1\Pester.psm1:4960
at &lt;ScriptBlock&gt;, &lt;No file&gt;:1</stack-trace>
                    </failure>
                  </test-case>
                </results>
              </test-suite>
            </results>
          </test-suite>
        </results>
      </test-suite>
      <test-suite type="TestFixture" name="$env:PROJECT_ROOT\tests\unit\scripts\Reset-Machine.Tests.ps1" executed="True" result="Failure" success="False" time="0.2804" asserts="0" description="$env:PROJECT_ROOT\tests\unit\scripts\Reset-Machine.Tests.ps1">
        <results>
          <test-suite type="TestFixture" name="Reset-Machine Tests" executed="True" result="Failure" success="False" time="0.2438" asserts="0" description="Reset-Machine Tests">
            <results>
              <test-suite type="TestFixture" name="Reset-Machine Tests.Module Loading" executed="True" result="Failure" success="False" time="0.1173" asserts="0" description="Reset-Machine Tests.Module Loading">
                <results>
                  <test-case description="should load required modules" name="Reset-Machine Tests.Module Loading.should load required modules" time="0.1148" asserts="0" success="False" result="Failure" executed="True">
                    <failure>
                      <message>RuntimeException: Should operator 'Be' is not registered
CmdletInvocationException: Should operator 'Be' is not registered
CommandNotFoundException: The 'Should' command was found in the module 'Pester', but the module could not be loaded due to the following error: [Should operator 'Be' is not registered]
For more information, run 'Import-Module Pester'.</message>
                      <stack-trace>at &lt;ScriptBlock&gt;, $env:PROJECT_ROOT\tests\unit\scripts\Reset-Machine.Tests.ps1:10
at &lt;ScriptBlock&gt;, C:\Users\alexa\OneDrive\Documents\PowerShell\Modules\Pester\5.7.1\Pester.psm1:2024
at &lt;ScriptBlock&gt;, C:\Users\alexa\OneDrive\Documents\PowerShell\Modules\Pester\5.7.1\Pester.psm1:1985
at Invoke-ScriptBlock, C:\Users\alexa\OneDrive\Documents\PowerShell\Modules\Pester\5.7.1\Pester.psm1:2157
at Invoke-TestItem, C:\Users\alexa\OneDrive\Documents\PowerShell\Modules\Pester\5.7.1\Pester.psm1:1199
at Invoke-Block, C:\Users\alexa\OneDrive\Documents\PowerShell\Modules\Pester\5.7.1\Pester.psm1:835
at &lt;ScriptBlock&gt;, C:\Users\alexa\OneDrive\Documents\PowerShell\Modules\Pester\5.7.1\Pester.psm1:893
at &lt;ScriptBlock&gt;, C:\Users\alexa\OneDrive\Documents\PowerShell\Modules\Pester\5.7.1\Pester.psm1:2024
at &lt;ScriptBlock&gt;, C:\Users\alexa\OneDrive\Documents\PowerShell\Modules\Pester\5.7.1\Pester.psm1:1985
at Invoke-ScriptBlock, C:\Users\alexa\OneDrive\Documents\PowerShell\Modules\Pester\5.7.1\Pester.psm1:2160
at Invoke-Block, C:\Users\alexa\OneDrive\Documents\PowerShell\Modules\Pester\5.7.1\Pester.psm1:940
at &lt;ScriptBlock&gt;, C:\Users\alexa\OneDrive\Documents\PowerShell\Modules\Pester\5.7.1\Pester.psm1:893
at &lt;ScriptBlock&gt;, C:\Users\alexa\OneDrive\Documents\PowerShell\Modules\Pester\5.7.1\Pester.psm1:2024
at &lt;ScriptBlock&gt;, C:\Users\alexa\OneDrive\Documents\PowerShell\Modules\Pester\5.7.1\Pester.psm1:1985
at Invoke-ScriptBlock, C:\Users\alexa\OneDrive\Documents\PowerShell\Modules\Pester\5.7.1\Pester.psm1:2160
at Invoke-Block, C:\Users\alexa\OneDrive\Documents\PowerShell\Modules\Pester\5.7.1\Pester.psm1:940
at &lt;ScriptBlock&gt;, C:\Users\alexa\OneDrive\Documents\PowerShell\Modules\Pester\5.7.1\Pester.psm1:893
at &lt;ScriptBlock&gt;, C:\Users\alexa\OneDrive\Documents\PowerShell\Modules\Pester\5.7.1\Pester.psm1:2024
at &lt;ScriptBlock&gt;, C:\Users\alexa\OneDrive\Documents\PowerShell\Modules\Pester\5.7.1\Pester.psm1:1985
at Invoke-ScriptBlock, C:\Users\alexa\OneDrive\Documents\PowerShell\Modules\Pester\5.7.1\Pester.psm1:2160
at Invoke-Block, C:\Users\alexa\OneDrive\Documents\PowerShell\Modules\Pester\5.7.1\Pester.psm1:940
at &lt;ScriptBlock&gt;, C:\Users\alexa\OneDrive\Documents\PowerShell\Modules\Pester\5.7.1\Pester.psm1:1688
at &lt;ScriptBlock&gt;, C:\Users\alexa\OneDrive\Documents\PowerShell\Modules\Pester\5.7.1\Pester.ps1:3
at &lt;ScriptBlock&gt;, C:\Users\alexa\OneDrive\Documents\PowerShell\Modules\Pester\5.7.1\Pester.psm1:3260
at Invoke-InNewScriptScope, C:\Users\alexa\OneDrive\Documents\PowerShell\Modules\Pester\5.7.1\Pester.psm1:3267
at Run-Test, C:\Users\alexa\OneDrive\Documents\PowerShell\Modules\Pester\5.7.1\Pester.psm1:1691
at Invoke-Test, C:\Users\alexa\OneDrive\Documents\PowerShell\Modules\Pester\5.7.1\Pester.psm1:2512
at Invoke-Pester&lt;End&gt;, C:\Users\alexa\OneDrive\Documents\PowerShell\Modules\Pester\5.7.1\Pester.psm1:4960
at &lt;ScriptBlock&gt;, &lt;No file&gt;:1</stack-trace>
                    </failure>
                  </test-case>
                </results>
              </test-suite>
              <test-suite type="TestFixture" name="Reset-Machine Tests.Functionality Tests" executed="True" result="Failure" success="False" time="0.23" asserts="0" description="Reset-Machine Tests.Functionality Tests">
                <results>
                  <test-case description="should execute without errors" name="Reset-Machine Tests.Functionality Tests.should execute without errors" time="0.1103" asserts="0" success="False" result="Failure" executed="True">
                    <failure>
                      <message>RuntimeException: Should operator 'Be' is not registered
CmdletInvocationException: Should operator 'Be' is not registered
CommandNotFoundException: The 'Should' command was found in the module 'Pester', but the module could not be loaded due to the following error: [Should operator 'Be' is not registered]
For more information, run 'Import-Module Pester'.</message>
                      <stack-trace>at &lt;ScriptBlock&gt;, $env:PROJECT_ROOT\tests\unit\scripts\Reset-Machine.Tests.ps1:17
at &lt;ScriptBlock&gt;, C:\Users\alexa\OneDrive\Documents\PowerShell\Modules\Pester\5.7.1\Pester.psm1:2024
at &lt;ScriptBlock&gt;, C:\Users\alexa\OneDrive\Documents\PowerShell\Modules\Pester\5.7.1\Pester.psm1:1985
at Invoke-ScriptBlock, C:\Users\alexa\OneDrive\Documents\PowerShell\Modules\Pester\5.7.1\Pester.psm1:2157
at Invoke-TestItem, C:\Users\alexa\OneDrive\Documents\PowerShell\Modules\Pester\5.7.1\Pester.psm1:1199
at Invoke-Block, C:\Users\alexa\OneDrive\Documents\PowerShell\Modules\Pester\5.7.1\Pester.psm1:835
at &lt;ScriptBlock&gt;, C:\Users\alexa\OneDrive\Documents\PowerShell\Modules\Pester\5.7.1\Pester.psm1:893
at &lt;ScriptBlock&gt;, C:\Users\alexa\OneDrive\Documents\PowerShell\Modules\Pester\5.7.1\Pester.psm1:2024
at &lt;ScriptBlock&gt;, C:\Users\alexa\OneDrive\Documents\PowerShell\Modules\Pester\5.7.1\Pester.psm1:1985
at Invoke-ScriptBlock, C:\Users\alexa\OneDrive\Documents\PowerShell\Modules\Pester\5.7.1\Pester.psm1:2160
at Invoke-Block, C:\Users\alexa\OneDrive\Documents\PowerShell\Modules\Pester\5.7.1\Pester.psm1:940
at &lt;ScriptBlock&gt;, C:\Users\alexa\OneDrive\Documents\PowerShell\Modules\Pester\5.7.1\Pester.psm1:893
at &lt;ScriptBlock&gt;, C:\Users\alexa\OneDrive\Documents\PowerShell\Modules\Pester\5.7.1\Pester.psm1:2024
at &lt;ScriptBlock&gt;, C:\Users\alexa\OneDrive\Documents\PowerShell\Modules\Pester\5.7.1\Pester.psm1:1985
at Invoke-ScriptBlock, C:\Users\alexa\OneDrive\Documents\PowerShell\Modules\Pester\5.7.1\Pester.psm1:2160
at Invoke-Block, C:\Users\alexa\OneDrive\Documents\PowerShell\Modules\Pester\5.7.1\Pester.psm1:940
at &lt;ScriptBlock&gt;, C:\Users\alexa\OneDrive\Documents\PowerShell\Modules\Pester\5.7.1\Pester.psm1:893
at &lt;ScriptBlock&gt;, C:\Users\alexa\OneDrive\Documents\PowerShell\Modules\Pester\5.7.1\Pester.psm1:2024
at &lt;ScriptBlock&gt;, C:\Users\alexa\OneDrive\Documents\PowerShell\Modules\Pester\5.7.1\Pester.psm1:1985
at Invoke-ScriptBlock, C:\Users\alexa\OneDrive\Documents\PowerShell\Modules\Pester\5.7.1\Pester.psm1:2160
at Invoke-Block, C:\Users\alexa\OneDrive\Documents\PowerShell\Modules\Pester\5.7.1\Pester.psm1:940
at &lt;ScriptBlock&gt;, C:\Users\alexa\OneDrive\Documents\PowerShell\Modules\Pester\5.7.1\Pester.psm1:1688
at &lt;ScriptBlock&gt;, C:\Users\alexa\OneDrive\Documents\PowerShell\Modules\Pester\5.7.1\Pester.ps1:3
at &lt;ScriptBlock&gt;, C:\Users\alexa\OneDrive\Documents\PowerShell\Modules\Pester\5.7.1\Pester.psm1:3260
at Invoke-InNewScriptScope, C:\Users\alexa\OneDrive\Documents\PowerShell\Modules\Pester\5.7.1\Pester.psm1:3267
at Run-Test, C:\Users\alexa\OneDrive\Documents\PowerShell\Modules\Pester\5.7.1\Pester.psm1:1691
at Invoke-Test, C:\Users\alexa\OneDrive\Documents\PowerShell\Modules\Pester\5.7.1\Pester.psm1:2512
at Invoke-Pester&lt;End&gt;, C:\Users\alexa\OneDrive\Documents\PowerShell\Modules\Pester\5.7.1\Pester.psm1:4960
at &lt;ScriptBlock&gt;, &lt;No file&gt;:1</stack-trace>
                    </failure>
                  </test-case>
                </results>
              </test-suite>
            </results>
          </test-suite>
        </results>
      </test-suite>
      <test-suite type="TestFixture" name="$env:PROJECT_ROOT\tests\unit\scripts\Set-LabProfile.Tests.ps1" executed="True" result="Failure" success="False" time="0.2767" asserts="0" description="$env:PROJECT_ROOT\tests\unit\scripts\Set-LabProfile.Tests.ps1">
        <results>
          <test-suite type="TestFixture" name="Set-LabProfile Tests" executed="True" result="Failure" success="False" time="0.2427" asserts="0" description="Set-LabProfile Tests">
            <results>
              <test-suite type="TestFixture" name="Set-LabProfile Tests.Module Loading" executed="True" result="Failure" success="False" time="0.1171" asserts="0" description="Set-LabProfile Tests.Module Loading">
                <results>
                  <test-case description="should load required modules" name="Set-LabProfile Tests.Module Loading.should load required modules" time="0.1143" asserts="0" success="False" result="Failure" executed="True">
                    <failure>
                      <message>RuntimeException: Should operator 'Be' is not registered
CmdletInvocationException: Should operator 'Be' is not registered
CommandNotFoundException: The 'Should' command was found in the module 'Pester', but the module could not be loaded due to the following error: [Should operator 'Be' is not registered]
For more information, run 'Import-Module Pester'.</message>
                      <stack-trace>at &lt;ScriptBlock&gt;, $env:PROJECT_ROOT\tests\unit\scripts\Set-LabProfile.Tests.ps1:10
at &lt;ScriptBlock&gt;, C:\Users\alexa\OneDrive\Documents\PowerShell\Modules\Pester\5.7.1\Pester.psm1:2024
at &lt;ScriptBlock&gt;, C:\Users\alexa\OneDrive\Documents\PowerShell\Modules\Pester\5.7.1\Pester.psm1:1985
at Invoke-ScriptBlock, C:\Users\alexa\OneDrive\Documents\PowerShell\Modules\Pester\5.7.1\Pester.psm1:2157
at Invoke-TestItem, C:\Users\alexa\OneDrive\Documents\PowerShell\Modules\Pester\5.7.1\Pester.psm1:1199
at Invoke-Block, C:\Users\alexa\OneDrive\Documents\PowerShell\Modules\Pester\5.7.1\Pester.psm1:835
at &lt;ScriptBlock&gt;, C:\Users\alexa\OneDrive\Documents\PowerShell\Modules\Pester\5.7.1\Pester.psm1:893
at &lt;ScriptBlock&gt;, C:\Users\alexa\OneDrive\Documents\PowerShell\Modules\Pester\5.7.1\Pester.psm1:2024
at &lt;ScriptBlock&gt;, C:\Users\alexa\OneDrive\Documents\PowerShell\Modules\Pester\5.7.1\Pester.psm1:1985
at Invoke-ScriptBlock, C:\Users\alexa\OneDrive\Documents\PowerShell\Modules\Pester\5.7.1\Pester.psm1:2160
at Invoke-Block, C:\Users\alexa\OneDrive\Documents\PowerShell\Modules\Pester\5.7.1\Pester.psm1:940
at &lt;ScriptBlock&gt;, C:\Users\alexa\OneDrive\Documents\PowerShell\Modules\Pester\5.7.1\Pester.psm1:893
at &lt;ScriptBlock&gt;, C:\Users\alexa\OneDrive\Documents\PowerShell\Modules\Pester\5.7.1\Pester.psm1:2024
at &lt;ScriptBlock&gt;, C:\Users\alexa\OneDrive\Documents\PowerShell\Modules\Pester\5.7.1\Pester.psm1:1985
at Invoke-ScriptBlock, C:\Users\alexa\OneDrive\Documents\PowerShell\Modules\Pester\5.7.1\Pester.psm1:2160
at Invoke-Block, C:\Users\alexa\OneDrive\Documents\PowerShell\Modules\Pester\5.7.1\Pester.psm1:940
at &lt;ScriptBlock&gt;, C:\Users\alexa\OneDrive\Documents\PowerShell\Modules\Pester\5.7.1\Pester.psm1:893
at &lt;ScriptBlock&gt;, C:\Users\alexa\OneDrive\Documents\PowerShell\Modules\Pester\5.7.1\Pester.psm1:2024
at &lt;ScriptBlock&gt;, C:\Users\alexa\OneDrive\Documents\PowerShell\Modules\Pester\5.7.1\Pester.psm1:1985
at Invoke-ScriptBlock, C:\Users\alexa\OneDrive\Documents\PowerShell\Modules\Pester\5.7.1\Pester.psm1:2160
at Invoke-Block, C:\Users\alexa\OneDrive\Documents\PowerShell\Modules\Pester\5.7.1\Pester.psm1:940
at &lt;ScriptBlock&gt;, C:\Users\alexa\OneDrive\Documents\PowerShell\Modules\Pester\5.7.1\Pester.psm1:1688
at &lt;ScriptBlock&gt;, C:\Users\alexa\OneDrive\Documents\PowerShell\Modules\Pester\5.7.1\Pester.ps1:3
at &lt;ScriptBlock&gt;, C:\Users\alexa\OneDrive\Documents\PowerShell\Modules\Pester\5.7.1\Pester.psm1:3260
at Invoke-InNewScriptScope, C:\Users\alexa\OneDrive\Documents\PowerShell\Modules\Pester\5.7.1\Pester.psm1:3267
at Run-Test, C:\Users\alexa\OneDrive\Documents\PowerShell\Modules\Pester\5.7.1\Pester.psm1:1691
at Invoke-Test, C:\Users\alexa\OneDrive\Documents\PowerShell\Modules\Pester\5.7.1\Pester.psm1:2512
at Invoke-Pester&lt;End&gt;, C:\Users\alexa\OneDrive\Documents\PowerShell\Modules\Pester\5.7.1\Pester.psm1:4960
at &lt;ScriptBlock&gt;, &lt;No file&gt;:1</stack-trace>
                    </failure>
                  </test-case>
                </results>
              </test-suite>
              <test-suite type="TestFixture" name="Set-LabProfile Tests.Functionality Tests" executed="True" result="Failure" success="False" time="0.2294" asserts="0" description="Set-LabProfile Tests.Functionality Tests">
                <results>
                  <test-case description="should execute without errors" name="Set-LabProfile Tests.Functionality Tests.should execute without errors" time="0.1097" asserts="0" success="False" result="Failure" executed="True">
                    <failure>
                      <message>RuntimeException: Should operator 'Be' is not registered
CmdletInvocationException: Should operator 'Be' is not registered
CommandNotFoundException: The 'Should' command was found in the module 'Pester', but the module could not be loaded due to the following error: [Should operator 'Be' is not registered]
For more information, run 'Import-Module Pester'.</message>
                      <stack-trace>at &lt;ScriptBlock&gt;, $env:PROJECT_ROOT\tests\unit\scripts\Set-LabProfile.Tests.ps1:17
at &lt;ScriptBlock&gt;, C:\Users\alexa\OneDrive\Documents\PowerShell\Modules\Pester\5.7.1\Pester.psm1:2024
at &lt;ScriptBlock&gt;, C:\Users\alexa\OneDrive\Documents\PowerShell\Modules\Pester\5.7.1\Pester.psm1:1985
at Invoke-ScriptBlock, C:\Users\alexa\OneDrive\Documents\PowerShell\Modules\Pester\5.7.1\Pester.psm1:2157
at Invoke-TestItem, C:\Users\alexa\OneDrive\Documents\PowerShell\Modules\Pester\5.7.1\Pester.psm1:1199
at Invoke-Block, C:\Users\alexa\OneDrive\Documents\PowerShell\Modules\Pester\5.7.1\Pester.psm1:835
at &lt;ScriptBlock&gt;, C:\Users\alexa\OneDrive\Documents\PowerShell\Modules\Pester\5.7.1\Pester.psm1:893
at &lt;ScriptBlock&gt;, C:\Users\alexa\OneDrive\Documents\PowerShell\Modules\Pester\5.7.1\Pester.psm1:2024
at &lt;ScriptBlock&gt;, C:\Users\alexa\OneDrive\Documents\PowerShell\Modules\Pester\5.7.1\Pester.psm1:1985
at Invoke-ScriptBlock, C:\Users\alexa\OneDrive\Documents\PowerShell\Modules\Pester\5.7.1\Pester.psm1:2160
at Invoke-Block, C:\Users\alexa\OneDrive\Documents\PowerShell\Modules\Pester\5.7.1\Pester.psm1:940
at &lt;ScriptBlock&gt;, C:\Users\alexa\OneDrive\Documents\PowerShell\Modules\Pester\5.7.1\Pester.psm1:893
at &lt;ScriptBlock&gt;, C:\Users\alexa\OneDrive\Documents\PowerShell\Modules\Pester\5.7.1\Pester.psm1:2024
at &lt;ScriptBlock&gt;, C:\Users\alexa\OneDrive\Documents\PowerShell\Modules\Pester\5.7.1\Pester.psm1:1985
at Invoke-ScriptBlock, C:\Users\alexa\OneDrive\Documents\PowerShell\Modules\Pester\5.7.1\Pester.psm1:2160
at Invoke-Block, C:\Users\alexa\OneDrive\Documents\PowerShell\Modules\Pester\5.7.1\Pester.psm1:940
at &lt;ScriptBlock&gt;, C:\Users\alexa\OneDrive\Documents\PowerShell\Modules\Pester\5.7.1\Pester.psm1:893
at &lt;ScriptBlock&gt;, C:\Users\alexa\OneDrive\Documents\PowerShell\Modules\Pester\5.7.1\Pester.psm1:2024
at &lt;ScriptBlock&gt;, C:\Users\alexa\OneDrive\Documents\PowerShell\Modules\Pester\5.7.1\Pester.psm1:1985
at Invoke-ScriptBlock, C:\Users\alexa\OneDrive\Documents\PowerShell\Modules\Pester\5.7.1\Pester.psm1:2160
at Invoke-Block, C:\Users\alexa\OneDrive\Documents\PowerShell\Modules\Pester\5.7.1\Pester.psm1:940
at &lt;ScriptBlock&gt;, C:\Users\alexa\OneDrive\Documents\PowerShell\Modules\Pester\5.7.1\Pester.psm1:1688
at &lt;ScriptBlock&gt;, C:\Users\alexa\OneDrive\Documents\PowerShell\Modules\Pester\5.7.1\Pester.ps1:3
at &lt;ScriptBlock&gt;, C:\Users\alexa\OneDrive\Documents\PowerShell\Modules\Pester\5.7.1\Pester.psm1:3260
at Invoke-InNewScriptScope, C:\Users\alexa\OneDrive\Documents\PowerShell\Modules\Pester\5.7.1\Pester.psm1:3267
at Run-Test, C:\Users\alexa\OneDrive\Documents\PowerShell\Modules\Pester\5.7.1\Pester.psm1:1691
at Invoke-Test, C:\Users\alexa\OneDrive\Documents\PowerShell\Modules\Pester\5.7.1\Pester.psm1:2512
at Invoke-Pester&lt;End&gt;, C:\Users\alexa\OneDrive\Documents\PowerShell\Modules\Pester\5.7.1\Pester.psm1:4960
at &lt;ScriptBlock&gt;, &lt;No file&gt;:1</stack-trace>
                    </failure>
                  </test-case>
                </results>
              </test-suite>
            </results>
          </test-suite>
        </results>
      </test-suite>
      <test-suite type="TestFixture" name="$env:PROJECT_ROOT\tests\unit\scripts\Setup-Directories.Tests.ps1" executed="True" result="Failure" success="False" time="0.292" asserts="0" description="$env:PROJECT_ROOT\tests\unit\scripts\Setup-Directories.Tests.ps1">
        <results>
          <test-suite type="TestFixture" name="Setup-Directories Tests" executed="True" result="Failure" success="False" time="0.2502" asserts="0" description="Setup-Directories Tests">
            <results>
              <test-suite type="TestFixture" name="Setup-Directories Tests.Module Loading" executed="True" result="Failure" success="False" time="0.1127" asserts="0" description="Setup-Directories Tests.Module Loading">
                <results>
                  <test-case description="should load required modules" name="Setup-Directories Tests.Module Loading.should load required modules" time="0.1101" asserts="0" success="False" result="Failure" executed="True">
                    <failure>
                      <message>RuntimeException: Should operator 'Be' is not registered
CmdletInvocationException: Should operator 'Be' is not registered
CommandNotFoundException: The 'Should' command was found in the module 'Pester', but the module could not be loaded due to the following error: [Should operator 'Be' is not registered]
For more information, run 'Import-Module Pester'.</message>
                      <stack-trace>at &lt;ScriptBlock&gt;, $env:PROJECT_ROOT\tests\unit\scripts\Setup-Directories.Tests.ps1:11
at &lt;ScriptBlock&gt;, C:\Users\alexa\OneDrive\Documents\PowerShell\Modules\Pester\5.7.1\Pester.psm1:2024
at &lt;ScriptBlock&gt;, C:\Users\alexa\OneDrive\Documents\PowerShell\Modules\Pester\5.7.1\Pester.psm1:1985
at Invoke-ScriptBlock, C:\Users\alexa\OneDrive\Documents\PowerShell\Modules\Pester\5.7.1\Pester.psm1:2157
at Invoke-TestItem, C:\Users\alexa\OneDrive\Documents\PowerShell\Modules\Pester\5.7.1\Pester.psm1:1199
at Invoke-Block, C:\Users\alexa\OneDrive\Documents\PowerShell\Modules\Pester\5.7.1\Pester.psm1:835
at &lt;ScriptBlock&gt;, C:\Users\alexa\OneDrive\Documents\PowerShell\Modules\Pester\5.7.1\Pester.psm1:893
at &lt;ScriptBlock&gt;, C:\Users\alexa\OneDrive\Documents\PowerShell\Modules\Pester\5.7.1\Pester.psm1:2024
at &lt;ScriptBlock&gt;, C:\Users\alexa\OneDrive\Documents\PowerShell\Modules\Pester\5.7.1\Pester.psm1:1985
at Invoke-ScriptBlock, C:\Users\alexa\OneDrive\Documents\PowerShell\Modules\Pester\5.7.1\Pester.psm1:2160
at Invoke-Block, C:\Users\alexa\OneDrive\Documents\PowerShell\Modules\Pester\5.7.1\Pester.psm1:940
at &lt;ScriptBlock&gt;, C:\Users\alexa\OneDrive\Documents\PowerShell\Modules\Pester\5.7.1\Pester.psm1:893
at &lt;ScriptBlock&gt;, C:\Users\alexa\OneDrive\Documents\PowerShell\Modules\Pester\5.7.1\Pester.psm1:2024
at &lt;ScriptBlock&gt;, C:\Users\alexa\OneDrive\Documents\PowerShell\Modules\Pester\5.7.1\Pester.psm1:1985
at Invoke-ScriptBlock, C:\Users\alexa\OneDrive\Documents\PowerShell\Modules\Pester\5.7.1\Pester.psm1:2160
at Invoke-Block, C:\Users\alexa\OneDrive\Documents\PowerShell\Modules\Pester\5.7.1\Pester.psm1:940
at &lt;ScriptBlock&gt;, C:\Users\alexa\OneDrive\Documents\PowerShell\Modules\Pester\5.7.1\Pester.psm1:893
at &lt;ScriptBlock&gt;, C:\Users\alexa\OneDrive\Documents\PowerShell\Modules\Pester\5.7.1\Pester.psm1:2024
at &lt;ScriptBlock&gt;, C:\Users\alexa\OneDrive\Documents\PowerShell\Modules\Pester\5.7.1\Pester.psm1:1985
at Invoke-ScriptBlock, C:\Users\alexa\OneDrive\Documents\PowerShell\Modules\Pester\5.7.1\Pester.psm1:2160
at Invoke-Block, C:\Users\alexa\OneDrive\Documents\PowerShell\Modules\Pester\5.7.1\Pester.psm1:940
at &lt;ScriptBlock&gt;, C:\Users\alexa\OneDrive\Documents\PowerShell\Modules\Pester\5.7.1\Pester.psm1:1688
at &lt;ScriptBlock&gt;, C:\Users\alexa\OneDrive\Documents\PowerShell\Modules\Pester\5.7.1\Pester.ps1:3
at &lt;ScriptBlock&gt;, C:\Users\alexa\OneDrive\Documents\PowerShell\Modules\Pester\5.7.1\Pester.psm1:3260
at Invoke-InNewScriptScope, C:\Users\alexa\OneDrive\Documents\PowerShell\Modules\Pester\5.7.1\Pester.psm1:3267
at Run-Test, C:\Users\alexa\OneDrive\Documents\PowerShell\Modules\Pester\5.7.1\Pester.psm1:1691
at Invoke-Test, C:\Users\alexa\OneDrive\Documents\PowerShell\Modules\Pester\5.7.1\Pester.psm1:2512
at Invoke-Pester&lt;End&gt;, C:\Users\alexa\OneDrive\Documents\PowerShell\Modules\Pester\5.7.1\Pester.psm1:4960
at &lt;ScriptBlock&gt;, &lt;No file&gt;:1</stack-trace>
                    </failure>
                  </test-case>
                </results>
              </test-suite>
              <test-suite type="TestFixture" name="Setup-Directories Tests.Functionality Tests" executed="True" result="Failure" success="False" time="0.2288" asserts="0" description="Setup-Directories Tests.Functionality Tests">
                <results>
                  <test-case description="should execute without errors" name="Setup-Directories Tests.Functionality Tests.should execute without errors" time="0.11" asserts="0" success="False" result="Failure" executed="True">
                    <failure>
                      <message>RuntimeException: Should operator 'Be' is not registered
CmdletInvocationException: Should operator 'Be' is not registered
CommandNotFoundException: The 'Should' command was found in the module 'Pester', but the module could not be loaded due to the following error: [Should operator 'Be' is not registered]
For more information, run 'Import-Module Pester'.</message>
                      <stack-trace>at &lt;ScriptBlock&gt;, $env:PROJECT_ROOT\tests\unit\scripts\Setup-Directories.Tests.ps1:18
at &lt;ScriptBlock&gt;, C:\Users\alexa\OneDrive\Documents\PowerShell\Modules\Pester\5.7.1\Pester.psm1:2024
at &lt;ScriptBlock&gt;, C:\Users\alexa\OneDrive\Documents\PowerShell\Modules\Pester\5.7.1\Pester.psm1:1985
at Invoke-ScriptBlock, C:\Users\alexa\OneDrive\Documents\PowerShell\Modules\Pester\5.7.1\Pester.psm1:2157
at Invoke-TestItem, C:\Users\alexa\OneDrive\Documents\PowerShell\Modules\Pester\5.7.1\Pester.psm1:1199
at Invoke-Block, C:\Users\alexa\OneDrive\Documents\PowerShell\Modules\Pester\5.7.1\Pester.psm1:835
at &lt;ScriptBlock&gt;, C:\Users\alexa\OneDrive\Documents\PowerShell\Modules\Pester\5.7.1\Pester.psm1:893
at &lt;ScriptBlock&gt;, C:\Users\alexa\OneDrive\Documents\PowerShell\Modules\Pester\5.7.1\Pester.psm1:2024
at &lt;ScriptBlock&gt;, C:\Users\alexa\OneDrive\Documents\PowerShell\Modules\Pester\5.7.1\Pester.psm1:1985
at Invoke-ScriptBlock, C:\Users\alexa\OneDrive\Documents\PowerShell\Modules\Pester\5.7.1\Pester.psm1:2160
at Invoke-Block, C:\Users\alexa\OneDrive\Documents\PowerShell\Modules\Pester\5.7.1\Pester.psm1:940
at &lt;ScriptBlock&gt;, C:\Users\alexa\OneDrive\Documents\PowerShell\Modules\Pester\5.7.1\Pester.psm1:893
at &lt;ScriptBlock&gt;, C:\Users\alexa\OneDrive\Documents\PowerShell\Modules\Pester\5.7.1\Pester.psm1:2024
at &lt;ScriptBlock&gt;, C:\Users\alexa\OneDrive\Documents\PowerShell\Modules\Pester\5.7.1\Pester.psm1:1985
at Invoke-ScriptBlock, C:\Users\alexa\OneDrive\Documents\PowerShell\Modules\Pester\5.7.1\Pester.psm1:2160
at Invoke-Block, C:\Users\alexa\OneDrive\Documents\PowerShell\Modules\Pester\5.7.1\Pester.psm1:940
at &lt;ScriptBlock&gt;, C:\Users\alexa\OneDrive\Documents\PowerShell\Modules\Pester\5.7.1\Pester.psm1:893
at &lt;ScriptBlock&gt;, C:\Users\alexa\OneDrive\Documents\PowerShell\Modules\Pester\5.7.1\Pester.psm1:2024
at &lt;ScriptBlock&gt;, C:\Users\alexa\OneDrive\Documents\PowerShell\Modules\Pester\5.7.1\Pester.psm1:1985
at Invoke-ScriptBlock, C:\Users\alexa\OneDrive\Documents\PowerShell\Modules\Pester\5.7.1\Pester.psm1:2160
at Invoke-Block, C:\Users\alexa\OneDrive\Documents\PowerShell\Modules\Pester\5.7.1\Pester.psm1:940
at &lt;ScriptBlock&gt;, C:\Users\alexa\OneDrive\Documents\PowerShell\Modules\Pester\5.7.1\Pester.psm1:1688
at &lt;ScriptBlock&gt;, C:\Users\alexa\OneDrive\Documents\PowerShell\Modules\Pester\5.7.1\Pester.ps1:3
at &lt;ScriptBlock&gt;, C:\Users\alexa\OneDrive\Documents\PowerShell\Modules\Pester\5.7.1\Pester.psm1:3260
at Invoke-InNewScriptScope, C:\Users\alexa\OneDrive\Documents\PowerShell\Modules\Pester\5.7.1\Pester.psm1:3267
at Run-Test, C:\Users\alexa\OneDrive\Documents\PowerShell\Modules\Pester\5.7.1\Pester.psm1:1691
at Invoke-Test, C:\Users\alexa\OneDrive\Documents\PowerShell\Modules\Pester\5.7.1\Pester.psm1:2512
at Invoke-Pester&lt;End&gt;, C:\Users\alexa\OneDrive\Documents\PowerShell\Modules\Pester\5.7.1\Pester.psm1:4960
at &lt;ScriptBlock&gt;, &lt;No file&gt;:1</stack-trace>
                    </failure>
                  </test-case>
                </results>
              </test-suite>
            </results>
          </test-suite>
        </results>
      </test-suite>
      <test-suite type="TestFixture" name="$env:PROJECT_ROOT\tests\unit\scripts\setup-test-env.Tests.ps1" executed="True" result="Failure" success="False" time="0.2826" asserts="0" description="$env:PROJECT_ROOT\tests\unit\scripts\setup-test-env.Tests.ps1">
        <results>
          <test-suite type="TestFixture" name="setup-test-env Tests" executed="True" result="Failure" success="False" time="0.2486" asserts="0" description="setup-test-env Tests">
            <results>
              <test-suite type="TestFixture" name="setup-test-env Tests.Module Loading" executed="True" result="Failure" success="False" time="0.1138" asserts="0" description="setup-test-env Tests.Module Loading">
                <results>
                  <test-case description="should load required modules" name="setup-test-env Tests.Module Loading.should load required modules" time="0.1108" asserts="0" success="False" result="Failure" executed="True">
                    <failure>
                      <message>RuntimeException: Should operator 'Be' is not registered
CmdletInvocationException: Should operator 'Be' is not registered
CommandNotFoundException: The 'Should' command was found in the module 'Pester', but the module could not be loaded due to the following error: [Should operator 'Be' is not registered]
For more information, run 'Import-Module Pester'.</message>
                      <stack-trace>at &lt;ScriptBlock&gt;, $env:PROJECT_ROOT\tests\unit\scripts\setup-test-env.Tests.ps1:10
at &lt;ScriptBlock&gt;, C:\Users\alexa\OneDrive\Documents\PowerShell\Modules\Pester\5.7.1\Pester.psm1:2024
at &lt;ScriptBlock&gt;, C:\Users\alexa\OneDrive\Documents\PowerShell\Modules\Pester\5.7.1\Pester.psm1:1985
at Invoke-ScriptBlock, C:\Users\alexa\OneDrive\Documents\PowerShell\Modules\Pester\5.7.1\Pester.psm1:2157
at Invoke-TestItem, C:\Users\alexa\OneDrive\Documents\PowerShell\Modules\Pester\5.7.1\Pester.psm1:1199
at Invoke-Block, C:\Users\alexa\OneDrive\Documents\PowerShell\Modules\Pester\5.7.1\Pester.psm1:835
at &lt;ScriptBlock&gt;, C:\Users\alexa\OneDrive\Documents\PowerShell\Modules\Pester\5.7.1\Pester.psm1:893
at &lt;ScriptBlock&gt;, C:\Users\alexa\OneDrive\Documents\PowerShell\Modules\Pester\5.7.1\Pester.psm1:2024
at &lt;ScriptBlock&gt;, C:\Users\alexa\OneDrive\Documents\PowerShell\Modules\Pester\5.7.1\Pester.psm1:1985
at Invoke-ScriptBlock, C:\Users\alexa\OneDrive\Documents\PowerShell\Modules\Pester\5.7.1\Pester.psm1:2160
at Invoke-Block, C:\Users\alexa\OneDrive\Documents\PowerShell\Modules\Pester\5.7.1\Pester.psm1:940
at &lt;ScriptBlock&gt;, C:\Users\alexa\OneDrive\Documents\PowerShell\Modules\Pester\5.7.1\Pester.psm1:893
at &lt;ScriptBlock&gt;, C:\Users\alexa\OneDrive\Documents\PowerShell\Modules\Pester\5.7.1\Pester.psm1:2024
at &lt;ScriptBlock&gt;, C:\Users\alexa\OneDrive\Documents\PowerShell\Modules\Pester\5.7.1\Pester.psm1:1985
at Invoke-ScriptBlock, C:\Users\alexa\OneDrive\Documents\PowerShell\Modules\Pester\5.7.1\Pester.psm1:2160
at Invoke-Block, C:\Users\alexa\OneDrive\Documents\PowerShell\Modules\Pester\5.7.1\Pester.psm1:940
at &lt;ScriptBlock&gt;, C:\Users\alexa\OneDrive\Documents\PowerShell\Modules\Pester\5.7.1\Pester.psm1:893
at &lt;ScriptBlock&gt;, C:\Users\alexa\OneDrive\Documents\PowerShell\Modules\Pester\5.7.1\Pester.psm1:2024
at &lt;ScriptBlock&gt;, C:\Users\alexa\OneDrive\Documents\PowerShell\Modules\Pester\5.7.1\Pester.psm1:1985
at Invoke-ScriptBlock, C:\Users\alexa\OneDrive\Documents\PowerShell\Modules\Pester\5.7.1\Pester.psm1:2160
at Invoke-Block, C:\Users\alexa\OneDrive\Documents\PowerShell\Modules\Pester\5.7.1\Pester.psm1:940
at &lt;ScriptBlock&gt;, C:\Users\alexa\OneDrive\Documents\PowerShell\Modules\Pester\5.7.1\Pester.psm1:1688
at &lt;ScriptBlock&gt;, C:\Users\alexa\OneDrive\Documents\PowerShell\Modules\Pester\5.7.1\Pester.ps1:3
at &lt;ScriptBlock&gt;, C:\Users\alexa\OneDrive\Documents\PowerShell\Modules\Pester\5.7.1\Pester.psm1:3260
at Invoke-InNewScriptScope, C:\Users\alexa\OneDrive\Documents\PowerShell\Modules\Pester\5.7.1\Pester.psm1:3267
at Run-Test, C:\Users\alexa\OneDrive\Documents\PowerShell\Modules\Pester\5.7.1\Pester.psm1:1691
at Invoke-Test, C:\Users\alexa\OneDrive\Documents\PowerShell\Modules\Pester\5.7.1\Pester.psm1:2512
at Invoke-Pester&lt;End&gt;, C:\Users\alexa\OneDrive\Documents\PowerShell\Modules\Pester\5.7.1\Pester.psm1:4960
at &lt;ScriptBlock&gt;, &lt;No file&gt;:1</stack-trace>
                    </failure>
                  </test-case>
                </results>
              </test-suite>
              <test-suite type="TestFixture" name="setup-test-env Tests.Functionality Tests" executed="True" result="Failure" success="False" time="0.2331" asserts="0" description="setup-test-env Tests.Functionality Tests">
                <results>
                  <test-case description="should execute without errors" name="setup-test-env Tests.Functionality Tests.should execute without errors" time="0.1168" asserts="0" success="False" result="Failure" executed="True">
                    <failure>
                      <message>RuntimeException: Should operator 'Be' is not registered
CmdletInvocationException: Should operator 'Be' is not registered
CommandNotFoundException: The 'Should' command was found in the module 'Pester', but the module could not be loaded due to the following error: [Should operator 'Be' is not registered]
For more information, run 'Import-Module Pester'.</message>
                      <stack-trace>at &lt;ScriptBlock&gt;, $env:PROJECT_ROOT\tests\unit\scripts\setup-test-env.Tests.ps1:17
at &lt;ScriptBlock&gt;, C:\Users\alexa\OneDrive\Documents\PowerShell\Modules\Pester\5.7.1\Pester.psm1:2024
at &lt;ScriptBlock&gt;, C:\Users\alexa\OneDrive\Documents\PowerShell\Modules\Pester\5.7.1\Pester.psm1:1985
at Invoke-ScriptBlock, C:\Users\alexa\OneDrive\Documents\PowerShell\Modules\Pester\5.7.1\Pester.psm1:2157
at Invoke-TestItem, C:\Users\alexa\OneDrive\Documents\PowerShell\Modules\Pester\5.7.1\Pester.psm1:1199
at Invoke-Block, C:\Users\alexa\OneDrive\Documents\PowerShell\Modules\Pester\5.7.1\Pester.psm1:835
at &lt;ScriptBlock&gt;, C:\Users\alexa\OneDrive\Documents\PowerShell\Modules\Pester\5.7.1\Pester.psm1:893
at &lt;ScriptBlock&gt;, C:\Users\alexa\OneDrive\Documents\PowerShell\Modules\Pester\5.7.1\Pester.psm1:2024
at &lt;ScriptBlock&gt;, C:\Users\alexa\OneDrive\Documents\PowerShell\Modules\Pester\5.7.1\Pester.psm1:1985
at Invoke-ScriptBlock, C:\Users\alexa\OneDrive\Documents\PowerShell\Modules\Pester\5.7.1\Pester.psm1:2160
at Invoke-Block, C:\Users\alexa\OneDrive\Documents\PowerShell\Modules\Pester\5.7.1\Pester.psm1:940
at &lt;ScriptBlock&gt;, C:\Users\alexa\OneDrive\Documents\PowerShell\Modules\Pester\5.7.1\Pester.psm1:893
at &lt;ScriptBlock&gt;, C:\Users\alexa\OneDrive\Documents\PowerShell\Modules\Pester\5.7.1\Pester.psm1:2024
at &lt;ScriptBlock&gt;, C:\Users\alexa\OneDrive\Documents\PowerShell\Modules\Pester\5.7.1\Pester.psm1:1985
at Invoke-ScriptBlock, C:\Users\alexa\OneDrive\Documents\PowerShell\Modules\Pester\5.7.1\Pester.psm1:2160
at Invoke-Block, C:\Users\alexa\OneDrive\Documents\PowerShell\Modules\Pester\5.7.1\Pester.psm1:940
at &lt;ScriptBlock&gt;, C:\Users\alexa\OneDrive\Documents\PowerShell\Modules\Pester\5.7.1\Pester.psm1:893
at &lt;ScriptBlock&gt;, C:\Users\alexa\OneDrive\Documents\PowerShell\Modules\Pester\5.7.1\Pester.psm1:2024
at &lt;ScriptBlock&gt;, C:\Users\alexa\OneDrive\Documents\PowerShell\Modules\Pester\5.7.1\Pester.psm1:1985
at Invoke-ScriptBlock, C:\Users\alexa\OneDrive\Documents\PowerShell\Modules\Pester\5.7.1\Pester.psm1:2160
at Invoke-Block, C:\Users\alexa\OneDrive\Documents\PowerShell\Modules\Pester\5.7.1\Pester.psm1:940
at &lt;ScriptBlock&gt;, C:\Users\alexa\OneDrive\Documents\PowerShell\Modules\Pester\5.7.1\Pester.psm1:1688
at &lt;ScriptBlock&gt;, C:\Users\alexa\OneDrive\Documents\PowerShell\Modules\Pester\5.7.1\Pester.ps1:3
at &lt;ScriptBlock&gt;, C:\Users\alexa\OneDrive\Documents\PowerShell\Modules\Pester\5.7.1\Pester.psm1:3260
at Invoke-InNewScriptScope, C:\Users\alexa\OneDrive\Documents\PowerShell\Modules\Pester\5.7.1\Pester.psm1:3267
at Run-Test, C:\Users\alexa\OneDrive\Documents\PowerShell\Modules\Pester\5.7.1\Pester.psm1:1691
at Invoke-Test, C:\Users\alexa\OneDrive\Documents\PowerShell\Modules\Pester\5.7.1\Pester.psm1:2512
at Invoke-Pester&lt;End&gt;, C:\Users\alexa\OneDrive\Documents\PowerShell\Modules\Pester\5.7.1\Pester.psm1:4960
at &lt;ScriptBlock&gt;, &lt;No file&gt;:1</stack-trace>
                    </failure>
                  </test-case>
                </results>
              </test-suite>
            </results>
          </test-suite>
        </results>
      </test-suite>
      <test-suite type="TestFixture" name="$env:PROJECT_ROOT\tests\integration\BadRunnerScripts.Simple.Tests.ps1" executed="True" result="Failure" success="False" time="0.295" asserts="0" description="$env:PROJECT_ROOT\tests\integration\BadRunnerScripts.Simple.Tests.ps1">
        <results>
          <test-suite type="TestFixture" name="BadRunnerScripts.Simple Tests" executed="True" result="Failure" success="False" time="0.259" asserts="0" description="BadRunnerScripts.Simple Tests">
            <results>
              <test-suite type="TestFixture" name="BadRunnerScripts.Simple Tests.Module Loading" executed="True" result="Failure" success="False" time="0.1164" asserts="0" description="BadRunnerScripts.Simple Tests.Module Loading">
                <results>
                  <test-case description="should load required modules" name="BadRunnerScripts.Simple Tests.Module Loading.should load required modules" time="0.1138" asserts="0" success="False" result="Failure" executed="True">
                    <failure>
                      <message>RuntimeException: Should operator 'Be' is not registered
CmdletInvocationException: Should operator 'Be' is not registered
CommandNotFoundException: The 'Should' command was found in the module 'Pester', but the module could not be loaded due to the following error: [Should operator 'Be' is not registered]
For more information, run 'Import-Module Pester'.</message>
                      <stack-trace>at &lt;ScriptBlock&gt;, $env:PROJECT_ROOT\tests\integration\BadRunnerScripts.Simple.Tests.ps1:10
at &lt;ScriptBlock&gt;, C:\Users\alexa\OneDrive\Documents\PowerShell\Modules\Pester\5.7.1\Pester.psm1:2024
at &lt;ScriptBlock&gt;, C:\Users\alexa\OneDrive\Documents\PowerShell\Modules\Pester\5.7.1\Pester.psm1:1985
at Invoke-ScriptBlock, C:\Users\alexa\OneDrive\Documents\PowerShell\Modules\Pester\5.7.1\Pester.psm1:2157
at Invoke-TestItem, C:\Users\alexa\OneDrive\Documents\PowerShell\Modules\Pester\5.7.1\Pester.psm1:1199
at Invoke-Block, C:\Users\alexa\OneDrive\Documents\PowerShell\Modules\Pester\5.7.1\Pester.psm1:835
at &lt;ScriptBlock&gt;, C:\Users\alexa\OneDrive\Documents\PowerShell\Modules\Pester\5.7.1\Pester.psm1:893
at &lt;ScriptBlock&gt;, C:\Users\alexa\OneDrive\Documents\PowerShell\Modules\Pester\5.7.1\Pester.psm1:2024
at &lt;ScriptBlock&gt;, C:\Users\alexa\OneDrive\Documents\PowerShell\Modules\Pester\5.7.1\Pester.psm1:1985
at Invoke-ScriptBlock, C:\Users\alexa\OneDrive\Documents\PowerShell\Modules\Pester\5.7.1\Pester.psm1:2160
at Invoke-Block, C:\Users\alexa\OneDrive\Documents\PowerShell\Modules\Pester\5.7.1\Pester.psm1:940
at &lt;ScriptBlock&gt;, C:\Users\alexa\OneDrive\Documents\PowerShell\Modules\Pester\5.7.1\Pester.psm1:893
at &lt;ScriptBlock&gt;, C:\Users\alexa\OneDrive\Documents\PowerShell\Modules\Pester\5.7.1\Pester.psm1:2024
at &lt;ScriptBlock&gt;, C:\Users\alexa\OneDrive\Documents\PowerShell\Modules\Pester\5.7.1\Pester.psm1:1985
at Invoke-ScriptBlock, C:\Users\alexa\OneDrive\Documents\PowerShell\Modules\Pester\5.7.1\Pester.psm1:2160
at Invoke-Block, C:\Users\alexa\OneDrive\Documents\PowerShell\Modules\Pester\5.7.1\Pester.psm1:940
at &lt;ScriptBlock&gt;, C:\Users\alexa\OneDrive\Documents\PowerShell\Modules\Pester\5.7.1\Pester.psm1:893
at &lt;ScriptBlock&gt;, C:\Users\alexa\OneDrive\Documents\PowerShell\Modules\Pester\5.7.1\Pester.psm1:2024
at &lt;ScriptBlock&gt;, C:\Users\alexa\OneDrive\Documents\PowerShell\Modules\Pester\5.7.1\Pester.psm1:1985
at Invoke-ScriptBlock, C:\Users\alexa\OneDrive\Documents\PowerShell\Modules\Pester\5.7.1\Pester.psm1:2160
at Invoke-Block, C:\Users\alexa\OneDrive\Documents\PowerShell\Modules\Pester\5.7.1\Pester.psm1:940
at &lt;ScriptBlock&gt;, C:\Users\alexa\OneDrive\Documents\PowerShell\Modules\Pester\5.7.1\Pester.psm1:1688
at &lt;ScriptBlock&gt;, C:\Users\alexa\OneDrive\Documents\PowerShell\Modules\Pester\5.7.1\Pester.ps1:3
at &lt;ScriptBlock&gt;, C:\Users\alexa\OneDrive\Documents\PowerShell\Modules\Pester\5.7.1\Pester.psm1:3260
at Invoke-InNewScriptScope, C:\Users\alexa\OneDrive\Documents\PowerShell\Modules\Pester\5.7.1\Pester.psm1:3267
at Run-Test, C:\Users\alexa\OneDrive\Documents\PowerShell\Modules\Pester\5.7.1\Pester.psm1:1691
at Invoke-Test, C:\Users\alexa\OneDrive\Documents\PowerShell\Modules\Pester\5.7.1\Pester.psm1:2512
at Invoke-Pester&lt;End&gt;, C:\Users\alexa\OneDrive\Documents\PowerShell\Modules\Pester\5.7.1\Pester.psm1:4960
at &lt;ScriptBlock&gt;, &lt;No file&gt;:1</stack-trace>
                    </failure>
                  </test-case>
                </results>
              </test-suite>
              <test-suite type="TestFixture" name="BadRunnerScripts.Simple Tests.Functionality Tests" executed="True" result="Failure" success="False" time="0.2411" asserts="0" description="BadRunnerScripts.Simple Tests.Functionality Tests">
                <results>
                  <test-case description="should execute without errors" name="BadRunnerScripts.Simple Tests.Functionality Tests.should execute without errors" time="0.1223" asserts="0" success="False" result="Failure" executed="True">
                    <failure>
                      <message>RuntimeException: Should operator 'Be' is not registered
CmdletInvocationException: Should operator 'Be' is not registered
CommandNotFoundException: The 'Should' command was found in the module 'Pester', but the module could not be loaded due to the following error: [Should operator 'Be' is not registered]
For more information, run 'Import-Module Pester'.</message>
                      <stack-trace>at &lt;ScriptBlock&gt;, $env:PROJECT_ROOT\tests\integration\BadRunnerScripts.Simple.Tests.ps1:17
at &lt;ScriptBlock&gt;, C:\Users\alexa\OneDrive\Documents\PowerShell\Modules\Pester\5.7.1\Pester.psm1:2024
at &lt;ScriptBlock&gt;, C:\Users\alexa\OneDrive\Documents\PowerShell\Modules\Pester\5.7.1\Pester.psm1:1985
at Invoke-ScriptBlock, C:\Users\alexa\OneDrive\Documents\PowerShell\Modules\Pester\5.7.1\Pester.psm1:2157
at Invoke-TestItem, C:\Users\alexa\OneDrive\Documents\PowerShell\Modules\Pester\5.7.1\Pester.psm1:1199
at Invoke-Block, C:\Users\alexa\OneDrive\Documents\PowerShell\Modules\Pester\5.7.1\Pester.psm1:835
at &lt;ScriptBlock&gt;, C:\Users\alexa\OneDrive\Documents\PowerShell\Modules\Pester\5.7.1\Pester.psm1:893
at &lt;ScriptBlock&gt;, C:\Users\alexa\OneDrive\Documents\PowerShell\Modules\Pester\5.7.1\Pester.psm1:2024
at &lt;ScriptBlock&gt;, C:\Users\alexa\OneDrive\Documents\PowerShell\Modules\Pester\5.7.1\Pester.psm1:1985
at Invoke-ScriptBlock, C:\Users\alexa\OneDrive\Documents\PowerShell\Modules\Pester\5.7.1\Pester.psm1:2160
at Invoke-Block, C:\Users\alexa\OneDrive\Documents\PowerShell\Modules\Pester\5.7.1\Pester.psm1:940
at &lt;ScriptBlock&gt;, C:\Users\alexa\OneDrive\Documents\PowerShell\Modules\Pester\5.7.1\Pester.psm1:893
at &lt;ScriptBlock&gt;, C:\Users\alexa\OneDrive\Documents\PowerShell\Modules\Pester\5.7.1\Pester.psm1:2024
at &lt;ScriptBlock&gt;, C:\Users\alexa\OneDrive\Documents\PowerShell\Modules\Pester\5.7.1\Pester.psm1:1985
at Invoke-ScriptBlock, C:\Users\alexa\OneDrive\Documents\PowerShell\Modules\Pester\5.7.1\Pester.psm1:2160
at Invoke-Block, C:\Users\alexa\OneDrive\Documents\PowerShell\Modules\Pester\5.7.1\Pester.psm1:940
at &lt;ScriptBlock&gt;, C:\Users\alexa\OneDrive\Documents\PowerShell\Modules\Pester\5.7.1\Pester.psm1:893
at &lt;ScriptBlock&gt;, C:\Users\alexa\OneDrive\Documents\PowerShell\Modules\Pester\5.7.1\Pester.psm1:2024
at &lt;ScriptBlock&gt;, C:\Users\alexa\OneDrive\Documents\PowerShell\Modules\Pester\5.7.1\Pester.psm1:1985
at Invoke-ScriptBlock, C:\Users\alexa\OneDrive\Documents\PowerShell\Modules\Pester\5.7.1\Pester.psm1:2160
at Invoke-Block, C:\Users\alexa\OneDrive\Documents\PowerShell\Modules\Pester\5.7.1\Pester.psm1:940
at &lt;ScriptBlock&gt;, C:\Users\alexa\OneDrive\Documents\PowerShell\Modules\Pester\5.7.1\Pester.psm1:1688
at &lt;ScriptBlock&gt;, C:\Users\alexa\OneDrive\Documents\PowerShell\Modules\Pester\5.7.1\Pester.ps1:3
at &lt;ScriptBlock&gt;, C:\Users\alexa\OneDrive\Documents\PowerShell\Modules\Pester\5.7.1\Pester.psm1:3260
at Invoke-InNewScriptScope, C:\Users\alexa\OneDrive\Documents\PowerShell\Modules\Pester\5.7.1\Pester.psm1:3267
at Run-Test, C:\Users\alexa\OneDrive\Documents\PowerShell\Modules\Pester\5.7.1\Pester.psm1:1691
at Invoke-Test, C:\Users\alexa\OneDrive\Documents\PowerShell\Modules\Pester\5.7.1\Pester.psm1:2512
at Invoke-Pester&lt;End&gt;, C:\Users\alexa\OneDrive\Documents\PowerShell\Modules\Pester\5.7.1\Pester.psm1:4960
at &lt;ScriptBlock&gt;, &lt;No file&gt;:1</stack-trace>
                    </failure>
                  </test-case>
                </results>
              </test-suite>
            </results>
          </test-suite>
        </results>
      </test-suite>
      <test-suite type="TestFixture" name="$env:PROJECT_ROOT\tests\integration\BadRunnerScripts.Tests.ps1" executed="True" result="Failure" success="False" time="0.282" asserts="0" description="$env:PROJECT_ROOT\tests\integration\BadRunnerScripts.Tests.ps1">
        <results>
          <test-suite type="TestFixture" name="BadRunnerScripts Tests" executed="True" result="Failure" success="False" time="0.2469" asserts="0" description="BadRunnerScripts Tests">
            <results>
              <test-suite type="TestFixture" name="BadRunnerScripts Tests.Module Loading" executed="True" result="Failure" success="False" time="0.1188" asserts="0" description="BadRunnerScripts Tests.Module Loading">
                <results>
                  <test-case description="should load required modules" name="BadRunnerScripts Tests.Module Loading.should load required modules" time="0.1111" asserts="0" success="False" result="Failure" executed="True">
                    <failure>
                      <message>RuntimeException: Should operator 'Be' is not registered
CmdletInvocationException: Should operator 'Be' is not registered
CommandNotFoundException: The 'Should' command was found in the module 'Pester', but the module could not be loaded due to the following error: [Should operator 'Be' is not registered]
For more information, run 'Import-Module Pester'.</message>
                      <stack-trace>at &lt;ScriptBlock&gt;, $env:PROJECT_ROOT\tests\integration\BadRunnerScripts.Tests.ps1:10
at &lt;ScriptBlock&gt;, C:\Users\alexa\OneDrive\Documents\PowerShell\Modules\Pester\5.7.1\Pester.psm1:2024
at &lt;ScriptBlock&gt;, C:\Users\alexa\OneDrive\Documents\PowerShell\Modules\Pester\5.7.1\Pester.psm1:1985
at Invoke-ScriptBlock, C:\Users\alexa\OneDrive\Documents\PowerShell\Modules\Pester\5.7.1\Pester.psm1:2157
at Invoke-TestItem, C:\Users\alexa\OneDrive\Documents\PowerShell\Modules\Pester\5.7.1\Pester.psm1:1199
at Invoke-Block, C:\Users\alexa\OneDrive\Documents\PowerShell\Modules\Pester\5.7.1\Pester.psm1:835
at &lt;ScriptBlock&gt;, C:\Users\alexa\OneDrive\Documents\PowerShell\Modules\Pester\5.7.1\Pester.psm1:893
at &lt;ScriptBlock&gt;, C:\Users\alexa\OneDrive\Documents\PowerShell\Modules\Pester\5.7.1\Pester.psm1:2024
at &lt;ScriptBlock&gt;, C:\Users\alexa\OneDrive\Documents\PowerShell\Modules\Pester\5.7.1\Pester.psm1:1985
at Invoke-ScriptBlock, C:\Users\alexa\OneDrive\Documents\PowerShell\Modules\Pester\5.7.1\Pester.psm1:2160
at Invoke-Block, C:\Users\alexa\OneDrive\Documents\PowerShell\Modules\Pester\5.7.1\Pester.psm1:940
at &lt;ScriptBlock&gt;, C:\Users\alexa\OneDrive\Documents\PowerShell\Modules\Pester\5.7.1\Pester.psm1:893
at &lt;ScriptBlock&gt;, C:\Users\alexa\OneDrive\Documents\PowerShell\Modules\Pester\5.7.1\Pester.psm1:2024
at &lt;ScriptBlock&gt;, C:\Users\alexa\OneDrive\Documents\PowerShell\Modules\Pester\5.7.1\Pester.psm1:1985
at Invoke-ScriptBlock, C:\Users\alexa\OneDrive\Documents\PowerShell\Modules\Pester\5.7.1\Pester.psm1:2160
at Invoke-Block, C:\Users\alexa\OneDrive\Documents\PowerShell\Modules\Pester\5.7.1\Pester.psm1:940
at &lt;ScriptBlock&gt;, C:\Users\alexa\OneDrive\Documents\PowerShell\Modules\Pester\5.7.1\Pester.psm1:893
at &lt;ScriptBlock&gt;, C:\Users\alexa\OneDrive\Documents\PowerShell\Modules\Pester\5.7.1\Pester.psm1:2024
at &lt;ScriptBlock&gt;, C:\Users\alexa\OneDrive\Documents\PowerShell\Modules\Pester\5.7.1\Pester.psm1:1985
at Invoke-ScriptBlock, C:\Users\alexa\OneDrive\Documents\PowerShell\Modules\Pester\5.7.1\Pester.psm1:2160
at Invoke-Block, C:\Users\alexa\OneDrive\Documents\PowerShell\Modules\Pester\5.7.1\Pester.psm1:940
at &lt;ScriptBlock&gt;, C:\Users\alexa\OneDrive\Documents\PowerShell\Modules\Pester\5.7.1\Pester.psm1:1688
at &lt;ScriptBlock&gt;, C:\Users\alexa\OneDrive\Documents\PowerShell\Modules\Pester\5.7.1\Pester.ps1:3
at &lt;ScriptBlock&gt;, C:\Users\alexa\OneDrive\Documents\PowerShell\Modules\Pester\5.7.1\Pester.psm1:3260
at Invoke-InNewScriptScope, C:\Users\alexa\OneDrive\Documents\PowerShell\Modules\Pester\5.7.1\Pester.psm1:3267
at Run-Test, C:\Users\alexa\OneDrive\Documents\PowerShell\Modules\Pester\5.7.1\Pester.psm1:1691
at Invoke-Test, C:\Users\alexa\OneDrive\Documents\PowerShell\Modules\Pester\5.7.1\Pester.psm1:2512
at Invoke-Pester&lt;End&gt;, C:\Users\alexa\OneDrive\Documents\PowerShell\Modules\Pester\5.7.1\Pester.psm1:4960
at &lt;ScriptBlock&gt;, &lt;No file&gt;:1</stack-trace>
                    </failure>
                  </test-case>
                </results>
              </test-suite>
              <test-suite type="TestFixture" name="BadRunnerScripts Tests.Functionality Tests" executed="True" result="Failure" success="False" time="0.2329" asserts="0" description="BadRunnerScripts Tests.Functionality Tests">
                <results>
                  <test-case description="should execute without errors" name="BadRunnerScripts Tests.Functionality Tests.should execute without errors" time="0.1117" asserts="0" success="False" result="Failure" executed="True">
                    <failure>
                      <message>RuntimeException: Should operator 'Be' is not registered
CmdletInvocationException: Should operator 'Be' is not registered
CommandNotFoundException: The 'Should' command was found in the module 'Pester', but the module could not be loaded due to the following error: [Should operator 'Be' is not registered]
For more information, run 'Import-Module Pester'.</message>
                      <stack-trace>at &lt;ScriptBlock&gt;, $env:PROJECT_ROOT\tests\integration\BadRunnerScripts.Tests.ps1:17
at &lt;ScriptBlock&gt;, C:\Users\alexa\OneDrive\Documents\PowerShell\Modules\Pester\5.7.1\Pester.psm1:2024
at &lt;ScriptBlock&gt;, C:\Users\alexa\OneDrive\Documents\PowerShell\Modules\Pester\5.7.1\Pester.psm1:1985
at Invoke-ScriptBlock, C:\Users\alexa\OneDrive\Documents\PowerShell\Modules\Pester\5.7.1\Pester.psm1:2157
at Invoke-TestItem, C:\Users\alexa\OneDrive\Documents\PowerShell\Modules\Pester\5.7.1\Pester.psm1:1199
at Invoke-Block, C:\Users\alexa\OneDrive\Documents\PowerShell\Modules\Pester\5.7.1\Pester.psm1:835
at &lt;ScriptBlock&gt;, C:\Users\alexa\OneDrive\Documents\PowerShell\Modules\Pester\5.7.1\Pester.psm1:893
at &lt;ScriptBlock&gt;, C:\Users\alexa\OneDrive\Documents\PowerShell\Modules\Pester\5.7.1\Pester.psm1:2024
at &lt;ScriptBlock&gt;, C:\Users\alexa\OneDrive\Documents\PowerShell\Modules\Pester\5.7.1\Pester.psm1:1985
at Invoke-ScriptBlock, C:\Users\alexa\OneDrive\Documents\PowerShell\Modules\Pester\5.7.1\Pester.psm1:2160
at Invoke-Block, C:\Users\alexa\OneDrive\Documents\PowerShell\Modules\Pester\5.7.1\Pester.psm1:940
at &lt;ScriptBlock&gt;, C:\Users\alexa\OneDrive\Documents\PowerShell\Modules\Pester\5.7.1\Pester.psm1:893
at &lt;ScriptBlock&gt;, C:\Users\alexa\OneDrive\Documents\PowerShell\Modules\Pester\5.7.1\Pester.psm1:2024
at &lt;ScriptBlock&gt;, C:\Users\alexa\OneDrive\Documents\PowerShell\Modules\Pester\5.7.1\Pester.psm1:1985
at Invoke-ScriptBlock, C:\Users\alexa\OneDrive\Documents\PowerShell\Modules\Pester\5.7.1\Pester.psm1:2160
at Invoke-Block, C:\Users\alexa\OneDrive\Documents\PowerShell\Modules\Pester\5.7.1\Pester.psm1:940
at &lt;ScriptBlock&gt;, C:\Users\alexa\OneDrive\Documents\PowerShell\Modules\Pester\5.7.1\Pester.psm1:893
at &lt;ScriptBlock&gt;, C:\Users\alexa\OneDrive\Documents\PowerShell\Modules\Pester\5.7.1\Pester.psm1:2024
at &lt;ScriptBlock&gt;, C:\Users\alexa\OneDrive\Documents\PowerShell\Modules\Pester\5.7.1\Pester.psm1:1985
at Invoke-ScriptBlock, C:\Users\alexa\OneDrive\Documents\PowerShell\Modules\Pester\5.7.1\Pester.psm1:2160
at Invoke-Block, C:\Users\alexa\OneDrive\Documents\PowerShell\Modules\Pester\5.7.1\Pester.psm1:940
at &lt;ScriptBlock&gt;, C:\Users\alexa\OneDrive\Documents\PowerShell\Modules\Pester\5.7.1\Pester.psm1:1688
at &lt;ScriptBlock&gt;, C:\Users\alexa\OneDrive\Documents\PowerShell\Modules\Pester\5.7.1\Pester.ps1:3
at &lt;ScriptBlock&gt;, C:\Users\alexa\OneDrive\Documents\PowerShell\Modules\Pester\5.7.1\Pester.psm1:3260
at Invoke-InNewScriptScope, C:\Users\alexa\OneDrive\Documents\PowerShell\Modules\Pester\5.7.1\Pester.psm1:3267
at Run-Test, C:\Users\alexa\OneDrive\Documents\PowerShell\Modules\Pester\5.7.1\Pester.psm1:1691
at Invoke-Test, C:\Users\alexa\OneDrive\Documents\PowerShell\Modules\Pester\5.7.1\Pester.psm1:2512
at Invoke-Pester&lt;End&gt;, C:\Users\alexa\OneDrive\Documents\PowerShell\Modules\Pester\5.7.1\Pester.psm1:4960
at &lt;ScriptBlock&gt;, &lt;No file&gt;:1</stack-trace>
                    </failure>
                  </test-case>
                </results>
              </test-suite>
            </results>
          </test-suite>
        </results>
      </test-suite>
      <test-suite type="TestFixture" name="$env:PROJECT_ROOT\tests\integration\Cleanup-Files.Tests.ps1" executed="True" result="Failure" success="False" time="0.2848" asserts="0" description="$env:PROJECT_ROOT\tests\integration\Cleanup-Files.Tests.ps1">
        <results>
          <test-suite type="TestFixture" name="Cleanup-Files Tests" executed="True" result="Failure" success="False" time="0.2498" asserts="0" description="Cleanup-Files Tests">
            <results>
              <test-suite type="TestFixture" name="Cleanup-Files Tests.Module Loading" executed="True" result="Failure" success="False" time="0.1213" asserts="0" description="Cleanup-Files Tests.Module Loading">
                <results>
                  <test-case description="should load required modules" name="Cleanup-Files Tests.Module Loading.should load required modules" time="0.1185" asserts="0" success="False" result="Failure" executed="True">
                    <failure>
                      <message>RuntimeException: Should operator 'Be' is not registered
CmdletInvocationException: Should operator 'Be' is not registered
CommandNotFoundException: The 'Should' command was found in the module 'Pester', but the module could not be loaded due to the following error: [Should operator 'Be' is not registered]
For more information, run 'Import-Module Pester'.</message>
                      <stack-trace>at &lt;ScriptBlock&gt;, $env:PROJECT_ROOT\tests\integration\Cleanup-Files.Tests.ps1:10
at &lt;ScriptBlock&gt;, C:\Users\alexa\OneDrive\Documents\PowerShell\Modules\Pester\5.7.1\Pester.psm1:2024
at &lt;ScriptBlock&gt;, C:\Users\alexa\OneDrive\Documents\PowerShell\Modules\Pester\5.7.1\Pester.psm1:1985
at Invoke-ScriptBlock, C:\Users\alexa\OneDrive\Documents\PowerShell\Modules\Pester\5.7.1\Pester.psm1:2157
at Invoke-TestItem, C:\Users\alexa\OneDrive\Documents\PowerShell\Modules\Pester\5.7.1\Pester.psm1:1199
at Invoke-Block, C:\Users\alexa\OneDrive\Documents\PowerShell\Modules\Pester\5.7.1\Pester.psm1:835
at &lt;ScriptBlock&gt;, C:\Users\alexa\OneDrive\Documents\PowerShell\Modules\Pester\5.7.1\Pester.psm1:893
at &lt;ScriptBlock&gt;, C:\Users\alexa\OneDrive\Documents\PowerShell\Modules\Pester\5.7.1\Pester.psm1:2024
at &lt;ScriptBlock&gt;, C:\Users\alexa\OneDrive\Documents\PowerShell\Modules\Pester\5.7.1\Pester.psm1:1985
at Invoke-ScriptBlock, C:\Users\alexa\OneDrive\Documents\PowerShell\Modules\Pester\5.7.1\Pester.psm1:2160
at Invoke-Block, C:\Users\alexa\OneDrive\Documents\PowerShell\Modules\Pester\5.7.1\Pester.psm1:940
at &lt;ScriptBlock&gt;, C:\Users\alexa\OneDrive\Documents\PowerShell\Modules\Pester\5.7.1\Pester.psm1:893
at &lt;ScriptBlock&gt;, C:\Users\alexa\OneDrive\Documents\PowerShell\Modules\Pester\5.7.1\Pester.psm1:2024
at &lt;ScriptBlock&gt;, C:\Users\alexa\OneDrive\Documents\PowerShell\Modules\Pester\5.7.1\Pester.psm1:1985
at Invoke-ScriptBlock, C:\Users\alexa\OneDrive\Documents\PowerShell\Modules\Pester\5.7.1\Pester.psm1:2160
at Invoke-Block, C:\Users\alexa\OneDrive\Documents\PowerShell\Modules\Pester\5.7.1\Pester.psm1:940
at &lt;ScriptBlock&gt;, C:\Users\alexa\OneDrive\Documents\PowerShell\Modules\Pester\5.7.1\Pester.psm1:893
at &lt;ScriptBlock&gt;, C:\Users\alexa\OneDrive\Documents\PowerShell\Modules\Pester\5.7.1\Pester.psm1:2024
at &lt;ScriptBlock&gt;, C:\Users\alexa\OneDrive\Documents\PowerShell\Modules\Pester\5.7.1\Pester.psm1:1985
at Invoke-ScriptBlock, C:\Users\alexa\OneDrive\Documents\PowerShell\Modules\Pester\5.7.1\Pester.psm1:2160
at Invoke-Block, C:\Users\alexa\OneDrive\Documents\PowerShell\Modules\Pester\5.7.1\Pester.psm1:940
at &lt;ScriptBlock&gt;, C:\Users\alexa\OneDrive\Documents\PowerShell\Modules\Pester\5.7.1\Pester.psm1:1688
at &lt;ScriptBlock&gt;, C:\Users\alexa\OneDrive\Documents\PowerShell\Modules\Pester\5.7.1\Pester.ps1:3
at &lt;ScriptBlock&gt;, C:\Users\alexa\OneDrive\Documents\PowerShell\Modules\Pester\5.7.1\Pester.psm1:3260
at Invoke-InNewScriptScope, C:\Users\alexa\OneDrive\Documents\PowerShell\Modules\Pester\5.7.1\Pester.psm1:3267
at Run-Test, C:\Users\alexa\OneDrive\Documents\PowerShell\Modules\Pester\5.7.1\Pester.psm1:1691
at Invoke-Test, C:\Users\alexa\OneDrive\Documents\PowerShell\Modules\Pester\5.7.1\Pester.psm1:2512
at Invoke-Pester&lt;End&gt;, C:\Users\alexa\OneDrive\Documents\PowerShell\Modules\Pester\5.7.1\Pester.psm1:4960
at &lt;ScriptBlock&gt;, &lt;No file&gt;:1</stack-trace>
                    </failure>
                  </test-case>
                </results>
              </test-suite>
              <test-suite type="TestFixture" name="Cleanup-Files Tests.Functionality Tests" executed="True" result="Failure" success="False" time="0.236" asserts="0" description="Cleanup-Files Tests.Functionality Tests">
                <results>
                  <test-case description="should execute without errors" name="Cleanup-Files Tests.Functionality Tests.should execute without errors" time="0.1123" asserts="0" success="False" result="Failure" executed="True">
                    <failure>
                      <message>RuntimeException: Should operator 'Be' is not registered
CmdletInvocationException: Should operator 'Be' is not registered
CommandNotFoundException: The 'Should' command was found in the module 'Pester', but the module could not be loaded due to the following error: [Should operator 'Be' is not registered]
For more information, run 'Import-Module Pester'.</message>
                      <stack-trace>at &lt;ScriptBlock&gt;, $env:PROJECT_ROOT\tests\integration\Cleanup-Files.Tests.ps1:17
at &lt;ScriptBlock&gt;, C:\Users\alexa\OneDrive\Documents\PowerShell\Modules\Pester\5.7.1\Pester.psm1:2024
at &lt;ScriptBlock&gt;, C:\Users\alexa\OneDrive\Documents\PowerShell\Modules\Pester\5.7.1\Pester.psm1:1985
at Invoke-ScriptBlock, C:\Users\alexa\OneDrive\Documents\PowerShell\Modules\Pester\5.7.1\Pester.psm1:2157
at Invoke-TestItem, C:\Users\alexa\OneDrive\Documents\PowerShell\Modules\Pester\5.7.1\Pester.psm1:1199
at Invoke-Block, C:\Users\alexa\OneDrive\Documents\PowerShell\Modules\Pester\5.7.1\Pester.psm1:835
at &lt;ScriptBlock&gt;, C:\Users\alexa\OneDrive\Documents\PowerShell\Modules\Pester\5.7.1\Pester.psm1:893
at &lt;ScriptBlock&gt;, C:\Users\alexa\OneDrive\Documents\PowerShell\Modules\Pester\5.7.1\Pester.psm1:2024
at &lt;ScriptBlock&gt;, C:\Users\alexa\OneDrive\Documents\PowerShell\Modules\Pester\5.7.1\Pester.psm1:1985
at Invoke-ScriptBlock, C:\Users\alexa\OneDrive\Documents\PowerShell\Modules\Pester\5.7.1\Pester.psm1:2160
at Invoke-Block, C:\Users\alexa\OneDrive\Documents\PowerShell\Modules\Pester\5.7.1\Pester.psm1:940
at &lt;ScriptBlock&gt;, C:\Users\alexa\OneDrive\Documents\PowerShell\Modules\Pester\5.7.1\Pester.psm1:893
at &lt;ScriptBlock&gt;, C:\Users\alexa\OneDrive\Documents\PowerShell\Modules\Pester\5.7.1\Pester.psm1:2024
at &lt;ScriptBlock&gt;, C:\Users\alexa\OneDrive\Documents\PowerShell\Modules\Pester\5.7.1\Pester.psm1:1985
at Invoke-ScriptBlock, C:\Users\alexa\OneDrive\Documents\PowerShell\Modules\Pester\5.7.1\Pester.psm1:2160
at Invoke-Block, C:\Users\alexa\OneDrive\Documents\PowerShell\Modules\Pester\5.7.1\Pester.psm1:940
at &lt;ScriptBlock&gt;, C:\Users\alexa\OneDrive\Documents\PowerShell\Modules\Pester\5.7.1\Pester.psm1:893
at &lt;ScriptBlock&gt;, C:\Users\alexa\OneDrive\Documents\PowerShell\Modules\Pester\5.7.1\Pester.psm1:2024
at &lt;ScriptBlock&gt;, C:\Users\alexa\OneDrive\Documents\PowerShell\Modules\Pester\5.7.1\Pester.psm1:1985
at Invoke-ScriptBlock, C:\Users\alexa\OneDrive\Documents\PowerShell\Modules\Pester\5.7.1\Pester.psm1:2160
at Invoke-Block, C:\Users\alexa\OneDrive\Documents\PowerShell\Modules\Pester\5.7.1\Pester.psm1:940
at &lt;ScriptBlock&gt;, C:\Users\alexa\OneDrive\Documents\PowerShell\Modules\Pester\5.7.1\Pester.psm1:1688
at &lt;ScriptBlock&gt;, C:\Users\alexa\OneDrive\Documents\PowerShell\Modules\Pester\5.7.1\Pester.ps1:3
at &lt;ScriptBlock&gt;, C:\Users\alexa\OneDrive\Documents\PowerShell\Modules\Pester\5.7.1\Pester.psm1:3260
at Invoke-InNewScriptScope, C:\Users\alexa\OneDrive\Documents\PowerShell\Modules\Pester\5.7.1\Pester.psm1:3267
at Run-Test, C:\Users\alexa\OneDrive\Documents\PowerShell\Modules\Pester\5.7.1\Pester.psm1:1691
at Invoke-Test, C:\Users\alexa\OneDrive\Documents\PowerShell\Modules\Pester\5.7.1\Pester.psm1:2512
at Invoke-Pester&lt;End&gt;, C:\Users\alexa\OneDrive\Documents\PowerShell\Modules\Pester\5.7.1\Pester.psm1:4960
at &lt;ScriptBlock&gt;, &lt;No file&gt;:1</stack-trace>
                    </failure>
                  </test-case>
                </results>
              </test-suite>
            </results>
          </test-suite>
        </results>
      </test-suite>
      <test-suite type="TestFixture" name="$env:PROJECT_ROOT\tests\integration\Config-DNS.Tests.ps1" executed="True" result="Failure" success="False" time="0.2856" asserts="0" description="$env:PROJECT_ROOT\tests\integration\Config-DNS.Tests.ps1">
        <results>
          <test-suite type="TestFixture" name="Config-DNS Tests" executed="True" result="Failure" success="False" time="0.2514" asserts="0" description="Config-DNS Tests">
            <results>
              <test-suite type="TestFixture" name="Config-DNS Tests.Module Loading" executed="True" result="Failure" success="False" time="0.1181" asserts="0" description="Config-DNS Tests.Module Loading">
                <results>
                  <test-case description="should load required modules" name="Config-DNS Tests.Module Loading.should load required modules" time="0.1155" asserts="0" success="False" result="Failure" executed="True">
                    <failure>
                      <message>RuntimeException: Should operator 'Be' is not registered
CmdletInvocationException: Should operator 'Be' is not registered
CommandNotFoundException: The 'Should' command was found in the module 'Pester', but the module could not be loaded due to the following error: [Should operator 'Be' is not registered]
For more information, run 'Import-Module Pester'.</message>
                      <stack-trace>at &lt;ScriptBlock&gt;, $env:PROJECT_ROOT\tests\integration\Config-DNS.Tests.ps1:10
at &lt;ScriptBlock&gt;, C:\Users\alexa\OneDrive\Documents\PowerShell\Modules\Pester\5.7.1\Pester.psm1:2024
at &lt;ScriptBlock&gt;, C:\Users\alexa\OneDrive\Documents\PowerShell\Modules\Pester\5.7.1\Pester.psm1:1985
at Invoke-ScriptBlock, C:\Users\alexa\OneDrive\Documents\PowerShell\Modules\Pester\5.7.1\Pester.psm1:2157
at Invoke-TestItem, C:\Users\alexa\OneDrive\Documents\PowerShell\Modules\Pester\5.7.1\Pester.psm1:1199
at Invoke-Block, C:\Users\alexa\OneDrive\Documents\PowerShell\Modules\Pester\5.7.1\Pester.psm1:835
at &lt;ScriptBlock&gt;, C:\Users\alexa\OneDrive\Documents\PowerShell\Modules\Pester\5.7.1\Pester.psm1:893
at &lt;ScriptBlock&gt;, C:\Users\alexa\OneDrive\Documents\PowerShell\Modules\Pester\5.7.1\Pester.psm1:2024
at &lt;ScriptBlock&gt;, C:\Users\alexa\OneDrive\Documents\PowerShell\Modules\Pester\5.7.1\Pester.psm1:1985
at Invoke-ScriptBlock, C:\Users\alexa\OneDrive\Documents\PowerShell\Modules\Pester\5.7.1\Pester.psm1:2160
at Invoke-Block, C:\Users\alexa\OneDrive\Documents\PowerShell\Modules\Pester\5.7.1\Pester.psm1:940
at &lt;ScriptBlock&gt;, C:\Users\alexa\OneDrive\Documents\PowerShell\Modules\Pester\5.7.1\Pester.psm1:893
at &lt;ScriptBlock&gt;, C:\Users\alexa\OneDrive\Documents\PowerShell\Modules\Pester\5.7.1\Pester.psm1:2024
at &lt;ScriptBlock&gt;, C:\Users\alexa\OneDrive\Documents\PowerShell\Modules\Pester\5.7.1\Pester.psm1:1985
at Invoke-ScriptBlock, C:\Users\alexa\OneDrive\Documents\PowerShell\Modules\Pester\5.7.1\Pester.psm1:2160
at Invoke-Block, C:\Users\alexa\OneDrive\Documents\PowerShell\Modules\Pester\5.7.1\Pester.psm1:940
at &lt;ScriptBlock&gt;, C:\Users\alexa\OneDrive\Documents\PowerShell\Modules\Pester\5.7.1\Pester.psm1:893
at &lt;ScriptBlock&gt;, C:\Users\alexa\OneDrive\Documents\PowerShell\Modules\Pester\5.7.1\Pester.psm1:2024
at &lt;ScriptBlock&gt;, C:\Users\alexa\OneDrive\Documents\PowerShell\Modules\Pester\5.7.1\Pester.psm1:1985
at Invoke-ScriptBlock, C:\Users\alexa\OneDrive\Documents\PowerShell\Modules\Pester\5.7.1\Pester.psm1:2160
at Invoke-Block, C:\Users\alexa\OneDrive\Documents\PowerShell\Modules\Pester\5.7.1\Pester.psm1:940
at &lt;ScriptBlock&gt;, C:\Users\alexa\OneDrive\Documents\PowerShell\Modules\Pester\5.7.1\Pester.psm1:1688
at &lt;ScriptBlock&gt;, C:\Users\alexa\OneDrive\Documents\PowerShell\Modules\Pester\5.7.1\Pester.ps1:3
at &lt;ScriptBlock&gt;, C:\Users\alexa\OneDrive\Documents\PowerShell\Modules\Pester\5.7.1\Pester.psm1:3260
at Invoke-InNewScriptScope, C:\Users\alexa\OneDrive\Documents\PowerShell\Modules\Pester\5.7.1\Pester.psm1:3267
at Run-Test, C:\Users\alexa\OneDrive\Documents\PowerShell\Modules\Pester\5.7.1\Pester.psm1:1691
at Invoke-Test, C:\Users\alexa\OneDrive\Documents\PowerShell\Modules\Pester\5.7.1\Pester.psm1:2512
at Invoke-Pester&lt;End&gt;, C:\Users\alexa\OneDrive\Documents\PowerShell\Modules\Pester\5.7.1\Pester.psm1:4960
at &lt;ScriptBlock&gt;, &lt;No file&gt;:1</stack-trace>
                    </failure>
                  </test-case>
                </results>
              </test-suite>
              <test-suite type="TestFixture" name="Config-DNS Tests.Functionality Tests" executed="True" result="Failure" success="False" time="0.2381" asserts="0" description="Config-DNS Tests.Functionality Tests">
                <results>
                  <test-case description="should execute without errors" name="Config-DNS Tests.Functionality Tests.should execute without errors" time="0.1174" asserts="0" success="False" result="Failure" executed="True">
                    <failure>
                      <message>RuntimeException: Should operator 'Be' is not registered
CmdletInvocationException: Should operator 'Be' is not registered
CommandNotFoundException: The 'Should' command was found in the module 'Pester', but the module could not be loaded due to the following error: [Should operator 'Be' is not registered]
For more information, run 'Import-Module Pester'.</message>
                      <stack-trace>at &lt;ScriptBlock&gt;, $env:PROJECT_ROOT\tests\integration\Config-DNS.Tests.ps1:17
at &lt;ScriptBlock&gt;, C:\Users\alexa\OneDrive\Documents\PowerShell\Modules\Pester\5.7.1\Pester.psm1:2024
at &lt;ScriptBlock&gt;, C:\Users\alexa\OneDrive\Documents\PowerShell\Modules\Pester\5.7.1\Pester.psm1:1985
at Invoke-ScriptBlock, C:\Users\alexa\OneDrive\Documents\PowerShell\Modules\Pester\5.7.1\Pester.psm1:2157
at Invoke-TestItem, C:\Users\alexa\OneDrive\Documents\PowerShell\Modules\Pester\5.7.1\Pester.psm1:1199
at Invoke-Block, C:\Users\alexa\OneDrive\Documents\PowerShell\Modules\Pester\5.7.1\Pester.psm1:835
at &lt;ScriptBlock&gt;, C:\Users\alexa\OneDrive\Documents\PowerShell\Modules\Pester\5.7.1\Pester.psm1:893
at &lt;ScriptBlock&gt;, C:\Users\alexa\OneDrive\Documents\PowerShell\Modules\Pester\5.7.1\Pester.psm1:2024
at &lt;ScriptBlock&gt;, C:\Users\alexa\OneDrive\Documents\PowerShell\Modules\Pester\5.7.1\Pester.psm1:1985
at Invoke-ScriptBlock, C:\Users\alexa\OneDrive\Documents\PowerShell\Modules\Pester\5.7.1\Pester.psm1:2160
at Invoke-Block, C:\Users\alexa\OneDrive\Documents\PowerShell\Modules\Pester\5.7.1\Pester.psm1:940
at &lt;ScriptBlock&gt;, C:\Users\alexa\OneDrive\Documents\PowerShell\Modules\Pester\5.7.1\Pester.psm1:893
at &lt;ScriptBlock&gt;, C:\Users\alexa\OneDrive\Documents\PowerShell\Modules\Pester\5.7.1\Pester.psm1:2024
at &lt;ScriptBlock&gt;, C:\Users\alexa\OneDrive\Documents\PowerShell\Modules\Pester\5.7.1\Pester.psm1:1985
at Invoke-ScriptBlock, C:\Users\alexa\OneDrive\Documents\PowerShell\Modules\Pester\5.7.1\Pester.psm1:2160
at Invoke-Block, C:\Users\alexa\OneDrive\Documents\PowerShell\Modules\Pester\5.7.1\Pester.psm1:940
at &lt;ScriptBlock&gt;, C:\Users\alexa\OneDrive\Documents\PowerShell\Modules\Pester\5.7.1\Pester.psm1:893
at &lt;ScriptBlock&gt;, C:\Users\alexa\OneDrive\Documents\PowerShell\Modules\Pester\5.7.1\Pester.psm1:2024
at &lt;ScriptBlock&gt;, C:\Users\alexa\OneDrive\Documents\PowerShell\Modules\Pester\5.7.1\Pester.psm1:1985
at Invoke-ScriptBlock, C:\Users\alexa\OneDrive\Documents\PowerShell\Modules\Pester\5.7.1\Pester.psm1:2160
at Invoke-Block, C:\Users\alexa\OneDrive\Documents\PowerShell\Modules\Pester\5.7.1\Pester.psm1:940
at &lt;ScriptBlock&gt;, C:\Users\alexa\OneDrive\Documents\PowerShell\Modules\Pester\5.7.1\Pester.psm1:1688
at &lt;ScriptBlock&gt;, C:\Users\alexa\OneDrive\Documents\PowerShell\Modules\Pester\5.7.1\Pester.ps1:3
at &lt;ScriptBlock&gt;, C:\Users\alexa\OneDrive\Documents\PowerShell\Modules\Pester\5.7.1\Pester.psm1:3260
at Invoke-InNewScriptScope, C:\Users\alexa\OneDrive\Documents\PowerShell\Modules\Pester\5.7.1\Pester.psm1:3267
at Run-Test, C:\Users\alexa\OneDrive\Documents\PowerShell\Modules\Pester\5.7.1\Pester.psm1:1691
at Invoke-Test, C:\Users\alexa\OneDrive\Documents\PowerShell\Modules\Pester\5.7.1\Pester.psm1:2512
at Invoke-Pester&lt;End&gt;, C:\Users\alexa\OneDrive\Documents\PowerShell\Modules\Pester\5.7.1\Pester.psm1:4960
at &lt;ScriptBlock&gt;, &lt;No file&gt;:1</stack-trace>
                    </failure>
                  </test-case>
                </results>
              </test-suite>
            </results>
          </test-suite>
        </results>
      </test-suite>
      <test-suite type="TestFixture" name="$env:PROJECT_ROOT\tests\integration\CoreApp.Tests.ps1" executed="True" result="Failure" success="False" time="0.0955" asserts="0" description="$env:PROJECT_ROOT\tests\integration\CoreApp.Tests.ps1">
        <results>
          <test-suite type="TestFixture" name="CoreApp Module Tests" executed="True" result="Failure" success="False" time="0" asserts="0" description="CoreApp Module Tests">
            <results>
              <test-suite type="TestFixture" name="CoreApp Module Tests.Module Structure Validation" executed="True" result="Failure" success="False" time="0" asserts="0" description="CoreApp Module Tests.Module Structure Validation">
                <results>
                  <test-case description="should have valid module manifest" name="CoreApp Module Tests.Module Structure Validation.should have valid module manifest" time="0" asserts="0" success="False" result="Failure" executed="True">
                    <failure>
                      <message>This test should run but it did not. Most likely a setup in some parent block failed.</message>
                      <stack-trace />
                    </failure>
                  </test-case>
                  <test-case description="should have module implementation file" name="CoreApp Module Tests.Module Structure Validation.should have module implementation file" time="0" asserts="0" success="False" result="Failure" executed="True">
                    <failure>
                      <message>This test should run but it did not. Most likely a setup in some parent block failed.</message>
                      <stack-trace />
                    </failure>
                  </test-case>
                  <test-case description="should have default configuration file" name="CoreApp Module Tests.Module Structure Validation.should have default configuration file" time="0" asserts="0" success="False" result="Failure" executed="True">
                    <failure>
                      <message>This test should run but it did not. Most likely a setup in some parent block failed.</message>
                      <stack-trace />
                    </failure>
                  </test-case>
                  <test-case description="should have scripts directory with core scripts" name="CoreApp Module Tests.Module Structure Validation.should have scripts directory with core scripts" time="0" asserts="0" success="False" result="Failure" executed="True">
                    <failure>
                      <message>This test should run but it did not. Most likely a setup in some parent block failed.</message>
                      <stack-trace />
                    </failure>
                  </test-case>
                </results>
              </test-suite>
              <test-suite type="TestFixture" name="CoreApp Module Tests.Module Import and Loading" executed="True" result="Failure" success="False" time="0" asserts="0" description="CoreApp Module Tests.Module Import and Loading">
                <results>
                  <test-case description="should import CoreApp module successfully" name="CoreApp Module Tests.Module Import and Loading.should import CoreApp module successfully" time="0" asserts="0" success="False" result="Failure" executed="True">
                    <failure>
                      <message>This test should run but it did not. Most likely a setup in some parent block failed.</message>
                      <stack-trace />
                    </failure>
                  </test-case>
                  <test-case description="should export Invoke-CoreApplication function" name="CoreApp Module Tests.Module Import and Loading.should export Invoke-CoreApplication function" time="0" asserts="0" success="False" result="Failure" executed="True">
                    <failure>
                      <message>This test should run but it did not. Most likely a setup in some parent block failed.</message>
                      <stack-trace />
                    </failure>
                  </test-case>
                  <test-case description="should have proper environment variable support" name="CoreApp Module Tests.Module Import and Loading.should have proper environment variable support" time="0" asserts="0" success="False" result="Failure" executed="True">
                    <failure>
                      <message>This test should run but it did not. Most likely a setup in some parent block failed.</message>
                      <stack-trace />
                    </failure>
                  </test-case>
                </results>
              </test-suite>
            </results>
          </test-suite>
          <test-suite type="TestFixture" name="Core Application Scripts Tests" executed="True" result="Failure" success="False" time="0" asserts="0" description="Core Application Scripts Tests">
            <results>
              <test-suite type="TestFixture" name="Core Application Scripts Tests.Script Syntax and Structure Validation" executed="True" result="Failure" success="False" time="0" asserts="0" description="Core Application Scripts Tests.Script Syntax and Structure Validation">
                <results>
                  <test-case description="should have valid PowerShell syntax for all core scripts" name="Core Application Scripts Tests.Script Syntax and Structure Validation.should have valid PowerShell syntax for all core scripts" time="0" asserts="0" success="False" result="Failure" executed="True">
                    <failure>
                      <message>This test should run but it did not. Most likely a setup in some parent block failed.</message>
                      <stack-trace />
                    </failure>
                  </test-case>
                  <test-case description="should follow PowerShell 7.0+ requirements" name="Core Application Scripts Tests.Script Syntax and Structure Validation.should follow PowerShell 7.0+ requirements" time="0" asserts="0" success="False" result="Failure" executed="True">
                    <failure>
                      <message>This test should run but it did not. Most likely a setup in some parent block failed.</message>
                      <stack-trace />
                    </failure>
                  </test-case>
                  <test-case description="should use proper error handling patterns" name="Core Application Scripts Tests.Script Syntax and Structure Validation.should use proper error handling patterns" time="0" asserts="0" success="False" result="Failure" executed="True">
                    <failure>
                      <message>This test should run but it did not. Most likely a setup in some parent block failed.</message>
                      <stack-trace />
                    </failure>
                  </test-case>
                </results>
              </test-suite>
              <test-suite type="TestFixture" name="Core Application Scripts Tests.Script Content Analysis" executed="True" result="Failure" success="False" time="0" asserts="0" description="Core Application Scripts Tests.Script Content Analysis">
                <results>
                  <test-case description="should define expected functions in numbered scripts" name="Core Application Scripts Tests.Script Content Analysis.should define expected functions in numbered scripts" time="0" asserts="0" success="False" result="Failure" executed="True">
                    <failure>
                      <message>This test should run but it did not. Most likely a setup in some parent block failed.</message>
                      <stack-trace />
                    </failure>
                  </test-case>
                  <test-case description="should have main execution logic" name="Core Application Scripts Tests.Script Content Analysis.should have main execution logic" time="0" asserts="0" success="False" result="Failure" executed="True">
                    <failure>
                      <message>This test should run but it did not. Most likely a setup in some parent block failed.</message>
                      <stack-trace />
                    </failure>
                  </test-case>
                  <test-case description="should use standardized logging" name="Core Application Scripts Tests.Script Content Analysis.should use standardized logging" time="0" asserts="0" success="False" result="Failure" executed="True">
                    <failure>
                      <message>This test should run but it did not. Most likely a setup in some parent block failed.</message>
                      <stack-trace />
                    </failure>
                  </test-case>
                </results>
              </test-suite>
            </results>
          </test-suite>
          <test-suite type="TestFixture" name="Core Application Cross-Platform Tests" executed="True" result="Failure" success="False" time="0" asserts="0" description="Core Application Cross-Platform Tests">
            <results>
              <test-suite type="TestFixture" name="Core Application Cross-Platform Tests.Platform Compatibility" executed="True" result="Failure" success="False" time="0" asserts="0" description="Core Application Cross-Platform Tests.Platform Compatibility">
                <results>
                  <test-case description="should work on current platform" name="Core Application Cross-Platform Tests.Platform Compatibility.should work on current platform" time="0" asserts="0" success="False" result="Failure" executed="True">
                    <failure>
                      <message>This test should run but it did not. Most likely a setup in some parent block failed.</message>
                      <stack-trace />
                    </failure>
                  </test-case>
                  <test-case description="should handle platform-specific scripts appropriately" name="Core Application Cross-Platform Tests.Platform Compatibility.should handle platform-specific scripts appropriately" time="0" asserts="0" success="False" result="Failure" executed="True">
                    <failure>
                      <message>This test should run but it did not. Most likely a setup in some parent block failed.</message>
                      <stack-trace />
                    </failure>
                  </test-case>
                  <test-case description="should use cross-platform paths" name="Core Application Cross-Platform Tests.Platform Compatibility.should use cross-platform paths" time="0" asserts="0" success="False" result="Failure" executed="True">
                    <failure>
                      <message>This test should run but it did not. Most likely a setup in some parent block failed.</message>
                      <stack-trace />
                    </failure>
                  </test-case>
                </results>
              </test-suite>
            </results>
          </test-suite>
          <test-suite type="TestFixture" name="Automated Test Generation and Validation" executed="True" result="Failure" success="False" time="0" asserts="0" description="Automated Test Generation and Validation">
            <results>
              <test-suite type="TestFixture" name="Automated Test Generation and Validation.Continuous Test Coverage" executed="True" result="Failure" success="False" time="0" asserts="0" description="Automated Test Generation and Validation.Continuous Test Coverage">
                <results>
                  <test-case description="should have tests for all core scripts" name="Automated Test Generation and Validation.Continuous Test Coverage.should have tests for all core scripts" time="0" asserts="0" success="False" result="Failure" executed="True">
                    <failure>
                      <message>This test should run but it did not. Most likely a setup in some parent block failed.</message>
                      <stack-trace />
                    </failure>
                  </test-case>
                  <test-case description="should validate test completeness" name="Automated Test Generation and Validation.Continuous Test Coverage.should validate test completeness" time="0" asserts="0" success="False" result="Failure" executed="True">
                    <failure>
                      <message>This test should run but it did not. Most likely a setup in some parent block failed.</message>
                      <stack-trace />
                    </failure>
                  </test-case>
                  <test-case description="should enforce PatchManager usage for changes" name="Automated Test Generation and Validation.Continuous Test Coverage.should enforce PatchManager usage for changes" time="0" asserts="0" success="False" result="Failure" executed="True">
                    <failure>
                      <message>This test should run but it did not. Most likely a setup in some parent block failed.</message>
                      <stack-trace />
                    </failure>
                  </test-case>
                </results>
              </test-suite>
              <test-suite type="TestFixture" name="Automated Test Generation and Validation.Test Result Analysis" executed="True" result="Failure" success="False" time="0" asserts="0" description="Automated Test Generation and Validation.Test Result Analysis">
                <results>
                  <test-case description="should generate comprehensive test reports" name="Automated Test Generation and Validation.Test Result Analysis.should generate comprehensive test reports" time="0" asserts="0" success="False" result="Failure" executed="True">
                    <failure>
                      <message>This test should run but it did not. Most likely a setup in some parent block failed.</message>
                      <stack-trace />
                    </failure>
                  </test-case>
                  <test-case description="should validate against test quality metrics" name="Automated Test Generation and Validation.Test Result Analysis.should validate against test quality metrics" time="0" asserts="0" success="False" result="Failure" executed="True">
                    <failure>
                      <message>This test should run but it did not. Most likely a setup in some parent block failed.</message>
                      <stack-trace />
                    </failure>
                  </test-case>
                </results>
              </test-suite>
            </results>
          </test-suite>
        </results>
      </test-suite>
      <test-suite type="TestFixture" name="$env:PROJECT_ROOT\tests\integration\Download-Archive.Tests.ps1" executed="True" result="Failure" success="False" time="0.2835" asserts="0" description="$env:PROJECT_ROOT\tests\integration\Download-Archive.Tests.ps1">
        <results>
          <test-suite type="TestFixture" name="Download-Archive Tests" executed="True" result="Failure" success="False" time="0.2475" asserts="0" description="Download-Archive Tests">
            <results>
              <test-suite type="TestFixture" name="Download-Archive Tests.Module Loading" executed="True" result="Failure" success="False" time="0.1125" asserts="0" description="Download-Archive Tests.Module Loading">
                <results>
                  <test-case description="should load required modules" name="Download-Archive Tests.Module Loading.should load required modules" time="0.1099" asserts="0" success="False" result="Failure" executed="True">
                    <failure>
                      <message>RuntimeException: Should operator 'Be' is not registered
CmdletInvocationException: Should operator 'Be' is not registered
CommandNotFoundException: The 'Should' command was found in the module 'Pester', but the module could not be loaded due to the following error: [Should operator 'Be' is not registered]
For more information, run 'Import-Module Pester'.</message>
                      <stack-trace>at &lt;ScriptBlock&gt;, $env:PROJECT_ROOT\tests\integration\Download-Archive.Tests.ps1:10
at &lt;ScriptBlock&gt;, C:\Users\alexa\OneDrive\Documents\PowerShell\Modules\Pester\5.7.1\Pester.psm1:2024
at &lt;ScriptBlock&gt;, C:\Users\alexa\OneDrive\Documents\PowerShell\Modules\Pester\5.7.1\Pester.psm1:1985
at Invoke-ScriptBlock, C:\Users\alexa\OneDrive\Documents\PowerShell\Modules\Pester\5.7.1\Pester.psm1:2157
at Invoke-TestItem, C:\Users\alexa\OneDrive\Documents\PowerShell\Modules\Pester\5.7.1\Pester.psm1:1199
at Invoke-Block, C:\Users\alexa\OneDrive\Documents\PowerShell\Modules\Pester\5.7.1\Pester.psm1:835
at &lt;ScriptBlock&gt;, C:\Users\alexa\OneDrive\Documents\PowerShell\Modules\Pester\5.7.1\Pester.psm1:893
at &lt;ScriptBlock&gt;, C:\Users\alexa\OneDrive\Documents\PowerShell\Modules\Pester\5.7.1\Pester.psm1:2024
at &lt;ScriptBlock&gt;, C:\Users\alexa\OneDrive\Documents\PowerShell\Modules\Pester\5.7.1\Pester.psm1:1985
at Invoke-ScriptBlock, C:\Users\alexa\OneDrive\Documents\PowerShell\Modules\Pester\5.7.1\Pester.psm1:2160
at Invoke-Block, C:\Users\alexa\OneDrive\Documents\PowerShell\Modules\Pester\5.7.1\Pester.psm1:940
at &lt;ScriptBlock&gt;, C:\Users\alexa\OneDrive\Documents\PowerShell\Modules\Pester\5.7.1\Pester.psm1:893
at &lt;ScriptBlock&gt;, C:\Users\alexa\OneDrive\Documents\PowerShell\Modules\Pester\5.7.1\Pester.psm1:2024
at &lt;ScriptBlock&gt;, C:\Users\alexa\OneDrive\Documents\PowerShell\Modules\Pester\5.7.1\Pester.psm1:1985
at Invoke-ScriptBlock, C:\Users\alexa\OneDrive\Documents\PowerShell\Modules\Pester\5.7.1\Pester.psm1:2160
at Invoke-Block, C:\Users\alexa\OneDrive\Documents\PowerShell\Modules\Pester\5.7.1\Pester.psm1:940
at &lt;ScriptBlock&gt;, C:\Users\alexa\OneDrive\Documents\PowerShell\Modules\Pester\5.7.1\Pester.psm1:893
at &lt;ScriptBlock&gt;, C:\Users\alexa\OneDrive\Documents\PowerShell\Modules\Pester\5.7.1\Pester.psm1:2024
at &lt;ScriptBlock&gt;, C:\Users\alexa\OneDrive\Documents\PowerShell\Modules\Pester\5.7.1\Pester.psm1:1985
at Invoke-ScriptBlock, C:\Users\alexa\OneDrive\Documents\PowerShell\Modules\Pester\5.7.1\Pester.psm1:2160
at Invoke-Block, C:\Users\alexa\OneDrive\Documents\PowerShell\Modules\Pester\5.7.1\Pester.psm1:940
at &lt;ScriptBlock&gt;, C:\Users\alexa\OneDrive\Documents\PowerShell\Modules\Pester\5.7.1\Pester.psm1:1688
at &lt;ScriptBlock&gt;, C:\Users\alexa\OneDrive\Documents\PowerShell\Modules\Pester\5.7.1\Pester.ps1:3
at &lt;ScriptBlock&gt;, C:\Users\alexa\OneDrive\Documents\PowerShell\Modules\Pester\5.7.1\Pester.psm1:3260
at Invoke-InNewScriptScope, C:\Users\alexa\OneDrive\Documents\PowerShell\Modules\Pester\5.7.1\Pester.psm1:3267
at Run-Test, C:\Users\alexa\OneDrive\Documents\PowerShell\Modules\Pester\5.7.1\Pester.psm1:1691
at Invoke-Test, C:\Users\alexa\OneDrive\Documents\PowerShell\Modules\Pester\5.7.1\Pester.psm1:2512
at Invoke-Pester&lt;End&gt;, C:\Users\alexa\OneDrive\Documents\PowerShell\Modules\Pester\5.7.1\Pester.psm1:4960
at &lt;ScriptBlock&gt;, &lt;No file&gt;:1</stack-trace>
                    </failure>
                  </test-case>
                </results>
              </test-suite>
              <test-suite type="TestFixture" name="Download-Archive Tests.Functionality Tests" executed="True" result="Failure" success="False" time="0.231" asserts="0" description="Download-Archive Tests.Functionality Tests">
                <results>
                  <test-case description="should execute without errors" name="Download-Archive Tests.Functionality Tests.should execute without errors" time="0.1162" asserts="0" success="False" result="Failure" executed="True">
                    <failure>
                      <message>RuntimeException: Should operator 'Be' is not registered
CmdletInvocationException: Should operator 'Be' is not registered
CommandNotFoundException: The 'Should' command was found in the module 'Pester', but the module could not be loaded due to the following error: [Should operator 'Be' is not registered]
For more information, run 'Import-Module Pester'.</message>
                      <stack-trace>at &lt;ScriptBlock&gt;, $env:PROJECT_ROOT\tests\integration\Download-Archive.Tests.ps1:17
at &lt;ScriptBlock&gt;, C:\Users\alexa\OneDrive\Documents\PowerShell\Modules\Pester\5.7.1\Pester.psm1:2024
at &lt;ScriptBlock&gt;, C:\Users\alexa\OneDrive\Documents\PowerShell\Modules\Pester\5.7.1\Pester.psm1:1985
at Invoke-ScriptBlock, C:\Users\alexa\OneDrive\Documents\PowerShell\Modules\Pester\5.7.1\Pester.psm1:2157
at Invoke-TestItem, C:\Users\alexa\OneDrive\Documents\PowerShell\Modules\Pester\5.7.1\Pester.psm1:1199
at Invoke-Block, C:\Users\alexa\OneDrive\Documents\PowerShell\Modules\Pester\5.7.1\Pester.psm1:835
at &lt;ScriptBlock&gt;, C:\Users\alexa\OneDrive\Documents\PowerShell\Modules\Pester\5.7.1\Pester.psm1:893
at &lt;ScriptBlock&gt;, C:\Users\alexa\OneDrive\Documents\PowerShell\Modules\Pester\5.7.1\Pester.psm1:2024
at &lt;ScriptBlock&gt;, C:\Users\alexa\OneDrive\Documents\PowerShell\Modules\Pester\5.7.1\Pester.psm1:1985
at Invoke-ScriptBlock, C:\Users\alexa\OneDrive\Documents\PowerShell\Modules\Pester\5.7.1\Pester.psm1:2160
at Invoke-Block, C:\Users\alexa\OneDrive\Documents\PowerShell\Modules\Pester\5.7.1\Pester.psm1:940
at &lt;ScriptBlock&gt;, C:\Users\alexa\OneDrive\Documents\PowerShell\Modules\Pester\5.7.1\Pester.psm1:893
at &lt;ScriptBlock&gt;, C:\Users\alexa\OneDrive\Documents\PowerShell\Modules\Pester\5.7.1\Pester.psm1:2024
at &lt;ScriptBlock&gt;, C:\Users\alexa\OneDrive\Documents\PowerShell\Modules\Pester\5.7.1\Pester.psm1:1985
at Invoke-ScriptBlock, C:\Users\alexa\OneDrive\Documents\PowerShell\Modules\Pester\5.7.1\Pester.psm1:2160
at Invoke-Block, C:\Users\alexa\OneDrive\Documents\PowerShell\Modules\Pester\5.7.1\Pester.psm1:940
at &lt;ScriptBlock&gt;, C:\Users\alexa\OneDrive\Documents\PowerShell\Modules\Pester\5.7.1\Pester.psm1:893
at &lt;ScriptBlock&gt;, C:\Users\alexa\OneDrive\Documents\PowerShell\Modules\Pester\5.7.1\Pester.psm1:2024
at &lt;ScriptBlock&gt;, C:\Users\alexa\OneDrive\Documents\PowerShell\Modules\Pester\5.7.1\Pester.psm1:1985
at Invoke-ScriptBlock, C:\Users\alexa\OneDrive\Documents\PowerShell\Modules\Pester\5.7.1\Pester.psm1:2160
at Invoke-Block, C:\Users\alexa\OneDrive\Documents\PowerShell\Modules\Pester\5.7.1\Pester.psm1:940
at &lt;ScriptBlock&gt;, C:\Users\alexa\OneDrive\Documents\PowerShell\Modules\Pester\5.7.1\Pester.psm1:1688
at &lt;ScriptBlock&gt;, C:\Users\alexa\OneDrive\Documents\PowerShell\Modules\Pester\5.7.1\Pester.ps1:3
at &lt;ScriptBlock&gt;, C:\Users\alexa\OneDrive\Documents\PowerShell\Modules\Pester\5.7.1\Pester.psm1:3260
at Invoke-InNewScriptScope, C:\Users\alexa\OneDrive\Documents\PowerShell\Modules\Pester\5.7.1\Pester.psm1:3267
at Run-Test, C:\Users\alexa\OneDrive\Documents\PowerShell\Modules\Pester\5.7.1\Pester.psm1:1691
at Invoke-Test, C:\Users\alexa\OneDrive\Documents\PowerShell\Modules\Pester\5.7.1\Pester.psm1:2512
at Invoke-Pester&lt;End&gt;, C:\Users\alexa\OneDrive\Documents\PowerShell\Modules\Pester\5.7.1\Pester.psm1:4960
at &lt;ScriptBlock&gt;, &lt;No file&gt;:1</stack-trace>
                    </failure>
                  </test-case>
                </results>
              </test-suite>
            </results>
          </test-suite>
        </results>
      </test-suite>
      <test-suite type="TestFixture" name="$env:PROJECT_ROOT\tests\integration\EscapePathArgument.Tests.ps1" executed="True" result="Failure" success="False" time="0.2845" asserts="0" description="$env:PROJECT_ROOT\tests\integration\EscapePathArgument.Tests.ps1">
        <results>
          <test-suite type="TestFixture" name="EscapePathArgument Tests" executed="True" result="Failure" success="False" time="0.2483" asserts="0" description="EscapePathArgument Tests">
            <results>
              <test-suite type="TestFixture" name="EscapePathArgument Tests.Module Loading" executed="True" result="Failure" success="False" time="0.1119" asserts="0" description="EscapePathArgument Tests.Module Loading">
                <results>
                  <test-case description="should load required modules" name="EscapePathArgument Tests.Module Loading.should load required modules" time="0.1093" asserts="0" success="False" result="Failure" executed="True">
                    <failure>
                      <message>RuntimeException: Should operator 'Be' is not registered
CmdletInvocationException: Should operator 'Be' is not registered
CommandNotFoundException: The 'Should' command was found in the module 'Pester', but the module could not be loaded due to the following error: [Should operator 'Be' is not registered]
For more information, run 'Import-Module Pester'.</message>
                      <stack-trace>at &lt;ScriptBlock&gt;, $env:PROJECT_ROOT\tests\integration\EscapePathArgument.Tests.ps1:10
at &lt;ScriptBlock&gt;, C:\Users\alexa\OneDrive\Documents\PowerShell\Modules\Pester\5.7.1\Pester.psm1:2024
at &lt;ScriptBlock&gt;, C:\Users\alexa\OneDrive\Documents\PowerShell\Modules\Pester\5.7.1\Pester.psm1:1985
at Invoke-ScriptBlock, C:\Users\alexa\OneDrive\Documents\PowerShell\Modules\Pester\5.7.1\Pester.psm1:2157
at Invoke-TestItem, C:\Users\alexa\OneDrive\Documents\PowerShell\Modules\Pester\5.7.1\Pester.psm1:1199
at Invoke-Block, C:\Users\alexa\OneDrive\Documents\PowerShell\Modules\Pester\5.7.1\Pester.psm1:835
at &lt;ScriptBlock&gt;, C:\Users\alexa\OneDrive\Documents\PowerShell\Modules\Pester\5.7.1\Pester.psm1:893
at &lt;ScriptBlock&gt;, C:\Users\alexa\OneDrive\Documents\PowerShell\Modules\Pester\5.7.1\Pester.psm1:2024
at &lt;ScriptBlock&gt;, C:\Users\alexa\OneDrive\Documents\PowerShell\Modules\Pester\5.7.1\Pester.psm1:1985
at Invoke-ScriptBlock, C:\Users\alexa\OneDrive\Documents\PowerShell\Modules\Pester\5.7.1\Pester.psm1:2160
at Invoke-Block, C:\Users\alexa\OneDrive\Documents\PowerShell\Modules\Pester\5.7.1\Pester.psm1:940
at &lt;ScriptBlock&gt;, C:\Users\alexa\OneDrive\Documents\PowerShell\Modules\Pester\5.7.1\Pester.psm1:893
at &lt;ScriptBlock&gt;, C:\Users\alexa\OneDrive\Documents\PowerShell\Modules\Pester\5.7.1\Pester.psm1:2024
at &lt;ScriptBlock&gt;, C:\Users\alexa\OneDrive\Documents\PowerShell\Modules\Pester\5.7.1\Pester.psm1:1985
at Invoke-ScriptBlock, C:\Users\alexa\OneDrive\Documents\PowerShell\Modules\Pester\5.7.1\Pester.psm1:2160
at Invoke-Block, C:\Users\alexa\OneDrive\Documents\PowerShell\Modules\Pester\5.7.1\Pester.psm1:940
at &lt;ScriptBlock&gt;, C:\Users\alexa\OneDrive\Documents\PowerShell\Modules\Pester\5.7.1\Pester.psm1:893
at &lt;ScriptBlock&gt;, C:\Users\alexa\OneDrive\Documents\PowerShell\Modules\Pester\5.7.1\Pester.psm1:2024
at &lt;ScriptBlock&gt;, C:\Users\alexa\OneDrive\Documents\PowerShell\Modules\Pester\5.7.1\Pester.psm1:1985
at Invoke-ScriptBlock, C:\Users\alexa\OneDrive\Documents\PowerShell\Modules\Pester\5.7.1\Pester.psm1:2160
at Invoke-Block, C:\Users\alexa\OneDrive\Documents\PowerShell\Modules\Pester\5.7.1\Pester.psm1:940
at &lt;ScriptBlock&gt;, C:\Users\alexa\OneDrive\Documents\PowerShell\Modules\Pester\5.7.1\Pester.psm1:1688
at &lt;ScriptBlock&gt;, C:\Users\alexa\OneDrive\Documents\PowerShell\Modules\Pester\5.7.1\Pester.ps1:3
at &lt;ScriptBlock&gt;, C:\Users\alexa\OneDrive\Documents\PowerShell\Modules\Pester\5.7.1\Pester.psm1:3260
at Invoke-InNewScriptScope, C:\Users\alexa\OneDrive\Documents\PowerShell\Modules\Pester\5.7.1\Pester.psm1:3267
at Run-Test, C:\Users\alexa\OneDrive\Documents\PowerShell\Modules\Pester\5.7.1\Pester.psm1:1691
at Invoke-Test, C:\Users\alexa\OneDrive\Documents\PowerShell\Modules\Pester\5.7.1\Pester.psm1:2512
at Invoke-Pester&lt;End&gt;, C:\Users\alexa\OneDrive\Documents\PowerShell\Modules\Pester\5.7.1\Pester.psm1:4960
at &lt;ScriptBlock&gt;, &lt;No file&gt;:1</stack-trace>
                    </failure>
                  </test-case>
                </results>
              </test-suite>
              <test-suite type="TestFixture" name="EscapePathArgument Tests.Functionality Tests" executed="True" result="Failure" success="False" time="0.2296" asserts="0" description="EscapePathArgument Tests.Functionality Tests">
                <results>
                  <test-case description="should execute without errors" name="EscapePathArgument Tests.Functionality Tests.should execute without errors" time="0.1152" asserts="0" success="False" result="Failure" executed="True">
                    <failure>
                      <message>RuntimeException: Should operator 'Be' is not registered
CmdletInvocationException: Should operator 'Be' is not registered
CommandNotFoundException: The 'Should' command was found in the module 'Pester', but the module could not be loaded due to the following error: [Should operator 'Be' is not registered]
For more information, run 'Import-Module Pester'.</message>
                      <stack-trace>at &lt;ScriptBlock&gt;, $env:PROJECT_ROOT\tests\integration\EscapePathArgument.Tests.ps1:17
at &lt;ScriptBlock&gt;, C:\Users\alexa\OneDrive\Documents\PowerShell\Modules\Pester\5.7.1\Pester.psm1:2024
at &lt;ScriptBlock&gt;, C:\Users\alexa\OneDrive\Documents\PowerShell\Modules\Pester\5.7.1\Pester.psm1:1985
at Invoke-ScriptBlock, C:\Users\alexa\OneDrive\Documents\PowerShell\Modules\Pester\5.7.1\Pester.psm1:2157
at Invoke-TestItem, C:\Users\alexa\OneDrive\Documents\PowerShell\Modules\Pester\5.7.1\Pester.psm1:1199
at Invoke-Block, C:\Users\alexa\OneDrive\Documents\PowerShell\Modules\Pester\5.7.1\Pester.psm1:835
at &lt;ScriptBlock&gt;, C:\Users\alexa\OneDrive\Documents\PowerShell\Modules\Pester\5.7.1\Pester.psm1:893
at &lt;ScriptBlock&gt;, C:\Users\alexa\OneDrive\Documents\PowerShell\Modules\Pester\5.7.1\Pester.psm1:2024
at &lt;ScriptBlock&gt;, C:\Users\alexa\OneDrive\Documents\PowerShell\Modules\Pester\5.7.1\Pester.psm1:1985
at Invoke-ScriptBlock, C:\Users\alexa\OneDrive\Documents\PowerShell\Modules\Pester\5.7.1\Pester.psm1:2160
at Invoke-Block, C:\Users\alexa\OneDrive\Documents\PowerShell\Modules\Pester\5.7.1\Pester.psm1:940
at &lt;ScriptBlock&gt;, C:\Users\alexa\OneDrive\Documents\PowerShell\Modules\Pester\5.7.1\Pester.psm1:893
at &lt;ScriptBlock&gt;, C:\Users\alexa\OneDrive\Documents\PowerShell\Modules\Pester\5.7.1\Pester.psm1:2024
at &lt;ScriptBlock&gt;, C:\Users\alexa\OneDrive\Documents\PowerShell\Modules\Pester\5.7.1\Pester.psm1:1985
at Invoke-ScriptBlock, C:\Users\alexa\OneDrive\Documents\PowerShell\Modules\Pester\5.7.1\Pester.psm1:2160
at Invoke-Block, C:\Users\alexa\OneDrive\Documents\PowerShell\Modules\Pester\5.7.1\Pester.psm1:940
at &lt;ScriptBlock&gt;, C:\Users\alexa\OneDrive\Documents\PowerShell\Modules\Pester\5.7.1\Pester.psm1:893
at &lt;ScriptBlock&gt;, C:\Users\alexa\OneDrive\Documents\PowerShell\Modules\Pester\5.7.1\Pester.psm1:2024
at &lt;ScriptBlock&gt;, C:\Users\alexa\OneDrive\Documents\PowerShell\Modules\Pester\5.7.1\Pester.psm1:1985
at Invoke-ScriptBlock, C:\Users\alexa\OneDrive\Documents\PowerShell\Modules\Pester\5.7.1\Pester.psm1:2160
at Invoke-Block, C:\Users\alexa\OneDrive\Documents\PowerShell\Modules\Pester\5.7.1\Pester.psm1:940
at &lt;ScriptBlock&gt;, C:\Users\alexa\OneDrive\Documents\PowerShell\Modules\Pester\5.7.1\Pester.psm1:1688
at &lt;ScriptBlock&gt;, C:\Users\alexa\OneDrive\Documents\PowerShell\Modules\Pester\5.7.1\Pester.ps1:3
at &lt;ScriptBlock&gt;, C:\Users\alexa\OneDrive\Documents\PowerShell\Modules\Pester\5.7.1\Pester.psm1:3260
at Invoke-InNewScriptScope, C:\Users\alexa\OneDrive\Documents\PowerShell\Modules\Pester\5.7.1\Pester.psm1:3267
at Run-Test, C:\Users\alexa\OneDrive\Documents\PowerShell\Modules\Pester\5.7.1\Pester.psm1:1691
at Invoke-Test, C:\Users\alexa\OneDrive\Documents\PowerShell\Modules\Pester\5.7.1\Pester.psm1:2512
at Invoke-Pester&lt;End&gt;, C:\Users\alexa\OneDrive\Documents\PowerShell\Modules\Pester\5.7.1\Pester.psm1:4960
at &lt;ScriptBlock&gt;, &lt;No file&gt;:1</stack-trace>
                    </failure>
                  </test-case>
                </results>
              </test-suite>
            </results>
          </test-suite>
        </results>
      </test-suite>
      <test-suite type="TestFixture" name="$env:PROJECT_ROOT\tests\integration\Expand-All.Tests.ps1" executed="True" result="Failure" success="False" time="0.2857" asserts="0" description="$env:PROJECT_ROOT\tests\integration\Expand-All.Tests.ps1">
        <results>
          <test-suite type="TestFixture" name="Expand-All Tests" executed="True" result="Failure" success="False" time="0.2504" asserts="0" description="Expand-All Tests">
            <results>
              <test-suite type="TestFixture" name="Expand-All Tests.Module Loading" executed="True" result="Failure" success="False" time="0.1223" asserts="0" description="Expand-All Tests.Module Loading">
                <results>
                  <test-case description="should load required modules" name="Expand-All Tests.Module Loading.should load required modules" time="0.1198" asserts="0" success="False" result="Failure" executed="True">
                    <failure>
                      <message>RuntimeException: Should operator 'Be' is not registered
CmdletInvocationException: Should operator 'Be' is not registered
CommandNotFoundException: The 'Should' command was found in the module 'Pester', but the module could not be loaded due to the following error: [Should operator 'Be' is not registered]
For more information, run 'Import-Module Pester'.</message>
                      <stack-trace>at &lt;ScriptBlock&gt;, $env:PROJECT_ROOT\tests\integration\Expand-All.Tests.ps1:10
at &lt;ScriptBlock&gt;, C:\Users\alexa\OneDrive\Documents\PowerShell\Modules\Pester\5.7.1\Pester.psm1:2024
at &lt;ScriptBlock&gt;, C:\Users\alexa\OneDrive\Documents\PowerShell\Modules\Pester\5.7.1\Pester.psm1:1985
at Invoke-ScriptBlock, C:\Users\alexa\OneDrive\Documents\PowerShell\Modules\Pester\5.7.1\Pester.psm1:2157
at Invoke-TestItem, C:\Users\alexa\OneDrive\Documents\PowerShell\Modules\Pester\5.7.1\Pester.psm1:1199
at Invoke-Block, C:\Users\alexa\OneDrive\Documents\PowerShell\Modules\Pester\5.7.1\Pester.psm1:835
at &lt;ScriptBlock&gt;, C:\Users\alexa\OneDrive\Documents\PowerShell\Modules\Pester\5.7.1\Pester.psm1:893
at &lt;ScriptBlock&gt;, C:\Users\alexa\OneDrive\Documents\PowerShell\Modules\Pester\5.7.1\Pester.psm1:2024
at &lt;ScriptBlock&gt;, C:\Users\alexa\OneDrive\Documents\PowerShell\Modules\Pester\5.7.1\Pester.psm1:1985
at Invoke-ScriptBlock, C:\Users\alexa\OneDrive\Documents\PowerShell\Modules\Pester\5.7.1\Pester.psm1:2160
at Invoke-Block, C:\Users\alexa\OneDrive\Documents\PowerShell\Modules\Pester\5.7.1\Pester.psm1:940
at &lt;ScriptBlock&gt;, C:\Users\alexa\OneDrive\Documents\PowerShell\Modules\Pester\5.7.1\Pester.psm1:893
at &lt;ScriptBlock&gt;, C:\Users\alexa\OneDrive\Documents\PowerShell\Modules\Pester\5.7.1\Pester.psm1:2024
at &lt;ScriptBlock&gt;, C:\Users\alexa\OneDrive\Documents\PowerShell\Modules\Pester\5.7.1\Pester.psm1:1985
at Invoke-ScriptBlock, C:\Users\alexa\OneDrive\Documents\PowerShell\Modules\Pester\5.7.1\Pester.psm1:2160
at Invoke-Block, C:\Users\alexa\OneDrive\Documents\PowerShell\Modules\Pester\5.7.1\Pester.psm1:940
at &lt;ScriptBlock&gt;, C:\Users\alexa\OneDrive\Documents\PowerShell\Modules\Pester\5.7.1\Pester.psm1:893
at &lt;ScriptBlock&gt;, C:\Users\alexa\OneDrive\Documents\PowerShell\Modules\Pester\5.7.1\Pester.psm1:2024
at &lt;ScriptBlock&gt;, C:\Users\alexa\OneDrive\Documents\PowerShell\Modules\Pester\5.7.1\Pester.psm1:1985
at Invoke-ScriptBlock, C:\Users\alexa\OneDrive\Documents\PowerShell\Modules\Pester\5.7.1\Pester.psm1:2160
at Invoke-Block, C:\Users\alexa\OneDrive\Documents\PowerShell\Modules\Pester\5.7.1\Pester.psm1:940
at &lt;ScriptBlock&gt;, C:\Users\alexa\OneDrive\Documents\PowerShell\Modules\Pester\5.7.1\Pester.psm1:1688
at &lt;ScriptBlock&gt;, C:\Users\alexa\OneDrive\Documents\PowerShell\Modules\Pester\5.7.1\Pester.ps1:3
at &lt;ScriptBlock&gt;, C:\Users\alexa\OneDrive\Documents\PowerShell\Modules\Pester\5.7.1\Pester.psm1:3260
at Invoke-InNewScriptScope, C:\Users\alexa\OneDrive\Documents\PowerShell\Modules\Pester\5.7.1\Pester.psm1:3267
at Run-Test, C:\Users\alexa\OneDrive\Documents\PowerShell\Modules\Pester\5.7.1\Pester.psm1:1691
at Invoke-Test, C:\Users\alexa\OneDrive\Documents\PowerShell\Modules\Pester\5.7.1\Pester.psm1:2512
at Invoke-Pester&lt;End&gt;, C:\Users\alexa\OneDrive\Documents\PowerShell\Modules\Pester\5.7.1\Pester.psm1:4960
at &lt;ScriptBlock&gt;, &lt;No file&gt;:1</stack-trace>
                    </failure>
                  </test-case>
                </results>
              </test-suite>
              <test-suite type="TestFixture" name="Expand-All Tests.Functionality Tests" executed="True" result="Failure" success="False" time="0.2366" asserts="0" description="Expand-All Tests.Functionality Tests">
                <results>
                  <test-case description="should execute without errors" name="Expand-All Tests.Functionality Tests.should execute without errors" time="0.1115" asserts="0" success="False" result="Failure" executed="True">
                    <failure>
                      <message>RuntimeException: Should operator 'Be' is not registered
CmdletInvocationException: Should operator 'Be' is not registered
CommandNotFoundException: The 'Should' command was found in the module 'Pester', but the module could not be loaded due to the following error: [Should operator 'Be' is not registered]
For more information, run 'Import-Module Pester'.</message>
                      <stack-trace>at &lt;ScriptBlock&gt;, $env:PROJECT_ROOT\tests\integration\Expand-All.Tests.ps1:17
at &lt;ScriptBlock&gt;, C:\Users\alexa\OneDrive\Documents\PowerShell\Modules\Pester\5.7.1\Pester.psm1:2024
at &lt;ScriptBlock&gt;, C:\Users\alexa\OneDrive\Documents\PowerShell\Modules\Pester\5.7.1\Pester.psm1:1985
at Invoke-ScriptBlock, C:\Users\alexa\OneDrive\Documents\PowerShell\Modules\Pester\5.7.1\Pester.psm1:2157
at Invoke-TestItem, C:\Users\alexa\OneDrive\Documents\PowerShell\Modules\Pester\5.7.1\Pester.psm1:1199
at Invoke-Block, C:\Users\alexa\OneDrive\Documents\PowerShell\Modules\Pester\5.7.1\Pester.psm1:835
at &lt;ScriptBlock&gt;, C:\Users\alexa\OneDrive\Documents\PowerShell\Modules\Pester\5.7.1\Pester.psm1:893
at &lt;ScriptBlock&gt;, C:\Users\alexa\OneDrive\Documents\PowerShell\Modules\Pester\5.7.1\Pester.psm1:2024
at &lt;ScriptBlock&gt;, C:\Users\alexa\OneDrive\Documents\PowerShell\Modules\Pester\5.7.1\Pester.psm1:1985
at Invoke-ScriptBlock, C:\Users\alexa\OneDrive\Documents\PowerShell\Modules\Pester\5.7.1\Pester.psm1:2160
at Invoke-Block, C:\Users\alexa\OneDrive\Documents\PowerShell\Modules\Pester\5.7.1\Pester.psm1:940
at &lt;ScriptBlock&gt;, C:\Users\alexa\OneDrive\Documents\PowerShell\Modules\Pester\5.7.1\Pester.psm1:893
at &lt;ScriptBlock&gt;, C:\Users\alexa\OneDrive\Documents\PowerShell\Modules\Pester\5.7.1\Pester.psm1:2024
at &lt;ScriptBlock&gt;, C:\Users\alexa\OneDrive\Documents\PowerShell\Modules\Pester\5.7.1\Pester.psm1:1985
at Invoke-ScriptBlock, C:\Users\alexa\OneDrive\Documents\PowerShell\Modules\Pester\5.7.1\Pester.psm1:2160
at Invoke-Block, C:\Users\alexa\OneDrive\Documents\PowerShell\Modules\Pester\5.7.1\Pester.psm1:940
at &lt;ScriptBlock&gt;, C:\Users\alexa\OneDrive\Documents\PowerShell\Modules\Pester\5.7.1\Pester.psm1:893
at &lt;ScriptBlock&gt;, C:\Users\alexa\OneDrive\Documents\PowerShell\Modules\Pester\5.7.1\Pester.psm1:2024
at &lt;ScriptBlock&gt;, C:\Users\alexa\OneDrive\Documents\PowerShell\Modules\Pester\5.7.1\Pester.psm1:1985
at Invoke-ScriptBlock, C:\Users\alexa\OneDrive\Documents\PowerShell\Modules\Pester\5.7.1\Pester.psm1:2160
at Invoke-Block, C:\Users\alexa\OneDrive\Documents\PowerShell\Modules\Pester\5.7.1\Pester.psm1:940
at &lt;ScriptBlock&gt;, C:\Users\alexa\OneDrive\Documents\PowerShell\Modules\Pester\5.7.1\Pester.psm1:1688
at &lt;ScriptBlock&gt;, C:\Users\alexa\OneDrive\Documents\PowerShell\Modules\Pester\5.7.1\Pester.ps1:3
at &lt;ScriptBlock&gt;, C:\Users\alexa\OneDrive\Documents\PowerShell\Modules\Pester\5.7.1\Pester.psm1:3260
at Invoke-InNewScriptScope, C:\Users\alexa\OneDrive\Documents\PowerShell\Modules\Pester\5.7.1\Pester.psm1:3267
at Run-Test, C:\Users\alexa\OneDrive\Documents\PowerShell\Modules\Pester\5.7.1\Pester.psm1:1691
at Invoke-Test, C:\Users\alexa\OneDrive\Documents\PowerShell\Modules\Pester\5.7.1\Pester.psm1:2512
at Invoke-Pester&lt;End&gt;, C:\Users\alexa\OneDrive\Documents\PowerShell\Modules\Pester\5.7.1\Pester.psm1:4960
at &lt;ScriptBlock&gt;, &lt;No file&gt;:1</stack-trace>
                    </failure>
                  </test-case>
                </results>
              </test-suite>
            </results>
          </test-suite>
        </results>
      </test-suite>
      <test-suite type="TestFixture" name="$env:PROJECT_ROOT\tests\integration\Format-Config.Tests.ps1" executed="True" result="Failure" success="False" time="0.2821" asserts="0" description="$env:PROJECT_ROOT\tests\integration\Format-Config.Tests.ps1">
        <results>
          <test-suite type="TestFixture" name="Format-Config Tests" executed="True" result="Failure" success="False" time="0.2473" asserts="0" description="Format-Config Tests">
            <results>
              <test-suite type="TestFixture" name="Format-Config Tests.Module Loading" executed="True" result="Failure" success="False" time="0.1169" asserts="0" description="Format-Config Tests.Module Loading">
                <results>
                  <test-case description="should load required modules" name="Format-Config Tests.Module Loading.should load required modules" time="0.1144" asserts="0" success="False" result="Failure" executed="True">
                    <failure>
                      <message>RuntimeException: Should operator 'Be' is not registered
CmdletInvocationException: Should operator 'Be' is not registered
CommandNotFoundException: The 'Should' command was found in the module 'Pester', but the module could not be loaded due to the following error: [Should operator 'Be' is not registered]
For more information, run 'Import-Module Pester'.</message>
                      <stack-trace>at &lt;ScriptBlock&gt;, $env:PROJECT_ROOT\tests\integration\Format-Config.Tests.ps1:10
at &lt;ScriptBlock&gt;, C:\Users\alexa\OneDrive\Documents\PowerShell\Modules\Pester\5.7.1\Pester.psm1:2024
at &lt;ScriptBlock&gt;, C:\Users\alexa\OneDrive\Documents\PowerShell\Modules\Pester\5.7.1\Pester.psm1:1985
at Invoke-ScriptBlock, C:\Users\alexa\OneDrive\Documents\PowerShell\Modules\Pester\5.7.1\Pester.psm1:2157
at Invoke-TestItem, C:\Users\alexa\OneDrive\Documents\PowerShell\Modules\Pester\5.7.1\Pester.psm1:1199
at Invoke-Block, C:\Users\alexa\OneDrive\Documents\PowerShell\Modules\Pester\5.7.1\Pester.psm1:835
at &lt;ScriptBlock&gt;, C:\Users\alexa\OneDrive\Documents\PowerShell\Modules\Pester\5.7.1\Pester.psm1:893
at &lt;ScriptBlock&gt;, C:\Users\alexa\OneDrive\Documents\PowerShell\Modules\Pester\5.7.1\Pester.psm1:2024
at &lt;ScriptBlock&gt;, C:\Users\alexa\OneDrive\Documents\PowerShell\Modules\Pester\5.7.1\Pester.psm1:1985
at Invoke-ScriptBlock, C:\Users\alexa\OneDrive\Documents\PowerShell\Modules\Pester\5.7.1\Pester.psm1:2160
at Invoke-Block, C:\Users\alexa\OneDrive\Documents\PowerShell\Modules\Pester\5.7.1\Pester.psm1:940
at &lt;ScriptBlock&gt;, C:\Users\alexa\OneDrive\Documents\PowerShell\Modules\Pester\5.7.1\Pester.psm1:893
at &lt;ScriptBlock&gt;, C:\Users\alexa\OneDrive\Documents\PowerShell\Modules\Pester\5.7.1\Pester.psm1:2024
at &lt;ScriptBlock&gt;, C:\Users\alexa\OneDrive\Documents\PowerShell\Modules\Pester\5.7.1\Pester.psm1:1985
at Invoke-ScriptBlock, C:\Users\alexa\OneDrive\Documents\PowerShell\Modules\Pester\5.7.1\Pester.psm1:2160
at Invoke-Block, C:\Users\alexa\OneDrive\Documents\PowerShell\Modules\Pester\5.7.1\Pester.psm1:940
at &lt;ScriptBlock&gt;, C:\Users\alexa\OneDrive\Documents\PowerShell\Modules\Pester\5.7.1\Pester.psm1:893
at &lt;ScriptBlock&gt;, C:\Users\alexa\OneDrive\Documents\PowerShell\Modules\Pester\5.7.1\Pester.psm1:2024
at &lt;ScriptBlock&gt;, C:\Users\alexa\OneDrive\Documents\PowerShell\Modules\Pester\5.7.1\Pester.psm1:1985
at Invoke-ScriptBlock, C:\Users\alexa\OneDrive\Documents\PowerShell\Modules\Pester\5.7.1\Pester.psm1:2160
at Invoke-Block, C:\Users\alexa\OneDrive\Documents\PowerShell\Modules\Pester\5.7.1\Pester.psm1:940
at &lt;ScriptBlock&gt;, C:\Users\alexa\OneDrive\Documents\PowerShell\Modules\Pester\5.7.1\Pester.psm1:1688
at &lt;ScriptBlock&gt;, C:\Users\alexa\OneDrive\Documents\PowerShell\Modules\Pester\5.7.1\Pester.ps1:3
at &lt;ScriptBlock&gt;, C:\Users\alexa\OneDrive\Documents\PowerShell\Modules\Pester\5.7.1\Pester.psm1:3260
at Invoke-InNewScriptScope, C:\Users\alexa\OneDrive\Documents\PowerShell\Modules\Pester\5.7.1\Pester.psm1:3267
at Run-Test, C:\Users\alexa\OneDrive\Documents\PowerShell\Modules\Pester\5.7.1\Pester.psm1:1691
at Invoke-Test, C:\Users\alexa\OneDrive\Documents\PowerShell\Modules\Pester\5.7.1\Pester.psm1:2512
at Invoke-Pester&lt;End&gt;, C:\Users\alexa\OneDrive\Documents\PowerShell\Modules\Pester\5.7.1\Pester.psm1:4960
at &lt;ScriptBlock&gt;, &lt;No file&gt;:1</stack-trace>
                    </failure>
                  </test-case>
                </results>
              </test-suite>
              <test-suite type="TestFixture" name="Format-Config Tests.Functionality Tests" executed="True" result="Failure" success="False" time="0.2339" asserts="0" description="Format-Config Tests.Functionality Tests">
                <results>
                  <test-case description="should execute without errors" name="Format-Config Tests.Functionality Tests.should execute without errors" time="0.1143" asserts="0" success="False" result="Failure" executed="True">
                    <failure>
                      <message>RuntimeException: Should operator 'Be' is not registered
CmdletInvocationException: Should operator 'Be' is not registered
CommandNotFoundException: The 'Should' command was found in the module 'Pester', but the module could not be loaded due to the following error: [Should operator 'Be' is not registered]
For more information, run 'Import-Module Pester'.</message>
                      <stack-trace>at &lt;ScriptBlock&gt;, $env:PROJECT_ROOT\tests\integration\Format-Config.Tests.ps1:17
at &lt;ScriptBlock&gt;, C:\Users\alexa\OneDrive\Documents\PowerShell\Modules\Pester\5.7.1\Pester.psm1:2024
at &lt;ScriptBlock&gt;, C:\Users\alexa\OneDrive\Documents\PowerShell\Modules\Pester\5.7.1\Pester.psm1:1985
at Invoke-ScriptBlock, C:\Users\alexa\OneDrive\Documents\PowerShell\Modules\Pester\5.7.1\Pester.psm1:2157
at Invoke-TestItem, C:\Users\alexa\OneDrive\Documents\PowerShell\Modules\Pester\5.7.1\Pester.psm1:1199
at Invoke-Block, C:\Users\alexa\OneDrive\Documents\PowerShell\Modules\Pester\5.7.1\Pester.psm1:835
at &lt;ScriptBlock&gt;, C:\Users\alexa\OneDrive\Documents\PowerShell\Modules\Pester\5.7.1\Pester.psm1:893
at &lt;ScriptBlock&gt;, C:\Users\alexa\OneDrive\Documents\PowerShell\Modules\Pester\5.7.1\Pester.psm1:2024
at &lt;ScriptBlock&gt;, C:\Users\alexa\OneDrive\Documents\PowerShell\Modules\Pester\5.7.1\Pester.psm1:1985
at Invoke-ScriptBlock, C:\Users\alexa\OneDrive\Documents\PowerShell\Modules\Pester\5.7.1\Pester.psm1:2160
at Invoke-Block, C:\Users\alexa\OneDrive\Documents\PowerShell\Modules\Pester\5.7.1\Pester.psm1:940
at &lt;ScriptBlock&gt;, C:\Users\alexa\OneDrive\Documents\PowerShell\Modules\Pester\5.7.1\Pester.psm1:893
at &lt;ScriptBlock&gt;, C:\Users\alexa\OneDrive\Documents\PowerShell\Modules\Pester\5.7.1\Pester.psm1:2024
at &lt;ScriptBlock&gt;, C:\Users\alexa\OneDrive\Documents\PowerShell\Modules\Pester\5.7.1\Pester.psm1:1985
at Invoke-ScriptBlock, C:\Users\alexa\OneDrive\Documents\PowerShell\Modules\Pester\5.7.1\Pester.psm1:2160
at Invoke-Block, C:\Users\alexa\OneDrive\Documents\PowerShell\Modules\Pester\5.7.1\Pester.psm1:940
at &lt;ScriptBlock&gt;, C:\Users\alexa\OneDrive\Documents\PowerShell\Modules\Pester\5.7.1\Pester.psm1:893
at &lt;ScriptBlock&gt;, C:\Users\alexa\OneDrive\Documents\PowerShell\Modules\Pester\5.7.1\Pester.psm1:2024
at &lt;ScriptBlock&gt;, C:\Users\alexa\OneDrive\Documents\PowerShell\Modules\Pester\5.7.1\Pester.psm1:1985
at Invoke-ScriptBlock, C:\Users\alexa\OneDrive\Documents\PowerShell\Modules\Pester\5.7.1\Pester.psm1:2160
at Invoke-Block, C:\Users\alexa\OneDrive\Documents\PowerShell\Modules\Pester\5.7.1\Pester.psm1:940
at &lt;ScriptBlock&gt;, C:\Users\alexa\OneDrive\Documents\PowerShell\Modules\Pester\5.7.1\Pester.psm1:1688
at &lt;ScriptBlock&gt;, C:\Users\alexa\OneDrive\Documents\PowerShell\Modules\Pester\5.7.1\Pester.ps1:3
at &lt;ScriptBlock&gt;, C:\Users\alexa\OneDrive\Documents\PowerShell\Modules\Pester\5.7.1\Pester.psm1:3260
at Invoke-InNewScriptScope, C:\Users\alexa\OneDrive\Documents\PowerShell\Modules\Pester\5.7.1\Pester.psm1:3267
at Run-Test, C:\Users\alexa\OneDrive\Documents\PowerShell\Modules\Pester\5.7.1\Pester.psm1:1691
at Invoke-Test, C:\Users\alexa\OneDrive\Documents\PowerShell\Modules\Pester\5.7.1\Pester.psm1:2512
at Invoke-Pester&lt;End&gt;, C:\Users\alexa\OneDrive\Documents\PowerShell\Modules\Pester\5.7.1\Pester.psm1:4960
at &lt;ScriptBlock&gt;, &lt;No file&gt;:1</stack-trace>
                    </failure>
                  </test-case>
                </results>
              </test-suite>
            </results>
          </test-suite>
        </results>
      </test-suite>
      <test-suite type="TestFixture" name="$env:PROJECT_ROOT\tests\integration\Hypervisor.Tests.ps1" executed="True" result="Failure" success="False" time="0.2844" asserts="0" description="$env:PROJECT_ROOT\tests\integration\Hypervisor.Tests.ps1">
        <results>
          <test-suite type="TestFixture" name="Hypervisor Tests" executed="True" result="Failure" success="False" time="0.2502" asserts="0" description="Hypervisor Tests">
            <results>
              <test-suite type="TestFixture" name="Hypervisor Tests.Module Loading" executed="True" result="Failure" success="False" time="0.1228" asserts="0" description="Hypervisor Tests.Module Loading">
                <results>
                  <test-case description="should load required modules" name="Hypervisor Tests.Module Loading.should load required modules" time="0.1201" asserts="0" success="False" result="Failure" executed="True">
                    <failure>
                      <message>RuntimeException: Should operator 'Be' is not registered
CmdletInvocationException: Should operator 'Be' is not registered
CommandNotFoundException: The 'Should' command was found in the module 'Pester', but the module could not be loaded due to the following error: [Should operator 'Be' is not registered]
For more information, run 'Import-Module Pester'.</message>
                      <stack-trace>at &lt;ScriptBlock&gt;, $env:PROJECT_ROOT\tests\integration\Hypervisor.Tests.ps1:10
at &lt;ScriptBlock&gt;, C:\Users\alexa\OneDrive\Documents\PowerShell\Modules\Pester\5.7.1\Pester.psm1:2024
at &lt;ScriptBlock&gt;, C:\Users\alexa\OneDrive\Documents\PowerShell\Modules\Pester\5.7.1\Pester.psm1:1985
at Invoke-ScriptBlock, C:\Users\alexa\OneDrive\Documents\PowerShell\Modules\Pester\5.7.1\Pester.psm1:2157
at Invoke-TestItem, C:\Users\alexa\OneDrive\Documents\PowerShell\Modules\Pester\5.7.1\Pester.psm1:1199
at Invoke-Block, C:\Users\alexa\OneDrive\Documents\PowerShell\Modules\Pester\5.7.1\Pester.psm1:835
at &lt;ScriptBlock&gt;, C:\Users\alexa\OneDrive\Documents\PowerShell\Modules\Pester\5.7.1\Pester.psm1:893
at &lt;ScriptBlock&gt;, C:\Users\alexa\OneDrive\Documents\PowerShell\Modules\Pester\5.7.1\Pester.psm1:2024
at &lt;ScriptBlock&gt;, C:\Users\alexa\OneDrive\Documents\PowerShell\Modules\Pester\5.7.1\Pester.psm1:1985
at Invoke-ScriptBlock, C:\Users\alexa\OneDrive\Documents\PowerShell\Modules\Pester\5.7.1\Pester.psm1:2160
at Invoke-Block, C:\Users\alexa\OneDrive\Documents\PowerShell\Modules\Pester\5.7.1\Pester.psm1:940
at &lt;ScriptBlock&gt;, C:\Users\alexa\OneDrive\Documents\PowerShell\Modules\Pester\5.7.1\Pester.psm1:893
at &lt;ScriptBlock&gt;, C:\Users\alexa\OneDrive\Documents\PowerShell\Modules\Pester\5.7.1\Pester.psm1:2024
at &lt;ScriptBlock&gt;, C:\Users\alexa\OneDrive\Documents\PowerShell\Modules\Pester\5.7.1\Pester.psm1:1985
at Invoke-ScriptBlock, C:\Users\alexa\OneDrive\Documents\PowerShell\Modules\Pester\5.7.1\Pester.psm1:2160
at Invoke-Block, C:\Users\alexa\OneDrive\Documents\PowerShell\Modules\Pester\5.7.1\Pester.psm1:940
at &lt;ScriptBlock&gt;, C:\Users\alexa\OneDrive\Documents\PowerShell\Modules\Pester\5.7.1\Pester.psm1:893
at &lt;ScriptBlock&gt;, C:\Users\alexa\OneDrive\Documents\PowerShell\Modules\Pester\5.7.1\Pester.psm1:2024
at &lt;ScriptBlock&gt;, C:\Users\alexa\OneDrive\Documents\PowerShell\Modules\Pester\5.7.1\Pester.psm1:1985
at Invoke-ScriptBlock, C:\Users\alexa\OneDrive\Documents\PowerShell\Modules\Pester\5.7.1\Pester.psm1:2160
at Invoke-Block, C:\Users\alexa\OneDrive\Documents\PowerShell\Modules\Pester\5.7.1\Pester.psm1:940
at &lt;ScriptBlock&gt;, C:\Users\alexa\OneDrive\Documents\PowerShell\Modules\Pester\5.7.1\Pester.psm1:1688
at &lt;ScriptBlock&gt;, C:\Users\alexa\OneDrive\Documents\PowerShell\Modules\Pester\5.7.1\Pester.ps1:3
at &lt;ScriptBlock&gt;, C:\Users\alexa\OneDrive\Documents\PowerShell\Modules\Pester\5.7.1\Pester.psm1:3260
at Invoke-InNewScriptScope, C:\Users\alexa\OneDrive\Documents\PowerShell\Modules\Pester\5.7.1\Pester.psm1:3267
at Run-Test, C:\Users\alexa\OneDrive\Documents\PowerShell\Modules\Pester\5.7.1\Pester.psm1:1691
at Invoke-Test, C:\Users\alexa\OneDrive\Documents\PowerShell\Modules\Pester\5.7.1\Pester.psm1:2512
at Invoke-Pester&lt;End&gt;, C:\Users\alexa\OneDrive\Documents\PowerShell\Modules\Pester\5.7.1\Pester.psm1:4960
at &lt;ScriptBlock&gt;, &lt;No file&gt;:1</stack-trace>
                    </failure>
                  </test-case>
                </results>
              </test-suite>
              <test-suite type="TestFixture" name="Hypervisor Tests.Functionality Tests" executed="True" result="Failure" success="False" time="0.2372" asserts="0" description="Hypervisor Tests.Functionality Tests">
                <results>
                  <test-case description="should execute without errors" name="Hypervisor Tests.Functionality Tests.should execute without errors" time="0.112" asserts="0" success="False" result="Failure" executed="True">
                    <failure>
                      <message>RuntimeException: Should operator 'Be' is not registered
CmdletInvocationException: Should operator 'Be' is not registered
CommandNotFoundException: The 'Should' command was found in the module 'Pester', but the module could not be loaded due to the following error: [Should operator 'Be' is not registered]
For more information, run 'Import-Module Pester'.</message>
                      <stack-trace>at &lt;ScriptBlock&gt;, $env:PROJECT_ROOT\tests\integration\Hypervisor.Tests.ps1:17
at &lt;ScriptBlock&gt;, C:\Users\alexa\OneDrive\Documents\PowerShell\Modules\Pester\5.7.1\Pester.psm1:2024
at &lt;ScriptBlock&gt;, C:\Users\alexa\OneDrive\Documents\PowerShell\Modules\Pester\5.7.1\Pester.psm1:1985
at Invoke-ScriptBlock, C:\Users\alexa\OneDrive\Documents\PowerShell\Modules\Pester\5.7.1\Pester.psm1:2157
at Invoke-TestItem, C:\Users\alexa\OneDrive\Documents\PowerShell\Modules\Pester\5.7.1\Pester.psm1:1199
at Invoke-Block, C:\Users\alexa\OneDrive\Documents\PowerShell\Modules\Pester\5.7.1\Pester.psm1:835
at &lt;ScriptBlock&gt;, C:\Users\alexa\OneDrive\Documents\PowerShell\Modules\Pester\5.7.1\Pester.psm1:893
at &lt;ScriptBlock&gt;, C:\Users\alexa\OneDrive\Documents\PowerShell\Modules\Pester\5.7.1\Pester.psm1:2024
at &lt;ScriptBlock&gt;, C:\Users\alexa\OneDrive\Documents\PowerShell\Modules\Pester\5.7.1\Pester.psm1:1985
at Invoke-ScriptBlock, C:\Users\alexa\OneDrive\Documents\PowerShell\Modules\Pester\5.7.1\Pester.psm1:2160
at Invoke-Block, C:\Users\alexa\OneDrive\Documents\PowerShell\Modules\Pester\5.7.1\Pester.psm1:940
at &lt;ScriptBlock&gt;, C:\Users\alexa\OneDrive\Documents\PowerShell\Modules\Pester\5.7.1\Pester.psm1:893
at &lt;ScriptBlock&gt;, C:\Users\alexa\OneDrive\Documents\PowerShell\Modules\Pester\5.7.1\Pester.psm1:2024
at &lt;ScriptBlock&gt;, C:\Users\alexa\OneDrive\Documents\PowerShell\Modules\Pester\5.7.1\Pester.psm1:1985
at Invoke-ScriptBlock, C:\Users\alexa\OneDrive\Documents\PowerShell\Modules\Pester\5.7.1\Pester.psm1:2160
at Invoke-Block, C:\Users\alexa\OneDrive\Documents\PowerShell\Modules\Pester\5.7.1\Pester.psm1:940
at &lt;ScriptBlock&gt;, C:\Users\alexa\OneDrive\Documents\PowerShell\Modules\Pester\5.7.1\Pester.psm1:893
at &lt;ScriptBlock&gt;, C:\Users\alexa\OneDrive\Documents\PowerShell\Modules\Pester\5.7.1\Pester.psm1:2024
at &lt;ScriptBlock&gt;, C:\Users\alexa\OneDrive\Documents\PowerShell\Modules\Pester\5.7.1\Pester.psm1:1985
at Invoke-ScriptBlock, C:\Users\alexa\OneDrive\Documents\PowerShell\Modules\Pester\5.7.1\Pester.psm1:2160
at Invoke-Block, C:\Users\alexa\OneDrive\Documents\PowerShell\Modules\Pester\5.7.1\Pester.psm1:940
at &lt;ScriptBlock&gt;, C:\Users\alexa\OneDrive\Documents\PowerShell\Modules\Pester\5.7.1\Pester.psm1:1688
at &lt;ScriptBlock&gt;, C:\Users\alexa\OneDrive\Documents\PowerShell\Modules\Pester\5.7.1\Pester.ps1:3
at &lt;ScriptBlock&gt;, C:\Users\alexa\OneDrive\Documents\PowerShell\Modules\Pester\5.7.1\Pester.psm1:3260
at Invoke-InNewScriptScope, C:\Users\alexa\OneDrive\Documents\PowerShell\Modules\Pester\5.7.1\Pester.psm1:3267
at Run-Test, C:\Users\alexa\OneDrive\Documents\PowerShell\Modules\Pester\5.7.1\Pester.psm1:1691
at Invoke-Test, C:\Users\alexa\OneDrive\Documents\PowerShell\Modules\Pester\5.7.1\Pester.psm1:2512
at Invoke-Pester&lt;End&gt;, C:\Users\alexa\OneDrive\Documents\PowerShell\Modules\Pester\5.7.1\Pester.psm1:4960
at &lt;ScriptBlock&gt;, &lt;No file&gt;:1</stack-trace>
                    </failure>
                  </test-case>
                </results>
              </test-suite>
            </results>
          </test-suite>
        </results>
      </test-suite>
      <test-suite type="TestFixture" name="$env:PROJECT_ROOT\tests\integration\Initialize-OpenTofu.Tests.ps1" executed="True" result="Failure" success="False" time="0.2871" asserts="0" description="$env:PROJECT_ROOT\tests\integration\Initialize-OpenTofu.Tests.ps1">
        <results>
          <test-suite type="TestFixture" name="Initialize-OpenTofu Tests" executed="True" result="Failure" success="False" time="0.2526" asserts="0" description="Initialize-OpenTofu Tests">
            <results>
              <test-suite type="TestFixture" name="Initialize-OpenTofu Tests.Module Loading" executed="True" result="Failure" success="False" time="0.1179" asserts="0" description="Initialize-OpenTofu Tests.Module Loading">
                <results>
                  <test-case description="should load required modules" name="Initialize-OpenTofu Tests.Module Loading.should load required modules" time="0.1153" asserts="0" success="False" result="Failure" executed="True">
                    <failure>
                      <message>RuntimeException: Should operator 'Be' is not registered
CmdletInvocationException: Should operator 'Be' is not registered
CommandNotFoundException: The 'Should' command was found in the module 'Pester', but the module could not be loaded due to the following error: [Should operator 'Be' is not registered]
For more information, run 'Import-Module Pester'.</message>
                      <stack-trace>at &lt;ScriptBlock&gt;, $env:PROJECT_ROOT\tests\integration\Initialize-OpenTofu.Tests.ps1:10
at &lt;ScriptBlock&gt;, C:\Users\alexa\OneDrive\Documents\PowerShell\Modules\Pester\5.7.1\Pester.psm1:2024
at &lt;ScriptBlock&gt;, C:\Users\alexa\OneDrive\Documents\PowerShell\Modules\Pester\5.7.1\Pester.psm1:1985
at Invoke-ScriptBlock, C:\Users\alexa\OneDrive\Documents\PowerShell\Modules\Pester\5.7.1\Pester.psm1:2157
at Invoke-TestItem, C:\Users\alexa\OneDrive\Documents\PowerShell\Modules\Pester\5.7.1\Pester.psm1:1199
at Invoke-Block, C:\Users\alexa\OneDrive\Documents\PowerShell\Modules\Pester\5.7.1\Pester.psm1:835
at &lt;ScriptBlock&gt;, C:\Users\alexa\OneDrive\Documents\PowerShell\Modules\Pester\5.7.1\Pester.psm1:893
at &lt;ScriptBlock&gt;, C:\Users\alexa\OneDrive\Documents\PowerShell\Modules\Pester\5.7.1\Pester.psm1:2024
at &lt;ScriptBlock&gt;, C:\Users\alexa\OneDrive\Documents\PowerShell\Modules\Pester\5.7.1\Pester.psm1:1985
at Invoke-ScriptBlock, C:\Users\alexa\OneDrive\Documents\PowerShell\Modules\Pester\5.7.1\Pester.psm1:2160
at Invoke-Block, C:\Users\alexa\OneDrive\Documents\PowerShell\Modules\Pester\5.7.1\Pester.psm1:940
at &lt;ScriptBlock&gt;, C:\Users\alexa\OneDrive\Documents\PowerShell\Modules\Pester\5.7.1\Pester.psm1:893
at &lt;ScriptBlock&gt;, C:\Users\alexa\OneDrive\Documents\PowerShell\Modules\Pester\5.7.1\Pester.psm1:2024
at &lt;ScriptBlock&gt;, C:\Users\alexa\OneDrive\Documents\PowerShell\Modules\Pester\5.7.1\Pester.psm1:1985
at Invoke-ScriptBlock, C:\Users\alexa\OneDrive\Documents\PowerShell\Modules\Pester\5.7.1\Pester.psm1:2160
at Invoke-Block, C:\Users\alexa\OneDrive\Documents\PowerShell\Modules\Pester\5.7.1\Pester.psm1:940
at &lt;ScriptBlock&gt;, C:\Users\alexa\OneDrive\Documents\PowerShell\Modules\Pester\5.7.1\Pester.psm1:893
at &lt;ScriptBlock&gt;, C:\Users\alexa\OneDrive\Documents\PowerShell\Modules\Pester\5.7.1\Pester.psm1:2024
at &lt;ScriptBlock&gt;, C:\Users\alexa\OneDrive\Documents\PowerShell\Modules\Pester\5.7.1\Pester.psm1:1985
at Invoke-ScriptBlock, C:\Users\alexa\OneDrive\Documents\PowerShell\Modules\Pester\5.7.1\Pester.psm1:2160
at Invoke-Block, C:\Users\alexa\OneDrive\Documents\PowerShell\Modules\Pester\5.7.1\Pester.psm1:940
at &lt;ScriptBlock&gt;, C:\Users\alexa\OneDrive\Documents\PowerShell\Modules\Pester\5.7.1\Pester.psm1:1688
at &lt;ScriptBlock&gt;, C:\Users\alexa\OneDrive\Documents\PowerShell\Modules\Pester\5.7.1\Pester.ps1:3
at &lt;ScriptBlock&gt;, C:\Users\alexa\OneDrive\Documents\PowerShell\Modules\Pester\5.7.1\Pester.psm1:3260
at Invoke-InNewScriptScope, C:\Users\alexa\OneDrive\Documents\PowerShell\Modules\Pester\5.7.1\Pester.psm1:3267
at Run-Test, C:\Users\alexa\OneDrive\Documents\PowerShell\Modules\Pester\5.7.1\Pester.psm1:1691
at Invoke-Test, C:\Users\alexa\OneDrive\Documents\PowerShell\Modules\Pester\5.7.1\Pester.psm1:2512
at Invoke-Pester&lt;End&gt;, C:\Users\alexa\OneDrive\Documents\PowerShell\Modules\Pester\5.7.1\Pester.psm1:4960
at &lt;ScriptBlock&gt;, &lt;No file&gt;:1</stack-trace>
                    </failure>
                  </test-case>
                </results>
              </test-suite>
              <test-suite type="TestFixture" name="Initialize-OpenTofu Tests.Functionality Tests" executed="True" result="Failure" success="False" time="0.2388" asserts="0" description="Initialize-OpenTofu Tests.Functionality Tests">
                <results>
                  <test-case description="should execute without errors" name="Initialize-OpenTofu Tests.Functionality Tests.should execute without errors" time="0.1185" asserts="0" success="False" result="Failure" executed="True">
                    <failure>
                      <message>RuntimeException: Should operator 'Be' is not registered
CmdletInvocationException: Should operator 'Be' is not registered
CommandNotFoundException: The 'Should' command was found in the module 'Pester', but the module could not be loaded due to the following error: [Should operator 'Be' is not registered]
For more information, run 'Import-Module Pester'.</message>
                      <stack-trace>at &lt;ScriptBlock&gt;, $env:PROJECT_ROOT\tests\integration\Initialize-OpenTofu.Tests.ps1:17
at &lt;ScriptBlock&gt;, C:\Users\alexa\OneDrive\Documents\PowerShell\Modules\Pester\5.7.1\Pester.psm1:2024
at &lt;ScriptBlock&gt;, C:\Users\alexa\OneDrive\Documents\PowerShell\Modules\Pester\5.7.1\Pester.psm1:1985
at Invoke-ScriptBlock, C:\Users\alexa\OneDrive\Documents\PowerShell\Modules\Pester\5.7.1\Pester.psm1:2157
at Invoke-TestItem, C:\Users\alexa\OneDrive\Documents\PowerShell\Modules\Pester\5.7.1\Pester.psm1:1199
at Invoke-Block, C:\Users\alexa\OneDrive\Documents\PowerShell\Modules\Pester\5.7.1\Pester.psm1:835
at &lt;ScriptBlock&gt;, C:\Users\alexa\OneDrive\Documents\PowerShell\Modules\Pester\5.7.1\Pester.psm1:893
at &lt;ScriptBlock&gt;, C:\Users\alexa\OneDrive\Documents\PowerShell\Modules\Pester\5.7.1\Pester.psm1:2024
at &lt;ScriptBlock&gt;, C:\Users\alexa\OneDrive\Documents\PowerShell\Modules\Pester\5.7.1\Pester.psm1:1985
at Invoke-ScriptBlock, C:\Users\alexa\OneDrive\Documents\PowerShell\Modules\Pester\5.7.1\Pester.psm1:2160
at Invoke-Block, C:\Users\alexa\OneDrive\Documents\PowerShell\Modules\Pester\5.7.1\Pester.psm1:940
at &lt;ScriptBlock&gt;, C:\Users\alexa\OneDrive\Documents\PowerShell\Modules\Pester\5.7.1\Pester.psm1:893
at &lt;ScriptBlock&gt;, C:\Users\alexa\OneDrive\Documents\PowerShell\Modules\Pester\5.7.1\Pester.psm1:2024
at &lt;ScriptBlock&gt;, C:\Users\alexa\OneDrive\Documents\PowerShell\Modules\Pester\5.7.1\Pester.psm1:1985
at Invoke-ScriptBlock, C:\Users\alexa\OneDrive\Documents\PowerShell\Modules\Pester\5.7.1\Pester.psm1:2160
at Invoke-Block, C:\Users\alexa\OneDrive\Documents\PowerShell\Modules\Pester\5.7.1\Pester.psm1:940
at &lt;ScriptBlock&gt;, C:\Users\alexa\OneDrive\Documents\PowerShell\Modules\Pester\5.7.1\Pester.psm1:893
at &lt;ScriptBlock&gt;, C:\Users\alexa\OneDrive\Documents\PowerShell\Modules\Pester\5.7.1\Pester.psm1:2024
at &lt;ScriptBlock&gt;, C:\Users\alexa\OneDrive\Documents\PowerShell\Modules\Pester\5.7.1\Pester.psm1:1985
at Invoke-ScriptBlock, C:\Users\alexa\OneDrive\Documents\PowerShell\Modules\Pester\5.7.1\Pester.psm1:2160
at Invoke-Block, C:\Users\alexa\OneDrive\Documents\PowerShell\Modules\Pester\5.7.1\Pester.psm1:940
at &lt;ScriptBlock&gt;, C:\Users\alexa\OneDrive\Documents\PowerShell\Modules\Pester\5.7.1\Pester.psm1:1688
at &lt;ScriptBlock&gt;, C:\Users\alexa\OneDrive\Documents\PowerShell\Modules\Pester\5.7.1\Pester.ps1:3
at &lt;ScriptBlock&gt;, C:\Users\alexa\OneDrive\Documents\PowerShell\Modules\Pester\5.7.1\Pester.psm1:3260
at Invoke-InNewScriptScope, C:\Users\alexa\OneDrive\Documents\PowerShell\Modules\Pester\5.7.1\Pester.psm1:3267
at Run-Test, C:\Users\alexa\OneDrive\Documents\PowerShell\Modules\Pester\5.7.1\Pester.psm1:1691
at Invoke-Test, C:\Users\alexa\OneDrive\Documents\PowerShell\Modules\Pester\5.7.1\Pester.psm1:2512
at Invoke-Pester&lt;End&gt;, C:\Users\alexa\OneDrive\Documents\PowerShell\Modules\Pester\5.7.1\Pester.psm1:4960
at &lt;ScriptBlock&gt;, &lt;No file&gt;:1</stack-trace>
                    </failure>
                  </test-case>
                </results>
              </test-suite>
            </results>
          </test-suite>
        </results>
      </test-suite>
      <test-suite type="TestFixture" name="$env:PROJECT_ROOT\tests\integration\Invoke-LabDownload.Tests.ps1" executed="True" result="Failure" success="False" time="0.2812" asserts="0" description="$env:PROJECT_ROOT\tests\integration\Invoke-LabDownload.Tests.ps1">
        <results>
          <test-suite type="TestFixture" name="Invoke-LabDownload Tests" executed="True" result="Failure" success="False" time="0.2465" asserts="0" description="Invoke-LabDownload Tests">
            <results>
              <test-suite type="TestFixture" name="Invoke-LabDownload Tests.Module Loading" executed="True" result="Failure" success="False" time="0.1192" asserts="0" description="Invoke-LabDownload Tests.Module Loading">
                <results>
                  <test-case description="should load required modules" name="Invoke-LabDownload Tests.Module Loading.should load required modules" time="0.1163" asserts="0" success="False" result="Failure" executed="True">
                    <failure>
                      <message>RuntimeException: Should operator 'Be' is not registered
CmdletInvocationException: Should operator 'Be' is not registered
CommandNotFoundException: The 'Should' command was found in the module 'Pester', but the module could not be loaded due to the following error: [Should operator 'Be' is not registered]
For more information, run 'Import-Module Pester'.</message>
                      <stack-trace>at &lt;ScriptBlock&gt;, $env:PROJECT_ROOT\tests\integration\Invoke-LabDownload.Tests.ps1:10
at &lt;ScriptBlock&gt;, C:\Users\alexa\OneDrive\Documents\PowerShell\Modules\Pester\5.7.1\Pester.psm1:2024
at &lt;ScriptBlock&gt;, C:\Users\alexa\OneDrive\Documents\PowerShell\Modules\Pester\5.7.1\Pester.psm1:1985
at Invoke-ScriptBlock, C:\Users\alexa\OneDrive\Documents\PowerShell\Modules\Pester\5.7.1\Pester.psm1:2157
at Invoke-TestItem, C:\Users\alexa\OneDrive\Documents\PowerShell\Modules\Pester\5.7.1\Pester.psm1:1199
at Invoke-Block, C:\Users\alexa\OneDrive\Documents\PowerShell\Modules\Pester\5.7.1\Pester.psm1:835
at &lt;ScriptBlock&gt;, C:\Users\alexa\OneDrive\Documents\PowerShell\Modules\Pester\5.7.1\Pester.psm1:893
at &lt;ScriptBlock&gt;, C:\Users\alexa\OneDrive\Documents\PowerShell\Modules\Pester\5.7.1\Pester.psm1:2024
at &lt;ScriptBlock&gt;, C:\Users\alexa\OneDrive\Documents\PowerShell\Modules\Pester\5.7.1\Pester.psm1:1985
at Invoke-ScriptBlock, C:\Users\alexa\OneDrive\Documents\PowerShell\Modules\Pester\5.7.1\Pester.psm1:2160
at Invoke-Block, C:\Users\alexa\OneDrive\Documents\PowerShell\Modules\Pester\5.7.1\Pester.psm1:940
at &lt;ScriptBlock&gt;, C:\Users\alexa\OneDrive\Documents\PowerShell\Modules\Pester\5.7.1\Pester.psm1:893
at &lt;ScriptBlock&gt;, C:\Users\alexa\OneDrive\Documents\PowerShell\Modules\Pester\5.7.1\Pester.psm1:2024
at &lt;ScriptBlock&gt;, C:\Users\alexa\OneDrive\Documents\PowerShell\Modules\Pester\5.7.1\Pester.psm1:1985
at Invoke-ScriptBlock, C:\Users\alexa\OneDrive\Documents\PowerShell\Modules\Pester\5.7.1\Pester.psm1:2160
at Invoke-Block, C:\Users\alexa\OneDrive\Documents\PowerShell\Modules\Pester\5.7.1\Pester.psm1:940
at &lt;ScriptBlock&gt;, C:\Users\alexa\OneDrive\Documents\PowerShell\Modules\Pester\5.7.1\Pester.psm1:893
at &lt;ScriptBlock&gt;, C:\Users\alexa\OneDrive\Documents\PowerShell\Modules\Pester\5.7.1\Pester.psm1:2024
at &lt;ScriptBlock&gt;, C:\Users\alexa\OneDrive\Documents\PowerShell\Modules\Pester\5.7.1\Pester.psm1:1985
at Invoke-ScriptBlock, C:\Users\alexa\OneDrive\Documents\PowerShell\Modules\Pester\5.7.1\Pester.psm1:2160
at Invoke-Block, C:\Users\alexa\OneDrive\Documents\PowerShell\Modules\Pester\5.7.1\Pester.psm1:940
at &lt;ScriptBlock&gt;, C:\Users\alexa\OneDrive\Documents\PowerShell\Modules\Pester\5.7.1\Pester.psm1:1688
at &lt;ScriptBlock&gt;, C:\Users\alexa\OneDrive\Documents\PowerShell\Modules\Pester\5.7.1\Pester.ps1:3
at &lt;ScriptBlock&gt;, C:\Users\alexa\OneDrive\Documents\PowerShell\Modules\Pester\5.7.1\Pester.psm1:3260
at Invoke-InNewScriptScope, C:\Users\alexa\OneDrive\Documents\PowerShell\Modules\Pester\5.7.1\Pester.psm1:3267
at Run-Test, C:\Users\alexa\OneDrive\Documents\PowerShell\Modules\Pester\5.7.1\Pester.psm1:1691
at Invoke-Test, C:\Users\alexa\OneDrive\Documents\PowerShell\Modules\Pester\5.7.1\Pester.psm1:2512
at Invoke-Pester&lt;End&gt;, C:\Users\alexa\OneDrive\Documents\PowerShell\Modules\Pester\5.7.1\Pester.psm1:4960
at &lt;ScriptBlock&gt;, &lt;No file&gt;:1</stack-trace>
                    </failure>
                  </test-case>
                </results>
              </test-suite>
              <test-suite type="TestFixture" name="Invoke-LabDownload Tests.Functionality Tests" executed="True" result="Failure" success="False" time="0.2334" asserts="0" description="Invoke-LabDownload Tests.Functionality Tests">
                <results>
                  <test-case description="should execute without errors" name="Invoke-LabDownload Tests.Functionality Tests.should execute without errors" time="0.1097" asserts="0" success="False" result="Failure" executed="True">
                    <failure>
                      <message>RuntimeException: Should operator 'Be' is not registered
CmdletInvocationException: Should operator 'Be' is not registered
CommandNotFoundException: The 'Should' command was found in the module 'Pester', but the module could not be loaded due to the following error: [Should operator 'Be' is not registered]
For more information, run 'Import-Module Pester'.</message>
                      <stack-trace>at &lt;ScriptBlock&gt;, $env:PROJECT_ROOT\tests\integration\Invoke-LabDownload.Tests.ps1:17
at &lt;ScriptBlock&gt;, C:\Users\alexa\OneDrive\Documents\PowerShell\Modules\Pester\5.7.1\Pester.psm1:2024
at &lt;ScriptBlock&gt;, C:\Users\alexa\OneDrive\Documents\PowerShell\Modules\Pester\5.7.1\Pester.psm1:1985
at Invoke-ScriptBlock, C:\Users\alexa\OneDrive\Documents\PowerShell\Modules\Pester\5.7.1\Pester.psm1:2157
at Invoke-TestItem, C:\Users\alexa\OneDrive\Documents\PowerShell\Modules\Pester\5.7.1\Pester.psm1:1199
at Invoke-Block, C:\Users\alexa\OneDrive\Documents\PowerShell\Modules\Pester\5.7.1\Pester.psm1:835
at &lt;ScriptBlock&gt;, C:\Users\alexa\OneDrive\Documents\PowerShell\Modules\Pester\5.7.1\Pester.psm1:893
at &lt;ScriptBlock&gt;, C:\Users\alexa\OneDrive\Documents\PowerShell\Modules\Pester\5.7.1\Pester.psm1:2024
at &lt;ScriptBlock&gt;, C:\Users\alexa\OneDrive\Documents\PowerShell\Modules\Pester\5.7.1\Pester.psm1:1985
at Invoke-ScriptBlock, C:\Users\alexa\OneDrive\Documents\PowerShell\Modules\Pester\5.7.1\Pester.psm1:2160
at Invoke-Block, C:\Users\alexa\OneDrive\Documents\PowerShell\Modules\Pester\5.7.1\Pester.psm1:940
at &lt;ScriptBlock&gt;, C:\Users\alexa\OneDrive\Documents\PowerShell\Modules\Pester\5.7.1\Pester.psm1:893
at &lt;ScriptBlock&gt;, C:\Users\alexa\OneDrive\Documents\PowerShell\Modules\Pester\5.7.1\Pester.psm1:2024
at &lt;ScriptBlock&gt;, C:\Users\alexa\OneDrive\Documents\PowerShell\Modules\Pester\5.7.1\Pester.psm1:1985
at Invoke-ScriptBlock, C:\Users\alexa\OneDrive\Documents\PowerShell\Modules\Pester\5.7.1\Pester.psm1:2160
at Invoke-Block, C:\Users\alexa\OneDrive\Documents\PowerShell\Modules\Pester\5.7.1\Pester.psm1:940
at &lt;ScriptBlock&gt;, C:\Users\alexa\OneDrive\Documents\PowerShell\Modules\Pester\5.7.1\Pester.psm1:893
at &lt;ScriptBlock&gt;, C:\Users\alexa\OneDrive\Documents\PowerShell\Modules\Pester\5.7.1\Pester.psm1:2024
at &lt;ScriptBlock&gt;, C:\Users\alexa\OneDrive\Documents\PowerShell\Modules\Pester\5.7.1\Pester.psm1:1985
at Invoke-ScriptBlock, C:\Users\alexa\OneDrive\Documents\PowerShell\Modules\Pester\5.7.1\Pester.psm1:2160
at Invoke-Block, C:\Users\alexa\OneDrive\Documents\PowerShell\Modules\Pester\5.7.1\Pester.psm1:940
at &lt;ScriptBlock&gt;, C:\Users\alexa\OneDrive\Documents\PowerShell\Modules\Pester\5.7.1\Pester.psm1:1688
at &lt;ScriptBlock&gt;, C:\Users\alexa\OneDrive\Documents\PowerShell\Modules\Pester\5.7.1\Pester.ps1:3
at &lt;ScriptBlock&gt;, C:\Users\alexa\OneDrive\Documents\PowerShell\Modules\Pester\5.7.1\Pester.psm1:3260
at Invoke-InNewScriptScope, C:\Users\alexa\OneDrive\Documents\PowerShell\Modules\Pester\5.7.1\Pester.psm1:3267
at Run-Test, C:\Users\alexa\OneDrive\Documents\PowerShell\Modules\Pester\5.7.1\Pester.psm1:1691
at Invoke-Test, C:\Users\alexa\OneDrive\Documents\PowerShell\Modules\Pester\5.7.1\Pester.psm1:2512
at Invoke-Pester&lt;End&gt;, C:\Users\alexa\OneDrive\Documents\PowerShell\Modules\Pester\5.7.1\Pester.psm1:4960
at &lt;ScriptBlock&gt;, &lt;No file&gt;:1</stack-trace>
                    </failure>
                  </test-case>
                </results>
              </test-suite>
            </results>
          </test-suite>
        </results>
      </test-suite>
      <test-suite type="TestFixture" name="$env:PROJECT_ROOT\tests\integration\InvokeOpenTofuInstaller.Tests.ps1" executed="True" result="Failure" success="False" time="0.2821" asserts="0" description="$env:PROJECT_ROOT\tests\integration\InvokeOpenTofuInstaller.Tests.ps1">
        <results>
          <test-suite type="TestFixture" name="InvokeOpenTofuInstaller Tests" executed="True" result="Failure" success="False" time="0.2452" asserts="0" description="InvokeOpenTofuInstaller Tests">
            <results>
              <test-suite type="TestFixture" name="InvokeOpenTofuInstaller Tests.Module Loading" executed="True" result="Failure" success="False" time="0.1184" asserts="0" description="InvokeOpenTofuInstaller Tests.Module Loading">
                <results>
                  <test-case description="should load required modules" name="InvokeOpenTofuInstaller Tests.Module Loading.should load required modules" time="0.1153" asserts="0" success="False" result="Failure" executed="True">
                    <failure>
                      <message>RuntimeException: Should operator 'Be' is not registered
CmdletInvocationException: Should operator 'Be' is not registered
CommandNotFoundException: The 'Should' command was found in the module 'Pester', but the module could not be loaded due to the following error: [Should operator 'Be' is not registered]
For more information, run 'Import-Module Pester'.</message>
                      <stack-trace>at &lt;ScriptBlock&gt;, $env:PROJECT_ROOT\tests\integration\InvokeOpenTofuInstaller.Tests.ps1:10
at &lt;ScriptBlock&gt;, C:\Users\alexa\OneDrive\Documents\PowerShell\Modules\Pester\5.7.1\Pester.psm1:2024
at &lt;ScriptBlock&gt;, C:\Users\alexa\OneDrive\Documents\PowerShell\Modules\Pester\5.7.1\Pester.psm1:1985
at Invoke-ScriptBlock, C:\Users\alexa\OneDrive\Documents\PowerShell\Modules\Pester\5.7.1\Pester.psm1:2157
at Invoke-TestItem, C:\Users\alexa\OneDrive\Documents\PowerShell\Modules\Pester\5.7.1\Pester.psm1:1199
at Invoke-Block, C:\Users\alexa\OneDrive\Documents\PowerShell\Modules\Pester\5.7.1\Pester.psm1:835
at &lt;ScriptBlock&gt;, C:\Users\alexa\OneDrive\Documents\PowerShell\Modules\Pester\5.7.1\Pester.psm1:893
at &lt;ScriptBlock&gt;, C:\Users\alexa\OneDrive\Documents\PowerShell\Modules\Pester\5.7.1\Pester.psm1:2024
at &lt;ScriptBlock&gt;, C:\Users\alexa\OneDrive\Documents\PowerShell\Modules\Pester\5.7.1\Pester.psm1:1985
at Invoke-ScriptBlock, C:\Users\alexa\OneDrive\Documents\PowerShell\Modules\Pester\5.7.1\Pester.psm1:2160
at Invoke-Block, C:\Users\alexa\OneDrive\Documents\PowerShell\Modules\Pester\5.7.1\Pester.psm1:940
at &lt;ScriptBlock&gt;, C:\Users\alexa\OneDrive\Documents\PowerShell\Modules\Pester\5.7.1\Pester.psm1:893
at &lt;ScriptBlock&gt;, C:\Users\alexa\OneDrive\Documents\PowerShell\Modules\Pester\5.7.1\Pester.psm1:2024
at &lt;ScriptBlock&gt;, C:\Users\alexa\OneDrive\Documents\PowerShell\Modules\Pester\5.7.1\Pester.psm1:1985
at Invoke-ScriptBlock, C:\Users\alexa\OneDrive\Documents\PowerShell\Modules\Pester\5.7.1\Pester.psm1:2160
at Invoke-Block, C:\Users\alexa\OneDrive\Documents\PowerShell\Modules\Pester\5.7.1\Pester.psm1:940
at &lt;ScriptBlock&gt;, C:\Users\alexa\OneDrive\Documents\PowerShell\Modules\Pester\5.7.1\Pester.psm1:893
at &lt;ScriptBlock&gt;, C:\Users\alexa\OneDrive\Documents\PowerShell\Modules\Pester\5.7.1\Pester.psm1:2024
at &lt;ScriptBlock&gt;, C:\Users\alexa\OneDrive\Documents\PowerShell\Modules\Pester\5.7.1\Pester.psm1:1985
at Invoke-ScriptBlock, C:\Users\alexa\OneDrive\Documents\PowerShell\Modules\Pester\5.7.1\Pester.psm1:2160
at Invoke-Block, C:\Users\alexa\OneDrive\Documents\PowerShell\Modules\Pester\5.7.1\Pester.psm1:940
at &lt;ScriptBlock&gt;, C:\Users\alexa\OneDrive\Documents\PowerShell\Modules\Pester\5.7.1\Pester.psm1:1688
at &lt;ScriptBlock&gt;, C:\Users\alexa\OneDrive\Documents\PowerShell\Modules\Pester\5.7.1\Pester.ps1:3
at &lt;ScriptBlock&gt;, C:\Users\alexa\OneDrive\Documents\PowerShell\Modules\Pester\5.7.1\Pester.psm1:3260
at Invoke-InNewScriptScope, C:\Users\alexa\OneDrive\Documents\PowerShell\Modules\Pester\5.7.1\Pester.psm1:3267
at Run-Test, C:\Users\alexa\OneDrive\Documents\PowerShell\Modules\Pester\5.7.1\Pester.psm1:1691
at Invoke-Test, C:\Users\alexa\OneDrive\Documents\PowerShell\Modules\Pester\5.7.1\Pester.psm1:2512
at Invoke-Pester&lt;End&gt;, C:\Users\alexa\OneDrive\Documents\PowerShell\Modules\Pester\5.7.1\Pester.psm1:4960
at &lt;ScriptBlock&gt;, &lt;No file&gt;:1</stack-trace>
                    </failure>
                  </test-case>
                </results>
              </test-suite>
              <test-suite type="TestFixture" name="InvokeOpenTofuInstaller Tests.Functionality Tests" executed="True" result="Failure" success="False" time="0.232" asserts="0" description="InvokeOpenTofuInstaller Tests.Functionality Tests">
                <results>
                  <test-case description="should execute without errors" name="InvokeOpenTofuInstaller Tests.Functionality Tests.should execute without errors" time="0.1108" asserts="0" success="False" result="Failure" executed="True">
                    <failure>
                      <message>RuntimeException: Should operator 'Be' is not registered
CmdletInvocationException: Should operator 'Be' is not registered
CommandNotFoundException: The 'Should' command was found in the module 'Pester', but the module could not be loaded due to the following error: [Should operator 'Be' is not registered]
For more information, run 'Import-Module Pester'.</message>
                      <stack-trace>at &lt;ScriptBlock&gt;, $env:PROJECT_ROOT\tests\integration\InvokeOpenTofuInstaller.Tests.ps1:17
at &lt;ScriptBlock&gt;, C:\Users\alexa\OneDrive\Documents\PowerShell\Modules\Pester\5.7.1\Pester.psm1:2024
at &lt;ScriptBlock&gt;, C:\Users\alexa\OneDrive\Documents\PowerShell\Modules\Pester\5.7.1\Pester.psm1:1985
at Invoke-ScriptBlock, C:\Users\alexa\OneDrive\Documents\PowerShell\Modules\Pester\5.7.1\Pester.psm1:2157
at Invoke-TestItem, C:\Users\alexa\OneDrive\Documents\PowerShell\Modules\Pester\5.7.1\Pester.psm1:1199
at Invoke-Block, C:\Users\alexa\OneDrive\Documents\PowerShell\Modules\Pester\5.7.1\Pester.psm1:835
at &lt;ScriptBlock&gt;, C:\Users\alexa\OneDrive\Documents\PowerShell\Modules\Pester\5.7.1\Pester.psm1:893
at &lt;ScriptBlock&gt;, C:\Users\alexa\OneDrive\Documents\PowerShell\Modules\Pester\5.7.1\Pester.psm1:2024
at &lt;ScriptBlock&gt;, C:\Users\alexa\OneDrive\Documents\PowerShell\Modules\Pester\5.7.1\Pester.psm1:1985
at Invoke-ScriptBlock, C:\Users\alexa\OneDrive\Documents\PowerShell\Modules\Pester\5.7.1\Pester.psm1:2160
at Invoke-Block, C:\Users\alexa\OneDrive\Documents\PowerShell\Modules\Pester\5.7.1\Pester.psm1:940
at &lt;ScriptBlock&gt;, C:\Users\alexa\OneDrive\Documents\PowerShell\Modules\Pester\5.7.1\Pester.psm1:893
at &lt;ScriptBlock&gt;, C:\Users\alexa\OneDrive\Documents\PowerShell\Modules\Pester\5.7.1\Pester.psm1:2024
at &lt;ScriptBlock&gt;, C:\Users\alexa\OneDrive\Documents\PowerShell\Modules\Pester\5.7.1\Pester.psm1:1985
at Invoke-ScriptBlock, C:\Users\alexa\OneDrive\Documents\PowerShell\Modules\Pester\5.7.1\Pester.psm1:2160
at Invoke-Block, C:\Users\alexa\OneDrive\Documents\PowerShell\Modules\Pester\5.7.1\Pester.psm1:940
at &lt;ScriptBlock&gt;, C:\Users\alexa\OneDrive\Documents\PowerShell\Modules\Pester\5.7.1\Pester.psm1:893
at &lt;ScriptBlock&gt;, C:\Users\alexa\OneDrive\Documents\PowerShell\Modules\Pester\5.7.1\Pester.psm1:2024
at &lt;ScriptBlock&gt;, C:\Users\alexa\OneDrive\Documents\PowerShell\Modules\Pester\5.7.1\Pester.psm1:1985
at Invoke-ScriptBlock, C:\Users\alexa\OneDrive\Documents\PowerShell\Modules\Pester\5.7.1\Pester.psm1:2160
at Invoke-Block, C:\Users\alexa\OneDrive\Documents\PowerShell\Modules\Pester\5.7.1\Pester.psm1:940
at &lt;ScriptBlock&gt;, C:\Users\alexa\OneDrive\Documents\PowerShell\Modules\Pester\5.7.1\Pester.psm1:1688
at &lt;ScriptBlock&gt;, C:\Users\alexa\OneDrive\Documents\PowerShell\Modules\Pester\5.7.1\Pester.ps1:3
at &lt;ScriptBlock&gt;, C:\Users\alexa\OneDrive\Documents\PowerShell\Modules\Pester\5.7.1\Pester.psm1:3260
at Invoke-InNewScriptScope, C:\Users\alexa\OneDrive\Documents\PowerShell\Modules\Pester\5.7.1\Pester.psm1:3267
at Run-Test, C:\Users\alexa\OneDrive\Documents\PowerShell\Modules\Pester\5.7.1\Pester.psm1:1691
at Invoke-Test, C:\Users\alexa\OneDrive\Documents\PowerShell\Modules\Pester\5.7.1\Pester.psm1:2512
at Invoke-Pester&lt;End&gt;, C:\Users\alexa\OneDrive\Documents\PowerShell\Modules\Pester\5.7.1\Pester.psm1:4960
at &lt;ScriptBlock&gt;, &lt;No file&gt;:1</stack-trace>
                    </failure>
                  </test-case>
                </results>
              </test-suite>
            </results>
          </test-suite>
        </results>
      </test-suite>
      <test-suite type="TestFixture" name="$env:PROJECT_ROOT\tests\integration\kicker-bootstrap.Tests.ps1" executed="True" result="Failure" success="False" time="0.2882" asserts="0" description="$env:PROJECT_ROOT\tests\integration\kicker-bootstrap.Tests.ps1">
        <results>
          <test-suite type="TestFixture" name="kicker-bootstrap Tests" executed="True" result="Failure" success="False" time="0.2461" asserts="0" description="kicker-bootstrap Tests">
            <results>
              <test-suite type="TestFixture" name="kicker-bootstrap Tests.Module Loading" executed="True" result="Failure" success="False" time="0.1196" asserts="0" description="kicker-bootstrap Tests.Module Loading">
                <results>
                  <test-case description="should load required modules" name="kicker-bootstrap Tests.Module Loading.should load required modules" time="0.1171" asserts="0" success="False" result="Failure" executed="True">
                    <failure>
                      <message>RuntimeException: Should operator 'Be' is not registered
CmdletInvocationException: Should operator 'Be' is not registered
CommandNotFoundException: The 'Should' command was found in the module 'Pester', but the module could not be loaded due to the following error: [Should operator 'Be' is not registered]
For more information, run 'Import-Module Pester'.</message>
                      <stack-trace>at &lt;ScriptBlock&gt;, $env:PROJECT_ROOT\tests\integration\kicker-bootstrap.Tests.ps1:10
at &lt;ScriptBlock&gt;, C:\Users\alexa\OneDrive\Documents\PowerShell\Modules\Pester\5.7.1\Pester.psm1:2024
at &lt;ScriptBlock&gt;, C:\Users\alexa\OneDrive\Documents\PowerShell\Modules\Pester\5.7.1\Pester.psm1:1985
at Invoke-ScriptBlock, C:\Users\alexa\OneDrive\Documents\PowerShell\Modules\Pester\5.7.1\Pester.psm1:2157
at Invoke-TestItem, C:\Users\alexa\OneDrive\Documents\PowerShell\Modules\Pester\5.7.1\Pester.psm1:1199
at Invoke-Block, C:\Users\alexa\OneDrive\Documents\PowerShell\Modules\Pester\5.7.1\Pester.psm1:835
at &lt;ScriptBlock&gt;, C:\Users\alexa\OneDrive\Documents\PowerShell\Modules\Pester\5.7.1\Pester.psm1:893
at &lt;ScriptBlock&gt;, C:\Users\alexa\OneDrive\Documents\PowerShell\Modules\Pester\5.7.1\Pester.psm1:2024
at &lt;ScriptBlock&gt;, C:\Users\alexa\OneDrive\Documents\PowerShell\Modules\Pester\5.7.1\Pester.psm1:1985
at Invoke-ScriptBlock, C:\Users\alexa\OneDrive\Documents\PowerShell\Modules\Pester\5.7.1\Pester.psm1:2160
at Invoke-Block, C:\Users\alexa\OneDrive\Documents\PowerShell\Modules\Pester\5.7.1\Pester.psm1:940
at &lt;ScriptBlock&gt;, C:\Users\alexa\OneDrive\Documents\PowerShell\Modules\Pester\5.7.1\Pester.psm1:893
at &lt;ScriptBlock&gt;, C:\Users\alexa\OneDrive\Documents\PowerShell\Modules\Pester\5.7.1\Pester.psm1:2024
at &lt;ScriptBlock&gt;, C:\Users\alexa\OneDrive\Documents\PowerShell\Modules\Pester\5.7.1\Pester.psm1:1985
at Invoke-ScriptBlock, C:\Users\alexa\OneDrive\Documents\PowerShell\Modules\Pester\5.7.1\Pester.psm1:2160
at Invoke-Block, C:\Users\alexa\OneDrive\Documents\PowerShell\Modules\Pester\5.7.1\Pester.psm1:940
at &lt;ScriptBlock&gt;, C:\Users\alexa\OneDrive\Documents\PowerShell\Modules\Pester\5.7.1\Pester.psm1:893
at &lt;ScriptBlock&gt;, C:\Users\alexa\OneDrive\Documents\PowerShell\Modules\Pester\5.7.1\Pester.psm1:2024
at &lt;ScriptBlock&gt;, C:\Users\alexa\OneDrive\Documents\PowerShell\Modules\Pester\5.7.1\Pester.psm1:1985
at Invoke-ScriptBlock, C:\Users\alexa\OneDrive\Documents\PowerShell\Modules\Pester\5.7.1\Pester.psm1:2160
at Invoke-Block, C:\Users\alexa\OneDrive\Documents\PowerShell\Modules\Pester\5.7.1\Pester.psm1:940
at &lt;ScriptBlock&gt;, C:\Users\alexa\OneDrive\Documents\PowerShell\Modules\Pester\5.7.1\Pester.psm1:1688
at &lt;ScriptBlock&gt;, C:\Users\alexa\OneDrive\Documents\PowerShell\Modules\Pester\5.7.1\Pester.ps1:3
at &lt;ScriptBlock&gt;, C:\Users\alexa\OneDrive\Documents\PowerShell\Modules\Pester\5.7.1\Pester.psm1:3260
at Invoke-InNewScriptScope, C:\Users\alexa\OneDrive\Documents\PowerShell\Modules\Pester\5.7.1\Pester.psm1:3267
at Run-Test, C:\Users\alexa\OneDrive\Documents\PowerShell\Modules\Pester\5.7.1\Pester.psm1:1691
at Invoke-Test, C:\Users\alexa\OneDrive\Documents\PowerShell\Modules\Pester\5.7.1\Pester.psm1:2512
at Invoke-Pester&lt;End&gt;, C:\Users\alexa\OneDrive\Documents\PowerShell\Modules\Pester\5.7.1\Pester.psm1:4960
at &lt;ScriptBlock&gt;, &lt;No file&gt;:1</stack-trace>
                    </failure>
                  </test-case>
                </results>
              </test-suite>
              <test-suite type="TestFixture" name="kicker-bootstrap Tests.Functionality Tests" executed="True" result="Failure" success="False" time="0.2324" asserts="0" description="kicker-bootstrap Tests.Functionality Tests">
                <results>
                  <test-case description="should execute without errors" name="kicker-bootstrap Tests.Functionality Tests.should execute without errors" time="0.1102" asserts="0" success="False" result="Failure" executed="True">
                    <failure>
                      <message>RuntimeException: Should operator 'Be' is not registered
CmdletInvocationException: Should operator 'Be' is not registered
CommandNotFoundException: The 'Should' command was found in the module 'Pester', but the module could not be loaded due to the following error: [Should operator 'Be' is not registered]
For more information, run 'Import-Module Pester'.</message>
                      <stack-trace>at &lt;ScriptBlock&gt;, $env:PROJECT_ROOT\tests\integration\kicker-bootstrap.Tests.ps1:17
at &lt;ScriptBlock&gt;, C:\Users\alexa\OneDrive\Documents\PowerShell\Modules\Pester\5.7.1\Pester.psm1:2024
at &lt;ScriptBlock&gt;, C:\Users\alexa\OneDrive\Documents\PowerShell\Modules\Pester\5.7.1\Pester.psm1:1985
at Invoke-ScriptBlock, C:\Users\alexa\OneDrive\Documents\PowerShell\Modules\Pester\5.7.1\Pester.psm1:2157
at Invoke-TestItem, C:\Users\alexa\OneDrive\Documents\PowerShell\Modules\Pester\5.7.1\Pester.psm1:1199
at Invoke-Block, C:\Users\alexa\OneDrive\Documents\PowerShell\Modules\Pester\5.7.1\Pester.psm1:835
at &lt;ScriptBlock&gt;, C:\Users\alexa\OneDrive\Documents\PowerShell\Modules\Pester\5.7.1\Pester.psm1:893
at &lt;ScriptBlock&gt;, C:\Users\alexa\OneDrive\Documents\PowerShell\Modules\Pester\5.7.1\Pester.psm1:2024
at &lt;ScriptBlock&gt;, C:\Users\alexa\OneDrive\Documents\PowerShell\Modules\Pester\5.7.1\Pester.psm1:1985
at Invoke-ScriptBlock, C:\Users\alexa\OneDrive\Documents\PowerShell\Modules\Pester\5.7.1\Pester.psm1:2160
at Invoke-Block, C:\Users\alexa\OneDrive\Documents\PowerShell\Modules\Pester\5.7.1\Pester.psm1:940
at &lt;ScriptBlock&gt;, C:\Users\alexa\OneDrive\Documents\PowerShell\Modules\Pester\5.7.1\Pester.psm1:893
at &lt;ScriptBlock&gt;, C:\Users\alexa\OneDrive\Documents\PowerShell\Modules\Pester\5.7.1\Pester.psm1:2024
at &lt;ScriptBlock&gt;, C:\Users\alexa\OneDrive\Documents\PowerShell\Modules\Pester\5.7.1\Pester.psm1:1985
at Invoke-ScriptBlock, C:\Users\alexa\OneDrive\Documents\PowerShell\Modules\Pester\5.7.1\Pester.psm1:2160
at Invoke-Block, C:\Users\alexa\OneDrive\Documents\PowerShell\Modules\Pester\5.7.1\Pester.psm1:940
at &lt;ScriptBlock&gt;, C:\Users\alexa\OneDrive\Documents\PowerShell\Modules\Pester\5.7.1\Pester.psm1:893
at &lt;ScriptBlock&gt;, C:\Users\alexa\OneDrive\Documents\PowerShell\Modules\Pester\5.7.1\Pester.psm1:2024
at &lt;ScriptBlock&gt;, C:\Users\alexa\OneDrive\Documents\PowerShell\Modules\Pester\5.7.1\Pester.psm1:1985
at Invoke-ScriptBlock, C:\Users\alexa\OneDrive\Documents\PowerShell\Modules\Pester\5.7.1\Pester.psm1:2160
at Invoke-Block, C:\Users\alexa\OneDrive\Documents\PowerShell\Modules\Pester\5.7.1\Pester.psm1:940
at &lt;ScriptBlock&gt;, C:\Users\alexa\OneDrive\Documents\PowerShell\Modules\Pester\5.7.1\Pester.psm1:1688
at &lt;ScriptBlock&gt;, C:\Users\alexa\OneDrive\Documents\PowerShell\Modules\Pester\5.7.1\Pester.ps1:3
at &lt;ScriptBlock&gt;, C:\Users\alexa\OneDrive\Documents\PowerShell\Modules\Pester\5.7.1\Pester.psm1:3260
at Invoke-InNewScriptScope, C:\Users\alexa\OneDrive\Documents\PowerShell\Modules\Pester\5.7.1\Pester.psm1:3267
at Run-Test, C:\Users\alexa\OneDrive\Documents\PowerShell\Modules\Pester\5.7.1\Pester.psm1:1691
at Invoke-Test, C:\Users\alexa\OneDrive\Documents\PowerShell\Modules\Pester\5.7.1\Pester.psm1:2512
at Invoke-Pester&lt;End&gt;, C:\Users\alexa\OneDrive\Documents\PowerShell\Modules\Pester\5.7.1\Pester.psm1:4960
at &lt;ScriptBlock&gt;, &lt;No file&gt;:1</stack-trace>
                    </failure>
                  </test-case>
                </results>
              </test-suite>
            </results>
          </test-suite>
        </results>
      </test-suite>
      <test-suite type="TestFixture" name="$env:PROJECT_ROOT\tests\integration\Kickstart-Bootstrap.Tests.ps1" executed="True" result="Failure" success="False" time="0.2806" asserts="0" description="$env:PROJECT_ROOT\tests\integration\Kickstart-Bootstrap.Tests.ps1">
        <results>
          <test-suite type="TestFixture" name="Kickstart-Bootstrap Tests" executed="True" result="Failure" success="False" time="0.2458" asserts="0" description="Kickstart-Bootstrap Tests">
            <results>
              <test-suite type="TestFixture" name="Kickstart-Bootstrap Tests.Module Loading" executed="True" result="Failure" success="False" time="0.1165" asserts="0" description="Kickstart-Bootstrap Tests.Module Loading">
                <results>
                  <test-case description="should load required modules" name="Kickstart-Bootstrap Tests.Module Loading.should load required modules" time="0.1098" asserts="0" success="False" result="Failure" executed="True">
                    <failure>
                      <message>RuntimeException: Should operator 'Be' is not registered
CmdletInvocationException: Should operator 'Be' is not registered
CommandNotFoundException: The 'Should' command was found in the module 'Pester', but the module could not be loaded due to the following error: [Should operator 'Be' is not registered]
For more information, run 'Import-Module Pester'.</message>
                      <stack-trace>at &lt;ScriptBlock&gt;, $env:PROJECT_ROOT\tests\integration\Kickstart-Bootstrap.Tests.ps1:10
at &lt;ScriptBlock&gt;, C:\Users\alexa\OneDrive\Documents\PowerShell\Modules\Pester\5.7.1\Pester.psm1:2024
at &lt;ScriptBlock&gt;, C:\Users\alexa\OneDrive\Documents\PowerShell\Modules\Pester\5.7.1\Pester.psm1:1985
at Invoke-ScriptBlock, C:\Users\alexa\OneDrive\Documents\PowerShell\Modules\Pester\5.7.1\Pester.psm1:2157
at Invoke-TestItem, C:\Users\alexa\OneDrive\Documents\PowerShell\Modules\Pester\5.7.1\Pester.psm1:1199
at Invoke-Block, C:\Users\alexa\OneDrive\Documents\PowerShell\Modules\Pester\5.7.1\Pester.psm1:835
at &lt;ScriptBlock&gt;, C:\Users\alexa\OneDrive\Documents\PowerShell\Modules\Pester\5.7.1\Pester.psm1:893
at &lt;ScriptBlock&gt;, C:\Users\alexa\OneDrive\Documents\PowerShell\Modules\Pester\5.7.1\Pester.psm1:2024
at &lt;ScriptBlock&gt;, C:\Users\alexa\OneDrive\Documents\PowerShell\Modules\Pester\5.7.1\Pester.psm1:1985
at Invoke-ScriptBlock, C:\Users\alexa\OneDrive\Documents\PowerShell\Modules\Pester\5.7.1\Pester.psm1:2160
at Invoke-Block, C:\Users\alexa\OneDrive\Documents\PowerShell\Modules\Pester\5.7.1\Pester.psm1:940
at &lt;ScriptBlock&gt;, C:\Users\alexa\OneDrive\Documents\PowerShell\Modules\Pester\5.7.1\Pester.psm1:893
at &lt;ScriptBlock&gt;, C:\Users\alexa\OneDrive\Documents\PowerShell\Modules\Pester\5.7.1\Pester.psm1:2024
at &lt;ScriptBlock&gt;, C:\Users\alexa\OneDrive\Documents\PowerShell\Modules\Pester\5.7.1\Pester.psm1:1985
at Invoke-ScriptBlock, C:\Users\alexa\OneDrive\Documents\PowerShell\Modules\Pester\5.7.1\Pester.psm1:2160
at Invoke-Block, C:\Users\alexa\OneDrive\Documents\PowerShell\Modules\Pester\5.7.1\Pester.psm1:940
at &lt;ScriptBlock&gt;, C:\Users\alexa\OneDrive\Documents\PowerShell\Modules\Pester\5.7.1\Pester.psm1:893
at &lt;ScriptBlock&gt;, C:\Users\alexa\OneDrive\Documents\PowerShell\Modules\Pester\5.7.1\Pester.psm1:2024
at &lt;ScriptBlock&gt;, C:\Users\alexa\OneDrive\Documents\PowerShell\Modules\Pester\5.7.1\Pester.psm1:1985
at Invoke-ScriptBlock, C:\Users\alexa\OneDrive\Documents\PowerShell\Modules\Pester\5.7.1\Pester.psm1:2160
at Invoke-Block, C:\Users\alexa\OneDrive\Documents\PowerShell\Modules\Pester\5.7.1\Pester.psm1:940
at &lt;ScriptBlock&gt;, C:\Users\alexa\OneDrive\Documents\PowerShell\Modules\Pester\5.7.1\Pester.psm1:1688
at &lt;ScriptBlock&gt;, C:\Users\alexa\OneDrive\Documents\PowerShell\Modules\Pester\5.7.1\Pester.ps1:3
at &lt;ScriptBlock&gt;, C:\Users\alexa\OneDrive\Documents\PowerShell\Modules\Pester\5.7.1\Pester.psm1:3260
at Invoke-InNewScriptScope, C:\Users\alexa\OneDrive\Documents\PowerShell\Modules\Pester\5.7.1\Pester.psm1:3267
at Run-Test, C:\Users\alexa\OneDrive\Documents\PowerShell\Modules\Pester\5.7.1\Pester.psm1:1691
at Invoke-Test, C:\Users\alexa\OneDrive\Documents\PowerShell\Modules\Pester\5.7.1\Pester.psm1:2512
at Invoke-Pester&lt;End&gt;, C:\Users\alexa\OneDrive\Documents\PowerShell\Modules\Pester\5.7.1\Pester.psm1:4960
at &lt;ScriptBlock&gt;, &lt;No file&gt;:1</stack-trace>
                    </failure>
                  </test-case>
                </results>
              </test-suite>
              <test-suite type="TestFixture" name="Kickstart-Bootstrap Tests.Functionality Tests" executed="True" result="Failure" success="False" time="0.2327" asserts="0" description="Kickstart-Bootstrap Tests.Functionality Tests">
                <results>
                  <test-case description="should execute without errors" name="Kickstart-Bootstrap Tests.Functionality Tests.should execute without errors" time="0.1136" asserts="0" success="False" result="Failure" executed="True">
                    <failure>
                      <message>RuntimeException: Should operator 'Be' is not registered
CmdletInvocationException: Should operator 'Be' is not registered
CommandNotFoundException: The 'Should' command was found in the module 'Pester', but the module could not be loaded due to the following error: [Should operator 'Be' is not registered]
For more information, run 'Import-Module Pester'.</message>
                      <stack-trace>at &lt;ScriptBlock&gt;, $env:PROJECT_ROOT\tests\integration\Kickstart-Bootstrap.Tests.ps1:17
at &lt;ScriptBlock&gt;, C:\Users\alexa\OneDrive\Documents\PowerShell\Modules\Pester\5.7.1\Pester.psm1:2024
at &lt;ScriptBlock&gt;, C:\Users\alexa\OneDrive\Documents\PowerShell\Modules\Pester\5.7.1\Pester.psm1:1985
at Invoke-ScriptBlock, C:\Users\alexa\OneDrive\Documents\PowerShell\Modules\Pester\5.7.1\Pester.psm1:2157
at Invoke-TestItem, C:\Users\alexa\OneDrive\Documents\PowerShell\Modules\Pester\5.7.1\Pester.psm1:1199
at Invoke-Block, C:\Users\alexa\OneDrive\Documents\PowerShell\Modules\Pester\5.7.1\Pester.psm1:835
at &lt;ScriptBlock&gt;, C:\Users\alexa\OneDrive\Documents\PowerShell\Modules\Pester\5.7.1\Pester.psm1:893
at &lt;ScriptBlock&gt;, C:\Users\alexa\OneDrive\Documents\PowerShell\Modules\Pester\5.7.1\Pester.psm1:2024
at &lt;ScriptBlock&gt;, C:\Users\alexa\OneDrive\Documents\PowerShell\Modules\Pester\5.7.1\Pester.psm1:1985
at Invoke-ScriptBlock, C:\Users\alexa\OneDrive\Documents\PowerShell\Modules\Pester\5.7.1\Pester.psm1:2160
at Invoke-Block, C:\Users\alexa\OneDrive\Documents\PowerShell\Modules\Pester\5.7.1\Pester.psm1:940
at &lt;ScriptBlock&gt;, C:\Users\alexa\OneDrive\Documents\PowerShell\Modules\Pester\5.7.1\Pester.psm1:893
at &lt;ScriptBlock&gt;, C:\Users\alexa\OneDrive\Documents\PowerShell\Modules\Pester\5.7.1\Pester.psm1:2024
at &lt;ScriptBlock&gt;, C:\Users\alexa\OneDrive\Documents\PowerShell\Modules\Pester\5.7.1\Pester.psm1:1985
at Invoke-ScriptBlock, C:\Users\alexa\OneDrive\Documents\PowerShell\Modules\Pester\5.7.1\Pester.psm1:2160
at Invoke-Block, C:\Users\alexa\OneDrive\Documents\PowerShell\Modules\Pester\5.7.1\Pester.psm1:940
at &lt;ScriptBlock&gt;, C:\Users\alexa\OneDrive\Documents\PowerShell\Modules\Pester\5.7.1\Pester.psm1:893
at &lt;ScriptBlock&gt;, C:\Users\alexa\OneDrive\Documents\PowerShell\Modules\Pester\5.7.1\Pester.psm1:2024
at &lt;ScriptBlock&gt;, C:\Users\alexa\OneDrive\Documents\PowerShell\Modules\Pester\5.7.1\Pester.psm1:1985
at Invoke-ScriptBlock, C:\Users\alexa\OneDrive\Documents\PowerShell\Modules\Pester\5.7.1\Pester.psm1:2160
at Invoke-Block, C:\Users\alexa\OneDrive\Documents\PowerShell\Modules\Pester\5.7.1\Pester.psm1:940
at &lt;ScriptBlock&gt;, C:\Users\alexa\OneDrive\Documents\PowerShell\Modules\Pester\5.7.1\Pester.psm1:1688
at &lt;ScriptBlock&gt;, C:\Users\alexa\OneDrive\Documents\PowerShell\Modules\Pester\5.7.1\Pester.ps1:3
at &lt;ScriptBlock&gt;, C:\Users\alexa\OneDrive\Documents\PowerShell\Modules\Pester\5.7.1\Pester.psm1:3260
at Invoke-InNewScriptScope, C:\Users\alexa\OneDrive\Documents\PowerShell\Modules\Pester\5.7.1\Pester.psm1:3267
at Run-Test, C:\Users\alexa\OneDrive\Documents\PowerShell\Modules\Pester\5.7.1\Pester.psm1:1691
at Invoke-Test, C:\Users\alexa\OneDrive\Documents\PowerShell\Modules\Pester\5.7.1\Pester.psm1:2512
at Invoke-Pester&lt;End&gt;, C:\Users\alexa\OneDrive\Documents\PowerShell\Modules\Pester\5.7.1\Pester.psm1:4960
at &lt;ScriptBlock&gt;, &lt;No file&gt;:1</stack-trace>
                    </failure>
                  </test-case>
                </results>
              </test-suite>
            </results>
          </test-suite>
        </results>
      </test-suite>
      <test-suite type="TestFixture" name="$env:PROJECT_ROOT\tests\integration\Logger.Tests.ps1" executed="True" result="Failure" success="False" time="0.2817" asserts="0" description="$env:PROJECT_ROOT\tests\integration\Logger.Tests.ps1">
        <results>
          <test-suite type="TestFixture" name="Logger Tests" executed="True" result="Failure" success="False" time="0.2433" asserts="0" description="Logger Tests">
            <results>
              <test-suite type="TestFixture" name="Logger Tests.Module Loading" executed="True" result="Failure" success="False" time="0.1122" asserts="0" description="Logger Tests.Module Loading">
                <results>
                  <test-case description="should load required modules" name="Logger Tests.Module Loading.should load required modules" time="0.1097" asserts="0" success="False" result="Failure" executed="True">
                    <failure>
                      <message>RuntimeException: Should operator 'Be' is not registered
CmdletInvocationException: Should operator 'Be' is not registered
CommandNotFoundException: The 'Should' command was found in the module 'Pester', but the module could not be loaded due to the following error: [Should operator 'Be' is not registered]
For more information, run 'Import-Module Pester'.</message>
                      <stack-trace>at &lt;ScriptBlock&gt;, $env:PROJECT_ROOT\tests\integration\Logger.Tests.ps1:10
at &lt;ScriptBlock&gt;, C:\Users\alexa\OneDrive\Documents\PowerShell\Modules\Pester\5.7.1\Pester.psm1:2024
at &lt;ScriptBlock&gt;, C:\Users\alexa\OneDrive\Documents\PowerShell\Modules\Pester\5.7.1\Pester.psm1:1985
at Invoke-ScriptBlock, C:\Users\alexa\OneDrive\Documents\PowerShell\Modules\Pester\5.7.1\Pester.psm1:2157
at Invoke-TestItem, C:\Users\alexa\OneDrive\Documents\PowerShell\Modules\Pester\5.7.1\Pester.psm1:1199
at Invoke-Block, C:\Users\alexa\OneDrive\Documents\PowerShell\Modules\Pester\5.7.1\Pester.psm1:835
at &lt;ScriptBlock&gt;, C:\Users\alexa\OneDrive\Documents\PowerShell\Modules\Pester\5.7.1\Pester.psm1:893
at &lt;ScriptBlock&gt;, C:\Users\alexa\OneDrive\Documents\PowerShell\Modules\Pester\5.7.1\Pester.psm1:2024
at &lt;ScriptBlock&gt;, C:\Users\alexa\OneDrive\Documents\PowerShell\Modules\Pester\5.7.1\Pester.psm1:1985
at Invoke-ScriptBlock, C:\Users\alexa\OneDrive\Documents\PowerShell\Modules\Pester\5.7.1\Pester.psm1:2160
at Invoke-Block, C:\Users\alexa\OneDrive\Documents\PowerShell\Modules\Pester\5.7.1\Pester.psm1:940
at &lt;ScriptBlock&gt;, C:\Users\alexa\OneDrive\Documents\PowerShell\Modules\Pester\5.7.1\Pester.psm1:893
at &lt;ScriptBlock&gt;, C:\Users\alexa\OneDrive\Documents\PowerShell\Modules\Pester\5.7.1\Pester.psm1:2024
at &lt;ScriptBlock&gt;, C:\Users\alexa\OneDrive\Documents\PowerShell\Modules\Pester\5.7.1\Pester.psm1:1985
at Invoke-ScriptBlock, C:\Users\alexa\OneDrive\Documents\PowerShell\Modules\Pester\5.7.1\Pester.psm1:2160
at Invoke-Block, C:\Users\alexa\OneDrive\Documents\PowerShell\Modules\Pester\5.7.1\Pester.psm1:940
at &lt;ScriptBlock&gt;, C:\Users\alexa\OneDrive\Documents\PowerShell\Modules\Pester\5.7.1\Pester.psm1:893
at &lt;ScriptBlock&gt;, C:\Users\alexa\OneDrive\Documents\PowerShell\Modules\Pester\5.7.1\Pester.psm1:2024
at &lt;ScriptBlock&gt;, C:\Users\alexa\OneDrive\Documents\PowerShell\Modules\Pester\5.7.1\Pester.psm1:1985
at Invoke-ScriptBlock, C:\Users\alexa\OneDrive\Documents\PowerShell\Modules\Pester\5.7.1\Pester.psm1:2160
at Invoke-Block, C:\Users\alexa\OneDrive\Documents\PowerShell\Modules\Pester\5.7.1\Pester.psm1:940
at &lt;ScriptBlock&gt;, C:\Users\alexa\OneDrive\Documents\PowerShell\Modules\Pester\5.7.1\Pester.psm1:1688
at &lt;ScriptBlock&gt;, C:\Users\alexa\OneDrive\Documents\PowerShell\Modules\Pester\5.7.1\Pester.ps1:3
at &lt;ScriptBlock&gt;, C:\Users\alexa\OneDrive\Documents\PowerShell\Modules\Pester\5.7.1\Pester.psm1:3260
at Invoke-InNewScriptScope, C:\Users\alexa\OneDrive\Documents\PowerShell\Modules\Pester\5.7.1\Pester.psm1:3267
at Run-Test, C:\Users\alexa\OneDrive\Documents\PowerShell\Modules\Pester\5.7.1\Pester.psm1:1691
at Invoke-Test, C:\Users\alexa\OneDrive\Documents\PowerShell\Modules\Pester\5.7.1\Pester.psm1:2512
at Invoke-Pester&lt;End&gt;, C:\Users\alexa\OneDrive\Documents\PowerShell\Modules\Pester\5.7.1\Pester.psm1:4960
at &lt;ScriptBlock&gt;, &lt;No file&gt;:1</stack-trace>
                    </failure>
                  </test-case>
                </results>
              </test-suite>
              <test-suite type="TestFixture" name="Logger Tests.Functionality Tests" executed="True" result="Failure" success="False" time="0.2295" asserts="0" description="Logger Tests.Functionality Tests">
                <results>
                  <test-case description="should execute without errors" name="Logger Tests.Functionality Tests.should execute without errors" time="0.1148" asserts="0" success="False" result="Failure" executed="True">
                    <failure>
                      <message>RuntimeException: Should operator 'Be' is not registered
CmdletInvocationException: Should operator 'Be' is not registered
CommandNotFoundException: The 'Should' command was found in the module 'Pester', but the module could not be loaded due to the following error: [Should operator 'Be' is not registered]
For more information, run 'Import-Module Pester'.</message>
                      <stack-trace>at &lt;ScriptBlock&gt;, $env:PROJECT_ROOT\tests\integration\Logger.Tests.ps1:17
at &lt;ScriptBlock&gt;, C:\Users\alexa\OneDrive\Documents\PowerShell\Modules\Pester\5.7.1\Pester.psm1:2024
at &lt;ScriptBlock&gt;, C:\Users\alexa\OneDrive\Documents\PowerShell\Modules\Pester\5.7.1\Pester.psm1:1985
at Invoke-ScriptBlock, C:\Users\alexa\OneDrive\Documents\PowerShell\Modules\Pester\5.7.1\Pester.psm1:2157
at Invoke-TestItem, C:\Users\alexa\OneDrive\Documents\PowerShell\Modules\Pester\5.7.1\Pester.psm1:1199
at Invoke-Block, C:\Users\alexa\OneDrive\Documents\PowerShell\Modules\Pester\5.7.1\Pester.psm1:835
at &lt;ScriptBlock&gt;, C:\Users\alexa\OneDrive\Documents\PowerShell\Modules\Pester\5.7.1\Pester.psm1:893
at &lt;ScriptBlock&gt;, C:\Users\alexa\OneDrive\Documents\PowerShell\Modules\Pester\5.7.1\Pester.psm1:2024
at &lt;ScriptBlock&gt;, C:\Users\alexa\OneDrive\Documents\PowerShell\Modules\Pester\5.7.1\Pester.psm1:1985
at Invoke-ScriptBlock, C:\Users\alexa\OneDrive\Documents\PowerShell\Modules\Pester\5.7.1\Pester.psm1:2160
at Invoke-Block, C:\Users\alexa\OneDrive\Documents\PowerShell\Modules\Pester\5.7.1\Pester.psm1:940
at &lt;ScriptBlock&gt;, C:\Users\alexa\OneDrive\Documents\PowerShell\Modules\Pester\5.7.1\Pester.psm1:893
at &lt;ScriptBlock&gt;, C:\Users\alexa\OneDrive\Documents\PowerShell\Modules\Pester\5.7.1\Pester.psm1:2024
at &lt;ScriptBlock&gt;, C:\Users\alexa\OneDrive\Documents\PowerShell\Modules\Pester\5.7.1\Pester.psm1:1985
at Invoke-ScriptBlock, C:\Users\alexa\OneDrive\Documents\PowerShell\Modules\Pester\5.7.1\Pester.psm1:2160
at Invoke-Block, C:\Users\alexa\OneDrive\Documents\PowerShell\Modules\Pester\5.7.1\Pester.psm1:940
at &lt;ScriptBlock&gt;, C:\Users\alexa\OneDrive\Documents\PowerShell\Modules\Pester\5.7.1\Pester.psm1:893
at &lt;ScriptBlock&gt;, C:\Users\alexa\OneDrive\Documents\PowerShell\Modules\Pester\5.7.1\Pester.psm1:2024
at &lt;ScriptBlock&gt;, C:\Users\alexa\OneDrive\Documents\PowerShell\Modules\Pester\5.7.1\Pester.psm1:1985
at Invoke-ScriptBlock, C:\Users\alexa\OneDrive\Documents\PowerShell\Modules\Pester\5.7.1\Pester.psm1:2160
at Invoke-Block, C:\Users\alexa\OneDrive\Documents\PowerShell\Modules\Pester\5.7.1\Pester.psm1:940
at &lt;ScriptBlock&gt;, C:\Users\alexa\OneDrive\Documents\PowerShell\Modules\Pester\5.7.1\Pester.psm1:1688
at &lt;ScriptBlock&gt;, C:\Users\alexa\OneDrive\Documents\PowerShell\Modules\Pester\5.7.1\Pester.ps1:3
at &lt;ScriptBlock&gt;, C:\Users\alexa\OneDrive\Documents\PowerShell\Modules\Pester\5.7.1\Pester.psm1:3260
at Invoke-InNewScriptScope, C:\Users\alexa\OneDrive\Documents\PowerShell\Modules\Pester\5.7.1\Pester.psm1:3267
at Run-Test, C:\Users\alexa\OneDrive\Documents\PowerShell\Modules\Pester\5.7.1\Pester.psm1:1691
at Invoke-Test, C:\Users\alexa\OneDrive\Documents\PowerShell\Modules\Pester\5.7.1\Pester.psm1:2512
at Invoke-Pester&lt;End&gt;, C:\Users\alexa\OneDrive\Documents\PowerShell\Modules\Pester\5.7.1\Pester.psm1:4960
at &lt;ScriptBlock&gt;, &lt;No file&gt;:1</stack-trace>
                    </failure>
                  </test-case>
                </results>
              </test-suite>
            </results>
          </test-suite>
        </results>
      </test-suite>
      <test-suite type="TestFixture" name="$env:PROJECT_ROOT\tests\integration\Menu.Tests.ps1" executed="True" result="Failure" success="False" time="0.2865" asserts="0" description="$env:PROJECT_ROOT\tests\integration\Menu.Tests.ps1">
        <results>
          <test-suite type="TestFixture" name="Menu Tests" executed="True" result="Failure" success="False" time="0.2515" asserts="0" description="Menu Tests">
            <results>
              <test-suite type="TestFixture" name="Menu Tests.Module Loading" executed="True" result="Failure" success="False" time="0.1165" asserts="0" description="Menu Tests.Module Loading">
                <results>
                  <test-case description="should load required modules" name="Menu Tests.Module Loading.should load required modules" time="0.114" asserts="0" success="False" result="Failure" executed="True">
                    <failure>
                      <message>RuntimeException: Should operator 'Be' is not registered
CmdletInvocationException: Should operator 'Be' is not registered
CommandNotFoundException: The 'Should' command was found in the module 'Pester', but the module could not be loaded due to the following error: [Should operator 'Be' is not registered]
For more information, run 'Import-Module Pester'.</message>
                      <stack-trace>at &lt;ScriptBlock&gt;, $env:PROJECT_ROOT\tests\integration\Menu.Tests.ps1:10
at &lt;ScriptBlock&gt;, C:\Users\alexa\OneDrive\Documents\PowerShell\Modules\Pester\5.7.1\Pester.psm1:2024
at &lt;ScriptBlock&gt;, C:\Users\alexa\OneDrive\Documents\PowerShell\Modules\Pester\5.7.1\Pester.psm1:1985
at Invoke-ScriptBlock, C:\Users\alexa\OneDrive\Documents\PowerShell\Modules\Pester\5.7.1\Pester.psm1:2157
at Invoke-TestItem, C:\Users\alexa\OneDrive\Documents\PowerShell\Modules\Pester\5.7.1\Pester.psm1:1199
at Invoke-Block, C:\Users\alexa\OneDrive\Documents\PowerShell\Modules\Pester\5.7.1\Pester.psm1:835
at &lt;ScriptBlock&gt;, C:\Users\alexa\OneDrive\Documents\PowerShell\Modules\Pester\5.7.1\Pester.psm1:893
at &lt;ScriptBlock&gt;, C:\Users\alexa\OneDrive\Documents\PowerShell\Modules\Pester\5.7.1\Pester.psm1:2024
at &lt;ScriptBlock&gt;, C:\Users\alexa\OneDrive\Documents\PowerShell\Modules\Pester\5.7.1\Pester.psm1:1985
at Invoke-ScriptBlock, C:\Users\alexa\OneDrive\Documents\PowerShell\Modules\Pester\5.7.1\Pester.psm1:2160
at Invoke-Block, C:\Users\alexa\OneDrive\Documents\PowerShell\Modules\Pester\5.7.1\Pester.psm1:940
at &lt;ScriptBlock&gt;, C:\Users\alexa\OneDrive\Documents\PowerShell\Modules\Pester\5.7.1\Pester.psm1:893
at &lt;ScriptBlock&gt;, C:\Users\alexa\OneDrive\Documents\PowerShell\Modules\Pester\5.7.1\Pester.psm1:2024
at &lt;ScriptBlock&gt;, C:\Users\alexa\OneDrive\Documents\PowerShell\Modules\Pester\5.7.1\Pester.psm1:1985
at Invoke-ScriptBlock, C:\Users\alexa\OneDrive\Documents\PowerShell\Modules\Pester\5.7.1\Pester.psm1:2160
at Invoke-Block, C:\Users\alexa\OneDrive\Documents\PowerShell\Modules\Pester\5.7.1\Pester.psm1:940
at &lt;ScriptBlock&gt;, C:\Users\alexa\OneDrive\Documents\PowerShell\Modules\Pester\5.7.1\Pester.psm1:893
at &lt;ScriptBlock&gt;, C:\Users\alexa\OneDrive\Documents\PowerShell\Modules\Pester\5.7.1\Pester.psm1:2024
at &lt;ScriptBlock&gt;, C:\Users\alexa\OneDrive\Documents\PowerShell\Modules\Pester\5.7.1\Pester.psm1:1985
at Invoke-ScriptBlock, C:\Users\alexa\OneDrive\Documents\PowerShell\Modules\Pester\5.7.1\Pester.psm1:2160
at Invoke-Block, C:\Users\alexa\OneDrive\Documents\PowerShell\Modules\Pester\5.7.1\Pester.psm1:940
at &lt;ScriptBlock&gt;, C:\Users\alexa\OneDrive\Documents\PowerShell\Modules\Pester\5.7.1\Pester.psm1:1688
at &lt;ScriptBlock&gt;, C:\Users\alexa\OneDrive\Documents\PowerShell\Modules\Pester\5.7.1\Pester.ps1:3
at &lt;ScriptBlock&gt;, C:\Users\alexa\OneDrive\Documents\PowerShell\Modules\Pester\5.7.1\Pester.psm1:3260
at Invoke-InNewScriptScope, C:\Users\alexa\OneDrive\Documents\PowerShell\Modules\Pester\5.7.1\Pester.psm1:3267
at Run-Test, C:\Users\alexa\OneDrive\Documents\PowerShell\Modules\Pester\5.7.1\Pester.psm1:1691
at Invoke-Test, C:\Users\alexa\OneDrive\Documents\PowerShell\Modules\Pester\5.7.1\Pester.psm1:2512
at Invoke-Pester&lt;End&gt;, C:\Users\alexa\OneDrive\Documents\PowerShell\Modules\Pester\5.7.1\Pester.psm1:4960
at &lt;ScriptBlock&gt;, &lt;No file&gt;:1</stack-trace>
                    </failure>
                  </test-case>
                </results>
              </test-suite>
              <test-suite type="TestFixture" name="Menu Tests.Functionality Tests" executed="True" result="Failure" success="False" time="0.2354" asserts="0" description="Menu Tests.Functionality Tests">
                <results>
                  <test-case description="should execute without errors" name="Menu Tests.Functionality Tests.should execute without errors" time="0.1166" asserts="0" success="False" result="Failure" executed="True">
                    <failure>
                      <message>RuntimeException: Should operator 'Be' is not registered
CmdletInvocationException: Should operator 'Be' is not registered
CommandNotFoundException: The 'Should' command was found in the module 'Pester', but the module could not be loaded due to the following error: [Should operator 'Be' is not registered]
For more information, run 'Import-Module Pester'.</message>
                      <stack-trace>at &lt;ScriptBlock&gt;, $env:PROJECT_ROOT\tests\integration\Menu.Tests.ps1:17
at &lt;ScriptBlock&gt;, C:\Users\alexa\OneDrive\Documents\PowerShell\Modules\Pester\5.7.1\Pester.psm1:2024
at &lt;ScriptBlock&gt;, C:\Users\alexa\OneDrive\Documents\PowerShell\Modules\Pester\5.7.1\Pester.psm1:1985
at Invoke-ScriptBlock, C:\Users\alexa\OneDrive\Documents\PowerShell\Modules\Pester\5.7.1\Pester.psm1:2157
at Invoke-TestItem, C:\Users\alexa\OneDrive\Documents\PowerShell\Modules\Pester\5.7.1\Pester.psm1:1199
at Invoke-Block, C:\Users\alexa\OneDrive\Documents\PowerShell\Modules\Pester\5.7.1\Pester.psm1:835
at &lt;ScriptBlock&gt;, C:\Users\alexa\OneDrive\Documents\PowerShell\Modules\Pester\5.7.1\Pester.psm1:893
at &lt;ScriptBlock&gt;, C:\Users\alexa\OneDrive\Documents\PowerShell\Modules\Pester\5.7.1\Pester.psm1:2024
at &lt;ScriptBlock&gt;, C:\Users\alexa\OneDrive\Documents\PowerShell\Modules\Pester\5.7.1\Pester.psm1:1985
at Invoke-ScriptBlock, C:\Users\alexa\OneDrive\Documents\PowerShell\Modules\Pester\5.7.1\Pester.psm1:2160
at Invoke-Block, C:\Users\alexa\OneDrive\Documents\PowerShell\Modules\Pester\5.7.1\Pester.psm1:940
at &lt;ScriptBlock&gt;, C:\Users\alexa\OneDrive\Documents\PowerShell\Modules\Pester\5.7.1\Pester.psm1:893
at &lt;ScriptBlock&gt;, C:\Users\alexa\OneDrive\Documents\PowerShell\Modules\Pester\5.7.1\Pester.psm1:2024
at &lt;ScriptBlock&gt;, C:\Users\alexa\OneDrive\Documents\PowerShell\Modules\Pester\5.7.1\Pester.psm1:1985
at Invoke-ScriptBlock, C:\Users\alexa\OneDrive\Documents\PowerShell\Modules\Pester\5.7.1\Pester.psm1:2160
at Invoke-Block, C:\Users\alexa\OneDrive\Documents\PowerShell\Modules\Pester\5.7.1\Pester.psm1:940
at &lt;ScriptBlock&gt;, C:\Users\alexa\OneDrive\Documents\PowerShell\Modules\Pester\5.7.1\Pester.psm1:893
at &lt;ScriptBlock&gt;, C:\Users\alexa\OneDrive\Documents\PowerShell\Modules\Pester\5.7.1\Pester.psm1:2024
at &lt;ScriptBlock&gt;, C:\Users\alexa\OneDrive\Documents\PowerShell\Modules\Pester\5.7.1\Pester.psm1:1985
at Invoke-ScriptBlock, C:\Users\alexa\OneDrive\Documents\PowerShell\Modules\Pester\5.7.1\Pester.psm1:2160
at Invoke-Block, C:\Users\alexa\OneDrive\Documents\PowerShell\Modules\Pester\5.7.1\Pester.psm1:940
at &lt;ScriptBlock&gt;, C:\Users\alexa\OneDrive\Documents\PowerShell\Modules\Pester\5.7.1\Pester.psm1:1688
at &lt;ScriptBlock&gt;, C:\Users\alexa\OneDrive\Documents\PowerShell\Modules\Pester\5.7.1\Pester.ps1:3
at &lt;ScriptBlock&gt;, C:\Users\alexa\OneDrive\Documents\PowerShell\Modules\Pester\5.7.1\Pester.psm1:3260
at Invoke-InNewScriptScope, C:\Users\alexa\OneDrive\Documents\PowerShell\Modules\Pester\5.7.1\Pester.psm1:3267
at Run-Test, C:\Users\alexa\OneDrive\Documents\PowerShell\Modules\Pester\5.7.1\Pester.psm1:1691
at Invoke-Test, C:\Users\alexa\OneDrive\Documents\PowerShell\Modules\Pester\5.7.1\Pester.psm1:2512
at Invoke-Pester&lt;End&gt;, C:\Users\alexa\OneDrive\Documents\PowerShell\Modules\Pester\5.7.1\Pester.psm1:4960
at &lt;ScriptBlock&gt;, &lt;No file&gt;:1</stack-trace>
                    </failure>
                  </test-case>
                </results>
              </test-suite>
            </results>
          </test-suite>
        </results>
      </test-suite>
      <test-suite type="TestFixture" name="$env:PROJECT_ROOT\tests\integration\Network.Tests.ps1" executed="True" result="Failure" success="False" time="0.2842" asserts="0" description="$env:PROJECT_ROOT\tests\integration\Network.Tests.ps1">
        <results>
          <test-suite type="TestFixture" name="Network Tests" executed="True" result="Failure" success="False" time="0.2488" asserts="0" description="Network Tests">
            <results>
              <test-suite type="TestFixture" name="Network Tests.Module Loading" executed="True" result="Failure" success="False" time="0.1123" asserts="0" description="Network Tests.Module Loading">
                <results>
                  <test-case description="should load required modules" name="Network Tests.Module Loading.should load required modules" time="0.1094" asserts="0" success="False" result="Failure" executed="True">
                    <failure>
                      <message>RuntimeException: Should operator 'Be' is not registered
CmdletInvocationException: Should operator 'Be' is not registered
CommandNotFoundException: The 'Should' command was found in the module 'Pester', but the module could not be loaded due to the following error: [Should operator 'Be' is not registered]
For more information, run 'Import-Module Pester'.</message>
                      <stack-trace>at &lt;ScriptBlock&gt;, $env:PROJECT_ROOT\tests\integration\Network.Tests.ps1:10
at &lt;ScriptBlock&gt;, C:\Users\alexa\OneDrive\Documents\PowerShell\Modules\Pester\5.7.1\Pester.psm1:2024
at &lt;ScriptBlock&gt;, C:\Users\alexa\OneDrive\Documents\PowerShell\Modules\Pester\5.7.1\Pester.psm1:1985
at Invoke-ScriptBlock, C:\Users\alexa\OneDrive\Documents\PowerShell\Modules\Pester\5.7.1\Pester.psm1:2157
at Invoke-TestItem, C:\Users\alexa\OneDrive\Documents\PowerShell\Modules\Pester\5.7.1\Pester.psm1:1199
at Invoke-Block, C:\Users\alexa\OneDrive\Documents\PowerShell\Modules\Pester\5.7.1\Pester.psm1:835
at &lt;ScriptBlock&gt;, C:\Users\alexa\OneDrive\Documents\PowerShell\Modules\Pester\5.7.1\Pester.psm1:893
at &lt;ScriptBlock&gt;, C:\Users\alexa\OneDrive\Documents\PowerShell\Modules\Pester\5.7.1\Pester.psm1:2024
at &lt;ScriptBlock&gt;, C:\Users\alexa\OneDrive\Documents\PowerShell\Modules\Pester\5.7.1\Pester.psm1:1985
at Invoke-ScriptBlock, C:\Users\alexa\OneDrive\Documents\PowerShell\Modules\Pester\5.7.1\Pester.psm1:2160
at Invoke-Block, C:\Users\alexa\OneDrive\Documents\PowerShell\Modules\Pester\5.7.1\Pester.psm1:940
at &lt;ScriptBlock&gt;, C:\Users\alexa\OneDrive\Documents\PowerShell\Modules\Pester\5.7.1\Pester.psm1:893
at &lt;ScriptBlock&gt;, C:\Users\alexa\OneDrive\Documents\PowerShell\Modules\Pester\5.7.1\Pester.psm1:2024
at &lt;ScriptBlock&gt;, C:\Users\alexa\OneDrive\Documents\PowerShell\Modules\Pester\5.7.1\Pester.psm1:1985
at Invoke-ScriptBlock, C:\Users\alexa\OneDrive\Documents\PowerShell\Modules\Pester\5.7.1\Pester.psm1:2160
at Invoke-Block, C:\Users\alexa\OneDrive\Documents\PowerShell\Modules\Pester\5.7.1\Pester.psm1:940
at &lt;ScriptBlock&gt;, C:\Users\alexa\OneDrive\Documents\PowerShell\Modules\Pester\5.7.1\Pester.psm1:893
at &lt;ScriptBlock&gt;, C:\Users\alexa\OneDrive\Documents\PowerShell\Modules\Pester\5.7.1\Pester.psm1:2024
at &lt;ScriptBlock&gt;, C:\Users\alexa\OneDrive\Documents\PowerShell\Modules\Pester\5.7.1\Pester.psm1:1985
at Invoke-ScriptBlock, C:\Users\alexa\OneDrive\Documents\PowerShell\Modules\Pester\5.7.1\Pester.psm1:2160
at Invoke-Block, C:\Users\alexa\OneDrive\Documents\PowerShell\Modules\Pester\5.7.1\Pester.psm1:940
at &lt;ScriptBlock&gt;, C:\Users\alexa\OneDrive\Documents\PowerShell\Modules\Pester\5.7.1\Pester.psm1:1688
at &lt;ScriptBlock&gt;, C:\Users\alexa\OneDrive\Documents\PowerShell\Modules\Pester\5.7.1\Pester.ps1:3
at &lt;ScriptBlock&gt;, C:\Users\alexa\OneDrive\Documents\PowerShell\Modules\Pester\5.7.1\Pester.psm1:3260
at Invoke-InNewScriptScope, C:\Users\alexa\OneDrive\Documents\PowerShell\Modules\Pester\5.7.1\Pester.psm1:3267
at Run-Test, C:\Users\alexa\OneDrive\Documents\PowerShell\Modules\Pester\5.7.1\Pester.psm1:1691
at Invoke-Test, C:\Users\alexa\OneDrive\Documents\PowerShell\Modules\Pester\5.7.1\Pester.psm1:2512
at Invoke-Pester&lt;End&gt;, C:\Users\alexa\OneDrive\Documents\PowerShell\Modules\Pester\5.7.1\Pester.psm1:4960
at &lt;ScriptBlock&gt;, &lt;No file&gt;:1</stack-trace>
                    </failure>
                  </test-case>
                </results>
              </test-suite>
              <test-suite type="TestFixture" name="Network Tests.Functionality Tests" executed="True" result="Failure" success="False" time="0.2271" asserts="0" description="Network Tests.Functionality Tests">
                <results>
                  <test-case description="should execute without errors" name="Network Tests.Functionality Tests.should execute without errors" time="0.1124" asserts="0" success="False" result="Failure" executed="True">
                    <failure>
                      <message>RuntimeException: Should operator 'Be' is not registered
CmdletInvocationException: Should operator 'Be' is not registered
CommandNotFoundException: The 'Should' command was found in the module 'Pester', but the module could not be loaded due to the following error: [Should operator 'Be' is not registered]
For more information, run 'Import-Module Pester'.</message>
                      <stack-trace>at &lt;ScriptBlock&gt;, $env:PROJECT_ROOT\tests\integration\Network.Tests.ps1:17
at &lt;ScriptBlock&gt;, C:\Users\alexa\OneDrive\Documents\PowerShell\Modules\Pester\5.7.1\Pester.psm1:2024
at &lt;ScriptBlock&gt;, C:\Users\alexa\OneDrive\Documents\PowerShell\Modules\Pester\5.7.1\Pester.psm1:1985
at Invoke-ScriptBlock, C:\Users\alexa\OneDrive\Documents\PowerShell\Modules\Pester\5.7.1\Pester.psm1:2157
at Invoke-TestItem, C:\Users\alexa\OneDrive\Documents\PowerShell\Modules\Pester\5.7.1\Pester.psm1:1199
at Invoke-Block, C:\Users\alexa\OneDrive\Documents\PowerShell\Modules\Pester\5.7.1\Pester.psm1:835
at &lt;ScriptBlock&gt;, C:\Users\alexa\OneDrive\Documents\PowerShell\Modules\Pester\5.7.1\Pester.psm1:893
at &lt;ScriptBlock&gt;, C:\Users\alexa\OneDrive\Documents\PowerShell\Modules\Pester\5.7.1\Pester.psm1:2024
at &lt;ScriptBlock&gt;, C:\Users\alexa\OneDrive\Documents\PowerShell\Modules\Pester\5.7.1\Pester.psm1:1985
at Invoke-ScriptBlock, C:\Users\alexa\OneDrive\Documents\PowerShell\Modules\Pester\5.7.1\Pester.psm1:2160
at Invoke-Block, C:\Users\alexa\OneDrive\Documents\PowerShell\Modules\Pester\5.7.1\Pester.psm1:940
at &lt;ScriptBlock&gt;, C:\Users\alexa\OneDrive\Documents\PowerShell\Modules\Pester\5.7.1\Pester.psm1:893
at &lt;ScriptBlock&gt;, C:\Users\alexa\OneDrive\Documents\PowerShell\Modules\Pester\5.7.1\Pester.psm1:2024
at &lt;ScriptBlock&gt;, C:\Users\alexa\OneDrive\Documents\PowerShell\Modules\Pester\5.7.1\Pester.psm1:1985
at Invoke-ScriptBlock, C:\Users\alexa\OneDrive\Documents\PowerShell\Modules\Pester\5.7.1\Pester.psm1:2160
at Invoke-Block, C:\Users\alexa\OneDrive\Documents\PowerShell\Modules\Pester\5.7.1\Pester.psm1:940
at &lt;ScriptBlock&gt;, C:\Users\alexa\OneDrive\Documents\PowerShell\Modules\Pester\5.7.1\Pester.psm1:893
at &lt;ScriptBlock&gt;, C:\Users\alexa\OneDrive\Documents\PowerShell\Modules\Pester\5.7.1\Pester.psm1:2024
at &lt;ScriptBlock&gt;, C:\Users\alexa\OneDrive\Documents\PowerShell\Modules\Pester\5.7.1\Pester.psm1:1985
at Invoke-ScriptBlock, C:\Users\alexa\OneDrive\Documents\PowerShell\Modules\Pester\5.7.1\Pester.psm1:2160
at Invoke-Block, C:\Users\alexa\OneDrive\Documents\PowerShell\Modules\Pester\5.7.1\Pester.psm1:940
at &lt;ScriptBlock&gt;, C:\Users\alexa\OneDrive\Documents\PowerShell\Modules\Pester\5.7.1\Pester.psm1:1688
at &lt;ScriptBlock&gt;, C:\Users\alexa\OneDrive\Documents\PowerShell\Modules\Pester\5.7.1\Pester.ps1:3
at &lt;ScriptBlock&gt;, C:\Users\alexa\OneDrive\Documents\PowerShell\Modules\Pester\5.7.1\Pester.psm1:3260
at Invoke-InNewScriptScope, C:\Users\alexa\OneDrive\Documents\PowerShell\Modules\Pester\5.7.1\Pester.psm1:3267
at Run-Test, C:\Users\alexa\OneDrive\Documents\PowerShell\Modules\Pester\5.7.1\Pester.psm1:1691
at Invoke-Test, C:\Users\alexa\OneDrive\Documents\PowerShell\Modules\Pester\5.7.1\Pester.psm1:2512
at Invoke-Pester&lt;End&gt;, C:\Users\alexa\OneDrive\Documents\PowerShell\Modules\Pester\5.7.1\Pester.psm1:4960
at &lt;ScriptBlock&gt;, &lt;No file&gt;:1</stack-trace>
                    </failure>
                  </test-case>
                </results>
              </test-suite>
            </results>
          </test-suite>
        </results>
      </test-suite>
      <test-suite type="TestFixture" name="$env:PROJECT_ROOT\tests\integration\NodeScripts.Tests.ps1" executed="True" result="Failure" success="False" time="0.28" asserts="0" description="$env:PROJECT_ROOT\tests\integration\NodeScripts.Tests.ps1">
        <results>
          <test-suite type="TestFixture" name="NodeScripts Tests" executed="True" result="Failure" success="False" time="0.2456" asserts="0" description="NodeScripts Tests">
            <results>
              <test-suite type="TestFixture" name="NodeScripts Tests.Module Loading" executed="True" result="Failure" success="False" time="0.1163" asserts="0" description="NodeScripts Tests.Module Loading">
                <results>
                  <test-case description="should load required modules" name="NodeScripts Tests.Module Loading.should load required modules" time="0.1138" asserts="0" success="False" result="Failure" executed="True">
                    <failure>
                      <message>RuntimeException: Should operator 'Be' is not registered
CmdletInvocationException: Should operator 'Be' is not registered
CommandNotFoundException: The 'Should' command was found in the module 'Pester', but the module could not be loaded due to the following error: [Should operator 'Be' is not registered]
For more information, run 'Import-Module Pester'.</message>
                      <stack-trace>at &lt;ScriptBlock&gt;, $env:PROJECT_ROOT\tests\integration\NodeScripts.Tests.ps1:10
at &lt;ScriptBlock&gt;, C:\Users\alexa\OneDrive\Documents\PowerShell\Modules\Pester\5.7.1\Pester.psm1:2024
at &lt;ScriptBlock&gt;, C:\Users\alexa\OneDrive\Documents\PowerShell\Modules\Pester\5.7.1\Pester.psm1:1985
at Invoke-ScriptBlock, C:\Users\alexa\OneDrive\Documents\PowerShell\Modules\Pester\5.7.1\Pester.psm1:2157
at Invoke-TestItem, C:\Users\alexa\OneDrive\Documents\PowerShell\Modules\Pester\5.7.1\Pester.psm1:1199
at Invoke-Block, C:\Users\alexa\OneDrive\Documents\PowerShell\Modules\Pester\5.7.1\Pester.psm1:835
at &lt;ScriptBlock&gt;, C:\Users\alexa\OneDrive\Documents\PowerShell\Modules\Pester\5.7.1\Pester.psm1:893
at &lt;ScriptBlock&gt;, C:\Users\alexa\OneDrive\Documents\PowerShell\Modules\Pester\5.7.1\Pester.psm1:2024
at &lt;ScriptBlock&gt;, C:\Users\alexa\OneDrive\Documents\PowerShell\Modules\Pester\5.7.1\Pester.psm1:1985
at Invoke-ScriptBlock, C:\Users\alexa\OneDrive\Documents\PowerShell\Modules\Pester\5.7.1\Pester.psm1:2160
at Invoke-Block, C:\Users\alexa\OneDrive\Documents\PowerShell\Modules\Pester\5.7.1\Pester.psm1:940
at &lt;ScriptBlock&gt;, C:\Users\alexa\OneDrive\Documents\PowerShell\Modules\Pester\5.7.1\Pester.psm1:893
at &lt;ScriptBlock&gt;, C:\Users\alexa\OneDrive\Documents\PowerShell\Modules\Pester\5.7.1\Pester.psm1:2024
at &lt;ScriptBlock&gt;, C:\Users\alexa\OneDrive\Documents\PowerShell\Modules\Pester\5.7.1\Pester.psm1:1985
at Invoke-ScriptBlock, C:\Users\alexa\OneDrive\Documents\PowerShell\Modules\Pester\5.7.1\Pester.psm1:2160
at Invoke-Block, C:\Users\alexa\OneDrive\Documents\PowerShell\Modules\Pester\5.7.1\Pester.psm1:940
at &lt;ScriptBlock&gt;, C:\Users\alexa\OneDrive\Documents\PowerShell\Modules\Pester\5.7.1\Pester.psm1:893
at &lt;ScriptBlock&gt;, C:\Users\alexa\OneDrive\Documents\PowerShell\Modules\Pester\5.7.1\Pester.psm1:2024
at &lt;ScriptBlock&gt;, C:\Users\alexa\OneDrive\Documents\PowerShell\Modules\Pester\5.7.1\Pester.psm1:1985
at Invoke-ScriptBlock, C:\Users\alexa\OneDrive\Documents\PowerShell\Modules\Pester\5.7.1\Pester.psm1:2160
at Invoke-Block, C:\Users\alexa\OneDrive\Documents\PowerShell\Modules\Pester\5.7.1\Pester.psm1:940
at &lt;ScriptBlock&gt;, C:\Users\alexa\OneDrive\Documents\PowerShell\Modules\Pester\5.7.1\Pester.psm1:1688
at &lt;ScriptBlock&gt;, C:\Users\alexa\OneDrive\Documents\PowerShell\Modules\Pester\5.7.1\Pester.ps1:3
at &lt;ScriptBlock&gt;, C:\Users\alexa\OneDrive\Documents\PowerShell\Modules\Pester\5.7.1\Pester.psm1:3260
at Invoke-InNewScriptScope, C:\Users\alexa\OneDrive\Documents\PowerShell\Modules\Pester\5.7.1\Pester.psm1:3267
at Run-Test, C:\Users\alexa\OneDrive\Documents\PowerShell\Modules\Pester\5.7.1\Pester.psm1:1691
at Invoke-Test, C:\Users\alexa\OneDrive\Documents\PowerShell\Modules\Pester\5.7.1\Pester.psm1:2512
at Invoke-Pester&lt;End&gt;, C:\Users\alexa\OneDrive\Documents\PowerShell\Modules\Pester\5.7.1\Pester.psm1:4960
at &lt;ScriptBlock&gt;, &lt;No file&gt;:1</stack-trace>
                    </failure>
                  </test-case>
                </results>
              </test-suite>
              <test-suite type="TestFixture" name="NodeScripts Tests.Functionality Tests" executed="True" result="Failure" success="False" time="0.2321" asserts="0" description="NodeScripts Tests.Functionality Tests">
                <results>
                  <test-case description="should execute without errors" name="NodeScripts Tests.Functionality Tests.should execute without errors" time="0.1134" asserts="0" success="False" result="Failure" executed="True">
                    <failure>
                      <message>RuntimeException: Should operator 'Be' is not registered
CmdletInvocationException: Should operator 'Be' is not registered
CommandNotFoundException: The 'Should' command was found in the module 'Pester', but the module could not be loaded due to the following error: [Should operator 'Be' is not registered]
For more information, run 'Import-Module Pester'.</message>
                      <stack-trace>at &lt;ScriptBlock&gt;, $env:PROJECT_ROOT\tests\integration\NodeScripts.Tests.ps1:17
at &lt;ScriptBlock&gt;, C:\Users\alexa\OneDrive\Documents\PowerShell\Modules\Pester\5.7.1\Pester.psm1:2024
at &lt;ScriptBlock&gt;, C:\Users\alexa\OneDrive\Documents\PowerShell\Modules\Pester\5.7.1\Pester.psm1:1985
at Invoke-ScriptBlock, C:\Users\alexa\OneDrive\Documents\PowerShell\Modules\Pester\5.7.1\Pester.psm1:2157
at Invoke-TestItem, C:\Users\alexa\OneDrive\Documents\PowerShell\Modules\Pester\5.7.1\Pester.psm1:1199
at Invoke-Block, C:\Users\alexa\OneDrive\Documents\PowerShell\Modules\Pester\5.7.1\Pester.psm1:835
at &lt;ScriptBlock&gt;, C:\Users\alexa\OneDrive\Documents\PowerShell\Modules\Pester\5.7.1\Pester.psm1:893
at &lt;ScriptBlock&gt;, C:\Users\alexa\OneDrive\Documents\PowerShell\Modules\Pester\5.7.1\Pester.psm1:2024
at &lt;ScriptBlock&gt;, C:\Users\alexa\OneDrive\Documents\PowerShell\Modules\Pester\5.7.1\Pester.psm1:1985
at Invoke-ScriptBlock, C:\Users\alexa\OneDrive\Documents\PowerShell\Modules\Pester\5.7.1\Pester.psm1:2160
at Invoke-Block, C:\Users\alexa\OneDrive\Documents\PowerShell\Modules\Pester\5.7.1\Pester.psm1:940
at &lt;ScriptBlock&gt;, C:\Users\alexa\OneDrive\Documents\PowerShell\Modules\Pester\5.7.1\Pester.psm1:893
at &lt;ScriptBlock&gt;, C:\Users\alexa\OneDrive\Documents\PowerShell\Modules\Pester\5.7.1\Pester.psm1:2024
at &lt;ScriptBlock&gt;, C:\Users\alexa\OneDrive\Documents\PowerShell\Modules\Pester\5.7.1\Pester.psm1:1985
at Invoke-ScriptBlock, C:\Users\alexa\OneDrive\Documents\PowerShell\Modules\Pester\5.7.1\Pester.psm1:2160
at Invoke-Block, C:\Users\alexa\OneDrive\Documents\PowerShell\Modules\Pester\5.7.1\Pester.psm1:940
at &lt;ScriptBlock&gt;, C:\Users\alexa\OneDrive\Documents\PowerShell\Modules\Pester\5.7.1\Pester.psm1:893
at &lt;ScriptBlock&gt;, C:\Users\alexa\OneDrive\Documents\PowerShell\Modules\Pester\5.7.1\Pester.psm1:2024
at &lt;ScriptBlock&gt;, C:\Users\alexa\OneDrive\Documents\PowerShell\Modules\Pester\5.7.1\Pester.psm1:1985
at Invoke-ScriptBlock, C:\Users\alexa\OneDrive\Documents\PowerShell\Modules\Pester\5.7.1\Pester.psm1:2160
at Invoke-Block, C:\Users\alexa\OneDrive\Documents\PowerShell\Modules\Pester\5.7.1\Pester.psm1:940
at &lt;ScriptBlock&gt;, C:\Users\alexa\OneDrive\Documents\PowerShell\Modules\Pester\5.7.1\Pester.psm1:1688
at &lt;ScriptBlock&gt;, C:\Users\alexa\OneDrive\Documents\PowerShell\Modules\Pester\5.7.1\Pester.ps1:3
at &lt;ScriptBlock&gt;, C:\Users\alexa\OneDrive\Documents\PowerShell\Modules\Pester\5.7.1\Pester.psm1:3260
at Invoke-InNewScriptScope, C:\Users\alexa\OneDrive\Documents\PowerShell\Modules\Pester\5.7.1\Pester.psm1:3267
at Run-Test, C:\Users\alexa\OneDrive\Documents\PowerShell\Modules\Pester\5.7.1\Pester.psm1:1691
at Invoke-Test, C:\Users\alexa\OneDrive\Documents\PowerShell\Modules\Pester\5.7.1\Pester.psm1:2512
at Invoke-Pester&lt;End&gt;, C:\Users\alexa\OneDrive\Documents\PowerShell\Modules\Pester\5.7.1\Pester.psm1:4960
at &lt;ScriptBlock&gt;, &lt;No file&gt;:1</stack-trace>
                    </failure>
                  </test-case>
                </results>
              </test-suite>
            </results>
          </test-suite>
        </results>
      </test-suite>
      <test-suite type="TestFixture" name="$env:PROJECT_ROOT\tests\integration\OpenTofuInstaller.Tests.ps1" executed="True" result="Failure" success="False" time="0.2824" asserts="0" description="$env:PROJECT_ROOT\tests\integration\OpenTofuInstaller.Tests.ps1">
        <results>
          <test-suite type="TestFixture" name="OpenTofuInstaller Tests" executed="True" result="Failure" success="False" time="0.2478" asserts="0" description="OpenTofuInstaller Tests">
            <results>
              <test-suite type="TestFixture" name="OpenTofuInstaller Tests.Module Loading" executed="True" result="Failure" success="False" time="0.1201" asserts="0" description="OpenTofuInstaller Tests.Module Loading">
                <results>
                  <test-case description="should load required modules" name="OpenTofuInstaller Tests.Module Loading.should load required modules" time="0.1176" asserts="0" success="False" result="Failure" executed="True">
                    <failure>
                      <message>RuntimeException: Should operator 'Be' is not registered
CmdletInvocationException: Should operator 'Be' is not registered
CommandNotFoundException: The 'Should' command was found in the module 'Pester', but the module could not be loaded due to the following error: [Should operator 'Be' is not registered]
For more information, run 'Import-Module Pester'.</message>
                      <stack-trace>at &lt;ScriptBlock&gt;, $env:PROJECT_ROOT\tests\integration\OpenTofuInstaller.Tests.ps1:10
at &lt;ScriptBlock&gt;, C:\Users\alexa\OneDrive\Documents\PowerShell\Modules\Pester\5.7.1\Pester.psm1:2024
at &lt;ScriptBlock&gt;, C:\Users\alexa\OneDrive\Documents\PowerShell\Modules\Pester\5.7.1\Pester.psm1:1985
at Invoke-ScriptBlock, C:\Users\alexa\OneDrive\Documents\PowerShell\Modules\Pester\5.7.1\Pester.psm1:2157
at Invoke-TestItem, C:\Users\alexa\OneDrive\Documents\PowerShell\Modules\Pester\5.7.1\Pester.psm1:1199
at Invoke-Block, C:\Users\alexa\OneDrive\Documents\PowerShell\Modules\Pester\5.7.1\Pester.psm1:835
at &lt;ScriptBlock&gt;, C:\Users\alexa\OneDrive\Documents\PowerShell\Modules\Pester\5.7.1\Pester.psm1:893
at &lt;ScriptBlock&gt;, C:\Users\alexa\OneDrive\Documents\PowerShell\Modules\Pester\5.7.1\Pester.psm1:2024
at &lt;ScriptBlock&gt;, C:\Users\alexa\OneDrive\Documents\PowerShell\Modules\Pester\5.7.1\Pester.psm1:1985
at Invoke-ScriptBlock, C:\Users\alexa\OneDrive\Documents\PowerShell\Modules\Pester\5.7.1\Pester.psm1:2160
at Invoke-Block, C:\Users\alexa\OneDrive\Documents\PowerShell\Modules\Pester\5.7.1\Pester.psm1:940
at &lt;ScriptBlock&gt;, C:\Users\alexa\OneDrive\Documents\PowerShell\Modules\Pester\5.7.1\Pester.psm1:893
at &lt;ScriptBlock&gt;, C:\Users\alexa\OneDrive\Documents\PowerShell\Modules\Pester\5.7.1\Pester.psm1:2024
at &lt;ScriptBlock&gt;, C:\Users\alexa\OneDrive\Documents\PowerShell\Modules\Pester\5.7.1\Pester.psm1:1985
at Invoke-ScriptBlock, C:\Users\alexa\OneDrive\Documents\PowerShell\Modules\Pester\5.7.1\Pester.psm1:2160
at Invoke-Block, C:\Users\alexa\OneDrive\Documents\PowerShell\Modules\Pester\5.7.1\Pester.psm1:940
at &lt;ScriptBlock&gt;, C:\Users\alexa\OneDrive\Documents\PowerShell\Modules\Pester\5.7.1\Pester.psm1:893
at &lt;ScriptBlock&gt;, C:\Users\alexa\OneDrive\Documents\PowerShell\Modules\Pester\5.7.1\Pester.psm1:2024
at &lt;ScriptBlock&gt;, C:\Users\alexa\OneDrive\Documents\PowerShell\Modules\Pester\5.7.1\Pester.psm1:1985
at Invoke-ScriptBlock, C:\Users\alexa\OneDrive\Documents\PowerShell\Modules\Pester\5.7.1\Pester.psm1:2160
at Invoke-Block, C:\Users\alexa\OneDrive\Documents\PowerShell\Modules\Pester\5.7.1\Pester.psm1:940
at &lt;ScriptBlock&gt;, C:\Users\alexa\OneDrive\Documents\PowerShell\Modules\Pester\5.7.1\Pester.psm1:1688
at &lt;ScriptBlock&gt;, C:\Users\alexa\OneDrive\Documents\PowerShell\Modules\Pester\5.7.1\Pester.ps1:3
at &lt;ScriptBlock&gt;, C:\Users\alexa\OneDrive\Documents\PowerShell\Modules\Pester\5.7.1\Pester.psm1:3260
at Invoke-InNewScriptScope, C:\Users\alexa\OneDrive\Documents\PowerShell\Modules\Pester\5.7.1\Pester.psm1:3267
at Run-Test, C:\Users\alexa\OneDrive\Documents\PowerShell\Modules\Pester\5.7.1\Pester.psm1:1691
at Invoke-Test, C:\Users\alexa\OneDrive\Documents\PowerShell\Modules\Pester\5.7.1\Pester.psm1:2512
at Invoke-Pester&lt;End&gt;, C:\Users\alexa\OneDrive\Documents\PowerShell\Modules\Pester\5.7.1\Pester.psm1:4960
at &lt;ScriptBlock&gt;, &lt;No file&gt;:1</stack-trace>
                    </failure>
                  </test-case>
                </results>
              </test-suite>
              <test-suite type="TestFixture" name="OpenTofuInstaller Tests.Functionality Tests" executed="True" result="Failure" success="False" time="0.2345" asserts="0" description="OpenTofuInstaller Tests.Functionality Tests">
                <results>
                  <test-case description="should execute without errors" name="OpenTofuInstaller Tests.Functionality Tests.should execute without errors" time="0.1118" asserts="0" success="False" result="Failure" executed="True">
                    <failure>
                      <message>RuntimeException: Should operator 'Be' is not registered
CmdletInvocationException: Should operator 'Be' is not registered
CommandNotFoundException: The 'Should' command was found in the module 'Pester', but the module could not be loaded due to the following error: [Should operator 'Be' is not registered]
For more information, run 'Import-Module Pester'.</message>
                      <stack-trace>at &lt;ScriptBlock&gt;, $env:PROJECT_ROOT\tests\integration\OpenTofuInstaller.Tests.ps1:17
at &lt;ScriptBlock&gt;, C:\Users\alexa\OneDrive\Documents\PowerShell\Modules\Pester\5.7.1\Pester.psm1:2024
at &lt;ScriptBlock&gt;, C:\Users\alexa\OneDrive\Documents\PowerShell\Modules\Pester\5.7.1\Pester.psm1:1985
at Invoke-ScriptBlock, C:\Users\alexa\OneDrive\Documents\PowerShell\Modules\Pester\5.7.1\Pester.psm1:2157
at Invoke-TestItem, C:\Users\alexa\OneDrive\Documents\PowerShell\Modules\Pester\5.7.1\Pester.psm1:1199
at Invoke-Block, C:\Users\alexa\OneDrive\Documents\PowerShell\Modules\Pester\5.7.1\Pester.psm1:835
at &lt;ScriptBlock&gt;, C:\Users\alexa\OneDrive\Documents\PowerShell\Modules\Pester\5.7.1\Pester.psm1:893
at &lt;ScriptBlock&gt;, C:\Users\alexa\OneDrive\Documents\PowerShell\Modules\Pester\5.7.1\Pester.psm1:2024
at &lt;ScriptBlock&gt;, C:\Users\alexa\OneDrive\Documents\PowerShell\Modules\Pester\5.7.1\Pester.psm1:1985
at Invoke-ScriptBlock, C:\Users\alexa\OneDrive\Documents\PowerShell\Modules\Pester\5.7.1\Pester.psm1:2160
at Invoke-Block, C:\Users\alexa\OneDrive\Documents\PowerShell\Modules\Pester\5.7.1\Pester.psm1:940
at &lt;ScriptBlock&gt;, C:\Users\alexa\OneDrive\Documents\PowerShell\Modules\Pester\5.7.1\Pester.psm1:893
at &lt;ScriptBlock&gt;, C:\Users\alexa\OneDrive\Documents\PowerShell\Modules\Pester\5.7.1\Pester.psm1:2024
at &lt;ScriptBlock&gt;, C:\Users\alexa\OneDrive\Documents\PowerShell\Modules\Pester\5.7.1\Pester.psm1:1985
at Invoke-ScriptBlock, C:\Users\alexa\OneDrive\Documents\PowerShell\Modules\Pester\5.7.1\Pester.psm1:2160
at Invoke-Block, C:\Users\alexa\OneDrive\Documents\PowerShell\Modules\Pester\5.7.1\Pester.psm1:940
at &lt;ScriptBlock&gt;, C:\Users\alexa\OneDrive\Documents\PowerShell\Modules\Pester\5.7.1\Pester.psm1:893
at &lt;ScriptBlock&gt;, C:\Users\alexa\OneDrive\Documents\PowerShell\Modules\Pester\5.7.1\Pester.psm1:2024
at &lt;ScriptBlock&gt;, C:\Users\alexa\OneDrive\Documents\PowerShell\Modules\Pester\5.7.1\Pester.psm1:1985
at Invoke-ScriptBlock, C:\Users\alexa\OneDrive\Documents\PowerShell\Modules\Pester\5.7.1\Pester.psm1:2160
at Invoke-Block, C:\Users\alexa\OneDrive\Documents\PowerShell\Modules\Pester\5.7.1\Pester.psm1:940
at &lt;ScriptBlock&gt;, C:\Users\alexa\OneDrive\Documents\PowerShell\Modules\Pester\5.7.1\Pester.psm1:1688
at &lt;ScriptBlock&gt;, C:\Users\alexa\OneDrive\Documents\PowerShell\Modules\Pester\5.7.1\Pester.ps1:3
at &lt;ScriptBlock&gt;, C:\Users\alexa\OneDrive\Documents\PowerShell\Modules\Pester\5.7.1\Pester.psm1:3260
at Invoke-InNewScriptScope, C:\Users\alexa\OneDrive\Documents\PowerShell\Modules\Pester\5.7.1\Pester.psm1:3267
at Run-Test, C:\Users\alexa\OneDrive\Documents\PowerShell\Modules\Pester\5.7.1\Pester.psm1:1691
at Invoke-Test, C:\Users\alexa\OneDrive\Documents\PowerShell\Modules\Pester\5.7.1\Pester.psm1:2512
at Invoke-Pester&lt;End&gt;, C:\Users\alexa\OneDrive\Documents\PowerShell\Modules\Pester\5.7.1\Pester.psm1:4960
at &lt;ScriptBlock&gt;, &lt;No file&gt;:1</stack-trace>
                    </failure>
                  </test-case>
                </results>
              </test-suite>
            </results>
          </test-suite>
        </results>
      </test-suite>
      <test-suite type="TestFixture" name="$env:PROJECT_ROOT\tests\integration\PrepareHyperVProvider.Tests.ps1" executed="True" result="Failure" success="False" time="0.282" asserts="0" description="$env:PROJECT_ROOT\tests\integration\PrepareHyperVProvider.Tests.ps1">
        <results>
          <test-suite type="TestFixture" name="PrepareHyperVProvider Tests" executed="True" result="Failure" success="False" time="0.2473" asserts="0" description="PrepareHyperVProvider Tests">
            <results>
              <test-suite type="TestFixture" name="PrepareHyperVProvider Tests.Module Loading" executed="True" result="Failure" success="False" time="0.1169" asserts="0" description="PrepareHyperVProvider Tests.Module Loading">
                <results>
                  <test-case description="should load required modules" name="PrepareHyperVProvider Tests.Module Loading.should load required modules" time="0.1144" asserts="0" success="False" result="Failure" executed="True">
                    <failure>
                      <message>RuntimeException: Should operator 'Be' is not registered
CmdletInvocationException: Should operator 'Be' is not registered
CommandNotFoundException: The 'Should' command was found in the module 'Pester', but the module could not be loaded due to the following error: [Should operator 'Be' is not registered]
For more information, run 'Import-Module Pester'.</message>
                      <stack-trace>at &lt;ScriptBlock&gt;, $env:PROJECT_ROOT\tests\integration\PrepareHyperVProvider.Tests.ps1:10
at &lt;ScriptBlock&gt;, C:\Users\alexa\OneDrive\Documents\PowerShell\Modules\Pester\5.7.1\Pester.psm1:2024
at &lt;ScriptBlock&gt;, C:\Users\alexa\OneDrive\Documents\PowerShell\Modules\Pester\5.7.1\Pester.psm1:1985
at Invoke-ScriptBlock, C:\Users\alexa\OneDrive\Documents\PowerShell\Modules\Pester\5.7.1\Pester.psm1:2157
at Invoke-TestItem, C:\Users\alexa\OneDrive\Documents\PowerShell\Modules\Pester\5.7.1\Pester.psm1:1199
at Invoke-Block, C:\Users\alexa\OneDrive\Documents\PowerShell\Modules\Pester\5.7.1\Pester.psm1:835
at &lt;ScriptBlock&gt;, C:\Users\alexa\OneDrive\Documents\PowerShell\Modules\Pester\5.7.1\Pester.psm1:893
at &lt;ScriptBlock&gt;, C:\Users\alexa\OneDrive\Documents\PowerShell\Modules\Pester\5.7.1\Pester.psm1:2024
at &lt;ScriptBlock&gt;, C:\Users\alexa\OneDrive\Documents\PowerShell\Modules\Pester\5.7.1\Pester.psm1:1985
at Invoke-ScriptBlock, C:\Users\alexa\OneDrive\Documents\PowerShell\Modules\Pester\5.7.1\Pester.psm1:2160
at Invoke-Block, C:\Users\alexa\OneDrive\Documents\PowerShell\Modules\Pester\5.7.1\Pester.psm1:940
at &lt;ScriptBlock&gt;, C:\Users\alexa\OneDrive\Documents\PowerShell\Modules\Pester\5.7.1\Pester.psm1:893
at &lt;ScriptBlock&gt;, C:\Users\alexa\OneDrive\Documents\PowerShell\Modules\Pester\5.7.1\Pester.psm1:2024
at &lt;ScriptBlock&gt;, C:\Users\alexa\OneDrive\Documents\PowerShell\Modules\Pester\5.7.1\Pester.psm1:1985
at Invoke-ScriptBlock, C:\Users\alexa\OneDrive\Documents\PowerShell\Modules\Pester\5.7.1\Pester.psm1:2160
at Invoke-Block, C:\Users\alexa\OneDrive\Documents\PowerShell\Modules\Pester\5.7.1\Pester.psm1:940
at &lt;ScriptBlock&gt;, C:\Users\alexa\OneDrive\Documents\PowerShell\Modules\Pester\5.7.1\Pester.psm1:893
at &lt;ScriptBlock&gt;, C:\Users\alexa\OneDrive\Documents\PowerShell\Modules\Pester\5.7.1\Pester.psm1:2024
at &lt;ScriptBlock&gt;, C:\Users\alexa\OneDrive\Documents\PowerShell\Modules\Pester\5.7.1\Pester.psm1:1985
at Invoke-ScriptBlock, C:\Users\alexa\OneDrive\Documents\PowerShell\Modules\Pester\5.7.1\Pester.psm1:2160
at Invoke-Block, C:\Users\alexa\OneDrive\Documents\PowerShell\Modules\Pester\5.7.1\Pester.psm1:940
at &lt;ScriptBlock&gt;, C:\Users\alexa\OneDrive\Documents\PowerShell\Modules\Pester\5.7.1\Pester.psm1:1688
at &lt;ScriptBlock&gt;, C:\Users\alexa\OneDrive\Documents\PowerShell\Modules\Pester\5.7.1\Pester.ps1:3
at &lt;ScriptBlock&gt;, C:\Users\alexa\OneDrive\Documents\PowerShell\Modules\Pester\5.7.1\Pester.psm1:3260
at Invoke-InNewScriptScope, C:\Users\alexa\OneDrive\Documents\PowerShell\Modules\Pester\5.7.1\Pester.psm1:3267
at Run-Test, C:\Users\alexa\OneDrive\Documents\PowerShell\Modules\Pester\5.7.1\Pester.psm1:1691
at Invoke-Test, C:\Users\alexa\OneDrive\Documents\PowerShell\Modules\Pester\5.7.1\Pester.psm1:2512
at Invoke-Pester&lt;End&gt;, C:\Users\alexa\OneDrive\Documents\PowerShell\Modules\Pester\5.7.1\Pester.psm1:4960
at &lt;ScriptBlock&gt;, &lt;No file&gt;:1</stack-trace>
                    </failure>
                  </test-case>
                </results>
              </test-suite>
              <test-suite type="TestFixture" name="PrepareHyperVProvider Tests.Functionality Tests" executed="True" result="Failure" success="False" time="0.2343" asserts="0" description="PrepareHyperVProvider Tests.Functionality Tests">
                <results>
                  <test-case description="should execute without errors" name="PrepareHyperVProvider Tests.Functionality Tests.should execute without errors" time="0.1148" asserts="0" success="False" result="Failure" executed="True">
                    <failure>
                      <message>RuntimeException: Should operator 'Be' is not registered
CmdletInvocationException: Should operator 'Be' is not registered
CommandNotFoundException: The 'Should' command was found in the module 'Pester', but the module could not be loaded due to the following error: [Should operator 'Be' is not registered]
For more information, run 'Import-Module Pester'.</message>
                      <stack-trace>at &lt;ScriptBlock&gt;, $env:PROJECT_ROOT\tests\integration\PrepareHyperVProvider.Tests.ps1:17
at &lt;ScriptBlock&gt;, C:\Users\alexa\OneDrive\Documents\PowerShell\Modules\Pester\5.7.1\Pester.psm1:2024
at &lt;ScriptBlock&gt;, C:\Users\alexa\OneDrive\Documents\PowerShell\Modules\Pester\5.7.1\Pester.psm1:1985
at Invoke-ScriptBlock, C:\Users\alexa\OneDrive\Documents\PowerShell\Modules\Pester\5.7.1\Pester.psm1:2157
at Invoke-TestItem, C:\Users\alexa\OneDrive\Documents\PowerShell\Modules\Pester\5.7.1\Pester.psm1:1199
at Invoke-Block, C:\Users\alexa\OneDrive\Documents\PowerShell\Modules\Pester\5.7.1\Pester.psm1:835
at &lt;ScriptBlock&gt;, C:\Users\alexa\OneDrive\Documents\PowerShell\Modules\Pester\5.7.1\Pester.psm1:893
at &lt;ScriptBlock&gt;, C:\Users\alexa\OneDrive\Documents\PowerShell\Modules\Pester\5.7.1\Pester.psm1:2024
at &lt;ScriptBlock&gt;, C:\Users\alexa\OneDrive\Documents\PowerShell\Modules\Pester\5.7.1\Pester.psm1:1985
at Invoke-ScriptBlock, C:\Users\alexa\OneDrive\Documents\PowerShell\Modules\Pester\5.7.1\Pester.psm1:2160
at Invoke-Block, C:\Users\alexa\OneDrive\Documents\PowerShell\Modules\Pester\5.7.1\Pester.psm1:940
at &lt;ScriptBlock&gt;, C:\Users\alexa\OneDrive\Documents\PowerShell\Modules\Pester\5.7.1\Pester.psm1:893
at &lt;ScriptBlock&gt;, C:\Users\alexa\OneDrive\Documents\PowerShell\Modules\Pester\5.7.1\Pester.psm1:2024
at &lt;ScriptBlock&gt;, C:\Users\alexa\OneDrive\Documents\PowerShell\Modules\Pester\5.7.1\Pester.psm1:1985
at Invoke-ScriptBlock, C:\Users\alexa\OneDrive\Documents\PowerShell\Modules\Pester\5.7.1\Pester.psm1:2160
at Invoke-Block, C:\Users\alexa\OneDrive\Documents\PowerShell\Modules\Pester\5.7.1\Pester.psm1:940
at &lt;ScriptBlock&gt;, C:\Users\alexa\OneDrive\Documents\PowerShell\Modules\Pester\5.7.1\Pester.psm1:893
at &lt;ScriptBlock&gt;, C:\Users\alexa\OneDrive\Documents\PowerShell\Modules\Pester\5.7.1\Pester.psm1:2024
at &lt;ScriptBlock&gt;, C:\Users\alexa\OneDrive\Documents\PowerShell\Modules\Pester\5.7.1\Pester.psm1:1985
at Invoke-ScriptBlock, C:\Users\alexa\OneDrive\Documents\PowerShell\Modules\Pester\5.7.1\Pester.psm1:2160
at Invoke-Block, C:\Users\alexa\OneDrive\Documents\PowerShell\Modules\Pester\5.7.1\Pester.psm1:940
at &lt;ScriptBlock&gt;, C:\Users\alexa\OneDrive\Documents\PowerShell\Modules\Pester\5.7.1\Pester.psm1:1688
at &lt;ScriptBlock&gt;, C:\Users\alexa\OneDrive\Documents\PowerShell\Modules\Pester\5.7.1\Pester.ps1:3
at &lt;ScriptBlock&gt;, C:\Users\alexa\OneDrive\Documents\PowerShell\Modules\Pester\5.7.1\Pester.psm1:3260
at Invoke-InNewScriptScope, C:\Users\alexa\OneDrive\Documents\PowerShell\Modules\Pester\5.7.1\Pester.psm1:3267
at Run-Test, C:\Users\alexa\OneDrive\Documents\PowerShell\Modules\Pester\5.7.1\Pester.psm1:1691
at Invoke-Test, C:\Users\alexa\OneDrive\Documents\PowerShell\Modules\Pester\5.7.1\Pester.psm1:2512
at Invoke-Pester&lt;End&gt;, C:\Users\alexa\OneDrive\Documents\PowerShell\Modules\Pester\5.7.1\Pester.psm1:4960
at &lt;ScriptBlock&gt;, &lt;No file&gt;:1</stack-trace>
                    </failure>
                  </test-case>
                </results>
              </test-suite>
            </results>
          </test-suite>
        </results>
      </test-suite>
      <test-suite type="TestFixture" name="$env:PROJECT_ROOT\tests\integration\Resolve-ProjectPath.Tests.ps1" executed="True" result="Failure" success="False" time="0.2821" asserts="0" description="$env:PROJECT_ROOT\tests\integration\Resolve-ProjectPath.Tests.ps1">
        <results>
          <test-suite type="TestFixture" name="Resolve-ProjectPath Tests" executed="True" result="Failure" success="False" time="0.2472" asserts="0" description="Resolve-ProjectPath Tests">
            <results>
              <test-suite type="TestFixture" name="Resolve-ProjectPath Tests.Module Loading" executed="True" result="Failure" success="False" time="0.1181" asserts="0" description="Resolve-ProjectPath Tests.Module Loading">
                <results>
                  <test-case description="should load required modules" name="Resolve-ProjectPath Tests.Module Loading.should load required modules" time="0.1152" asserts="0" success="False" result="Failure" executed="True">
                    <failure>
                      <message>RuntimeException: Should operator 'Be' is not registered
CmdletInvocationException: Should operator 'Be' is not registered
CommandNotFoundException: The 'Should' command was found in the module 'Pester', but the module could not be loaded due to the following error: [Should operator 'Be' is not registered]
For more information, run 'Import-Module Pester'.</message>
                      <stack-trace>at &lt;ScriptBlock&gt;, $env:PROJECT_ROOT\tests\integration\Resolve-ProjectPath.Tests.ps1:10
at &lt;ScriptBlock&gt;, C:\Users\alexa\OneDrive\Documents\PowerShell\Modules\Pester\5.7.1\Pester.psm1:2024
at &lt;ScriptBlock&gt;, C:\Users\alexa\OneDrive\Documents\PowerShell\Modules\Pester\5.7.1\Pester.psm1:1985
at Invoke-ScriptBlock, C:\Users\alexa\OneDrive\Documents\PowerShell\Modules\Pester\5.7.1\Pester.psm1:2157
at Invoke-TestItem, C:\Users\alexa\OneDrive\Documents\PowerShell\Modules\Pester\5.7.1\Pester.psm1:1199
at Invoke-Block, C:\Users\alexa\OneDrive\Documents\PowerShell\Modules\Pester\5.7.1\Pester.psm1:835
at &lt;ScriptBlock&gt;, C:\Users\alexa\OneDrive\Documents\PowerShell\Modules\Pester\5.7.1\Pester.psm1:893
at &lt;ScriptBlock&gt;, C:\Users\alexa\OneDrive\Documents\PowerShell\Modules\Pester\5.7.1\Pester.psm1:2024
at &lt;ScriptBlock&gt;, C:\Users\alexa\OneDrive\Documents\PowerShell\Modules\Pester\5.7.1\Pester.psm1:1985
at Invoke-ScriptBlock, C:\Users\alexa\OneDrive\Documents\PowerShell\Modules\Pester\5.7.1\Pester.psm1:2160
at Invoke-Block, C:\Users\alexa\OneDrive\Documents\PowerShell\Modules\Pester\5.7.1\Pester.psm1:940
at &lt;ScriptBlock&gt;, C:\Users\alexa\OneDrive\Documents\PowerShell\Modules\Pester\5.7.1\Pester.psm1:893
at &lt;ScriptBlock&gt;, C:\Users\alexa\OneDrive\Documents\PowerShell\Modules\Pester\5.7.1\Pester.psm1:2024
at &lt;ScriptBlock&gt;, C:\Users\alexa\OneDrive\Documents\PowerShell\Modules\Pester\5.7.1\Pester.psm1:1985
at Invoke-ScriptBlock, C:\Users\alexa\OneDrive\Documents\PowerShell\Modules\Pester\5.7.1\Pester.psm1:2160
at Invoke-Block, C:\Users\alexa\OneDrive\Documents\PowerShell\Modules\Pester\5.7.1\Pester.psm1:940
at &lt;ScriptBlock&gt;, C:\Users\alexa\OneDrive\Documents\PowerShell\Modules\Pester\5.7.1\Pester.psm1:893
at &lt;ScriptBlock&gt;, C:\Users\alexa\OneDrive\Documents\PowerShell\Modules\Pester\5.7.1\Pester.psm1:2024
at &lt;ScriptBlock&gt;, C:\Users\alexa\OneDrive\Documents\PowerShell\Modules\Pester\5.7.1\Pester.psm1:1985
at Invoke-ScriptBlock, C:\Users\alexa\OneDrive\Documents\PowerShell\Modules\Pester\5.7.1\Pester.psm1:2160
at Invoke-Block, C:\Users\alexa\OneDrive\Documents\PowerShell\Modules\Pester\5.7.1\Pester.psm1:940
at &lt;ScriptBlock&gt;, C:\Users\alexa\OneDrive\Documents\PowerShell\Modules\Pester\5.7.1\Pester.psm1:1688
at &lt;ScriptBlock&gt;, C:\Users\alexa\OneDrive\Documents\PowerShell\Modules\Pester\5.7.1\Pester.ps1:3
at &lt;ScriptBlock&gt;, C:\Users\alexa\OneDrive\Documents\PowerShell\Modules\Pester\5.7.1\Pester.psm1:3260
at Invoke-InNewScriptScope, C:\Users\alexa\OneDrive\Documents\PowerShell\Modules\Pester\5.7.1\Pester.psm1:3267
at Run-Test, C:\Users\alexa\OneDrive\Documents\PowerShell\Modules\Pester\5.7.1\Pester.psm1:1691
at Invoke-Test, C:\Users\alexa\OneDrive\Documents\PowerShell\Modules\Pester\5.7.1\Pester.psm1:2512
at Invoke-Pester&lt;End&gt;, C:\Users\alexa\OneDrive\Documents\PowerShell\Modules\Pester\5.7.1\Pester.psm1:4960
at &lt;ScriptBlock&gt;, &lt;No file&gt;:1</stack-trace>
                    </failure>
                  </test-case>
                </results>
              </test-suite>
              <test-suite type="TestFixture" name="Resolve-ProjectPath Tests.Functionality Tests" executed="True" result="Failure" success="False" time="0.2336" asserts="0" description="Resolve-ProjectPath Tests.Functionality Tests">
                <results>
                  <test-case description="should execute without errors" name="Resolve-ProjectPath Tests.Functionality Tests.should execute without errors" time="0.1131" asserts="0" success="False" result="Failure" executed="True">
                    <failure>
                      <message>RuntimeException: Should operator 'Be' is not registered
CmdletInvocationException: Should operator 'Be' is not registered
CommandNotFoundException: The 'Should' command was found in the module 'Pester', but the module could not be loaded due to the following error: [Should operator 'Be' is not registered]
For more information, run 'Import-Module Pester'.</message>
                      <stack-trace>at &lt;ScriptBlock&gt;, $env:PROJECT_ROOT\tests\integration\Resolve-ProjectPath.Tests.ps1:17
at &lt;ScriptBlock&gt;, C:\Users\alexa\OneDrive\Documents\PowerShell\Modules\Pester\5.7.1\Pester.psm1:2024
at &lt;ScriptBlock&gt;, C:\Users\alexa\OneDrive\Documents\PowerShell\Modules\Pester\5.7.1\Pester.psm1:1985
at Invoke-ScriptBlock, C:\Users\alexa\OneDrive\Documents\PowerShell\Modules\Pester\5.7.1\Pester.psm1:2157
at Invoke-TestItem, C:\Users\alexa\OneDrive\Documents\PowerShell\Modules\Pester\5.7.1\Pester.psm1:1199
at Invoke-Block, C:\Users\alexa\OneDrive\Documents\PowerShell\Modules\Pester\5.7.1\Pester.psm1:835
at &lt;ScriptBlock&gt;, C:\Users\alexa\OneDrive\Documents\PowerShell\Modules\Pester\5.7.1\Pester.psm1:893
at &lt;ScriptBlock&gt;, C:\Users\alexa\OneDrive\Documents\PowerShell\Modules\Pester\5.7.1\Pester.psm1:2024
at &lt;ScriptBlock&gt;, C:\Users\alexa\OneDrive\Documents\PowerShell\Modules\Pester\5.7.1\Pester.psm1:1985
at Invoke-ScriptBlock, C:\Users\alexa\OneDrive\Documents\PowerShell\Modules\Pester\5.7.1\Pester.psm1:2160
at Invoke-Block, C:\Users\alexa\OneDrive\Documents\PowerShell\Modules\Pester\5.7.1\Pester.psm1:940
at &lt;ScriptBlock&gt;, C:\Users\alexa\OneDrive\Documents\PowerShell\Modules\Pester\5.7.1\Pester.psm1:893
at &lt;ScriptBlock&gt;, C:\Users\alexa\OneDrive\Documents\PowerShell\Modules\Pester\5.7.1\Pester.psm1:2024
at &lt;ScriptBlock&gt;, C:\Users\alexa\OneDrive\Documents\PowerShell\Modules\Pester\5.7.1\Pester.psm1:1985
at Invoke-ScriptBlock, C:\Users\alexa\OneDrive\Documents\PowerShell\Modules\Pester\5.7.1\Pester.psm1:2160
at Invoke-Block, C:\Users\alexa\OneDrive\Documents\PowerShell\Modules\Pester\5.7.1\Pester.psm1:940
at &lt;ScriptBlock&gt;, C:\Users\alexa\OneDrive\Documents\PowerShell\Modules\Pester\5.7.1\Pester.psm1:893
at &lt;ScriptBlock&gt;, C:\Users\alexa\OneDrive\Documents\PowerShell\Modules\Pester\5.7.1\Pester.psm1:2024
at &lt;ScriptBlock&gt;, C:\Users\alexa\OneDrive\Documents\PowerShell\Modules\Pester\5.7.1\Pester.psm1:1985
at Invoke-ScriptBlock, C:\Users\alexa\OneDrive\Documents\PowerShell\Modules\Pester\5.7.1\Pester.psm1:2160
at Invoke-Block, C:\Users\alexa\OneDrive\Documents\PowerShell\Modules\Pester\5.7.1\Pester.psm1:940
at &lt;ScriptBlock&gt;, C:\Users\alexa\OneDrive\Documents\PowerShell\Modules\Pester\5.7.1\Pester.psm1:1688
at &lt;ScriptBlock&gt;, C:\Users\alexa\OneDrive\Documents\PowerShell\Modules\Pester\5.7.1\Pester.ps1:3
at &lt;ScriptBlock&gt;, C:\Users\alexa\OneDrive\Documents\PowerShell\Modules\Pester\5.7.1\Pester.psm1:3260
at Invoke-InNewScriptScope, C:\Users\alexa\OneDrive\Documents\PowerShell\Modules\Pester\5.7.1\Pester.psm1:3267
at Run-Test, C:\Users\alexa\OneDrive\Documents\PowerShell\Modules\Pester\5.7.1\Pester.psm1:1691
at Invoke-Test, C:\Users\alexa\OneDrive\Documents\PowerShell\Modules\Pester\5.7.1\Pester.psm1:2512
at Invoke-Pester&lt;End&gt;, C:\Users\alexa\OneDrive\Documents\PowerShell\Modules\Pester\5.7.1\Pester.psm1:4960
at &lt;ScriptBlock&gt;, &lt;No file&gt;:1</stack-trace>
                    </failure>
                  </test-case>
                </results>
              </test-suite>
            </results>
          </test-suite>
        </results>
      </test-suite>
      <test-suite type="TestFixture" name="$env:PROJECT_ROOT\tests\integration\runner.Tests.ps1" executed="True" result="Failure" success="False" time="0.2873" asserts="0" description="$env:PROJECT_ROOT\tests\integration\runner.Tests.ps1">
        <results>
          <test-suite type="TestFixture" name="runner Tests" executed="True" result="Failure" success="False" time="0.2492" asserts="0" description="runner Tests">
            <results>
              <test-suite type="TestFixture" name="runner Tests.Module Loading" executed="True" result="Failure" success="False" time="0.1172" asserts="0" description="runner Tests.Module Loading">
                <results>
                  <test-case description="should load required modules" name="runner Tests.Module Loading.should load required modules" time="0.1146" asserts="0" success="False" result="Failure" executed="True">
                    <failure>
                      <message>RuntimeException: Should operator 'Be' is not registered
CmdletInvocationException: Should operator 'Be' is not registered
CommandNotFoundException: The 'Should' command was found in the module 'Pester', but the module could not be loaded due to the following error: [Should operator 'Be' is not registered]
For more information, run 'Import-Module Pester'.</message>
                      <stack-trace>at &lt;ScriptBlock&gt;, $env:PROJECT_ROOT\tests\integration\runner.Tests.ps1:10
at &lt;ScriptBlock&gt;, C:\Users\alexa\OneDrive\Documents\PowerShell\Modules\Pester\5.7.1\Pester.psm1:2024
at &lt;ScriptBlock&gt;, C:\Users\alexa\OneDrive\Documents\PowerShell\Modules\Pester\5.7.1\Pester.psm1:1985
at Invoke-ScriptBlock, C:\Users\alexa\OneDrive\Documents\PowerShell\Modules\Pester\5.7.1\Pester.psm1:2157
at Invoke-TestItem, C:\Users\alexa\OneDrive\Documents\PowerShell\Modules\Pester\5.7.1\Pester.psm1:1199
at Invoke-Block, C:\Users\alexa\OneDrive\Documents\PowerShell\Modules\Pester\5.7.1\Pester.psm1:835
at &lt;ScriptBlock&gt;, C:\Users\alexa\OneDrive\Documents\PowerShell\Modules\Pester\5.7.1\Pester.psm1:893
at &lt;ScriptBlock&gt;, C:\Users\alexa\OneDrive\Documents\PowerShell\Modules\Pester\5.7.1\Pester.psm1:2024
at &lt;ScriptBlock&gt;, C:\Users\alexa\OneDrive\Documents\PowerShell\Modules\Pester\5.7.1\Pester.psm1:1985
at Invoke-ScriptBlock, C:\Users\alexa\OneDrive\Documents\PowerShell\Modules\Pester\5.7.1\Pester.psm1:2160
at Invoke-Block, C:\Users\alexa\OneDrive\Documents\PowerShell\Modules\Pester\5.7.1\Pester.psm1:940
at &lt;ScriptBlock&gt;, C:\Users\alexa\OneDrive\Documents\PowerShell\Modules\Pester\5.7.1\Pester.psm1:893
at &lt;ScriptBlock&gt;, C:\Users\alexa\OneDrive\Documents\PowerShell\Modules\Pester\5.7.1\Pester.psm1:2024
at &lt;ScriptBlock&gt;, C:\Users\alexa\OneDrive\Documents\PowerShell\Modules\Pester\5.7.1\Pester.psm1:1985
at Invoke-ScriptBlock, C:\Users\alexa\OneDrive\Documents\PowerShell\Modules\Pester\5.7.1\Pester.psm1:2160
at Invoke-Block, C:\Users\alexa\OneDrive\Documents\PowerShell\Modules\Pester\5.7.1\Pester.psm1:940
at &lt;ScriptBlock&gt;, C:\Users\alexa\OneDrive\Documents\PowerShell\Modules\Pester\5.7.1\Pester.psm1:893
at &lt;ScriptBlock&gt;, C:\Users\alexa\OneDrive\Documents\PowerShell\Modules\Pester\5.7.1\Pester.psm1:2024
at &lt;ScriptBlock&gt;, C:\Users\alexa\OneDrive\Documents\PowerShell\Modules\Pester\5.7.1\Pester.psm1:1985
at Invoke-ScriptBlock, C:\Users\alexa\OneDrive\Documents\PowerShell\Modules\Pester\5.7.1\Pester.psm1:2160
at Invoke-Block, C:\Users\alexa\OneDrive\Documents\PowerShell\Modules\Pester\5.7.1\Pester.psm1:940
at &lt;ScriptBlock&gt;, C:\Users\alexa\OneDrive\Documents\PowerShell\Modules\Pester\5.7.1\Pester.psm1:1688
at &lt;ScriptBlock&gt;, C:\Users\alexa\OneDrive\Documents\PowerShell\Modules\Pester\5.7.1\Pester.ps1:3
at &lt;ScriptBlock&gt;, C:\Users\alexa\OneDrive\Documents\PowerShell\Modules\Pester\5.7.1\Pester.psm1:3260
at Invoke-InNewScriptScope, C:\Users\alexa\OneDrive\Documents\PowerShell\Modules\Pester\5.7.1\Pester.psm1:3267
at Run-Test, C:\Users\alexa\OneDrive\Documents\PowerShell\Modules\Pester\5.7.1\Pester.psm1:1691
at Invoke-Test, C:\Users\alexa\OneDrive\Documents\PowerShell\Modules\Pester\5.7.1\Pester.psm1:2512
at Invoke-Pester&lt;End&gt;, C:\Users\alexa\OneDrive\Documents\PowerShell\Modules\Pester\5.7.1\Pester.psm1:4960
at &lt;ScriptBlock&gt;, &lt;No file&gt;:1</stack-trace>
                    </failure>
                  </test-case>
                </results>
              </test-suite>
              <test-suite type="TestFixture" name="runner Tests.Functionality Tests" executed="True" result="Failure" success="False" time="0.2293" asserts="0" description="runner Tests.Functionality Tests">
                <results>
                  <test-case description="should execute without errors" name="runner Tests.Functionality Tests.should execute without errors" time="0.1095" asserts="0" success="False" result="Failure" executed="True">
                    <failure>
                      <message>RuntimeException: Should operator 'Be' is not registered
CmdletInvocationException: Should operator 'Be' is not registered
CommandNotFoundException: The 'Should' command was found in the module 'Pester', but the module could not be loaded due to the following error: [Should operator 'Be' is not registered]
For more information, run 'Import-Module Pester'.</message>
                      <stack-trace>at &lt;ScriptBlock&gt;, $env:PROJECT_ROOT\tests\integration\runner.Tests.ps1:17
at &lt;ScriptBlock&gt;, C:\Users\alexa\OneDrive\Documents\PowerShell\Modules\Pester\5.7.1\Pester.psm1:2024
at &lt;ScriptBlock&gt;, C:\Users\alexa\OneDrive\Documents\PowerShell\Modules\Pester\5.7.1\Pester.psm1:1985
at Invoke-ScriptBlock, C:\Users\alexa\OneDrive\Documents\PowerShell\Modules\Pester\5.7.1\Pester.psm1:2157
at Invoke-TestItem, C:\Users\alexa\OneDrive\Documents\PowerShell\Modules\Pester\5.7.1\Pester.psm1:1199
at Invoke-Block, C:\Users\alexa\OneDrive\Documents\PowerShell\Modules\Pester\5.7.1\Pester.psm1:835
at &lt;ScriptBlock&gt;, C:\Users\alexa\OneDrive\Documents\PowerShell\Modules\Pester\5.7.1\Pester.psm1:893
at &lt;ScriptBlock&gt;, C:\Users\alexa\OneDrive\Documents\PowerShell\Modules\Pester\5.7.1\Pester.psm1:2024
at &lt;ScriptBlock&gt;, C:\Users\alexa\OneDrive\Documents\PowerShell\Modules\Pester\5.7.1\Pester.psm1:1985
at Invoke-ScriptBlock, C:\Users\alexa\OneDrive\Documents\PowerShell\Modules\Pester\5.7.1\Pester.psm1:2160
at Invoke-Block, C:\Users\alexa\OneDrive\Documents\PowerShell\Modules\Pester\5.7.1\Pester.psm1:940
at &lt;ScriptBlock&gt;, C:\Users\alexa\OneDrive\Documents\PowerShell\Modules\Pester\5.7.1\Pester.psm1:893
at &lt;ScriptBlock&gt;, C:\Users\alexa\OneDrive\Documents\PowerShell\Modules\Pester\5.7.1\Pester.psm1:2024
at &lt;ScriptBlock&gt;, C:\Users\alexa\OneDrive\Documents\PowerShell\Modules\Pester\5.7.1\Pester.psm1:1985
at Invoke-ScriptBlock, C:\Users\alexa\OneDrive\Documents\PowerShell\Modules\Pester\5.7.1\Pester.psm1:2160
at Invoke-Block, C:\Users\alexa\OneDrive\Documents\PowerShell\Modules\Pester\5.7.1\Pester.psm1:940
at &lt;ScriptBlock&gt;, C:\Users\alexa\OneDrive\Documents\PowerShell\Modules\Pester\5.7.1\Pester.psm1:893
at &lt;ScriptBlock&gt;, C:\Users\alexa\OneDrive\Documents\PowerShell\Modules\Pester\5.7.1\Pester.psm1:2024
at &lt;ScriptBlock&gt;, C:\Users\alexa\OneDrive\Documents\PowerShell\Modules\Pester\5.7.1\Pester.psm1:1985
at Invoke-ScriptBlock, C:\Users\alexa\OneDrive\Documents\PowerShell\Modules\Pester\5.7.1\Pester.psm1:2160
at Invoke-Block, C:\Users\alexa\OneDrive\Documents\PowerShell\Modules\Pester\5.7.1\Pester.psm1:940
at &lt;ScriptBlock&gt;, C:\Users\alexa\OneDrive\Documents\PowerShell\Modules\Pester\5.7.1\Pester.psm1:1688
at &lt;ScriptBlock&gt;, C:\Users\alexa\OneDrive\Documents\PowerShell\Modules\Pester\5.7.1\Pester.ps1:3
at &lt;ScriptBlock&gt;, C:\Users\alexa\OneDrive\Documents\PowerShell\Modules\Pester\5.7.1\Pester.psm1:3260
at Invoke-InNewScriptScope, C:\Users\alexa\OneDrive\Documents\PowerShell\Modules\Pester\5.7.1\Pester.psm1:3267
at Run-Test, C:\Users\alexa\OneDrive\Documents\PowerShell\Modules\Pester\5.7.1\Pester.psm1:1691
at Invoke-Test, C:\Users\alexa\OneDrive\Documents\PowerShell\Modules\Pester\5.7.1\Pester.psm1:2512
at Invoke-Pester&lt;End&gt;, C:\Users\alexa\OneDrive\Documents\PowerShell\Modules\Pester\5.7.1\Pester.psm1:4960
at &lt;ScriptBlock&gt;, &lt;No file&gt;:1</stack-trace>
                    </failure>
                  </test-case>
                </results>
              </test-suite>
            </results>
          </test-suite>
        </results>
      </test-suite>
      <test-suite type="TestFixture" name="$env:PROJECT_ROOT\tests\integration\RunnerScripts.Tests.ps1" executed="True" result="Failure" success="False" time="0.2833" asserts="0" description="$env:PROJECT_ROOT\tests\integration\RunnerScripts.Tests.ps1">
        <results>
          <test-suite type="TestFixture" name="RunnerScripts Tests" executed="True" result="Failure" success="False" time="0.2462" asserts="0" description="RunnerScripts Tests">
            <results>
              <test-suite type="TestFixture" name="RunnerScripts Tests.Module Loading" executed="True" result="Failure" success="False" time="0.1175" asserts="0" description="RunnerScripts Tests.Module Loading">
                <results>
                  <test-case description="should load required modules" name="RunnerScripts Tests.Module Loading.should load required modules" time="0.1149" asserts="0" success="False" result="Failure" executed="True">
                    <failure>
                      <message>RuntimeException: Should operator 'Be' is not registered
CmdletInvocationException: Should operator 'Be' is not registered
CommandNotFoundException: The 'Should' command was found in the module 'Pester', but the module could not be loaded due to the following error: [Should operator 'Be' is not registered]
For more information, run 'Import-Module Pester'.</message>
                      <stack-trace>at &lt;ScriptBlock&gt;, $env:PROJECT_ROOT\tests\integration\RunnerScripts.Tests.ps1:10
at &lt;ScriptBlock&gt;, C:\Users\alexa\OneDrive\Documents\PowerShell\Modules\Pester\5.7.1\Pester.psm1:2024
at &lt;ScriptBlock&gt;, C:\Users\alexa\OneDrive\Documents\PowerShell\Modules\Pester\5.7.1\Pester.psm1:1985
at Invoke-ScriptBlock, C:\Users\alexa\OneDrive\Documents\PowerShell\Modules\Pester\5.7.1\Pester.psm1:2157
at Invoke-TestItem, C:\Users\alexa\OneDrive\Documents\PowerShell\Modules\Pester\5.7.1\Pester.psm1:1199
at Invoke-Block, C:\Users\alexa\OneDrive\Documents\PowerShell\Modules\Pester\5.7.1\Pester.psm1:835
at &lt;ScriptBlock&gt;, C:\Users\alexa\OneDrive\Documents\PowerShell\Modules\Pester\5.7.1\Pester.psm1:893
at &lt;ScriptBlock&gt;, C:\Users\alexa\OneDrive\Documents\PowerShell\Modules\Pester\5.7.1\Pester.psm1:2024
at &lt;ScriptBlock&gt;, C:\Users\alexa\OneDrive\Documents\PowerShell\Modules\Pester\5.7.1\Pester.psm1:1985
at Invoke-ScriptBlock, C:\Users\alexa\OneDrive\Documents\PowerShell\Modules\Pester\5.7.1\Pester.psm1:2160
at Invoke-Block, C:\Users\alexa\OneDrive\Documents\PowerShell\Modules\Pester\5.7.1\Pester.psm1:940
at &lt;ScriptBlock&gt;, C:\Users\alexa\OneDrive\Documents\PowerShell\Modules\Pester\5.7.1\Pester.psm1:893
at &lt;ScriptBlock&gt;, C:\Users\alexa\OneDrive\Documents\PowerShell\Modules\Pester\5.7.1\Pester.psm1:2024
at &lt;ScriptBlock&gt;, C:\Users\alexa\OneDrive\Documents\PowerShell\Modules\Pester\5.7.1\Pester.psm1:1985
at Invoke-ScriptBlock, C:\Users\alexa\OneDrive\Documents\PowerShell\Modules\Pester\5.7.1\Pester.psm1:2160
at Invoke-Block, C:\Users\alexa\OneDrive\Documents\PowerShell\Modules\Pester\5.7.1\Pester.psm1:940
at &lt;ScriptBlock&gt;, C:\Users\alexa\OneDrive\Documents\PowerShell\Modules\Pester\5.7.1\Pester.psm1:893
at &lt;ScriptBlock&gt;, C:\Users\alexa\OneDrive\Documents\PowerShell\Modules\Pester\5.7.1\Pester.psm1:2024
at &lt;ScriptBlock&gt;, C:\Users\alexa\OneDrive\Documents\PowerShell\Modules\Pester\5.7.1\Pester.psm1:1985
at Invoke-ScriptBlock, C:\Users\alexa\OneDrive\Documents\PowerShell\Modules\Pester\5.7.1\Pester.psm1:2160
at Invoke-Block, C:\Users\alexa\OneDrive\Documents\PowerShell\Modules\Pester\5.7.1\Pester.psm1:940
at &lt;ScriptBlock&gt;, C:\Users\alexa\OneDrive\Documents\PowerShell\Modules\Pester\5.7.1\Pester.psm1:1688
at &lt;ScriptBlock&gt;, C:\Users\alexa\OneDrive\Documents\PowerShell\Modules\Pester\5.7.1\Pester.ps1:3
at &lt;ScriptBlock&gt;, C:\Users\alexa\OneDrive\Documents\PowerShell\Modules\Pester\5.7.1\Pester.psm1:3260
at Invoke-InNewScriptScope, C:\Users\alexa\OneDrive\Documents\PowerShell\Modules\Pester\5.7.1\Pester.psm1:3267
at Run-Test, C:\Users\alexa\OneDrive\Documents\PowerShell\Modules\Pester\5.7.1\Pester.psm1:1691
at Invoke-Test, C:\Users\alexa\OneDrive\Documents\PowerShell\Modules\Pester\5.7.1\Pester.psm1:2512
at Invoke-Pester&lt;End&gt;, C:\Users\alexa\OneDrive\Documents\PowerShell\Modules\Pester\5.7.1\Pester.psm1:4960
at &lt;ScriptBlock&gt;, &lt;No file&gt;:1</stack-trace>
                    </failure>
                  </test-case>
                </results>
              </test-suite>
              <test-suite type="TestFixture" name="RunnerScripts Tests.Functionality Tests" executed="True" result="Failure" success="False" time="0.23" asserts="0" description="RunnerScripts Tests.Functionality Tests">
                <results>
                  <test-case description="should execute without errors" name="RunnerScripts Tests.Functionality Tests.should execute without errors" time="0.1101" asserts="0" success="False" result="Failure" executed="True">
                    <failure>
                      <message>RuntimeException: Should operator 'Be' is not registered
CmdletInvocationException: Should operator 'Be' is not registered
CommandNotFoundException: The 'Should' command was found in the module 'Pester', but the module could not be loaded due to the following error: [Should operator 'Be' is not registered]
For more information, run 'Import-Module Pester'.</message>
                      <stack-trace>at &lt;ScriptBlock&gt;, $env:PROJECT_ROOT\tests\integration\RunnerScripts.Tests.ps1:17
at &lt;ScriptBlock&gt;, C:\Users\alexa\OneDrive\Documents\PowerShell\Modules\Pester\5.7.1\Pester.psm1:2024
at &lt;ScriptBlock&gt;, C:\Users\alexa\OneDrive\Documents\PowerShell\Modules\Pester\5.7.1\Pester.psm1:1985
at Invoke-ScriptBlock, C:\Users\alexa\OneDrive\Documents\PowerShell\Modules\Pester\5.7.1\Pester.psm1:2157
at Invoke-TestItem, C:\Users\alexa\OneDrive\Documents\PowerShell\Modules\Pester\5.7.1\Pester.psm1:1199
at Invoke-Block, C:\Users\alexa\OneDrive\Documents\PowerShell\Modules\Pester\5.7.1\Pester.psm1:835
at &lt;ScriptBlock&gt;, C:\Users\alexa\OneDrive\Documents\PowerShell\Modules\Pester\5.7.1\Pester.psm1:893
at &lt;ScriptBlock&gt;, C:\Users\alexa\OneDrive\Documents\PowerShell\Modules\Pester\5.7.1\Pester.psm1:2024
at &lt;ScriptBlock&gt;, C:\Users\alexa\OneDrive\Documents\PowerShell\Modules\Pester\5.7.1\Pester.psm1:1985
at Invoke-ScriptBlock, C:\Users\alexa\OneDrive\Documents\PowerShell\Modules\Pester\5.7.1\Pester.psm1:2160
at Invoke-Block, C:\Users\alexa\OneDrive\Documents\PowerShell\Modules\Pester\5.7.1\Pester.psm1:940
at &lt;ScriptBlock&gt;, C:\Users\alexa\OneDrive\Documents\PowerShell\Modules\Pester\5.7.1\Pester.psm1:893
at &lt;ScriptBlock&gt;, C:\Users\alexa\OneDrive\Documents\PowerShell\Modules\Pester\5.7.1\Pester.psm1:2024
at &lt;ScriptBlock&gt;, C:\Users\alexa\OneDrive\Documents\PowerShell\Modules\Pester\5.7.1\Pester.psm1:1985
at Invoke-ScriptBlock, C:\Users\alexa\OneDrive\Documents\PowerShell\Modules\Pester\5.7.1\Pester.psm1:2160
at Invoke-Block, C:\Users\alexa\OneDrive\Documents\PowerShell\Modules\Pester\5.7.1\Pester.psm1:940
at &lt;ScriptBlock&gt;, C:\Users\alexa\OneDrive\Documents\PowerShell\Modules\Pester\5.7.1\Pester.psm1:893
at &lt;ScriptBlock&gt;, C:\Users\alexa\OneDrive\Documents\PowerShell\Modules\Pester\5.7.1\Pester.psm1:2024
at &lt;ScriptBlock&gt;, C:\Users\alexa\OneDrive\Documents\PowerShell\Modules\Pester\5.7.1\Pester.psm1:1985
at Invoke-ScriptBlock, C:\Users\alexa\OneDrive\Documents\PowerShell\Modules\Pester\5.7.1\Pester.psm1:2160
at Invoke-Block, C:\Users\alexa\OneDrive\Documents\PowerShell\Modules\Pester\5.7.1\Pester.psm1:940
at &lt;ScriptBlock&gt;, C:\Users\alexa\OneDrive\Documents\PowerShell\Modules\Pester\5.7.1\Pester.psm1:1688
at &lt;ScriptBlock&gt;, C:\Users\alexa\OneDrive\Documents\PowerShell\Modules\Pester\5.7.1\Pester.ps1:3
at &lt;ScriptBlock&gt;, C:\Users\alexa\OneDrive\Documents\PowerShell\Modules\Pester\5.7.1\Pester.psm1:3260
at Invoke-InNewScriptScope, C:\Users\alexa\OneDrive\Documents\PowerShell\Modules\Pester\5.7.1\Pester.psm1:3267
at Run-Test, C:\Users\alexa\OneDrive\Documents\PowerShell\Modules\Pester\5.7.1\Pester.psm1:1691
at Invoke-Test, C:\Users\alexa\OneDrive\Documents\PowerShell\Modules\Pester\5.7.1\Pester.psm1:2512
at Invoke-Pester&lt;End&gt;, C:\Users\alexa\OneDrive\Documents\PowerShell\Modules\Pester\5.7.1\Pester.psm1:4960
at &lt;ScriptBlock&gt;, &lt;No file&gt;:1</stack-trace>
                    </failure>
                  </test-case>
                </results>
              </test-suite>
            </results>
          </test-suite>
        </results>
      </test-suite>
      <test-suite type="TestFixture" name="$env:PROJECT_ROOT\tests\integration\ScriptTemplate.Tests.ps1" executed="True" result="Failure" success="False" time="0.2876" asserts="0" description="$env:PROJECT_ROOT\tests\integration\ScriptTemplate.Tests.ps1">
        <results>
          <test-suite type="TestFixture" name="ScriptTemplate Tests" executed="True" result="Failure" success="False" time="0.2512" asserts="0" description="ScriptTemplate Tests">
            <results>
              <test-suite type="TestFixture" name="ScriptTemplate Tests.Module Loading" executed="True" result="Failure" success="False" time="0.1201" asserts="0" description="ScriptTemplate Tests.Module Loading">
                <results>
                  <test-case description="should load required modules" name="ScriptTemplate Tests.Module Loading.should load required modules" time="0.1174" asserts="0" success="False" result="Failure" executed="True">
                    <failure>
                      <message>RuntimeException: Should operator 'Be' is not registered
CmdletInvocationException: Should operator 'Be' is not registered
CommandNotFoundException: The 'Should' command was found in the module 'Pester', but the module could not be loaded due to the following error: [Should operator 'Be' is not registered]
For more information, run 'Import-Module Pester'.</message>
                      <stack-trace>at &lt;ScriptBlock&gt;, $env:PROJECT_ROOT\tests\integration\ScriptTemplate.Tests.ps1:10
at &lt;ScriptBlock&gt;, C:\Users\alexa\OneDrive\Documents\PowerShell\Modules\Pester\5.7.1\Pester.psm1:2024
at &lt;ScriptBlock&gt;, C:\Users\alexa\OneDrive\Documents\PowerShell\Modules\Pester\5.7.1\Pester.psm1:1985
at Invoke-ScriptBlock, C:\Users\alexa\OneDrive\Documents\PowerShell\Modules\Pester\5.7.1\Pester.psm1:2157
at Invoke-TestItem, C:\Users\alexa\OneDrive\Documents\PowerShell\Modules\Pester\5.7.1\Pester.psm1:1199
at Invoke-Block, C:\Users\alexa\OneDrive\Documents\PowerShell\Modules\Pester\5.7.1\Pester.psm1:835
at &lt;ScriptBlock&gt;, C:\Users\alexa\OneDrive\Documents\PowerShell\Modules\Pester\5.7.1\Pester.psm1:893
at &lt;ScriptBlock&gt;, C:\Users\alexa\OneDrive\Documents\PowerShell\Modules\Pester\5.7.1\Pester.psm1:2024
at &lt;ScriptBlock&gt;, C:\Users\alexa\OneDrive\Documents\PowerShell\Modules\Pester\5.7.1\Pester.psm1:1985
at Invoke-ScriptBlock, C:\Users\alexa\OneDrive\Documents\PowerShell\Modules\Pester\5.7.1\Pester.psm1:2160
at Invoke-Block, C:\Users\alexa\OneDrive\Documents\PowerShell\Modules\Pester\5.7.1\Pester.psm1:940
at &lt;ScriptBlock&gt;, C:\Users\alexa\OneDrive\Documents\PowerShell\Modules\Pester\5.7.1\Pester.psm1:893
at &lt;ScriptBlock&gt;, C:\Users\alexa\OneDrive\Documents\PowerShell\Modules\Pester\5.7.1\Pester.psm1:2024
at &lt;ScriptBlock&gt;, C:\Users\alexa\OneDrive\Documents\PowerShell\Modules\Pester\5.7.1\Pester.psm1:1985
at Invoke-ScriptBlock, C:\Users\alexa\OneDrive\Documents\PowerShell\Modules\Pester\5.7.1\Pester.psm1:2160
at Invoke-Block, C:\Users\alexa\OneDrive\Documents\PowerShell\Modules\Pester\5.7.1\Pester.psm1:940
at &lt;ScriptBlock&gt;, C:\Users\alexa\OneDrive\Documents\PowerShell\Modules\Pester\5.7.1\Pester.psm1:893
at &lt;ScriptBlock&gt;, C:\Users\alexa\OneDrive\Documents\PowerShell\Modules\Pester\5.7.1\Pester.psm1:2024
at &lt;ScriptBlock&gt;, C:\Users\alexa\OneDrive\Documents\PowerShell\Modules\Pester\5.7.1\Pester.psm1:1985
at Invoke-ScriptBlock, C:\Users\alexa\OneDrive\Documents\PowerShell\Modules\Pester\5.7.1\Pester.psm1:2160
at Invoke-Block, C:\Users\alexa\OneDrive\Documents\PowerShell\Modules\Pester\5.7.1\Pester.psm1:940
at &lt;ScriptBlock&gt;, C:\Users\alexa\OneDrive\Documents\PowerShell\Modules\Pester\5.7.1\Pester.psm1:1688
at &lt;ScriptBlock&gt;, C:\Users\alexa\OneDrive\Documents\PowerShell\Modules\Pester\5.7.1\Pester.ps1:3
at &lt;ScriptBlock&gt;, C:\Users\alexa\OneDrive\Documents\PowerShell\Modules\Pester\5.7.1\Pester.psm1:3260
at Invoke-InNewScriptScope, C:\Users\alexa\OneDrive\Documents\PowerShell\Modules\Pester\5.7.1\Pester.psm1:3267
at Run-Test, C:\Users\alexa\OneDrive\Documents\PowerShell\Modules\Pester\5.7.1\Pester.psm1:1691
at Invoke-Test, C:\Users\alexa\OneDrive\Documents\PowerShell\Modules\Pester\5.7.1\Pester.psm1:2512
at Invoke-Pester&lt;End&gt;, C:\Users\alexa\OneDrive\Documents\PowerShell\Modules\Pester\5.7.1\Pester.psm1:4960
at &lt;ScriptBlock&gt;, &lt;No file&gt;:1</stack-trace>
                    </failure>
                  </test-case>
                </results>
              </test-suite>
              <test-suite type="TestFixture" name="ScriptTemplate Tests.Functionality Tests" executed="True" result="Failure" success="False" time="0.2376" asserts="0" description="ScriptTemplate Tests.Functionality Tests">
                <results>
                  <test-case description="should execute without errors" name="ScriptTemplate Tests.Functionality Tests.should execute without errors" time="0.1147" asserts="0" success="False" result="Failure" executed="True">
                    <failure>
                      <message>RuntimeException: Should operator 'Be' is not registered
CmdletInvocationException: Should operator 'Be' is not registered
CommandNotFoundException: The 'Should' command was found in the module 'Pester', but the module could not be loaded due to the following error: [Should operator 'Be' is not registered]
For more information, run 'Import-Module Pester'.</message>
                      <stack-trace>at &lt;ScriptBlock&gt;, $env:PROJECT_ROOT\tests\integration\ScriptTemplate.Tests.ps1:17
at &lt;ScriptBlock&gt;, C:\Users\alexa\OneDrive\Documents\PowerShell\Modules\Pester\5.7.1\Pester.psm1:2024
at &lt;ScriptBlock&gt;, C:\Users\alexa\OneDrive\Documents\PowerShell\Modules\Pester\5.7.1\Pester.psm1:1985
at Invoke-ScriptBlock, C:\Users\alexa\OneDrive\Documents\PowerShell\Modules\Pester\5.7.1\Pester.psm1:2157
at Invoke-TestItem, C:\Users\alexa\OneDrive\Documents\PowerShell\Modules\Pester\5.7.1\Pester.psm1:1199
at Invoke-Block, C:\Users\alexa\OneDrive\Documents\PowerShell\Modules\Pester\5.7.1\Pester.psm1:835
at &lt;ScriptBlock&gt;, C:\Users\alexa\OneDrive\Documents\PowerShell\Modules\Pester\5.7.1\Pester.psm1:893
at &lt;ScriptBlock&gt;, C:\Users\alexa\OneDrive\Documents\PowerShell\Modules\Pester\5.7.1\Pester.psm1:2024
at &lt;ScriptBlock&gt;, C:\Users\alexa\OneDrive\Documents\PowerShell\Modules\Pester\5.7.1\Pester.psm1:1985
at Invoke-ScriptBlock, C:\Users\alexa\OneDrive\Documents\PowerShell\Modules\Pester\5.7.1\Pester.psm1:2160
at Invoke-Block, C:\Users\alexa\OneDrive\Documents\PowerShell\Modules\Pester\5.7.1\Pester.psm1:940
at &lt;ScriptBlock&gt;, C:\Users\alexa\OneDrive\Documents\PowerShell\Modules\Pester\5.7.1\Pester.psm1:893
at &lt;ScriptBlock&gt;, C:\Users\alexa\OneDrive\Documents\PowerShell\Modules\Pester\5.7.1\Pester.psm1:2024
at &lt;ScriptBlock&gt;, C:\Users\alexa\OneDrive\Documents\PowerShell\Modules\Pester\5.7.1\Pester.psm1:1985
at Invoke-ScriptBlock, C:\Users\alexa\OneDrive\Documents\PowerShell\Modules\Pester\5.7.1\Pester.psm1:2160
at Invoke-Block, C:\Users\alexa\OneDrive\Documents\PowerShell\Modules\Pester\5.7.1\Pester.psm1:940
at &lt;ScriptBlock&gt;, C:\Users\alexa\OneDrive\Documents\PowerShell\Modules\Pester\5.7.1\Pester.psm1:893
at &lt;ScriptBlock&gt;, C:\Users\alexa\OneDrive\Documents\PowerShell\Modules\Pester\5.7.1\Pester.psm1:2024
at &lt;ScriptBlock&gt;, C:\Users\alexa\OneDrive\Documents\PowerShell\Modules\Pester\5.7.1\Pester.psm1:1985
at Invoke-ScriptBlock, C:\Users\alexa\OneDrive\Documents\PowerShell\Modules\Pester\5.7.1\Pester.psm1:2160
at Invoke-Block, C:\Users\alexa\OneDrive\Documents\PowerShell\Modules\Pester\5.7.1\Pester.psm1:940
at &lt;ScriptBlock&gt;, C:\Users\alexa\OneDrive\Documents\PowerShell\Modules\Pester\5.7.1\Pester.psm1:1688
at &lt;ScriptBlock&gt;, C:\Users\alexa\OneDrive\Documents\PowerShell\Modules\Pester\5.7.1\Pester.ps1:3
at &lt;ScriptBlock&gt;, C:\Users\alexa\OneDrive\Documents\PowerShell\Modules\Pester\5.7.1\Pester.psm1:3260
at Invoke-InNewScriptScope, C:\Users\alexa\OneDrive\Documents\PowerShell\Modules\Pester\5.7.1\Pester.psm1:3267
at Run-Test, C:\Users\alexa\OneDrive\Documents\PowerShell\Modules\Pester\5.7.1\Pester.psm1:1691
at Invoke-Test, C:\Users\alexa\OneDrive\Documents\PowerShell\Modules\Pester\5.7.1\Pester.psm1:2512
at Invoke-Pester&lt;End&gt;, C:\Users\alexa\OneDrive\Documents\PowerShell\Modules\Pester\5.7.1\Pester.psm1:4960
at &lt;ScriptBlock&gt;, &lt;No file&gt;:1</stack-trace>
                    </failure>
                  </test-case>
                </results>
              </test-suite>
            </results>
          </test-suite>
        </results>
      </test-suite>
      <test-suite type="TestFixture" name="$env:PROJECT_ROOT\tests\pester\LintingTests.Tests.ps1" executed="True" result="Failure" success="False" time="0.9086" asserts="0" description="$env:PROJECT_ROOT\tests\pester\LintingTests.Tests.ps1">
        <results>
          <test-suite type="TestFixture" name="Code Quality and Linting Tests" executed="True" result="Failure" success="False" time="0.8651" asserts="0" description="Code Quality and Linting Tests">
            <results>
              <test-suite type="TestFixture" name="Code Quality and Linting Tests.PSScriptAnalyzer Validation" executed="True" result="Failure" success="False" time="0.1572" asserts="0" description="Code Quality and Linting Tests.PSScriptAnalyzer Validation">
                <results>
                  <test-case description="Should have PSScriptAnalyzer settings file" name="Code Quality and Linting Tests.PSScriptAnalyzer Validation.Should have PSScriptAnalyzer settings file" time="0.1172" asserts="0" success="False" result="Failure" executed="True">
                    <failure>
                      <message>RuntimeException: Should operator 'Be' is not registered
CmdletInvocationException: Should operator 'Be' is not registered
CommandNotFoundException: The 'Should' command was found in the module 'Pester', but the module could not be loaded due to the following error: [Should operator 'Be' is not registered]
For more information, run 'Import-Module Pester'.</message>
                      <stack-trace>at &lt;ScriptBlock&gt;, $env:PROJECT_ROOT\tests\pester\LintingTests.Tests.ps1:16
at &lt;ScriptBlock&gt;, C:\Users\alexa\OneDrive\Documents\PowerShell\Modules\Pester\5.7.1\Pester.psm1:2024
at &lt;ScriptBlock&gt;, C:\Users\alexa\OneDrive\Documents\PowerShell\Modules\Pester\5.7.1\Pester.psm1:1985
at Invoke-ScriptBlock, C:\Users\alexa\OneDrive\Documents\PowerShell\Modules\Pester\5.7.1\Pester.psm1:2157
at Invoke-TestItem, C:\Users\alexa\OneDrive\Documents\PowerShell\Modules\Pester\5.7.1\Pester.psm1:1199
at Invoke-Block, C:\Users\alexa\OneDrive\Documents\PowerShell\Modules\Pester\5.7.1\Pester.psm1:835
at &lt;ScriptBlock&gt;, C:\Users\alexa\OneDrive\Documents\PowerShell\Modules\Pester\5.7.1\Pester.psm1:893
at &lt;ScriptBlock&gt;, C:\Users\alexa\OneDrive\Documents\PowerShell\Modules\Pester\5.7.1\Pester.psm1:2024
at &lt;ScriptBlock&gt;, C:\Users\alexa\OneDrive\Documents\PowerShell\Modules\Pester\5.7.1\Pester.psm1:1985
at Invoke-ScriptBlock, C:\Users\alexa\OneDrive\Documents\PowerShell\Modules\Pester\5.7.1\Pester.psm1:2160
at Invoke-Block, C:\Users\alexa\OneDrive\Documents\PowerShell\Modules\Pester\5.7.1\Pester.psm1:940
at &lt;ScriptBlock&gt;, C:\Users\alexa\OneDrive\Documents\PowerShell\Modules\Pester\5.7.1\Pester.psm1:893
at &lt;ScriptBlock&gt;, C:\Users\alexa\OneDrive\Documents\PowerShell\Modules\Pester\5.7.1\Pester.psm1:2024
at &lt;ScriptBlock&gt;, C:\Users\alexa\OneDrive\Documents\PowerShell\Modules\Pester\5.7.1\Pester.psm1:1985
at Invoke-ScriptBlock, C:\Users\alexa\OneDrive\Documents\PowerShell\Modules\Pester\5.7.1\Pester.psm1:2160
at Invoke-Block, C:\Users\alexa\OneDrive\Documents\PowerShell\Modules\Pester\5.7.1\Pester.psm1:940
at &lt;ScriptBlock&gt;, C:\Users\alexa\OneDrive\Documents\PowerShell\Modules\Pester\5.7.1\Pester.psm1:893
at &lt;ScriptBlock&gt;, C:\Users\alexa\OneDrive\Documents\PowerShell\Modules\Pester\5.7.1\Pester.psm1:2024
at &lt;ScriptBlock&gt;, C:\Users\alexa\OneDrive\Documents\PowerShell\Modules\Pester\5.7.1\Pester.psm1:1985
at Invoke-ScriptBlock, C:\Users\alexa\OneDrive\Documents\PowerShell\Modules\Pester\5.7.1\Pester.psm1:2160
at Invoke-Block, C:\Users\alexa\OneDrive\Documents\PowerShell\Modules\Pester\5.7.1\Pester.psm1:940
at &lt;ScriptBlock&gt;, C:\Users\alexa\OneDrive\Documents\PowerShell\Modules\Pester\5.7.1\Pester.psm1:1688
at &lt;ScriptBlock&gt;, C:\Users\alexa\OneDrive\Documents\PowerShell\Modules\Pester\5.7.1\Pester.ps1:3
at &lt;ScriptBlock&gt;, C:\Users\alexa\OneDrive\Documents\PowerShell\Modules\Pester\5.7.1\Pester.psm1:3260
at Invoke-InNewScriptScope, C:\Users\alexa\OneDrive\Documents\PowerShell\Modules\Pester\5.7.1\Pester.psm1:3267
at Run-Test, C:\Users\alexa\OneDrive\Documents\PowerShell\Modules\Pester\5.7.1\Pester.psm1:1691
at Invoke-Test, C:\Users\alexa\OneDrive\Documents\PowerShell\Modules\Pester\5.7.1\Pester.psm1:2512
at Invoke-Pester&lt;End&gt;, C:\Users\alexa\OneDrive\Documents\PowerShell\Modules\Pester\5.7.1\Pester.psm1:4960
at &lt;ScriptBlock&gt;, &lt;No file&gt;:1</stack-trace>
                    </failure>
                  </test-case>
                  <test-case description="Should pass PSScriptAnalyzer analysis for PowerShell modules" name="Code Quality and Linting Tests.PSScriptAnalyzer Validation.Should pass PSScriptAnalyzer analysis for PowerShell modules" time="0.0261" asserts="0" success="True" result="Success" executed="True" />
                  <test-case description="Should pass PSScriptAnalyzer analysis for PowerShell scripts" name="Code Quality and Linting Tests.PSScriptAnalyzer Validation.Should pass PSScriptAnalyzer analysis for PowerShell scripts" time="0.0112" asserts="0" success="True" result="Success" executed="True" />
                </results>
              </test-suite>
              <test-suite type="TestFixture" name="Code Quality and Linting Tests.Python Code Quality" executed="True" result="Failure" success="False" time="0.5513" asserts="0" description="Code Quality and Linting Tests.Python Code Quality">
                <results>
                  <test-case description="Should have Python linting configuration files" name="Code Quality and Linting Tests.Python Code Quality.Should have Python linting configuration files" time="0.1178" asserts="0" success="False" result="Failure" executed="True">
                    <failure>
                      <message>RuntimeException: Should operator 'Be' is not registered
CmdletInvocationException: Should operator 'Be' is not registered
CommandNotFoundException: The 'Should' command was found in the module 'Pester', but the module could not be loaded due to the following error: [Should operator 'Be' is not registered]
For more information, run 'Import-Module Pester'.</message>
                      <stack-trace>at &lt;ScriptBlock&gt;, $env:PROJECT_ROOT\tests\pester\LintingTests.Tests.ps1:54
at &lt;ScriptBlock&gt;, C:\Users\alexa\OneDrive\Documents\PowerShell\Modules\Pester\5.7.1\Pester.psm1:2024
at &lt;ScriptBlock&gt;, C:\Users\alexa\OneDrive\Documents\PowerShell\Modules\Pester\5.7.1\Pester.psm1:1985
at Invoke-ScriptBlock, C:\Users\alexa\OneDrive\Documents\PowerShell\Modules\Pester\5.7.1\Pester.psm1:2157
at Invoke-TestItem, C:\Users\alexa\OneDrive\Documents\PowerShell\Modules\Pester\5.7.1\Pester.psm1:1199
at Invoke-Block, C:\Users\alexa\OneDrive\Documents\PowerShell\Modules\Pester\5.7.1\Pester.psm1:835
at &lt;ScriptBlock&gt;, C:\Users\alexa\OneDrive\Documents\PowerShell\Modules\Pester\5.7.1\Pester.psm1:893
at &lt;ScriptBlock&gt;, C:\Users\alexa\OneDrive\Documents\PowerShell\Modules\Pester\5.7.1\Pester.psm1:2024
at &lt;ScriptBlock&gt;, C:\Users\alexa\OneDrive\Documents\PowerShell\Modules\Pester\5.7.1\Pester.psm1:1985
at Invoke-ScriptBlock, C:\Users\alexa\OneDrive\Documents\PowerShell\Modules\Pester\5.7.1\Pester.psm1:2160
at Invoke-Block, C:\Users\alexa\OneDrive\Documents\PowerShell\Modules\Pester\5.7.1\Pester.psm1:940
at &lt;ScriptBlock&gt;, C:\Users\alexa\OneDrive\Documents\PowerShell\Modules\Pester\5.7.1\Pester.psm1:893
at &lt;ScriptBlock&gt;, C:\Users\alexa\OneDrive\Documents\PowerShell\Modules\Pester\5.7.1\Pester.psm1:2024
at &lt;ScriptBlock&gt;, C:\Users\alexa\OneDrive\Documents\PowerShell\Modules\Pester\5.7.1\Pester.psm1:1985
at Invoke-ScriptBlock, C:\Users\alexa\OneDrive\Documents\PowerShell\Modules\Pester\5.7.1\Pester.psm1:2160
at Invoke-Block, C:\Users\alexa\OneDrive\Documents\PowerShell\Modules\Pester\5.7.1\Pester.psm1:940
at &lt;ScriptBlock&gt;, C:\Users\alexa\OneDrive\Documents\PowerShell\Modules\Pester\5.7.1\Pester.psm1:893
at &lt;ScriptBlock&gt;, C:\Users\alexa\OneDrive\Documents\PowerShell\Modules\Pester\5.7.1\Pester.psm1:2024
at &lt;ScriptBlock&gt;, C:\Users\alexa\OneDrive\Documents\PowerShell\Modules\Pester\5.7.1\Pester.psm1:1985
at Invoke-ScriptBlock, C:\Users\alexa\OneDrive\Documents\PowerShell\Modules\Pester\5.7.1\Pester.psm1:2160
at Invoke-Block, C:\Users\alexa\OneDrive\Documents\PowerShell\Modules\Pester\5.7.1\Pester.psm1:940
at &lt;ScriptBlock&gt;, C:\Users\alexa\OneDrive\Documents\PowerShell\Modules\Pester\5.7.1\Pester.psm1:1688
at &lt;ScriptBlock&gt;, C:\Users\alexa\OneDrive\Documents\PowerShell\Modules\Pester\5.7.1\Pester.ps1:3
at &lt;ScriptBlock&gt;, C:\Users\alexa\OneDrive\Documents\PowerShell\Modules\Pester\5.7.1\Pester.psm1:3260
at Invoke-InNewScriptScope, C:\Users\alexa\OneDrive\Documents\PowerShell\Modules\Pester\5.7.1\Pester.psm1:3267
at Run-Test, C:\Users\alexa\OneDrive\Documents\PowerShell\Modules\Pester\5.7.1\Pester.psm1:1691
at Invoke-Test, C:\Users\alexa\OneDrive\Documents\PowerShell\Modules\Pester\5.7.1\Pester.psm1:2512
at Invoke-Pester&lt;End&gt;, C:\Users\alexa\OneDrive\Documents\PowerShell\Modules\Pester\5.7.1\Pester.psm1:4960
at &lt;ScriptBlock&gt;, &lt;No file&gt;:1</stack-trace>
                    </failure>
                  </test-case>
                  <test-case description="Should pass flake8 analysis for Python source code" name="Code Quality and Linting Tests.Python Code Quality.Should pass flake8 analysis for Python source code" time="0.1534" asserts="0" success="False" result="Failure" executed="True">
                    <failure>
                      <message>RuntimeException: Should operator 'Be' is not registered
CmdletInvocationException: Should operator 'Be' is not registered
CommandNotFoundException: The 'Set-ItResult' command was found in the module 'Pester', but the module could not be loaded due to the following error: [Should operator 'Be' is not registered]
For more information, run 'Import-Module Pester'.</message>
                      <stack-trace>at &lt;ScriptBlock&gt;, $env:PROJECT_ROOT\tests\pester\LintingTests.Tests.ps1:68
at &lt;ScriptBlock&gt;, C:\Users\alexa\OneDrive\Documents\PowerShell\Modules\Pester\5.7.1\Pester.psm1:2024
at &lt;ScriptBlock&gt;, C:\Users\alexa\OneDrive\Documents\PowerShell\Modules\Pester\5.7.1\Pester.psm1:1985
at Invoke-ScriptBlock, C:\Users\alexa\OneDrive\Documents\PowerShell\Modules\Pester\5.7.1\Pester.psm1:2157
at Invoke-TestItem, C:\Users\alexa\OneDrive\Documents\PowerShell\Modules\Pester\5.7.1\Pester.psm1:1199
at Invoke-Block, C:\Users\alexa\OneDrive\Documents\PowerShell\Modules\Pester\5.7.1\Pester.psm1:835
at &lt;ScriptBlock&gt;, C:\Users\alexa\OneDrive\Documents\PowerShell\Modules\Pester\5.7.1\Pester.psm1:893
at &lt;ScriptBlock&gt;, C:\Users\alexa\OneDrive\Documents\PowerShell\Modules\Pester\5.7.1\Pester.psm1:2024
at &lt;ScriptBlock&gt;, C:\Users\alexa\OneDrive\Documents\PowerShell\Modules\Pester\5.7.1\Pester.psm1:1985
at Invoke-ScriptBlock, C:\Users\alexa\OneDrive\Documents\PowerShell\Modules\Pester\5.7.1\Pester.psm1:2160
at Invoke-Block, C:\Users\alexa\OneDrive\Documents\PowerShell\Modules\Pester\5.7.1\Pester.psm1:940
at &lt;ScriptBlock&gt;, C:\Users\alexa\OneDrive\Documents\PowerShell\Modules\Pester\5.7.1\Pester.psm1:893
at &lt;ScriptBlock&gt;, C:\Users\alexa\OneDrive\Documents\PowerShell\Modules\Pester\5.7.1\Pester.psm1:2024
at &lt;ScriptBlock&gt;, C:\Users\alexa\OneDrive\Documents\PowerShell\Modules\Pester\5.7.1\Pester.psm1:1985
at Invoke-ScriptBlock, C:\Users\alexa\OneDrive\Documents\PowerShell\Modules\Pester\5.7.1\Pester.psm1:2160
at Invoke-Block, C:\Users\alexa\OneDrive\Documents\PowerShell\Modules\Pester\5.7.1\Pester.psm1:940
at &lt;ScriptBlock&gt;, C:\Users\alexa\OneDrive\Documents\PowerShell\Modules\Pester\5.7.1\Pester.psm1:893
at &lt;ScriptBlock&gt;, C:\Users\alexa\OneDrive\Documents\PowerShell\Modules\Pester\5.7.1\Pester.psm1:2024
at &lt;ScriptBlock&gt;, C:\Users\alexa\OneDrive\Documents\PowerShell\Modules\Pester\5.7.1\Pester.psm1:1985
at Invoke-ScriptBlock, C:\Users\alexa\OneDrive\Documents\PowerShell\Modules\Pester\5.7.1\Pester.psm1:2160
at Invoke-Block, C:\Users\alexa\OneDrive\Documents\PowerShell\Modules\Pester\5.7.1\Pester.psm1:940
at &lt;ScriptBlock&gt;, C:\Users\alexa\OneDrive\Documents\PowerShell\Modules\Pester\5.7.1\Pester.psm1:1688
at &lt;ScriptBlock&gt;, C:\Users\alexa\OneDrive\Documents\PowerShell\Modules\Pester\5.7.1\Pester.ps1:3
at &lt;ScriptBlock&gt;, C:\Users\alexa\OneDrive\Documents\PowerShell\Modules\Pester\5.7.1\Pester.psm1:3260
at Invoke-InNewScriptScope, C:\Users\alexa\OneDrive\Documents\PowerShell\Modules\Pester\5.7.1\Pester.psm1:3267
at Run-Test, C:\Users\alexa\OneDrive\Documents\PowerShell\Modules\Pester\5.7.1\Pester.psm1:1691
at Invoke-Test, C:\Users\alexa\OneDrive\Documents\PowerShell\Modules\Pester\5.7.1\Pester.psm1:2512
at Invoke-Pester&lt;End&gt;, C:\Users\alexa\OneDrive\Documents\PowerShell\Modules\Pester\5.7.1\Pester.psm1:4960
at &lt;ScriptBlock&gt;, &lt;No file&gt;:1</stack-trace>
                    </failure>
                  </test-case>
                  <test-case description="Should pass flake8 analysis for Python test code" name="Code Quality and Linting Tests.Python Code Quality.Should pass flake8 analysis for Python test code" time="0.1107" asserts="0" success="False" result="Failure" executed="True">
                    <failure>
                      <message>RuntimeException: Should operator 'Be' is not registered
CmdletInvocationException: Should operator 'Be' is not registered
CommandNotFoundException: The 'Set-ItResult' command was found in the module 'Pester', but the module could not be loaded due to the following error: [Should operator 'Be' is not registered]
For more information, run 'Import-Module Pester'.</message>
                      <stack-trace>at &lt;ScriptBlock&gt;, $env:PROJECT_ROOT\tests\pester\LintingTests.Tests.ps1:82
at &lt;ScriptBlock&gt;, C:\Users\alexa\OneDrive\Documents\PowerShell\Modules\Pester\5.7.1\Pester.psm1:2024
at &lt;ScriptBlock&gt;, C:\Users\alexa\OneDrive\Documents\PowerShell\Modules\Pester\5.7.1\Pester.psm1:1985
at Invoke-ScriptBlock, C:\Users\alexa\OneDrive\Documents\PowerShell\Modules\Pester\5.7.1\Pester.psm1:2157
at Invoke-TestItem, C:\Users\alexa\OneDrive\Documents\PowerShell\Modules\Pester\5.7.1\Pester.psm1:1199
at Invoke-Block, C:\Users\alexa\OneDrive\Documents\PowerShell\Modules\Pester\5.7.1\Pester.psm1:835
at &lt;ScriptBlock&gt;, C:\Users\alexa\OneDrive\Documents\PowerShell\Modules\Pester\5.7.1\Pester.psm1:893
at &lt;ScriptBlock&gt;, C:\Users\alexa\OneDrive\Documents\PowerShell\Modules\Pester\5.7.1\Pester.psm1:2024
at &lt;ScriptBlock&gt;, C:\Users\alexa\OneDrive\Documents\PowerShell\Modules\Pester\5.7.1\Pester.psm1:1985
at Invoke-ScriptBlock, C:\Users\alexa\OneDrive\Documents\PowerShell\Modules\Pester\5.7.1\Pester.psm1:2160
at Invoke-Block, C:\Users\alexa\OneDrive\Documents\PowerShell\Modules\Pester\5.7.1\Pester.psm1:940
at &lt;ScriptBlock&gt;, C:\Users\alexa\OneDrive\Documents\PowerShell\Modules\Pester\5.7.1\Pester.psm1:893
at &lt;ScriptBlock&gt;, C:\Users\alexa\OneDrive\Documents\PowerShell\Modules\Pester\5.7.1\Pester.psm1:2024
at &lt;ScriptBlock&gt;, C:\Users\alexa\OneDrive\Documents\PowerShell\Modules\Pester\5.7.1\Pester.psm1:1985
at Invoke-ScriptBlock, C:\Users\alexa\OneDrive\Documents\PowerShell\Modules\Pester\5.7.1\Pester.psm1:2160
at Invoke-Block, C:\Users\alexa\OneDrive\Documents\PowerShell\Modules\Pester\5.7.1\Pester.psm1:940
at &lt;ScriptBlock&gt;, C:\Users\alexa\OneDrive\Documents\PowerShell\Modules\Pester\5.7.1\Pester.psm1:893
at &lt;ScriptBlock&gt;, C:\Users\alexa\OneDrive\Documents\PowerShell\Modules\Pester\5.7.1\Pester.psm1:2024
at &lt;ScriptBlock&gt;, C:\Users\alexa\OneDrive\Documents\PowerShell\Modules\Pester\5.7.1\Pester.psm1:1985
at Invoke-ScriptBlock, C:\Users\alexa\OneDrive\Documents\PowerShell\Modules\Pester\5.7.1\Pester.psm1:2160
at Invoke-Block, C:\Users\alexa\OneDrive\Documents\PowerShell\Modules\Pester\5.7.1\Pester.psm1:940
at &lt;ScriptBlock&gt;, C:\Users\alexa\OneDrive\Documents\PowerShell\Modules\Pester\5.7.1\Pester.psm1:1688
at &lt;ScriptBlock&gt;, C:\Users\alexa\OneDrive\Documents\PowerShell\Modules\Pester\5.7.1\Pester.ps1:3
at &lt;ScriptBlock&gt;, C:\Users\alexa\OneDrive\Documents\PowerShell\Modules\Pester\5.7.1\Pester.psm1:3260
at Invoke-InNewScriptScope, C:\Users\alexa\OneDrive\Documents\PowerShell\Modules\Pester\5.7.1\Pester.psm1:3267
at Run-Test, C:\Users\alexa\OneDrive\Documents\PowerShell\Modules\Pester\5.7.1\Pester.psm1:1691
at Invoke-Test, C:\Users\alexa\OneDrive\Documents\PowerShell\Modules\Pester\5.7.1\Pester.psm1:2512
at Invoke-Pester&lt;End&gt;, C:\Users\alexa\OneDrive\Documents\PowerShell\Modules\Pester\5.7.1\Pester.psm1:4960
at &lt;ScriptBlock&gt;, &lt;No file&gt;:1</stack-trace>
                    </failure>
                  </test-case>
                </results>
              </test-suite>
              <test-suite type="TestFixture" name="Code Quality and Linting Tests.Cross-Platform Compatibility" executed="True" result="Failure" success="False" time="0.5885" asserts="0" description="Code Quality and Linting Tests.Cross-Platform Compatibility">
                <results>
                  <test-case description="Should use proper path separators in PowerShell scripts" name="Code Quality and Linting Tests.Cross-Platform Compatibility.Should use proper path separators in PowerShell scripts" time="0.0203" asserts="0" success="True" result="Success" executed="True" />
                  <test-case description="Should use proper line endings" name="Code Quality and Linting Tests.Cross-Platform Compatibility.Should use proper line endings" time="0.0144" asserts="0" success="False" result="Failure" executed="True">
                    <failure>
                      <message>RuntimeException: Cannot index into a null array.</message>
                      <stack-trace>at &lt;ScriptBlock&gt;, $env:PROJECT_ROOT\tests\pester\LintingTests.Tests.ps1:112
at &lt;ScriptBlock&gt;, C:\Users\alexa\OneDrive\Documents\PowerShell\Modules\Pester\5.7.1\Pester.psm1:2024
at &lt;ScriptBlock&gt;, C:\Users\alexa\OneDrive\Documents\PowerShell\Modules\Pester\5.7.1\Pester.psm1:1985
at Invoke-ScriptBlock, C:\Users\alexa\OneDrive\Documents\PowerShell\Modules\Pester\5.7.1\Pester.psm1:2157
at Invoke-TestItem, C:\Users\alexa\OneDrive\Documents\PowerShell\Modules\Pester\5.7.1\Pester.psm1:1199
at Invoke-Block, C:\Users\alexa\OneDrive\Documents\PowerShell\Modules\Pester\5.7.1\Pester.psm1:835
at &lt;ScriptBlock&gt;, C:\Users\alexa\OneDrive\Documents\PowerShell\Modules\Pester\5.7.1\Pester.psm1:893
at &lt;ScriptBlock&gt;, C:\Users\alexa\OneDrive\Documents\PowerShell\Modules\Pester\5.7.1\Pester.psm1:2024
at &lt;ScriptBlock&gt;, C:\Users\alexa\OneDrive\Documents\PowerShell\Modules\Pester\5.7.1\Pester.psm1:1985
at Invoke-ScriptBlock, C:\Users\alexa\OneDrive\Documents\PowerShell\Modules\Pester\5.7.1\Pester.psm1:2160
at Invoke-Block, C:\Users\alexa\OneDrive\Documents\PowerShell\Modules\Pester\5.7.1\Pester.psm1:940
at &lt;ScriptBlock&gt;, C:\Users\alexa\OneDrive\Documents\PowerShell\Modules\Pester\5.7.1\Pester.psm1:893
at &lt;ScriptBlock&gt;, C:\Users\alexa\OneDrive\Documents\PowerShell\Modules\Pester\5.7.1\Pester.psm1:2024
at &lt;ScriptBlock&gt;, C:\Users\alexa\OneDrive\Documents\PowerShell\Modules\Pester\5.7.1\Pester.psm1:1985
at Invoke-ScriptBlock, C:\Users\alexa\OneDrive\Documents\PowerShell\Modules\Pester\5.7.1\Pester.psm1:2160
at Invoke-Block, C:\Users\alexa\OneDrive\Documents\PowerShell\Modules\Pester\5.7.1\Pester.psm1:940
at &lt;ScriptBlock&gt;, C:\Users\alexa\OneDrive\Documents\PowerShell\Modules\Pester\5.7.1\Pester.psm1:893
at &lt;ScriptBlock&gt;, C:\Users\alexa\OneDrive\Documents\PowerShell\Modules\Pester\5.7.1\Pester.psm1:2024
at &lt;ScriptBlock&gt;, C:\Users\alexa\OneDrive\Documents\PowerShell\Modules\Pester\5.7.1\Pester.psm1:1985
at Invoke-ScriptBlock, C:\Users\alexa\OneDrive\Documents\PowerShell\Modules\Pester\5.7.1\Pester.psm1:2160
at Invoke-Block, C:\Users\alexa\OneDrive\Documents\PowerShell\Modules\Pester\5.7.1\Pester.psm1:940
at &lt;ScriptBlock&gt;, C:\Users\alexa\OneDrive\Documents\PowerShell\Modules\Pester\5.7.1\Pester.psm1:1688
at &lt;ScriptBlock&gt;, C:\Users\alexa\OneDrive\Documents\PowerShell\Modules\Pester\5.7.1\Pester.ps1:3
at &lt;ScriptBlock&gt;, C:\Users\alexa\OneDrive\Documents\PowerShell\Modules\Pester\5.7.1\Pester.psm1:3260
at Invoke-InNewScriptScope, C:\Users\alexa\OneDrive\Documents\PowerShell\Modules\Pester\5.7.1\Pester.psm1:3267
at Run-Test, C:\Users\alexa\OneDrive\Documents\PowerShell\Modules\Pester\5.7.1\Pester.psm1:1691
at Invoke-Test, C:\Users\alexa\OneDrive\Documents\PowerShell\Modules\Pester\5.7.1\Pester.psm1:2512
at Invoke-Pester&lt;End&gt;, C:\Users\alexa\OneDrive\Documents\PowerShell\Modules\Pester\5.7.1\Pester.psm1:4960
at &lt;ScriptBlock&gt;, &lt;No file&gt;:1</stack-trace>
                    </failure>
                  </test-case>
                </results>
              </test-suite>
              <test-suite type="TestFixture" name="Code Quality and Linting Tests.Parallel Execution Integration" executed="True" result="Failure" success="False" time="0.8378" asserts="0" description="Code Quality and Linting Tests.Parallel Execution Integration">
                <results>
                  <test-case description="Should be able to create lint tasks" name="Code Quality and Linting Tests.Parallel Execution Integration.Should be able to create lint tasks" time="0.1259" asserts="0" success="False" result="Failure" executed="True">
                    <failure>
                      <message>RuntimeException: Should operator 'Be' is not registered
CmdletInvocationException: Should operator 'Be' is not registered
CommandNotFoundException: The 'Should' command was found in the module 'Pester', but the module could not be loaded due to the following error: [Should operator 'Be' is not registered]
For more information, run 'Import-Module Pester'.</message>
                      <stack-trace>at &lt;ScriptBlock&gt;, $env:PROJECT_ROOT\tests\pester\LintingTests.Tests.ps1:139
at &lt;ScriptBlock&gt;, C:\Users\alexa\OneDrive\Documents\PowerShell\Modules\Pester\5.7.1\Pester.psm1:2024
at &lt;ScriptBlock&gt;, C:\Users\alexa\OneDrive\Documents\PowerShell\Modules\Pester\5.7.1\Pester.psm1:1985
at Invoke-ScriptBlock, C:\Users\alexa\OneDrive\Documents\PowerShell\Modules\Pester\5.7.1\Pester.psm1:2157
at Invoke-TestItem, C:\Users\alexa\OneDrive\Documents\PowerShell\Modules\Pester\5.7.1\Pester.psm1:1199
at Invoke-Block, C:\Users\alexa\OneDrive\Documents\PowerShell\Modules\Pester\5.7.1\Pester.psm1:835
at &lt;ScriptBlock&gt;, C:\Users\alexa\OneDrive\Documents\PowerShell\Modules\Pester\5.7.1\Pester.psm1:893
at &lt;ScriptBlock&gt;, C:\Users\alexa\OneDrive\Documents\PowerShell\Modules\Pester\5.7.1\Pester.psm1:2024
at &lt;ScriptBlock&gt;, C:\Users\alexa\OneDrive\Documents\PowerShell\Modules\Pester\5.7.1\Pester.psm1:1985
at Invoke-ScriptBlock, C:\Users\alexa\OneDrive\Documents\PowerShell\Modules\Pester\5.7.1\Pester.psm1:2160
at Invoke-Block, C:\Users\alexa\OneDrive\Documents\PowerShell\Modules\Pester\5.7.1\Pester.psm1:940
at &lt;ScriptBlock&gt;, C:\Users\alexa\OneDrive\Documents\PowerShell\Modules\Pester\5.7.1\Pester.psm1:893
at &lt;ScriptBlock&gt;, C:\Users\alexa\OneDrive\Documents\PowerShell\Modules\Pester\5.7.1\Pester.psm1:2024
at &lt;ScriptBlock&gt;, C:\Users\alexa\OneDrive\Documents\PowerShell\Modules\Pester\5.7.1\Pester.psm1:1985
at Invoke-ScriptBlock, C:\Users\alexa\OneDrive\Documents\PowerShell\Modules\Pester\5.7.1\Pester.psm1:2160
at Invoke-Block, C:\Users\alexa\OneDrive\Documents\PowerShell\Modules\Pester\5.7.1\Pester.psm1:940
at &lt;ScriptBlock&gt;, C:\Users\alexa\OneDrive\Documents\PowerShell\Modules\Pester\5.7.1\Pester.psm1:893
at &lt;ScriptBlock&gt;, C:\Users\alexa\OneDrive\Documents\PowerShell\Modules\Pester\5.7.1\Pester.psm1:2024
at &lt;ScriptBlock&gt;, C:\Users\alexa\OneDrive\Documents\PowerShell\Modules\Pester\5.7.1\Pester.psm1:1985
at Invoke-ScriptBlock, C:\Users\alexa\OneDrive\Documents\PowerShell\Modules\Pester\5.7.1\Pester.psm1:2160
at Invoke-Block, C:\Users\alexa\OneDrive\Documents\PowerShell\Modules\Pester\5.7.1\Pester.psm1:940
at &lt;ScriptBlock&gt;, C:\Users\alexa\OneDrive\Documents\PowerShell\Modules\Pester\5.7.1\Pester.psm1:1688
at &lt;ScriptBlock&gt;, C:\Users\alexa\OneDrive\Documents\PowerShell\Modules\Pester\5.7.1\Pester.ps1:3
at &lt;ScriptBlock&gt;, C:\Users\alexa\OneDrive\Documents\PowerShell\Modules\Pester\5.7.1\Pester.psm1:3260
at Invoke-InNewScriptScope, C:\Users\alexa\OneDrive\Documents\PowerShell\Modules\Pester\5.7.1\Pester.psm1:3267
at Run-Test, C:\Users\alexa\OneDrive\Documents\PowerShell\Modules\Pester\5.7.1\Pester.psm1:1691
at Invoke-Test, C:\Users\alexa\OneDrive\Documents\PowerShell\Modules\Pester\5.7.1\Pester.psm1:2512
at Invoke-Pester&lt;End&gt;, C:\Users\alexa\OneDrive\Documents\PowerShell\Modules\Pester\5.7.1\Pester.psm1:4960
at &lt;ScriptBlock&gt;, &lt;No file&gt;:1</stack-trace>
                    </failure>
                  </test-case>
                  <test-case description="Should be able to execute parallel linting (dry run)" name="Code Quality and Linting Tests.Parallel Execution Integration.Should be able to execute parallel linting (dry run)" time="0.1208" asserts="0" success="False" result="Failure" executed="True">
                    <failure>
                      <message>RuntimeException: Should operator 'Be' is not registered
CmdletInvocationException: Should operator 'Be' is not registered
CommandNotFoundException: The 'Should' command was found in the module 'Pester', but the module could not be loaded due to the following error: [Should operator 'Be' is not registered]
For more information, run 'Import-Module Pester'.</message>
                      <stack-trace>at &lt;ScriptBlock&gt;, $env:PROJECT_ROOT\tests\pester\LintingTests.Tests.ps1:149
at &lt;ScriptBlock&gt;, C:\Users\alexa\OneDrive\Documents\PowerShell\Modules\Pester\5.7.1\Pester.psm1:2024
at &lt;ScriptBlock&gt;, C:\Users\alexa\OneDrive\Documents\PowerShell\Modules\Pester\5.7.1\Pester.psm1:1985
at Invoke-ScriptBlock, C:\Users\alexa\OneDrive\Documents\PowerShell\Modules\Pester\5.7.1\Pester.psm1:2157
at Invoke-TestItem, C:\Users\alexa\OneDrive\Documents\PowerShell\Modules\Pester\5.7.1\Pester.psm1:1199
at Invoke-Block, C:\Users\alexa\OneDrive\Documents\PowerShell\Modules\Pester\5.7.1\Pester.psm1:835
at &lt;ScriptBlock&gt;, C:\Users\alexa\OneDrive\Documents\PowerShell\Modules\Pester\5.7.1\Pester.psm1:893
at &lt;ScriptBlock&gt;, C:\Users\alexa\OneDrive\Documents\PowerShell\Modules\Pester\5.7.1\Pester.psm1:2024
at &lt;ScriptBlock&gt;, C:\Users\alexa\OneDrive\Documents\PowerShell\Modules\Pester\5.7.1\Pester.psm1:1985
at Invoke-ScriptBlock, C:\Users\alexa\OneDrive\Documents\PowerShell\Modules\Pester\5.7.1\Pester.psm1:2160
at Invoke-Block, C:\Users\alexa\OneDrive\Documents\PowerShell\Modules\Pester\5.7.1\Pester.psm1:940
at &lt;ScriptBlock&gt;, C:\Users\alexa\OneDrive\Documents\PowerShell\Modules\Pester\5.7.1\Pester.psm1:893
at &lt;ScriptBlock&gt;, C:\Users\alexa\OneDrive\Documents\PowerShell\Modules\Pester\5.7.1\Pester.psm1:2024
at &lt;ScriptBlock&gt;, C:\Users\alexa\OneDrive\Documents\PowerShell\Modules\Pester\5.7.1\Pester.psm1:1985
at Invoke-ScriptBlock, C:\Users\alexa\OneDrive\Documents\PowerShell\Modules\Pester\5.7.1\Pester.psm1:2160
at Invoke-Block, C:\Users\alexa\OneDrive\Documents\PowerShell\Modules\Pester\5.7.1\Pester.psm1:940
at &lt;ScriptBlock&gt;, C:\Users\alexa\OneDrive\Documents\PowerShell\Modules\Pester\5.7.1\Pester.psm1:893
at &lt;ScriptBlock&gt;, C:\Users\alexa\OneDrive\Documents\PowerShell\Modules\Pester\5.7.1\Pester.psm1:2024
at &lt;ScriptBlock&gt;, C:\Users\alexa\OneDrive\Documents\PowerShell\Modules\Pester\5.7.1\Pester.psm1:1985
at Invoke-ScriptBlock, C:\Users\alexa\OneDrive\Documents\PowerShell\Modules\Pester\5.7.1\Pester.psm1:2160
at Invoke-Block, C:\Users\alexa\OneDrive\Documents\PowerShell\Modules\Pester\5.7.1\Pester.psm1:940
at &lt;ScriptBlock&gt;, C:\Users\alexa\OneDrive\Documents\PowerShell\Modules\Pester\5.7.1\Pester.psm1:1688
at &lt;ScriptBlock&gt;, C:\Users\alexa\OneDrive\Documents\PowerShell\Modules\Pester\5.7.1\Pester.ps1:3
at &lt;ScriptBlock&gt;, C:\Users\alexa\OneDrive\Documents\PowerShell\Modules\Pester\5.7.1\Pester.psm1:3260
at Invoke-InNewScriptScope, C:\Users\alexa\OneDrive\Documents\PowerShell\Modules\Pester\5.7.1\Pester.psm1:3267
at Run-Test, C:\Users\alexa\OneDrive\Documents\PowerShell\Modules\Pester\5.7.1\Pester.psm1:1691
at Invoke-Test, C:\Users\alexa\OneDrive\Documents\PowerShell\Modules\Pester\5.7.1\Pester.psm1:2512
at Invoke-Pester&lt;End&gt;, C:\Users\alexa\OneDrive\Documents\PowerShell\Modules\Pester\5.7.1\Pester.psm1:4960
at &lt;ScriptBlock&gt;, &lt;No file&gt;:1</stack-trace>
                    </failure>
                  </test-case>
                </results>
              </test-suite>
            </results>
          </test-suite>
        </results>
      </test-suite>
      <test-suite type="TestFixture" name="$env:PROJECT_ROOT\tests\pester\ProjectStructure.Tests.ps1" executed="True" result="Failure" success="False" time="1.2944" asserts="0" description="$env:PROJECT_ROOT\tests\pester\ProjectStructure.Tests.ps1">
        <results>
          <test-suite type="TestFixture" name="Project Structure and Integration Tests" executed="True" result="Failure" success="False" time="1.253" asserts="0" description="Project Structure and Integration Tests">
            <results>
              <test-suite type="TestFixture" name="Project Structure and Integration Tests.Project Directory Structure" executed="True" result="Failure" success="False" time="0.4858" asserts="0" description="Project Structure and Integration Tests.Project Directory Structure">
                <results>
                  <test-case description="Should have all required top-level directories" name="Project Structure and Integration Tests.Project Directory Structure.Should have all required top-level directories" time="0.1287" asserts="0" success="False" result="Failure" executed="True">
                    <failure>
                      <message>RuntimeException: Should operator 'Be' is not registered
CmdletInvocationException: Should operator 'Be' is not registered
CommandNotFoundException: The 'Should' command was found in the module 'Pester', but the module could not be loaded due to the following error: [Should operator 'Be' is not registered]
For more information, run 'Import-Module Pester'.</message>
                      <stack-trace>at &lt;ScriptBlock&gt;, $env:PROJECT_ROOT\tests\pester\ProjectStructure.Tests.ps1:7
at &lt;ScriptBlock&gt;, $env:PROJECT_ROOT\tests\pester\ProjectStructure.Tests.ps1:6
at &lt;ScriptBlock&gt;, C:\Users\alexa\OneDrive\Documents\PowerShell\Modules\Pester\5.7.1\Pester.psm1:2024
at &lt;ScriptBlock&gt;, C:\Users\alexa\OneDrive\Documents\PowerShell\Modules\Pester\5.7.1\Pester.psm1:1985
at Invoke-ScriptBlock, C:\Users\alexa\OneDrive\Documents\PowerShell\Modules\Pester\5.7.1\Pester.psm1:2157
at Invoke-TestItem, C:\Users\alexa\OneDrive\Documents\PowerShell\Modules\Pester\5.7.1\Pester.psm1:1199
at Invoke-Block, C:\Users\alexa\OneDrive\Documents\PowerShell\Modules\Pester\5.7.1\Pester.psm1:835
at &lt;ScriptBlock&gt;, C:\Users\alexa\OneDrive\Documents\PowerShell\Modules\Pester\5.7.1\Pester.psm1:893
at &lt;ScriptBlock&gt;, C:\Users\alexa\OneDrive\Documents\PowerShell\Modules\Pester\5.7.1\Pester.psm1:2024
at &lt;ScriptBlock&gt;, C:\Users\alexa\OneDrive\Documents\PowerShell\Modules\Pester\5.7.1\Pester.psm1:1985
at Invoke-ScriptBlock, C:\Users\alexa\OneDrive\Documents\PowerShell\Modules\Pester\5.7.1\Pester.psm1:2160
at Invoke-Block, C:\Users\alexa\OneDrive\Documents\PowerShell\Modules\Pester\5.7.1\Pester.psm1:940
at &lt;ScriptBlock&gt;, C:\Users\alexa\OneDrive\Documents\PowerShell\Modules\Pester\5.7.1\Pester.psm1:893
at &lt;ScriptBlock&gt;, C:\Users\alexa\OneDrive\Documents\PowerShell\Modules\Pester\5.7.1\Pester.psm1:2024
at &lt;ScriptBlock&gt;, C:\Users\alexa\OneDrive\Documents\PowerShell\Modules\Pester\5.7.1\Pester.psm1:1985
at Invoke-ScriptBlock, C:\Users\alexa\OneDrive\Documents\PowerShell\Modules\Pester\5.7.1\Pester.psm1:2160
at Invoke-Block, C:\Users\alexa\OneDrive\Documents\PowerShell\Modules\Pester\5.7.1\Pester.psm1:940
at &lt;ScriptBlock&gt;, C:\Users\alexa\OneDrive\Documents\PowerShell\Modules\Pester\5.7.1\Pester.psm1:893
at &lt;ScriptBlock&gt;, C:\Users\alexa\OneDrive\Documents\PowerShell\Modules\Pester\5.7.1\Pester.psm1:2024
at &lt;ScriptBlock&gt;, C:\Users\alexa\OneDrive\Documents\PowerShell\Modules\Pester\5.7.1\Pester.psm1:1985
at Invoke-ScriptBlock, C:\Users\alexa\OneDrive\Documents\PowerShell\Modules\Pester\5.7.1\Pester.psm1:2160
at Invoke-Block, C:\Users\alexa\OneDrive\Documents\PowerShell\Modules\Pester\5.7.1\Pester.psm1:940
at &lt;ScriptBlock&gt;, C:\Users\alexa\OneDrive\Documents\PowerShell\Modules\Pester\5.7.1\Pester.psm1:1688
at &lt;ScriptBlock&gt;, C:\Users\alexa\OneDrive\Documents\PowerShell\Modules\Pester\5.7.1\Pester.ps1:3
at &lt;ScriptBlock&gt;, C:\Users\alexa\OneDrive\Documents\PowerShell\Modules\Pester\5.7.1\Pester.psm1:3260
at Invoke-InNewScriptScope, C:\Users\alexa\OneDrive\Documents\PowerShell\Modules\Pester\5.7.1\Pester.psm1:3267
at Run-Test, C:\Users\alexa\OneDrive\Documents\PowerShell\Modules\Pester\5.7.1\Pester.psm1:1691
at Invoke-Test, C:\Users\alexa\OneDrive\Documents\PowerShell\Modules\Pester\5.7.1\Pester.psm1:2512
at Invoke-Pester&lt;End&gt;, C:\Users\alexa\OneDrive\Documents\PowerShell\Modules\Pester\5.7.1\Pester.psm1:4960
at &lt;ScriptBlock&gt;, &lt;No file&gt;:1</stack-trace>
                    </failure>
                  </test-case>
                  <test-case description="Should have PowerShell source structure" name="Project Structure and Integration Tests.Project Directory Structure.Should have PowerShell source structure" time="0.1172" asserts="0" success="False" result="Failure" executed="True">
                    <failure>
                      <message>RuntimeException: Should operator 'Be' is not registered
CmdletInvocationException: Should operator 'Be' is not registered
CommandNotFoundException: The 'Should' command was found in the module 'Pester', but the module could not be loaded due to the following error: [Should operator 'Be' is not registered]
For more information, run 'Import-Module Pester'.</message>
                      <stack-trace>at &lt;ScriptBlock&gt;, $env:PROJECT_ROOT\tests\pester\ProjectStructure.Tests.ps1:12
at &lt;ScriptBlock&gt;, C:\Users\alexa\OneDrive\Documents\PowerShell\Modules\Pester\5.7.1\Pester.psm1:2024
at &lt;ScriptBlock&gt;, C:\Users\alexa\OneDrive\Documents\PowerShell\Modules\Pester\5.7.1\Pester.psm1:1985
at Invoke-ScriptBlock, C:\Users\alexa\OneDrive\Documents\PowerShell\Modules\Pester\5.7.1\Pester.psm1:2157
at Invoke-TestItem, C:\Users\alexa\OneDrive\Documents\PowerShell\Modules\Pester\5.7.1\Pester.psm1:1199
at Invoke-Block, C:\Users\alexa\OneDrive\Documents\PowerShell\Modules\Pester\5.7.1\Pester.psm1:835
at &lt;ScriptBlock&gt;, C:\Users\alexa\OneDrive\Documents\PowerShell\Modules\Pester\5.7.1\Pester.psm1:893
at &lt;ScriptBlock&gt;, C:\Users\alexa\OneDrive\Documents\PowerShell\Modules\Pester\5.7.1\Pester.psm1:2024
at &lt;ScriptBlock&gt;, C:\Users\alexa\OneDrive\Documents\PowerShell\Modules\Pester\5.7.1\Pester.psm1:1985
at Invoke-ScriptBlock, C:\Users\alexa\OneDrive\Documents\PowerShell\Modules\Pester\5.7.1\Pester.psm1:2160
at Invoke-Block, C:\Users\alexa\OneDrive\Documents\PowerShell\Modules\Pester\5.7.1\Pester.psm1:940
at &lt;ScriptBlock&gt;, C:\Users\alexa\OneDrive\Documents\PowerShell\Modules\Pester\5.7.1\Pester.psm1:893
at &lt;ScriptBlock&gt;, C:\Users\alexa\OneDrive\Documents\PowerShell\Modules\Pester\5.7.1\Pester.psm1:2024
at &lt;ScriptBlock&gt;, C:\Users\alexa\OneDrive\Documents\PowerShell\Modules\Pester\5.7.1\Pester.psm1:1985
at Invoke-ScriptBlock, C:\Users\alexa\OneDrive\Documents\PowerShell\Modules\Pester\5.7.1\Pester.psm1:2160
at Invoke-Block, C:\Users\alexa\OneDrive\Documents\PowerShell\Modules\Pester\5.7.1\Pester.psm1:940
at &lt;ScriptBlock&gt;, C:\Users\alexa\OneDrive\Documents\PowerShell\Modules\Pester\5.7.1\Pester.psm1:893
at &lt;ScriptBlock&gt;, C:\Users\alexa\OneDrive\Documents\PowerShell\Modules\Pester\5.7.1\Pester.psm1:2024
at &lt;ScriptBlock&gt;, C:\Users\alexa\OneDrive\Documents\PowerShell\Modules\Pester\5.7.1\Pester.psm1:1985
at Invoke-ScriptBlock, C:\Users\alexa\OneDrive\Documents\PowerShell\Modules\Pester\5.7.1\Pester.psm1:2160
at Invoke-Block, C:\Users\alexa\OneDrive\Documents\PowerShell\Modules\Pester\5.7.1\Pester.psm1:940
at &lt;ScriptBlock&gt;, C:\Users\alexa\OneDrive\Documents\PowerShell\Modules\Pester\5.7.1\Pester.psm1:1688
at &lt;ScriptBlock&gt;, C:\Users\alexa\OneDrive\Documents\PowerShell\Modules\Pester\5.7.1\Pester.ps1:3
at &lt;ScriptBlock&gt;, C:\Users\alexa\OneDrive\Documents\PowerShell\Modules\Pester\5.7.1\Pester.psm1:3260
at Invoke-InNewScriptScope, C:\Users\alexa\OneDrive\Documents\PowerShell\Modules\Pester\5.7.1\Pester.psm1:3267
at Run-Test, C:\Users\alexa\OneDrive\Documents\PowerShell\Modules\Pester\5.7.1\Pester.psm1:1691
at Invoke-Test, C:\Users\alexa\OneDrive\Documents\PowerShell\Modules\Pester\5.7.1\Pester.psm1:2512
at Invoke-Pester&lt;End&gt;, C:\Users\alexa\OneDrive\Documents\PowerShell\Modules\Pester\5.7.1\Pester.psm1:4960
at &lt;ScriptBlock&gt;, &lt;No file&gt;:1</stack-trace>
                    </failure>
                  </test-case>
                  <test-case description="Should have Python source structure" name="Project Structure and Integration Tests.Project Directory Structure.Should have Python source structure" time="0.1181" asserts="0" success="False" result="Failure" executed="True">
                    <failure>
                      <message>RuntimeException: Should operator 'Be' is not registered
CmdletInvocationException: Should operator 'Be' is not registered
CommandNotFoundException: The 'Should' command was found in the module 'Pester', but the module could not be loaded due to the following error: [Should operator 'Be' is not registered]
For more information, run 'Import-Module Pester'.</message>
                      <stack-trace>at &lt;ScriptBlock&gt;, $env:PROJECT_ROOT\tests\pester\ProjectStructure.Tests.ps1:17
at &lt;ScriptBlock&gt;, C:\Users\alexa\OneDrive\Documents\PowerShell\Modules\Pester\5.7.1\Pester.psm1:2024
at &lt;ScriptBlock&gt;, C:\Users\alexa\OneDrive\Documents\PowerShell\Modules\Pester\5.7.1\Pester.psm1:1985
at Invoke-ScriptBlock, C:\Users\alexa\OneDrive\Documents\PowerShell\Modules\Pester\5.7.1\Pester.psm1:2157
at Invoke-TestItem, C:\Users\alexa\OneDrive\Documents\PowerShell\Modules\Pester\5.7.1\Pester.psm1:1199
at Invoke-Block, C:\Users\alexa\OneDrive\Documents\PowerShell\Modules\Pester\5.7.1\Pester.psm1:835
at &lt;ScriptBlock&gt;, C:\Users\alexa\OneDrive\Documents\PowerShell\Modules\Pester\5.7.1\Pester.psm1:893
at &lt;ScriptBlock&gt;, C:\Users\alexa\OneDrive\Documents\PowerShell\Modules\Pester\5.7.1\Pester.psm1:2024
at &lt;ScriptBlock&gt;, C:\Users\alexa\OneDrive\Documents\PowerShell\Modules\Pester\5.7.1\Pester.psm1:1985
at Invoke-ScriptBlock, C:\Users\alexa\OneDrive\Documents\PowerShell\Modules\Pester\5.7.1\Pester.psm1:2160
at Invoke-Block, C:\Users\alexa\OneDrive\Documents\PowerShell\Modules\Pester\5.7.1\Pester.psm1:940
at &lt;ScriptBlock&gt;, C:\Users\alexa\OneDrive\Documents\PowerShell\Modules\Pester\5.7.1\Pester.psm1:893
at &lt;ScriptBlock&gt;, C:\Users\alexa\OneDrive\Documents\PowerShell\Modules\Pester\5.7.1\Pester.psm1:2024
at &lt;ScriptBlock&gt;, C:\Users\alexa\OneDrive\Documents\PowerShell\Modules\Pester\5.7.1\Pester.psm1:1985
at Invoke-ScriptBlock, C:\Users\alexa\OneDrive\Documents\PowerShell\Modules\Pester\5.7.1\Pester.psm1:2160
at Invoke-Block, C:\Users\alexa\OneDrive\Documents\PowerShell\Modules\Pester\5.7.1\Pester.psm1:940
at &lt;ScriptBlock&gt;, C:\Users\alexa\OneDrive\Documents\PowerShell\Modules\Pester\5.7.1\Pester.psm1:893
at &lt;ScriptBlock&gt;, C:\Users\alexa\OneDrive\Documents\PowerShell\Modules\Pester\5.7.1\Pester.psm1:2024
at &lt;ScriptBlock&gt;, C:\Users\alexa\OneDrive\Documents\PowerShell\Modules\Pester\5.7.1\Pester.psm1:1985
at Invoke-ScriptBlock, C:\Users\alexa\OneDrive\Documents\PowerShell\Modules\Pester\5.7.1\Pester.psm1:2160
at Invoke-Block, C:\Users\alexa\OneDrive\Documents\PowerShell\Modules\Pester\5.7.1\Pester.psm1:940
at &lt;ScriptBlock&gt;, C:\Users\alexa\OneDrive\Documents\PowerShell\Modules\Pester\5.7.1\Pester.psm1:1688
at &lt;ScriptBlock&gt;, C:\Users\alexa\OneDrive\Documents\PowerShell\Modules\Pester\5.7.1\Pester.ps1:3
at &lt;ScriptBlock&gt;, C:\Users\alexa\OneDrive\Documents\PowerShell\Modules\Pester\5.7.1\Pester.psm1:3260
at Invoke-InNewScriptScope, C:\Users\alexa\OneDrive\Documents\PowerShell\Modules\Pester\5.7.1\Pester.psm1:3267
at Run-Test, C:\Users\alexa\OneDrive\Documents\PowerShell\Modules\Pester\5.7.1\Pester.psm1:1691
at Invoke-Test, C:\Users\alexa\OneDrive\Documents\PowerShell\Modules\Pester\5.7.1\Pester.psm1:2512
at Invoke-Pester&lt;End&gt;, C:\Users\alexa\OneDrive\Documents\PowerShell\Modules\Pester\5.7.1\Pester.psm1:4960
at &lt;ScriptBlock&gt;, &lt;No file&gt;:1</stack-trace>
                    </failure>
                  </test-case>
                  <test-case description="Should have test structure" name="Project Structure and Integration Tests.Project Directory Structure.Should have test structure" time="0.1193" asserts="0" success="False" result="Failure" executed="True">
                    <failure>
                      <message>RuntimeException: Should operator 'Be' is not registered
CmdletInvocationException: Should operator 'Be' is not registered
CommandNotFoundException: The 'Should' command was found in the module 'Pester', but the module could not be loaded due to the following error: [Should operator 'Be' is not registered]
For more information, run 'Import-Module Pester'.</message>
                      <stack-trace>at &lt;ScriptBlock&gt;, $env:PROJECT_ROOT\tests\pester\ProjectStructure.Tests.ps1:22
at &lt;ScriptBlock&gt;, C:\Users\alexa\OneDrive\Documents\PowerShell\Modules\Pester\5.7.1\Pester.psm1:2024
at &lt;ScriptBlock&gt;, C:\Users\alexa\OneDrive\Documents\PowerShell\Modules\Pester\5.7.1\Pester.psm1:1985
at Invoke-ScriptBlock, C:\Users\alexa\OneDrive\Documents\PowerShell\Modules\Pester\5.7.1\Pester.psm1:2157
at Invoke-TestItem, C:\Users\alexa\OneDrive\Documents\PowerShell\Modules\Pester\5.7.1\Pester.psm1:1199
at Invoke-Block, C:\Users\alexa\OneDrive\Documents\PowerShell\Modules\Pester\5.7.1\Pester.psm1:835
at &lt;ScriptBlock&gt;, C:\Users\alexa\OneDrive\Documents\PowerShell\Modules\Pester\5.7.1\Pester.psm1:893
at &lt;ScriptBlock&gt;, C:\Users\alexa\OneDrive\Documents\PowerShell\Modules\Pester\5.7.1\Pester.psm1:2024
at &lt;ScriptBlock&gt;, C:\Users\alexa\OneDrive\Documents\PowerShell\Modules\Pester\5.7.1\Pester.psm1:1985
at Invoke-ScriptBlock, C:\Users\alexa\OneDrive\Documents\PowerShell\Modules\Pester\5.7.1\Pester.psm1:2160
at Invoke-Block, C:\Users\alexa\OneDrive\Documents\PowerShell\Modules\Pester\5.7.1\Pester.psm1:940
at &lt;ScriptBlock&gt;, C:\Users\alexa\OneDrive\Documents\PowerShell\Modules\Pester\5.7.1\Pester.psm1:893
at &lt;ScriptBlock&gt;, C:\Users\alexa\OneDrive\Documents\PowerShell\Modules\Pester\5.7.1\Pester.psm1:2024
at &lt;ScriptBlock&gt;, C:\Users\alexa\OneDrive\Documents\PowerShell\Modules\Pester\5.7.1\Pester.psm1:1985
at Invoke-ScriptBlock, C:\Users\alexa\OneDrive\Documents\PowerShell\Modules\Pester\5.7.1\Pester.psm1:2160
at Invoke-Block, C:\Users\alexa\OneDrive\Documents\PowerShell\Modules\Pester\5.7.1\Pester.psm1:940
at &lt;ScriptBlock&gt;, C:\Users\alexa\OneDrive\Documents\PowerShell\Modules\Pester\5.7.1\Pester.psm1:893
at &lt;ScriptBlock&gt;, C:\Users\alexa\OneDrive\Documents\PowerShell\Modules\Pester\5.7.1\Pester.psm1:2024
at &lt;ScriptBlock&gt;, C:\Users\alexa\OneDrive\Documents\PowerShell\Modules\Pester\5.7.1\Pester.psm1:1985
at Invoke-ScriptBlock, C:\Users\alexa\OneDrive\Documents\PowerShell\Modules\Pester\5.7.1\Pester.psm1:2160
at Invoke-Block, C:\Users\alexa\OneDrive\Documents\PowerShell\Modules\Pester\5.7.1\Pester.psm1:940
at &lt;ScriptBlock&gt;, C:\Users\alexa\OneDrive\Documents\PowerShell\Modules\Pester\5.7.1\Pester.psm1:1688
at &lt;ScriptBlock&gt;, C:\Users\alexa\OneDrive\Documents\PowerShell\Modules\Pester\5.7.1\Pester.ps1:3
at &lt;ScriptBlock&gt;, C:\Users\alexa\OneDrive\Documents\PowerShell\Modules\Pester\5.7.1\Pester.psm1:3260
at Invoke-InNewScriptScope, C:\Users\alexa\OneDrive\Documents\PowerShell\Modules\Pester\5.7.1\Pester.psm1:3267
at Run-Test, C:\Users\alexa\OneDrive\Documents\PowerShell\Modules\Pester\5.7.1\Pester.psm1:1691
at Invoke-Test, C:\Users\alexa\OneDrive\Documents\PowerShell\Modules\Pester\5.7.1\Pester.psm1:2512
at Invoke-Pester&lt;End&gt;, C:\Users\alexa\OneDrive\Documents\PowerShell\Modules\Pester\5.7.1\Pester.psm1:4960
at &lt;ScriptBlock&gt;, &lt;No file&gt;:1</stack-trace>
                    </failure>
                  </test-case>
                </results>
              </test-suite>
              <test-suite type="TestFixture" name="Project Structure and Integration Tests.Configuration Files" executed="True" result="Failure" success="False" time="0.8463" asserts="0" description="Project Structure and Integration Tests.Configuration Files">
                <results>
                  <test-case description="Should have project configuration files" name="Project Structure and Integration Tests.Configuration Files.Should have project configuration files" time="0.1171" asserts="0" success="False" result="Failure" executed="True">
                    <failure>
                      <message>RuntimeException: Should operator 'Be' is not registered
CmdletInvocationException: Should operator 'Be' is not registered
CommandNotFoundException: The 'Should' command was found in the module 'Pester', but the module could not be loaded due to the following error: [Should operator 'Be' is not registered]
For more information, run 'Import-Module Pester'.</message>
                      <stack-trace>at &lt;ScriptBlock&gt;, $env:PROJECT_ROOT\tests\pester\ProjectStructure.Tests.ps1:29
at &lt;ScriptBlock&gt;, C:\Users\alexa\OneDrive\Documents\PowerShell\Modules\Pester\5.7.1\Pester.psm1:2024
at &lt;ScriptBlock&gt;, C:\Users\alexa\OneDrive\Documents\PowerShell\Modules\Pester\5.7.1\Pester.psm1:1985
at Invoke-ScriptBlock, C:\Users\alexa\OneDrive\Documents\PowerShell\Modules\Pester\5.7.1\Pester.psm1:2157
at Invoke-TestItem, C:\Users\alexa\OneDrive\Documents\PowerShell\Modules\Pester\5.7.1\Pester.psm1:1199
at Invoke-Block, C:\Users\alexa\OneDrive\Documents\PowerShell\Modules\Pester\5.7.1\Pester.psm1:835
at &lt;ScriptBlock&gt;, C:\Users\alexa\OneDrive\Documents\PowerShell\Modules\Pester\5.7.1\Pester.psm1:893
at &lt;ScriptBlock&gt;, C:\Users\alexa\OneDrive\Documents\PowerShell\Modules\Pester\5.7.1\Pester.psm1:2024
at &lt;ScriptBlock&gt;, C:\Users\alexa\OneDrive\Documents\PowerShell\Modules\Pester\5.7.1\Pester.psm1:1985
at Invoke-ScriptBlock, C:\Users\alexa\OneDrive\Documents\PowerShell\Modules\Pester\5.7.1\Pester.psm1:2160
at Invoke-Block, C:\Users\alexa\OneDrive\Documents\PowerShell\Modules\Pester\5.7.1\Pester.psm1:940
at &lt;ScriptBlock&gt;, C:\Users\alexa\OneDrive\Documents\PowerShell\Modules\Pester\5.7.1\Pester.psm1:893
at &lt;ScriptBlock&gt;, C:\Users\alexa\OneDrive\Documents\PowerShell\Modules\Pester\5.7.1\Pester.psm1:2024
at &lt;ScriptBlock&gt;, C:\Users\alexa\OneDrive\Documents\PowerShell\Modules\Pester\5.7.1\Pester.psm1:1985
at Invoke-ScriptBlock, C:\Users\alexa\OneDrive\Documents\PowerShell\Modules\Pester\5.7.1\Pester.psm1:2160
at Invoke-Block, C:\Users\alexa\OneDrive\Documents\PowerShell\Modules\Pester\5.7.1\Pester.psm1:940
at &lt;ScriptBlock&gt;, C:\Users\alexa\OneDrive\Documents\PowerShell\Modules\Pester\5.7.1\Pester.psm1:893
at &lt;ScriptBlock&gt;, C:\Users\alexa\OneDrive\Documents\PowerShell\Modules\Pester\5.7.1\Pester.psm1:2024
at &lt;ScriptBlock&gt;, C:\Users\alexa\OneDrive\Documents\PowerShell\Modules\Pester\5.7.1\Pester.psm1:1985
at Invoke-ScriptBlock, C:\Users\alexa\OneDrive\Documents\PowerShell\Modules\Pester\5.7.1\Pester.psm1:2160
at Invoke-Block, C:\Users\alexa\OneDrive\Documents\PowerShell\Modules\Pester\5.7.1\Pester.psm1:940
at &lt;ScriptBlock&gt;, C:\Users\alexa\OneDrive\Documents\PowerShell\Modules\Pester\5.7.1\Pester.psm1:1688
at &lt;ScriptBlock&gt;, C:\Users\alexa\OneDrive\Documents\PowerShell\Modules\Pester\5.7.1\Pester.ps1:3
at &lt;ScriptBlock&gt;, C:\Users\alexa\OneDrive\Documents\PowerShell\Modules\Pester\5.7.1\Pester.psm1:3260
at Invoke-InNewScriptScope, C:\Users\alexa\OneDrive\Documents\PowerShell\Modules\Pester\5.7.1\Pester.psm1:3267
at Run-Test, C:\Users\alexa\OneDrive\Documents\PowerShell\Modules\Pester\5.7.1\Pester.psm1:1691
at Invoke-Test, C:\Users\alexa\OneDrive\Documents\PowerShell\Modules\Pester\5.7.1\Pester.psm1:2512
at Invoke-Pester&lt;End&gt;, C:\Users\alexa\OneDrive\Documents\PowerShell\Modules\Pester\5.7.1\Pester.psm1:4960
at &lt;ScriptBlock&gt;, &lt;No file&gt;:1</stack-trace>
                    </failure>
                  </test-case>
                  <test-case description="Should have Python configuration" name="Project Structure and Integration Tests.Configuration Files.Should have Python configuration" time="0.1199" asserts="0" success="False" result="Failure" executed="True">
                    <failure>
                      <message>RuntimeException: Should operator 'Be' is not registered
CmdletInvocationException: Should operator 'Be' is not registered
CommandNotFoundException: The 'Should' command was found in the module 'Pester', but the module could not be loaded due to the following error: [Should operator 'Be' is not registered]
For more information, run 'Import-Module Pester'.</message>
                      <stack-trace>at &lt;ScriptBlock&gt;, $env:PROJECT_ROOT\tests\pester\ProjectStructure.Tests.ps1:33
at &lt;ScriptBlock&gt;, C:\Users\alexa\OneDrive\Documents\PowerShell\Modules\Pester\5.7.1\Pester.psm1:2024
at &lt;ScriptBlock&gt;, C:\Users\alexa\OneDrive\Documents\PowerShell\Modules\Pester\5.7.1\Pester.psm1:1985
at Invoke-ScriptBlock, C:\Users\alexa\OneDrive\Documents\PowerShell\Modules\Pester\5.7.1\Pester.psm1:2157
at Invoke-TestItem, C:\Users\alexa\OneDrive\Documents\PowerShell\Modules\Pester\5.7.1\Pester.psm1:1199
at Invoke-Block, C:\Users\alexa\OneDrive\Documents\PowerShell\Modules\Pester\5.7.1\Pester.psm1:835
at &lt;ScriptBlock&gt;, C:\Users\alexa\OneDrive\Documents\PowerShell\Modules\Pester\5.7.1\Pester.psm1:893
at &lt;ScriptBlock&gt;, C:\Users\alexa\OneDrive\Documents\PowerShell\Modules\Pester\5.7.1\Pester.psm1:2024
at &lt;ScriptBlock&gt;, C:\Users\alexa\OneDrive\Documents\PowerShell\Modules\Pester\5.7.1\Pester.psm1:1985
at Invoke-ScriptBlock, C:\Users\alexa\OneDrive\Documents\PowerShell\Modules\Pester\5.7.1\Pester.psm1:2160
at Invoke-Block, C:\Users\alexa\OneDrive\Documents\PowerShell\Modules\Pester\5.7.1\Pester.psm1:940
at &lt;ScriptBlock&gt;, C:\Users\alexa\OneDrive\Documents\PowerShell\Modules\Pester\5.7.1\Pester.psm1:893
at &lt;ScriptBlock&gt;, C:\Users\alexa\OneDrive\Documents\PowerShell\Modules\Pester\5.7.1\Pester.psm1:2024
at &lt;ScriptBlock&gt;, C:\Users\alexa\OneDrive\Documents\PowerShell\Modules\Pester\5.7.1\Pester.psm1:1985
at Invoke-ScriptBlock, C:\Users\alexa\OneDrive\Documents\PowerShell\Modules\Pester\5.7.1\Pester.psm1:2160
at Invoke-Block, C:\Users\alexa\OneDrive\Documents\PowerShell\Modules\Pester\5.7.1\Pester.psm1:940
at &lt;ScriptBlock&gt;, C:\Users\alexa\OneDrive\Documents\PowerShell\Modules\Pester\5.7.1\Pester.psm1:893
at &lt;ScriptBlock&gt;, C:\Users\alexa\OneDrive\Documents\PowerShell\Modules\Pester\5.7.1\Pester.psm1:2024
at &lt;ScriptBlock&gt;, C:\Users\alexa\OneDrive\Documents\PowerShell\Modules\Pester\5.7.1\Pester.psm1:1985
at Invoke-ScriptBlock, C:\Users\alexa\OneDrive\Documents\PowerShell\Modules\Pester\5.7.1\Pester.psm1:2160
at Invoke-Block, C:\Users\alexa\OneDrive\Documents\PowerShell\Modules\Pester\5.7.1\Pester.psm1:940
at &lt;ScriptBlock&gt;, C:\Users\alexa\OneDrive\Documents\PowerShell\Modules\Pester\5.7.1\Pester.psm1:1688
at &lt;ScriptBlock&gt;, C:\Users\alexa\OneDrive\Documents\PowerShell\Modules\Pester\5.7.1\Pester.ps1:3
at &lt;ScriptBlock&gt;, C:\Users\alexa\OneDrive\Documents\PowerShell\Modules\Pester\5.7.1\Pester.psm1:3260
at Invoke-InNewScriptScope, C:\Users\alexa\OneDrive\Documents\PowerShell\Modules\Pester\5.7.1\Pester.psm1:3267
at Run-Test, C:\Users\alexa\OneDrive\Documents\PowerShell\Modules\Pester\5.7.1\Pester.psm1:1691
at Invoke-Test, C:\Users\alexa\OneDrive\Documents\PowerShell\Modules\Pester\5.7.1\Pester.psm1:2512
at Invoke-Pester&lt;End&gt;, C:\Users\alexa\OneDrive\Documents\PowerShell\Modules\Pester\5.7.1\Pester.psm1:4960
at &lt;ScriptBlock&gt;, &lt;No file&gt;:1</stack-trace>
                    </failure>
                  </test-case>
                  <test-case description="Should have test configurations" name="Project Structure and Integration Tests.Configuration Files.Should have test configurations" time="0.121" asserts="0" success="False" result="Failure" executed="True">
                    <failure>
                      <message>RuntimeException: Should operator 'Be' is not registered
CmdletInvocationException: Should operator 'Be' is not registered
CommandNotFoundException: The 'Should' command was found in the module 'Pester', but the module could not be loaded due to the following error: [Should operator 'Be' is not registered]
For more information, run 'Import-Module Pester'.</message>
                      <stack-trace>at &lt;ScriptBlock&gt;, $env:PROJECT_ROOT\tests\pester\ProjectStructure.Tests.ps1:37
at &lt;ScriptBlock&gt;, C:\Users\alexa\OneDrive\Documents\PowerShell\Modules\Pester\5.7.1\Pester.psm1:2024
at &lt;ScriptBlock&gt;, C:\Users\alexa\OneDrive\Documents\PowerShell\Modules\Pester\5.7.1\Pester.psm1:1985
at Invoke-ScriptBlock, C:\Users\alexa\OneDrive\Documents\PowerShell\Modules\Pester\5.7.1\Pester.psm1:2157
at Invoke-TestItem, C:\Users\alexa\OneDrive\Documents\PowerShell\Modules\Pester\5.7.1\Pester.psm1:1199
at Invoke-Block, C:\Users\alexa\OneDrive\Documents\PowerShell\Modules\Pester\5.7.1\Pester.psm1:835
at &lt;ScriptBlock&gt;, C:\Users\alexa\OneDrive\Documents\PowerShell\Modules\Pester\5.7.1\Pester.psm1:893
at &lt;ScriptBlock&gt;, C:\Users\alexa\OneDrive\Documents\PowerShell\Modules\Pester\5.7.1\Pester.psm1:2024
at &lt;ScriptBlock&gt;, C:\Users\alexa\OneDrive\Documents\PowerShell\Modules\Pester\5.7.1\Pester.psm1:1985
at Invoke-ScriptBlock, C:\Users\alexa\OneDrive\Documents\PowerShell\Modules\Pester\5.7.1\Pester.psm1:2160
at Invoke-Block, C:\Users\alexa\OneDrive\Documents\PowerShell\Modules\Pester\5.7.1\Pester.psm1:940
at &lt;ScriptBlock&gt;, C:\Users\alexa\OneDrive\Documents\PowerShell\Modules\Pester\5.7.1\Pester.psm1:893
at &lt;ScriptBlock&gt;, C:\Users\alexa\OneDrive\Documents\PowerShell\Modules\Pester\5.7.1\Pester.psm1:2024
at &lt;ScriptBlock&gt;, C:\Users\alexa\OneDrive\Documents\PowerShell\Modules\Pester\5.7.1\Pester.psm1:1985
at Invoke-ScriptBlock, C:\Users\alexa\OneDrive\Documents\PowerShell\Modules\Pester\5.7.1\Pester.psm1:2160
at Invoke-Block, C:\Users\alexa\OneDrive\Documents\PowerShell\Modules\Pester\5.7.1\Pester.psm1:940
at &lt;ScriptBlock&gt;, C:\Users\alexa\OneDrive\Documents\PowerShell\Modules\Pester\5.7.1\Pester.psm1:893
at &lt;ScriptBlock&gt;, C:\Users\alexa\OneDrive\Documents\PowerShell\Modules\Pester\5.7.1\Pester.psm1:2024
at &lt;ScriptBlock&gt;, C:\Users\alexa\OneDrive\Documents\PowerShell\Modules\Pester\5.7.1\Pester.psm1:1985
at Invoke-ScriptBlock, C:\Users\alexa\OneDrive\Documents\PowerShell\Modules\Pester\5.7.1\Pester.psm1:2160
at Invoke-Block, C:\Users\alexa\OneDrive\Documents\PowerShell\Modules\Pester\5.7.1\Pester.psm1:940
at &lt;ScriptBlock&gt;, C:\Users\alexa\OneDrive\Documents\PowerShell\Modules\Pester\5.7.1\Pester.psm1:1688
at &lt;ScriptBlock&gt;, C:\Users\alexa\OneDrive\Documents\PowerShell\Modules\Pester\5.7.1\Pester.ps1:3
at &lt;ScriptBlock&gt;, C:\Users\alexa\OneDrive\Documents\PowerShell\Modules\Pester\5.7.1\Pester.psm1:3260
at Invoke-InNewScriptScope, C:\Users\alexa\OneDrive\Documents\PowerShell\Modules\Pester\5.7.1\Pester.psm1:3267
at Run-Test, C:\Users\alexa\OneDrive\Documents\PowerShell\Modules\Pester\5.7.1\Pester.psm1:1691
at Invoke-Test, C:\Users\alexa\OneDrive\Documents\PowerShell\Modules\Pester\5.7.1\Pester.psm1:2512
at Invoke-Pester&lt;End&gt;, C:\Users\alexa\OneDrive\Documents\PowerShell\Modules\Pester\5.7.1\Pester.psm1:4960
at &lt;ScriptBlock&gt;, &lt;No file&gt;:1</stack-trace>
                    </failure>
                  </test-case>
                </results>
              </test-suite>
              <test-suite type="TestFixture" name="Project Structure and Integration Tests.Master Test Runner" executed="True" result="Failure" success="False" time="1.2071" asserts="0" description="Project Structure and Integration Tests.Master Test Runner">
                <results>
                  <test-case description="Should have master test runner script" name="Project Structure and Integration Tests.Master Test Runner.Should have master test runner script" time="0.1169" asserts="0" success="False" result="Failure" executed="True">
                    <failure>
                      <message>RuntimeException: Should operator 'Be' is not registered
CmdletInvocationException: Should operator 'Be' is not registered
CommandNotFoundException: The 'Should' command was found in the module 'Pester', but the module could not be loaded due to the following error: [Should operator 'Be' is not registered]
For more information, run 'Import-Module Pester'.</message>
                      <stack-trace>at &lt;ScriptBlock&gt;, $env:PROJECT_ROOT\tests\pester\ProjectStructure.Tests.ps1:44
at &lt;ScriptBlock&gt;, C:\Users\alexa\OneDrive\Documents\PowerShell\Modules\Pester\5.7.1\Pester.psm1:2024
at &lt;ScriptBlock&gt;, C:\Users\alexa\OneDrive\Documents\PowerShell\Modules\Pester\5.7.1\Pester.psm1:1985
at Invoke-ScriptBlock, C:\Users\alexa\OneDrive\Documents\PowerShell\Modules\Pester\5.7.1\Pester.psm1:2157
at Invoke-TestItem, C:\Users\alexa\OneDrive\Documents\PowerShell\Modules\Pester\5.7.1\Pester.psm1:1199
at Invoke-Block, C:\Users\alexa\OneDrive\Documents\PowerShell\Modules\Pester\5.7.1\Pester.psm1:835
at &lt;ScriptBlock&gt;, C:\Users\alexa\OneDrive\Documents\PowerShell\Modules\Pester\5.7.1\Pester.psm1:893
at &lt;ScriptBlock&gt;, C:\Users\alexa\OneDrive\Documents\PowerShell\Modules\Pester\5.7.1\Pester.psm1:2024
at &lt;ScriptBlock&gt;, C:\Users\alexa\OneDrive\Documents\PowerShell\Modules\Pester\5.7.1\Pester.psm1:1985
at Invoke-ScriptBlock, C:\Users\alexa\OneDrive\Documents\PowerShell\Modules\Pester\5.7.1\Pester.psm1:2160
at Invoke-Block, C:\Users\alexa\OneDrive\Documents\PowerShell\Modules\Pester\5.7.1\Pester.psm1:940
at &lt;ScriptBlock&gt;, C:\Users\alexa\OneDrive\Documents\PowerShell\Modules\Pester\5.7.1\Pester.psm1:893
at &lt;ScriptBlock&gt;, C:\Users\alexa\OneDrive\Documents\PowerShell\Modules\Pester\5.7.1\Pester.psm1:2024
at &lt;ScriptBlock&gt;, C:\Users\alexa\OneDrive\Documents\PowerShell\Modules\Pester\5.7.1\Pester.psm1:1985
at Invoke-ScriptBlock, C:\Users\alexa\OneDrive\Documents\PowerShell\Modules\Pester\5.7.1\Pester.psm1:2160
at Invoke-Block, C:\Users\alexa\OneDrive\Documents\PowerShell\Modules\Pester\5.7.1\Pester.psm1:940
at &lt;ScriptBlock&gt;, C:\Users\alexa\OneDrive\Documents\PowerShell\Modules\Pester\5.7.1\Pester.psm1:893
at &lt;ScriptBlock&gt;, C:\Users\alexa\OneDrive\Documents\PowerShell\Modules\Pester\5.7.1\Pester.psm1:2024
at &lt;ScriptBlock&gt;, C:\Users\alexa\OneDrive\Documents\PowerShell\Modules\Pester\5.7.1\Pester.psm1:1985
at Invoke-ScriptBlock, C:\Users\alexa\OneDrive\Documents\PowerShell\Modules\Pester\5.7.1\Pester.psm1:2160
at Invoke-Block, C:\Users\alexa\OneDrive\Documents\PowerShell\Modules\Pester\5.7.1\Pester.psm1:940
at &lt;ScriptBlock&gt;, C:\Users\alexa\OneDrive\Documents\PowerShell\Modules\Pester\5.7.1\Pester.psm1:1688
at &lt;ScriptBlock&gt;, C:\Users\alexa\OneDrive\Documents\PowerShell\Modules\Pester\5.7.1\Pester.ps1:3
at &lt;ScriptBlock&gt;, C:\Users\alexa\OneDrive\Documents\PowerShell\Modules\Pester\5.7.1\Pester.psm1:3260
at Invoke-InNewScriptScope, C:\Users\alexa\OneDrive\Documents\PowerShell\Modules\Pester\5.7.1\Pester.psm1:3267
at Run-Test, C:\Users\alexa\OneDrive\Documents\PowerShell\Modules\Pester\5.7.1\Pester.psm1:1691
at Invoke-Test, C:\Users\alexa\OneDrive\Documents\PowerShell\Modules\Pester\5.7.1\Pester.psm1:2512
at Invoke-Pester&lt;End&gt;, C:\Users\alexa\OneDrive\Documents\PowerShell\Modules\Pester\5.7.1\Pester.psm1:4960
at &lt;ScriptBlock&gt;, &lt;No file&gt;:1</stack-trace>
                    </failure>
                  </test-case>
                  <test-case description="Should have test documentation" name="Project Structure and Integration Tests.Master Test Runner.Should have test documentation" time="0.1191" asserts="0" success="False" result="Failure" executed="True">
                    <failure>
                      <message>RuntimeException: Should operator 'Be' is not registered
CmdletInvocationException: Should operator 'Be' is not registered
CommandNotFoundException: The 'Should' command was found in the module 'Pester', but the module could not be loaded due to the following error: [Should operator 'Be' is not registered]
For more information, run 'Import-Module Pester'.</message>
                      <stack-trace>at &lt;ScriptBlock&gt;, $env:PROJECT_ROOT\tests\pester\ProjectStructure.Tests.ps1:48
at &lt;ScriptBlock&gt;, C:\Users\alexa\OneDrive\Documents\PowerShell\Modules\Pester\5.7.1\Pester.psm1:2024
at &lt;ScriptBlock&gt;, C:\Users\alexa\OneDrive\Documents\PowerShell\Modules\Pester\5.7.1\Pester.psm1:1985
at Invoke-ScriptBlock, C:\Users\alexa\OneDrive\Documents\PowerShell\Modules\Pester\5.7.1\Pester.psm1:2157
at Invoke-TestItem, C:\Users\alexa\OneDrive\Documents\PowerShell\Modules\Pester\5.7.1\Pester.psm1:1199
at Invoke-Block, C:\Users\alexa\OneDrive\Documents\PowerShell\Modules\Pester\5.7.1\Pester.psm1:835
at &lt;ScriptBlock&gt;, C:\Users\alexa\OneDrive\Documents\PowerShell\Modules\Pester\5.7.1\Pester.psm1:893
at &lt;ScriptBlock&gt;, C:\Users\alexa\OneDrive\Documents\PowerShell\Modules\Pester\5.7.1\Pester.psm1:2024
at &lt;ScriptBlock&gt;, C:\Users\alexa\OneDrive\Documents\PowerShell\Modules\Pester\5.7.1\Pester.psm1:1985
at Invoke-ScriptBlock, C:\Users\alexa\OneDrive\Documents\PowerShell\Modules\Pester\5.7.1\Pester.psm1:2160
at Invoke-Block, C:\Users\alexa\OneDrive\Documents\PowerShell\Modules\Pester\5.7.1\Pester.psm1:940
at &lt;ScriptBlock&gt;, C:\Users\alexa\OneDrive\Documents\PowerShell\Modules\Pester\5.7.1\Pester.psm1:893
at &lt;ScriptBlock&gt;, C:\Users\alexa\OneDrive\Documents\PowerShell\Modules\Pester\5.7.1\Pester.psm1:2024
at &lt;ScriptBlock&gt;, C:\Users\alexa\OneDrive\Documents\PowerShell\Modules\Pester\5.7.1\Pester.psm1:1985
at Invoke-ScriptBlock, C:\Users\alexa\OneDrive\Documents\PowerShell\Modules\Pester\5.7.1\Pester.psm1:2160
at Invoke-Block, C:\Users\alexa\OneDrive\Documents\PowerShell\Modules\Pester\5.7.1\Pester.psm1:940
at &lt;ScriptBlock&gt;, C:\Users\alexa\OneDrive\Documents\PowerShell\Modules\Pester\5.7.1\Pester.psm1:893
at &lt;ScriptBlock&gt;, C:\Users\alexa\OneDrive\Documents\PowerShell\Modules\Pester\5.7.1\Pester.psm1:2024
at &lt;ScriptBlock&gt;, C:\Users\alexa\OneDrive\Documents\PowerShell\Modules\Pester\5.7.1\Pester.psm1:1985
at Invoke-ScriptBlock, C:\Users\alexa\OneDrive\Documents\PowerShell\Modules\Pester\5.7.1\Pester.psm1:2160
at Invoke-Block, C:\Users\alexa\OneDrive\Documents\PowerShell\Modules\Pester\5.7.1\Pester.psm1:940
at &lt;ScriptBlock&gt;, C:\Users\alexa\OneDrive\Documents\PowerShell\Modules\Pester\5.7.1\Pester.psm1:1688
at &lt;ScriptBlock&gt;, C:\Users\alexa\OneDrive\Documents\PowerShell\Modules\Pester\5.7.1\Pester.ps1:3
at &lt;ScriptBlock&gt;, C:\Users\alexa\OneDrive\Documents\PowerShell\Modules\Pester\5.7.1\Pester.psm1:3260
at Invoke-InNewScriptScope, C:\Users\alexa\OneDrive\Documents\PowerShell\Modules\Pester\5.7.1\Pester.psm1:3267
at Run-Test, C:\Users\alexa\OneDrive\Documents\PowerShell\Modules\Pester\5.7.1\Pester.psm1:1691
at Invoke-Test, C:\Users\alexa\OneDrive\Documents\PowerShell\Modules\Pester\5.7.1\Pester.psm1:2512
at Invoke-Pester&lt;End&gt;, C:\Users\alexa\OneDrive\Documents\PowerShell\Modules\Pester\5.7.1\Pester.psm1:4960
at &lt;ScriptBlock&gt;, &lt;No file&gt;:1</stack-trace>
                    </failure>
                  </test-case>
                  <test-case description="Should be able to execute test runner script" name="Project Structure and Integration Tests.Master Test Runner.Should be able to execute test runner script" time="0.1224" asserts="0" success="False" result="Failure" executed="True">
                    <failure>
                      <message>RuntimeException: Should operator 'Be' is not registered
CmdletInvocationException: Should operator 'Be' is not registered
CommandNotFoundException: The 'Should' command was found in the module 'Pester', but the module could not be loaded due to the following error: [Should operator 'Be' is not registered]
For more information, run 'Import-Module Pester'.</message>
                      <stack-trace>at &lt;ScriptBlock&gt;, $env:PROJECT_ROOT\tests\pester\ProjectStructure.Tests.ps1:52
at &lt;ScriptBlock&gt;, C:\Users\alexa\OneDrive\Documents\PowerShell\Modules\Pester\5.7.1\Pester.psm1:2024
at &lt;ScriptBlock&gt;, C:\Users\alexa\OneDrive\Documents\PowerShell\Modules\Pester\5.7.1\Pester.psm1:1985
at Invoke-ScriptBlock, C:\Users\alexa\OneDrive\Documents\PowerShell\Modules\Pester\5.7.1\Pester.psm1:2157
at Invoke-TestItem, C:\Users\alexa\OneDrive\Documents\PowerShell\Modules\Pester\5.7.1\Pester.psm1:1199
at Invoke-Block, C:\Users\alexa\OneDrive\Documents\PowerShell\Modules\Pester\5.7.1\Pester.psm1:835
at &lt;ScriptBlock&gt;, C:\Users\alexa\OneDrive\Documents\PowerShell\Modules\Pester\5.7.1\Pester.psm1:893
at &lt;ScriptBlock&gt;, C:\Users\alexa\OneDrive\Documents\PowerShell\Modules\Pester\5.7.1\Pester.psm1:2024
at &lt;ScriptBlock&gt;, C:\Users\alexa\OneDrive\Documents\PowerShell\Modules\Pester\5.7.1\Pester.psm1:1985
at Invoke-ScriptBlock, C:\Users\alexa\OneDrive\Documents\PowerShell\Modules\Pester\5.7.1\Pester.psm1:2160
at Invoke-Block, C:\Users\alexa\OneDrive\Documents\PowerShell\Modules\Pester\5.7.1\Pester.psm1:940
at &lt;ScriptBlock&gt;, C:\Users\alexa\OneDrive\Documents\PowerShell\Modules\Pester\5.7.1\Pester.psm1:893
at &lt;ScriptBlock&gt;, C:\Users\alexa\OneDrive\Documents\PowerShell\Modules\Pester\5.7.1\Pester.psm1:2024
at &lt;ScriptBlock&gt;, C:\Users\alexa\OneDrive\Documents\PowerShell\Modules\Pester\5.7.1\Pester.psm1:1985
at Invoke-ScriptBlock, C:\Users\alexa\OneDrive\Documents\PowerShell\Modules\Pester\5.7.1\Pester.psm1:2160
at Invoke-Block, C:\Users\alexa\OneDrive\Documents\PowerShell\Modules\Pester\5.7.1\Pester.psm1:940
at &lt;ScriptBlock&gt;, C:\Users\alexa\OneDrive\Documents\PowerShell\Modules\Pester\5.7.1\Pester.psm1:893
at &lt;ScriptBlock&gt;, C:\Users\alexa\OneDrive\Documents\PowerShell\Modules\Pester\5.7.1\Pester.psm1:2024
at &lt;ScriptBlock&gt;, C:\Users\alexa\OneDrive\Documents\PowerShell\Modules\Pester\5.7.1\Pester.psm1:1985
at Invoke-ScriptBlock, C:\Users\alexa\OneDrive\Documents\PowerShell\Modules\Pester\5.7.1\Pester.psm1:2160
at Invoke-Block, C:\Users\alexa\OneDrive\Documents\PowerShell\Modules\Pester\5.7.1\Pester.psm1:940
at &lt;ScriptBlock&gt;, C:\Users\alexa\OneDrive\Documents\PowerShell\Modules\Pester\5.7.1\Pester.psm1:1688
at &lt;ScriptBlock&gt;, C:\Users\alexa\OneDrive\Documents\PowerShell\Modules\Pester\5.7.1\Pester.ps1:3
at &lt;ScriptBlock&gt;, C:\Users\alexa\OneDrive\Documents\PowerShell\Modules\Pester\5.7.1\Pester.psm1:3260
at Invoke-InNewScriptScope, C:\Users\alexa\OneDrive\Documents\PowerShell\Modules\Pester\5.7.1\Pester.psm1:3267
at Run-Test, C:\Users\alexa\OneDrive\Documents\PowerShell\Modules\Pester\5.7.1\Pester.psm1:1691
at Invoke-Test, C:\Users\alexa\OneDrive\Documents\PowerShell\Modules\Pester\5.7.1\Pester.psm1:2512
at Invoke-Pester&lt;End&gt;, C:\Users\alexa\OneDrive\Documents\PowerShell\Modules\Pester\5.7.1\Pester.psm1:4960
at &lt;ScriptBlock&gt;, &lt;No file&gt;:1</stack-trace>
                    </failure>
                  </test-case>
                </results>
              </test-suite>
              <test-suite type="TestFixture" name="Project Structure and Integration Tests.Integration Validation" executed="True" result="Success" success="True" time="1.2505" asserts="0" description="Project Structure and Integration Tests.Integration Validation">
                <results>
                  <test-case description="Should have consistent module naming or valid variations" name="Project Structure and Integration Tests.Integration Validation.Should have consistent module naming or valid variations" time="0.0198" asserts="0" success="True" result="Success" executed="True" />
                  <test-case description="Should have Python modules with __init__.py files" name="Project Structure and Integration Tests.Integration Validation.Should have Python modules with __init__.py files" time="0.0104" asserts="0" success="True" result="Success" executed="True" />
                  <test-case description="Should have no obvious syntax errors in PowerShell files" name="Project Structure and Integration Tests.Integration Validation.Should have no obvious syntax errors in PowerShell files" time="0.0107" asserts="0" success="True" result="Success" executed="True" />
                </results>
              </test-suite>
            </results>
          </test-suite>
        </results>
      </test-suite>
    </results>
  </test-suite>
</test-results>